<?xml version="1.0" encoding="UTF-8"?>
<testsuite xmlns:xsi="http://www.w3.org/2001/XMLSchema-instance" xsi:noNamespaceSchemaLocation="https://maven.apache.org/surefire/maven-surefire-plugin/xsd/surefire-test-report-3.0.xsd" version="3.0" name="dev.hond0n.rogue.action.MoveTest" time="0.006" tests="1" errors="0" skipped="0" failures="0">
  <properties>
    <property name="sun.desktop" value="gnome"/>
    <property name="awt.toolkit" value="sun.awt.X11.XToolkit"/>
    <property name="java.specification.version" value="11"/>
    <property name="sun.cpu.isalist" value=""/>
    <property name="sun.jnu.encoding" value="UTF-8"/>
    <property name="java.class.path" value="/home/augusto/rogue/target/test-classes:/home/augusto/rogue/target/classes:/home/augusto/.m2/repository/com/badlogicgames/gdx/gdx-box2d-platform/1.10.0/gdx-box2d-platform-1.10.0-natives-desktop.jar:/home/augusto/.m2/repository/com/badlogicgames/gdx/gdx-platform/1.10.0/gdx-platform-1.10.0-natives-desktop.jar:/home/augusto/.m2/repository/com/badlogicgames/gdx/gdx/1.10.0/gdx-1.10.0.jar:/home/augusto/.m2/repository/com/badlogicgames/gdx/gdx-backend-lwjgl3/1.10.0/gdx-backend-lwjgl3-1.10.0.jar:/home/augusto/.m2/repository/org/lwjgl/lwjgl/3.2.3/lwjgl-3.2.3.jar:/home/augusto/.m2/repository/org/lwjgl/lwjgl/3.2.3/lwjgl-3.2.3-natives-windows.jar:/home/augusto/.m2/repository/org/lwjgl/lwjgl/3.2.3/lwjgl-3.2.3-natives-windows-x86.jar:/home/augusto/.m2/repository/org/lwjgl/lwjgl/3.2.3/lwjgl-3.2.3-natives-linux.jar:/home/augusto/.m2/repository/org/lwjgl/lwjgl/3.2.3/lwjgl-3.2.3-natives-linux-arm32.jar:/home/augusto/.m2/repository/org/lwjgl/lwjgl/3.2.3/lwjgl-3.2.3-natives-linux-arm64.jar:/home/augusto/.m2/repository/org/lwjgl/lwjgl/3.2.3/lwjgl-3.2.3-natives-macos.jar:/home/augusto/.m2/repository/org/lwjgl/lwjgl-glfw/3.2.3/lwjgl-glfw-3.2.3.jar:/home/augusto/.m2/repository/org/lwjgl/lwjgl-glfw/3.2.3/lwjgl-glfw-3.2.3-natives-windows.jar:/home/augusto/.m2/repository/org/lwjgl/lwjgl-glfw/3.2.3/lwjgl-glfw-3.2.3-natives-windows-x86.jar:/home/augusto/.m2/repository/org/lwjgl/lwjgl-glfw/3.2.3/lwjgl-glfw-3.2.3-natives-linux.jar:/home/augusto/.m2/repository/org/lwjgl/lwjgl-glfw/3.2.3/lwjgl-glfw-3.2.3-natives-linux-arm32.jar:/home/augusto/.m2/repository/org/lwjgl/lwjgl-glfw/3.2.3/lwjgl-glfw-3.2.3-natives-linux-arm64.jar:/home/augusto/.m2/repository/org/lwjgl/lwjgl-glfw/3.2.3/lwjgl-glfw-3.2.3-natives-macos.jar:/home/augusto/.m2/repository/org/lwjgl/lwjgl-jemalloc/3.2.3/lwjgl-jemalloc-3.2.3.jar:/home/augusto/.m2/repository/org/lwjgl/lwjgl-jemalloc/3.2.3/lwjgl-jemalloc-3.2.3-natives-windows.jar:/home/augusto/.m2/repository/org/lwjgl/lwjgl-jemalloc/3.2.3/lwjgl-jemalloc-3.2.3-natives-windows-x86.jar:/home/augusto/.m2/repository/org/lwjgl/lwjgl-jemalloc/3.2.3/lwjgl-jemalloc-3.2.3-natives-linux.jar:/home/augusto/.m2/repository/org/lwjgl/lwjgl-jemalloc/3.2.3/lwjgl-jemalloc-3.2.3-natives-linux-arm32.jar:/home/augusto/.m2/repository/org/lwjgl/lwjgl-jemalloc/3.2.3/lwjgl-jemalloc-3.2.3-natives-linux-arm64.jar:/home/augusto/.m2/repository/org/lwjgl/lwjgl-jemalloc/3.2.3/lwjgl-jemalloc-3.2.3-natives-macos.jar:/home/augusto/.m2/repository/org/lwjgl/lwjgl-opengl/3.2.3/lwjgl-opengl-3.2.3.jar:/home/augusto/.m2/repository/org/lwjgl/lwjgl-opengl/3.2.3/lwjgl-opengl-3.2.3-natives-windows.jar:/home/augusto/.m2/repository/org/lwjgl/lwjgl-opengl/3.2.3/lwjgl-opengl-3.2.3-natives-windows-x86.jar:/home/augusto/.m2/repository/org/lwjgl/lwjgl-opengl/3.2.3/lwjgl-opengl-3.2.3-natives-linux.jar:/home/augusto/.m2/repository/org/lwjgl/lwjgl-opengl/3.2.3/lwjgl-opengl-3.2.3-natives-linux-arm32.jar:/home/augusto/.m2/repository/org/lwjgl/lwjgl-opengl/3.2.3/lwjgl-opengl-3.2.3-natives-linux-arm64.jar:/home/augusto/.m2/repository/org/lwjgl/lwjgl-opengl/3.2.3/lwjgl-opengl-3.2.3-natives-macos.jar:/home/augusto/.m2/repository/org/lwjgl/lwjgl-openal/3.2.3/lwjgl-openal-3.2.3.jar:/home/augusto/.m2/repository/org/lwjgl/lwjgl-openal/3.2.3/lwjgl-openal-3.2.3-natives-windows.jar:/home/augusto/.m2/repository/org/lwjgl/lwjgl-openal/3.2.3/lwjgl-openal-3.2.3-natives-windows-x86.jar:/home/augusto/.m2/repository/org/lwjgl/lwjgl-openal/3.2.3/lwjgl-openal-3.2.3-natives-linux.jar:/home/augusto/.m2/repository/org/lwjgl/lwjgl-openal/3.2.3/lwjgl-openal-3.2.3-natives-linux-arm32.jar:/home/augusto/.m2/repository/org/lwjgl/lwjgl-openal/3.2.3/lwjgl-openal-3.2.3-natives-linux-arm64.jar:/home/augusto/.m2/repository/org/lwjgl/lwjgl-openal/3.2.3/lwjgl-openal-3.2.3-natives-macos.jar:/home/augusto/.m2/repository/com/badlogicgames/jlayer/jlayer/1.0.1-gdx/jlayer-1.0.1-gdx.jar:/home/augusto/.m2/repository/org/jcraft/jorbis/0.0.17/jorbis-0.0.17.jar:/home/augusto/.m2/repository/com/badlogicgames/gdx/gdx-box2d-platform/1.10.0/gdx-box2d-platform-1.10.0.jar:/home/augusto/.m2/repository/com/badlogicgames/box2dlights/box2dlights/1.5/box2dlights-1.5.jar:/home/augusto/.m2/repository/com/badlogicgames/gdx/gdx-box2d/1.6.2/gdx-box2d-1.6.2.jar:/home/augusto/.m2/repository/com/badlogicgames/gdx/gdx-openal/0.9.9/gdx-openal-0.9.9.jar:/home/augusto/.m2/repository/org/lwjgl/lwjgl/lwjgl/2.9.0/lwjgl-2.9.0.jar:/home/augusto/.m2/repository/org/lwjgl/lwjgl/lwjgl-platform/2.9.0/lwjgl-platform-2.9.0-natives-windows.jar:/home/augusto/.m2/repository/org/lwjgl/lwjgl/lwjgl-platform/2.9.0/lwjgl-platform-2.9.0-natives-linux.jar:/home/augusto/.m2/repository/org/lwjgl/lwjgl/lwjgl-platform/2.9.0/lwjgl-platform-2.9.0-natives-osx.jar:/home/augusto/.m2/repository/net/java/jinput/jinput/2.0.5/jinput-2.0.5.jar:/home/augusto/.m2/repository/net/java/jutils/jutils/1.0.0/jutils-1.0.0.jar:/home/augusto/.m2/repository/net/java/jinput/jinput-platform/2.0.5/jinput-platform-2.0.5-natives-linux.jar:/home/augusto/.m2/repository/net/java/jinput/jinput-platform/2.0.5/jinput-platform-2.0.5-natives-windows.jar:/home/augusto/.m2/repository/net/java/jinput/jinput-platform/2.0.5/jinput-platform-2.0.5-natives-osx.jar:/home/augusto/.m2/repository/org/junit/jupiter/junit-jupiter/5.8.2/junit-jupiter-5.8.2.jar:/home/augusto/.m2/repository/org/junit/jupiter/junit-jupiter-api/5.8.2/junit-jupiter-api-5.8.2.jar:/home/augusto/.m2/repository/org/opentest4j/opentest4j/1.2.0/opentest4j-1.2.0.jar:/home/augusto/.m2/repository/org/junit/platform/junit-platform-commons/1.8.2/junit-platform-commons-1.8.2.jar:/home/augusto/.m2/repository/org/junit/jupiter/junit-jupiter-params/5.8.2/junit-jupiter-params-5.8.2.jar:/home/augusto/.m2/repository/org/junit/platform/junit-platform-surefire-provider/1.3.2/junit-platform-surefire-provider-1.3.2.jar:/home/augusto/.m2/repository/org/apiguardian/apiguardian-api/1.0.0/apiguardian-api-1.0.0.jar:/home/augusto/.m2/repository/org/junit/platform/junit-platform-launcher/1.3.2/junit-platform-launcher-1.3.2.jar:/home/augusto/.m2/repository/org/apache/maven/surefire/surefire-api/2.22.0/surefire-api-2.22.0.jar:/home/augusto/.m2/repository/org/apache/maven/surefire/surefire-logger-api/2.22.0/surefire-logger-api-2.22.0.jar:/home/augusto/.m2/repository/org/apache/maven/surefire/common-java5/2.22.0/common-java5-2.22.0.jar:/home/augusto/.m2/repository/org/junit/jupiter/junit-jupiter-engine/5.8.2/junit-jupiter-engine-5.8.2.jar:/home/augusto/.m2/repository/org/junit/platform/junit-platform-engine/1.8.2/junit-platform-engine-1.8.2.jar:"/>
    <property name="java.vm.vendor" value="Amazon.com Inc."/>
    <property name="sun.arch.data.model" value="64"/>
    <property name="java.vendor.url" value="https://aws.amazon.com/corretto/"/>
    <property name="user.timezone" value=""/>
    <property name="java.vm.specification.version" value="11"/>
    <property name="os.name" value="Linux"/>
    <property name="sun.java.launcher" value="SUN_STANDARD"/>
    <property name="user.country" value="BR"/>
    <property name="sun.boot.library.path" value="/home/augusto/.sdkman/candidates/java/11.0.13.8.1-amzn/lib"/>
    <property name="sun.java.command" value="/home/augusto/rogue/target/surefire/surefirebooter2620297399587909022.jar /home/augusto/rogue/target/surefire 2021-12-15T13-56-27_122-jvmRun1 surefire7596834399168189836tmp surefire_02538418282210381952tmp"/>
    <property name="jdk.debug" value="release"/>
    <property name="surefire.test.class.path" value="/home/augusto/rogue/target/test-classes:/home/augusto/rogue/target/classes:/home/augusto/.m2/repository/com/badlogicgames/gdx/gdx-box2d-platform/1.10.0/gdx-box2d-platform-1.10.0-natives-desktop.jar:/home/augusto/.m2/repository/com/badlogicgames/gdx/gdx-platform/1.10.0/gdx-platform-1.10.0-natives-desktop.jar:/home/augusto/.m2/repository/com/badlogicgames/gdx/gdx/1.10.0/gdx-1.10.0.jar:/home/augusto/.m2/repository/com/badlogicgames/gdx/gdx-backend-lwjgl3/1.10.0/gdx-backend-lwjgl3-1.10.0.jar:/home/augusto/.m2/repository/org/lwjgl/lwjgl/3.2.3/lwjgl-3.2.3.jar:/home/augusto/.m2/repository/org/lwjgl/lwjgl/3.2.3/lwjgl-3.2.3-natives-windows.jar:/home/augusto/.m2/repository/org/lwjgl/lwjgl/3.2.3/lwjgl-3.2.3-natives-windows-x86.jar:/home/augusto/.m2/repository/org/lwjgl/lwjgl/3.2.3/lwjgl-3.2.3-natives-linux.jar:/home/augusto/.m2/repository/org/lwjgl/lwjgl/3.2.3/lwjgl-3.2.3-natives-linux-arm32.jar:/home/augusto/.m2/repository/org/lwjgl/lwjgl/3.2.3/lwjgl-3.2.3-natives-linux-arm64.jar:/home/augusto/.m2/repository/org/lwjgl/lwjgl/3.2.3/lwjgl-3.2.3-natives-macos.jar:/home/augusto/.m2/repository/org/lwjgl/lwjgl-glfw/3.2.3/lwjgl-glfw-3.2.3.jar:/home/augusto/.m2/repository/org/lwjgl/lwjgl-glfw/3.2.3/lwjgl-glfw-3.2.3-natives-windows.jar:/home/augusto/.m2/repository/org/lwjgl/lwjgl-glfw/3.2.3/lwjgl-glfw-3.2.3-natives-windows-x86.jar:/home/augusto/.m2/repository/org/lwjgl/lwjgl-glfw/3.2.3/lwjgl-glfw-3.2.3-natives-linux.jar:/home/augusto/.m2/repository/org/lwjgl/lwjgl-glfw/3.2.3/lwjgl-glfw-3.2.3-natives-linux-arm32.jar:/home/augusto/.m2/repository/org/lwjgl/lwjgl-glfw/3.2.3/lwjgl-glfw-3.2.3-natives-linux-arm64.jar:/home/augusto/.m2/repository/org/lwjgl/lwjgl-glfw/3.2.3/lwjgl-glfw-3.2.3-natives-macos.jar:/home/augusto/.m2/repository/org/lwjgl/lwjgl-jemalloc/3.2.3/lwjgl-jemalloc-3.2.3.jar:/home/augusto/.m2/repository/org/lwjgl/lwjgl-jemalloc/3.2.3/lwjgl-jemalloc-3.2.3-natives-windows.jar:/home/augusto/.m2/repository/org/lwjgl/lwjgl-jemalloc/3.2.3/lwjgl-jemalloc-3.2.3-natives-windows-x86.jar:/home/augusto/.m2/repository/org/lwjgl/lwjgl-jemalloc/3.2.3/lwjgl-jemalloc-3.2.3-natives-linux.jar:/home/augusto/.m2/repository/org/lwjgl/lwjgl-jemalloc/3.2.3/lwjgl-jemalloc-3.2.3-natives-linux-arm32.jar:/home/augusto/.m2/repository/org/lwjgl/lwjgl-jemalloc/3.2.3/lwjgl-jemalloc-3.2.3-natives-linux-arm64.jar:/home/augusto/.m2/repository/org/lwjgl/lwjgl-jemalloc/3.2.3/lwjgl-jemalloc-3.2.3-natives-macos.jar:/home/augusto/.m2/repository/org/lwjgl/lwjgl-opengl/3.2.3/lwjgl-opengl-3.2.3.jar:/home/augusto/.m2/repository/org/lwjgl/lwjgl-opengl/3.2.3/lwjgl-opengl-3.2.3-natives-windows.jar:/home/augusto/.m2/repository/org/lwjgl/lwjgl-opengl/3.2.3/lwjgl-opengl-3.2.3-natives-windows-x86.jar:/home/augusto/.m2/repository/org/lwjgl/lwjgl-opengl/3.2.3/lwjgl-opengl-3.2.3-natives-linux.jar:/home/augusto/.m2/repository/org/lwjgl/lwjgl-opengl/3.2.3/lwjgl-opengl-3.2.3-natives-linux-arm32.jar:/home/augusto/.m2/repository/org/lwjgl/lwjgl-opengl/3.2.3/lwjgl-opengl-3.2.3-natives-linux-arm64.jar:/home/augusto/.m2/repository/org/lwjgl/lwjgl-opengl/3.2.3/lwjgl-opengl-3.2.3-natives-macos.jar:/home/augusto/.m2/repository/org/lwjgl/lwjgl-openal/3.2.3/lwjgl-openal-3.2.3.jar:/home/augusto/.m2/repository/org/lwjgl/lwjgl-openal/3.2.3/lwjgl-openal-3.2.3-natives-windows.jar:/home/augusto/.m2/repository/org/lwjgl/lwjgl-openal/3.2.3/lwjgl-openal-3.2.3-natives-windows-x86.jar:/home/augusto/.m2/repository/org/lwjgl/lwjgl-openal/3.2.3/lwjgl-openal-3.2.3-natives-linux.jar:/home/augusto/.m2/repository/org/lwjgl/lwjgl-openal/3.2.3/lwjgl-openal-3.2.3-natives-linux-arm32.jar:/home/augusto/.m2/repository/org/lwjgl/lwjgl-openal/3.2.3/lwjgl-openal-3.2.3-natives-linux-arm64.jar:/home/augusto/.m2/repository/org/lwjgl/lwjgl-openal/3.2.3/lwjgl-openal-3.2.3-natives-macos.jar:/home/augusto/.m2/repository/com/badlogicgames/jlayer/jlayer/1.0.1-gdx/jlayer-1.0.1-gdx.jar:/home/augusto/.m2/repository/org/jcraft/jorbis/0.0.17/jorbis-0.0.17.jar:/home/augusto/.m2/repository/com/badlogicgames/gdx/gdx-box2d-platform/1.10.0/gdx-box2d-platform-1.10.0.jar:/home/augusto/.m2/repository/com/badlogicgames/box2dlights/box2dlights/1.5/box2dlights-1.5.jar:/home/augusto/.m2/repository/com/badlogicgames/gdx/gdx-box2d/1.6.2/gdx-box2d-1.6.2.jar:/home/augusto/.m2/repository/com/badlogicgames/gdx/gdx-openal/0.9.9/gdx-openal-0.9.9.jar:/home/augusto/.m2/repository/org/lwjgl/lwjgl/lwjgl/2.9.0/lwjgl-2.9.0.jar:/home/augusto/.m2/repository/org/lwjgl/lwjgl/lwjgl-platform/2.9.0/lwjgl-platform-2.9.0-natives-windows.jar:/home/augusto/.m2/repository/org/lwjgl/lwjgl/lwjgl-platform/2.9.0/lwjgl-platform-2.9.0-natives-linux.jar:/home/augusto/.m2/repository/org/lwjgl/lwjgl/lwjgl-platform/2.9.0/lwjgl-platform-2.9.0-natives-osx.jar:/home/augusto/.m2/repository/net/java/jinput/jinput/2.0.5/jinput-2.0.5.jar:/home/augusto/.m2/repository/net/java/jutils/jutils/1.0.0/jutils-1.0.0.jar:/home/augusto/.m2/repository/net/java/jinput/jinput-platform/2.0.5/jinput-platform-2.0.5-natives-linux.jar:/home/augusto/.m2/repository/net/java/jinput/jinput-platform/2.0.5/jinput-platform-2.0.5-natives-windows.jar:/home/augusto/.m2/repository/net/java/jinput/jinput-platform/2.0.5/jinput-platform-2.0.5-natives-osx.jar:/home/augusto/.m2/repository/org/junit/jupiter/junit-jupiter/5.8.2/junit-jupiter-5.8.2.jar:/home/augusto/.m2/repository/org/junit/jupiter/junit-jupiter-api/5.8.2/junit-jupiter-api-5.8.2.jar:/home/augusto/.m2/repository/org/opentest4j/opentest4j/1.2.0/opentest4j-1.2.0.jar:/home/augusto/.m2/repository/org/junit/platform/junit-platform-commons/1.8.2/junit-platform-commons-1.8.2.jar:/home/augusto/.m2/repository/org/junit/jupiter/junit-jupiter-params/5.8.2/junit-jupiter-params-5.8.2.jar:/home/augusto/.m2/repository/org/junit/platform/junit-platform-surefire-provider/1.3.2/junit-platform-surefire-provider-1.3.2.jar:/home/augusto/.m2/repository/org/apiguardian/apiguardian-api/1.0.0/apiguardian-api-1.0.0.jar:/home/augusto/.m2/repository/org/junit/platform/junit-platform-launcher/1.3.2/junit-platform-launcher-1.3.2.jar:/home/augusto/.m2/repository/org/apache/maven/surefire/surefire-api/2.22.0/surefire-api-2.22.0.jar:/home/augusto/.m2/repository/org/apache/maven/surefire/surefire-logger-api/2.22.0/surefire-logger-api-2.22.0.jar:/home/augusto/.m2/repository/org/apache/maven/surefire/common-java5/2.22.0/common-java5-2.22.0.jar:/home/augusto/.m2/repository/org/junit/jupiter/junit-jupiter-engine/5.8.2/junit-jupiter-engine-5.8.2.jar:/home/augusto/.m2/repository/org/junit/platform/junit-platform-engine/1.8.2/junit-platform-engine-1.8.2.jar:"/>
    <property name="sun.cpu.endian" value="little"/>
    <property name="user.home" value="/home/augusto"/>
    <property name="user.language" value="pt"/>
    <property name="java.specification.vendor" value="Oracle Corporation"/>
    <property name="java.version.date" value="2021-10-19"/>
    <property name="java.home" value="/home/augusto/.sdkman/candidates/java/11.0.13.8.1-amzn"/>
    <property name="file.separator" value="/"/>
    <property name="basedir" value="/home/augusto/rogue"/>
    <property name="java.vm.compressedOopsMode" value="Zero based"/>
    <property name="line.separator" value="&#10;"/>
    <property name="java.specification.name" value="Java Platform API Specification"/>
    <property name="java.vm.specification.vendor" value="Oracle Corporation"/>
    <property name="java.awt.graphicsenv" value="sun.awt.X11GraphicsEnvironment"/>
    <property name="surefire.real.class.path" value="/home/augusto/rogue/target/surefire/surefirebooter2620297399587909022.jar"/>
    <property name="sun.management.compiler" value="HotSpot 64-Bit Tiered Compilers"/>
    <property name="java.runtime.version" value="11.0.13+8-LTS"/>
    <property name="user.name" value="augusto"/>
    <property name="path.separator" value=":"/>
    <property name="os.version" value="5.14.14-200.fc34.x86_64"/>
    <property name="java.runtime.name" value="OpenJDK Runtime Environment"/>
    <property name="file.encoding" value="UTF-8"/>
    <property name="java.vm.name" value="OpenJDK 64-Bit Server VM"/>
    <property name="java.vendor.version" value="Corretto-11.0.13.8.1"/>
    <property name="localRepository" value="/home/augusto/.m2/repository"/>
    <property name="java.vendor.url.bug" value="https://github.com/corretto/corretto-11/issues/"/>
    <property name="java.io.tmpdir" value="/tmp"/>
    <property name="java.version" value="11.0.13"/>
    <property name="user.dir" value="/home/augusto/rogue"/>
    <property name="os.arch" value="amd64"/>
    <property name="java.vm.specification.name" value="Java Virtual Machine Specification"/>
    <property name="java.awt.printerjob" value="sun.print.PSPrinterJob"/>
    <property name="sun.os.patch.level" value="unknown"/>
    <property name="java.library.path" value="/usr/java/packages/lib:/usr/lib64:/lib64:/lib:/usr/lib"/>
    <property name="java.vm.info" value="mixed mode"/>
    <property name="java.vendor" value="Amazon.com Inc."/>
    <property name="java.vm.version" value="11.0.13+8-LTS"/>
    <property name="sun.io.unicode.encoding" value="UnicodeLittle"/>
    <property name="java.class.version" value="55.0"/>
  </properties>
  <testcase name="run" classname="dev.hond0n.rogue.action.MoveTest" time="0.004"/>
</testsuite>