<?xml version="1.0" encoding="UTF-8"?>
<testsuite xmlns:xsi="http://www.w3.org/2001/XMLSchema-instance" xsi:noNamespaceSchemaLocation="https://maven.apache.org/surefire/maven-surefire-plugin/xsd/surefire-test-report-3.0.xsd" version="3.0" name="dev.hond0n.rogue.world.heuristic.genetic.SolutionTest" time="49.157" tests="1" errors="0" skipped="0" failures="0">
  <properties>
    <property name="sun.desktop" value="gnome"/>
    <property name="awt.toolkit" value="sun.awt.X11.XToolkit"/>
    <property name="java.specification.version" value="11"/>
    <property name="sun.cpu.isalist" value=""/>
    <property name="sun.jnu.encoding" value="UTF-8"/>
    <property name="java.class.path" value="/home/augusto/rogue/target/test-classes:/home/augusto/rogue/target/classes:/home/augusto/.m2/repository/com/badlogicgames/gdx/gdx-box2d-platform/1.10.0/gdx-box2d-platform-1.10.0-natives-desktop.jar:/home/augusto/.m2/repository/com/badlogicgames/gdx/gdx-platform/1.10.0/gdx-platform-1.10.0-natives-desktop.jar:/home/augusto/.m2/repository/com/badlogicgames/gdx/gdx/1.10.0/gdx-1.10.0.jar:/home/augusto/.m2/repository/com/badlogicgames/gdx/gdx-backend-lwjgl3/1.10.0/gdx-backend-lwjgl3-1.10.0.jar:/home/augusto/.m2/repository/org/lwjgl/lwjgl/3.2.3/lwjgl-3.2.3.jar:/home/augusto/.m2/repository/org/lwjgl/lwjgl/3.2.3/lwjgl-3.2.3-natives-windows.jar:/home/augusto/.m2/repository/org/lwjgl/lwjgl/3.2.3/lwjgl-3.2.3-natives-windows-x86.jar:/home/augusto/.m2/repository/org/lwjgl/lwjgl/3.2.3/lwjgl-3.2.3-natives-linux.jar:/home/augusto/.m2/repository/org/lwjgl/lwjgl/3.2.3/lwjgl-3.2.3-natives-linux-arm32.jar:/home/augusto/.m2/repository/org/lwjgl/lwjgl/3.2.3/lwjgl-3.2.3-natives-linux-arm64.jar:/home/augusto/.m2/repository/org/lwjgl/lwjgl/3.2.3/lwjgl-3.2.3-natives-macos.jar:/home/augusto/.m2/repository/org/lwjgl/lwjgl-glfw/3.2.3/lwjgl-glfw-3.2.3.jar:/home/augusto/.m2/repository/org/lwjgl/lwjgl-glfw/3.2.3/lwjgl-glfw-3.2.3-natives-windows.jar:/home/augusto/.m2/repository/org/lwjgl/lwjgl-glfw/3.2.3/lwjgl-glfw-3.2.3-natives-windows-x86.jar:/home/augusto/.m2/repository/org/lwjgl/lwjgl-glfw/3.2.3/lwjgl-glfw-3.2.3-natives-linux.jar:/home/augusto/.m2/repository/org/lwjgl/lwjgl-glfw/3.2.3/lwjgl-glfw-3.2.3-natives-linux-arm32.jar:/home/augusto/.m2/repository/org/lwjgl/lwjgl-glfw/3.2.3/lwjgl-glfw-3.2.3-natives-linux-arm64.jar:/home/augusto/.m2/repository/org/lwjgl/lwjgl-glfw/3.2.3/lwjgl-glfw-3.2.3-natives-macos.jar:/home/augusto/.m2/repository/org/lwjgl/lwjgl-jemalloc/3.2.3/lwjgl-jemalloc-3.2.3.jar:/home/augusto/.m2/repository/org/lwjgl/lwjgl-jemalloc/3.2.3/lwjgl-jemalloc-3.2.3-natives-windows.jar:/home/augusto/.m2/repository/org/lwjgl/lwjgl-jemalloc/3.2.3/lwjgl-jemalloc-3.2.3-natives-windows-x86.jar:/home/augusto/.m2/repository/org/lwjgl/lwjgl-jemalloc/3.2.3/lwjgl-jemalloc-3.2.3-natives-linux.jar:/home/augusto/.m2/repository/org/lwjgl/lwjgl-jemalloc/3.2.3/lwjgl-jemalloc-3.2.3-natives-linux-arm32.jar:/home/augusto/.m2/repository/org/lwjgl/lwjgl-jemalloc/3.2.3/lwjgl-jemalloc-3.2.3-natives-linux-arm64.jar:/home/augusto/.m2/repository/org/lwjgl/lwjgl-jemalloc/3.2.3/lwjgl-jemalloc-3.2.3-natives-macos.jar:/home/augusto/.m2/repository/org/lwjgl/lwjgl-opengl/3.2.3/lwjgl-opengl-3.2.3.jar:/home/augusto/.m2/repository/org/lwjgl/lwjgl-opengl/3.2.3/lwjgl-opengl-3.2.3-natives-windows.jar:/home/augusto/.m2/repository/org/lwjgl/lwjgl-opengl/3.2.3/lwjgl-opengl-3.2.3-natives-windows-x86.jar:/home/augusto/.m2/repository/org/lwjgl/lwjgl-opengl/3.2.3/lwjgl-opengl-3.2.3-natives-linux.jar:/home/augusto/.m2/repository/org/lwjgl/lwjgl-opengl/3.2.3/lwjgl-opengl-3.2.3-natives-linux-arm32.jar:/home/augusto/.m2/repository/org/lwjgl/lwjgl-opengl/3.2.3/lwjgl-opengl-3.2.3-natives-linux-arm64.jar:/home/augusto/.m2/repository/org/lwjgl/lwjgl-opengl/3.2.3/lwjgl-opengl-3.2.3-natives-macos.jar:/home/augusto/.m2/repository/org/lwjgl/lwjgl-openal/3.2.3/lwjgl-openal-3.2.3.jar:/home/augusto/.m2/repository/org/lwjgl/lwjgl-openal/3.2.3/lwjgl-openal-3.2.3-natives-windows.jar:/home/augusto/.m2/repository/org/lwjgl/lwjgl-openal/3.2.3/lwjgl-openal-3.2.3-natives-windows-x86.jar:/home/augusto/.m2/repository/org/lwjgl/lwjgl-openal/3.2.3/lwjgl-openal-3.2.3-natives-linux.jar:/home/augusto/.m2/repository/org/lwjgl/lwjgl-openal/3.2.3/lwjgl-openal-3.2.3-natives-linux-arm32.jar:/home/augusto/.m2/repository/org/lwjgl/lwjgl-openal/3.2.3/lwjgl-openal-3.2.3-natives-linux-arm64.jar:/home/augusto/.m2/repository/org/lwjgl/lwjgl-openal/3.2.3/lwjgl-openal-3.2.3-natives-macos.jar:/home/augusto/.m2/repository/com/badlogicgames/jlayer/jlayer/1.0.1-gdx/jlayer-1.0.1-gdx.jar:/home/augusto/.m2/repository/org/jcraft/jorbis/0.0.17/jorbis-0.0.17.jar:/home/augusto/.m2/repository/com/badlogicgames/gdx/gdx-box2d-platform/1.10.0/gdx-box2d-platform-1.10.0.jar:/home/augusto/.m2/repository/com/badlogicgames/box2dlights/box2dlights/1.5/box2dlights-1.5.jar:/home/augusto/.m2/repository/com/badlogicgames/gdx/gdx-box2d/1.6.2/gdx-box2d-1.6.2.jar:/home/augusto/.m2/repository/com/badlogicgames/gdx/gdx-openal/0.9.9/gdx-openal-0.9.9.jar:/home/augusto/.m2/repository/org/lwjgl/lwjgl/lwjgl/2.9.0/lwjgl-2.9.0.jar:/home/augusto/.m2/repository/org/lwjgl/lwjgl/lwjgl-platform/2.9.0/lwjgl-platform-2.9.0-natives-windows.jar:/home/augusto/.m2/repository/org/lwjgl/lwjgl/lwjgl-platform/2.9.0/lwjgl-platform-2.9.0-natives-linux.jar:/home/augusto/.m2/repository/org/lwjgl/lwjgl/lwjgl-platform/2.9.0/lwjgl-platform-2.9.0-natives-osx.jar:/home/augusto/.m2/repository/net/java/jinput/jinput/2.0.5/jinput-2.0.5.jar:/home/augusto/.m2/repository/net/java/jutils/jutils/1.0.0/jutils-1.0.0.jar:/home/augusto/.m2/repository/net/java/jinput/jinput-platform/2.0.5/jinput-platform-2.0.5-natives-linux.jar:/home/augusto/.m2/repository/net/java/jinput/jinput-platform/2.0.5/jinput-platform-2.0.5-natives-windows.jar:/home/augusto/.m2/repository/net/java/jinput/jinput-platform/2.0.5/jinput-platform-2.0.5-natives-osx.jar:/home/augusto/.m2/repository/org/junit/jupiter/junit-jupiter/5.8.2/junit-jupiter-5.8.2.jar:/home/augusto/.m2/repository/org/junit/jupiter/junit-jupiter-api/5.8.2/junit-jupiter-api-5.8.2.jar:/home/augusto/.m2/repository/org/opentest4j/opentest4j/1.2.0/opentest4j-1.2.0.jar:/home/augusto/.m2/repository/org/junit/platform/junit-platform-commons/1.8.2/junit-platform-commons-1.8.2.jar:/home/augusto/.m2/repository/org/junit/jupiter/junit-jupiter-params/5.8.2/junit-jupiter-params-5.8.2.jar:/home/augusto/.m2/repository/org/junit/platform/junit-platform-surefire-provider/1.3.2/junit-platform-surefire-provider-1.3.2.jar:/home/augusto/.m2/repository/org/apiguardian/apiguardian-api/1.0.0/apiguardian-api-1.0.0.jar:/home/augusto/.m2/repository/org/junit/platform/junit-platform-launcher/1.3.2/junit-platform-launcher-1.3.2.jar:/home/augusto/.m2/repository/org/apache/maven/surefire/surefire-api/2.22.0/surefire-api-2.22.0.jar:/home/augusto/.m2/repository/org/apache/maven/surefire/surefire-logger-api/2.22.0/surefire-logger-api-2.22.0.jar:/home/augusto/.m2/repository/org/apache/maven/surefire/common-java5/2.22.0/common-java5-2.22.0.jar:/home/augusto/.m2/repository/org/junit/jupiter/junit-jupiter-engine/5.8.2/junit-jupiter-engine-5.8.2.jar:/home/augusto/.m2/repository/org/junit/platform/junit-platform-engine/1.8.2/junit-platform-engine-1.8.2.jar:"/>
    <property name="java.vm.vendor" value="Amazon.com Inc."/>
    <property name="sun.arch.data.model" value="64"/>
    <property name="java.vendor.url" value="https://aws.amazon.com/corretto/"/>
    <property name="user.timezone" value=""/>
    <property name="java.vm.specification.version" value="11"/>
    <property name="os.name" value="Linux"/>
    <property name="sun.java.launcher" value="SUN_STANDARD"/>
    <property name="user.country" value="BR"/>
    <property name="sun.boot.library.path" value="/home/augusto/.sdkman/candidates/java/11.0.13.8.1-amzn/lib"/>
    <property name="sun.java.command" value="/home/augusto/rogue/target/surefire/surefirebooter2620297399587909022.jar /home/augusto/rogue/target/surefire 2021-12-15T13-56-27_122-jvmRun1 surefire7596834399168189836tmp surefire_02538418282210381952tmp"/>
    <property name="jdk.debug" value="release"/>
    <property name="surefire.test.class.path" value="/home/augusto/rogue/target/test-classes:/home/augusto/rogue/target/classes:/home/augusto/.m2/repository/com/badlogicgames/gdx/gdx-box2d-platform/1.10.0/gdx-box2d-platform-1.10.0-natives-desktop.jar:/home/augusto/.m2/repository/com/badlogicgames/gdx/gdx-platform/1.10.0/gdx-platform-1.10.0-natives-desktop.jar:/home/augusto/.m2/repository/com/badlogicgames/gdx/gdx/1.10.0/gdx-1.10.0.jar:/home/augusto/.m2/repository/com/badlogicgames/gdx/gdx-backend-lwjgl3/1.10.0/gdx-backend-lwjgl3-1.10.0.jar:/home/augusto/.m2/repository/org/lwjgl/lwjgl/3.2.3/lwjgl-3.2.3.jar:/home/augusto/.m2/repository/org/lwjgl/lwjgl/3.2.3/lwjgl-3.2.3-natives-windows.jar:/home/augusto/.m2/repository/org/lwjgl/lwjgl/3.2.3/lwjgl-3.2.3-natives-windows-x86.jar:/home/augusto/.m2/repository/org/lwjgl/lwjgl/3.2.3/lwjgl-3.2.3-natives-linux.jar:/home/augusto/.m2/repository/org/lwjgl/lwjgl/3.2.3/lwjgl-3.2.3-natives-linux-arm32.jar:/home/augusto/.m2/repository/org/lwjgl/lwjgl/3.2.3/lwjgl-3.2.3-natives-linux-arm64.jar:/home/augusto/.m2/repository/org/lwjgl/lwjgl/3.2.3/lwjgl-3.2.3-natives-macos.jar:/home/augusto/.m2/repository/org/lwjgl/lwjgl-glfw/3.2.3/lwjgl-glfw-3.2.3.jar:/home/augusto/.m2/repository/org/lwjgl/lwjgl-glfw/3.2.3/lwjgl-glfw-3.2.3-natives-windows.jar:/home/augusto/.m2/repository/org/lwjgl/lwjgl-glfw/3.2.3/lwjgl-glfw-3.2.3-natives-windows-x86.jar:/home/augusto/.m2/repository/org/lwjgl/lwjgl-glfw/3.2.3/lwjgl-glfw-3.2.3-natives-linux.jar:/home/augusto/.m2/repository/org/lwjgl/lwjgl-glfw/3.2.3/lwjgl-glfw-3.2.3-natives-linux-arm32.jar:/home/augusto/.m2/repository/org/lwjgl/lwjgl-glfw/3.2.3/lwjgl-glfw-3.2.3-natives-linux-arm64.jar:/home/augusto/.m2/repository/org/lwjgl/lwjgl-glfw/3.2.3/lwjgl-glfw-3.2.3-natives-macos.jar:/home/augusto/.m2/repository/org/lwjgl/lwjgl-jemalloc/3.2.3/lwjgl-jemalloc-3.2.3.jar:/home/augusto/.m2/repository/org/lwjgl/lwjgl-jemalloc/3.2.3/lwjgl-jemalloc-3.2.3-natives-windows.jar:/home/augusto/.m2/repository/org/lwjgl/lwjgl-jemalloc/3.2.3/lwjgl-jemalloc-3.2.3-natives-windows-x86.jar:/home/augusto/.m2/repository/org/lwjgl/lwjgl-jemalloc/3.2.3/lwjgl-jemalloc-3.2.3-natives-linux.jar:/home/augusto/.m2/repository/org/lwjgl/lwjgl-jemalloc/3.2.3/lwjgl-jemalloc-3.2.3-natives-linux-arm32.jar:/home/augusto/.m2/repository/org/lwjgl/lwjgl-jemalloc/3.2.3/lwjgl-jemalloc-3.2.3-natives-linux-arm64.jar:/home/augusto/.m2/repository/org/lwjgl/lwjgl-jemalloc/3.2.3/lwjgl-jemalloc-3.2.3-natives-macos.jar:/home/augusto/.m2/repository/org/lwjgl/lwjgl-opengl/3.2.3/lwjgl-opengl-3.2.3.jar:/home/augusto/.m2/repository/org/lwjgl/lwjgl-opengl/3.2.3/lwjgl-opengl-3.2.3-natives-windows.jar:/home/augusto/.m2/repository/org/lwjgl/lwjgl-opengl/3.2.3/lwjgl-opengl-3.2.3-natives-windows-x86.jar:/home/augusto/.m2/repository/org/lwjgl/lwjgl-opengl/3.2.3/lwjgl-opengl-3.2.3-natives-linux.jar:/home/augusto/.m2/repository/org/lwjgl/lwjgl-opengl/3.2.3/lwjgl-opengl-3.2.3-natives-linux-arm32.jar:/home/augusto/.m2/repository/org/lwjgl/lwjgl-opengl/3.2.3/lwjgl-opengl-3.2.3-natives-linux-arm64.jar:/home/augusto/.m2/repository/org/lwjgl/lwjgl-opengl/3.2.3/lwjgl-opengl-3.2.3-natives-macos.jar:/home/augusto/.m2/repository/org/lwjgl/lwjgl-openal/3.2.3/lwjgl-openal-3.2.3.jar:/home/augusto/.m2/repository/org/lwjgl/lwjgl-openal/3.2.3/lwjgl-openal-3.2.3-natives-windows.jar:/home/augusto/.m2/repository/org/lwjgl/lwjgl-openal/3.2.3/lwjgl-openal-3.2.3-natives-windows-x86.jar:/home/augusto/.m2/repository/org/lwjgl/lwjgl-openal/3.2.3/lwjgl-openal-3.2.3-natives-linux.jar:/home/augusto/.m2/repository/org/lwjgl/lwjgl-openal/3.2.3/lwjgl-openal-3.2.3-natives-linux-arm32.jar:/home/augusto/.m2/repository/org/lwjgl/lwjgl-openal/3.2.3/lwjgl-openal-3.2.3-natives-linux-arm64.jar:/home/augusto/.m2/repository/org/lwjgl/lwjgl-openal/3.2.3/lwjgl-openal-3.2.3-natives-macos.jar:/home/augusto/.m2/repository/com/badlogicgames/jlayer/jlayer/1.0.1-gdx/jlayer-1.0.1-gdx.jar:/home/augusto/.m2/repository/org/jcraft/jorbis/0.0.17/jorbis-0.0.17.jar:/home/augusto/.m2/repository/com/badlogicgames/gdx/gdx-box2d-platform/1.10.0/gdx-box2d-platform-1.10.0.jar:/home/augusto/.m2/repository/com/badlogicgames/box2dlights/box2dlights/1.5/box2dlights-1.5.jar:/home/augusto/.m2/repository/com/badlogicgames/gdx/gdx-box2d/1.6.2/gdx-box2d-1.6.2.jar:/home/augusto/.m2/repository/com/badlogicgames/gdx/gdx-openal/0.9.9/gdx-openal-0.9.9.jar:/home/augusto/.m2/repository/org/lwjgl/lwjgl/lwjgl/2.9.0/lwjgl-2.9.0.jar:/home/augusto/.m2/repository/org/lwjgl/lwjgl/lwjgl-platform/2.9.0/lwjgl-platform-2.9.0-natives-windows.jar:/home/augusto/.m2/repository/org/lwjgl/lwjgl/lwjgl-platform/2.9.0/lwjgl-platform-2.9.0-natives-linux.jar:/home/augusto/.m2/repository/org/lwjgl/lwjgl/lwjgl-platform/2.9.0/lwjgl-platform-2.9.0-natives-osx.jar:/home/augusto/.m2/repository/net/java/jinput/jinput/2.0.5/jinput-2.0.5.jar:/home/augusto/.m2/repository/net/java/jutils/jutils/1.0.0/jutils-1.0.0.jar:/home/augusto/.m2/repository/net/java/jinput/jinput-platform/2.0.5/jinput-platform-2.0.5-natives-linux.jar:/home/augusto/.m2/repository/net/java/jinput/jinput-platform/2.0.5/jinput-platform-2.0.5-natives-windows.jar:/home/augusto/.m2/repository/net/java/jinput/jinput-platform/2.0.5/jinput-platform-2.0.5-natives-osx.jar:/home/augusto/.m2/repository/org/junit/jupiter/junit-jupiter/5.8.2/junit-jupiter-5.8.2.jar:/home/augusto/.m2/repository/org/junit/jupiter/junit-jupiter-api/5.8.2/junit-jupiter-api-5.8.2.jar:/home/augusto/.m2/repository/org/opentest4j/opentest4j/1.2.0/opentest4j-1.2.0.jar:/home/augusto/.m2/repository/org/junit/platform/junit-platform-commons/1.8.2/junit-platform-commons-1.8.2.jar:/home/augusto/.m2/repository/org/junit/jupiter/junit-jupiter-params/5.8.2/junit-jupiter-params-5.8.2.jar:/home/augusto/.m2/repository/org/junit/platform/junit-platform-surefire-provider/1.3.2/junit-platform-surefire-provider-1.3.2.jar:/home/augusto/.m2/repository/org/apiguardian/apiguardian-api/1.0.0/apiguardian-api-1.0.0.jar:/home/augusto/.m2/repository/org/junit/platform/junit-platform-launcher/1.3.2/junit-platform-launcher-1.3.2.jar:/home/augusto/.m2/repository/org/apache/maven/surefire/surefire-api/2.22.0/surefire-api-2.22.0.jar:/home/augusto/.m2/repository/org/apache/maven/surefire/surefire-logger-api/2.22.0/surefire-logger-api-2.22.0.jar:/home/augusto/.m2/repository/org/apache/maven/surefire/common-java5/2.22.0/common-java5-2.22.0.jar:/home/augusto/.m2/repository/org/junit/jupiter/junit-jupiter-engine/5.8.2/junit-jupiter-engine-5.8.2.jar:/home/augusto/.m2/repository/org/junit/platform/junit-platform-engine/1.8.2/junit-platform-engine-1.8.2.jar:"/>
    <property name="sun.cpu.endian" value="little"/>
    <property name="user.home" value="/home/augusto"/>
    <property name="user.language" value="pt"/>
    <property name="java.specification.vendor" value="Oracle Corporation"/>
    <property name="java.version.date" value="2021-10-19"/>
    <property name="java.home" value="/home/augusto/.sdkman/candidates/java/11.0.13.8.1-amzn"/>
    <property name="file.separator" value="/"/>
    <property name="basedir" value="/home/augusto/rogue"/>
    <property name="java.vm.compressedOopsMode" value="Zero based"/>
    <property name="line.separator" value="&#10;"/>
    <property name="java.specification.name" value="Java Platform API Specification"/>
    <property name="java.vm.specification.vendor" value="Oracle Corporation"/>
    <property name="java.awt.graphicsenv" value="sun.awt.X11GraphicsEnvironment"/>
    <property name="surefire.real.class.path" value="/home/augusto/rogue/target/surefire/surefirebooter2620297399587909022.jar"/>
    <property name="sun.management.compiler" value="HotSpot 64-Bit Tiered Compilers"/>
    <property name="java.runtime.version" value="11.0.13+8-LTS"/>
    <property name="user.name" value="augusto"/>
    <property name="path.separator" value=":"/>
    <property name="os.version" value="5.14.14-200.fc34.x86_64"/>
    <property name="java.runtime.name" value="OpenJDK Runtime Environment"/>
    <property name="file.encoding" value="UTF-8"/>
    <property name="java.vm.name" value="OpenJDK 64-Bit Server VM"/>
    <property name="java.vendor.version" value="Corretto-11.0.13.8.1"/>
    <property name="localRepository" value="/home/augusto/.m2/repository"/>
    <property name="java.vendor.url.bug" value="https://github.com/corretto/corretto-11/issues/"/>
    <property name="java.io.tmpdir" value="/tmp"/>
    <property name="java.version" value="11.0.13"/>
    <property name="user.dir" value="/home/augusto/rogue"/>
    <property name="os.arch" value="amd64"/>
    <property name="java.vm.specification.name" value="Java Virtual Machine Specification"/>
    <property name="java.awt.printerjob" value="sun.print.PSPrinterJob"/>
    <property name="sun.os.patch.level" value="unknown"/>
    <property name="java.library.path" value="/usr/java/packages/lib:/usr/lib64:/lib64:/lib:/usr/lib"/>
    <property name="java.vm.info" value="mixed mode"/>
    <property name="java.vendor" value="Amazon.com Inc."/>
    <property name="java.vm.version" value="11.0.13+8-LTS"/>
    <property name="sun.io.unicode.encoding" value="UnicodeLittle"/>
    <property name="java.class.version" value="55.0"/>
  </properties>
  <testcase name="solve" classname="dev.hond0n.rogue.world.heuristic.genetic.SolutionTest" time="49.154">
    <system-out><![CDATA[Creating regions
done
MANGROVE area: 3600
Adding new region to list
MANGROVE created.
done
DESERT area: 2201
Adding new region to list
DESERT created.
done
DESERT area: 481
Adding new region to list
DESERT created.
done
DESERT area: 335
Adding new region to list
DESERT created.
done
DESERT area: 241
Adding new region to list
DESERT created.
done
DESERT area: 187
Adding new region to list
DESERT created.
done
DESERT area: 174
Adding new region to list
DESERT created.
done
DESERT area: 143
Adding new region to list
DESERT created.
done
DESERT area: 122
Adding new region to list
DESERT created.
done
DESERT area: 101
Adding new region to list
DESERT created.
done
DESERT area: 108
Adding new region to list
DESERT created.
done
DESERT area: 119
Adding new region to list
DESERT created.
done
DESERT area: 89
Adding new region to list
DESERT created.
done
DESERT area: 86
Adding new region to list
DESERT created.
done
DESERT area: 85
Adding new region to list
DESERT created.
done
DESERT area: 58
Adding new region to list
DESERT created.
done
DESERT area: 52
Adding new region to list
DESERT created.
done
DESERT area: 52
Adding new region to list
DESERT created.
done
DESERT area: 59
Adding new region to list
DESERT created.
done
DESERT area: 36
Adding new region to list
DESERT created.
done
DESERT area: 43
Adding new region to list
DESERT created.
done
DESERT area: 37
Adding new region to list
DESERT created.
done
DESERT area: 35
Adding new region to list
DESERT created.
done
DESERT area: 32
Adding new region to list
DESERT created.
done
DESERT area: 33
Adding new region to list
DESERT created.
done
DESERT area: 27
Adding new region to list
DESERT created.
done
DESERT area: 29
Adding new region to list
DESERT created.
done
DESERT area: 24
Adding new region to list
DESERT created.
done
DESERT area: 27
Adding new region to list
DESERT created.
done
DESERT area: 29
Adding new region to list
DESERT created.
done
DESERT area: 24
Adding new region to list
DESERT created.
done
DESERT area: 21
Adding new region to list
DESERT created.
done
DESERT area: 21
Adding new region to list
DESERT created.
done
DESERT area: 20
Adding new region to list
DESERT created.
done
DESERT area: 16
Adding new region to list
DESERT created.
done
DESERT area: 22
Adding new region to list
DESERT created.
done
DESERT area: 20
Adding new region to list
DESERT created.
done
DESERT area: 18
Adding new region to list
DESERT created.
done
DESERT area: 14
Adding new region to list
DESERT created.
done
DESERT area: 14
Adding new region to list
DESERT created.
done
DESERT area: 11
Adding new region to list
DESERT created.
done
DESERT area: 17
Adding new region to list
DESERT created.
done
DESERT area: 13
Adding new region to list
DESERT created.
done
DESERT area: 15
Adding new region to list
DESERT created.
done
DESERT area: 17
Adding new region to list
DESERT created.
done
DESERT area: 14
Adding new region to list
DESERT created.
done
DESERT area: 15
Adding new region to list
DESERT created.
done
DESERT area: 12
Adding new region to list
DESERT created.
done
DESERT area: 10
Adding new region to list
DESERT created.
done
DESERT area: 9
Adding new region to list
DESERT created.
done
DESERT area: 11
Adding new region to list
DESERT created.
done
DESERT area: 13
Adding new region to list
DESERT created.
done
DESERT area: 10
Adding new region to list
DESERT created.
done
DESERT area: 9
Adding new region to list
DESERT created.
done
DESERT area: 9
Adding new region to list
DESERT created.
done
DESERT area: 9
Adding new region to list
DESERT created.
done
DESERT area: 8
Adding new region to list
DESERT created.
done
DESERT area: 9
Adding new region to list
DESERT created.
done
DESERT area: 7
Adding new region to list
DESERT created.
done
DESERT area: 9
Adding new region to list
DESERT created.
done
DESERT area: 6
Adding new region to list
DESERT created.
done
DESERT area: 9
Adding new region to list
DESERT created.
done
DESERT area: 7
Adding new region to list
DESERT created.
done
DESERT area: 9
Adding new region to list
DESERT created.
done
DESERT area: 7
Adding new region to list
DESERT created.
done
DESERT area: 7
Adding new region to list
DESERT created.
done
DESERT area: 7
Adding new region to list
DESERT created.
done
DESERT area: 8
Adding new region to list
DESERT created.
done
DESERT area: 6
Adding new region to list
DESERT created.
done
DESERT area: 5
Adding new region to list
DESERT created.
done
DESERT area: 7
Adding new region to list
DESERT created.
done
DESERT area: 8
Adding new region to list
DESERT created.
done
DESERT area: 6
Adding new region to list
DESERT created.
done
DESERT area: 7
Adding new region to list
DESERT created.
done
DESERT area: 7
Adding new region to list
DESERT created.
done
DESERT area: 8
Adding new region to list
DESERT created.
done
DESERT area: 3
Adding new region to list
DESERT created.
done
DESERT area: 4
Adding new region to list
DESERT created.
done
DESERT area: 4
Adding new region to list
DESERT created.
done
DESERT area: 3
Adding new region to list
DESERT created.
done
DESERT area: 5
Adding new region to list
DESERT created.
done
DESERT area: 5
Adding new region to list
DESERT created.
done
DESERT area: 4
Adding new region to list
DESERT created.
done
DESERT area: 5
Adding new region to list
DESERT created.
done
DESERT area: 4
Adding new region to list
DESERT created.
done
DESERT area: 5
Adding new region to list
DESERT created.
done
DESERT area: 3
Adding new region to list
DESERT created.
done
DESERT area: 5
Adding new region to list
DESERT created.
done
DESERT area: 5
Adding new region to list
DESERT created.
done
DESERT area: 5
Adding new region to list
DESERT created.
done
DESERT area: 5
Adding new region to list
DESERT created.
done
DESERT area: 3
Adding new region to list
DESERT created.
done
DESERT area: 5
Adding new region to list
DESERT created.
done
DESERT area: 5
Adding new region to list
DESERT created.
done
DESERT area: 5
Adding new region to list
DESERT created.
done
DESERT area: 3
Adding new region to list
DESERT created.
done
DESERT area: 4
Adding new region to list
DESERT created.
done
DESERT area: 4
Adding new region to list
DESERT created.
done
DESERT area: 5
Adding new region to list
DESERT created.
done
DESERT area: 5
Adding new region to list
DESERT created.
done
DESERT area: 5
Adding new region to list
DESERT created.
done
DESERT area: 3
Adding new region to list
DESERT created.
done
DESERT area: 5
Adding new region to list
DESERT created.
done
DESERT area: 3
Adding new region to list
DESERT created.
done
DESERT area: 4
Adding new region to list
DESERT created.
done
DESERT area: 1
Adding new region to list
DESERT created.
done
DESERT area: 1
Adding new region to list
DESERT created.
done
DESERT area: 1
Adding new region to list
DESERT created.
done
DESERT area: 1
Adding new region to list
DESERT created.
done
DESERT area: 1
Adding new region to list
DESERT created.
done
DESERT area: 1
Adding new region to list
DESERT created.
done
DESERT area: 1
Adding new region to list
DESERT created.
done
DESERT area: 1
Adding new region to list
DESERT created.
done
DESERT area: 1
Adding new region to list
DESERT created.
done
DESERT area: 1
Adding new region to list
DESERT created.
done
DESERT area: 1
Adding new region to list
DESERT created.
done
DESERT area: 1
Adding new region to list
DESERT created.
done
DESERT area: 1
Adding new region to list
DESERT created.
done
DESERT area: 1
Adding new region to list
DESERT created.
done
DESERT area: 1
Adding new region to list
DESERT created.
done
DESERT area: 1
Adding new region to list
DESERT created.
done
DESERT area: 1
Adding new region to list
DESERT created.
done
DESERT area: 1
Adding new region to list
DESERT created.
done
DESERT area: 1
Adding new region to list
DESERT created.
done
DESERT area: 1
Adding new region to list
DESERT created.
done
DESERT area: 1
Adding new region to list
DESERT created.
done
DESERT area: 1
Adding new region to list
DESERT created.
done
DESERT area: 1
Adding new region to list
DESERT created.
done
DESERT area: 1
Adding new region to list
DESERT created.
done
DESERT area: 1
Adding new region to list
DESERT created.
done
DESERT area: 1
Adding new region to list
DESERT created.
done
DESERT area: 1
Adding new region to list
DESERT created.
done
DESERT area: 1
Adding new region to list
DESERT created.
done
DESERT area: 1
Adding new region to list
DESERT created.
done
DESERT area: 1
Adding new region to list
DESERT created.
done
DESERT area: 1
Adding new region to list
DESERT created.
done
DESERT area: 1
Adding new region to list
DESERT created.
done
DESERT area: 1
Adding new region to list
DESERT created.
done
DESERT area: 1
Adding new region to list
DESERT created.
done
DESERT area: 1
Adding new region to list
DESERT created.
done
DESERT area: 1
Adding new region to list
DESERT created.
done
DESERT area: 1
Adding new region to list
DESERT created.
done
DESERT area: 1
Adding new region to list
DESERT created.
done
DESERT area: 1
Adding new region to list
DESERT created.
done
DESERT area: 1
Adding new region to list
DESERT created.
done
DESERT area: 1
Adding new region to list
DESERT created.
done
DESERT area: 1
Adding new region to list
DESERT created.
done
DESERT area: 1
Adding new region to list
DESERT created.
done
DESERT area: 1
Adding new region to list
DESERT created.
done
DESERT area: 1
Adding new region to list
DESERT created.
done
DESERT area: 1
Adding new region to list
DESERT created.
done
DESERT area: 1
Adding new region to list
DESERT created.
done
DESERT area: 1
Adding new region to list
DESERT created.
done
DESERT area: 1
Adding new region to list
DESERT created.
done
DESERT area: 1
Adding new region to list
DESERT created.
done
DESERT area: 1
Adding new region to list
DESERT created.
done
DESERT area: 1
Adding new region to list
DESERT created.
done
DESERT area: 1
Adding new region to list
DESERT created.
done
DESERT area: 1
Adding new region to list
DESERT created.
done
DESERT area: 1
Adding new region to list
DESERT created.
done
DESERT area: 1
Adding new region to list
DESERT created.
done
DESERT area: 1
Adding new region to list
DESERT created.
done
DESERT area: 1
Adding new region to list
DESERT created.
done
DESERT area: 1
Adding new region to list
DESERT created.
done
DESERT area: 1
Adding new region to list
DESERT created.
done
DESERT area: 1
Adding new region to list
DESERT created.
done
DESERT area: 1
Adding new region to list
DESERT created.
done
DESERT area: 1
Adding new region to list
DESERT created.
done
DESERT area: 1
Adding new region to list
DESERT created.
done
DESERT area: 1
Adding new region to list
DESERT created.
done
DESERT area: 1
Adding new region to list
DESERT created.
done
DESERT area: 1
Adding new region to list
DESERT created.
done
DESERT area: 1
Adding new region to list
DESERT created.
done
DESERT area: 1
Adding new region to list
DESERT created.
done
DESERT area: 1
Adding new region to list
DESERT created.
done
DESERT area: 1
Adding new region to list
DESERT created.
done
DESERT area: 1
Adding new region to list
DESERT created.
done
DESERT area: 1
Adding new region to list
DESERT created.
done
DESERT area: 1
Adding new region to list
DESERT created.
done
DESERT area: 1
Adding new region to list
DESERT created.
done
DESERT area: 1
Adding new region to list
DESERT created.
done
DESERT area: 1
Adding new region to list
DESERT created.
done
DESERT area: 1
Adding new region to list
DESERT created.
done
DESERT area: 1
Adding new region to list
DESERT created.
done
DESERT area: 1
Adding new region to list
DESERT created.
done
DESERT area: 1
Adding new region to list
DESERT created.
done
DESERT area: 1
Adding new region to list
DESERT created.
done
DESERT area: 1
Adding new region to list
DESERT created.
done
DESERT area: 1
Adding new region to list
DESERT created.
done
DESERT area: 1
Adding new region to list
DESERT created.
done
DESERT area: 1
Adding new region to list
DESERT created.
done
DESERT area: 1
Adding new region to list
DESERT created.
done
DESERT area: 1
Adding new region to list
DESERT created.
done
DESERT area: 1
Adding new region to list
DESERT created.
done
DESERT area: 1
Adding new region to list
DESERT created.
done
DESERT area: 1
Adding new region to list
DESERT created.
done
DESERT area: 1
Adding new region to list
DESERT created.
done
DESERT area: 1
Adding new region to list
DESERT created.
done
DESERT area: 1
Adding new region to list
DESERT created.
done
DESERT area: 1
Adding new region to list
DESERT created.
done
DESERT area: 1
Adding new region to list
DESERT created.
done
DESERT area: 1
Adding new region to list
DESERT created.
done
DESERT area: 1
Adding new region to list
DESERT created.
done
DESERT area: 1
Adding new region to list
DESERT created.
done
DESERT area: 1
Adding new region to list
DESERT created.
done
DESERT area: 1
Adding new region to list
DESERT created.
done
DESERT area: 1
Adding new region to list
DESERT created.
done
DESERT area: 1
Adding new region to list
DESERT created.
done
DESERT area: 1
Adding new region to list
DESERT created.
done
DESERT area: 1
Adding new region to list
DESERT created.
done
DESERT area: 1
Adding new region to list
DESERT created.
done
DESERT area: 1
Adding new region to list
DESERT created.
done
DESERT area: 1
Adding new region to list
DESERT created.
done
DESERT area: 1
Adding new region to list
DESERT created.
done
DESERT area: 1
Adding new region to list
DESERT created.
done
DESERT area: 1
Adding new region to list
DESERT created.
done
DESERT area: 1
Adding new region to list
DESERT created.
done
DESERT area: 1
Adding new region to list
DESERT created.
done
DESERT area: 1
Adding new region to list
DESERT created.
done
DESERT area: 1
Adding new region to list
DESERT created.
done
DESERT area: 1
Adding new region to list
DESERT created.
done
DESERT area: 1
Adding new region to list
DESERT created.
done
DESERT area: 1
Adding new region to list
DESERT created.
done
DESERT area: 1
Adding new region to list
DESERT created.
done
DESERT area: 1
Adding new region to list
DESERT created.
done
DESERT area: 1
Adding new region to list
DESERT created.
done
DESERT area: 1
Adding new region to list
DESERT created.
done
DESERT area: 1
Adding new region to list
DESERT created.
done
DESERT area: 1
Adding new region to list
DESERT created.
done
DESERT area: 1
Adding new region to list
DESERT created.
done
DESERT area: 1
Adding new region to list
DESERT created.
done
DESERT area: 1
Adding new region to list
DESERT created.
done
DESERT area: 1
Adding new region to list
DESERT created.
done
DESERT area: 1
Adding new region to list
DESERT created.
done
DESERT area: 1
Adding new region to list
DESERT created.
done
DESERT area: 1
Adding new region to list
DESERT created.
done
DESERT area: 1
Adding new region to list
DESERT created.
done
DESERT area: 1
Adding new region to list
DESERT created.
done
DESERT area: 1
Adding new region to list
DESERT created.
done
DESERT area: 1
Adding new region to list
DESERT created.
done
DESERT area: 1
Adding new region to list
DESERT created.
done
DESERT area: 1
Adding new region to list
DESERT created.
done
DESERT area: 1
Adding new region to list
DESERT created.
done
DESERT area: 1
Adding new region to list
DESERT created.
done
DESERT area: 1
Adding new region to list
DESERT created.
done
DESERT area: 1
Adding new region to list
DESERT created.
done
DESERT area: 1
Adding new region to list
DESERT created.
done
DESERT area: 1
Adding new region to list
DESERT created.
done
DESERT area: 1
Adding new region to list
DESERT created.
done
DESERT area: 1
Adding new region to list
DESERT created.
done
DESERT area: 1
Adding new region to list
DESERT created.
done
DESERT area: 1
Adding new region to list
DESERT created.
done
DESERT area: 1
Adding new region to list
DESERT created.
done
DESERT area: 1
Adding new region to list
DESERT created.
done
DESERT area: 1
Adding new region to list
DESERT created.
done
DESERT area: 1
Adding new region to list
DESERT created.
done
DESERT area: 1
Adding new region to list
DESERT created.
done
DESERT area: 1
Adding new region to list
DESERT created.
done
DESERT area: 1
Adding new region to list
DESERT created.
done
DESERT area: 1
Adding new region to list
DESERT created.
done
DESERT area: 1
Adding new region to list
DESERT created.
done
DESERT area: 1
Adding new region to list
DESERT created.
done
DESERT area: 1
Adding new region to list
DESERT created.
done
DESERT area: 1
Adding new region to list
DESERT created.
done
DESERT area: 1
Adding new region to list
DESERT created.
done
DESERT area: 1
Adding new region to list
DESERT created.
done
DESERT area: 1
Adding new region to list
DESERT created.
done
DESERT area: 1
Adding new region to list
DESERT created.
done
DESERT area: 1
Adding new region to list
DESERT created.
done
DESERT area: 1
Adding new region to list
DESERT created.
done
DESERT area: 1
Adding new region to list
DESERT created.
done
DESERT area: 1
Adding new region to list
DESERT created.
done
DESERT area: 1
Adding new region to list
DESERT created.
done
DESERT area: 1
Adding new region to list
DESERT created.
done
DESERT area: 1
Adding new region to list
DESERT created.
done
DESERT area: 1
Adding new region to list
DESERT created.
done
DESERT area: 1
Adding new region to list
DESERT created.
done
DESERT area: 1
Adding new region to list
DESERT created.
done
DESERT area: 1
Adding new region to list
DESERT created.
done
DESERT area: 1
Adding new region to list
DESERT created.
done
DESERT area: 1
Adding new region to list
DESERT created.
done
DESERT area: 1
Adding new region to list
DESERT created.
done
DESERT area: 1
Adding new region to list
DESERT created.
done
DESERT area: 1
Adding new region to list
DESERT created.
done
DESERT area: 1
Adding new region to list
DESERT created.
done
DESERT area: 1
Adding new region to list
DESERT created.
done
DESERT area: 1
Adding new region to list
DESERT created.
done
DESERT area: 1
Adding new region to list
DESERT created.
done
DESERT area: 1
Adding new region to list
DESERT created.
done
DESERT area: 1
Adding new region to list
DESERT created.
done
DESERT area: 1
Adding new region to list
DESERT created.
done
DESERT area: 1
Adding new region to list
DESERT created.
done
DESERT area: 1
Adding new region to list
DESERT created.
done
DESERT area: 1
Adding new region to list
DESERT created.
done
DESERT area: 1
Adding new region to list
DESERT created.
done
DESERT area: 1
Adding new region to list
DESERT created.
done
DESERT area: 1
Adding new region to list
DESERT created.
done
DESERT area: 1
Adding new region to list
DESERT created.
done
DESERT area: 1
Adding new region to list
DESERT created.
done
DESERT area: 1
Adding new region to list
DESERT created.
done
DESERT area: 1
Adding new region to list
DESERT created.
done
DESERT area: 1
Adding new region to list
DESERT created.
done
DESERT area: 1
Adding new region to list
DESERT created.
done
DESERT area: 1
Adding new region to list
DESERT created.
done
DESERT area: 1
Adding new region to list
DESERT created.
done
DESERT area: 1
Adding new region to list
DESERT created.
done
DESERT area: 1
Adding new region to list
DESERT created.
done
DESERT area: 1
Adding new region to list
DESERT created.
done
DESERT area: 1
Adding new region to list
DESERT created.
done
DESERT area: 1
Adding new region to list
DESERT created.
done
DESERT area: 1
Adding new region to list
DESERT created.
done
DESERT area: 1
Adding new region to list
DESERT created.
done
DESERT area: 1
Adding new region to list
DESERT created.
done
DESERT area: 1
Adding new region to list
DESERT created.
done
DESERT area: 1
Adding new region to list
DESERT created.
done
DESERT area: 1
Adding new region to list
DESERT created.
done
DESERT area: 1
Adding new region to list
DESERT created.
done
DESERT area: 1
Adding new region to list
DESERT created.
done
DESERT area: 1
Adding new region to list
DESERT created.
done
DESERT area: 1
Adding new region to list
DESERT created.
done
DESERT area: 1
Adding new region to list
DESERT created.
done
DESERT area: 1
Adding new region to list
DESERT created.
done
DESERT area: 1
Adding new region to list
DESERT created.
done
DESERT area: 1
Adding new region to list
DESERT created.
done
DESERT area: 1
Adding new region to list
DESERT created.
done
DESERT area: 1
Adding new region to list
DESERT created.
done
DESERT area: 1
Adding new region to list
DESERT created.
done
DESERT area: 1
Adding new region to list
DESERT created.
done
DESERT area: 1
Adding new region to list
DESERT created.
done
DESERT area: 1
Adding new region to list
DESERT created.
done
DESERT area: 1
Adding new region to list
DESERT created.
done
DESERT area: 1
Adding new region to list
DESERT created.
done
DESERT area: 1
Adding new region to list
DESERT created.
done
DESERT area: 1
Adding new region to list
DESERT created.
done
DESERT area: 1
Adding new region to list
DESERT created.
done
DESERT area: 1
Adding new region to list
DESERT created.
done
DESERT area: 1
Adding new region to list
DESERT created.
done
DESERT area: 1
Adding new region to list
DESERT created.
done
DESERT area: 1
Adding new region to list
DESERT created.
done
DESERT area: 1
Adding new region to list
DESERT created.
done
DESERT area: 1
Adding new region to list
DESERT created.
done
DESERT area: 1
Adding new region to list
DESERT created.
done
DESERT area: 1
Adding new region to list
DESERT created.
done
DESERT area: 1
Adding new region to list
DESERT created.
done
DESERT area: 1
Adding new region to list
DESERT created.
done
DESERT area: 1
Adding new region to list
DESERT created.
done
DESERT area: 1
Adding new region to list
DESERT created.
done
DESERT area: 1
Adding new region to list
DESERT created.
done
DESERT area: 1
Adding new region to list
DESERT created.
done
DESERT area: 1
Adding new region to list
DESERT created.
done
DESERT area: 1
Adding new region to list
DESERT created.
done
DESERT area: 1
Adding new region to list
DESERT created.
done
DESERT area: 1
Adding new region to list
DESERT created.
done
DESERT area: 1
Adding new region to list
DESERT created.
done
DESERT area: 1
Adding new region to list
DESERT created.
done
DESERT area: 1
Adding new region to list
DESERT created.
done
DESERT area: 1
Adding new region to list
DESERT created.
done
DESERT area: 1
Adding new region to list
DESERT created.
done
DESERT area: 1
Adding new region to list
DESERT created.
done
DESERT area: 1
Adding new region to list
DESERT created.
done
DESERT area: 1
Adding new region to list
DESERT created.
done
DESERT area: 1
Adding new region to list
DESERT created.
done
DESERT area: 1
Adding new region to list
DESERT created.
done
DESERT area: 1
Adding new region to list
DESERT created.
done
DESERT area: 1
Adding new region to list
DESERT created.
done
DESERT area: 1
Adding new region to list
DESERT created.
done
DESERT area: 1
Adding new region to list
DESERT created.
done
DESERT area: 1
Adding new region to list
DESERT created.
done
DESERT area: 1
Adding new region to list
DESERT created.
done
DESERT area: 1
Adding new region to list
DESERT created.
done
DESERT area: 1
Adding new region to list
DESERT created.
done
DESERT area: 1
Adding new region to list
DESERT created.
done
DESERT area: 1
Adding new region to list
DESERT created.
done
DESERT area: 1
Adding new region to list
DESERT created.
done
DESERT area: 1
Adding new region to list
DESERT created.
done
DESERT area: 1
Adding new region to list
DESERT created.
done
DESERT area: 1
Adding new region to list
DESERT created.
done
DESERT area: 1
Adding new region to list
DESERT created.
done
DESERT area: 1
Adding new region to list
DESERT created.
done
DESERT area: 1
Adding new region to list
DESERT created.
done
DESERT area: 1
Adding new region to list
DESERT created.
done
DESERT area: 1
Adding new region to list
DESERT created.
done
DESERT area: 1
Adding new region to list
DESERT created.
done
DESERT area: 1
Adding new region to list
DESERT created.
done
DESERT area: 1
Adding new region to list
DESERT created.
done
DESERT area: 1
Adding new region to list
DESERT created.
done
DESERT area: 1
Adding new region to list
DESERT created.
done
DESERT area: 1
Adding new region to list
DESERT created.
done
DESERT area: 1
Adding new region to list
DESERT created.
done
DESERT area: 1
Adding new region to list
DESERT created.
done
DESERT area: 1
Adding new region to list
DESERT created.
done
DESERT area: 1
Adding new region to list
DESERT created.
done
DESERT area: 1
Adding new region to list
DESERT created.
done
DESERT area: 1
Adding new region to list
DESERT created.
done
DESERT area: 1
Adding new region to list
DESERT created.
done
DESERT area: 1
Adding new region to list
DESERT created.
done
DESERT area: 1
Adding new region to list
DESERT created.
done
DESERT area: 1
Adding new region to list
DESERT created.
done
DESERT area: 1
Adding new region to list
DESERT created.
done
DESERT area: 1
Adding new region to list
DESERT created.
done
DESERT area: 1
Adding new region to list
DESERT created.
done
DESERT area: 1
Adding new region to list
DESERT created.
done
DESERT area: 1
Adding new region to list
DESERT created.
done
DESERT area: 1
Adding new region to list
DESERT created.
done
DESERT area: 1
Adding new region to list
DESERT created.
done
FOREST area: 406
Adding new region to list
FOREST created.
done
FOREST area: 207
Adding new region to list
FOREST created.
done
FOREST area: 251
Adding new region to list
FOREST created.
done
FOREST area: 224
Adding new region to list
FOREST created.
done
FOREST area: 152
Adding new region to list
FOREST created.
done
FOREST area: 218
Adding new region to list
FOREST created.
done
FOREST area: 157
Adding new region to list
FOREST created.
done
FOREST area: 62
Adding new region to list
FOREST created.
done
FOREST area: 118
Adding new region to list
FOREST created.
done
FOREST area: 115
Adding new region to list
FOREST created.
done
FOREST area: 96
Adding new region to list
FOREST created.
done
FOREST area: 87
Adding new region to list
FOREST created.
done
FOREST area: 64
Adding new region to list
FOREST created.
done
FOREST area: 93
Adding new region to list
FOREST created.
done
FOREST area: 54
Adding new region to list
FOREST created.
done
FOREST area: 68
Adding new region to list
FOREST created.
done
FOREST area: 49
Adding new region to list
FOREST created.
done
FOREST area: 31
Adding new region to list
FOREST created.
done
FOREST area: 47
Adding new region to list
FOREST created.
done
FOREST area: 55
Adding new region to list
FOREST created.
done
FOREST area: 28
Adding new region to list
FOREST created.
done
FOREST area: 48
Adding new region to list
FOREST created.
done
FOREST area: 52
Adding new region to list
FOREST created.
done
FOREST area: 34
Adding new region to list
FOREST created.
done
FOREST area: 25
Adding new region to list
FOREST created.
done
FOREST area: 33
Adding new region to list
FOREST created.
done
FOREST area: 14
Adding new region to list
FOREST created.
done
FOREST area: 28
Adding new region to list
FOREST created.
done
FOREST area: 30
Adding new region to list
FOREST created.
done
FOREST area: 34
Adding new region to list
FOREST created.
done
FOREST area: 33
Adding new region to list
FOREST created.
done
FOREST area: 23
Adding new region to list
FOREST created.
done
FOREST area: 25
Adding new region to list
FOREST created.
done
FOREST area: 25
Adding new region to list
FOREST created.
done
FOREST area: 21
Adding new region to list
FOREST created.
done
FOREST area: 24
Adding new region to list
FOREST created.
done
FOREST area: 21
Adding new region to list
FOREST created.
done
FOREST area: 19
Adding new region to list
FOREST created.
done
FOREST area: 14
Adding new region to list
FOREST created.
done
FOREST area: 18
Adding new region to list
FOREST created.
done
FOREST area: 16
Adding new region to list
FOREST created.
done
FOREST area: 14
Adding new region to list
FOREST created.
done
FOREST area: 21
Adding new region to list
FOREST created.
done
FOREST area: 17
Adding new region to list
FOREST created.
done
FOREST area: 10
Adding new region to list
FOREST created.
done
FOREST area: 15
Adding new region to list
FOREST created.
done
FOREST area: 20
Adding new region to list
FOREST created.
done
FOREST area: 15
Adding new region to list
FOREST created.
done
FOREST area: 8
Adding new region to list
FOREST created.
done
FOREST area: 9
Adding new region to list
FOREST created.
done
FOREST area: 9
Adding new region to list
FOREST created.
done
FOREST area: 8
Adding new region to list
FOREST created.
done
FOREST area: 11
Adding new region to list
FOREST created.
done
FOREST area: 10
Adding new region to list
FOREST created.
done
FOREST area: 11
Adding new region to list
FOREST created.
done
FOREST area: 8
Adding new region to list
FOREST created.
done
FOREST area: 7
Adding new region to list
FOREST created.
done
FOREST area: 7
Adding new region to list
FOREST created.
done
FOREST area: 9
Adding new region to list
FOREST created.
done
FOREST area: 7
Adding new region to list
FOREST created.
done
FOREST area: 9
Adding new region to list
FOREST created.
done
FOREST area: 9
Adding new region to list
FOREST created.
done
FOREST area: 5
Adding new region to list
FOREST created.
done
FOREST area: 6
Adding new region to list
FOREST created.
done
FOREST area: 7
Adding new region to list
FOREST created.
done
FOREST area: 9
Adding new region to list
FOREST created.
done
FOREST area: 7
Adding new region to list
FOREST created.
done
FOREST area: 8
Adding new region to list
FOREST created.
done
FOREST area: 8
Adding new region to list
FOREST created.
done
FOREST area: 7
Adding new region to list
FOREST created.
done
FOREST area: 5
Adding new region to list
FOREST created.
done
FOREST area: 9
Adding new region to list
FOREST created.
done
FOREST area: 6
Adding new region to list
FOREST created.
done
FOREST area: 6
Adding new region to list
FOREST created.
done
FOREST area: 7
Adding new region to list
FOREST created.
done
FOREST area: 5
Adding new region to list
FOREST created.
done
FOREST area: 8
Adding new region to list
FOREST created.
done
FOREST area: 7
Adding new region to list
FOREST created.
done
FOREST area: 3
Adding new region to list
FOREST created.
done
FOREST area: 9
Adding new region to list
FOREST created.
done
FOREST area: 6
Adding new region to list
FOREST created.
done
FOREST area: 4
Adding new region to list
FOREST created.
done
FOREST area: 2
Adding new region to list
FOREST created.
done
FOREST area: 5
Adding new region to list
FOREST created.
done
FOREST area: 5
Adding new region to list
FOREST created.
done
FOREST area: 3
Adding new region to list
FOREST created.
done
FOREST area: 3
Adding new region to list
FOREST created.
done
FOREST area: 2
Adding new region to list
FOREST created.
done
FOREST area: 3
Adding new region to list
FOREST created.
done
FOREST area: 4
Adding new region to list
FOREST created.
done
FOREST area: 5
Adding new region to list
FOREST created.
done
FOREST area: 5
Adding new region to list
FOREST created.
done
FOREST area: 4
Adding new region to list
FOREST created.
done
FOREST area: 3
Adding new region to list
FOREST created.
done
FOREST area: 5
Adding new region to list
FOREST created.
done
FOREST area: 4
Adding new region to list
FOREST created.
done
FOREST area: 3
Adding new region to list
FOREST created.
done
FOREST area: 4
Adding new region to list
FOREST created.
done
FOREST area: 3
Adding new region to list
FOREST created.
done
FOREST area: 3
Adding new region to list
FOREST created.
done
FOREST area: 5
Adding new region to list
FOREST created.
done
FOREST area: 4
Adding new region to list
FOREST created.
done
FOREST area: 4
Adding new region to list
FOREST created.
done
FOREST area: 5
Adding new region to list
FOREST created.
done
FOREST area: 4
Adding new region to list
FOREST created.
done
FOREST area: 4
Adding new region to list
FOREST created.
done
FOREST area: 4
Adding new region to list
FOREST created.
done
FOREST area: 3
Adding new region to list
FOREST created.
done
FOREST area: 2
Adding new region to list
FOREST created.
done
FOREST area: 3
Adding new region to list
FOREST created.
done
FOREST area: 3
Adding new region to list
FOREST created.
done
FOREST area: 5
Adding new region to list
FOREST created.
done
FOREST area: 3
Adding new region to list
FOREST created.
done
FOREST area: 1
Adding new region to list
FOREST created.
done
FOREST area: 1
Adding new region to list
FOREST created.
done
FOREST area: 1
Adding new region to list
FOREST created.
done
FOREST area: 1
Adding new region to list
FOREST created.
done
FOREST area: 1
Adding new region to list
FOREST created.
done
FOREST area: 1
Adding new region to list
FOREST created.
done
FOREST area: 1
Adding new region to list
FOREST created.
done
FOREST area: 1
Adding new region to list
FOREST created.
done
FOREST area: 1
Adding new region to list
FOREST created.
done
FOREST area: 1
Adding new region to list
FOREST created.
done
FOREST area: 1
Adding new region to list
FOREST created.
done
FOREST area: 1
Adding new region to list
FOREST created.
done
FOREST area: 1
Adding new region to list
FOREST created.
done
FOREST area: 1
Adding new region to list
FOREST created.
done
FOREST area: 1
Adding new region to list
FOREST created.
done
FOREST area: 1
Adding new region to list
FOREST created.
done
FOREST area: 1
Adding new region to list
FOREST created.
done
FOREST area: 1
Adding new region to list
FOREST created.
done
FOREST area: 1
Adding new region to list
FOREST created.
done
FOREST area: 1
Adding new region to list
FOREST created.
done
FOREST area: 1
Adding new region to list
FOREST created.
done
FOREST area: 1
Adding new region to list
FOREST created.
done
FOREST area: 1
Adding new region to list
FOREST created.
done
FOREST area: 1
Adding new region to list
FOREST created.
done
FOREST area: 1
Adding new region to list
FOREST created.
done
FOREST area: 1
Adding new region to list
FOREST created.
done
FOREST area: 1
Adding new region to list
FOREST created.
done
FOREST area: 1
Adding new region to list
FOREST created.
done
FOREST area: 1
Adding new region to list
FOREST created.
done
FOREST area: 1
Adding new region to list
FOREST created.
done
FOREST area: 1
Adding new region to list
FOREST created.
done
FOREST area: 1
Adding new region to list
FOREST created.
done
FOREST area: 1
Adding new region to list
FOREST created.
done
FOREST area: 1
Adding new region to list
FOREST created.
done
FOREST area: 1
Adding new region to list
FOREST created.
done
FOREST area: 1
Adding new region to list
FOREST created.
done
FOREST area: 1
Adding new region to list
FOREST created.
done
FOREST area: 1
Adding new region to list
FOREST created.
done
FOREST area: 1
Adding new region to list
FOREST created.
done
FOREST area: 1
Adding new region to list
FOREST created.
done
FOREST area: 1
Adding new region to list
FOREST created.
done
FOREST area: 1
Adding new region to list
FOREST created.
done
FOREST area: 1
Adding new region to list
FOREST created.
done
FOREST area: 1
Adding new region to list
FOREST created.
done
FOREST area: 1
Adding new region to list
FOREST created.
done
FOREST area: 1
Adding new region to list
FOREST created.
done
FOREST area: 1
Adding new region to list
FOREST created.
done
FOREST area: 1
Adding new region to list
FOREST created.
done
FOREST area: 1
Adding new region to list
FOREST created.
done
FOREST area: 1
Adding new region to list
FOREST created.
done
FOREST area: 1
Adding new region to list
FOREST created.
done
FOREST area: 1
Adding new region to list
FOREST created.
done
FOREST area: 1
Adding new region to list
FOREST created.
done
FOREST area: 1
Adding new region to list
FOREST created.
done
FOREST area: 1
Adding new region to list
FOREST created.
done
FOREST area: 1
Adding new region to list
FOREST created.
done
FOREST area: 1
Adding new region to list
FOREST created.
done
FOREST area: 1
Adding new region to list
FOREST created.
done
FOREST area: 1
Adding new region to list
FOREST created.
done
FOREST area: 1
Adding new region to list
FOREST created.
done
FOREST area: 1
Adding new region to list
FOREST created.
done
FOREST area: 1
Adding new region to list
FOREST created.
done
FOREST area: 1
Adding new region to list
FOREST created.
done
FOREST area: 1
Adding new region to list
FOREST created.
done
FOREST area: 1
Adding new region to list
FOREST created.
done
FOREST area: 1
Adding new region to list
FOREST created.
done
FOREST area: 1
Adding new region to list
FOREST created.
done
FOREST area: 1
Adding new region to list
FOREST created.
done
FOREST area: 1
Adding new region to list
FOREST created.
done
FOREST area: 1
Adding new region to list
FOREST created.
done
FOREST area: 1
Adding new region to list
FOREST created.
done
FOREST area: 1
Adding new region to list
FOREST created.
done
FOREST area: 1
Adding new region to list
FOREST created.
done
FOREST area: 1
Adding new region to list
FOREST created.
done
FOREST area: 1
Adding new region to list
FOREST created.
done
FOREST area: 1
Adding new region to list
FOREST created.
done
FOREST area: 1
Adding new region to list
FOREST created.
done
FOREST area: 1
Adding new region to list
FOREST created.
done
FOREST area: 1
Adding new region to list
FOREST created.
done
FOREST area: 1
Adding new region to list
FOREST created.
done
FOREST area: 1
Adding new region to list
FOREST created.
done
FOREST area: 1
Adding new region to list
FOREST created.
done
FOREST area: 1
Adding new region to list
FOREST created.
done
FOREST area: 1
Adding new region to list
FOREST created.
done
FOREST area: 1
Adding new region to list
FOREST created.
done
FOREST area: 1
Adding new region to list
FOREST created.
done
FOREST area: 1
Adding new region to list
FOREST created.
done
FOREST area: 1
Adding new region to list
FOREST created.
done
FOREST area: 1
Adding new region to list
FOREST created.
done
FOREST area: 1
Adding new region to list
FOREST created.
done
FOREST area: 1
Adding new region to list
FOREST created.
done
FOREST area: 1
Adding new region to list
FOREST created.
done
FOREST area: 1
Adding new region to list
FOREST created.
done
FOREST area: 1
Adding new region to list
FOREST created.
done
FOREST area: 1
Adding new region to list
FOREST created.
done
FOREST area: 1
Adding new region to list
FOREST created.
done
FOREST area: 1
Adding new region to list
FOREST created.
done
FOREST area: 1
Adding new region to list
FOREST created.
done
FOREST area: 1
Adding new region to list
FOREST created.
done
FOREST area: 1
Adding new region to list
FOREST created.
done
FOREST area: 1
Adding new region to list
FOREST created.
done
FOREST area: 1
Adding new region to list
FOREST created.
done
FOREST area: 1
Adding new region to list
FOREST created.
done
FOREST area: 1
Adding new region to list
FOREST created.
done
FOREST area: 1
Adding new region to list
FOREST created.
done
FOREST area: 1
Adding new region to list
FOREST created.
done
FOREST area: 1
Adding new region to list
FOREST created.
done
FOREST area: 1
Adding new region to list
FOREST created.
done
FOREST area: 1
Adding new region to list
FOREST created.
done
FOREST area: 1
Adding new region to list
FOREST created.
done
FOREST area: 1
Adding new region to list
FOREST created.
done
FOREST area: 1
Adding new region to list
FOREST created.
done
FOREST area: 1
Adding new region to list
FOREST created.
done
FOREST area: 1
Adding new region to list
FOREST created.
done
FOREST area: 1
Adding new region to list
FOREST created.
done
FOREST area: 1
Adding new region to list
FOREST created.
done
FOREST area: 1
Adding new region to list
FOREST created.
done
FOREST area: 1
Adding new region to list
FOREST created.
done
FOREST area: 1
Adding new region to list
FOREST created.
done
FOREST area: 1
Adding new region to list
FOREST created.
done
FOREST area: 1
Adding new region to list
FOREST created.
done
FOREST area: 1
Adding new region to list
FOREST created.
done
FOREST area: 1
Adding new region to list
FOREST created.
done
FOREST area: 1
Adding new region to list
FOREST created.
done
FOREST area: 1
Adding new region to list
FOREST created.
done
FOREST area: 1
Adding new region to list
FOREST created.
done
FOREST area: 1
Adding new region to list
FOREST created.
done
FOREST area: 1
Adding new region to list
FOREST created.
done
FOREST area: 1
Adding new region to list
FOREST created.
done
FOREST area: 1
Adding new region to list
FOREST created.
done
FOREST area: 1
Adding new region to list
FOREST created.
done
FOREST area: 1
Adding new region to list
FOREST created.
done
FOREST area: 1
Adding new region to list
FOREST created.
done
FOREST area: 1
Adding new region to list
FOREST created.
done
FOREST area: 1
Adding new region to list
FOREST created.
done
FOREST area: 1
Adding new region to list
FOREST created.
done
FOREST area: 1
Adding new region to list
FOREST created.
done
FOREST area: 1
Adding new region to list
FOREST created.
done
FOREST area: 1
Adding new region to list
FOREST created.
done
FOREST area: 1
Adding new region to list
FOREST created.
done
FOREST area: 1
Adding new region to list
FOREST created.
done
FOREST area: 1
Adding new region to list
FOREST created.
done
FOREST area: 1
Adding new region to list
FOREST created.
done
FOREST area: 1
Adding new region to list
FOREST created.
done
FOREST area: 1
Adding new region to list
FOREST created.
done
FOREST area: 1
Adding new region to list
FOREST created.
done
FOREST area: 1
Adding new region to list
FOREST created.
done
FOREST area: 1
Adding new region to list
FOREST created.
done
FOREST area: 1
Adding new region to list
FOREST created.
done
FOREST area: 1
Adding new region to list
FOREST created.
done
FOREST area: 1
Adding new region to list
FOREST created.
done
FOREST area: 1
Adding new region to list
FOREST created.
done
FOREST area: 1
Adding new region to list
FOREST created.
done
FOREST area: 1
Adding new region to list
FOREST created.
done
FOREST area: 1
Adding new region to list
FOREST created.
done
FOREST area: 1
Adding new region to list
FOREST created.
done
FOREST area: 1
Adding new region to list
FOREST created.
done
FOREST area: 1
Adding new region to list
FOREST created.
done
FOREST area: 1
Adding new region to list
FOREST created.
done
FOREST area: 1
Adding new region to list
FOREST created.
done
FOREST area: 1
Adding new region to list
FOREST created.
done
FOREST area: 1
Adding new region to list
FOREST created.
done
FOREST area: 1
Adding new region to list
FOREST created.
done
FOREST area: 1
Adding new region to list
FOREST created.
done
FOREST area: 1
Adding new region to list
FOREST created.
done
FOREST area: 1
Adding new region to list
FOREST created.
done
FOREST area: 1
Adding new region to list
FOREST created.
done
FOREST area: 1
Adding new region to list
FOREST created.
done
FOREST area: 1
Adding new region to list
FOREST created.
done
FOREST area: 1
Adding new region to list
FOREST created.
done
FOREST area: 1
Adding new region to list
FOREST created.
done
FOREST area: 1
Adding new region to list
FOREST created.
done
FOREST area: 1
Adding new region to list
FOREST created.
done
FOREST area: 1
Adding new region to list
FOREST created.
done
FOREST area: 1
Adding new region to list
FOREST created.
done
FOREST area: 1
Adding new region to list
FOREST created.
done
FOREST area: 1
Adding new region to list
FOREST created.
done
FOREST area: 1
Adding new region to list
FOREST created.
done
FOREST area: 1
Adding new region to list
FOREST created.
done
FOREST area: 1
Adding new region to list
FOREST created.
done
FOREST area: 1
Adding new region to list
FOREST created.
done
FOREST area: 1
Adding new region to list
FOREST created.
done
FOREST area: 1
Adding new region to list
FOREST created.
done
FOREST area: 1
Adding new region to list
FOREST created.
done
FOREST area: 1
Adding new region to list
FOREST created.
done
FOREST area: 1
Adding new region to list
FOREST created.
done
FOREST area: 1
Adding new region to list
FOREST created.
done
FOREST area: 1
Adding new region to list
FOREST created.
done
FOREST area: 1
Adding new region to list
FOREST created.
done
FOREST area: 1
Adding new region to list
FOREST created.
done
FOREST area: 1
Adding new region to list
FOREST created.
done
FOREST area: 1
Adding new region to list
FOREST created.
done
FOREST area: 1
Adding new region to list
FOREST created.
done
FOREST area: 1
Adding new region to list
FOREST created.
done
FOREST area: 1
Adding new region to list
FOREST created.
done
FOREST area: 1
Adding new region to list
FOREST created.
done
FOREST area: 1
Adding new region to list
FOREST created.
done
FOREST area: 1
Adding new region to list
FOREST created.
done
FOREST area: 1
Adding new region to list
FOREST created.
done
FOREST area: 1
Adding new region to list
FOREST created.
done
FOREST area: 1
Adding new region to list
FOREST created.
done
FOREST area: 1
Adding new region to list
FOREST created.
done
FOREST area: 1
Adding new region to list
FOREST created.
done
FOREST area: 1
Adding new region to list
FOREST created.
done
FOREST area: 1
Adding new region to list
FOREST created.
done
FOREST area: 1
Adding new region to list
FOREST created.
done
FOREST area: 1
Adding new region to list
FOREST created.
done
FOREST area: 1
Adding new region to list
FOREST created.
done
FOREST area: 1
Adding new region to list
FOREST created.
done
FOREST area: 1
Adding new region to list
FOREST created.
done
FOREST area: 1
Adding new region to list
FOREST created.
done
FOREST area: 1
Adding new region to list
FOREST created.
done
FOREST area: 1
Adding new region to list
FOREST created.
done
FOREST area: 1
Adding new region to list
FOREST created.
done
FOREST area: 1
Adding new region to list
FOREST created.
done
FOREST area: 1
Adding new region to list
FOREST created.
done
FOREST area: 1
Adding new region to list
FOREST created.
done
FOREST area: 1
Adding new region to list
FOREST created.
done
FOREST area: 1
Adding new region to list
FOREST created.
done
FOREST area: 1
Adding new region to list
FOREST created.
done
FOREST area: 1
Adding new region to list
FOREST created.
done
FOREST area: 1
Adding new region to list
FOREST created.
done
FOREST area: 1
Adding new region to list
FOREST created.
done
FOREST area: 1
Adding new region to list
FOREST created.
done
FOREST area: 1
Adding new region to list
FOREST created.
done
FOREST area: 1
Adding new region to list
FOREST created.
done
FOREST area: 1
Adding new region to list
FOREST created.
done
FOREST area: 1
Adding new region to list
FOREST created.
done
FOREST area: 1
Adding new region to list
FOREST created.
done
FOREST area: 1
Adding new region to list
FOREST created.
done
FOREST area: 1
Adding new region to list
FOREST created.
done
FOREST area: 1
Adding new region to list
FOREST created.
done
FOREST area: 1
Adding new region to list
FOREST created.
done
FOREST area: 1
Adding new region to list
FOREST created.
done
FOREST area: 1
Adding new region to list
FOREST created.
done
FOREST area: 1
Adding new region to list
FOREST created.
done
FOREST area: 1
Adding new region to list
FOREST created.
done
FOREST area: 1
Adding new region to list
FOREST created.
done
FOREST area: 1
Adding new region to list
FOREST created.
done
FOREST area: 1
Adding new region to list
FOREST created.
done
FOREST area: 1
Adding new region to list
FOREST created.
done
FOREST area: 1
Adding new region to list
FOREST created.
done
FOREST area: 1
Adding new region to list
FOREST created.
done
FOREST area: 1
Adding new region to list
FOREST created.
done
FOREST area: 1
Adding new region to list
FOREST created.
done
FOREST area: 1
Adding new region to list
FOREST created.
done
FOREST area: 1
Adding new region to list
FOREST created.
done
FOREST area: 1
Adding new region to list
FOREST created.
done
FOREST area: 1
Adding new region to list
FOREST created.
done
FOREST area: 1
Adding new region to list
FOREST created.
done
FOREST area: 1
Adding new region to list
FOREST created.
done
FOREST area: 1
Adding new region to list
FOREST created.
done
FOREST area: 1
Adding new region to list
FOREST created.
done
FOREST area: 1
Adding new region to list
FOREST created.
done
FOREST area: 1
Adding new region to list
FOREST created.
done
FOREST area: 1
Adding new region to list
FOREST created.
done
FOREST area: 1
Adding new region to list
FOREST created.
done
FOREST area: 1
Adding new region to list
FOREST created.
done
FOREST area: 1
Adding new region to list
FOREST created.
done
FOREST area: 1
Adding new region to list
FOREST created.
done
FOREST area: 1
Adding new region to list
FOREST created.
done
FOREST area: 1
Adding new region to list
FOREST created.
done
FOREST area: 1
Adding new region to list
FOREST created.
done
FOREST area: 1
Adding new region to list
FOREST created.
done
FOREST area: 1
Adding new region to list
FOREST created.
done
FOREST area: 1
Adding new region to list
FOREST created.
done
FOREST area: 1
Adding new region to list
FOREST created.
done
FOREST area: 1
Adding new region to list
FOREST created.
done
FOREST area: 1
Adding new region to list
FOREST created.
done
FOREST area: 1
Adding new region to list
FOREST created.
done
FOREST area: 1
Adding new region to list
FOREST created.
done
FOREST area: 1
Adding new region to list
FOREST created.
done
FOREST area: 1
Adding new region to list
FOREST created.
done
FOREST area: 1
Adding new region to list
FOREST created.
done
FOREST area: 1
Adding new region to list
FOREST created.
done
FOREST area: 1
Adding new region to list
FOREST created.
done
FOREST area: 1
Adding new region to list
FOREST created.
done
FOREST area: 1
Adding new region to list
FOREST created.
done
FOREST area: 1
Adding new region to list
FOREST created.
done
FOREST area: 1
Adding new region to list
FOREST created.
done
FOREST area: 1
Adding new region to list
FOREST created.
done
FOREST area: 1
Adding new region to list
FOREST created.
done
FOREST area: 1
Adding new region to list
FOREST created.
done
FOREST area: 1
Adding new region to list
FOREST created.
done
FOREST area: 1
Adding new region to list
FOREST created.
done
FOREST area: 1
Adding new region to list
FOREST created.
done
FOREST area: 1
Adding new region to list
FOREST created.
done
FOREST area: 1
Adding new region to list
FOREST created.
done
FOREST area: 1
Adding new region to list
FOREST created.
done
FOREST area: 1
Adding new region to list
FOREST created.
done
FOREST area: 1
Adding new region to list
FOREST created.
done
FOREST area: 1
Adding new region to list
FOREST created.
done
FOREST area: 1
Adding new region to list
FOREST created.
done
FOREST area: 1
Adding new region to list
FOREST created.
done
FOREST area: 1
Adding new region to list
FOREST created.
done
FOREST area: 1
Adding new region to list
FOREST created.
done
FOREST area: 1
Adding new region to list
FOREST created.
done
FOREST area: 1
Adding new region to list
FOREST created.
done
FOREST area: 1
Adding new region to list
FOREST created.
done
FOREST area: 1
Adding new region to list
FOREST created.
done
SWAMP_FOREST area: 576
Adding new region to list
SWAMP_FOREST created.
done
SWAMP_FOREST area: 614
Adding new region to list
SWAMP_FOREST created.
done
SWAMP_FOREST area: 385
Adding new region to list
SWAMP_FOREST created.
done
SWAMP_FOREST area: 426
Adding new region to list
SWAMP_FOREST created.
done
SWAMP_FOREST area: 151
Adding new region to list
SWAMP_FOREST created.
done
SWAMP_FOREST area: 260
Adding new region to list
SWAMP_FOREST created.
done
SWAMP_FOREST area: 233
Adding new region to list
SWAMP_FOREST created.
done
SWAMP_FOREST area: 113
Adding new region to list
SWAMP_FOREST created.
done
SWAMP_FOREST area: 66
Adding new region to list
SWAMP_FOREST created.
done
SWAMP_FOREST area: 186
Adding new region to list
SWAMP_FOREST created.
done
SWAMP_FOREST area: 141
Adding new region to list
SWAMP_FOREST created.
done
SWAMP_FOREST area: 108
Adding new region to list
SWAMP_FOREST created.
done
SWAMP_FOREST area: 67
Adding new region to list
SWAMP_FOREST created.
done
SWAMP_FOREST area: 95
Adding new region to list
SWAMP_FOREST created.
done
SWAMP_FOREST area: 122
Adding new region to list
SWAMP_FOREST created.
done
SWAMP_FOREST area: 57
Adding new region to list
SWAMP_FOREST created.
done
SWAMP_FOREST area: 93
Adding new region to list
SWAMP_FOREST created.
done
SWAMP_FOREST area: 117
Adding new region to list
SWAMP_FOREST created.
done
SWAMP_FOREST area: 85
Adding new region to list
SWAMP_FOREST created.
done
SWAMP_FOREST area: 76
Adding new region to list
SWAMP_FOREST created.
done
SWAMP_FOREST area: 84
Adding new region to list
SWAMP_FOREST created.
done
SWAMP_FOREST area: 50
Adding new region to list
SWAMP_FOREST created.
done
SWAMP_FOREST area: 68
Adding new region to list
SWAMP_FOREST created.
done
SWAMP_FOREST area: 59
Adding new region to list
SWAMP_FOREST created.
done
SWAMP_FOREST area: 39
Adding new region to list
SWAMP_FOREST created.
done
SWAMP_FOREST area: 58
Adding new region to list
SWAMP_FOREST created.
done
SWAMP_FOREST area: 36
Adding new region to list
SWAMP_FOREST created.
done
SWAMP_FOREST area: 36
Adding new region to list
SWAMP_FOREST created.
done
SWAMP_FOREST area: 50
Adding new region to list
SWAMP_FOREST created.
done
SWAMP_FOREST area: 25
Adding new region to list
SWAMP_FOREST created.
done
SWAMP_FOREST area: 41
Adding new region to list
SWAMP_FOREST created.
done
SWAMP_FOREST area: 31
Adding new region to list
SWAMP_FOREST created.
done
SWAMP_FOREST area: 29
Adding new region to list
SWAMP_FOREST created.
done
SWAMP_FOREST area: 26
Adding new region to list
SWAMP_FOREST created.
done
SWAMP_FOREST area: 22
Adding new region to list
SWAMP_FOREST created.
done
SWAMP_FOREST area: 28
Adding new region to list
SWAMP_FOREST created.
done
SWAMP_FOREST area: 26
Adding new region to list
SWAMP_FOREST created.
done
SWAMP_FOREST area: 22
Adding new region to list
SWAMP_FOREST created.
done
SWAMP_FOREST area: 25
Adding new region to list
SWAMP_FOREST created.
done
SWAMP_FOREST area: 33
Adding new region to list
SWAMP_FOREST created.
done
SWAMP_FOREST area: 22
Adding new region to list
SWAMP_FOREST created.
done
SWAMP_FOREST area: 13
Adding new region to list
SWAMP_FOREST created.
done
SWAMP_FOREST area: 24
Adding new region to list
SWAMP_FOREST created.
done
SWAMP_FOREST area: 24
Adding new region to list
SWAMP_FOREST created.
done
SWAMP_FOREST area: 19
Adding new region to list
SWAMP_FOREST created.
done
SWAMP_FOREST area: 14
Adding new region to list
SWAMP_FOREST created.
done
SWAMP_FOREST area: 20
Adding new region to list
SWAMP_FOREST created.
done
SWAMP_FOREST area: 13
Adding new region to list
SWAMP_FOREST created.
done
SWAMP_FOREST area: 17
Adding new region to list
SWAMP_FOREST created.
done
SWAMP_FOREST area: 16
Adding new region to list
SWAMP_FOREST created.
done
SWAMP_FOREST area: 18
Adding new region to list
SWAMP_FOREST created.
done
SWAMP_FOREST area: 15
Adding new region to list
SWAMP_FOREST created.
done
SWAMP_FOREST area: 12
Adding new region to list
SWAMP_FOREST created.
done
SWAMP_FOREST area: 12
Adding new region to list
SWAMP_FOREST created.
done
SWAMP_FOREST area: 20
Adding new region to list
SWAMP_FOREST created.
done
SWAMP_FOREST area: 14
Adding new region to list
SWAMP_FOREST created.
done
SWAMP_FOREST area: 11
Adding new region to list
SWAMP_FOREST created.
done
SWAMP_FOREST area: 7
Adding new region to list
SWAMP_FOREST created.
done
SWAMP_FOREST area: 12
Adding new region to list
SWAMP_FOREST created.
done
SWAMP_FOREST area: 7
Adding new region to list
SWAMP_FOREST created.
done
SWAMP_FOREST area: 5
Adding new region to list
SWAMP_FOREST created.
done
SWAMP_FOREST area: 12
Adding new region to list
SWAMP_FOREST created.
done
SWAMP_FOREST area: 8
Adding new region to list
SWAMP_FOREST created.
done
SWAMP_FOREST area: 7
Adding new region to list
SWAMP_FOREST created.
done
SWAMP_FOREST area: 8
Adding new region to list
SWAMP_FOREST created.
done
SWAMP_FOREST area: 9
Adding new region to list
SWAMP_FOREST created.
done
SWAMP_FOREST area: 5
Adding new region to list
SWAMP_FOREST created.
done
SWAMP_FOREST area: 6
Adding new region to list
SWAMP_FOREST created.
done
SWAMP_FOREST area: 9
Adding new region to list
SWAMP_FOREST created.
done
SWAMP_FOREST area: 5
Adding new region to list
SWAMP_FOREST created.
done
SWAMP_FOREST area: 6
Adding new region to list
SWAMP_FOREST created.
done
SWAMP_FOREST area: 9
Adding new region to list
SWAMP_FOREST created.
done
SWAMP_FOREST area: 8
Adding new region to list
SWAMP_FOREST created.
done
SWAMP_FOREST area: 8
Adding new region to list
SWAMP_FOREST created.
done
SWAMP_FOREST area: 9
Adding new region to list
SWAMP_FOREST created.
done
SWAMP_FOREST area: 4
Adding new region to list
SWAMP_FOREST created.
done
SWAMP_FOREST area: 9
Adding new region to list
SWAMP_FOREST created.
done
SWAMP_FOREST area: 8
Adding new region to list
SWAMP_FOREST created.
done
SWAMP_FOREST area: 7
Adding new region to list
SWAMP_FOREST created.
done
SWAMP_FOREST area: 3
Adding new region to list
SWAMP_FOREST created.
done
SWAMP_FOREST area: 8
Adding new region to list
SWAMP_FOREST created.
done
SWAMP_FOREST area: 7
Adding new region to list
SWAMP_FOREST created.
done
SWAMP_FOREST area: 5
Adding new region to list
SWAMP_FOREST created.
done
SWAMP_FOREST area: 8
Adding new region to list
SWAMP_FOREST created.
done
SWAMP_FOREST area: 7
Adding new region to list
SWAMP_FOREST created.
done
SWAMP_FOREST area: 8
Adding new region to list
SWAMP_FOREST created.
done
SWAMP_FOREST area: 8
Adding new region to list
SWAMP_FOREST created.
done
SWAMP_FOREST area: 7
Adding new region to list
SWAMP_FOREST created.
done
SWAMP_FOREST area: 4
Adding new region to list
SWAMP_FOREST created.
done
SWAMP_FOREST area: 4
Adding new region to list
SWAMP_FOREST created.
done
SWAMP_FOREST area: 3
Adding new region to list
SWAMP_FOREST created.
done
SWAMP_FOREST area: 5
Adding new region to list
SWAMP_FOREST created.
done
SWAMP_FOREST area: 2
Adding new region to list
SWAMP_FOREST created.
done
SWAMP_FOREST area: 5
Adding new region to list
SWAMP_FOREST created.
done
SWAMP_FOREST area: 4
Adding new region to list
SWAMP_FOREST created.
done
SWAMP_FOREST area: 5
Adding new region to list
SWAMP_FOREST created.
done
SWAMP_FOREST area: 4
Adding new region to list
SWAMP_FOREST created.
done
SWAMP_FOREST area: 5
Adding new region to list
SWAMP_FOREST created.
done
SWAMP_FOREST area: 4
Adding new region to list
SWAMP_FOREST created.
done
SWAMP_FOREST area: 1
Adding new region to list
SWAMP_FOREST created.
done
SWAMP_FOREST area: 5
Adding new region to list
SWAMP_FOREST created.
done
SWAMP_FOREST area: 3
Adding new region to list
SWAMP_FOREST created.
done
SWAMP_FOREST area: 4
Adding new region to list
SWAMP_FOREST created.
done
SWAMP_FOREST area: 2
Adding new region to list
SWAMP_FOREST created.
done
SWAMP_FOREST area: 4
Adding new region to list
SWAMP_FOREST created.
done
SWAMP_FOREST area: 4
Adding new region to list
SWAMP_FOREST created.
done
SWAMP_FOREST area: 3
Adding new region to list
SWAMP_FOREST created.
done
SWAMP_FOREST area: 5
Adding new region to list
SWAMP_FOREST created.
done
SWAMP_FOREST area: 3
Adding new region to list
SWAMP_FOREST created.
done
SWAMP_FOREST area: 4
Adding new region to list
SWAMP_FOREST created.
done
SWAMP_FOREST area: 3
Adding new region to list
SWAMP_FOREST created.
done
SWAMP_FOREST area: 5
Adding new region to list
SWAMP_FOREST created.
done
SWAMP_FOREST area: 3
Adding new region to list
SWAMP_FOREST created.
done
SWAMP_FOREST area: 3
Adding new region to list
SWAMP_FOREST created.
done
SWAMP_FOREST area: 2
Adding new region to list
SWAMP_FOREST created.
done
SWAMP_FOREST area: 5
Adding new region to list
SWAMP_FOREST created.
done
SWAMP_FOREST area: 4
Adding new region to list
SWAMP_FOREST created.
done
SWAMP_FOREST area: 3
Adding new region to list
SWAMP_FOREST created.
done
SWAMP_FOREST area: 5
Adding new region to list
SWAMP_FOREST created.
done
SWAMP_FOREST area: 5
Adding new region to list
SWAMP_FOREST created.
done
SWAMP_FOREST area: 4
Adding new region to list
SWAMP_FOREST created.
done
SWAMP_FOREST area: 3
Adding new region to list
SWAMP_FOREST created.
done
SWAMP_FOREST area: 1
Adding new region to list
SWAMP_FOREST created.
done
SWAMP_FOREST area: 1
Adding new region to list
SWAMP_FOREST created.
done
SWAMP_FOREST area: 1
Adding new region to list
SWAMP_FOREST created.
done
SWAMP_FOREST area: 1
Adding new region to list
SWAMP_FOREST created.
done
SWAMP_FOREST area: 1
Adding new region to list
SWAMP_FOREST created.
done
SWAMP_FOREST area: 1
Adding new region to list
SWAMP_FOREST created.
done
SWAMP_FOREST area: 1
Adding new region to list
SWAMP_FOREST created.
done
SWAMP_FOREST area: 1
Adding new region to list
SWAMP_FOREST created.
done
SWAMP_FOREST area: 1
Adding new region to list
SWAMP_FOREST created.
done
SWAMP_FOREST area: 1
Adding new region to list
SWAMP_FOREST created.
done
SWAMP_FOREST area: 1
Adding new region to list
SWAMP_FOREST created.
done
SWAMP_FOREST area: 1
Adding new region to list
SWAMP_FOREST created.
done
SWAMP_FOREST area: 1
Adding new region to list
SWAMP_FOREST created.
done
SWAMP_FOREST area: 1
Adding new region to list
SWAMP_FOREST created.
done
SWAMP_FOREST area: 1
Adding new region to list
SWAMP_FOREST created.
done
SWAMP_FOREST area: 1
Adding new region to list
SWAMP_FOREST created.
done
SWAMP_FOREST area: 1
Adding new region to list
SWAMP_FOREST created.
done
SWAMP_FOREST area: 1
Adding new region to list
SWAMP_FOREST created.
done
SWAMP_FOREST area: 1
Adding new region to list
SWAMP_FOREST created.
done
SWAMP_FOREST area: 1
Adding new region to list
SWAMP_FOREST created.
done
SWAMP_FOREST area: 1
Adding new region to list
SWAMP_FOREST created.
done
SWAMP_FOREST area: 1
Adding new region to list
SWAMP_FOREST created.
done
SWAMP_FOREST area: 1
Adding new region to list
SWAMP_FOREST created.
done
SWAMP_FOREST area: 1
Adding new region to list
SWAMP_FOREST created.
done
SWAMP_FOREST area: 1
Adding new region to list
SWAMP_FOREST created.
done
SWAMP_FOREST area: 1
Adding new region to list
SWAMP_FOREST created.
done
SWAMP_FOREST area: 1
Adding new region to list
SWAMP_FOREST created.
done
SWAMP_FOREST area: 1
Adding new region to list
SWAMP_FOREST created.
done
SWAMP_FOREST area: 1
Adding new region to list
SWAMP_FOREST created.
done
SWAMP_FOREST area: 1
Adding new region to list
SWAMP_FOREST created.
done
SWAMP_FOREST area: 1
Adding new region to list
SWAMP_FOREST created.
done
SWAMP_FOREST area: 1
Adding new region to list
SWAMP_FOREST created.
done
SWAMP_FOREST area: 1
Adding new region to list
SWAMP_FOREST created.
done
SWAMP_FOREST area: 1
Adding new region to list
SWAMP_FOREST created.
done
SWAMP_FOREST area: 1
Adding new region to list
SWAMP_FOREST created.
done
SWAMP_FOREST area: 1
Adding new region to list
SWAMP_FOREST created.
done
SWAMP_FOREST area: 1
Adding new region to list
SWAMP_FOREST created.
done
SWAMP_FOREST area: 1
Adding new region to list
SWAMP_FOREST created.
done
SWAMP_FOREST area: 1
Adding new region to list
SWAMP_FOREST created.
done
SWAMP_FOREST area: 1
Adding new region to list
SWAMP_FOREST created.
done
SWAMP_FOREST area: 1
Adding new region to list
SWAMP_FOREST created.
done
SWAMP_FOREST area: 1
Adding new region to list
SWAMP_FOREST created.
done
SWAMP_FOREST area: 1
Adding new region to list
SWAMP_FOREST created.
done
SWAMP_FOREST area: 1
Adding new region to list
SWAMP_FOREST created.
done
SWAMP_FOREST area: 1
Adding new region to list
SWAMP_FOREST created.
done
SWAMP_FOREST area: 1
Adding new region to list
SWAMP_FOREST created.
done
SWAMP_FOREST area: 1
Adding new region to list
SWAMP_FOREST created.
done
SWAMP_FOREST area: 1
Adding new region to list
SWAMP_FOREST created.
done
SWAMP_FOREST area: 1
Adding new region to list
SWAMP_FOREST created.
done
SWAMP_FOREST area: 1
Adding new region to list
SWAMP_FOREST created.
done
SWAMP_FOREST area: 1
Adding new region to list
SWAMP_FOREST created.
done
SWAMP_FOREST area: 1
Adding new region to list
SWAMP_FOREST created.
done
SWAMP_FOREST area: 1
Adding new region to list
SWAMP_FOREST created.
done
SWAMP_FOREST area: 1
Adding new region to list
SWAMP_FOREST created.
done
SWAMP_FOREST area: 1
Adding new region to list
SWAMP_FOREST created.
done
SWAMP_FOREST area: 1
Adding new region to list
SWAMP_FOREST created.
done
SWAMP_FOREST area: 1
Adding new region to list
SWAMP_FOREST created.
done
SWAMP_FOREST area: 1
Adding new region to list
SWAMP_FOREST created.
done
SWAMP_FOREST area: 1
Adding new region to list
SWAMP_FOREST created.
done
SWAMP_FOREST area: 1
Adding new region to list
SWAMP_FOREST created.
done
SWAMP_FOREST area: 1
Adding new region to list
SWAMP_FOREST created.
done
SWAMP_FOREST area: 1
Adding new region to list
SWAMP_FOREST created.
done
SWAMP_FOREST area: 1
Adding new region to list
SWAMP_FOREST created.
done
SWAMP_FOREST area: 1
Adding new region to list
SWAMP_FOREST created.
done
SWAMP_FOREST area: 1
Adding new region to list
SWAMP_FOREST created.
done
SWAMP_FOREST area: 1
Adding new region to list
SWAMP_FOREST created.
done
SWAMP_FOREST area: 1
Adding new region to list
SWAMP_FOREST created.
done
SWAMP_FOREST area: 1
Adding new region to list
SWAMP_FOREST created.
done
SWAMP_FOREST area: 1
Adding new region to list
SWAMP_FOREST created.
done
SWAMP_FOREST area: 1
Adding new region to list
SWAMP_FOREST created.
done
SWAMP_FOREST area: 1
Adding new region to list
SWAMP_FOREST created.
done
SWAMP_FOREST area: 1
Adding new region to list
SWAMP_FOREST created.
done
SWAMP_FOREST area: 1
Adding new region to list
SWAMP_FOREST created.
done
SWAMP_FOREST area: 1
Adding new region to list
SWAMP_FOREST created.
done
SWAMP_FOREST area: 1
Adding new region to list
SWAMP_FOREST created.
done
SWAMP_FOREST area: 1
Adding new region to list
SWAMP_FOREST created.
done
SWAMP_FOREST area: 1
Adding new region to list
SWAMP_FOREST created.
done
SWAMP_FOREST area: 1
Adding new region to list
SWAMP_FOREST created.
done
SWAMP_FOREST area: 1
Adding new region to list
SWAMP_FOREST created.
done
SWAMP_FOREST area: 1
Adding new region to list
SWAMP_FOREST created.
done
SWAMP_FOREST area: 1
Adding new region to list
SWAMP_FOREST created.
done
SWAMP_FOREST area: 1
Adding new region to list
SWAMP_FOREST created.
done
SWAMP_FOREST area: 1
Adding new region to list
SWAMP_FOREST created.
done
SWAMP_FOREST area: 1
Adding new region to list
SWAMP_FOREST created.
done
SWAMP_FOREST area: 1
Adding new region to list
SWAMP_FOREST created.
done
SWAMP_FOREST area: 1
Adding new region to list
SWAMP_FOREST created.
done
SWAMP_FOREST area: 1
Adding new region to list
SWAMP_FOREST created.
done
SWAMP_FOREST area: 1
Adding new region to list
SWAMP_FOREST created.
done
SWAMP_FOREST area: 1
Adding new region to list
SWAMP_FOREST created.
done
SWAMP_FOREST area: 1
Adding new region to list
SWAMP_FOREST created.
done
SWAMP_FOREST area: 1
Adding new region to list
SWAMP_FOREST created.
done
SWAMP_FOREST area: 1
Adding new region to list
SWAMP_FOREST created.
done
SWAMP_FOREST area: 1
Adding new region to list
SWAMP_FOREST created.
done
SWAMP_FOREST area: 1
Adding new region to list
SWAMP_FOREST created.
done
SWAMP_FOREST area: 1
Adding new region to list
SWAMP_FOREST created.
done
SWAMP_FOREST area: 1
Adding new region to list
SWAMP_FOREST created.
done
SWAMP_FOREST area: 1
Adding new region to list
SWAMP_FOREST created.
done
SWAMP_FOREST area: 1
Adding new region to list
SWAMP_FOREST created.
done
SWAMP_FOREST area: 1
Adding new region to list
SWAMP_FOREST created.
done
SWAMP_FOREST area: 1
Adding new region to list
SWAMP_FOREST created.
done
SWAMP_FOREST area: 1
Adding new region to list
SWAMP_FOREST created.
done
SWAMP_FOREST area: 1
Adding new region to list
SWAMP_FOREST created.
done
SWAMP_FOREST area: 1
Adding new region to list
SWAMP_FOREST created.
done
SWAMP_FOREST area: 1
Adding new region to list
SWAMP_FOREST created.
done
SWAMP_FOREST area: 1
Adding new region to list
SWAMP_FOREST created.
done
SWAMP_FOREST area: 1
Adding new region to list
SWAMP_FOREST created.
done
SWAMP_FOREST area: 1
Adding new region to list
SWAMP_FOREST created.
done
SWAMP_FOREST area: 1
Adding new region to list
SWAMP_FOREST created.
done
SWAMP_FOREST area: 1
Adding new region to list
SWAMP_FOREST created.
done
SWAMP_FOREST area: 1
Adding new region to list
SWAMP_FOREST created.
done
SWAMP_FOREST area: 1
Adding new region to list
SWAMP_FOREST created.
done
SWAMP_FOREST area: 1
Adding new region to list
SWAMP_FOREST created.
done
SWAMP_FOREST area: 1
Adding new region to list
SWAMP_FOREST created.
done
SWAMP_FOREST area: 1
Adding new region to list
SWAMP_FOREST created.
done
SWAMP_FOREST area: 1
Adding new region to list
SWAMP_FOREST created.
done
SWAMP_FOREST area: 1
Adding new region to list
SWAMP_FOREST created.
done
SWAMP_FOREST area: 1
Adding new region to list
SWAMP_FOREST created.
done
SWAMP_FOREST area: 1
Adding new region to list
SWAMP_FOREST created.
done
SWAMP_FOREST area: 1
Adding new region to list
SWAMP_FOREST created.
done
SWAMP_FOREST area: 1
Adding new region to list
SWAMP_FOREST created.
done
SWAMP_FOREST area: 1
Adding new region to list
SWAMP_FOREST created.
done
SWAMP_FOREST area: 1
Adding new region to list
SWAMP_FOREST created.
done
SWAMP_FOREST area: 1
Adding new region to list
SWAMP_FOREST created.
done
SWAMP_FOREST area: 1
Adding new region to list
SWAMP_FOREST created.
done
SWAMP_FOREST area: 1
Adding new region to list
SWAMP_FOREST created.
done
SWAMP_FOREST area: 1
Adding new region to list
SWAMP_FOREST created.
done
SWAMP_FOREST area: 1
Adding new region to list
SWAMP_FOREST created.
done
SWAMP_FOREST area: 1
Adding new region to list
SWAMP_FOREST created.
done
SWAMP_FOREST area: 1
Adding new region to list
SWAMP_FOREST created.
done
SWAMP_FOREST area: 1
Adding new region to list
SWAMP_FOREST created.
done
SWAMP_FOREST area: 1
Adding new region to list
SWAMP_FOREST created.
done
SWAMP_FOREST area: 1
Adding new region to list
SWAMP_FOREST created.
done
SWAMP_FOREST area: 1
Adding new region to list
SWAMP_FOREST created.
done
SWAMP_FOREST area: 1
Adding new region to list
SWAMP_FOREST created.
done
SWAMP_FOREST area: 1
Adding new region to list
SWAMP_FOREST created.
done
SWAMP_FOREST area: 1
Adding new region to list
SWAMP_FOREST created.
done
SWAMP_FOREST area: 1
Adding new region to list
SWAMP_FOREST created.
done
SWAMP_FOREST area: 1
Adding new region to list
SWAMP_FOREST created.
done
SWAMP_FOREST area: 1
Adding new region to list
SWAMP_FOREST created.
done
SWAMP_FOREST area: 1
Adding new region to list
SWAMP_FOREST created.
done
SWAMP_FOREST area: 1
Adding new region to list
SWAMP_FOREST created.
done
SWAMP_FOREST area: 1
Adding new region to list
SWAMP_FOREST created.
done
SWAMP_FOREST area: 1
Adding new region to list
SWAMP_FOREST created.
done
SWAMP_FOREST area: 1
Adding new region to list
SWAMP_FOREST created.
done
SWAMP_FOREST area: 1
Adding new region to list
SWAMP_FOREST created.
done
SWAMP_FOREST area: 1
Adding new region to list
SWAMP_FOREST created.
done
SWAMP_FOREST area: 1
Adding new region to list
SWAMP_FOREST created.
done
SWAMP_FOREST area: 1
Adding new region to list
SWAMP_FOREST created.
done
SWAMP_FOREST area: 1
Adding new region to list
SWAMP_FOREST created.
done
SWAMP_FOREST area: 1
Adding new region to list
SWAMP_FOREST created.
done
SWAMP_FOREST area: 1
Adding new region to list
SWAMP_FOREST created.
done
SWAMP_FOREST area: 1
Adding new region to list
SWAMP_FOREST created.
done
SWAMP_FOREST area: 1
Adding new region to list
SWAMP_FOREST created.
done
SWAMP_FOREST area: 1
Adding new region to list
SWAMP_FOREST created.
done
SWAMP_FOREST area: 1
Adding new region to list
SWAMP_FOREST created.
done
SWAMP_FOREST area: 1
Adding new region to list
SWAMP_FOREST created.
done
SWAMP_FOREST area: 1
Adding new region to list
SWAMP_FOREST created.
done
SWAMP_FOREST area: 1
Adding new region to list
SWAMP_FOREST created.
done
SWAMP_FOREST area: 1
Adding new region to list
SWAMP_FOREST created.
done
SWAMP_FOREST area: 1
Adding new region to list
SWAMP_FOREST created.
done
SWAMP_FOREST area: 1
Adding new region to list
SWAMP_FOREST created.
done
SWAMP_FOREST area: 1
Adding new region to list
SWAMP_FOREST created.
done
SWAMP_FOREST area: 1
Adding new region to list
SWAMP_FOREST created.
done
SWAMP_FOREST area: 1
Adding new region to list
SWAMP_FOREST created.
done
SWAMP_FOREST area: 1
Adding new region to list
SWAMP_FOREST created.
done
SWAMP_FOREST area: 1
Adding new region to list
SWAMP_FOREST created.
done
SWAMP_FOREST area: 1
Adding new region to list
SWAMP_FOREST created.
done
SWAMP_FOREST area: 1
Adding new region to list
SWAMP_FOREST created.
done
SWAMP_FOREST area: 1
Adding new region to list
SWAMP_FOREST created.
done
SWAMP_FOREST area: 1
Adding new region to list
SWAMP_FOREST created.
done
SWAMP_FOREST area: 1
Adding new region to list
SWAMP_FOREST created.
done
SWAMP_FOREST area: 1
Adding new region to list
SWAMP_FOREST created.
done
SWAMP_FOREST area: 1
Adding new region to list
SWAMP_FOREST created.
done
SWAMP_FOREST area: 1
Adding new region to list
SWAMP_FOREST created.
done
SWAMP_FOREST area: 1
Adding new region to list
SWAMP_FOREST created.
done
SWAMP_FOREST area: 1
Adding new region to list
SWAMP_FOREST created.
done
SWAMP_FOREST area: 1
Adding new region to list
SWAMP_FOREST created.
done
SWAMP_FOREST area: 1
Adding new region to list
SWAMP_FOREST created.
done
SWAMP_FOREST area: 1
Adding new region to list
SWAMP_FOREST created.
done
SWAMP_FOREST area: 1
Adding new region to list
SWAMP_FOREST created.
done
SWAMP_FOREST area: 1
Adding new region to list
SWAMP_FOREST created.
done
SWAMP_FOREST area: 1
Adding new region to list
SWAMP_FOREST created.
done
SWAMP_FOREST area: 1
Adding new region to list
SWAMP_FOREST created.
done
SWAMP_FOREST area: 1
Adding new region to list
SWAMP_FOREST created.
done
SWAMP_FOREST area: 1
Adding new region to list
SWAMP_FOREST created.
done
SWAMP_FOREST area: 1
Adding new region to list
SWAMP_FOREST created.
done
SWAMP_FOREST area: 1
Adding new region to list
SWAMP_FOREST created.
done
SWAMP_FOREST area: 1
Adding new region to list
SWAMP_FOREST created.
done
SWAMP_FOREST area: 1
Adding new region to list
SWAMP_FOREST created.
done
SWAMP_FOREST area: 1
Adding new region to list
SWAMP_FOREST created.
done
SWAMP_FOREST area: 1
Adding new region to list
SWAMP_FOREST created.
done
SWAMP_FOREST area: 1
Adding new region to list
SWAMP_FOREST created.
done
SWAMP_FOREST area: 1
Adding new region to list
SWAMP_FOREST created.
done
SWAMP_FOREST area: 1
Adding new region to list
SWAMP_FOREST created.
done
SWAMP_FOREST area: 1
Adding new region to list
SWAMP_FOREST created.
done
SWAMP_FOREST area: 1
Adding new region to list
SWAMP_FOREST created.
done
SWAMP_FOREST area: 1
Adding new region to list
SWAMP_FOREST created.
done
SWAMP_FOREST area: 1
Adding new region to list
SWAMP_FOREST created.
done
SWAMP_FOREST area: 1
Adding new region to list
SWAMP_FOREST created.
done
SWAMP_FOREST area: 1
Adding new region to list
SWAMP_FOREST created.
done
SWAMP_FOREST area: 1
Adding new region to list
SWAMP_FOREST created.
done
SWAMP_FOREST area: 1
Adding new region to list
SWAMP_FOREST created.
done
SWAMP_FOREST area: 1
Adding new region to list
SWAMP_FOREST created.
done
SWAMP_FOREST area: 1
Adding new region to list
SWAMP_FOREST created.
done
SWAMP_FOREST area: 1
Adding new region to list
SWAMP_FOREST created.
done
SWAMP_FOREST area: 1
Adding new region to list
SWAMP_FOREST created.
done
SWAMP_FOREST area: 1
Adding new region to list
SWAMP_FOREST created.
done
SWAMP_FOREST area: 1
Adding new region to list
SWAMP_FOREST created.
done
SWAMP_FOREST area: 1
Adding new region to list
SWAMP_FOREST created.
done
SWAMP_FOREST area: 1
Adding new region to list
SWAMP_FOREST created.
done
SWAMP_FOREST area: 1
Adding new region to list
SWAMP_FOREST created.
done
SWAMP_FOREST area: 1
Adding new region to list
SWAMP_FOREST created.
done
SWAMP_FOREST area: 1
Adding new region to list
SWAMP_FOREST created.
done
SWAMP_FOREST area: 1
Adding new region to list
SWAMP_FOREST created.
done
SWAMP_FOREST area: 1
Adding new region to list
SWAMP_FOREST created.
done
SWAMP_FOREST area: 1
Adding new region to list
SWAMP_FOREST created.
done
SWAMP_FOREST area: 1
Adding new region to list
SWAMP_FOREST created.
done
SWAMP_FOREST area: 1
Adding new region to list
SWAMP_FOREST created.
done
SWAMP_FOREST area: 1
Adding new region to list
SWAMP_FOREST created.
done
SWAMP_FOREST area: 1
Adding new region to list
SWAMP_FOREST created.
done
SWAMP_FOREST area: 1
Adding new region to list
SWAMP_FOREST created.
done
SWAMP_FOREST area: 1
Adding new region to list
SWAMP_FOREST created.
done
SWAMP_FOREST area: 1
Adding new region to list
SWAMP_FOREST created.
done
SWAMP_FOREST area: 1
Adding new region to list
SWAMP_FOREST created.
done
SWAMP_FOREST area: 1
Adding new region to list
SWAMP_FOREST created.
done
SWAMP_FOREST area: 1
Adding new region to list
SWAMP_FOREST created.
done
SWAMP_FOREST area: 1
Adding new region to list
SWAMP_FOREST created.
done
SWAMP_FOREST area: 1
Adding new region to list
SWAMP_FOREST created.
done
SWAMP_FOREST area: 1
Adding new region to list
SWAMP_FOREST created.
done
SWAMP_FOREST area: 1
Adding new region to list
SWAMP_FOREST created.
done
SWAMP_FOREST area: 1
Adding new region to list
SWAMP_FOREST created.
done
SWAMP_FOREST area: 1
Adding new region to list
SWAMP_FOREST created.
done
SWAMP_FOREST area: 1
Adding new region to list
SWAMP_FOREST created.
done
SWAMP_FOREST area: 1
Adding new region to list
SWAMP_FOREST created.
done
SWAMP_FOREST area: 1
Adding new region to list
SWAMP_FOREST created.
done
SWAMP_FOREST area: 1
Adding new region to list
SWAMP_FOREST created.
done
SWAMP_FOREST area: 1
Adding new region to list
SWAMP_FOREST created.
done
SWAMP_FOREST area: 1
Adding new region to list
SWAMP_FOREST created.
done
SWAMP_FOREST area: 1
Adding new region to list
SWAMP_FOREST created.
done
SWAMP_FOREST area: 1
Adding new region to list
SWAMP_FOREST created.
done
SWAMP_FOREST area: 1
Adding new region to list
SWAMP_FOREST created.
done
SWAMP_FOREST area: 1
Adding new region to list
SWAMP_FOREST created.
done
SWAMP_FOREST area: 1
Adding new region to list
SWAMP_FOREST created.
done
SWAMP_FOREST area: 1
Adding new region to list
SWAMP_FOREST created.
done
SWAMP_FOREST area: 1
Adding new region to list
SWAMP_FOREST created.
done
SWAMP_FOREST area: 1
Adding new region to list
SWAMP_FOREST created.
done
SWAMP_FOREST area: 1
Adding new region to list
SWAMP_FOREST created.
done
SWAMP_FOREST area: 1
Adding new region to list
SWAMP_FOREST created.
done
SWAMP_FOREST area: 1
Adding new region to list
SWAMP_FOREST created.
done
SWAMP_FOREST area: 1
Adding new region to list
SWAMP_FOREST created.
done
SWAMP_FOREST area: 1
Adding new region to list
SWAMP_FOREST created.
done
SWAMP_FOREST area: 1
Adding new region to list
SWAMP_FOREST created.
done
SWAMP_FOREST area: 1
Adding new region to list
SWAMP_FOREST created.
done
SWAMP_FOREST area: 1
Adding new region to list
SWAMP_FOREST created.
done
SWAMP_FOREST area: 1
Adding new region to list
SWAMP_FOREST created.
done
SWAMP_FOREST area: 1
Adding new region to list
SWAMP_FOREST created.
done
SWAMP_FOREST area: 1
Adding new region to list
SWAMP_FOREST created.
done
SWAMP_FOREST area: 1
Adding new region to list
SWAMP_FOREST created.
done
SWAMP_FOREST area: 1
Adding new region to list
SWAMP_FOREST created.
done
SWAMP_FOREST area: 1
Adding new region to list
SWAMP_FOREST created.
done
SWAMP_FOREST area: 1
Adding new region to list
SWAMP_FOREST created.
done
SWAMP_FOREST area: 1
Adding new region to list
SWAMP_FOREST created.
done
SWAMP_FOREST area: 1
Adding new region to list
SWAMP_FOREST created.
done
SWAMP_FOREST area: 1
Adding new region to list
SWAMP_FOREST created.
done
SWAMP_FOREST area: 1
Adding new region to list
SWAMP_FOREST created.
done
SWAMP_FOREST area: 1
Adding new region to list
SWAMP_FOREST created.
done
SWAMP_FOREST area: 1
Adding new region to list
SWAMP_FOREST created.
done
SWAMP_FOREST area: 1
Adding new region to list
SWAMP_FOREST created.
done
SWAMP_FOREST area: 1
Adding new region to list
SWAMP_FOREST created.
done
SWAMP_FOREST area: 1
Adding new region to list
SWAMP_FOREST created.
done
SWAMP_FOREST area: 1
Adding new region to list
SWAMP_FOREST created.
done
SWAMP_FOREST area: 1
Adding new region to list
SWAMP_FOREST created.
done
SWAMP_FOREST area: 1
Adding new region to list
SWAMP_FOREST created.
done
SWAMP_FOREST area: 1
Adding new region to list
SWAMP_FOREST created.
done
SWAMP_FOREST area: 1
Adding new region to list
SWAMP_FOREST created.
done
SWAMP_FOREST area: 1
Adding new region to list
SWAMP_FOREST created.
done
SWAMP_FOREST area: 1
Adding new region to list
SWAMP_FOREST created.
done
SWAMP_FOREST area: 1
Adding new region to list
SWAMP_FOREST created.
done
SWAMP_FOREST area: 1
Adding new region to list
SWAMP_FOREST created.
done
SWAMP_FOREST area: 1
Adding new region to list
SWAMP_FOREST created.
done
SWAMP_FOREST area: 1
Adding new region to list
SWAMP_FOREST created.
done
SWAMP_FOREST area: 1
Adding new region to list
SWAMP_FOREST created.
done
SWAMP_FOREST area: 1
Adding new region to list
SWAMP_FOREST created.
done
SWAMP_FOREST area: 1
Adding new region to list
SWAMP_FOREST created.
done
SWAMP_FOREST area: 1
Adding new region to list
SWAMP_FOREST created.
done
SWAMP_FOREST area: 1
Adding new region to list
SWAMP_FOREST created.
done
SWAMP_FOREST area: 1
Adding new region to list
SWAMP_FOREST created.
done
SWAMP_FOREST area: 1
Adding new region to list
SWAMP_FOREST created.
done
SWAMP_FOREST area: 1
Adding new region to list
SWAMP_FOREST created.
done
SWAMP_FOREST area: 1
Adding new region to list
SWAMP_FOREST created.
done
SWAMP_FOREST area: 1
Adding new region to list
SWAMP_FOREST created.
done
SWAMP_FOREST area: 1
Adding new region to list
SWAMP_FOREST created.
done
SWAMP_FOREST area: 1
Adding new region to list
SWAMP_FOREST created.
done
SWAMP_FOREST area: 1
Adding new region to list
SWAMP_FOREST created.
done
SWAMP_FOREST area: 1
Adding new region to list
SWAMP_FOREST created.
done
SWAMP_FOREST area: 1
Adding new region to list
SWAMP_FOREST created.
done
SWAMP_FOREST area: 1
Adding new region to list
SWAMP_FOREST created.
done
SWAMP_FOREST area: 1
Adding new region to list
SWAMP_FOREST created.
done
SWAMP_FOREST area: 1
Adding new region to list
SWAMP_FOREST created.
done
SWAMP_FOREST area: 1
Adding new region to list
SWAMP_FOREST created.
done
TROPICAL_FOREST area: 319
Adding new region to list
TROPICAL_FOREST created.
done
TROPICAL_FOREST area: 268
Adding new region to list
TROPICAL_FOREST created.
done
TROPICAL_FOREST area: 211
Adding new region to list
TROPICAL_FOREST created.
done
TROPICAL_FOREST area: 181
Adding new region to list
TROPICAL_FOREST created.
done
TROPICAL_FOREST area: 155
Adding new region to list
TROPICAL_FOREST created.
done
TROPICAL_FOREST area: 243
Adding new region to list
TROPICAL_FOREST created.
done
TROPICAL_FOREST area: 182
Adding new region to list
TROPICAL_FOREST created.
done
TROPICAL_FOREST area: 151
Adding new region to list
TROPICAL_FOREST created.
done
TROPICAL_FOREST area: 120
Adding new region to list
TROPICAL_FOREST created.
done
TROPICAL_FOREST area: 94
Adding new region to list
TROPICAL_FOREST created.
done
TROPICAL_FOREST area: 53
Adding new region to list
TROPICAL_FOREST created.
done
TROPICAL_FOREST area: 78
Adding new region to list
TROPICAL_FOREST created.
done
TROPICAL_FOREST area: 134
Adding new region to list
TROPICAL_FOREST created.
done
TROPICAL_FOREST area: 151
Adding new region to list
TROPICAL_FOREST created.
done
TROPICAL_FOREST area: 82
Adding new region to list
TROPICAL_FOREST created.
done
TROPICAL_FOREST area: 124
Adding new region to list
TROPICAL_FOREST created.
done
TROPICAL_FOREST area: 60
Adding new region to list
TROPICAL_FOREST created.
done
TROPICAL_FOREST area: 101
Adding new region to list
TROPICAL_FOREST created.
done
TROPICAL_FOREST area: 73
Adding new region to list
TROPICAL_FOREST created.
done
TROPICAL_FOREST area: 52
Adding new region to list
TROPICAL_FOREST created.
done
TROPICAL_FOREST area: 33
Adding new region to list
TROPICAL_FOREST created.
done
TROPICAL_FOREST area: 47
Adding new region to list
TROPICAL_FOREST created.
done
TROPICAL_FOREST area: 14
Adding new region to list
TROPICAL_FOREST created.
done
TROPICAL_FOREST area: 46
Adding new region to list
TROPICAL_FOREST created.
done
TROPICAL_FOREST area: 29
Adding new region to list
TROPICAL_FOREST created.
done
TROPICAL_FOREST area: 50
Adding new region to list
TROPICAL_FOREST created.
done
TROPICAL_FOREST area: 38
Adding new region to list
TROPICAL_FOREST created.
done
TROPICAL_FOREST area: 43
Adding new region to list
TROPICAL_FOREST created.
done
TROPICAL_FOREST area: 37
Adding new region to list
TROPICAL_FOREST created.
done
TROPICAL_FOREST area: 39
Adding new region to list
TROPICAL_FOREST created.
done
TROPICAL_FOREST area: 54
Adding new region to list
TROPICAL_FOREST created.
done
TROPICAL_FOREST area: 27
Adding new region to list
TROPICAL_FOREST created.
done
TROPICAL_FOREST area: 32
Adding new region to list
TROPICAL_FOREST created.
done
TROPICAL_FOREST area: 36
Adding new region to list
TROPICAL_FOREST created.
done
TROPICAL_FOREST area: 51
Adding new region to list
TROPICAL_FOREST created.
done
TROPICAL_FOREST area: 47
Adding new region to list
TROPICAL_FOREST created.
done
TROPICAL_FOREST area: 29
Adding new region to list
TROPICAL_FOREST created.
done
TROPICAL_FOREST area: 25
Adding new region to list
TROPICAL_FOREST created.
done
TROPICAL_FOREST area: 19
Adding new region to list
TROPICAL_FOREST created.
done
TROPICAL_FOREST area: 27
Adding new region to list
TROPICAL_FOREST created.
done
TROPICAL_FOREST area: 33
Adding new region to list
TROPICAL_FOREST created.
done
TROPICAL_FOREST area: 30
Adding new region to list
TROPICAL_FOREST created.
done
TROPICAL_FOREST area: 30
Adding new region to list
TROPICAL_FOREST created.
done
TROPICAL_FOREST area: 33
Adding new region to list
TROPICAL_FOREST created.
done
TROPICAL_FOREST area: 24
Adding new region to list
TROPICAL_FOREST created.
done
TROPICAL_FOREST area: 18
Adding new region to list
TROPICAL_FOREST created.
done
TROPICAL_FOREST area: 24
Adding new region to list
TROPICAL_FOREST created.
done
TROPICAL_FOREST area: 16
Adding new region to list
TROPICAL_FOREST created.
done
TROPICAL_FOREST area: 17
Adding new region to list
TROPICAL_FOREST created.
done
TROPICAL_FOREST area: 21
Adding new region to list
TROPICAL_FOREST created.
done
TROPICAL_FOREST area: 14
Adding new region to list
TROPICAL_FOREST created.
done
TROPICAL_FOREST area: 25
Adding new region to list
TROPICAL_FOREST created.
done
TROPICAL_FOREST area: 13
Adding new region to list
TROPICAL_FOREST created.
done
TROPICAL_FOREST area: 16
Adding new region to list
TROPICAL_FOREST created.
done
TROPICAL_FOREST area: 18
Adding new region to list
TROPICAL_FOREST created.
done
TROPICAL_FOREST area: 15
Adding new region to list
TROPICAL_FOREST created.
done
TROPICAL_FOREST area: 14
Adding new region to list
TROPICAL_FOREST created.
done
TROPICAL_FOREST area: 10
Adding new region to list
TROPICAL_FOREST created.
done
TROPICAL_FOREST area: 9
Adding new region to list
TROPICAL_FOREST created.
done
TROPICAL_FOREST area: 13
Adding new region to list
TROPICAL_FOREST created.
done
TROPICAL_FOREST area: 19
Adding new region to list
TROPICAL_FOREST created.
done
TROPICAL_FOREST area: 10
Adding new region to list
TROPICAL_FOREST created.
done
TROPICAL_FOREST area: 12
Adding new region to list
TROPICAL_FOREST created.
done
TROPICAL_FOREST area: 17
Adding new region to list
TROPICAL_FOREST created.
done
TROPICAL_FOREST area: 15
Adding new region to list
TROPICAL_FOREST created.
done
TROPICAL_FOREST area: 13
Adding new region to list
TROPICAL_FOREST created.
done
TROPICAL_FOREST area: 18
Adding new region to list
TROPICAL_FOREST created.
done
TROPICAL_FOREST area: 14
Adding new region to list
TROPICAL_FOREST created.
done
TROPICAL_FOREST area: 11
Adding new region to list
TROPICAL_FOREST created.
done
TROPICAL_FOREST area: 20
Adding new region to list
TROPICAL_FOREST created.
done
TROPICAL_FOREST area: 9
Adding new region to list
TROPICAL_FOREST created.
done
TROPICAL_FOREST area: 7
Adding new region to list
TROPICAL_FOREST created.
done
TROPICAL_FOREST area: 18
Adding new region to list
TROPICAL_FOREST created.
done
TROPICAL_FOREST area: 7
Adding new region to list
TROPICAL_FOREST created.
done
TROPICAL_FOREST area: 7
Adding new region to list
TROPICAL_FOREST created.
done
TROPICAL_FOREST area: 10
Adding new region to list
TROPICAL_FOREST created.
done
TROPICAL_FOREST area: 13
Adding new region to list
TROPICAL_FOREST created.
done
TROPICAL_FOREST area: 12
Adding new region to list
TROPICAL_FOREST created.
done
TROPICAL_FOREST area: 9
Adding new region to list
TROPICAL_FOREST created.
done
TROPICAL_FOREST area: 9
Adding new region to list
TROPICAL_FOREST created.
done
TROPICAL_FOREST area: 4
Adding new region to list
TROPICAL_FOREST created.
done
TROPICAL_FOREST area: 7
Adding new region to list
TROPICAL_FOREST created.
done
TROPICAL_FOREST area: 6
Adding new region to list
TROPICAL_FOREST created.
done
TROPICAL_FOREST area: 8
Adding new region to list
TROPICAL_FOREST created.
done
TROPICAL_FOREST area: 7
Adding new region to list
TROPICAL_FOREST created.
done
TROPICAL_FOREST area: 9
Adding new region to list
TROPICAL_FOREST created.
done
TROPICAL_FOREST area: 8
Adding new region to list
TROPICAL_FOREST created.
done
TROPICAL_FOREST area: 6
Adding new region to list
TROPICAL_FOREST created.
done
TROPICAL_FOREST area: 6
Adding new region to list
TROPICAL_FOREST created.
done
TROPICAL_FOREST area: 3
Adding new region to list
TROPICAL_FOREST created.
done
TROPICAL_FOREST area: 7
Adding new region to list
TROPICAL_FOREST created.
done
TROPICAL_FOREST area: 5
Adding new region to list
TROPICAL_FOREST created.
done
TROPICAL_FOREST area: 5
Adding new region to list
TROPICAL_FOREST created.
done
TROPICAL_FOREST area: 7
Adding new region to list
TROPICAL_FOREST created.
done
TROPICAL_FOREST area: 4
Adding new region to list
TROPICAL_FOREST created.
done
TROPICAL_FOREST area: 2
Adding new region to list
TROPICAL_FOREST created.
done
TROPICAL_FOREST area: 6
Adding new region to list
TROPICAL_FOREST created.
done
TROPICAL_FOREST area: 6
Adding new region to list
TROPICAL_FOREST created.
done
TROPICAL_FOREST area: 6
Adding new region to list
TROPICAL_FOREST created.
done
TROPICAL_FOREST area: 2
Adding new region to list
TROPICAL_FOREST created.
done
TROPICAL_FOREST area: 4
Adding new region to list
TROPICAL_FOREST created.
done
TROPICAL_FOREST area: 7
Adding new region to list
TROPICAL_FOREST created.
done
TROPICAL_FOREST area: 8
Adding new region to list
TROPICAL_FOREST created.
done
TROPICAL_FOREST area: 7
Adding new region to list
TROPICAL_FOREST created.
done
TROPICAL_FOREST area: 5
Adding new region to list
TROPICAL_FOREST created.
done
TROPICAL_FOREST area: 7
Adding new region to list
TROPICAL_FOREST created.
done
TROPICAL_FOREST area: 3
Adding new region to list
TROPICAL_FOREST created.
done
TROPICAL_FOREST area: 7
Adding new region to list
TROPICAL_FOREST created.
done
TROPICAL_FOREST area: 8
Adding new region to list
TROPICAL_FOREST created.
done
TROPICAL_FOREST area: 8
Adding new region to list
TROPICAL_FOREST created.
done
TROPICAL_FOREST area: 3
Adding new region to list
TROPICAL_FOREST created.
done
TROPICAL_FOREST area: 4
Adding new region to list
TROPICAL_FOREST created.
done
TROPICAL_FOREST area: 4
Adding new region to list
TROPICAL_FOREST created.
done
TROPICAL_FOREST area: 4
Adding new region to list
TROPICAL_FOREST created.
done
TROPICAL_FOREST area: 3
Adding new region to list
TROPICAL_FOREST created.
done
TROPICAL_FOREST area: 4
Adding new region to list
TROPICAL_FOREST created.
done
TROPICAL_FOREST area: 5
Adding new region to list
TROPICAL_FOREST created.
done
TROPICAL_FOREST area: 3
Adding new region to list
TROPICAL_FOREST created.
done
TROPICAL_FOREST area: 3
Adding new region to list
TROPICAL_FOREST created.
done
TROPICAL_FOREST area: 3
Adding new region to list
TROPICAL_FOREST created.
done
TROPICAL_FOREST area: 4
Adding new region to list
TROPICAL_FOREST created.
done
TROPICAL_FOREST area: 4
Adding new region to list
TROPICAL_FOREST created.
done
TROPICAL_FOREST area: 5
Adding new region to list
TROPICAL_FOREST created.
done
TROPICAL_FOREST area: 3
Adding new region to list
TROPICAL_FOREST created.
done
TROPICAL_FOREST area: 5
Adding new region to list
TROPICAL_FOREST created.
done
TROPICAL_FOREST area: 3
Adding new region to list
TROPICAL_FOREST created.
done
TROPICAL_FOREST area: 3
Adding new region to list
TROPICAL_FOREST created.
done
TROPICAL_FOREST area: 3
Adding new region to list
TROPICAL_FOREST created.
done
TROPICAL_FOREST area: 4
Adding new region to list
TROPICAL_FOREST created.
done
TROPICAL_FOREST area: 2
Adding new region to list
TROPICAL_FOREST created.
done
TROPICAL_FOREST area: 3
Adding new region to list
TROPICAL_FOREST created.
done
TROPICAL_FOREST area: 3
Adding new region to list
TROPICAL_FOREST created.
done
TROPICAL_FOREST area: 3
Adding new region to list
TROPICAL_FOREST created.
done
TROPICAL_FOREST area: 4
Adding new region to list
TROPICAL_FOREST created.
done
TROPICAL_FOREST area: 3
Adding new region to list
TROPICAL_FOREST created.
done
TROPICAL_FOREST area: 2
Adding new region to list
TROPICAL_FOREST created.
done
TROPICAL_FOREST area: 2
Adding new region to list
TROPICAL_FOREST created.
done
TROPICAL_FOREST area: 3
Adding new region to list
TROPICAL_FOREST created.
done
TROPICAL_FOREST area: 4
Adding new region to list
TROPICAL_FOREST created.
done
TROPICAL_FOREST area: 3
Adding new region to list
TROPICAL_FOREST created.
done
TROPICAL_FOREST area: 5
Adding new region to list
TROPICAL_FOREST created.
done
TROPICAL_FOREST area: 4
Adding new region to list
TROPICAL_FOREST created.
done
TROPICAL_FOREST area: 5
Adding new region to list
TROPICAL_FOREST created.
done
TROPICAL_FOREST area: 5
Adding new region to list
TROPICAL_FOREST created.
done
TROPICAL_FOREST area: 2
Adding new region to list
TROPICAL_FOREST created.
done
TROPICAL_FOREST area: 2
Adding new region to list
TROPICAL_FOREST created.
done
TROPICAL_FOREST area: 1
Adding new region to list
TROPICAL_FOREST created.
done
TROPICAL_FOREST area: 1
Adding new region to list
TROPICAL_FOREST created.
done
TROPICAL_FOREST area: 1
Adding new region to list
TROPICAL_FOREST created.
done
TROPICAL_FOREST area: 1
Adding new region to list
TROPICAL_FOREST created.
done
TROPICAL_FOREST area: 1
Adding new region to list
TROPICAL_FOREST created.
done
TROPICAL_FOREST area: 1
Adding new region to list
TROPICAL_FOREST created.
done
TROPICAL_FOREST area: 1
Adding new region to list
TROPICAL_FOREST created.
done
TROPICAL_FOREST area: 1
Adding new region to list
TROPICAL_FOREST created.
done
TROPICAL_FOREST area: 1
Adding new region to list
TROPICAL_FOREST created.
done
TROPICAL_FOREST area: 1
Adding new region to list
TROPICAL_FOREST created.
done
TROPICAL_FOREST area: 1
Adding new region to list
TROPICAL_FOREST created.
done
TROPICAL_FOREST area: 1
Adding new region to list
TROPICAL_FOREST created.
done
TROPICAL_FOREST area: 1
Adding new region to list
TROPICAL_FOREST created.
done
TROPICAL_FOREST area: 1
Adding new region to list
TROPICAL_FOREST created.
done
TROPICAL_FOREST area: 1
Adding new region to list
TROPICAL_FOREST created.
done
TROPICAL_FOREST area: 1
Adding new region to list
TROPICAL_FOREST created.
done
TROPICAL_FOREST area: 1
Adding new region to list
TROPICAL_FOREST created.
done
TROPICAL_FOREST area: 1
Adding new region to list
TROPICAL_FOREST created.
done
TROPICAL_FOREST area: 1
Adding new region to list
TROPICAL_FOREST created.
done
TROPICAL_FOREST area: 1
Adding new region to list
TROPICAL_FOREST created.
done
TROPICAL_FOREST area: 1
Adding new region to list
TROPICAL_FOREST created.
done
TROPICAL_FOREST area: 1
Adding new region to list
TROPICAL_FOREST created.
done
TROPICAL_FOREST area: 1
Adding new region to list
TROPICAL_FOREST created.
done
TROPICAL_FOREST area: 1
Adding new region to list
TROPICAL_FOREST created.
done
TROPICAL_FOREST area: 1
Adding new region to list
TROPICAL_FOREST created.
done
TROPICAL_FOREST area: 1
Adding new region to list
TROPICAL_FOREST created.
done
TROPICAL_FOREST area: 1
Adding new region to list
TROPICAL_FOREST created.
done
TROPICAL_FOREST area: 1
Adding new region to list
TROPICAL_FOREST created.
done
TROPICAL_FOREST area: 1
Adding new region to list
TROPICAL_FOREST created.
done
TROPICAL_FOREST area: 1
Adding new region to list
TROPICAL_FOREST created.
done
TROPICAL_FOREST area: 1
Adding new region to list
TROPICAL_FOREST created.
done
TROPICAL_FOREST area: 1
Adding new region to list
TROPICAL_FOREST created.
done
TROPICAL_FOREST area: 1
Adding new region to list
TROPICAL_FOREST created.
done
TROPICAL_FOREST area: 1
Adding new region to list
TROPICAL_FOREST created.
done
TROPICAL_FOREST area: 1
Adding new region to list
TROPICAL_FOREST created.
done
TROPICAL_FOREST area: 1
Adding new region to list
TROPICAL_FOREST created.
done
TROPICAL_FOREST area: 1
Adding new region to list
TROPICAL_FOREST created.
done
TROPICAL_FOREST area: 1
Adding new region to list
TROPICAL_FOREST created.
done
TROPICAL_FOREST area: 1
Adding new region to list
TROPICAL_FOREST created.
done
TROPICAL_FOREST area: 1
Adding new region to list
TROPICAL_FOREST created.
done
TROPICAL_FOREST area: 1
Adding new region to list
TROPICAL_FOREST created.
done
TROPICAL_FOREST area: 1
Adding new region to list
TROPICAL_FOREST created.
done
TROPICAL_FOREST area: 1
Adding new region to list
TROPICAL_FOREST created.
done
TROPICAL_FOREST area: 1
Adding new region to list
TROPICAL_FOREST created.
done
TROPICAL_FOREST area: 1
Adding new region to list
TROPICAL_FOREST created.
done
TROPICAL_FOREST area: 1
Adding new region to list
TROPICAL_FOREST created.
done
TROPICAL_FOREST area: 1
Adding new region to list
TROPICAL_FOREST created.
done
TROPICAL_FOREST area: 1
Adding new region to list
TROPICAL_FOREST created.
done
TROPICAL_FOREST area: 1
Adding new region to list
TROPICAL_FOREST created.
done
TROPICAL_FOREST area: 1
Adding new region to list
TROPICAL_FOREST created.
done
TROPICAL_FOREST area: 1
Adding new region to list
TROPICAL_FOREST created.
done
TROPICAL_FOREST area: 1
Adding new region to list
TROPICAL_FOREST created.
done
TROPICAL_FOREST area: 1
Adding new region to list
TROPICAL_FOREST created.
done
TROPICAL_FOREST area: 1
Adding new region to list
TROPICAL_FOREST created.
done
TROPICAL_FOREST area: 1
Adding new region to list
TROPICAL_FOREST created.
done
TROPICAL_FOREST area: 1
Adding new region to list
TROPICAL_FOREST created.
done
TROPICAL_FOREST area: 1
Adding new region to list
TROPICAL_FOREST created.
done
TROPICAL_FOREST area: 1
Adding new region to list
TROPICAL_FOREST created.
done
TROPICAL_FOREST area: 1
Adding new region to list
TROPICAL_FOREST created.
done
TROPICAL_FOREST area: 1
Adding new region to list
TROPICAL_FOREST created.
done
TROPICAL_FOREST area: 1
Adding new region to list
TROPICAL_FOREST created.
done
TROPICAL_FOREST area: 1
Adding new region to list
TROPICAL_FOREST created.
done
TROPICAL_FOREST area: 1
Adding new region to list
TROPICAL_FOREST created.
done
TROPICAL_FOREST area: 1
Adding new region to list
TROPICAL_FOREST created.
done
TROPICAL_FOREST area: 1
Adding new region to list
TROPICAL_FOREST created.
done
TROPICAL_FOREST area: 1
Adding new region to list
TROPICAL_FOREST created.
done
TROPICAL_FOREST area: 1
Adding new region to list
TROPICAL_FOREST created.
done
TROPICAL_FOREST area: 1
Adding new region to list
TROPICAL_FOREST created.
done
TROPICAL_FOREST area: 1
Adding new region to list
TROPICAL_FOREST created.
done
TROPICAL_FOREST area: 1
Adding new region to list
TROPICAL_FOREST created.
done
TROPICAL_FOREST area: 1
Adding new region to list
TROPICAL_FOREST created.
done
TROPICAL_FOREST area: 1
Adding new region to list
TROPICAL_FOREST created.
done
TROPICAL_FOREST area: 1
Adding new region to list
TROPICAL_FOREST created.
done
TROPICAL_FOREST area: 1
Adding new region to list
TROPICAL_FOREST created.
done
TROPICAL_FOREST area: 1
Adding new region to list
TROPICAL_FOREST created.
done
TROPICAL_FOREST area: 1
Adding new region to list
TROPICAL_FOREST created.
done
TROPICAL_FOREST area: 1
Adding new region to list
TROPICAL_FOREST created.
done
TROPICAL_FOREST area: 1
Adding new region to list
TROPICAL_FOREST created.
done
TROPICAL_FOREST area: 1
Adding new region to list
TROPICAL_FOREST created.
done
TROPICAL_FOREST area: 1
Adding new region to list
TROPICAL_FOREST created.
done
TROPICAL_FOREST area: 1
Adding new region to list
TROPICAL_FOREST created.
done
TROPICAL_FOREST area: 1
Adding new region to list
TROPICAL_FOREST created.
done
TROPICAL_FOREST area: 1
Adding new region to list
TROPICAL_FOREST created.
done
TROPICAL_FOREST area: 1
Adding new region to list
TROPICAL_FOREST created.
done
TROPICAL_FOREST area: 1
Adding new region to list
TROPICAL_FOREST created.
done
TROPICAL_FOREST area: 1
Adding new region to list
TROPICAL_FOREST created.
done
TROPICAL_FOREST area: 1
Adding new region to list
TROPICAL_FOREST created.
done
TROPICAL_FOREST area: 1
Adding new region to list
TROPICAL_FOREST created.
done
TROPICAL_FOREST area: 1
Adding new region to list
TROPICAL_FOREST created.
done
TROPICAL_FOREST area: 1
Adding new region to list
TROPICAL_FOREST created.
done
TROPICAL_FOREST area: 1
Adding new region to list
TROPICAL_FOREST created.
done
TROPICAL_FOREST area: 1
Adding new region to list
TROPICAL_FOREST created.
done
TROPICAL_FOREST area: 1
Adding new region to list
TROPICAL_FOREST created.
done
TROPICAL_FOREST area: 1
Adding new region to list
TROPICAL_FOREST created.
done
TROPICAL_FOREST area: 1
Adding new region to list
TROPICAL_FOREST created.
done
TROPICAL_FOREST area: 1
Adding new region to list
TROPICAL_FOREST created.
done
TROPICAL_FOREST area: 1
Adding new region to list
TROPICAL_FOREST created.
done
TROPICAL_FOREST area: 1
Adding new region to list
TROPICAL_FOREST created.
done
TROPICAL_FOREST area: 1
Adding new region to list
TROPICAL_FOREST created.
done
TROPICAL_FOREST area: 1
Adding new region to list
TROPICAL_FOREST created.
done
TROPICAL_FOREST area: 1
Adding new region to list
TROPICAL_FOREST created.
done
TROPICAL_FOREST area: 1
Adding new region to list
TROPICAL_FOREST created.
done
TROPICAL_FOREST area: 1
Adding new region to list
TROPICAL_FOREST created.
done
TROPICAL_FOREST area: 1
Adding new region to list
TROPICAL_FOREST created.
done
TROPICAL_FOREST area: 1
Adding new region to list
TROPICAL_FOREST created.
done
TROPICAL_FOREST area: 1
Adding new region to list
TROPICAL_FOREST created.
done
TROPICAL_FOREST area: 1
Adding new region to list
TROPICAL_FOREST created.
done
TROPICAL_FOREST area: 1
Adding new region to list
TROPICAL_FOREST created.
done
TROPICAL_FOREST area: 1
Adding new region to list
TROPICAL_FOREST created.
done
TROPICAL_FOREST area: 1
Adding new region to list
TROPICAL_FOREST created.
done
TROPICAL_FOREST area: 1
Adding new region to list
TROPICAL_FOREST created.
done
TROPICAL_FOREST area: 1
Adding new region to list
TROPICAL_FOREST created.
done
TROPICAL_FOREST area: 1
Adding new region to list
TROPICAL_FOREST created.
done
TROPICAL_FOREST area: 1
Adding new region to list
TROPICAL_FOREST created.
done
TROPICAL_FOREST area: 1
Adding new region to list
TROPICAL_FOREST created.
done
TROPICAL_FOREST area: 1
Adding new region to list
TROPICAL_FOREST created.
done
TROPICAL_FOREST area: 1
Adding new region to list
TROPICAL_FOREST created.
done
TROPICAL_FOREST area: 1
Adding new region to list
TROPICAL_FOREST created.
done
TROPICAL_FOREST area: 1
Adding new region to list
TROPICAL_FOREST created.
done
TROPICAL_FOREST area: 1
Adding new region to list
TROPICAL_FOREST created.
done
TROPICAL_FOREST area: 1
Adding new region to list
TROPICAL_FOREST created.
done
TROPICAL_FOREST area: 1
Adding new region to list
TROPICAL_FOREST created.
done
TROPICAL_FOREST area: 1
Adding new region to list
TROPICAL_FOREST created.
done
TROPICAL_FOREST area: 1
Adding new region to list
TROPICAL_FOREST created.
done
TROPICAL_FOREST area: 1
Adding new region to list
TROPICAL_FOREST created.
done
TROPICAL_FOREST area: 1
Adding new region to list
TROPICAL_FOREST created.
done
TROPICAL_FOREST area: 1
Adding new region to list
TROPICAL_FOREST created.
done
TROPICAL_FOREST area: 1
Adding new region to list
TROPICAL_FOREST created.
done
TROPICAL_FOREST area: 1
Adding new region to list
TROPICAL_FOREST created.
done
TROPICAL_FOREST area: 1
Adding new region to list
TROPICAL_FOREST created.
done
TROPICAL_FOREST area: 1
Adding new region to list
TROPICAL_FOREST created.
done
TROPICAL_FOREST area: 1
Adding new region to list
TROPICAL_FOREST created.
done
TROPICAL_FOREST area: 1
Adding new region to list
TROPICAL_FOREST created.
done
TROPICAL_FOREST area: 1
Adding new region to list
TROPICAL_FOREST created.
done
TROPICAL_FOREST area: 1
Adding new region to list
TROPICAL_FOREST created.
done
TROPICAL_FOREST area: 1
Adding new region to list
TROPICAL_FOREST created.
done
TROPICAL_FOREST area: 1
Adding new region to list
TROPICAL_FOREST created.
done
TROPICAL_FOREST area: 1
Adding new region to list
TROPICAL_FOREST created.
done
TROPICAL_FOREST area: 1
Adding new region to list
TROPICAL_FOREST created.
done
TROPICAL_FOREST area: 1
Adding new region to list
TROPICAL_FOREST created.
done
TROPICAL_FOREST area: 1
Adding new region to list
TROPICAL_FOREST created.
done
TROPICAL_FOREST area: 1
Adding new region to list
TROPICAL_FOREST created.
done
TROPICAL_FOREST area: 1
Adding new region to list
TROPICAL_FOREST created.
done
TROPICAL_FOREST area: 1
Adding new region to list
TROPICAL_FOREST created.
done
TROPICAL_FOREST area: 1
Adding new region to list
TROPICAL_FOREST created.
done
TROPICAL_FOREST area: 1
Adding new region to list
TROPICAL_FOREST created.
done
TROPICAL_FOREST area: 1
Adding new region to list
TROPICAL_FOREST created.
done
TROPICAL_FOREST area: 1
Adding new region to list
TROPICAL_FOREST created.
done
TROPICAL_FOREST area: 1
Adding new region to list
TROPICAL_FOREST created.
done
TROPICAL_FOREST area: 1
Adding new region to list
TROPICAL_FOREST created.
done
TROPICAL_FOREST area: 1
Adding new region to list
TROPICAL_FOREST created.
done
TROPICAL_FOREST area: 1
Adding new region to list
TROPICAL_FOREST created.
done
TROPICAL_FOREST area: 1
Adding new region to list
TROPICAL_FOREST created.
done
TROPICAL_FOREST area: 1
Adding new region to list
TROPICAL_FOREST created.
done
TROPICAL_FOREST area: 1
Adding new region to list
TROPICAL_FOREST created.
done
TROPICAL_FOREST area: 1
Adding new region to list
TROPICAL_FOREST created.
done
TROPICAL_FOREST area: 1
Adding new region to list
TROPICAL_FOREST created.
done
TROPICAL_FOREST area: 1
Adding new region to list
TROPICAL_FOREST created.
done
TROPICAL_FOREST area: 1
Adding new region to list
TROPICAL_FOREST created.
done
TROPICAL_FOREST area: 1
Adding new region to list
TROPICAL_FOREST created.
done
TROPICAL_FOREST area: 1
Adding new region to list
TROPICAL_FOREST created.
done
TROPICAL_FOREST area: 1
Adding new region to list
TROPICAL_FOREST created.
done
TROPICAL_FOREST area: 1
Adding new region to list
TROPICAL_FOREST created.
done
TROPICAL_FOREST area: 1
Adding new region to list
TROPICAL_FOREST created.
done
TROPICAL_FOREST area: 1
Adding new region to list
TROPICAL_FOREST created.
done
TROPICAL_FOREST area: 1
Adding new region to list
TROPICAL_FOREST created.
done
TROPICAL_FOREST area: 1
Adding new region to list
TROPICAL_FOREST created.
done
TROPICAL_FOREST area: 1
Adding new region to list
TROPICAL_FOREST created.
done
TROPICAL_FOREST area: 1
Adding new region to list
TROPICAL_FOREST created.
done
TROPICAL_FOREST area: 1
Adding new region to list
TROPICAL_FOREST created.
done
TROPICAL_FOREST area: 1
Adding new region to list
TROPICAL_FOREST created.
done
TROPICAL_FOREST area: 1
Adding new region to list
TROPICAL_FOREST created.
done
TROPICAL_FOREST area: 1
Adding new region to list
TROPICAL_FOREST created.
done
TROPICAL_FOREST area: 1
Adding new region to list
TROPICAL_FOREST created.
done
TROPICAL_FOREST area: 1
Adding new region to list
TROPICAL_FOREST created.
done
TROPICAL_FOREST area: 1
Adding new region to list
TROPICAL_FOREST created.
done
TROPICAL_FOREST area: 1
Adding new region to list
TROPICAL_FOREST created.
done
TROPICAL_FOREST area: 1
Adding new region to list
TROPICAL_FOREST created.
done
TROPICAL_FOREST area: 1
Adding new region to list
TROPICAL_FOREST created.
done
TROPICAL_FOREST area: 1
Adding new region to list
TROPICAL_FOREST created.
done
TROPICAL_FOREST area: 1
Adding new region to list
TROPICAL_FOREST created.
done
TROPICAL_FOREST area: 1
Adding new region to list
TROPICAL_FOREST created.
done
TROPICAL_FOREST area: 1
Adding new region to list
TROPICAL_FOREST created.
done
TROPICAL_FOREST area: 1
Adding new region to list
TROPICAL_FOREST created.
done
TROPICAL_FOREST area: 1
Adding new region to list
TROPICAL_FOREST created.
done
TROPICAL_FOREST area: 1
Adding new region to list
TROPICAL_FOREST created.
done
TROPICAL_FOREST area: 1
Adding new region to list
TROPICAL_FOREST created.
done
TROPICAL_FOREST area: 1
Adding new region to list
TROPICAL_FOREST created.
done
TROPICAL_FOREST area: 1
Adding new region to list
TROPICAL_FOREST created.
done
TROPICAL_FOREST area: 1
Adding new region to list
TROPICAL_FOREST created.
done
TROPICAL_FOREST area: 1
Adding new region to list
TROPICAL_FOREST created.
done
TROPICAL_FOREST area: 1
Adding new region to list
TROPICAL_FOREST created.
done
TROPICAL_FOREST area: 1
Adding new region to list
TROPICAL_FOREST created.
done
TROPICAL_FOREST area: 1
Adding new region to list
TROPICAL_FOREST created.
done
TROPICAL_FOREST area: 1
Adding new region to list
TROPICAL_FOREST created.
done
TROPICAL_FOREST area: 1
Adding new region to list
TROPICAL_FOREST created.
done
TROPICAL_FOREST area: 1
Adding new region to list
TROPICAL_FOREST created.
done
TROPICAL_FOREST area: 1
Adding new region to list
TROPICAL_FOREST created.
done
TROPICAL_FOREST area: 1
Adding new region to list
TROPICAL_FOREST created.
done
TROPICAL_FOREST area: 1
Adding new region to list
TROPICAL_FOREST created.
done
TROPICAL_FOREST area: 1
Adding new region to list
TROPICAL_FOREST created.
done
TROPICAL_FOREST area: 1
Adding new region to list
TROPICAL_FOREST created.
done
TROPICAL_FOREST area: 1
Adding new region to list
TROPICAL_FOREST created.
done
TROPICAL_FOREST area: 1
Adding new region to list
TROPICAL_FOREST created.
done
TROPICAL_FOREST area: 1
Adding new region to list
TROPICAL_FOREST created.
done
TROPICAL_FOREST area: 1
Adding new region to list
TROPICAL_FOREST created.
done
TROPICAL_FOREST area: 1
Adding new region to list
TROPICAL_FOREST created.
done
TROPICAL_FOREST area: 1
Adding new region to list
TROPICAL_FOREST created.
done
TROPICAL_FOREST area: 1
Adding new region to list
TROPICAL_FOREST created.
done
TROPICAL_FOREST area: 1
Adding new region to list
TROPICAL_FOREST created.
done
TROPICAL_FOREST area: 1
Adding new region to list
TROPICAL_FOREST created.
done
TROPICAL_FOREST area: 1
Adding new region to list
TROPICAL_FOREST created.
done
TROPICAL_FOREST area: 1
Adding new region to list
TROPICAL_FOREST created.
done
TROPICAL_FOREST area: 1
Adding new region to list
TROPICAL_FOREST created.
done
TROPICAL_FOREST area: 1
Adding new region to list
TROPICAL_FOREST created.
done
TROPICAL_FOREST area: 1
Adding new region to list
TROPICAL_FOREST created.
done
TROPICAL_FOREST area: 1
Adding new region to list
TROPICAL_FOREST created.
done
TROPICAL_FOREST area: 1
Adding new region to list
TROPICAL_FOREST created.
done
TROPICAL_FOREST area: 1
Adding new region to list
TROPICAL_FOREST created.
done
TROPICAL_FOREST area: 1
Adding new region to list
TROPICAL_FOREST created.
done
TROPICAL_FOREST area: 1
Adding new region to list
TROPICAL_FOREST created.
done
TROPICAL_FOREST area: 1
Adding new region to list
TROPICAL_FOREST created.
done
TROPICAL_FOREST area: 1
Adding new region to list
TROPICAL_FOREST created.
done
TROPICAL_FOREST area: 1
Adding new region to list
TROPICAL_FOREST created.
done
TROPICAL_FOREST area: 1
Adding new region to list
TROPICAL_FOREST created.
done
TROPICAL_FOREST area: 1
Adding new region to list
TROPICAL_FOREST created.
done
TROPICAL_FOREST area: 1
Adding new region to list
TROPICAL_FOREST created.
done
TROPICAL_FOREST area: 1
Adding new region to list
TROPICAL_FOREST created.
done
TROPICAL_FOREST area: 1
Adding new region to list
TROPICAL_FOREST created.
done
TROPICAL_FOREST area: 1
Adding new region to list
TROPICAL_FOREST created.
done
TROPICAL_FOREST area: 1
Adding new region to list
TROPICAL_FOREST created.
done
TROPICAL_FOREST area: 1
Adding new region to list
TROPICAL_FOREST created.
done
TROPICAL_FOREST area: 1
Adding new region to list
TROPICAL_FOREST created.
done
TROPICAL_FOREST area: 1
Adding new region to list
TROPICAL_FOREST created.
done
TROPICAL_FOREST area: 1
Adding new region to list
TROPICAL_FOREST created.
done
TROPICAL_FOREST area: 1
Adding new region to list
TROPICAL_FOREST created.
done
TROPICAL_FOREST area: 1
Adding new region to list
TROPICAL_FOREST created.
done
TROPICAL_FOREST area: 1
Adding new region to list
TROPICAL_FOREST created.
done
TROPICAL_FOREST area: 1
Adding new region to list
TROPICAL_FOREST created.
done
TROPICAL_FOREST area: 1
Adding new region to list
TROPICAL_FOREST created.
done
TROPICAL_FOREST area: 1
Adding new region to list
TROPICAL_FOREST created.
done
TROPICAL_FOREST area: 1
Adding new region to list
TROPICAL_FOREST created.
done
TROPICAL_FOREST area: 1
Adding new region to list
TROPICAL_FOREST created.
done
TROPICAL_FOREST area: 1
Adding new region to list
TROPICAL_FOREST created.
done
TROPICAL_FOREST area: 1
Adding new region to list
TROPICAL_FOREST created.
done
TROPICAL_FOREST area: 1
Adding new region to list
TROPICAL_FOREST created.
done
TROPICAL_FOREST area: 1
Adding new region to list
TROPICAL_FOREST created.
done
TROPICAL_FOREST area: 1
Adding new region to list
TROPICAL_FOREST created.
done
TROPICAL_FOREST area: 1
Adding new region to list
TROPICAL_FOREST created.
done
TROPICAL_FOREST area: 1
Adding new region to list
TROPICAL_FOREST created.
done
TROPICAL_FOREST area: 1
Adding new region to list
TROPICAL_FOREST created.
done
TROPICAL_FOREST area: 1
Adding new region to list
TROPICAL_FOREST created.
done
TROPICAL_FOREST area: 1
Adding new region to list
TROPICAL_FOREST created.
done
TROPICAL_FOREST area: 1
Adding new region to list
TROPICAL_FOREST created.
done
TROPICAL_FOREST area: 1
Adding new region to list
TROPICAL_FOREST created.
done
TROPICAL_FOREST area: 1
Adding new region to list
TROPICAL_FOREST created.
done
TROPICAL_FOREST area: 1
Adding new region to list
TROPICAL_FOREST created.
done
TROPICAL_FOREST area: 1
Adding new region to list
TROPICAL_FOREST created.
done
TROPICAL_FOREST area: 1
Adding new region to list
TROPICAL_FOREST created.
done
TROPICAL_FOREST area: 1
Adding new region to list
TROPICAL_FOREST created.
done
TROPICAL_FOREST area: 1
Adding new region to list
TROPICAL_FOREST created.
done
TROPICAL_FOREST area: 1
Adding new region to list
TROPICAL_FOREST created.
done
TROPICAL_FOREST area: 1
Adding new region to list
TROPICAL_FOREST created.
done
TROPICAL_FOREST area: 1
Adding new region to list
TROPICAL_FOREST created.
done
TROPICAL_FOREST area: 1
Adding new region to list
TROPICAL_FOREST created.
done
TROPICAL_FOREST area: 1
Adding new region to list
TROPICAL_FOREST created.
done
TROPICAL_FOREST area: 1
Adding new region to list
TROPICAL_FOREST created.
done
TROPICAL_FOREST area: 1
Adding new region to list
TROPICAL_FOREST created.
done
TROPICAL_FOREST area: 1
Adding new region to list
TROPICAL_FOREST created.
done
TROPICAL_FOREST area: 1
Adding new region to list
TROPICAL_FOREST created.
done
TROPICAL_FOREST area: 1
Adding new region to list
TROPICAL_FOREST created.
done
TROPICAL_FOREST area: 1
Adding new region to list
TROPICAL_FOREST created.
done
TROPICAL_FOREST area: 1
Adding new region to list
TROPICAL_FOREST created.
done
TROPICAL_FOREST area: 1
Adding new region to list
TROPICAL_FOREST created.
done
TROPICAL_FOREST area: 1
Adding new region to list
TROPICAL_FOREST created.
done
TROPICAL_FOREST area: 1
Adding new region to list
TROPICAL_FOREST created.
done
TROPICAL_FOREST area: 1
Adding new region to list
TROPICAL_FOREST created.
done
TROPICAL_FOREST area: 1
Adding new region to list
TROPICAL_FOREST created.
done
TROPICAL_FOREST area: 1
Adding new region to list
TROPICAL_FOREST created.
done
TROPICAL_FOREST area: 1
Adding new region to list
TROPICAL_FOREST created.
done
TROPICAL_FOREST area: 1
Adding new region to list
TROPICAL_FOREST created.
done
TROPICAL_FOREST area: 1
Adding new region to list
TROPICAL_FOREST created.
done
TROPICAL_FOREST area: 1
Adding new region to list
TROPICAL_FOREST created.
done
TROPICAL_FOREST area: 1
Adding new region to list
TROPICAL_FOREST created.
done
TROPICAL_FOREST area: 1
Adding new region to list
TROPICAL_FOREST created.
done
TROPICAL_FOREST area: 1
Adding new region to list
TROPICAL_FOREST created.
done
TROPICAL_FOREST area: 1
Adding new region to list
TROPICAL_FOREST created.
done
TROPICAL_FOREST area: 1
Adding new region to list
TROPICAL_FOREST created.
done
TROPICAL_FOREST area: 1
Adding new region to list
TROPICAL_FOREST created.
done
TROPICAL_FOREST area: 1
Adding new region to list
TROPICAL_FOREST created.
done
TROPICAL_FOREST area: 1
Adding new region to list
TROPICAL_FOREST created.
done
TROPICAL_FOREST area: 1
Adding new region to list
TROPICAL_FOREST created.
done
TROPICAL_FOREST area: 1
Adding new region to list
TROPICAL_FOREST created.
done
TROPICAL_FOREST area: 1
Adding new region to list
TROPICAL_FOREST created.
done
TROPICAL_FOREST area: 1
Adding new region to list
TROPICAL_FOREST created.
done
TROPICAL_FOREST area: 1
Adding new region to list
TROPICAL_FOREST created.
done
TROPICAL_FOREST area: 1
Adding new region to list
TROPICAL_FOREST created.
done
TROPICAL_FOREST area: 1
Adding new region to list
TROPICAL_FOREST created.
done
TROPICAL_FOREST area: 1
Adding new region to list
TROPICAL_FOREST created.
Sorting
3549 ms

&amp#27;[33m▓&amp#27;[0m&amp#27;[32m▓&amp#27;[0m&amp#27;[32m▓&amp#27;[0m&amp#27;[32m▓&amp#27;[0m&amp#27;[32m▓&amp#27;[0m&amp#27;[33m▓&amp#27;[0m&amp#27;[33m▓&amp#27;[0m&amp#27;[32m▓&amp#27;[0m&amp#27;[32m▓&amp#27;[0m&amp#27;[33m▓&amp#27;[0m&amp#27;[33m▓&amp#27;[0m&amp#27;[34m▓&amp#27;[0m&amp#27;[34m▓&amp#27;[0m&amp#27;[33m▓&amp#27;[0m&amp#27;[32m▓&amp#27;[0m&amp#27;[34m▓&amp#27;[0m&amp#27;[34m▓&amp#27;[0m&amp#27;[33m▓&amp#27;[0m&amp#27;[34m▓&amp#27;[0m&amp#27;[32m░&amp#27;[0m&amp#27;[33m▓&amp#27;[0m&amp#27;[32m░&amp#27;[0m&amp#27;[32m░&amp#27;[0m&amp#27;[33m▓&amp#27;[0m&amp#27;[32m▓&amp#27;[0m&amp#27;[32m▓&amp#27;[0m&amp#27;[33m▓&amp#27;[0m&amp#27;[33m▓&amp#27;[0m&amp#27;[32m░&amp#27;[0m&amp#27;[32m░&amp#27;[0m&amp#27;[32m░&amp#27;[0m&amp#27;[32m▓&amp#27;[0m&amp#27;[32m▓&amp#27;[0m&amp#27;[32m▓&amp#27;[0m&amp#27;[32m░&amp#27;[0m&amp#27;[32m░&amp#27;[0m&amp#27;[32m░&amp#27;[0m&amp#27;[33m▓&amp#27;[0m&amp#27;[34m▓&amp#27;[0m&amp#27;[33m▓&amp#27;[0m&amp#27;[33m▓&amp#27;[0m&amp#27;[33m▓&amp#27;[0m&amp#27;[34m▓&amp#27;[0m&amp#27;[33m▓&amp#27;[0m&amp#27;[33m▓&amp#27;[0m&amp#27;[32m█&amp#27;[0m&amp#27;[33m▓&amp#27;[0m&amp#27;[32m█&amp#27;[0m&amp#27;[33m▓&amp#27;[0m&amp#27;[32m█&amp#27;[0m&amp#27;[32m█&amp#27;[0m&amp#27;[32m█&amp#27;[0m&amp#27;[32m▒&amp#27;[0m&amp#27;[32m▒&amp#27;[0m&amp#27;[32m█&amp#27;[0m&amp#27;[32m█&amp#27;[0m&amp#27;[32m█&amp#27;[0m&amp#27;[32m█&amp#27;[0m&amp#27;[32m█&amp#27;[0m&amp#27;[32m▒&amp#27;[0m&amp#27;[34m▓&amp#27;[0m&amp#27;[34m▓&amp#27;[0m&amp#27;[34m▓&amp#27;[0m&amp#27;[34m▓&amp#27;[0m&amp#27;[34m▓&amp#27;[0m&amp#27;[34m▓&amp#27;[0m&amp#27;[34m▓&amp#27;[0m&amp#27;[34m▓&amp#27;[0m&amp#27;[32m▓&amp#27;[0m&amp#27;[32m▓&amp#27;[0m&amp#27;[32m▓&amp#27;[0m&amp#27;[32m▓&amp#27;[0m&amp#27;[32m▓&amp#27;[0m&amp#27;[34m▓&amp#27;[0m&amp#27;[32m░&amp#27;[0m&amp#27;[32m░&amp#27;[0m&amp#27;[32m░&amp#27;[0m&amp#27;[32m░&amp#27;[0m&amp#27;[32m█&amp#27;[0m&amp#27;[32m▒&amp#27;[0m&amp#27;[32m░&amp#27;[0m&amp#27;[33m▓&amp#27;[0m&amp#27;[32m░&amp#27;[0m&amp#27;[32m░&amp#27;[0m&amp#27;[32m▒&amp#27;[0m&amp#27;[32m▒&amp#27;[0m&amp#27;[32m░&amp#27;[0m&amp#27;[34m▓&amp#27;[0m&amp#27;[32m░&amp#27;[0m&amp#27;[32m░&amp#27;[0m&amp#27;[32m░&amp#27;[0m&amp#27;[32m█&amp#27;[0m&amp#27;[32m█&amp#27;[0m&amp#27;[32m▒&amp#27;[0m&amp#27;[32m█&amp#27;[0m&amp#27;[32m█&amp#27;[0m&amp#27;[32m█&amp#27;[0m&amp#27;[32m▒&amp#27;[0m&amp#27;[34m▓&amp#27;[0m&amp#27;[34m▓&amp#27;[0m&amp#27;[32m▒&amp#27;[0m&amp#27;[34m▓&amp#27;[0m&amp#27;[34m▓&amp#27;[0m&amp#27;[32m▒&amp#27;[0m&amp#27;[34m▓&amp#27;[0m&amp#27;[34m▓&amp#27;[0m&amp#27;[34m▓&amp#27;[0m&amp#27;[32m▒&amp#27;[0m&amp#27;[34m▓&amp#27;[0m&amp#27;[34m▓&amp#27;[0m&amp#27;[34m▓&amp#27;[0m&amp#27;[34m▓&amp#27;[0m&amp#27;[34m▓&amp#27;[0m&amp#27;[34m▓&amp#27;[0m&amp#27;[32m▒&amp#27;[0m&amp#27;[33m▓&amp#27;[0m&amp#27;[33m▓&amp#27;[0m&amp#27;[33m▓&amp#27;[0m&amp#27;[32m█&amp#27;[0m&amp#27;[32m█&amp#27;[0m&amp#27;[32m▒&amp#27;[0m&amp#27;[32m█&amp#27;[0m&amp#27;[32m░&amp#27;[0m&amp#27;[32m░&amp#27;[0m&amp#27;[32m▒&amp#27;[0m&amp#27;[32m░&amp#27;[0m&amp#27;[32m░&amp#27;[0m&amp#27;[32m▓&amp#27;[0m&amp#27;[32m▓&amp#27;[0m&amp#27;[32m▓&amp#27;[0m&amp#27;[32m▓&amp#27;[0m&amp#27;[32m▓&amp#27;[0m&amp#27;[32m▓&amp#27;[0m&amp#27;[32m▓&amp#27;[0m&amp#27;[34m▓&amp#27;[0m&amp#27;[34m▓&amp#27;[0m&amp#27;[34m▓&amp#27;[0m&amp#27;[34m▓&amp#27;[0m&amp#27;[32m▒&amp#27;[0m&amp#27;[33m▓&amp#27;[0m&amp#27;[33m▓&amp#27;[0m&amp#27;[33m▓&amp#27;[0m&amp#27;[32m▓&amp#27;[0m&amp#27;[32m▓&amp#27;[0m&amp#27;[32m▒&amp#27;[0m&amp#27;[32m▒&amp#27;[0m&amp#27;[32m█&amp#27;[0m&amp#27;[34m▓&amp#27;[0m&amp#27;[34m▓&amp#27;[0m&amp#27;[34m▓&amp#27;[0m&amp#27;[32m▒&amp#27;[0m&amp#27;[34m▓&amp#27;[0m&amp#27;[34m▓&amp#27;[0m&amp#27;[34m▓&amp#27;[0m&amp#27;[34m▓&amp#27;[0m&amp#27;[34m▓&amp#27;[0m&amp#27;[32m░&amp#27;[0m&amp#27;[32m▒&amp#27;[0m&amp#27;[32m░&amp#27;[0m&amp#27;[32m▒&amp#27;[0m&amp#27;[32m░&amp#27;[0m&amp#27;[32m░&amp#27;[0m&amp#27;[32m▒&amp#27;[0m&amp#27;[32m░&amp#27;[0m&amp#27;[32m▒&amp#27;[0m&amp#27;[32m░&amp#27;[0m&amp#27;[32m▒&amp#27;[0m&amp#27;[32m░&amp#27;[0m&amp#27;[32m░&amp#27;[0m&amp#27;[32m▒&amp#27;[0m&amp#27;[32m░&amp#27;[0m&amp#27;[32m▓&amp#27;[0m&amp#27;[32m░&amp#27;[0m&amp#27;[32m░&amp#27;[0m&amp#27;[32m░&amp#27;[0m&amp#27;[32m░&amp#27;[0m&amp#27;[32m░&amp#27;[0m&amp#27;[32m░&amp#27;[0m&amp#27;[34m▓&amp#27;[0m&amp#27;[34m▓&amp#27;[0m&amp#27;[34m▓&amp#27;[0m&amp#27;[34m▓&amp#27;[0m&amp#27;[32m▒&amp#27;[0m&amp#27;[34m▓&amp#27;[0m&amp#27;[34m▓&amp#27;[0m&amp#27;[32m▒&amp#27;[0m&amp#27;[32m▒&amp#27;[0m&amp#27;[34m▓&amp#27;[0m&amp#27;[34m▓&amp#27;[0m&amp#27;[32m░&amp#27;[0m&amp#27;[32m░&amp#27;[0m&amp#27;[32m░&amp#27;[0m&amp#27;[32m░&amp#27;[0m&amp#27;[32m░&amp#27;[0m&amp#27;[32m░&amp#27;[0m&amp#27;[32m░&amp#27;[0m&amp#27;[34m▓&amp#27;[0m&amp#27;[34m▓&amp#27;[0m&amp#27;[34m▓&amp#27;[0m&amp#27;[34m▓&amp#27;[0m&amp#27;[34m▓&amp#27;[0m&amp#27;[34m▓&amp#27;[0m&amp#27;[34m▓&amp#27;[0m&amp#27;[32m▒&amp#27;[0m&amp#27;[34m▓&amp#27;[0m&amp#27;[34m▓&amp#27;[0m&amp#27;[34m▓&amp#27;[0m&amp#27;[32m▒&amp#27;[0m&amp#27;[34m▓&amp#27;[0m&amp#27;[32m▓&amp#27;[0m&amp#27;[34m▓&amp#27;[0m&amp#27;[34m▓&amp#27;[0m&amp#27;[34m▓&amp#27;[0m&amp#27;[34m▓&amp#27;[0m&amp#27;[34m▓&amp#27;[0m&amp#27;[34m▓&amp#27;[0m&amp#27;[34m▓&amp#27;[0m&amp#27;[34m▓&amp#27;[0m&amp#27;[32m░&amp#27;[0m&amp#27;[34m▓&amp#27;[0m&amp#27;[34m▓&amp#27;[0m&amp#27;[34m▓&amp#27;[0m&amp#27;[34m▓&amp#27;[0m&amp#27;[34m▓&amp#27;[0m&amp#27;[34m▓&amp#27;[0m&amp#27;[34m▓&amp#27;[0m&amp#27;[32m▒&amp#27;[0m&amp#27;[32m░&amp#27;[0m&amp#27;[34m▓&amp#27;[0m&amp#27;[32m█&amp#27;[0m&amp#27;[32m█&amp#27;[0m&amp#27;[32m█&amp#27;[0m&amp#27;[32m█&amp#27;[0m&amp#27;[32m█&amp#27;[0m&amp#27;[32m█&amp#27;[0m&amp#27;[32m█&amp#27;[0m&amp#27;[32m░&amp#27;[0m&amp#27;[32m░&amp#27;[0m&amp#27;[34m▓&amp#27;[0m&amp#27;[34m▓&amp#27;[0m&amp#27;[34m▓&amp#27;[0m&amp#27;[34m▓&amp#27;[0m&amp#27;[34m▓&amp#27;[0m&amp#27;[34m▓&amp#27;[0m&amp#27;[34m▓&amp#27;[0m&amp#27;[34m▓&amp#27;[0m&amp#27;[34m▓&amp#27;[0m&amp#27;[34m▓&amp#27;[0m&amp#27;[34m▓&amp#27;[0m&amp#27;[34m▓&amp#27;[0m&amp#27;[34m▓&amp#27;[0m&amp#27;[34m▓&amp#27;[0m&amp#27;[34m▓&amp#27;[0m&amp#27;[32m░&amp#27;[0m&amp#27;[34m▓&amp#27;[0m&amp#27;[34m▓&amp#27;[0m&amp#27;[34m▓&amp#27;[0m&amp#27;[34m▓&amp#27;[0m&amp#27;[34m▓&amp#27;[0m&amp#27;[32m█&amp#27;[0m&amp#27;[34m▓&amp#27;[0m&amp#27;[34m▓&amp#27;[0m&amp#27;[34m▓&amp#27;[0m&amp#27;[34m▓&amp#27;[0m&amp#27;[34m▓&amp#27;[0m&amp#27;[32m░&amp#27;[0m&amp#27;[34m▓&amp#27;[0m&amp#27;[34m▓&amp#27;[0m&amp#27;[34m▓&amp#27;[0m&amp#27;[34m▓&amp#27;[0m&amp#27;[34m▓&amp#27;[0m&amp#27;[34m▓&amp#27;[0m&amp#27;[34m▓&amp#27;[0m&amp#27;[34m▓&amp#27;[0m&amp#27;[34m▓&amp#27;[0m&amp#27;[34m▓&amp#27;[0m&amp#27;[34m▓&amp#27;[0m&amp#27;[34m▓&amp#27;[0m&amp#27;[34m▓&amp#27;[0m&amp#27;[34m▓&amp#27;[0m&amp#27;[34m▓&amp#27;[0m&amp#27;[34m▓&amp#27;[0m&amp#27;[34m▓&amp#27;[0m&amp#27;[34m▓&amp#27;[0m&amp#27;[34m▓&amp#27;[0m&amp#27;[34m▓&amp#27;[0m&amp#27;[34m▓&amp#27;[0m&amp#27;[34m▓&amp#27;[0m&amp#27;[34m▓&amp#27;[0m&amp#27;[34m▓&amp#27;[0m&amp#27;[34m▓&amp#27;[0m&amp#27;[34m▓&amp#27;[0m&amp#27;[32m▓&amp#27;[0m&amp#27;[34m▓&amp#27;[0m&amp#27;[32m░&amp#27;[0m&amp#27;[34m▓&amp#27;[0m&amp#27;[33m▓&amp#27;[0m&amp#27;[34m▓&amp#27;[0m&amp#27;[34m▓&amp#27;[0m&amp#27;[34m▓&amp#27;[0m
&amp#27;[32m▓&amp#27;[0m&amp#27;[32m▓&amp#27;[0m&amp#27;[32m▓&amp#27;[0m&amp#27;[32m▓&amp#27;[0m&amp#27;[32m▓&amp#27;[0m&amp#27;[32m█&amp#27;[0m&amp#27;[33m▓&amp#27;[0m&amp#27;[33m▓&amp#27;[0m&amp#27;[32m█&amp#27;[0m&amp#27;[32m█&amp#27;[0m&amp#27;[33m▓&amp#27;[0m&amp#27;[32m█&amp#27;[0m&amp#27;[32m▓&amp#27;[0m&amp#27;[34m▓&amp#27;[0m&amp#27;[34m▓&amp#27;[0m&amp#27;[33m▓&amp#27;[0m&amp#27;[34m▓&amp#27;[0m&amp#27;[33m▓&amp#27;[0m&amp#27;[32m░&amp#27;[0m&amp#27;[32m░&amp#27;[0m&amp#27;[32m░&amp#27;[0m&amp#27;[32m░&amp#27;[0m&amp#27;[32m░&amp#27;[0m&amp#27;[32m░&amp#27;[0m&amp#27;[32m▓&amp#27;[0m&amp#27;[32m░&amp#27;[0m&amp#27;[32m░&amp#27;[0m&amp#27;[32m░&amp#27;[0m&amp#27;[32m░&amp#27;[0m&amp#27;[32m░&amp#27;[0m&amp#27;[32m▓&amp#27;[0m&amp#27;[33m▓&amp#27;[0m&amp#27;[32m▓&amp#27;[0m&amp#27;[33m▓&amp#27;[0m&amp#27;[32m▓&amp#27;[0m&amp#27;[33m▓&amp#27;[0m&amp#27;[32m░&amp#27;[0m&amp#27;[34m▓&amp#27;[0m&amp#27;[32m▓&amp#27;[0m&amp#27;[32m▓&amp#27;[0m&amp#27;[32m▓&amp#27;[0m&amp#27;[34m▓&amp#27;[0m&amp#27;[34m▓&amp#27;[0m&amp#27;[32m█&amp#27;[0m&amp#27;[32m█&amp#27;[0m&amp#27;[32m█&amp#27;[0m&amp#27;[33m▓&amp#27;[0m&amp#27;[32m█&amp#27;[0m&amp#27;[32m█&amp#27;[0m&amp#27;[32m█&amp#27;[0m&amp#27;[32m█&amp#27;[0m&amp#27;[32m█&amp#27;[0m&amp#27;[32m█&amp#27;[0m&amp#27;[32m█&amp#27;[0m&amp#27;[32m▒&amp#27;[0m&amp#27;[32m█&amp#27;[0m&amp#27;[32m▒&amp#27;[0m&amp#27;[32m█&amp#27;[0m&amp#27;[32m█&amp#27;[0m&amp#27;[32m▒&amp#27;[0m&amp#27;[32m▒&amp#27;[0m&amp#27;[32m▒&amp#27;[0m&amp#27;[32m▒&amp#27;[0m&amp#27;[34m▓&amp#27;[0m&amp#27;[32m▒&amp#27;[0m&amp#27;[32m▒&amp#27;[0m&amp#27;[34m▓&amp#27;[0m&amp#27;[32m▒&amp#27;[0m&amp#27;[32m▒&amp#27;[0m&amp#27;[32m▓&amp#27;[0m&amp#27;[32m▒&amp#27;[0m&amp#27;[32m▓&amp#27;[0m&amp#27;[34m▓&amp#27;[0m&amp#27;[34m▓&amp#27;[0m&amp#27;[32m░&amp#27;[0m&amp#27;[32m░&amp#27;[0m&amp#27;[32m░&amp#27;[0m&amp#27;[32m░&amp#27;[0m&amp#27;[32m░&amp#27;[0m&amp#27;[32m░&amp#27;[0m&amp#27;[32m▒&amp#27;[0m&amp#27;[32m░&amp#27;[0m&amp#27;[32m▒&amp#27;[0m&amp#27;[32m░&amp#27;[0m&amp#27;[32m░&amp#27;[0m&amp#27;[32m░&amp#27;[0m&amp#27;[32m░&amp#27;[0m&amp#27;[34m▓&amp#27;[0m&amp#27;[32m░&amp#27;[0m&amp#27;[32m▒&amp#27;[0m&amp#27;[32m░&amp#27;[0m&amp#27;[32m█&amp#27;[0m&amp#27;[32m█&amp#27;[0m&amp#27;[32m█&amp#27;[0m&amp#27;[32m█&amp#27;[0m&amp#27;[32m█&amp#27;[0m&amp#27;[32m█&amp#27;[0m&amp#27;[32m█&amp#27;[0m&amp#27;[32m▒&amp#27;[0m&amp#27;[34m▓&amp#27;[0m&amp#27;[34m▓&amp#27;[0m&amp#27;[34m▓&amp#27;[0m&amp#27;[34m▓&amp#27;[0m&amp#27;[32m▒&amp#27;[0m&amp#27;[32m▒&amp#27;[0m&amp#27;[34m▓&amp#27;[0m&amp#27;[34m▓&amp#27;[0m&amp#27;[32m▒&amp#27;[0m&amp#27;[32m▓&amp#27;[0m&amp#27;[33m▓&amp#27;[0m&amp#27;[34m▓&amp#27;[0m&amp#27;[34m▓&amp#27;[0m&amp#27;[34m▓&amp#27;[0m&amp#27;[32m░&amp#27;[0m&amp#27;[32m░&amp#27;[0m&amp#27;[33m▓&amp#27;[0m&amp#27;[33m▓&amp#27;[0m&amp#27;[33m▓&amp#27;[0m&amp#27;[32m█&amp#27;[0m&amp#27;[32m█&amp#27;[0m&amp#27;[32m█&amp#27;[0m&amp#27;[32m█&amp#27;[0m&amp#27;[32m▒&amp#27;[0m&amp#27;[32m░&amp#27;[0m&amp#27;[32m░&amp#27;[0m&amp#27;[32m░&amp#27;[0m&amp#27;[32m▒&amp#27;[0m&amp#27;[32m▓&amp#27;[0m&amp#27;[32m▓&amp#27;[0m&amp#27;[32m▓&amp#27;[0m&amp#27;[32m▒&amp#27;[0m&amp#27;[32m▓&amp#27;[0m&amp#27;[32m▓&amp#27;[0m&amp#27;[32m▓&amp#27;[0m&amp#27;[32m▓&amp#27;[0m&amp#27;[34m▓&amp#27;[0m&amp#27;[34m▓&amp#27;[0m&amp#27;[32m▓&amp#27;[0m&amp#27;[33m▓&amp#27;[0m&amp#27;[33m▓&amp#27;[0m&amp#27;[33m▓&amp#27;[0m&amp#27;[33m▓&amp#27;[0m&amp#27;[33m▓&amp#27;[0m&amp#27;[32m▓&amp#27;[0m&amp#27;[32m▓&amp#27;[0m&amp#27;[32m▒&amp#27;[0m&amp#27;[34m▓&amp#27;[0m&amp#27;[32m▓&amp#27;[0m&amp#27;[34m▓&amp#27;[0m&amp#27;[34m▓&amp#27;[0m&amp#27;[34m▓&amp#27;[0m&amp#27;[32m▒&amp#27;[0m&amp#27;[34m▓&amp#27;[0m&amp#27;[32m▒&amp#27;[0m&amp#27;[33m▓&amp#27;[0m&amp#27;[32m░&amp#27;[0m&amp#27;[32m░&amp#27;[0m&amp#27;[32m░&amp#27;[0m&amp#27;[32m░&amp#27;[0m&amp#27;[32m░&amp#27;[0m&amp#27;[32m░&amp#27;[0m&amp#27;[32m░&amp#27;[0m&amp#27;[32m▒&amp#27;[0m&amp#27;[32m░&amp#27;[0m&amp#27;[32m░&amp#27;[0m&amp#27;[32m░&amp#27;[0m&amp#27;[32m░&amp#27;[0m&amp#27;[32m▒&amp#27;[0m&amp#27;[32m░&amp#27;[0m&amp#27;[32m░&amp#27;[0m&amp#27;[32m▒&amp#27;[0m&amp#27;[32m░&amp#27;[0m&amp#27;[32m░&amp#27;[0m&amp#27;[32m░&amp#27;[0m&amp#27;[32m░&amp#27;[0m&amp#27;[32m░&amp#27;[0m&amp#27;[32m░&amp#27;[0m&amp#27;[32m░&amp#27;[0m&amp#27;[32m█&amp#27;[0m&amp#27;[32m█&amp#27;[0m&amp#27;[32m█&amp#27;[0m&amp#27;[34m▓&amp#27;[0m&amp#27;[34m▓&amp#27;[0m&amp#27;[34m▓&amp#27;[0m&amp#27;[34m▓&amp#27;[0m&amp#27;[34m▓&amp#27;[0m&amp#27;[34m▓&amp#27;[0m&amp#27;[32m░&amp#27;[0m&amp#27;[32m░&amp#27;[0m&amp#27;[32m▓&amp#27;[0m&amp#27;[32m░&amp#27;[0m&amp#27;[32m░&amp#27;[0m&amp#27;[32m░&amp#27;[0m&amp#27;[32m░&amp#27;[0m&amp#27;[32m░&amp#27;[0m&amp#27;[32m░&amp#27;[0m&amp#27;[32m░&amp#27;[0m&amp#27;[34m▓&amp#27;[0m&amp#27;[34m▓&amp#27;[0m&amp#27;[34m▓&amp#27;[0m&amp#27;[32m░&amp#27;[0m&amp#27;[32m▓&amp#27;[0m&amp#27;[32m▓&amp#27;[0m&amp#27;[32m▓&amp#27;[0m&amp#27;[32m▓&amp#27;[0m&amp#27;[32m▓&amp#27;[0m&amp#27;[34m▓&amp#27;[0m&amp#27;[34m▓&amp#27;[0m&amp#27;[34m▓&amp#27;[0m&amp#27;[34m▓&amp#27;[0m&amp#27;[34m▓&amp#27;[0m&amp#27;[34m▓&amp#27;[0m&amp#27;[34m▓&amp#27;[0m&amp#27;[34m▓&amp#27;[0m&amp#27;[34m▓&amp#27;[0m&amp#27;[34m▓&amp#27;[0m&amp#27;[34m▓&amp#27;[0m&amp#27;[32m░&amp#27;[0m&amp#27;[32m░&amp#27;[0m&amp#27;[32m░&amp#27;[0m&amp#27;[32m░&amp#27;[0m&amp#27;[33m▓&amp#27;[0m&amp#27;[34m▓&amp#27;[0m&amp#27;[32m░&amp#27;[0m&amp#27;[34m▓&amp#27;[0m&amp#27;[34m▓&amp#27;[0m&amp#27;[34m▓&amp#27;[0m&amp#27;[32m█&amp#27;[0m&amp#27;[32m█&amp#27;[0m&amp#27;[32m█&amp#27;[0m&amp#27;[32m█&amp#27;[0m&amp#27;[32m█&amp#27;[0m&amp#27;[32m█&amp#27;[0m&amp#27;[32m█&amp#27;[0m&amp#27;[32m█&amp#27;[0m&amp#27;[32m█&amp#27;[0m&amp#27;[32m█&amp#27;[0m&amp#27;[32m░&amp#27;[0m&amp#27;[34m▓&amp#27;[0m&amp#27;[34m▓&amp#27;[0m&amp#27;[34m▓&amp#27;[0m&amp#27;[34m▓&amp#27;[0m&amp#27;[33m▓&amp#27;[0m&amp#27;[33m▓&amp#27;[0m&amp#27;[33m▓&amp#27;[0m&amp#27;[33m▓&amp#27;[0m&amp#27;[33m▓&amp#27;[0m&amp#27;[34m▓&amp#27;[0m&amp#27;[34m▓&amp#27;[0m&amp#27;[34m▓&amp#27;[0m&amp#27;[34m▓&amp#27;[0m&amp#27;[34m▓&amp#27;[0m&amp#27;[32m▓&amp#27;[0m&amp#27;[32m▒&amp#27;[0m&amp#27;[34m▓&amp#27;[0m&amp#27;[34m▓&amp#27;[0m&amp#27;[34m▓&amp#27;[0m&amp#27;[34m▓&amp#27;[0m&amp#27;[34m▓&amp#27;[0m&amp#27;[32m▓&amp#27;[0m&amp#27;[34m▓&amp#27;[0m&amp#27;[32m░&amp#27;[0m&amp#27;[34m▓&amp#27;[0m&amp#27;[34m▓&amp#27;[0m&amp#27;[34m▓&amp#27;[0m&amp#27;[34m▓&amp#27;[0m&amp#27;[34m▓&amp#27;[0m&amp#27;[34m▓&amp#27;[0m&amp#27;[34m▓&amp#27;[0m&amp#27;[34m▓&amp#27;[0m&amp#27;[34m▓&amp#27;[0m&amp#27;[32m░&amp#27;[0m&amp#27;[34m▓&amp#27;[0m&amp#27;[34m▓&amp#27;[0m&amp#27;[33m▓&amp#27;[0m&amp#27;[33m▓&amp#27;[0m&amp#27;[33m▓&amp#27;[0m&amp#27;[34m▓&amp#27;[0m&amp#27;[32m█&amp#27;[0m&amp#27;[34m▓&amp#27;[0m&amp#27;[34m▓&amp#27;[0m&amp#27;[34m▓&amp#27;[0m&amp#27;[34m▓&amp#27;[0m&amp#27;[34m▓&amp#27;[0m&amp#27;[34m▓&amp#27;[0m&amp#27;[34m▓&amp#27;[0m&amp#27;[34m▓&amp#27;[0m&amp#27;[34m▓&amp#27;[0m&amp#27;[32m█&amp#27;[0m&amp#27;[34m▓&amp#27;[0m&amp#27;[34m▓&amp#27;[0m&amp#27;[34m▓&amp#27;[0m&amp#27;[32m▒&amp#27;[0m&amp#27;[34m▓&amp#27;[0m&amp#27;[32m░&amp#27;[0m&amp#27;[34m▓&amp#27;[0m&amp#27;[34m▓&amp#27;[0m&amp#27;[34m▓&amp#27;[0m&amp#27;[34m▓&amp#27;[0m&amp#27;[34m▓&amp#27;[0m
&amp#27;[33m▓&amp#27;[0m&amp#27;[33m▓&amp#27;[0m&amp#27;[32m▓&amp#27;[0m&amp#27;[32m▓&amp#27;[0m&amp#27;[32m█&amp#27;[0m&amp#27;[32m█&amp#27;[0m&amp#27;[32m█&amp#27;[0m&amp#27;[32m█&amp#27;[0m&amp#27;[32m█&amp#27;[0m&amp#27;[32m█&amp#27;[0m&amp#27;[33m▓&amp#27;[0m&amp#27;[32m▓&amp#27;[0m&amp#27;[33m▓&amp#27;[0m&amp#27;[34m▓&amp#27;[0m&amp#27;[34m▓&amp#27;[0m&amp#27;[33m▓&amp#27;[0m&amp#27;[34m▓&amp#27;[0m&amp#27;[34m▓&amp#27;[0m&amp#27;[32m░&amp#27;[0m&amp#27;[32m░&amp#27;[0m&amp#27;[33m▓&amp#27;[0m&amp#27;[32m█&amp#27;[0m&amp#27;[32m▓&amp#27;[0m&amp#27;[32m▓&amp#27;[0m&amp#27;[32m▓&amp#27;[0m&amp#27;[32m░&amp#27;[0m&amp#27;[33m▓&amp#27;[0m&amp#27;[32m░&amp#27;[0m&amp#27;[33m▓&amp#27;[0m&amp#27;[32m░&amp#27;[0m&amp#27;[32m▓&amp#27;[0m&amp#27;[32m▓&amp#27;[0m&amp#27;[32m▓&amp#27;[0m&amp#27;[32m▓&amp#27;[0m&amp#27;[32m▓&amp#27;[0m&amp#27;[32m░&amp#27;[0m&amp#27;[32m░&amp#27;[0m&amp#27;[32m▓&amp#27;[0m&amp#27;[32m▓&amp#27;[0m&amp#27;[32m▓&amp#27;[0m&amp#27;[32m▓&amp#27;[0m&amp#27;[34m▓&amp#27;[0m&amp#27;[34m▓&amp#27;[0m&amp#27;[33m▓&amp#27;[0m&amp#27;[32m█&amp#27;[0m&amp#27;[32m█&amp#27;[0m&amp#27;[32m█&amp#27;[0m&amp#27;[33m▓&amp#27;[0m&amp#27;[33m▓&amp#27;[0m&amp#27;[32m█&amp#27;[0m&amp#27;[32m█&amp#27;[0m&amp#27;[32m█&amp#27;[0m&amp#27;[32m█&amp#27;[0m&amp#27;[32m█&amp#27;[0m&amp#27;[32m▒&amp#27;[0m&amp#27;[32m█&amp#27;[0m&amp#27;[32m█&amp#27;[0m&amp#27;[32m█&amp#27;[0m&amp#27;[32m█&amp#27;[0m&amp#27;[32m█&amp#27;[0m&amp#27;[32m█&amp#27;[0m&amp#27;[34m▓&amp#27;[0m&amp#27;[34m▓&amp#27;[0m&amp#27;[34m▓&amp#27;[0m&amp#27;[34m▓&amp#27;[0m&amp#27;[34m▓&amp#27;[0m&amp#27;[32m▓&amp#27;[0m&amp#27;[34m▓&amp#27;[0m&amp#27;[32m▒&amp#27;[0m&amp#27;[34m▓&amp#27;[0m&amp#27;[32m▒&amp#27;[0m&amp#27;[34m▓&amp#27;[0m&amp#27;[32m▒&amp#27;[0m&amp#27;[32m▒&amp#27;[0m&amp#27;[32m▒&amp#27;[0m&amp#27;[32m░&amp#27;[0m&amp#27;[32m░&amp#27;[0m&amp#27;[32m░&amp#27;[0m&amp#27;[32m░&amp#27;[0m&amp#27;[32m░&amp#27;[0m&amp#27;[32m░&amp#27;[0m&amp#27;[32m░&amp#27;[0m&amp#27;[32m░&amp#27;[0m&amp#27;[32m░&amp#27;[0m&amp#27;[32m░&amp#27;[0m&amp#27;[32m▒&amp#27;[0m&amp#27;[32m░&amp#27;[0m&amp#27;[34m▓&amp#27;[0m&amp#27;[32m░&amp#27;[0m&amp#27;[32m░&amp#27;[0m&amp#27;[32m▒&amp#27;[0m&amp#27;[32m█&amp#27;[0m&amp#27;[32m█&amp#27;[0m&amp#27;[32m▒&amp#27;[0m&amp#27;[32m█&amp#27;[0m&amp#27;[32m█&amp#27;[0m&amp#27;[32m█&amp#27;[0m&amp#27;[32m█&amp#27;[0m&amp#27;[34m▓&amp#27;[0m&amp#27;[34m▓&amp#27;[0m&amp#27;[34m▓&amp#27;[0m&amp#27;[34m▓&amp#27;[0m&amp#27;[34m▓&amp#27;[0m&amp#27;[34m▓&amp#27;[0m&amp#27;[32m▒&amp#27;[0m&amp#27;[34m▓&amp#27;[0m&amp#27;[34m▓&amp#27;[0m&amp#27;[32m▒&amp#27;[0m&amp#27;[34m▓&amp#27;[0m&amp#27;[34m▓&amp#27;[0m&amp#27;[34m▓&amp#27;[0m&amp#27;[34m▓&amp#27;[0m&amp#27;[32m░&amp#27;[0m&amp#27;[32m▒&amp#27;[0m&amp#27;[32m░&amp#27;[0m&amp#27;[32m▒&amp#27;[0m&amp#27;[33m▓&amp#27;[0m&amp#27;[33m▓&amp#27;[0m&amp#27;[32m█&amp#27;[0m&amp#27;[32m▒&amp#27;[0m&amp#27;[32m█&amp#27;[0m&amp#27;[32m█&amp#27;[0m&amp#27;[32m▓&amp#27;[0m&amp#27;[32m▒&amp#27;[0m&amp#27;[32m░&amp#27;[0m&amp#27;[32m▓&amp#27;[0m&amp#27;[32m▒&amp#27;[0m&amp#27;[32m▒&amp#27;[0m&amp#27;[32m▓&amp#27;[0m&amp#27;[32m▓&amp#27;[0m&amp#27;[32m▓&amp#27;[0m&amp#27;[32m▒&amp#27;[0m&amp#27;[32m▓&amp#27;[0m&amp#27;[32m▓&amp#27;[0m&amp#27;[32m▓&amp#27;[0m&amp#27;[32m▓&amp#27;[0m&amp#27;[32m▓&amp#27;[0m&amp#27;[32m▓&amp#27;[0m&amp#27;[33m▓&amp#27;[0m&amp#27;[33m▓&amp#27;[0m&amp#27;[33m▓&amp#27;[0m&amp#27;[33m▓&amp#27;[0m&amp#27;[33m▓&amp#27;[0m&amp#27;[32m▓&amp#27;[0m&amp#27;[32m▓&amp#27;[0m&amp#27;[33m▓&amp#27;[0m&amp#27;[32m▓&amp#27;[0m&amp#27;[34m▓&amp#27;[0m&amp#27;[34m▓&amp#27;[0m&amp#27;[32m▒&amp#27;[0m&amp#27;[34m▓&amp#27;[0m&amp#27;[34m▓&amp#27;[0m&amp#27;[32m▓&amp#27;[0m&amp#27;[34m▓&amp#27;[0m&amp#27;[32m░&amp#27;[0m&amp#27;[32m░&amp#27;[0m&amp#27;[32m░&amp#27;[0m&amp#27;[32m░&amp#27;[0m&amp#27;[32m░&amp#27;[0m&amp#27;[32m░&amp#27;[0m&amp#27;[32m░&amp#27;[0m&amp#27;[32m░&amp#27;[0m&amp#27;[32m░&amp#27;[0m&amp#27;[32m░&amp#27;[0m&amp#27;[32m░&amp#27;[0m&amp#27;[32m▒&amp#27;[0m&amp#27;[32m█&amp#27;[0m&amp#27;[32m░&amp#27;[0m&amp#27;[32m█&amp#27;[0m&amp#27;[32m░&amp#27;[0m&amp#27;[32m░&amp#27;[0m&amp#27;[32m░&amp#27;[0m&amp#27;[32m░&amp#27;[0m&amp#27;[32m░&amp#27;[0m&amp#27;[32m░&amp#27;[0m&amp#27;[32m░&amp#27;[0m&amp#27;[32m░&amp#27;[0m&amp#27;[32m░&amp#27;[0m&amp#27;[32m▒&amp#27;[0m&amp#27;[32m█&amp#27;[0m&amp#27;[32m█&amp#27;[0m&amp#27;[32m█&amp#27;[0m&amp#27;[32m▒&amp#27;[0m&amp#27;[32m░&amp#27;[0m&amp#27;[34m▓&amp#27;[0m&amp#27;[32m▒&amp#27;[0m&amp#27;[34m▓&amp#27;[0m&amp#27;[32m▒&amp#27;[0m&amp#27;[32m▓&amp#27;[0m&amp#27;[32m▓&amp#27;[0m&amp#27;[32m▓&amp#27;[0m&amp#27;[32m░&amp#27;[0m&amp#27;[32m░&amp#27;[0m&amp#27;[32m▒&amp#27;[0m&amp#27;[32m▒&amp#27;[0m&amp#27;[32m▒&amp#27;[0m&amp#27;[32m░&amp#27;[0m&amp#27;[34m▓&amp#27;[0m&amp#27;[34m▓&amp#27;[0m&amp#27;[32m▒&amp#27;[0m&amp#27;[32m▓&amp#27;[0m&amp#27;[32m▓&amp#27;[0m&amp#27;[32m▓&amp#27;[0m&amp#27;[32m▓&amp#27;[0m&amp#27;[32m▓&amp#27;[0m&amp#27;[32m▓&amp#27;[0m&amp#27;[32m▓&amp#27;[0m&amp#27;[32m▓&amp#27;[0m&amp#27;[32m░&amp#27;[0m&amp#27;[32m░&amp#27;[0m&amp#27;[34m▓&amp#27;[0m&amp#27;[34m▓&amp#27;[0m&amp#27;[32m▒&amp#27;[0m&amp#27;[34m▓&amp#27;[0m&amp#27;[34m▓&amp#27;[0m&amp#27;[34m▓&amp#27;[0m&amp#27;[34m▓&amp#27;[0m&amp#27;[34m▓&amp#27;[0m&amp#27;[32m░&amp#27;[0m&amp#27;[34m▓&amp#27;[0m&amp#27;[34m▓&amp#27;[0m&amp#27;[34m▓&amp#27;[0m&amp#27;[34m▓&amp#27;[0m&amp#27;[34m▓&amp#27;[0m&amp#27;[34m▓&amp#27;[0m&amp#27;[34m▓&amp#27;[0m&amp#27;[32m▓&amp#27;[0m&amp#27;[34m▓&amp#27;[0m&amp#27;[32m█&amp#27;[0m&amp#27;[32m▒&amp#27;[0m&amp#27;[32m█&amp#27;[0m&amp#27;[32m█&amp#27;[0m&amp#27;[32m█&amp#27;[0m&amp#27;[32m█&amp#27;[0m&amp#27;[32m█&amp#27;[0m&amp#27;[32m█&amp#27;[0m&amp#27;[32m█&amp#27;[0m&amp#27;[32m░&amp#27;[0m&amp#27;[32m░&amp#27;[0m&amp#27;[34m▓&amp#27;[0m&amp#27;[34m▓&amp#27;[0m&amp#27;[33m▓&amp#27;[0m&amp#27;[33m▓&amp#27;[0m&amp#27;[33m▓&amp#27;[0m&amp#27;[33m▓&amp#27;[0m&amp#27;[33m▓&amp#27;[0m&amp#27;[33m▓&amp#27;[0m&amp#27;[33m▓&amp#27;[0m&amp#27;[33m▓&amp#27;[0m&amp#27;[32m█&amp#27;[0m&amp#27;[32m▒&amp#27;[0m&amp#27;[34m▓&amp#27;[0m&amp#27;[34m▓&amp#27;[0m&amp#27;[34m▓&amp#27;[0m&amp#27;[34m▓&amp#27;[0m&amp#27;[34m▓&amp#27;[0m&amp#27;[34m▓&amp#27;[0m&amp#27;[34m▓&amp#27;[0m&amp#27;[34m▓&amp#27;[0m&amp#27;[34m▓&amp#27;[0m&amp#27;[34m▓&amp#27;[0m&amp#27;[34m▓&amp#27;[0m&amp#27;[34m▓&amp#27;[0m&amp#27;[32m░&amp#27;[0m&amp#27;[34m▓&amp#27;[0m&amp#27;[34m▓&amp#27;[0m&amp#27;[34m▓&amp#27;[0m&amp#27;[34m▓&amp#27;[0m&amp#27;[34m▓&amp#27;[0m&amp#27;[34m▓&amp#27;[0m&amp#27;[34m▓&amp#27;[0m&amp#27;[32m░&amp#27;[0m&amp#27;[33m▓&amp#27;[0m&amp#27;[33m▓&amp#27;[0m&amp#27;[33m▓&amp#27;[0m&amp#27;[33m▓&amp#27;[0m&amp#27;[33m▓&amp#27;[0m&amp#27;[32m▒&amp#27;[0m&amp#27;[32m▒&amp#27;[0m&amp#27;[32m▓&amp#27;[0m&amp#27;[32m░&amp#27;[0m&amp#27;[32m░&amp#27;[0m&amp#27;[32m█&amp#27;[0m&amp#27;[34m▓&amp#27;[0m&amp#27;[34m▓&amp#27;[0m&amp#27;[34m▓&amp#27;[0m&amp#27;[34m▓&amp#27;[0m&amp#27;[34m▓&amp#27;[0m&amp#27;[34m▓&amp#27;[0m&amp#27;[34m▓&amp#27;[0m&amp#27;[34m▓&amp#27;[0m&amp#27;[34m▓&amp#27;[0m&amp#27;[32m▓&amp#27;[0m&amp#27;[34m▓&amp#27;[0m&amp#27;[32m░&amp#27;[0m&amp#27;[34m▓&amp#27;[0m&amp#27;[34m▓&amp#27;[0m&amp#27;[34m▓&amp#27;[0m&amp#27;[34m▓&amp#27;[0m&amp#27;[34m▓&amp#27;[0m
&amp#27;[32m▓&amp#27;[0m&amp#27;[33m▓&amp#27;[0m&amp#27;[32m▓&amp#27;[0m&amp#27;[32m▓&amp#27;[0m&amp#27;[32m█&amp#27;[0m&amp#27;[32m█&amp#27;[0m&amp#27;[32m█&amp#27;[0m&amp#27;[33m▓&amp#27;[0m&amp#27;[32m█&amp#27;[0m&amp#27;[33m▓&amp#27;[0m&amp#27;[33m▓&amp#27;[0m&amp#27;[32m▓&amp#27;[0m&amp#27;[33m▓&amp#27;[0m&amp#27;[34m▓&amp#27;[0m&amp#27;[34m▓&amp#27;[0m&amp#27;[32m▓&amp#27;[0m&amp#27;[33m▓&amp#27;[0m&amp#27;[32m▓&amp#27;[0m&amp#27;[33m▓&amp#27;[0m&amp#27;[32m▓&amp#27;[0m&amp#27;[32m░&amp#27;[0m&amp#27;[33m▓&amp#27;[0m&amp#27;[32m▓&amp#27;[0m&amp#27;[32m▓&amp#27;[0m&amp#27;[32m░&amp#27;[0m&amp#27;[32m░&amp#27;[0m&amp#27;[33m▓&amp#27;[0m&amp#27;[32m░&amp#27;[0m&amp#27;[33m▓&amp#27;[0m&amp#27;[32m░&amp#27;[0m&amp#27;[33m▓&amp#27;[0m&amp#27;[32m▓&amp#27;[0m&amp#27;[33m▓&amp#27;[0m&amp#27;[32m▓&amp#27;[0m&amp#27;[32m▓&amp#27;[0m&amp#27;[33m▓&amp#27;[0m&amp#27;[32m░&amp#27;[0m&amp#27;[34m▓&amp#27;[0m&amp#27;[32m▓&amp#27;[0m&amp#27;[33m▓&amp#27;[0m&amp#27;[32m▓&amp#27;[0m&amp#27;[34m▓&amp#27;[0m&amp#27;[34m▓&amp#27;[0m&amp#27;[32m█&amp#27;[0m&amp#27;[32m█&amp#27;[0m&amp#27;[33m▓&amp#27;[0m&amp#27;[32m█&amp#27;[0m&amp#27;[32m█&amp#27;[0m&amp#27;[33m▓&amp#27;[0m&amp#27;[32m█&amp#27;[0m&amp#27;[32m█&amp#27;[0m&amp#27;[32m▒&amp#27;[0m&amp#27;[32m█&amp#27;[0m&amp#27;[32m▒&amp#27;[0m&amp#27;[32m█&amp#27;[0m&amp#27;[32m▒&amp#27;[0m&amp#27;[32m█&amp#27;[0m&amp#27;[32m█&amp#27;[0m&amp#27;[32m█&amp#27;[0m&amp#27;[32m█&amp#27;[0m&amp#27;[32m█&amp#27;[0m&amp#27;[32m▒&amp#27;[0m&amp#27;[34m▓&amp#27;[0m&amp#27;[34m▓&amp#27;[0m&amp#27;[32m▒&amp#27;[0m&amp#27;[34m▓&amp#27;[0m&amp#27;[34m▓&amp#27;[0m&amp#27;[34m▓&amp#27;[0m&amp#27;[34m▓&amp#27;[0m&amp#27;[34m▓&amp#27;[0m&amp#27;[34m▓&amp#27;[0m&amp#27;[34m▓&amp#27;[0m&amp#27;[34m▓&amp#27;[0m&amp#27;[34m▓&amp#27;[0m&amp#27;[32m▒&amp#27;[0m&amp#27;[32m▒&amp#27;[0m&amp#27;[32m░&amp#27;[0m&amp#27;[32m▒&amp#27;[0m&amp#27;[32m░&amp#27;[0m&amp#27;[32m▒&amp#27;[0m&amp#27;[32m░&amp#27;[0m&amp#27;[32m░&amp#27;[0m&amp#27;[32m░&amp#27;[0m&amp#27;[32m▒&amp#27;[0m&amp#27;[32m░&amp#27;[0m&amp#27;[32m▒&amp#27;[0m&amp#27;[32m▒&amp#27;[0m&amp#27;[32m░&amp#27;[0m&amp#27;[32m▒&amp#27;[0m&amp#27;[32m░&amp#27;[0m&amp#27;[32m░&amp#27;[0m&amp#27;[32m█&amp#27;[0m&amp#27;[32m█&amp#27;[0m&amp#27;[32m▒&amp#27;[0m&amp#27;[32m█&amp#27;[0m&amp#27;[32m▒&amp#27;[0m&amp#27;[32m█&amp#27;[0m&amp#27;[32m█&amp#27;[0m&amp#27;[33m▓&amp#27;[0m&amp#27;[32m▒&amp#27;[0m&amp#27;[33m▓&amp#27;[0m&amp#27;[34m▓&amp#27;[0m&amp#27;[34m▓&amp#27;[0m&amp#27;[34m▓&amp#27;[0m&amp#27;[34m▓&amp#27;[0m&amp#27;[34m▓&amp#27;[0m&amp#27;[34m▓&amp#27;[0m&amp#27;[34m▓&amp#27;[0m&amp#27;[34m▓&amp#27;[0m&amp#27;[34m▓&amp#27;[0m&amp#27;[32m▒&amp#27;[0m&amp#27;[34m▓&amp#27;[0m&amp#27;[32m▓&amp#27;[0m&amp#27;[32m▒&amp#27;[0m&amp#27;[32m░&amp#27;[0m&amp#27;[32m▒&amp#27;[0m&amp#27;[32m█&amp#27;[0m&amp#27;[32m█&amp#27;[0m&amp#27;[32m█&amp#27;[0m&amp#27;[32m▒&amp#27;[0m&amp#27;[32m█&amp#27;[0m&amp#27;[32m░&amp#27;[0m&amp#27;[32m░&amp#27;[0m&amp#27;[32m▒&amp#27;[0m&amp#27;[32m░&amp#27;[0m&amp#27;[32m▓&amp#27;[0m&amp#27;[32m▓&amp#27;[0m&amp#27;[32m▒&amp#27;[0m&amp#27;[32m▓&amp#27;[0m&amp#27;[32m▓&amp#27;[0m&amp#27;[32m▓&amp#27;[0m&amp#27;[32m▒&amp#27;[0m&amp#27;[32m▓&amp#27;[0m&amp#27;[32m▒&amp#27;[0m&amp#27;[32m▓&amp#27;[0m&amp#27;[32m▓&amp#27;[0m&amp#27;[32m▓&amp#27;[0m&amp#27;[32m▓&amp#27;[0m&amp#27;[32m▒&amp#27;[0m&amp#27;[32m▒&amp#27;[0m&amp#27;[33m▓&amp#27;[0m&amp#27;[33m▓&amp#27;[0m&amp#27;[33m▓&amp#27;[0m&amp#27;[33m▓&amp#27;[0m&amp#27;[32m▒&amp#27;[0m&amp#27;[32m▓&amp#27;[0m&amp#27;[32m▒&amp#27;[0m&amp#27;[32m▓&amp#27;[0m&amp#27;[34m▓&amp#27;[0m&amp#27;[34m▓&amp#27;[0m&amp#27;[34m▓&amp#27;[0m&amp#27;[34m▓&amp#27;[0m&amp#27;[33m▓&amp#27;[0m&amp#27;[32m░&amp#27;[0m&amp#27;[32m░&amp#27;[0m&amp#27;[32m░&amp#27;[0m&amp#27;[32m░&amp#27;[0m&amp#27;[32m▒&amp#27;[0m&amp#27;[32m▒&amp#27;[0m&amp#27;[32m░&amp#27;[0m&amp#27;[32m▓&amp#27;[0m&amp#27;[32m░&amp#27;[0m&amp#27;[32m▒&amp#27;[0m&amp#27;[32m░&amp#27;[0m&amp#27;[32m░&amp#27;[0m&amp#27;[32m░&amp#27;[0m&amp#27;[32m█&amp#27;[0m&amp#27;[32m▒&amp#27;[0m&amp#27;[32m█&amp#27;[0m&amp#27;[32m▒&amp#27;[0m&amp#27;[32m▒&amp#27;[0m&amp#27;[32m░&amp#27;[0m&amp#27;[32m░&amp#27;[0m&amp#27;[32m▒&amp#27;[0m&amp#27;[32m▒&amp#27;[0m&amp#27;[32m░&amp#27;[0m&amp#27;[32m▒&amp#27;[0m&amp#27;[34m▓&amp#27;[0m&amp#27;[32m█&amp#27;[0m&amp#27;[32m█&amp#27;[0m&amp#27;[32m▒&amp#27;[0m&amp#27;[34m▓&amp#27;[0m&amp#27;[34m▓&amp#27;[0m&amp#27;[34m▓&amp#27;[0m&amp#27;[34m▓&amp#27;[0m&amp#27;[34m▓&amp#27;[0m&amp#27;[34m▓&amp#27;[0m&amp#27;[34m▓&amp#27;[0m&amp#27;[33m▓&amp#27;[0m&amp#27;[32m▓&amp#27;[0m&amp#27;[32m░&amp#27;[0m&amp#27;[32m░&amp#27;[0m&amp#27;[32m░&amp#27;[0m&amp#27;[32m░&amp#27;[0m&amp#27;[32m░&amp#27;[0m&amp#27;[32m░&amp#27;[0m&amp#27;[32m░&amp#27;[0m&amp#27;[34m▓&amp#27;[0m&amp#27;[34m▓&amp#27;[0m&amp#27;[32m▓&amp#27;[0m&amp#27;[32m▓&amp#27;[0m&amp#27;[32m▒&amp#27;[0m&amp#27;[32m█&amp#27;[0m&amp#27;[32m▓&amp#27;[0m&amp#27;[32m▓&amp#27;[0m&amp#27;[32m▓&amp#27;[0m&amp#27;[32m▒&amp#27;[0m&amp#27;[32m▓&amp#27;[0m&amp#27;[32m░&amp#27;[0m&amp#27;[32m░&amp#27;[0m&amp#27;[34m▓&amp#27;[0m&amp#27;[34m▓&amp#27;[0m&amp#27;[34m▓&amp#27;[0m&amp#27;[34m▓&amp#27;[0m&amp#27;[32m▒&amp#27;[0m&amp#27;[34m▓&amp#27;[0m&amp#27;[32m▒&amp#27;[0m&amp#27;[32m▒&amp#27;[0m&amp#27;[34m▓&amp#27;[0m&amp#27;[34m▓&amp#27;[0m&amp#27;[34m▓&amp#27;[0m&amp#27;[34m▓&amp#27;[0m&amp#27;[34m▓&amp#27;[0m&amp#27;[34m▓&amp#27;[0m&amp#27;[32m▒&amp#27;[0m&amp#27;[34m▓&amp#27;[0m&amp#27;[34m▓&amp#27;[0m&amp#27;[32m▓&amp#27;[0m&amp#27;[32m█&amp#27;[0m&amp#27;[32m█&amp#27;[0m&amp#27;[32m█&amp#27;[0m&amp#27;[32m█&amp#27;[0m&amp#27;[32m█&amp#27;[0m&amp#27;[32m▒&amp#27;[0m&amp#27;[32m█&amp#27;[0m&amp#27;[32m█&amp#27;[0m&amp#27;[32m█&amp#27;[0m&amp#27;[32m░&amp#27;[0m&amp#27;[32m░&amp#27;[0m&amp#27;[32m░&amp#27;[0m&amp#27;[32m▒&amp#27;[0m&amp#27;[33m▓&amp#27;[0m&amp#27;[33m▓&amp#27;[0m&amp#27;[33m▓&amp#27;[0m&amp#27;[33m▓&amp#27;[0m&amp#27;[33m▓&amp#27;[0m&amp#27;[33m▓&amp#27;[0m&amp#27;[33m▓&amp#27;[0m&amp#27;[33m▓&amp#27;[0m&amp#27;[33m▓&amp#27;[0m&amp#27;[32m▒&amp#27;[0m&amp#27;[34m▓&amp#27;[0m&amp#27;[34m▓&amp#27;[0m&amp#27;[34m▓&amp#27;[0m&amp#27;[34m▓&amp#27;[0m&amp#27;[34m▓&amp#27;[0m&amp#27;[34m▓&amp#27;[0m&amp#27;[34m▓&amp#27;[0m&amp#27;[33m▓&amp#27;[0m&amp#27;[34m▓&amp#27;[0m&amp#27;[32m░&amp#27;[0m&amp#27;[34m▓&amp#27;[0m&amp#27;[34m▓&amp#27;[0m&amp#27;[34m▓&amp#27;[0m&amp#27;[34m▓&amp#27;[0m&amp#27;[34m▓&amp#27;[0m&amp#27;[34m▓&amp#27;[0m&amp#27;[34m▓&amp#27;[0m&amp#27;[34m▓&amp#27;[0m&amp#27;[34m▓&amp#27;[0m&amp#27;[34m▓&amp#27;[0m&amp#27;[34m▓&amp#27;[0m&amp#27;[33m▓&amp#27;[0m&amp#27;[33m▓&amp#27;[0m&amp#27;[33m▓&amp#27;[0m&amp#27;[33m▓&amp#27;[0m&amp#27;[33m▓&amp#27;[0m&amp#27;[33m▓&amp#27;[0m&amp#27;[33m▓&amp#27;[0m&amp#27;[32m░&amp#27;[0m&amp#27;[32m░&amp#27;[0m&amp#27;[32m░&amp#27;[0m&amp#27;[32m░&amp#27;[0m&amp#27;[34m▓&amp#27;[0m&amp#27;[34m▓&amp#27;[0m&amp#27;[34m▓&amp#27;[0m&amp#27;[34m▓&amp#27;[0m&amp#27;[34m▓&amp#27;[0m&amp#27;[34m▓&amp#27;[0m&amp#27;[34m▓&amp#27;[0m&amp#27;[34m▓&amp#27;[0m&amp#27;[34m▓&amp#27;[0m&amp#27;[34m▓&amp#27;[0m&amp#27;[34m▓&amp#27;[0m&amp#27;[32m▓&amp#27;[0m&amp#27;[34m▓&amp#27;[0m&amp#27;[33m▓&amp#27;[0m&amp#27;[34m▓&amp#27;[0m&amp#27;[34m▓&amp#27;[0m&amp#27;[34m▓&amp#27;[0m
&amp#27;[32m▓&amp#27;[0m&amp#27;[33m▓&amp#27;[0m&amp#27;[33m▓&amp#27;[0m&amp#27;[32m▓&amp#27;[0m&amp#27;[32m█&amp#27;[0m&amp#27;[33m▓&amp#27;[0m&amp#27;[33m▓&amp#27;[0m&amp#27;[32m█&amp#27;[0m&amp#27;[32m█&amp#27;[0m&amp#27;[32m█&amp#27;[0m&amp#27;[32m█&amp#27;[0m&amp#27;[32m█&amp#27;[0m&amp#27;[34m▓&amp#27;[0m&amp#27;[33m▓&amp#27;[0m&amp#27;[32m▓&amp#27;[0m&amp#27;[32m█&amp#27;[0m&amp#27;[33m▓&amp#27;[0m&amp#27;[32m▓&amp#27;[0m&amp#27;[32m▓&amp#27;[0m&amp#27;[33m▓&amp#27;[0m&amp#27;[32m▓&amp#27;[0m&amp#27;[33m▓&amp#27;[0m&amp#27;[33m▓&amp#27;[0m&amp#27;[33m▓&amp#27;[0m&amp#27;[32m░&amp#27;[0m&amp#27;[32m░&amp#27;[0m&amp#27;[32m░&amp#27;[0m&amp#27;[32m░&amp#27;[0m&amp#27;[32m░&amp#27;[0m&amp#27;[32m░&amp#27;[0m&amp#27;[32m▓&amp#27;[0m&amp#27;[32m▓&amp#27;[0m&amp#27;[32m▓&amp#27;[0m&amp#27;[33m▓&amp#27;[0m&amp#27;[32m░&amp#27;[0m&amp#27;[33m▓&amp#27;[0m&amp#27;[33m▓&amp#27;[0m&amp#27;[33m▓&amp#27;[0m&amp#27;[34m▓&amp#27;[0m&amp#27;[33m▓&amp#27;[0m&amp#27;[33m▓&amp#27;[0m&amp#27;[34m▓&amp#27;[0m&amp#27;[33m▓&amp#27;[0m&amp#27;[32m█&amp#27;[0m&amp#27;[32m█&amp#27;[0m&amp#27;[32m█&amp#27;[0m&amp#27;[32m█&amp#27;[0m&amp#27;[32m█&amp#27;[0m&amp#27;[33m▓&amp#27;[0m&amp#27;[33m▓&amp#27;[0m&amp#27;[32m█&amp#27;[0m&amp#27;[32m█&amp#27;[0m&amp#27;[32m█&amp#27;[0m&amp#27;[32m█&amp#27;[0m&amp#27;[32m█&amp#27;[0m&amp#27;[32m▒&amp#27;[0m&amp#27;[32m█&amp#27;[0m&amp#27;[32m█&amp#27;[0m&amp#27;[32m█&amp#27;[0m&amp#27;[32m█&amp#27;[0m&amp#27;[32m█&amp#27;[0m&amp#27;[34m▓&amp#27;[0m&amp#27;[34m▓&amp#27;[0m&amp#27;[32m░&amp#27;[0m&amp#27;[34m▓&amp#27;[0m&amp#27;[34m▓&amp#27;[0m&amp#27;[34m▓&amp#27;[0m&amp#27;[34m▓&amp#27;[0m&amp#27;[34m▓&amp#27;[0m&amp#27;[32m░&amp#27;[0m&amp#27;[34m▓&amp#27;[0m&amp#27;[34m▓&amp#27;[0m&amp#27;[34m▓&amp#27;[0m&amp#27;[34m▓&amp#27;[0m&amp#27;[32m░&amp#27;[0m&amp#27;[32m▒&amp#27;[0m&amp#27;[32m░&amp#27;[0m&amp#27;[32m░&amp#27;[0m&amp#27;[32m▓&amp#27;[0m&amp#27;[32m░&amp#27;[0m&amp#27;[32m▒&amp#27;[0m&amp#27;[32m▒&amp#27;[0m&amp#27;[32m░&amp#27;[0m&amp#27;[32m░&amp#27;[0m&amp#27;[32m░&amp#27;[0m&amp#27;[32m░&amp#27;[0m&amp#27;[32m░&amp#27;[0m&amp#27;[34m▓&amp#27;[0m&amp#27;[34m▓&amp#27;[0m&amp#27;[32m▒&amp#27;[0m&amp#27;[34m▓&amp#27;[0m&amp#27;[34m▓&amp#27;[0m&amp#27;[32m█&amp#27;[0m&amp#27;[32m▒&amp#27;[0m&amp#27;[32m█&amp#27;[0m&amp#27;[33m▓&amp#27;[0m&amp#27;[32m▒&amp#27;[0m&amp#27;[33m▓&amp#27;[0m&amp#27;[33m▓&amp#27;[0m&amp#27;[32m▒&amp#27;[0m&amp#27;[33m▓&amp#27;[0m&amp#27;[33m▓&amp#27;[0m&amp#27;[34m▓&amp#27;[0m&amp#27;[32m▒&amp#27;[0m&amp#27;[34m▓&amp#27;[0m&amp#27;[34m▓&amp#27;[0m&amp#27;[34m▓&amp#27;[0m&amp#27;[34m▓&amp#27;[0m&amp#27;[34m▓&amp#27;[0m&amp#27;[34m▓&amp#27;[0m&amp#27;[32m▒&amp#27;[0m&amp#27;[32m▓&amp#27;[0m&amp#27;[32m▓&amp#27;[0m&amp#27;[32m▓&amp#27;[0m&amp#27;[32m▓&amp#27;[0m&amp#27;[32m█&amp#27;[0m&amp#27;[32m▒&amp#27;[0m&amp#27;[32m░&amp#27;[0m&amp#27;[32m░&amp#27;[0m&amp#27;[33m▓&amp#27;[0m&amp#27;[32m▒&amp#27;[0m&amp#27;[32m░&amp#27;[0m&amp#27;[32m░&amp#27;[0m&amp#27;[32m░&amp#27;[0m&amp#27;[32m░&amp#27;[0m&amp#27;[32m▓&amp#27;[0m&amp#27;[32m▓&amp#27;[0m&amp#27;[32m▓&amp#27;[0m&amp#27;[32m▓&amp#27;[0m&amp#27;[32m▓&amp#27;[0m&amp#27;[32m▓&amp#27;[0m&amp#27;[32m▓&amp#27;[0m&amp#27;[32m▓&amp#27;[0m&amp#27;[32m▒&amp#27;[0m&amp#27;[32m▒&amp#27;[0m&amp#27;[32m▓&amp#27;[0m&amp#27;[32m▓&amp#27;[0m&amp#27;[32m▓&amp#27;[0m&amp#27;[32m▓&amp#27;[0m&amp#27;[33m▓&amp#27;[0m&amp#27;[32m▒&amp#27;[0m&amp#27;[32m▒&amp#27;[0m&amp#27;[32m▓&amp#27;[0m&amp#27;[32m▓&amp#27;[0m&amp#27;[32m▓&amp#27;[0m&amp#27;[32m▓&amp#27;[0m&amp#27;[32m▒&amp#27;[0m&amp#27;[32m▓&amp#27;[0m&amp#27;[34m▓&amp#27;[0m&amp#27;[34m▓&amp#27;[0m&amp#27;[32m░&amp#27;[0m&amp#27;[34m▓&amp#27;[0m&amp#27;[34m▓&amp#27;[0m&amp#27;[32m▒&amp#27;[0m&amp#27;[32m░&amp#27;[0m&amp#27;[32m▒&amp#27;[0m&amp#27;[32m▓&amp#27;[0m&amp#27;[32m░&amp#27;[0m&amp#27;[32m░&amp#27;[0m&amp#27;[32m░&amp#27;[0m&amp#27;[32m▒&amp#27;[0m&amp#27;[32m░&amp#27;[0m&amp#27;[32m▒&amp#27;[0m&amp#27;[32m░&amp#27;[0m&amp#27;[32m░&amp#27;[0m&amp#27;[32m▒&amp#27;[0m&amp#27;[32m█&amp#27;[0m&amp#27;[32m█&amp#27;[0m&amp#27;[32m█&amp#27;[0m&amp#27;[32m░&amp#27;[0m&amp#27;[32m░&amp#27;[0m&amp#27;[32m░&amp#27;[0m&amp#27;[33m▓&amp#27;[0m&amp#27;[32m░&amp#27;[0m&amp#27;[32m▓&amp#27;[0m&amp#27;[32m░&amp#27;[0m&amp#27;[32m░&amp#27;[0m&amp#27;[34m▓&amp#27;[0m&amp#27;[32m▒&amp#27;[0m&amp#27;[34m▓&amp#27;[0m&amp#27;[34m▓&amp#27;[0m&amp#27;[32m▒&amp#27;[0m&amp#27;[32m▒&amp#27;[0m&amp#27;[34m▓&amp#27;[0m&amp#27;[34m▓&amp#27;[0m&amp#27;[34m▓&amp#27;[0m&amp#27;[34m▓&amp#27;[0m&amp#27;[33m▓&amp#27;[0m&amp#27;[33m▓&amp#27;[0m&amp#27;[33m▓&amp#27;[0m&amp#27;[32m░&amp#27;[0m&amp#27;[32m░&amp#27;[0m&amp#27;[32m░&amp#27;[0m&amp#27;[32m░&amp#27;[0m&amp#27;[32m░&amp#27;[0m&amp#27;[32m░&amp#27;[0m&amp#27;[32m░&amp#27;[0m&amp#27;[34m▓&amp#27;[0m&amp#27;[32m▓&amp#27;[0m&amp#27;[32m▒&amp#27;[0m&amp#27;[32m▓&amp#27;[0m&amp#27;[32m▒&amp#27;[0m&amp#27;[32m█&amp#27;[0m&amp#27;[32m▒&amp#27;[0m&amp#27;[32m▓&amp#27;[0m&amp#27;[32m▓&amp#27;[0m&amp#27;[32m▓&amp#27;[0m&amp#27;[32m▓&amp#27;[0m&amp#27;[32m▓&amp#27;[0m&amp#27;[32m░&amp#27;[0m&amp#27;[34m▓&amp#27;[0m&amp#27;[32m▒&amp#27;[0m&amp#27;[34m▓&amp#27;[0m&amp#27;[34m▓&amp#27;[0m&amp#27;[34m▓&amp#27;[0m&amp#27;[34m▓&amp#27;[0m&amp#27;[34m▓&amp#27;[0m&amp#27;[34m▓&amp#27;[0m&amp#27;[34m▓&amp#27;[0m&amp#27;[34m▓&amp#27;[0m&amp#27;[34m▓&amp#27;[0m&amp#27;[34m▓&amp#27;[0m&amp#27;[34m▓&amp#27;[0m&amp#27;[32m░&amp#27;[0m&amp#27;[34m▓&amp#27;[0m&amp#27;[34m▓&amp#27;[0m&amp#27;[32m▓&amp#27;[0m&amp#27;[32m▓&amp#27;[0m&amp#27;[32m▓&amp#27;[0m&amp#27;[32m█&amp#27;[0m&amp#27;[32m█&amp#27;[0m&amp#27;[32m█&amp#27;[0m&amp#27;[32m█&amp#27;[0m&amp#27;[32m█&amp#27;[0m&amp#27;[32m█&amp#27;[0m&amp#27;[32m█&amp#27;[0m&amp#27;[32m░&amp#27;[0m&amp#27;[32m░&amp#27;[0m&amp#27;[32m░&amp#27;[0m&amp#27;[33m▓&amp#27;[0m&amp#27;[33m▓&amp#27;[0m&amp#27;[33m▓&amp#27;[0m&amp#27;[33m▓&amp#27;[0m&amp#27;[33m▓&amp#27;[0m&amp#27;[33m▓&amp#27;[0m&amp#27;[33m▓&amp#27;[0m&amp#27;[33m▓&amp#27;[0m&amp#27;[33m▓&amp#27;[0m&amp#27;[33m▓&amp#27;[0m&amp#27;[33m▓&amp#27;[0m&amp#27;[34m▓&amp#27;[0m&amp#27;[32m▒&amp#27;[0m&amp#27;[34m▓&amp#27;[0m&amp#27;[34m▓&amp#27;[0m&amp#27;[34m▓&amp#27;[0m&amp#27;[34m▓&amp#27;[0m&amp#27;[34m▓&amp#27;[0m&amp#27;[33m▓&amp#27;[0m&amp#27;[33m▓&amp#27;[0m&amp#27;[33m▓&amp#27;[0m&amp#27;[34m▓&amp#27;[0m&amp#27;[34m▓&amp#27;[0m&amp#27;[34m▓&amp#27;[0m&amp#27;[34m▓&amp#27;[0m&amp#27;[34m▓&amp#27;[0m&amp#27;[34m▓&amp#27;[0m&amp#27;[34m▓&amp#27;[0m&amp#27;[34m▓&amp#27;[0m&amp#27;[34m▓&amp#27;[0m&amp#27;[34m▓&amp#27;[0m&amp#27;[34m▓&amp#27;[0m&amp#27;[33m▓&amp#27;[0m&amp#27;[33m▓&amp#27;[0m&amp#27;[33m▓&amp#27;[0m&amp#27;[33m▓&amp#27;[0m&amp#27;[33m▓&amp#27;[0m&amp#27;[33m▓&amp#27;[0m&amp#27;[33m▓&amp#27;[0m&amp#27;[33m▓&amp#27;[0m&amp#27;[32m▒&amp#27;[0m&amp#27;[32m░&amp#27;[0m&amp#27;[32m░&amp#27;[0m&amp#27;[32m░&amp#27;[0m&amp#27;[34m▓&amp#27;[0m&amp#27;[32m█&amp#27;[0m&amp#27;[34m▓&amp#27;[0m&amp#27;[34m▓&amp#27;[0m&amp#27;[34m▓&amp#27;[0m&amp#27;[34m▓&amp#27;[0m&amp#27;[34m▓&amp#27;[0m&amp#27;[34m▓&amp#27;[0m&amp#27;[34m▓&amp#27;[0m&amp#27;[34m▓&amp#27;[0m&amp#27;[34m▓&amp#27;[0m&amp#27;[34m▓&amp#27;[0m&amp#27;[33m▓&amp#27;[0m&amp#27;[33m▓&amp#27;[0m&amp#27;[33m▓&amp#27;[0m&amp#27;[34m▓&amp#27;[0m&amp#27;[34m▓&amp#27;[0m
&amp#27;[32m▓&amp#27;[0m&amp#27;[32m▓&amp#27;[0m&amp#27;[33m▓&amp#27;[0m&amp#27;[33m▓&amp#27;[0m&amp#27;[32m█&amp#27;[0m&amp#27;[32m█&amp#27;[0m&amp#27;[33m▓&amp#27;[0m&amp#27;[32m█&amp#27;[0m&amp#27;[32m█&amp#27;[0m&amp#27;[32m█&amp#27;[0m&amp#27;[32m█&amp#27;[0m&amp#27;[33m▓&amp#27;[0m&amp#27;[34m▓&amp#27;[0m&amp#27;[33m▓&amp#27;[0m&amp#27;[32m▓&amp#27;[0m&amp#27;[32m▓&amp#27;[0m&amp#27;[32m▓&amp#27;[0m&amp#27;[32m▓&amp#27;[0m&amp#27;[32m▓&amp#27;[0m&amp#27;[32m▓&amp#27;[0m&amp#27;[32m▓&amp#27;[0m&amp#27;[32m░&amp#27;[0m&amp#27;[33m▓&amp#27;[0m&amp#27;[32m░&amp#27;[0m&amp#27;[32m░&amp#27;[0m&amp#27;[32m░&amp#27;[0m&amp#27;[32m░&amp#27;[0m&amp#27;[33m▓&amp#27;[0m&amp#27;[32m█&amp#27;[0m&amp#27;[33m▓&amp#27;[0m&amp#27;[32m░&amp#27;[0m&amp#27;[33m▓&amp#27;[0m&amp#27;[32m░&amp#27;[0m&amp#27;[32m░&amp#27;[0m&amp#27;[33m▓&amp#27;[0m&amp#27;[32m░&amp#27;[0m&amp#27;[34m▓&amp#27;[0m&amp#27;[32m░&amp#27;[0m&amp#27;[34m▓&amp#27;[0m&amp#27;[34m▓&amp#27;[0m&amp#27;[34m▓&amp#27;[0m&amp#27;[34m▓&amp#27;[0m&amp#27;[33m▓&amp#27;[0m&amp#27;[32m█&amp#27;[0m&amp#27;[32m█&amp#27;[0m&amp#27;[32m█&amp#27;[0m&amp#27;[32m█&amp#27;[0m&amp#27;[32m█&amp#27;[0m&amp#27;[32m█&amp#27;[0m&amp#27;[32m█&amp#27;[0m&amp#27;[33m▓&amp#27;[0m&amp#27;[32m█&amp#27;[0m&amp#27;[32m▒&amp#27;[0m&amp#27;[32m▒&amp#27;[0m&amp#27;[32m█&amp#27;[0m&amp#27;[32m▒&amp#27;[0m&amp#27;[32m▒&amp#27;[0m&amp#27;[33m▓&amp#27;[0m&amp#27;[32m▒&amp#27;[0m&amp#27;[32m█&amp#27;[0m&amp#27;[32m▒&amp#27;[0m&amp#27;[32m▒&amp#27;[0m&amp#27;[34m▓&amp#27;[0m&amp#27;[32m▒&amp#27;[0m&amp#27;[32m▒&amp#27;[0m&amp#27;[34m▓&amp#27;[0m&amp#27;[32m▒&amp#27;[0m&amp#27;[32m▓&amp#27;[0m&amp#27;[32m▒&amp#27;[0m&amp#27;[34m▓&amp#27;[0m&amp#27;[34m▓&amp#27;[0m&amp#27;[34m▓&amp#27;[0m&amp#27;[34m▓&amp#27;[0m&amp#27;[34m▓&amp#27;[0m&amp#27;[32m░&amp#27;[0m&amp#27;[32m░&amp#27;[0m&amp#27;[32m▒&amp#27;[0m&amp#27;[32m░&amp#27;[0m&amp#27;[32m▒&amp#27;[0m&amp#27;[32m█&amp#27;[0m&amp#27;[32m░&amp#27;[0m&amp#27;[32m░&amp#27;[0m&amp#27;[32m░&amp#27;[0m&amp#27;[32m░&amp#27;[0m&amp#27;[32m░&amp#27;[0m&amp#27;[32m░&amp#27;[0m&amp#27;[32m░&amp#27;[0m&amp#27;[34m▓&amp#27;[0m&amp#27;[32m▓&amp#27;[0m&amp#27;[32m▓&amp#27;[0m&amp#27;[32m▓&amp#27;[0m&amp#27;[34m▓&amp#27;[0m&amp#27;[34m▓&amp#27;[0m&amp#27;[32m░&amp#27;[0m&amp#27;[32m░&amp#27;[0m&amp#27;[32m░&amp#27;[0m&amp#27;[33m▓&amp#27;[0m&amp#27;[33m▓&amp#27;[0m&amp#27;[33m▓&amp#27;[0m&amp#27;[32m▒&amp#27;[0m&amp#27;[32m▒&amp#27;[0m&amp#27;[33m▓&amp#27;[0m&amp#27;[33m▓&amp#27;[0m&amp#27;[32m▒&amp#27;[0m&amp#27;[34m▓&amp#27;[0m&amp#27;[32m░&amp#27;[0m&amp#27;[32m▒&amp#27;[0m&amp#27;[34m▓&amp#27;[0m&amp#27;[34m▓&amp#27;[0m&amp#27;[34m▓&amp#27;[0m&amp#27;[32m▓&amp#27;[0m&amp#27;[32m▓&amp#27;[0m&amp#27;[32m▓&amp#27;[0m&amp#27;[32m▓&amp#27;[0m&amp#27;[32m▒&amp#27;[0m&amp#27;[32m░&amp#27;[0m&amp#27;[32m▓&amp#27;[0m&amp#27;[32m░&amp#27;[0m&amp#27;[32m▒&amp#27;[0m&amp#27;[32m░&amp#27;[0m&amp#27;[32m░&amp#27;[0m&amp#27;[32m░&amp#27;[0m&amp#27;[32m▒&amp#27;[0m&amp#27;[32m░&amp#27;[0m&amp#27;[32m▓&amp#27;[0m&amp#27;[32m▓&amp#27;[0m&amp#27;[32m▒&amp#27;[0m&amp#27;[32m▓&amp#27;[0m&amp#27;[32m▓&amp#27;[0m&amp#27;[32m▓&amp#27;[0m&amp#27;[32m▓&amp#27;[0m&amp#27;[32m▓&amp#27;[0m&amp#27;[32m▓&amp#27;[0m&amp#27;[32m▓&amp#27;[0m&amp#27;[32m▓&amp#27;[0m&amp#27;[32m▓&amp#27;[0m&amp#27;[32m▓&amp#27;[0m&amp#27;[32m▓&amp#27;[0m&amp#27;[32m▒&amp#27;[0m&amp#27;[32m▓&amp#27;[0m&amp#27;[32m▓&amp#27;[0m&amp#27;[32m▒&amp#27;[0m&amp#27;[32m█&amp#27;[0m&amp#27;[32m▓&amp#27;[0m&amp#27;[32m▓&amp#27;[0m&amp#27;[32m▓&amp#27;[0m&amp#27;[32m▓&amp#27;[0m&amp#27;[32m▒&amp#27;[0m&amp#27;[32m▓&amp#27;[0m&amp#27;[32m▒&amp#27;[0m&amp#27;[34m▓&amp#27;[0m&amp#27;[34m▓&amp#27;[0m&amp#27;[32m░&amp#27;[0m&amp#27;[32m░&amp#27;[0m&amp#27;[32m░&amp#27;[0m&amp#27;[33m▓&amp#27;[0m&amp#27;[32m░&amp#27;[0m&amp#27;[32m░&amp#27;[0m&amp#27;[32m▒&amp#27;[0m&amp#27;[32m░&amp#27;[0m&amp#27;[32m░&amp#27;[0m&amp#27;[32m░&amp#27;[0m&amp#27;[32m░&amp#27;[0m&amp#27;[32m▒&amp#27;[0m&amp#27;[32m░&amp#27;[0m&amp#27;[32m░&amp#27;[0m&amp#27;[32m▒&amp#27;[0m&amp#27;[32m█&amp#27;[0m&amp#27;[32m█&amp#27;[0m&amp#27;[32m▒&amp#27;[0m&amp#27;[32m▒&amp#27;[0m&amp#27;[33m▓&amp#27;[0m&amp#27;[33m▓&amp#27;[0m&amp#27;[33m▓&amp#27;[0m&amp#27;[32m░&amp#27;[0m&amp#27;[32m░&amp#27;[0m&amp#27;[32m░&amp#27;[0m&amp#27;[32m░&amp#27;[0m&amp#27;[34m▓&amp#27;[0m&amp#27;[34m▓&amp#27;[0m&amp#27;[34m▓&amp#27;[0m&amp#27;[34m▓&amp#27;[0m&amp#27;[34m▓&amp#27;[0m&amp#27;[34m▓&amp#27;[0m&amp#27;[34m▓&amp#27;[0m&amp#27;[34m▓&amp#27;[0m&amp#27;[34m▓&amp#27;[0m&amp#27;[32m▒&amp#27;[0m&amp#27;[33m▓&amp#27;[0m&amp#27;[32m░&amp#27;[0m&amp#27;[32m░&amp#27;[0m&amp#27;[32m░&amp#27;[0m&amp#27;[32m░&amp#27;[0m&amp#27;[32m░&amp#27;[0m&amp#27;[32m░&amp#27;[0m&amp#27;[32m░&amp#27;[0m&amp#27;[32m░&amp#27;[0m&amp#27;[34m▓&amp#27;[0m&amp#27;[32m▓&amp#27;[0m&amp#27;[32m▓&amp#27;[0m&amp#27;[32m▓&amp#27;[0m&amp#27;[32m▓&amp#27;[0m&amp#27;[32m█&amp#27;[0m&amp#27;[32m▓&amp#27;[0m&amp#27;[32m▓&amp#27;[0m&amp#27;[32m▓&amp#27;[0m&amp#27;[32m▓&amp#27;[0m&amp#27;[32m▓&amp#27;[0m&amp#27;[32m▓&amp#27;[0m&amp#27;[34m▓&amp#27;[0m&amp#27;[34m▓&amp#27;[0m&amp#27;[34m▓&amp#27;[0m&amp#27;[32m▓&amp#27;[0m&amp#27;[32m▓&amp#27;[0m&amp#27;[34m▓&amp#27;[0m&amp#27;[34m▓&amp#27;[0m&amp#27;[34m▓&amp#27;[0m&amp#27;[34m▓&amp#27;[0m&amp#27;[34m▓&amp#27;[0m&amp#27;[34m▓&amp#27;[0m&amp#27;[34m▓&amp#27;[0m&amp#27;[34m▓&amp#27;[0m&amp#27;[34m▓&amp#27;[0m&amp#27;[34m▓&amp#27;[0m&amp#27;[34m▓&amp#27;[0m&amp#27;[32m▒&amp#27;[0m&amp#27;[34m▓&amp#27;[0m&amp#27;[32m▓&amp#27;[0m&amp#27;[34m▓&amp#27;[0m&amp#27;[32m█&amp#27;[0m&amp#27;[32m█&amp#27;[0m&amp#27;[32m█&amp#27;[0m&amp#27;[32m▒&amp#27;[0m&amp#27;[32m█&amp#27;[0m&amp#27;[32m█&amp#27;[0m&amp#27;[32m█&amp#27;[0m&amp#27;[34m▓&amp#27;[0m&amp#27;[32m░&amp#27;[0m&amp#27;[33m▓&amp#27;[0m&amp#27;[33m▓&amp#27;[0m&amp#27;[33m▓&amp#27;[0m&amp#27;[33m▓&amp#27;[0m&amp#27;[33m▓&amp#27;[0m&amp#27;[33m▓&amp#27;[0m&amp#27;[33m▓&amp#27;[0m&amp#27;[33m▓&amp#27;[0m&amp#27;[33m▓&amp#27;[0m&amp#27;[33m▓&amp#27;[0m&amp#27;[33m▓&amp#27;[0m&amp#27;[32m▒&amp#27;[0m&amp#27;[33m▓&amp#27;[0m&amp#27;[34m▓&amp#27;[0m&amp#27;[34m▓&amp#27;[0m&amp#27;[34m▓&amp#27;[0m&amp#27;[32m░&amp#27;[0m&amp#27;[34m▓&amp#27;[0m&amp#27;[33m▓&amp#27;[0m&amp#27;[33m▓&amp#27;[0m&amp#27;[33m▓&amp#27;[0m&amp#27;[33m▓&amp#27;[0m&amp#27;[33m▓&amp#27;[0m&amp#27;[32m█&amp#27;[0m&amp#27;[32m█&amp#27;[0m&amp#27;[32m█&amp#27;[0m&amp#27;[32m░&amp#27;[0m&amp#27;[34m▓&amp#27;[0m&amp#27;[34m▓&amp#27;[0m&amp#27;[34m▓&amp#27;[0m&amp#27;[34m▓&amp#27;[0m&amp#27;[32m░&amp#27;[0m&amp#27;[34m▓&amp#27;[0m&amp#27;[33m▓&amp#27;[0m&amp#27;[33m▓&amp#27;[0m&amp#27;[33m▓&amp#27;[0m&amp#27;[33m▓&amp#27;[0m&amp#27;[33m▓&amp#27;[0m&amp#27;[33m▓&amp#27;[0m&amp#27;[33m▓&amp#27;[0m&amp#27;[33m▓&amp#27;[0m&amp#27;[33m▓&amp#27;[0m&amp#27;[32m▒&amp#27;[0m&amp#27;[32m░&amp#27;[0m&amp#27;[32m░&amp#27;[0m&amp#27;[34m▓&amp#27;[0m&amp#27;[34m▓&amp#27;[0m&amp#27;[34m▓&amp#27;[0m&amp#27;[34m▓&amp#27;[0m&amp#27;[34m▓&amp#27;[0m&amp#27;[34m▓&amp#27;[0m&amp#27;[34m▓&amp#27;[0m&amp#27;[32m█&amp#27;[0m&amp#27;[32m█&amp#27;[0m&amp#27;[32m█&amp#27;[0m&amp#27;[34m▓&amp#27;[0m&amp#27;[34m▓&amp#27;[0m&amp#27;[34m▓&amp#27;[0m&amp#27;[33m▓&amp#27;[0m&amp#27;[34m▓&amp#27;[0m&amp#27;[34m▓&amp#27;[0m&amp#27;[34m▓&amp#27;[0m
&amp#27;[32m▓&amp#27;[0m&amp#27;[32m▓&amp#27;[0m&amp#27;[32m▓&amp#27;[0m&amp#27;[32m▓&amp#27;[0m&amp#27;[32m█&amp#27;[0m&amp#27;[32m█&amp#27;[0m&amp#27;[33m▓&amp#27;[0m&amp#27;[33m▓&amp#27;[0m&amp#27;[33m▓&amp#27;[0m&amp#27;[32m█&amp#27;[0m&amp#27;[32m█&amp#27;[0m&amp#27;[34m▓&amp#27;[0m&amp#27;[33m▓&amp#27;[0m&amp#27;[34m▓&amp#27;[0m&amp#27;[32m▓&amp#27;[0m&amp#27;[32m▓&amp#27;[0m&amp#27;[33m▓&amp#27;[0m&amp#27;[32m▓&amp#27;[0m&amp#27;[33m▓&amp#27;[0m&amp#27;[32m▓&amp#27;[0m&amp#27;[32m▓&amp#27;[0m&amp#27;[32m░&amp#27;[0m&amp#27;[33m▓&amp#27;[0m&amp#27;[32m░&amp#27;[0m&amp#27;[33m▓&amp#27;[0m&amp#27;[32m▓&amp#27;[0m&amp#27;[32m░&amp#27;[0m&amp#27;[33m▓&amp#27;[0m&amp#27;[32m░&amp#27;[0m&amp#27;[32m░&amp#27;[0m&amp#27;[32m░&amp#27;[0m&amp#27;[32m░&amp#27;[0m&amp#27;[33m▓&amp#27;[0m&amp#27;[33m▓&amp#27;[0m&amp#27;[33m▓&amp#27;[0m&amp#27;[33m▓&amp#27;[0m&amp#27;[33m▓&amp#27;[0m&amp#27;[34m▓&amp#27;[0m&amp#27;[33m▓&amp#27;[0m&amp#27;[34m▓&amp#27;[0m&amp#27;[34m▓&amp#27;[0m&amp#27;[34m▓&amp#27;[0m&amp#27;[33m▓&amp#27;[0m&amp#27;[32m█&amp#27;[0m&amp#27;[33m▓&amp#27;[0m&amp#27;[32m█&amp#27;[0m&amp#27;[32m█&amp#27;[0m&amp#27;[32m█&amp#27;[0m&amp#27;[32m█&amp#27;[0m&amp#27;[32m█&amp#27;[0m&amp#27;[32m█&amp#27;[0m&amp#27;[32m█&amp#27;[0m&amp#27;[32m█&amp#27;[0m&amp#27;[32m█&amp#27;[0m&amp#27;[32m█&amp#27;[0m&amp#27;[32m█&amp#27;[0m&amp#27;[32m█&amp#27;[0m&amp#27;[32m█&amp#27;[0m&amp#27;[32m█&amp#27;[0m&amp#27;[32m▒&amp#27;[0m&amp#27;[32m█&amp#27;[0m&amp#27;[34m▓&amp#27;[0m&amp#27;[34m▓&amp#27;[0m&amp#27;[34m▓&amp#27;[0m&amp#27;[32m▒&amp#27;[0m&amp#27;[34m▓&amp#27;[0m&amp#27;[32m▒&amp#27;[0m&amp#27;[34m▓&amp#27;[0m&amp#27;[32m▒&amp#27;[0m&amp#27;[32m▒&amp#27;[0m&amp#27;[32m▒&amp#27;[0m&amp#27;[32m░&amp#27;[0m&amp#27;[34m▓&amp#27;[0m&amp#27;[32m░&amp#27;[0m&amp#27;[34m▓&amp#27;[0m&amp#27;[32m░&amp#27;[0m&amp#27;[32m░&amp#27;[0m&amp#27;[32m░&amp#27;[0m&amp#27;[32m░&amp#27;[0m&amp#27;[32m░&amp#27;[0m&amp#27;[32m░&amp#27;[0m&amp#27;[32m▒&amp#27;[0m&amp#27;[32m░&amp#27;[0m&amp#27;[32m░&amp#27;[0m&amp#27;[32m█&amp#27;[0m&amp#27;[32m░&amp#27;[0m&amp#27;[32m▒&amp#27;[0m&amp#27;[34m▓&amp#27;[0m&amp#27;[34m▓&amp#27;[0m&amp#27;[32m▒&amp#27;[0m&amp#27;[34m▓&amp#27;[0m&amp#27;[34m▓&amp#27;[0m&amp#27;[32m░&amp#27;[0m&amp#27;[32m░&amp#27;[0m&amp#27;[32m░&amp#27;[0m&amp#27;[32m▒&amp#27;[0m&amp#27;[33m▓&amp#27;[0m&amp#27;[33m▓&amp#27;[0m&amp#27;[33m▓&amp#27;[0m&amp#27;[33m▓&amp#27;[0m&amp#27;[32m▒&amp#27;[0m&amp#27;[33m▓&amp#27;[0m&amp#27;[33m▓&amp#27;[0m&amp#27;[32m▒&amp#27;[0m&amp#27;[34m▓&amp#27;[0m&amp#27;[34m▓&amp#27;[0m&amp#27;[34m▓&amp#27;[0m&amp#27;[34m▓&amp#27;[0m&amp#27;[34m▓&amp#27;[0m&amp#27;[32m▒&amp#27;[0m&amp#27;[32m▓&amp#27;[0m&amp#27;[32m▒&amp#27;[0m&amp#27;[32m▓&amp#27;[0m&amp#27;[32m▓&amp#27;[0m&amp#27;[32m▓&amp#27;[0m&amp#27;[32m▒&amp#27;[0m&amp#27;[32m░&amp#27;[0m&amp#27;[32m░&amp#27;[0m&amp#27;[32m░&amp#27;[0m&amp#27;[32m▒&amp#27;[0m&amp#27;[32m░&amp#27;[0m&amp#27;[32m░&amp#27;[0m&amp#27;[32m▒&amp#27;[0m&amp#27;[32m▒&amp#27;[0m&amp#27;[32m░&amp#27;[0m&amp#27;[32m▓&amp#27;[0m&amp#27;[32m▓&amp#27;[0m&amp#27;[32m▒&amp#27;[0m&amp#27;[32m▓&amp#27;[0m&amp#27;[32m▓&amp#27;[0m&amp#27;[32m▓&amp#27;[0m&amp#27;[32m▓&amp#27;[0m&amp#27;[32m▓&amp#27;[0m&amp#27;[32m▓&amp#27;[0m&amp#27;[32m▓&amp#27;[0m&amp#27;[32m▓&amp#27;[0m&amp#27;[32m▓&amp#27;[0m&amp#27;[32m▓&amp#27;[0m&amp#27;[32m▓&amp#27;[0m&amp#27;[32m▓&amp#27;[0m&amp#27;[32m▓&amp#27;[0m&amp#27;[32m▓&amp#27;[0m&amp#27;[32m▓&amp#27;[0m&amp#27;[32m▓&amp#27;[0m&amp#27;[32m▓&amp#27;[0m&amp#27;[32m▒&amp#27;[0m&amp#27;[32m▓&amp#27;[0m&amp#27;[32m▓&amp#27;[0m&amp#27;[33m▓&amp#27;[0m&amp#27;[34m▓&amp#27;[0m&amp#27;[34m▓&amp#27;[0m&amp#27;[34m▓&amp#27;[0m&amp#27;[32m░&amp#27;[0m&amp#27;[32m░&amp#27;[0m&amp#27;[32m░&amp#27;[0m&amp#27;[32m░&amp#27;[0m&amp#27;[32m░&amp#27;[0m&amp#27;[32m░&amp#27;[0m&amp#27;[32m░&amp#27;[0m&amp#27;[32m█&amp#27;[0m&amp#27;[32m█&amp#27;[0m&amp#27;[32m▒&amp#27;[0m&amp#27;[32m░&amp#27;[0m&amp#27;[32m░&amp#27;[0m&amp#27;[32m░&amp#27;[0m&amp#27;[32m░&amp#27;[0m&amp#27;[32m░&amp#27;[0m&amp#27;[32m█&amp#27;[0m&amp#27;[32m░&amp#27;[0m&amp#27;[32m░&amp#27;[0m&amp#27;[32m▓&amp#27;[0m&amp#27;[32m▓&amp#27;[0m&amp#27;[33m▓&amp#27;[0m&amp#27;[32m▓&amp#27;[0m&amp#27;[32m▒&amp#27;[0m&amp#27;[32m▓&amp#27;[0m&amp#27;[32m░&amp#27;[0m&amp#27;[32m░&amp#27;[0m&amp#27;[32m▒&amp#27;[0m&amp#27;[34m▓&amp#27;[0m&amp#27;[32m░&amp#27;[0m&amp#27;[32m▒&amp#27;[0m&amp#27;[34m▓&amp#27;[0m&amp#27;[32m▒&amp#27;[0m&amp#27;[34m▓&amp#27;[0m&amp#27;[32m▒&amp#27;[0m&amp#27;[34m▓&amp#27;[0m&amp#27;[34m▓&amp#27;[0m&amp#27;[33m▓&amp#27;[0m&amp#27;[33m▓&amp#27;[0m&amp#27;[32m░&amp#27;[0m&amp#27;[32m▒&amp#27;[0m&amp#27;[32m░&amp#27;[0m&amp#27;[32m▒&amp#27;[0m&amp#27;[32m░&amp#27;[0m&amp#27;[32m▒&amp#27;[0m&amp#27;[34m▓&amp#27;[0m&amp#27;[34m▓&amp#27;[0m&amp#27;[32m▓&amp#27;[0m&amp#27;[32m▓&amp#27;[0m&amp#27;[32m▓&amp#27;[0m&amp#27;[32m▓&amp#27;[0m&amp#27;[32m▓&amp#27;[0m&amp#27;[32m▓&amp#27;[0m&amp#27;[32m█&amp#27;[0m&amp#27;[32m▓&amp#27;[0m&amp#27;[32m▓&amp#27;[0m&amp#27;[32m▓&amp#27;[0m&amp#27;[32m▒&amp#27;[0m&amp#27;[34m▓&amp#27;[0m&amp#27;[32m░&amp#27;[0m&amp#27;[34m▓&amp#27;[0m&amp#27;[34m▓&amp#27;[0m&amp#27;[34m▓&amp#27;[0m&amp#27;[34m▓&amp#27;[0m&amp#27;[34m▓&amp#27;[0m&amp#27;[34m▓&amp#27;[0m&amp#27;[34m▓&amp#27;[0m&amp#27;[34m▓&amp#27;[0m&amp#27;[34m▓&amp#27;[0m&amp#27;[34m▓&amp#27;[0m&amp#27;[34m▓&amp#27;[0m&amp#27;[34m▓&amp#27;[0m&amp#27;[34m▓&amp#27;[0m&amp#27;[34m▓&amp#27;[0m&amp#27;[32m▒&amp#27;[0m&amp#27;[34m▓&amp#27;[0m&amp#27;[34m▓&amp#27;[0m&amp#27;[34m▓&amp#27;[0m&amp#27;[34m▓&amp#27;[0m&amp#27;[34m▓&amp#27;[0m&amp#27;[32m█&amp#27;[0m&amp#27;[32m█&amp#27;[0m&amp#27;[32m█&amp#27;[0m&amp#27;[32m▓&amp#27;[0m&amp#27;[34m▓&amp#27;[0m&amp#27;[32m░&amp#27;[0m&amp#27;[34m▓&amp#27;[0m&amp#27;[33m▓&amp#27;[0m&amp#27;[33m▓&amp#27;[0m&amp#27;[33m▓&amp#27;[0m&amp#27;[33m▓&amp#27;[0m&amp#27;[33m▓&amp#27;[0m&amp#27;[33m▓&amp#27;[0m&amp#27;[33m▓&amp#27;[0m&amp#27;[33m▓&amp#27;[0m&amp#27;[32m▒&amp#27;[0m&amp#27;[33m▓&amp#27;[0m&amp#27;[33m▓&amp#27;[0m&amp#27;[33m▓&amp#27;[0m&amp#27;[33m▓&amp#27;[0m&amp#27;[34m▓&amp#27;[0m&amp#27;[32m█&amp#27;[0m&amp#27;[32m▒&amp#27;[0m&amp#27;[34m▓&amp#27;[0m&amp#27;[32m█&amp#27;[0m&amp#27;[34m▓&amp#27;[0m&amp#27;[33m▓&amp#27;[0m&amp#27;[33m▓&amp#27;[0m&amp#27;[33m▓&amp#27;[0m&amp#27;[32m█&amp#27;[0m&amp#27;[32m█&amp#27;[0m&amp#27;[32m█&amp#27;[0m&amp#27;[32m█&amp#27;[0m&amp#27;[32m█&amp#27;[0m&amp#27;[34m▓&amp#27;[0m&amp#27;[34m▓&amp#27;[0m&amp#27;[34m▓&amp#27;[0m&amp#27;[34m▓&amp#27;[0m&amp#27;[33m▓&amp#27;[0m&amp#27;[33m▓&amp#27;[0m&amp#27;[33m▓&amp#27;[0m&amp#27;[33m▓&amp#27;[0m&amp#27;[33m▓&amp#27;[0m&amp#27;[33m▓&amp#27;[0m&amp#27;[33m▓&amp#27;[0m&amp#27;[33m▓&amp#27;[0m&amp#27;[33m▓&amp#27;[0m&amp#27;[33m▓&amp#27;[0m&amp#27;[33m▓&amp#27;[0m&amp#27;[32m░&amp#27;[0m&amp#27;[32m▓&amp#27;[0m&amp#27;[32m░&amp#27;[0m&amp#27;[32m▓&amp#27;[0m&amp#27;[32m▓&amp#27;[0m&amp#27;[32m▓&amp#27;[0m&amp#27;[32m█&amp#27;[0m&amp#27;[34m▓&amp#27;[0m&amp#27;[34m▓&amp#27;[0m&amp#27;[34m▓&amp#27;[0m&amp#27;[32m█&amp#27;[0m&amp#27;[32m█&amp#27;[0m&amp#27;[32m█&amp#27;[0m&amp#27;[34m▓&amp#27;[0m&amp#27;[32m▓&amp#27;[0m&amp#27;[32m░&amp#27;[0m&amp#27;[34m▓&amp#27;[0m&amp#27;[34m▓&amp#27;[0m&amp#27;[34m▓&amp#27;[0m&amp#27;[34m▓&amp#27;[0m
&amp#27;[32m▓&amp#27;[0m&amp#27;[32m▓&amp#27;[0m&amp#27;[32m▓&amp#27;[0m&amp#27;[33m▓&amp#27;[0m&amp#27;[32m▓&amp#27;[0m&amp#27;[32m█&amp#27;[0m&amp#27;[32m█&amp#27;[0m&amp#27;[32m█&amp#27;[0m&amp#27;[33m▓&amp#27;[0m&amp#27;[32m█&amp#27;[0m&amp#27;[32m▓&amp#27;[0m&amp#27;[32m█&amp#27;[0m&amp#27;[33m▓&amp#27;[0m&amp#27;[32m█&amp#27;[0m&amp#27;[33m▓&amp#27;[0m&amp#27;[32m▓&amp#27;[0m&amp#27;[33m▓&amp#27;[0m&amp#27;[33m▓&amp#27;[0m&amp#27;[33m▓&amp#27;[0m&amp#27;[33m▓&amp#27;[0m&amp#27;[32m▓&amp#27;[0m&amp#27;[32m░&amp#27;[0m&amp#27;[33m▓&amp#27;[0m&amp#27;[33m▓&amp#27;[0m&amp#27;[33m▓&amp#27;[0m&amp#27;[32m░&amp#27;[0m&amp#27;[33m▓&amp#27;[0m&amp#27;[32m░&amp#27;[0m&amp#27;[33m▓&amp#27;[0m&amp#27;[32m░&amp#27;[0m&amp#27;[32m░&amp#27;[0m&amp#27;[33m▓&amp#27;[0m&amp#27;[33m▓&amp#27;[0m&amp#27;[33m▓&amp#27;[0m&amp#27;[33m▓&amp#27;[0m&amp#27;[33m▓&amp#27;[0m&amp#27;[33m▓&amp#27;[0m&amp#27;[33m▓&amp#27;[0m&amp#27;[32m▓&amp#27;[0m&amp#27;[34m▓&amp#27;[0m&amp#27;[34m▓&amp#27;[0m&amp#27;[32m▓&amp#27;[0m&amp#27;[33m▓&amp#27;[0m&amp#27;[32m█&amp#27;[0m&amp#27;[33m▓&amp#27;[0m&amp#27;[32m█&amp#27;[0m&amp#27;[32m█&amp#27;[0m&amp#27;[33m▓&amp#27;[0m&amp#27;[33m▓&amp#27;[0m&amp#27;[32m█&amp#27;[0m&amp#27;[32m█&amp#27;[0m&amp#27;[32m█&amp#27;[0m&amp#27;[32m█&amp#27;[0m&amp#27;[32m█&amp#27;[0m&amp#27;[32m█&amp#27;[0m&amp#27;[32m█&amp#27;[0m&amp#27;[32m█&amp#27;[0m&amp#27;[33m▓&amp#27;[0m&amp#27;[32m█&amp#27;[0m&amp#27;[33m▓&amp#27;[0m&amp#27;[32m▒&amp#27;[0m&amp#27;[34m▓&amp#27;[0m&amp#27;[34m▓&amp#27;[0m&amp#27;[34m▓&amp#27;[0m&amp#27;[34m▓&amp#27;[0m&amp#27;[34m▓&amp#27;[0m&amp#27;[34m▓&amp#27;[0m&amp#27;[32m░&amp#27;[0m&amp#27;[32m░&amp#27;[0m&amp#27;[32m░&amp#27;[0m&amp#27;[32m▒&amp#27;[0m&amp#27;[32m▒&amp#27;[0m&amp#27;[32m░&amp#27;[0m&amp#27;[32m▒&amp#27;[0m&amp#27;[34m▓&amp#27;[0m&amp#27;[32m▒&amp#27;[0m&amp#27;[32m░&amp#27;[0m&amp#27;[32m▓&amp#27;[0m&amp#27;[32m░&amp#27;[0m&amp#27;[32m▒&amp#27;[0m&amp#27;[32m░&amp#27;[0m&amp#27;[32m▒&amp#27;[0m&amp#27;[32m▒&amp#27;[0m&amp#27;[32m░&amp#27;[0m&amp#27;[32m▒&amp#27;[0m&amp#27;[34m▓&amp#27;[0m&amp#27;[34m▓&amp#27;[0m&amp#27;[34m▓&amp#27;[0m&amp#27;[34m▓&amp#27;[0m&amp#27;[32m▒&amp#27;[0m&amp#27;[34m▓&amp#27;[0m&amp#27;[32m▒&amp#27;[0m&amp#27;[32m░&amp#27;[0m&amp#27;[32m░&amp#27;[0m&amp#27;[33m▓&amp#27;[0m&amp#27;[32m▒&amp#27;[0m&amp#27;[33m▓&amp#27;[0m&amp#27;[33m▓&amp#27;[0m&amp#27;[33m▓&amp#27;[0m&amp#27;[33m▓&amp#27;[0m&amp#27;[33m▓&amp#27;[0m&amp#27;[33m▓&amp#27;[0m&amp#27;[33m▓&amp#27;[0m&amp#27;[33m▓&amp#27;[0m&amp#27;[34m▓&amp#27;[0m&amp#27;[32m▒&amp#27;[0m&amp#27;[32m▒&amp#27;[0m&amp#27;[34m▓&amp#27;[0m&amp#27;[34m▓&amp#27;[0m&amp#27;[32m▒&amp#27;[0m&amp#27;[32m▓&amp#27;[0m&amp#27;[32m▒&amp#27;[0m&amp#27;[32m▓&amp#27;[0m&amp#27;[32m▓&amp#27;[0m&amp#27;[32m▓&amp#27;[0m&amp#27;[32m▒&amp#27;[0m&amp#27;[32m░&amp#27;[0m&amp#27;[32m░&amp#27;[0m&amp#27;[32m░&amp#27;[0m&amp#27;[32m▒&amp#27;[0m&amp#27;[32m░&amp#27;[0m&amp#27;[32m░&amp#27;[0m&amp#27;[32m░&amp#27;[0m&amp#27;[32m▒&amp#27;[0m&amp#27;[32m░&amp#27;[0m&amp#27;[32m▓&amp#27;[0m&amp#27;[32m▓&amp#27;[0m&amp#27;[32m▓&amp#27;[0m&amp#27;[32m▓&amp#27;[0m&amp#27;[32m▒&amp#27;[0m&amp#27;[32m▓&amp#27;[0m&amp#27;[32m▓&amp#27;[0m&amp#27;[32m▓&amp#27;[0m&amp#27;[32m▓&amp#27;[0m&amp#27;[32m▓&amp#27;[0m&amp#27;[32m▒&amp#27;[0m&amp#27;[32m▓&amp#27;[0m&amp#27;[32m▓&amp#27;[0m&amp#27;[33m▓&amp#27;[0m&amp#27;[32m▓&amp#27;[0m&amp#27;[32m▒&amp#27;[0m&amp#27;[32m▓&amp#27;[0m&amp#27;[32m▒&amp#27;[0m&amp#27;[32m▓&amp#27;[0m&amp#27;[32m▓&amp#27;[0m&amp#27;[32m▓&amp#27;[0m&amp#27;[32m▓&amp#27;[0m&amp#27;[32m▓&amp#27;[0m&amp#27;[32m▓&amp#27;[0m&amp#27;[34m▓&amp#27;[0m&amp#27;[34m▓&amp#27;[0m&amp#27;[34m▓&amp#27;[0m&amp#27;[32m░&amp#27;[0m&amp#27;[32m▒&amp#27;[0m&amp#27;[32m▒&amp#27;[0m&amp#27;[32m░&amp#27;[0m&amp#27;[32m░&amp#27;[0m&amp#27;[32m░&amp#27;[0m&amp#27;[32m▒&amp#27;[0m&amp#27;[32m█&amp#27;[0m&amp#27;[32m█&amp#27;[0m&amp#27;[32m█&amp#27;[0m&amp#27;[32m█&amp#27;[0m&amp#27;[32m▒&amp#27;[0m&amp#27;[32m░&amp#27;[0m&amp#27;[32m░&amp#27;[0m&amp#27;[32m░&amp#27;[0m&amp#27;[32m░&amp#27;[0m&amp#27;[32m▓&amp#27;[0m&amp#27;[32m▓&amp#27;[0m&amp#27;[32m▒&amp#27;[0m&amp#27;[32m▓&amp#27;[0m&amp#27;[32m▒&amp#27;[0m&amp#27;[32m▓&amp#27;[0m&amp#27;[32m█&amp#27;[0m&amp#27;[32m▓&amp#27;[0m&amp#27;[32m▓&amp#27;[0m&amp#27;[32m░&amp#27;[0m&amp#27;[34m▓&amp#27;[0m&amp#27;[34m▓&amp#27;[0m&amp#27;[34m▓&amp#27;[0m&amp#27;[34m▓&amp#27;[0m&amp#27;[33m▓&amp#27;[0m&amp#27;[34m▓&amp#27;[0m&amp#27;[34m▓&amp#27;[0m&amp#27;[32m▓&amp#27;[0m&amp#27;[34m▓&amp#27;[0m&amp#27;[34m▓&amp#27;[0m&amp#27;[34m▓&amp#27;[0m&amp#27;[34m▓&amp#27;[0m&amp#27;[32m░&amp#27;[0m&amp#27;[32m░&amp#27;[0m&amp#27;[32m░&amp#27;[0m&amp#27;[32m█&amp#27;[0m&amp#27;[32m░&amp#27;[0m&amp#27;[34m▓&amp#27;[0m&amp#27;[34m▓&amp#27;[0m&amp#27;[34m▓&amp#27;[0m&amp#27;[32m▓&amp#27;[0m&amp#27;[32m▓&amp#27;[0m&amp#27;[32m▓&amp#27;[0m&amp#27;[32m▓&amp#27;[0m&amp#27;[32m▒&amp#27;[0m&amp#27;[32m▓&amp#27;[0m&amp#27;[32m▓&amp#27;[0m&amp#27;[32m▓&amp#27;[0m&amp#27;[32m▓&amp#27;[0m&amp#27;[32m▓&amp#27;[0m&amp#27;[32m▓&amp#27;[0m&amp#27;[34m▓&amp#27;[0m&amp#27;[32m▒&amp#27;[0m&amp#27;[34m▓&amp#27;[0m&amp#27;[32m▒&amp#27;[0m&amp#27;[32m▒&amp#27;[0m&amp#27;[34m▓&amp#27;[0m&amp#27;[34m▓&amp#27;[0m&amp#27;[34m▓&amp#27;[0m&amp#27;[34m▓&amp#27;[0m&amp#27;[34m▓&amp#27;[0m&amp#27;[34m▓&amp#27;[0m&amp#27;[34m▓&amp#27;[0m&amp#27;[34m▓&amp#27;[0m&amp#27;[34m▓&amp#27;[0m&amp#27;[34m▓&amp#27;[0m&amp#27;[34m▓&amp#27;[0m&amp#27;[34m▓&amp#27;[0m&amp#27;[34m▓&amp#27;[0m&amp#27;[34m▓&amp#27;[0m&amp#27;[34m▓&amp#27;[0m&amp#27;[32m█&amp#27;[0m&amp#27;[34m▓&amp#27;[0m&amp#27;[34m▓&amp#27;[0m&amp#27;[34m▓&amp#27;[0m&amp#27;[32m▒&amp#27;[0m&amp#27;[34m▓&amp#27;[0m&amp#27;[34m▓&amp#27;[0m&amp#27;[32m▒&amp#27;[0m&amp#27;[32m▒&amp#27;[0m&amp#27;[33m▓&amp#27;[0m&amp#27;[33m▓&amp#27;[0m&amp#27;[33m▓&amp#27;[0m&amp#27;[33m▓&amp#27;[0m&amp#27;[33m▓&amp#27;[0m&amp#27;[32m▒&amp#27;[0m&amp#27;[33m▓&amp#27;[0m&amp#27;[33m▓&amp#27;[0m&amp#27;[32m▒&amp#27;[0m&amp#27;[33m▓&amp#27;[0m&amp#27;[33m▓&amp#27;[0m&amp#27;[33m▓&amp#27;[0m&amp#27;[33m▓&amp#27;[0m&amp#27;[34m▓&amp#27;[0m&amp#27;[34m▓&amp#27;[0m&amp#27;[34m▓&amp#27;[0m&amp#27;[34m▓&amp#27;[0m&amp#27;[32m░&amp#27;[0m&amp#27;[34m▓&amp#27;[0m&amp#27;[34m▓&amp#27;[0m&amp#27;[33m▓&amp#27;[0m&amp#27;[34m▓&amp#27;[0m&amp#27;[32m█&amp#27;[0m&amp#27;[32m█&amp#27;[0m&amp#27;[32m█&amp#27;[0m&amp#27;[32m█&amp#27;[0m&amp#27;[32m█&amp#27;[0m&amp#27;[34m▓&amp#27;[0m&amp#27;[34m▓&amp#27;[0m&amp#27;[34m▓&amp#27;[0m&amp#27;[33m▓&amp#27;[0m&amp#27;[33m▓&amp#27;[0m&amp#27;[33m▓&amp#27;[0m&amp#27;[33m▓&amp#27;[0m&amp#27;[33m▓&amp#27;[0m&amp#27;[33m▓&amp#27;[0m&amp#27;[33m▓&amp#27;[0m&amp#27;[33m▓&amp#27;[0m&amp#27;[33m▓&amp#27;[0m&amp#27;[33m▓&amp#27;[0m&amp#27;[33m▓&amp#27;[0m&amp#27;[33m▓&amp#27;[0m&amp#27;[32m░&amp#27;[0m&amp#27;[34m▓&amp#27;[0m&amp#27;[34m▓&amp#27;[0m&amp#27;[32m▓&amp#27;[0m&amp#27;[32m▓&amp#27;[0m&amp#27;[32m▓&amp#27;[0m&amp#27;[34m▓&amp#27;[0m&amp#27;[34m▓&amp#27;[0m&amp#27;[32m█&amp#27;[0m&amp#27;[32m█&amp#27;[0m&amp#27;[32m█&amp#27;[0m&amp#27;[32m█&amp#27;[0m&amp#27;[32m█&amp#27;[0m&amp#27;[32m█&amp#27;[0m&amp#27;[34m▓&amp#27;[0m&amp#27;[34m▓&amp#27;[0m&amp#27;[34m▓&amp#27;[0m&amp#27;[34m▓&amp#27;[0m&amp#27;[34m▓&amp#27;[0m&amp#27;[34m▓&amp#27;[0m
&amp#27;[32m▓&amp#27;[0m&amp#27;[33m▓&amp#27;[0m&amp#27;[33m▓&amp#27;[0m&amp#27;[32m▓&amp#27;[0m&amp#27;[32m▓&amp#27;[0m&amp#27;[32m▓&amp#27;[0m&amp#27;[32m▓&amp#27;[0m&amp#27;[32m█&amp#27;[0m&amp#27;[32m▓&amp#27;[0m&amp#27;[33m▓&amp#27;[0m&amp#27;[32m▓&amp#27;[0m&amp#27;[32m█&amp#27;[0m&amp#27;[33m▓&amp#27;[0m&amp#27;[32m█&amp#27;[0m&amp#27;[32m█&amp#27;[0m&amp#27;[32m▓&amp#27;[0m&amp#27;[32m▓&amp#27;[0m&amp#27;[33m▓&amp#27;[0m&amp#27;[33m▓&amp#27;[0m&amp#27;[33m▓&amp#27;[0m&amp#27;[32m▓&amp#27;[0m&amp#27;[32m░&amp#27;[0m&amp#27;[32m░&amp#27;[0m&amp#27;[32m░&amp#27;[0m&amp#27;[32m░&amp#27;[0m&amp#27;[32m░&amp#27;[0m&amp#27;[32m░&amp#27;[0m&amp#27;[32m░&amp#27;[0m&amp#27;[32m░&amp#27;[0m&amp#27;[33m▓&amp#27;[0m&amp#27;[32m░&amp#27;[0m&amp#27;[33m▓&amp#27;[0m&amp#27;[33m▓&amp#27;[0m&amp#27;[33m▓&amp#27;[0m&amp#27;[33m▓&amp#27;[0m&amp#27;[33m▓&amp#27;[0m&amp#27;[33m▓&amp#27;[0m&amp#27;[33m▓&amp#27;[0m&amp#27;[33m▓&amp#27;[0m&amp#27;[34m▓&amp#27;[0m&amp#27;[32m▓&amp#27;[0m&amp#27;[32m▓&amp#27;[0m&amp#27;[32m▓&amp#27;[0m&amp#27;[32m▓&amp#27;[0m&amp#27;[33m▓&amp#27;[0m&amp#27;[33m▓&amp#27;[0m&amp#27;[32m█&amp#27;[0m&amp#27;[32m█&amp#27;[0m&amp#27;[32m█&amp#27;[0m&amp#27;[32m█&amp#27;[0m&amp#27;[32m█&amp#27;[0m&amp#27;[32m▒&amp#27;[0m&amp#27;[32m█&amp#27;[0m&amp#27;[32m█&amp#27;[0m&amp#27;[32m█&amp#27;[0m&amp#27;[32m█&amp#27;[0m&amp#27;[32m█&amp#27;[0m&amp#27;[32m█&amp#27;[0m&amp#27;[32m█&amp#27;[0m&amp#27;[32m█&amp#27;[0m&amp#27;[34m▓&amp#27;[0m&amp#27;[34m▓&amp#27;[0m&amp#27;[33m▓&amp#27;[0m&amp#27;[34m▓&amp#27;[0m&amp#27;[34m▓&amp#27;[0m&amp#27;[34m▓&amp#27;[0m&amp#27;[32m░&amp#27;[0m&amp#27;[32m░&amp#27;[0m&amp#27;[32m░&amp#27;[0m&amp#27;[32m░&amp#27;[0m&amp#27;[32m░&amp#27;[0m&amp#27;[32m▒&amp#27;[0m&amp#27;[32m░&amp#27;[0m&amp#27;[32m░&amp#27;[0m&amp#27;[33m▓&amp#27;[0m&amp#27;[34m▓&amp#27;[0m&amp#27;[32m▒&amp#27;[0m&amp#27;[32m░&amp#27;[0m&amp#27;[32m░&amp#27;[0m&amp#27;[32m░&amp#27;[0m&amp#27;[32m░&amp#27;[0m&amp#27;[32m▓&amp#27;[0m&amp#27;[32m▒&amp#27;[0m&amp#27;[32m░&amp#27;[0m&amp#27;[34m▓&amp#27;[0m&amp#27;[32m▒&amp#27;[0m&amp#27;[34m▓&amp#27;[0m&amp#27;[34m▓&amp#27;[0m&amp#27;[34m▓&amp#27;[0m&amp#27;[32m▒&amp#27;[0m&amp#27;[34m▓&amp#27;[0m&amp#27;[32m░&amp#27;[0m&amp#27;[32m▒&amp#27;[0m&amp#27;[32m░&amp#27;[0m&amp#27;[32m░&amp#27;[0m&amp#27;[32m▒&amp#27;[0m&amp#27;[33m▓&amp#27;[0m&amp#27;[33m▓&amp#27;[0m&amp#27;[33m▓&amp#27;[0m&amp#27;[32m▒&amp#27;[0m&amp#27;[33m▓&amp#27;[0m&amp#27;[33m▓&amp#27;[0m&amp#27;[33m▓&amp#27;[0m&amp#27;[33m▓&amp#27;[0m&amp#27;[34m▓&amp#27;[0m&amp#27;[34m▓&amp#27;[0m&amp#27;[32m▒&amp#27;[0m&amp#27;[32m▓&amp#27;[0m&amp#27;[34m▓&amp#27;[0m&amp#27;[32m░&amp#27;[0m&amp#27;[32m▓&amp#27;[0m&amp#27;[32m▓&amp#27;[0m&amp#27;[32m▒&amp#27;[0m&amp#27;[32m▓&amp#27;[0m&amp#27;[32m▓&amp#27;[0m&amp#27;[32m░&amp#27;[0m&amp#27;[32m▒&amp#27;[0m&amp#27;[32m░&amp#27;[0m&amp#27;[32m░&amp#27;[0m&amp#27;[32m░&amp#27;[0m&amp#27;[32m░&amp#27;[0m&amp#27;[32m░&amp#27;[0m&amp#27;[32m░&amp#27;[0m&amp#27;[32m░&amp#27;[0m&amp#27;[32m░&amp#27;[0m&amp#27;[32m▓&amp#27;[0m&amp#27;[32m▓&amp#27;[0m&amp#27;[32m▓&amp#27;[0m&amp#27;[32m▓&amp#27;[0m&amp#27;[32m▒&amp#27;[0m&amp#27;[32m▓&amp#27;[0m&amp#27;[32m▓&amp#27;[0m&amp#27;[32m▓&amp#27;[0m&amp#27;[32m▓&amp#27;[0m&amp#27;[32m▓&amp#27;[0m&amp#27;[32m▓&amp#27;[0m&amp#27;[32m▒&amp#27;[0m&amp#27;[32m▒&amp#27;[0m&amp#27;[32m▓&amp#27;[0m&amp#27;[32m▓&amp#27;[0m&amp#27;[32m▓&amp#27;[0m&amp#27;[32m▓&amp#27;[0m&amp#27;[32m▒&amp#27;[0m&amp#27;[32m▓&amp#27;[0m&amp#27;[32m▓&amp#27;[0m&amp#27;[32m▓&amp#27;[0m&amp#27;[32m▓&amp#27;[0m&amp#27;[32m▓&amp#27;[0m&amp#27;[32m▓&amp#27;[0m&amp#27;[32m▒&amp#27;[0m&amp#27;[34m▓&amp#27;[0m&amp#27;[32m░&amp#27;[0m&amp#27;[32m░&amp#27;[0m&amp#27;[32m▓&amp#27;[0m&amp#27;[32m░&amp#27;[0m&amp#27;[32m░&amp#27;[0m&amp#27;[32m▒&amp#27;[0m&amp#27;[32m░&amp#27;[0m&amp#27;[32m░&amp#27;[0m&amp#27;[32m█&amp#27;[0m&amp#27;[32m█&amp#27;[0m&amp#27;[32m▒&amp#27;[0m&amp#27;[32m░&amp#27;[0m&amp#27;[32m░&amp#27;[0m&amp#27;[32m░&amp#27;[0m&amp#27;[32m░&amp#27;[0m&amp#27;[32m░&amp#27;[0m&amp#27;[32m░&amp#27;[0m&amp#27;[32m▓&amp#27;[0m&amp#27;[32m▓&amp#27;[0m&amp#27;[32m▓&amp#27;[0m&amp#27;[32m▓&amp#27;[0m&amp#27;[32m▓&amp#27;[0m&amp#27;[32m▓&amp#27;[0m&amp#27;[32m▒&amp#27;[0m&amp#27;[32m▓&amp#27;[0m&amp#27;[32m▓&amp#27;[0m&amp#27;[32m▒&amp#27;[0m&amp#27;[34m▓&amp#27;[0m&amp#27;[34m▓&amp#27;[0m&amp#27;[32m░&amp#27;[0m&amp#27;[34m▓&amp#27;[0m&amp#27;[34m▓&amp#27;[0m&amp#27;[34m▓&amp#27;[0m&amp#27;[32m▓&amp#27;[0m&amp#27;[32m▓&amp#27;[0m&amp#27;[32m▓&amp#27;[0m&amp#27;[34m▓&amp#27;[0m&amp#27;[34m▓&amp#27;[0m&amp#27;[34m▓&amp#27;[0m&amp#27;[32m▒&amp#27;[0m&amp#27;[34m▓&amp#27;[0m&amp#27;[34m▓&amp#27;[0m&amp#27;[34m▓&amp#27;[0m&amp#27;[32m░&amp#27;[0m&amp#27;[32m▒&amp#27;[0m&amp#27;[34m▓&amp#27;[0m&amp#27;[34m▓&amp#27;[0m&amp#27;[32m▓&amp#27;[0m&amp#27;[32m▒&amp#27;[0m&amp#27;[32m▓&amp#27;[0m&amp#27;[32m▓&amp#27;[0m&amp#27;[32m▓&amp#27;[0m&amp#27;[32m▓&amp#27;[0m&amp#27;[32m▓&amp#27;[0m&amp#27;[32m▓&amp#27;[0m&amp#27;[32m▓&amp#27;[0m&amp#27;[32m▓&amp#27;[0m&amp#27;[32m▓&amp#27;[0m&amp#27;[34m▓&amp#27;[0m&amp#27;[34m▓&amp#27;[0m&amp#27;[34m▓&amp#27;[0m&amp#27;[34m▓&amp#27;[0m&amp#27;[34m▓&amp#27;[0m&amp#27;[34m▓&amp#27;[0m&amp#27;[34m▓&amp#27;[0m&amp#27;[34m▓&amp#27;[0m&amp#27;[34m▓&amp#27;[0m&amp#27;[34m▓&amp#27;[0m&amp#27;[34m▓&amp#27;[0m&amp#27;[34m▓&amp#27;[0m&amp#27;[34m▓&amp#27;[0m&amp#27;[34m▓&amp#27;[0m&amp#27;[34m▓&amp#27;[0m&amp#27;[34m▓&amp#27;[0m&amp#27;[34m▓&amp#27;[0m&amp#27;[34m▓&amp#27;[0m&amp#27;[34m▓&amp#27;[0m&amp#27;[34m▓&amp#27;[0m&amp#27;[34m▓&amp#27;[0m&amp#27;[34m▓&amp#27;[0m&amp#27;[34m▓&amp#27;[0m&amp#27;[34m▓&amp#27;[0m&amp#27;[34m▓&amp#27;[0m&amp#27;[34m▓&amp#27;[0m&amp#27;[34m▓&amp#27;[0m&amp#27;[34m▓&amp#27;[0m&amp#27;[32m▒&amp#27;[0m&amp#27;[33m▓&amp#27;[0m&amp#27;[33m▓&amp#27;[0m&amp#27;[33m▓&amp#27;[0m&amp#27;[33m▓&amp#27;[0m&amp#27;[33m▓&amp#27;[0m&amp#27;[33m▓&amp#27;[0m&amp#27;[33m▓&amp#27;[0m&amp#27;[33m▓&amp#27;[0m&amp#27;[33m▓&amp#27;[0m&amp#27;[32m▒&amp#27;[0m&amp#27;[33m▓&amp#27;[0m&amp#27;[33m▓&amp#27;[0m&amp#27;[33m▓&amp#27;[0m&amp#27;[34m▓&amp#27;[0m&amp#27;[34m▓&amp#27;[0m&amp#27;[34m▓&amp#27;[0m&amp#27;[32m▓&amp#27;[0m&amp#27;[34m▓&amp#27;[0m&amp#27;[34m▓&amp#27;[0m&amp#27;[34m▓&amp#27;[0m&amp#27;[34m▓&amp#27;[0m&amp#27;[34m▓&amp#27;[0m&amp#27;[32m█&amp#27;[0m&amp#27;[32m█&amp#27;[0m&amp#27;[32m█&amp#27;[0m&amp#27;[32m█&amp#27;[0m&amp#27;[32m█&amp#27;[0m&amp#27;[34m▓&amp#27;[0m&amp#27;[32m░&amp#27;[0m&amp#27;[33m▓&amp#27;[0m&amp#27;[33m▓&amp#27;[0m&amp#27;[33m▓&amp#27;[0m&amp#27;[33m▓&amp#27;[0m&amp#27;[33m▓&amp#27;[0m&amp#27;[33m▓&amp#27;[0m&amp#27;[33m▓&amp#27;[0m&amp#27;[33m▓&amp#27;[0m&amp#27;[33m▓&amp#27;[0m&amp#27;[33m▓&amp#27;[0m&amp#27;[33m▓&amp#27;[0m&amp#27;[33m▓&amp#27;[0m&amp#27;[33m▓&amp#27;[0m&amp#27;[34m▓&amp#27;[0m&amp#27;[34m▓&amp#27;[0m&amp#27;[34m▓&amp#27;[0m&amp#27;[32m▓&amp#27;[0m&amp#27;[32m▓&amp#27;[0m&amp#27;[32m▓&amp#27;[0m&amp#27;[32m█&amp#27;[0m&amp#27;[32m█&amp#27;[0m&amp#27;[32m█&amp#27;[0m&amp#27;[32m█&amp#27;[0m&amp#27;[32m█&amp#27;[0m&amp#27;[32m█&amp#27;[0m&amp#27;[32m█&amp#27;[0m&amp#27;[32m█&amp#27;[0m&amp#27;[33m▓&amp#27;[0m&amp#27;[32m█&amp#27;[0m&amp#27;[34m▓&amp#27;[0m&amp#27;[34m▓&amp#27;[0m&amp#27;[34m▓&amp#27;[0m&amp#27;[32m░&amp#27;[0m
&amp#27;[32m▓&amp#27;[0m&amp#27;[32m▓&amp#27;[0m&amp#27;[33m▓&amp#27;[0m&amp#27;[32m▓&amp#27;[0m&amp#27;[32m▓&amp#27;[0m&amp#27;[32m▓&amp#27;[0m&amp#27;[32m▓&amp#27;[0m&amp#27;[33m▓&amp#27;[0m&amp#27;[32m▓&amp#27;[0m&amp#27;[33m▓&amp#27;[0m&amp#27;[32m█&amp#27;[0m&amp#27;[32m█&amp#27;[0m&amp#27;[32m█&amp#27;[0m&amp#27;[32m█&amp#27;[0m&amp#27;[32m█&amp#27;[0m&amp#27;[32m▓&amp#27;[0m&amp#27;[32m▓&amp#27;[0m&amp#27;[32m▓&amp#27;[0m&amp#27;[33m▓&amp#27;[0m&amp#27;[32m▓&amp#27;[0m&amp#27;[33m▓&amp#27;[0m&amp#27;[34m▓&amp#27;[0m&amp#27;[32m░&amp#27;[0m&amp#27;[33m▓&amp#27;[0m&amp#27;[32m░&amp#27;[0m&amp#27;[33m▓&amp#27;[0m&amp#27;[32m▓&amp#27;[0m&amp#27;[33m▓&amp#27;[0m&amp#27;[33m▓&amp#27;[0m&amp#27;[33m▓&amp#27;[0m&amp#27;[33m▓&amp#27;[0m&amp#27;[32m▓&amp#27;[0m&amp#27;[33m▓&amp#27;[0m&amp#27;[33m▓&amp#27;[0m&amp#27;[33m▓&amp#27;[0m&amp#27;[33m▓&amp#27;[0m&amp#27;[33m▓&amp#27;[0m&amp#27;[33m▓&amp#27;[0m&amp#27;[33m▓&amp#27;[0m&amp#27;[32m▓&amp#27;[0m&amp#27;[32m▓&amp#27;[0m&amp#27;[32m▓&amp#27;[0m&amp#27;[32m▓&amp#27;[0m&amp#27;[32m▓&amp#27;[0m&amp#27;[32m█&amp#27;[0m&amp#27;[32m█&amp#27;[0m&amp#27;[32m█&amp#27;[0m&amp#27;[32m█&amp#27;[0m&amp#27;[33m▓&amp#27;[0m&amp#27;[33m▓&amp#27;[0m&amp#27;[32m█&amp#27;[0m&amp#27;[32m▒&amp#27;[0m&amp#27;[32m▒&amp#27;[0m&amp#27;[32m▒&amp#27;[0m&amp#27;[32m▒&amp#27;[0m&amp#27;[32m█&amp#27;[0m&amp#27;[32m▒&amp#27;[0m&amp#27;[33m▓&amp#27;[0m&amp#27;[32m█&amp#27;[0m&amp#27;[32m▒&amp#27;[0m&amp#27;[32m▒&amp#27;[0m&amp#27;[34m▓&amp#27;[0m&amp#27;[32m▒&amp#27;[0m&amp#27;[34m▓&amp#27;[0m&amp#27;[32m▒&amp#27;[0m&amp#27;[34m▓&amp#27;[0m&amp#27;[32m░&amp#27;[0m&amp#27;[32m░&amp#27;[0m&amp#27;[32m░&amp#27;[0m&amp#27;[32m░&amp#27;[0m&amp#27;[32m░&amp#27;[0m&amp#27;[32m░&amp#27;[0m&amp#27;[32m▒&amp#27;[0m&amp#27;[32m░&amp#27;[0m&amp#27;[32m▒&amp#27;[0m&amp#27;[34m▓&amp#27;[0m&amp#27;[34m▓&amp#27;[0m&amp#27;[32m█&amp#27;[0m&amp#27;[32m░&amp#27;[0m&amp#27;[34m▓&amp#27;[0m&amp#27;[34m▓&amp#27;[0m&amp#27;[34m▓&amp#27;[0m&amp#27;[34m▓&amp#27;[0m&amp#27;[34m▓&amp#27;[0m&amp#27;[34m▓&amp#27;[0m&amp#27;[34m▓&amp#27;[0m&amp#27;[34m▓&amp#27;[0m&amp#27;[34m▓&amp#27;[0m&amp#27;[34m▓&amp#27;[0m&amp#27;[34m▓&amp#27;[0m&amp#27;[34m▓&amp#27;[0m&amp#27;[32m░&amp#27;[0m&amp#27;[32m░&amp#27;[0m&amp#27;[32m░&amp#27;[0m&amp#27;[32m░&amp#27;[0m&amp#27;[32m▒&amp#27;[0m&amp#27;[32m▒&amp#27;[0m&amp#27;[33m▓&amp#27;[0m&amp#27;[33m▓&amp#27;[0m&amp#27;[33m▓&amp#27;[0m&amp#27;[33m▓&amp#27;[0m&amp#27;[33m▓&amp#27;[0m&amp#27;[32m▒&amp#27;[0m&amp#27;[32m░&amp#27;[0m&amp#27;[32m░&amp#27;[0m&amp#27;[32m▓&amp#27;[0m&amp#27;[32m▓&amp#27;[0m&amp#27;[32m▓&amp#27;[0m&amp#27;[34m▓&amp#27;[0m&amp#27;[32m░&amp#27;[0m&amp#27;[32m▒&amp#27;[0m&amp#27;[32m░&amp#27;[0m&amp#27;[32m▓&amp#27;[0m&amp#27;[32m░&amp#27;[0m&amp#27;[32m▒&amp#27;[0m&amp#27;[32m█&amp#27;[0m&amp#27;[32m░&amp#27;[0m&amp#27;[32m░&amp#27;[0m&amp#27;[32m▒&amp#27;[0m&amp#27;[32m▓&amp#27;[0m&amp#27;[32m░&amp#27;[0m&amp#27;[32m░&amp#27;[0m&amp#27;[32m▒&amp#27;[0m&amp#27;[32m░&amp#27;[0m&amp#27;[32m░&amp#27;[0m&amp#27;[32m░&amp#27;[0m&amp#27;[32m▒&amp#27;[0m&amp#27;[32m▓&amp#27;[0m&amp#27;[32m▓&amp#27;[0m&amp#27;[32m▓&amp#27;[0m&amp#27;[32m▓&amp#27;[0m&amp#27;[32m▓&amp#27;[0m&amp#27;[32m▓&amp#27;[0m&amp#27;[32m▓&amp#27;[0m&amp#27;[32m▒&amp#27;[0m&amp#27;[32m▓&amp#27;[0m&amp#27;[32m▓&amp#27;[0m&amp#27;[32m▓&amp#27;[0m&amp#27;[32m▓&amp#27;[0m&amp#27;[32m▓&amp#27;[0m&amp#27;[32m▓&amp#27;[0m&amp#27;[32m▓&amp#27;[0m&amp#27;[32m▓&amp#27;[0m&amp#27;[32m▒&amp#27;[0m&amp#27;[32m█&amp#27;[0m&amp#27;[32m▒&amp#27;[0m&amp#27;[32m█&amp#27;[0m&amp#27;[32m▓&amp#27;[0m&amp#27;[32m▓&amp#27;[0m&amp#27;[34m▓&amp#27;[0m&amp#27;[34m▓&amp#27;[0m&amp#27;[32m░&amp#27;[0m&amp#27;[32m░&amp#27;[0m&amp#27;[32m░&amp#27;[0m&amp#27;[32m▒&amp#27;[0m&amp#27;[32m░&amp#27;[0m&amp#27;[32m░&amp#27;[0m&amp#27;[32m░&amp#27;[0m&amp#27;[32m░&amp#27;[0m&amp#27;[32m░&amp#27;[0m&amp#27;[32m░&amp#27;[0m&amp#27;[32m█&amp#27;[0m&amp#27;[32m▒&amp#27;[0m&amp#27;[32m░&amp#27;[0m&amp#27;[32m░&amp#27;[0m&amp#27;[32m▒&amp#27;[0m&amp#27;[32m▒&amp#27;[0m&amp#27;[32m▓&amp#27;[0m&amp#27;[32m▓&amp#27;[0m&amp#27;[32m▓&amp#27;[0m&amp#27;[32m▓&amp#27;[0m&amp#27;[32m▓&amp#27;[0m&amp#27;[32m▓&amp#27;[0m&amp#27;[32m▓&amp#27;[0m&amp#27;[32m▓&amp#27;[0m&amp#27;[32m▓&amp#27;[0m&amp#27;[32m▓&amp#27;[0m&amp#27;[32m▓&amp#27;[0m&amp#27;[32m▓&amp#27;[0m&amp#27;[32m█&amp#27;[0m&amp#27;[34m▓&amp#27;[0m&amp#27;[34m▓&amp#27;[0m&amp#27;[34m▓&amp#27;[0m&amp#27;[32m▒&amp#27;[0m&amp#27;[34m▓&amp#27;[0m&amp#27;[32m▓&amp#27;[0m&amp#27;[34m▓&amp#27;[0m&amp#27;[33m▓&amp#27;[0m&amp#27;[34m▓&amp#27;[0m&amp#27;[34m▓&amp#27;[0m&amp#27;[32m░&amp#27;[0m&amp#27;[34m▓&amp#27;[0m&amp#27;[34m▓&amp#27;[0m&amp#27;[34m▓&amp#27;[0m&amp#27;[34m▓&amp#27;[0m&amp#27;[34m▓&amp#27;[0m&amp#27;[34m▓&amp#27;[0m&amp#27;[34m▓&amp#27;[0m&amp#27;[34m▓&amp#27;[0m&amp#27;[32m▓&amp#27;[0m&amp#27;[32m▓&amp#27;[0m&amp#27;[32m▓&amp#27;[0m&amp#27;[32m▓&amp#27;[0m&amp#27;[32m▓&amp#27;[0m&amp#27;[32m▓&amp#27;[0m&amp#27;[32m▓&amp#27;[0m&amp#27;[32m▓&amp#27;[0m&amp#27;[32m▓&amp#27;[0m&amp#27;[34m▓&amp#27;[0m&amp#27;[34m▓&amp#27;[0m&amp#27;[34m▓&amp#27;[0m&amp#27;[34m▓&amp#27;[0m&amp#27;[32m▒&amp#27;[0m&amp#27;[34m▓&amp#27;[0m&amp#27;[34m▓&amp#27;[0m&amp#27;[34m▓&amp#27;[0m&amp#27;[34m▓&amp#27;[0m&amp#27;[34m▓&amp#27;[0m&amp#27;[34m▓&amp#27;[0m&amp#27;[34m▓&amp#27;[0m&amp#27;[34m▓&amp#27;[0m&amp#27;[34m▓&amp#27;[0m&amp#27;[34m▓&amp#27;[0m&amp#27;[34m▓&amp#27;[0m&amp#27;[34m▓&amp#27;[0m&amp#27;[34m▓&amp#27;[0m&amp#27;[34m▓&amp#27;[0m&amp#27;[32m░&amp#27;[0m&amp#27;[32m▒&amp#27;[0m&amp#27;[34m▓&amp#27;[0m&amp#27;[34m▓&amp#27;[0m&amp#27;[34m▓&amp#27;[0m&amp#27;[34m▓&amp#27;[0m&amp#27;[34m▓&amp#27;[0m&amp#27;[34m▓&amp#27;[0m&amp#27;[34m▓&amp#27;[0m&amp#27;[34m▓&amp#27;[0m&amp#27;[34m▓&amp#27;[0m&amp#27;[33m▓&amp#27;[0m&amp#27;[33m▓&amp#27;[0m&amp#27;[32m▒&amp#27;[0m&amp#27;[33m▓&amp#27;[0m&amp#27;[33m▓&amp#27;[0m&amp#27;[33m▓&amp#27;[0m&amp#27;[33m▓&amp#27;[0m&amp#27;[32m▒&amp#27;[0m&amp#27;[33m▓&amp#27;[0m&amp#27;[33m▓&amp#27;[0m&amp#27;[33m▓&amp#27;[0m&amp#27;[33m▓&amp#27;[0m&amp#27;[33m▓&amp#27;[0m&amp#27;[34m▓&amp#27;[0m&amp#27;[34m▓&amp#27;[0m&amp#27;[33m▓&amp#27;[0m&amp#27;[34m▓&amp#27;[0m&amp#27;[34m▓&amp#27;[0m&amp#27;[34m▓&amp#27;[0m&amp#27;[34m▓&amp#27;[0m&amp#27;[32m▓&amp#27;[0m&amp#27;[32m▓&amp#27;[0m&amp#27;[32m▓&amp#27;[0m&amp#27;[32m█&amp#27;[0m&amp#27;[32m█&amp#27;[0m&amp#27;[32m█&amp#27;[0m&amp#27;[34m▓&amp#27;[0m&amp#27;[34m▓&amp#27;[0m&amp#27;[34m▓&amp#27;[0m&amp#27;[33m▓&amp#27;[0m&amp#27;[33m▓&amp#27;[0m&amp#27;[33m▓&amp#27;[0m&amp#27;[33m▓&amp#27;[0m&amp#27;[33m▓&amp#27;[0m&amp#27;[33m▓&amp#27;[0m&amp#27;[33m▓&amp#27;[0m&amp#27;[33m▓&amp#27;[0m&amp#27;[33m▓&amp#27;[0m&amp#27;[32m▒&amp#27;[0m&amp#27;[33m▓&amp#27;[0m&amp#27;[33m▓&amp#27;[0m&amp#27;[32m▓&amp#27;[0m&amp#27;[34m▓&amp#27;[0m&amp#27;[34m▓&amp#27;[0m&amp#27;[34m▓&amp#27;[0m&amp#27;[34m▓&amp#27;[0m&amp#27;[34m▓&amp#27;[0m&amp#27;[32m█&amp#27;[0m&amp#27;[32m█&amp#27;[0m&amp#27;[32m█&amp#27;[0m&amp#27;[32m█&amp#27;[0m&amp#27;[33m▓&amp#27;[0m&amp#27;[32m█&amp#27;[0m&amp#27;[32m█&amp#27;[0m&amp#27;[32m█&amp#27;[0m&amp#27;[33m▓&amp#27;[0m&amp#27;[33m▓&amp#27;[0m&amp#27;[33m▓&amp#27;[0m&amp#27;[32m█&amp#27;[0m&amp#27;[34m▓&amp#27;[0m&amp#27;[32m░&amp#27;[0m&amp#27;[32m░&amp#27;[0m
&amp#27;[32m▓&amp#27;[0m&amp#27;[32m▓&amp#27;[0m&amp#27;[33m▓&amp#27;[0m&amp#27;[33m▓&amp#27;[0m&amp#27;[33m▓&amp#27;[0m&amp#27;[32m▓&amp#27;[0m&amp#27;[32m▓&amp#27;[0m&amp#27;[32m█&amp#27;[0m&amp#27;[32m▓&amp#27;[0m&amp#27;[32m▓&amp#27;[0m&amp#27;[32m█&amp#27;[0m&amp#27;[32m█&amp#27;[0m&amp#27;[33m▓&amp#27;[0m&amp#27;[32m█&amp#27;[0m&amp#27;[32m█&amp#27;[0m&amp#27;[33m▓&amp#27;[0m&amp#27;[32m▓&amp#27;[0m&amp#27;[32m▓&amp#27;[0m&amp#27;[33m▓&amp#27;[0m&amp#27;[32m▓&amp#27;[0m&amp#27;[33m▓&amp#27;[0m&amp#27;[32m▓&amp#27;[0m&amp#27;[32m▓&amp#27;[0m&amp#27;[32m▓&amp#27;[0m&amp#27;[32m░&amp#27;[0m&amp#27;[32m░&amp#27;[0m&amp#27;[32m░&amp#27;[0m&amp#27;[33m▓&amp#27;[0m&amp#27;[33m▓&amp#27;[0m&amp#27;[33m▓&amp#27;[0m&amp#27;[33m▓&amp#27;[0m&amp#27;[33m▓&amp#27;[0m&amp#27;[33m▓&amp#27;[0m&amp#27;[33m▓&amp#27;[0m&amp#27;[33m▓&amp#27;[0m&amp#27;[33m▓&amp#27;[0m&amp#27;[33m▓&amp#27;[0m&amp#27;[34m▓&amp#27;[0m&amp#27;[33m▓&amp#27;[0m&amp#27;[32m▓&amp#27;[0m&amp#27;[32m▓&amp#27;[0m&amp#27;[32m▓&amp#27;[0m&amp#27;[32m▓&amp#27;[0m&amp#27;[32m▓&amp#27;[0m&amp#27;[32m▓&amp#27;[0m&amp#27;[32m█&amp#27;[0m&amp#27;[32m█&amp#27;[0m&amp#27;[32m█&amp#27;[0m&amp#27;[32m█&amp#27;[0m&amp#27;[32m█&amp#27;[0m&amp#27;[32m█&amp#27;[0m&amp#27;[33m▓&amp#27;[0m&amp#27;[32m█&amp#27;[0m&amp#27;[32m▒&amp#27;[0m&amp#27;[32m█&amp#27;[0m&amp#27;[32m▒&amp#27;[0m&amp#27;[32m█&amp#27;[0m&amp#27;[32m█&amp#27;[0m&amp#27;[32m█&amp#27;[0m&amp#27;[34m▓&amp#27;[0m&amp#27;[32m▒&amp#27;[0m&amp#27;[34m▓&amp#27;[0m&amp#27;[32m▒&amp#27;[0m&amp#27;[33m▓&amp#27;[0m&amp#27;[32m▒&amp#27;[0m&amp#27;[32m▒&amp#27;[0m&amp#27;[32m▒&amp#27;[0m&amp#27;[32m░&amp#27;[0m&amp#27;[32m░&amp#27;[0m&amp#27;[32m░&amp#27;[0m&amp#27;[32m░&amp#27;[0m&amp#27;[32m░&amp#27;[0m&amp#27;[32m░&amp#27;[0m&amp#27;[32m░&amp#27;[0m&amp#27;[32m░&amp#27;[0m&amp#27;[32m▒&amp#27;[0m&amp#27;[34m▓&amp#27;[0m&amp#27;[32m▒&amp#27;[0m&amp#27;[34m▓&amp#27;[0m&amp#27;[34m▓&amp#27;[0m&amp#27;[34m▓&amp#27;[0m&amp#27;[34m▓&amp#27;[0m&amp#27;[32m▒&amp#27;[0m&amp#27;[34m▓&amp#27;[0m&amp#27;[32m▒&amp#27;[0m&amp#27;[32m▒&amp#27;[0m&amp#27;[34m▓&amp#27;[0m&amp#27;[32m▓&amp#27;[0m&amp#27;[34m▓&amp#27;[0m&amp#27;[32m▒&amp#27;[0m&amp#27;[34m▓&amp#27;[0m&amp#27;[32m▒&amp#27;[0m&amp#27;[32m░&amp#27;[0m&amp#27;[32m░&amp#27;[0m&amp#27;[32m░&amp#27;[0m&amp#27;[32m░&amp#27;[0m&amp#27;[32m░&amp#27;[0m&amp#27;[33m▓&amp#27;[0m&amp#27;[32m▒&amp#27;[0m&amp#27;[32m▒&amp#27;[0m&amp#27;[33m▓&amp#27;[0m&amp#27;[33m▓&amp#27;[0m&amp#27;[32m░&amp#27;[0m&amp#27;[32m░&amp#27;[0m&amp#27;[32m░&amp#27;[0m&amp#27;[32m▒&amp#27;[0m&amp#27;[33m▓&amp#27;[0m&amp#27;[32m░&amp#27;[0m&amp#27;[32m░&amp#27;[0m&amp#27;[32m░&amp#27;[0m&amp#27;[32m░&amp#27;[0m&amp#27;[32m▒&amp#27;[0m&amp#27;[32m░&amp#27;[0m&amp#27;[32m░&amp#27;[0m&amp#27;[32m░&amp#27;[0m&amp#27;[32m▒&amp#27;[0m&amp#27;[32m░&amp#27;[0m&amp#27;[32m░&amp#27;[0m&amp#27;[32m▒&amp#27;[0m&amp#27;[32m▒&amp#27;[0m&amp#27;[32m░&amp#27;[0m&amp#27;[32m░&amp#27;[0m&amp#27;[32m▒&amp#27;[0m&amp#27;[32m▒&amp#27;[0m&amp#27;[32m▓&amp#27;[0m&amp#27;[32m░&amp#27;[0m&amp#27;[32m░&amp#27;[0m&amp#27;[32m█&amp#27;[0m&amp#27;[32m▓&amp#27;[0m&amp#27;[32m▒&amp#27;[0m&amp#27;[32m▓&amp#27;[0m&amp#27;[32m▓&amp#27;[0m&amp#27;[32m▓&amp#27;[0m&amp#27;[32m▓&amp#27;[0m&amp#27;[32m░&amp#27;[0m&amp#27;[32m▓&amp#27;[0m&amp#27;[32m▓&amp#27;[0m&amp#27;[32m▓&amp#27;[0m&amp#27;[32m▓&amp#27;[0m&amp#27;[32m▓&amp#27;[0m&amp#27;[32m▓&amp#27;[0m&amp#27;[32m▒&amp#27;[0m&amp#27;[32m▓&amp#27;[0m&amp#27;[32m▓&amp#27;[0m&amp#27;[32m▓&amp#27;[0m&amp#27;[32m▓&amp#27;[0m&amp#27;[32m▓&amp#27;[0m&amp#27;[32m▓&amp#27;[0m&amp#27;[34m▓&amp#27;[0m&amp#27;[34m▓&amp#27;[0m&amp#27;[34m▓&amp#27;[0m&amp#27;[32m░&amp#27;[0m&amp#27;[32m░&amp#27;[0m&amp#27;[32m░&amp#27;[0m&amp#27;[32m░&amp#27;[0m&amp#27;[32m░&amp#27;[0m&amp#27;[32m░&amp#27;[0m&amp#27;[32m▒&amp#27;[0m&amp#27;[32m░&amp#27;[0m&amp#27;[32m░&amp#27;[0m&amp#27;[32m░&amp#27;[0m&amp#27;[32m█&amp#27;[0m&amp#27;[32m█&amp#27;[0m&amp#27;[32m█&amp#27;[0m&amp#27;[32m░&amp#27;[0m&amp#27;[32m█&amp#27;[0m&amp#27;[32m█&amp#27;[0m&amp#27;[32m█&amp#27;[0m&amp#27;[32m▓&amp#27;[0m&amp#27;[32m▓&amp#27;[0m&amp#27;[32m▒&amp#27;[0m&amp#27;[32m▓&amp#27;[0m&amp#27;[32m▓&amp#27;[0m&amp#27;[32m▓&amp#27;[0m&amp#27;[32m▒&amp#27;[0m&amp#27;[32m▓&amp#27;[0m&amp#27;[32m█&amp#27;[0m&amp#27;[32m▒&amp#27;[0m&amp#27;[32m░&amp#27;[0m&amp#27;[32m▒&amp#27;[0m&amp#27;[34m▓&amp#27;[0m&amp#27;[32m▒&amp#27;[0m&amp#27;[34m▓&amp#27;[0m&amp#27;[34m▓&amp#27;[0m&amp#27;[34m▓&amp#27;[0m&amp#27;[33m▓&amp#27;[0m&amp#27;[32m░&amp#27;[0m&amp#27;[32m▒&amp#27;[0m&amp#27;[34m▓&amp#27;[0m&amp#27;[32m▒&amp#27;[0m&amp#27;[34m▓&amp#27;[0m&amp#27;[32m▒&amp#27;[0m&amp#27;[34m▓&amp#27;[0m&amp#27;[34m▓&amp#27;[0m&amp#27;[34m▓&amp#27;[0m&amp#27;[34m▓&amp#27;[0m&amp#27;[34m▓&amp#27;[0m&amp#27;[34m▓&amp#27;[0m&amp#27;[32m░&amp#27;[0m&amp#27;[34m▓&amp#27;[0m&amp#27;[32m▓&amp#27;[0m&amp#27;[32m▓&amp#27;[0m&amp#27;[32m▓&amp#27;[0m&amp#27;[32m▓&amp#27;[0m&amp#27;[32m▒&amp#27;[0m&amp#27;[32m█&amp#27;[0m&amp#27;[32m▓&amp#27;[0m&amp#27;[32m▓&amp#27;[0m&amp#27;[34m▓&amp#27;[0m&amp#27;[34m▓&amp#27;[0m&amp#27;[34m▓&amp#27;[0m&amp#27;[34m▓&amp#27;[0m&amp#27;[34m▓&amp#27;[0m&amp#27;[34m▓&amp#27;[0m&amp#27;[34m▓&amp#27;[0m&amp#27;[34m▓&amp#27;[0m&amp#27;[34m▓&amp#27;[0m&amp#27;[34m▓&amp#27;[0m&amp#27;[34m▓&amp#27;[0m&amp#27;[34m▓&amp#27;[0m&amp#27;[34m▓&amp#27;[0m&amp#27;[32m▒&amp#27;[0m&amp#27;[34m▓&amp#27;[0m&amp#27;[34m▓&amp#27;[0m&amp#27;[34m▓&amp#27;[0m&amp#27;[34m▓&amp#27;[0m&amp#27;[34m▓&amp#27;[0m&amp#27;[34m▓&amp#27;[0m&amp#27;[34m▓&amp#27;[0m&amp#27;[34m▓&amp#27;[0m&amp#27;[34m▓&amp#27;[0m&amp#27;[32m▓&amp#27;[0m&amp#27;[34m▓&amp#27;[0m&amp#27;[34m▓&amp#27;[0m&amp#27;[34m▓&amp#27;[0m&amp#27;[34m▓&amp#27;[0m&amp#27;[34m▓&amp#27;[0m&amp#27;[32m░&amp#27;[0m&amp#27;[34m▓&amp#27;[0m&amp#27;[33m▓&amp#27;[0m&amp#27;[33m▓&amp#27;[0m&amp#27;[33m▓&amp#27;[0m&amp#27;[33m▓&amp#27;[0m&amp#27;[33m▓&amp#27;[0m&amp#27;[33m▓&amp#27;[0m&amp#27;[33m▓&amp#27;[0m&amp#27;[33m▓&amp#27;[0m&amp#27;[33m▓&amp#27;[0m&amp#27;[33m▓&amp#27;[0m&amp#27;[33m▓&amp#27;[0m&amp#27;[33m▓&amp#27;[0m&amp#27;[34m▓&amp#27;[0m&amp#27;[34m▓&amp#27;[0m&amp#27;[34m▓&amp#27;[0m&amp#27;[32m▓&amp#27;[0m&amp#27;[32m▓&amp#27;[0m&amp#27;[32m▓&amp#27;[0m&amp#27;[32m▓&amp#27;[0m&amp#27;[32m▓&amp#27;[0m&amp#27;[32m▓&amp#27;[0m&amp#27;[32m▓&amp#27;[0m&amp#27;[32m▓&amp#27;[0m&amp#27;[32m▓&amp#27;[0m&amp#27;[32m▓&amp#27;[0m&amp#27;[32m▓&amp#27;[0m&amp#27;[34m▓&amp#27;[0m&amp#27;[34m▓&amp#27;[0m&amp#27;[33m▓&amp#27;[0m&amp#27;[33m▓&amp#27;[0m&amp#27;[33m▓&amp#27;[0m&amp#27;[33m▓&amp#27;[0m&amp#27;[33m▓&amp#27;[0m&amp#27;[33m▓&amp#27;[0m&amp#27;[33m▓&amp#27;[0m&amp#27;[33m▓&amp#27;[0m&amp#27;[33m▓&amp#27;[0m&amp#27;[33m▓&amp#27;[0m&amp#27;[33m▓&amp#27;[0m&amp#27;[33m▓&amp#27;[0m&amp#27;[34m▓&amp#27;[0m&amp#27;[34m▓&amp#27;[0m&amp#27;[34m▓&amp#27;[0m&amp#27;[34m▓&amp#27;[0m&amp#27;[34m▓&amp#27;[0m&amp#27;[32m█&amp#27;[0m&amp#27;[32m█&amp#27;[0m&amp#27;[32m█&amp#27;[0m&amp#27;[32m█&amp#27;[0m&amp#27;[32m█&amp#27;[0m&amp#27;[32m█&amp#27;[0m&amp#27;[32m█&amp#27;[0m&amp#27;[32m█&amp#27;[0m&amp#27;[32m█&amp#27;[0m&amp#27;[32m█&amp#27;[0m&amp#27;[33m▓&amp#27;[0m&amp#27;[32m█&amp#27;[0m&amp#27;[32m█&amp#27;[0m&amp#27;[32m█&amp#27;[0m&amp#27;[34m▓&amp#27;[0m&amp#27;[32m░&amp#27;[0m
&amp#27;[32m▓&amp#27;[0m&amp#27;[32m▓&amp#27;[0m&amp#27;[32m█&amp#27;[0m&amp#27;[32m█&amp#27;[0m&amp#27;[33m▓&amp#27;[0m&amp#27;[32m▓&amp#27;[0m&amp#27;[32m▓&amp#27;[0m&amp#27;[32m▓&amp#27;[0m&amp#27;[33m▓&amp#27;[0m&amp#27;[34m▓&amp#27;[0m&amp#27;[33m▓&amp#27;[0m&amp#27;[32m█&amp#27;[0m&amp#27;[33m▓&amp#27;[0m&amp#27;[33m▓&amp#27;[0m&amp#27;[32m▓&amp#27;[0m&amp#27;[32m▓&amp#27;[0m&amp#27;[32m▓&amp#27;[0m&amp#27;[32m▓&amp#27;[0m&amp#27;[33m▓&amp#27;[0m&amp#27;[33m▓&amp#27;[0m&amp#27;[33m▓&amp#27;[0m&amp#27;[32m▓&amp#27;[0m&amp#27;[33m▓&amp#27;[0m&amp#27;[32m▓&amp#27;[0m&amp#27;[33m▓&amp#27;[0m&amp#27;[32m░&amp#27;[0m&amp#27;[32m░&amp#27;[0m&amp#27;[33m▓&amp#27;[0m&amp#27;[33m▓&amp#27;[0m&amp#27;[33m▓&amp#27;[0m&amp#27;[33m▓&amp#27;[0m&amp#27;[33m▓&amp#27;[0m&amp#27;[32m▓&amp#27;[0m&amp#27;[32m▓&amp#27;[0m&amp#27;[33m▓&amp#27;[0m&amp#27;[32m▓&amp#27;[0m&amp#27;[34m▓&amp#27;[0m&amp#27;[32m▓&amp#27;[0m&amp#27;[33m▓&amp#27;[0m&amp#27;[33m▓&amp#27;[0m&amp#27;[33m▓&amp#27;[0m&amp#27;[32m▓&amp#27;[0m&amp#27;[32m▓&amp#27;[0m&amp#27;[33m▓&amp#27;[0m&amp#27;[33m▓&amp#27;[0m&amp#27;[32m▓&amp#27;[0m&amp#27;[32m█&amp#27;[0m&amp#27;[32m█&amp#27;[0m&amp#27;[32m█&amp#27;[0m&amp#27;[32m█&amp#27;[0m&amp#27;[32m█&amp#27;[0m&amp#27;[32m█&amp#27;[0m&amp#27;[32m█&amp#27;[0m&amp#27;[32m▒&amp#27;[0m&amp#27;[32m█&amp#27;[0m&amp#27;[32m█&amp#27;[0m&amp#27;[32m▒&amp#27;[0m&amp#27;[32m█&amp#27;[0m&amp#27;[34m▓&amp#27;[0m&amp#27;[34m▓&amp#27;[0m&amp#27;[33m▓&amp#27;[0m&amp#27;[34m▓&amp#27;[0m&amp#27;[33m▓&amp#27;[0m&amp#27;[33m▓&amp#27;[0m&amp#27;[33m▓&amp#27;[0m&amp#27;[32m░&amp#27;[0m&amp#27;[32m▒&amp#27;[0m&amp#27;[32m▒&amp#27;[0m&amp#27;[32m▓&amp#27;[0m&amp#27;[32m▒&amp#27;[0m&amp#27;[32m░&amp#27;[0m&amp#27;[32m▒&amp#27;[0m&amp#27;[32m░&amp#27;[0m&amp#27;[32m░&amp#27;[0m&amp#27;[32m░&amp#27;[0m&amp#27;[32m▒&amp#27;[0m&amp#27;[34m▓&amp#27;[0m&amp#27;[32m▒&amp#27;[0m&amp#27;[34m▓&amp#27;[0m&amp#27;[34m▓&amp#27;[0m&amp#27;[32m▒&amp#27;[0m&amp#27;[32m▓&amp#27;[0m&amp#27;[34m▓&amp#27;[0m&amp#27;[34m▓&amp#27;[0m&amp#27;[34m▓&amp#27;[0m&amp#27;[32m▒&amp#27;[0m&amp#27;[34m▓&amp#27;[0m&amp#27;[33m▓&amp#27;[0m&amp#27;[33m▓&amp#27;[0m&amp#27;[33m▓&amp#27;[0m&amp#27;[33m▓&amp#27;[0m&amp#27;[32m▒&amp#27;[0m&amp#27;[33m▓&amp#27;[0m&amp#27;[33m▓&amp#27;[0m&amp#27;[33m▓&amp#27;[0m&amp#27;[32m░&amp#27;[0m&amp#27;[32m▒&amp#27;[0m&amp#27;[34m▓&amp#27;[0m&amp#27;[33m▓&amp#27;[0m&amp#27;[33m▓&amp#27;[0m&amp#27;[33m▓&amp#27;[0m&amp#27;[32m▒&amp#27;[0m&amp#27;[32m▒&amp#27;[0m&amp#27;[32m░&amp#27;[0m&amp#27;[32m▓&amp#27;[0m&amp#27;[32m▒&amp#27;[0m&amp#27;[32m░&amp#27;[0m&amp#27;[32m▒&amp#27;[0m&amp#27;[32m░&amp#27;[0m&amp#27;[32m░&amp#27;[0m&amp#27;[32m░&amp#27;[0m&amp#27;[32m▒&amp#27;[0m&amp#27;[32m░&amp#27;[0m&amp#27;[32m░&amp#27;[0m&amp#27;[32m░&amp#27;[0m&amp#27;[32m▒&amp#27;[0m&amp#27;[32m▒&amp#27;[0m&amp#27;[32m░&amp#27;[0m&amp#27;[32m░&amp#27;[0m&amp#27;[32m▒&amp#27;[0m&amp#27;[32m░&amp#27;[0m&amp#27;[32m░&amp#27;[0m&amp#27;[32m▓&amp#27;[0m&amp#27;[32m░&amp#27;[0m&amp#27;[33m▓&amp#27;[0m&amp#27;[32m░&amp#27;[0m&amp#27;[32m░&amp#27;[0m&amp#27;[33m▓&amp#27;[0m&amp#27;[33m▓&amp#27;[0m&amp#27;[33m▓&amp#27;[0m&amp#27;[32m▓&amp#27;[0m&amp#27;[32m▒&amp#27;[0m&amp#27;[32m░&amp#27;[0m&amp#27;[32m░&amp#27;[0m&amp#27;[32m░&amp#27;[0m&amp#27;[32m▓&amp#27;[0m&amp#27;[32m▒&amp#27;[0m&amp#27;[32m▓&amp#27;[0m&amp#27;[32m▓&amp#27;[0m&amp#27;[32m▓&amp#27;[0m&amp#27;[32m▓&amp#27;[0m&amp#27;[32m▓&amp#27;[0m&amp#27;[32m▓&amp#27;[0m&amp#27;[32m▓&amp#27;[0m&amp#27;[32m▓&amp#27;[0m&amp#27;[32m▓&amp#27;[0m&amp#27;[32m▓&amp#27;[0m&amp#27;[32m▓&amp#27;[0m&amp#27;[34m▓&amp#27;[0m&amp#27;[32m▒&amp#27;[0m&amp#27;[32m▒&amp#27;[0m&amp#27;[32m░&amp#27;[0m&amp#27;[32m░&amp#27;[0m&amp#27;[32m░&amp#27;[0m&amp#27;[32m░&amp#27;[0m&amp#27;[32m░&amp#27;[0m&amp#27;[32m░&amp#27;[0m&amp#27;[32m░&amp#27;[0m&amp#27;[32m░&amp#27;[0m&amp#27;[32m▒&amp#27;[0m&amp#27;[32m░&amp#27;[0m&amp#27;[32m█&amp#27;[0m&amp#27;[32m█&amp#27;[0m&amp#27;[32m█&amp#27;[0m&amp#27;[32m░&amp#27;[0m&amp#27;[32m░&amp#27;[0m&amp#27;[32m▒&amp#27;[0m&amp#27;[32m▓&amp#27;[0m&amp#27;[32m▒&amp#27;[0m&amp#27;[32m▓&amp#27;[0m&amp#27;[32m█&amp#27;[0m&amp#27;[32m▓&amp#27;[0m&amp#27;[32m▓&amp#27;[0m&amp#27;[32m▓&amp#27;[0m&amp#27;[32m▓&amp#27;[0m&amp#27;[32m▓&amp#27;[0m&amp#27;[32m▓&amp#27;[0m&amp#27;[32m▓&amp#27;[0m&amp#27;[32m▓&amp#27;[0m&amp#27;[34m▓&amp#27;[0m&amp#27;[34m▓&amp#27;[0m&amp#27;[34m▓&amp#27;[0m&amp#27;[32m█&amp#27;[0m&amp#27;[32m█&amp#27;[0m&amp#27;[32m█&amp#27;[0m&amp#27;[34m▓&amp#27;[0m&amp#27;[34m▓&amp#27;[0m&amp#27;[34m▓&amp#27;[0m&amp#27;[34m▓&amp#27;[0m&amp#27;[34m▓&amp#27;[0m&amp#27;[34m▓&amp#27;[0m&amp#27;[34m▓&amp#27;[0m&amp#27;[34m▓&amp#27;[0m&amp#27;[34m▓&amp#27;[0m&amp#27;[34m▓&amp#27;[0m&amp#27;[34m▓&amp#27;[0m&amp#27;[34m▓&amp#27;[0m&amp#27;[34m▓&amp#27;[0m&amp#27;[32m▒&amp#27;[0m&amp#27;[34m▓&amp#27;[0m&amp#27;[32m▒&amp#27;[0m&amp#27;[32m▓&amp#27;[0m&amp#27;[32m▒&amp#27;[0m&amp#27;[32m▓&amp#27;[0m&amp#27;[32m▓&amp#27;[0m&amp#27;[32m▓&amp#27;[0m&amp#27;[32m▓&amp#27;[0m&amp#27;[32m░&amp#27;[0m&amp#27;[32m▒&amp#27;[0m&amp#27;[32m▒&amp#27;[0m&amp#27;[34m▓&amp#27;[0m&amp#27;[34m▓&amp#27;[0m&amp#27;[34m▓&amp#27;[0m&amp#27;[34m▓&amp#27;[0m&amp#27;[34m▓&amp#27;[0m&amp#27;[34m▓&amp#27;[0m&amp#27;[32m▓&amp#27;[0m&amp#27;[32m▓&amp#27;[0m&amp#27;[34m▓&amp#27;[0m&amp#27;[34m▓&amp#27;[0m&amp#27;[32m▓&amp#27;[0m&amp#27;[34m▓&amp#27;[0m&amp#27;[34m▓&amp#27;[0m&amp#27;[34m▓&amp#27;[0m&amp#27;[32m▒&amp#27;[0m&amp#27;[34m▓&amp#27;[0m&amp#27;[34m▓&amp#27;[0m&amp#27;[34m▓&amp#27;[0m&amp#27;[34m▓&amp#27;[0m&amp#27;[32m▒&amp#27;[0m&amp#27;[34m▓&amp#27;[0m&amp#27;[34m▓&amp#27;[0m&amp#27;[32m▒&amp#27;[0m&amp#27;[32m▒&amp#27;[0m&amp#27;[32m░&amp#27;[0m&amp#27;[32m░&amp#27;[0m&amp#27;[32m░&amp#27;[0m&amp#27;[34m▓&amp#27;[0m&amp#27;[34m▓&amp#27;[0m&amp#27;[32m▒&amp#27;[0m&amp#27;[33m▓&amp#27;[0m&amp#27;[33m▓&amp#27;[0m&amp#27;[32m▒&amp#27;[0m&amp#27;[33m▓&amp#27;[0m&amp#27;[33m▓&amp#27;[0m&amp#27;[33m▓&amp#27;[0m&amp#27;[33m▓&amp#27;[0m&amp#27;[33m▓&amp#27;[0m&amp#27;[33m▓&amp#27;[0m&amp#27;[33m▓&amp#27;[0m&amp#27;[34m▓&amp#27;[0m&amp#27;[34m▓&amp#27;[0m&amp#27;[32m▓&amp#27;[0m&amp#27;[32m▓&amp#27;[0m&amp#27;[32m▓&amp#27;[0m&amp#27;[32m▓&amp#27;[0m&amp#27;[32m▓&amp#27;[0m&amp#27;[32m▓&amp#27;[0m&amp#27;[32m▓&amp#27;[0m&amp#27;[32m▓&amp#27;[0m&amp#27;[32m▓&amp#27;[0m&amp#27;[32m▓&amp#27;[0m&amp#27;[32m▓&amp#27;[0m&amp#27;[32m▓&amp#27;[0m&amp#27;[32m▓&amp#27;[0m&amp#27;[32m▓&amp#27;[0m&amp#27;[32m▓&amp#27;[0m&amp#27;[33m▓&amp#27;[0m&amp#27;[33m▓&amp#27;[0m&amp#27;[33m▓&amp#27;[0m&amp#27;[33m▓&amp#27;[0m&amp#27;[33m▓&amp#27;[0m&amp#27;[33m▓&amp#27;[0m&amp#27;[33m▓&amp#27;[0m&amp#27;[33m▓&amp#27;[0m&amp#27;[33m▓&amp#27;[0m&amp#27;[33m▓&amp#27;[0m&amp#27;[33m▓&amp#27;[0m&amp#27;[33m▓&amp#27;[0m&amp#27;[34m▓&amp#27;[0m&amp#27;[32m░&amp#27;[0m&amp#27;[34m▓&amp#27;[0m&amp#27;[32m░&amp#27;[0m&amp#27;[32m█&amp#27;[0m&amp#27;[32m█&amp#27;[0m&amp#27;[32m█&amp#27;[0m&amp#27;[32m█&amp#27;[0m&amp#27;[32m█&amp#27;[0m&amp#27;[32m█&amp#27;[0m&amp#27;[32m█&amp#27;[0m&amp#27;[32m█&amp#27;[0m&amp#27;[32m█&amp#27;[0m&amp#27;[32m█&amp#27;[0m&amp#27;[32m█&amp#27;[0m&amp#27;[32m█&amp#27;[0m&amp#27;[32m█&amp#27;[0m&amp#27;[32m█&amp#27;[0m&amp#27;[32m█&amp#27;[0m&amp#27;[34m▓&amp#27;[0m&amp#27;[34m▓&amp#27;[0m
&amp#27;[32m▓&amp#27;[0m&amp#27;[32m▓&amp#27;[0m&amp#27;[32m█&amp#27;[0m&amp#27;[32m█&amp#27;[0m&amp#27;[32m█&amp#27;[0m&amp#27;[33m▓&amp#27;[0m&amp#27;[32m▓&amp#27;[0m&amp#27;[32m▓&amp#27;[0m&amp#27;[33m▓&amp#27;[0m&amp#27;[34m▓&amp#27;[0m&amp#27;[34m▓&amp#27;[0m&amp#27;[33m▓&amp#27;[0m&amp#27;[32m▓&amp#27;[0m&amp#27;[32m▓&amp#27;[0m&amp#27;[33m▓&amp#27;[0m&amp#27;[33m▓&amp#27;[0m&amp#27;[32m▓&amp#27;[0m&amp#27;[32m▓&amp#27;[0m&amp#27;[32m▓&amp#27;[0m&amp#27;[32m▓&amp#27;[0m&amp#27;[32m▓&amp#27;[0m&amp#27;[32m▓&amp#27;[0m&amp#27;[32m▓&amp#27;[0m&amp#27;[32m▓&amp#27;[0m&amp#27;[32m▓&amp#27;[0m&amp#27;[33m▓&amp#27;[0m&amp#27;[33m▓&amp#27;[0m&amp#27;[33m▓&amp#27;[0m&amp#27;[33m▓&amp#27;[0m&amp#27;[33m▓&amp#27;[0m&amp#27;[33m▓&amp#27;[0m&amp#27;[33m▓&amp#27;[0m&amp#27;[32m▓&amp#27;[0m&amp#27;[32m▓&amp#27;[0m&amp#27;[33m▓&amp#27;[0m&amp#27;[32m▓&amp#27;[0m&amp#27;[34m▓&amp#27;[0m&amp#27;[32m▓&amp#27;[0m&amp#27;[32m▓&amp#27;[0m&amp#27;[32m▓&amp#27;[0m&amp#27;[33m▓&amp#27;[0m&amp#27;[33m▓&amp#27;[0m&amp#27;[32m▓&amp#27;[0m&amp#27;[32m▓&amp#27;[0m&amp#27;[32m▓&amp#27;[0m&amp#27;[32m▓&amp#27;[0m&amp#27;[32m▓&amp#27;[0m&amp#27;[33m▓&amp#27;[0m&amp#27;[32m█&amp#27;[0m&amp#27;[33m▓&amp#27;[0m&amp#27;[32m█&amp#27;[0m&amp#27;[32m█&amp#27;[0m&amp#27;[32m█&amp#27;[0m&amp#27;[32m█&amp#27;[0m&amp#27;[32m█&amp#27;[0m&amp#27;[32m█&amp#27;[0m&amp#27;[32m░&amp#27;[0m&amp#27;[34m▓&amp#27;[0m&amp#27;[32m░&amp#27;[0m&amp#27;[32m▓&amp#27;[0m&amp#27;[32m▓&amp#27;[0m&amp#27;[32m▓&amp#27;[0m&amp#27;[33m▓&amp#27;[0m&amp#27;[33m▓&amp#27;[0m&amp#27;[33m▓&amp#27;[0m&amp#27;[32m█&amp#27;[0m&amp#27;[32m░&amp#27;[0m&amp#27;[32m▒&amp#27;[0m&amp#27;[32m░&amp#27;[0m&amp#27;[32m░&amp#27;[0m&amp#27;[32m░&amp#27;[0m&amp#27;[32m░&amp#27;[0m&amp#27;[32m▒&amp#27;[0m&amp#27;[32m░&amp#27;[0m&amp#27;[32m░&amp#27;[0m&amp#27;[32m░&amp#27;[0m&amp#27;[34m▓&amp#27;[0m&amp#27;[32m▒&amp#27;[0m&amp#27;[32m▒&amp#27;[0m&amp#27;[34m▓&amp#27;[0m&amp#27;[34m▓&amp#27;[0m&amp#27;[32m▒&amp#27;[0m&amp#27;[34m▓&amp#27;[0m&amp#27;[34m▓&amp#27;[0m&amp#27;[32m▒&amp#27;[0m&amp#27;[32m▒&amp#27;[0m&amp#27;[34m▓&amp#27;[0m&amp#27;[33m▓&amp#27;[0m&amp#27;[32m▒&amp#27;[0m&amp#27;[33m▓&amp#27;[0m&amp#27;[33m▓&amp#27;[0m&amp#27;[32m▒&amp#27;[0m&amp#27;[33m▓&amp#27;[0m&amp#27;[33m▓&amp#27;[0m&amp#27;[33m▓&amp#27;[0m&amp#27;[33m▓&amp#27;[0m&amp#27;[34m▓&amp#27;[0m&amp#27;[34m▓&amp#27;[0m&amp#27;[32m▒&amp#27;[0m&amp#27;[34m▓&amp#27;[0m&amp#27;[34m▓&amp#27;[0m&amp#27;[34m▓&amp#27;[0m&amp#27;[32m▒&amp#27;[0m&amp#27;[33m▓&amp#27;[0m&amp#27;[32m░&amp#27;[0m&amp#27;[32m░&amp#27;[0m&amp#27;[32m░&amp#27;[0m&amp#27;[32m░&amp#27;[0m&amp#27;[32m▒&amp#27;[0m&amp#27;[32m█&amp#27;[0m&amp#27;[32m░&amp#27;[0m&amp#27;[32m▓&amp#27;[0m&amp#27;[32m░&amp#27;[0m&amp#27;[32m░&amp#27;[0m&amp#27;[32m░&amp#27;[0m&amp#27;[32m░&amp#27;[0m&amp#27;[32m░&amp#27;[0m&amp#27;[32m░&amp#27;[0m&amp#27;[32m░&amp#27;[0m&amp#27;[32m░&amp#27;[0m&amp#27;[32m░&amp#27;[0m&amp#27;[32m░&amp#27;[0m&amp#27;[32m░&amp#27;[0m&amp#27;[32m░&amp#27;[0m&amp#27;[32m▒&amp#27;[0m&amp#27;[32m▒&amp#27;[0m&amp#27;[32m░&amp#27;[0m&amp#27;[33m▓&amp#27;[0m&amp#27;[33m▓&amp#27;[0m&amp#27;[33m▓&amp#27;[0m&amp#27;[32m░&amp#27;[0m&amp#27;[32m░&amp#27;[0m&amp#27;[32m▒&amp#27;[0m&amp#27;[32m▒&amp#27;[0m&amp#27;[32m░&amp#27;[0m&amp#27;[34m▓&amp#27;[0m&amp#27;[32m▓&amp#27;[0m&amp#27;[32m▓&amp#27;[0m&amp#27;[32m▒&amp#27;[0m&amp#27;[32m▓&amp#27;[0m&amp#27;[32m▓&amp#27;[0m&amp#27;[32m▓&amp#27;[0m&amp#27;[32m▓&amp#27;[0m&amp#27;[32m▓&amp#27;[0m&amp#27;[32m▒&amp#27;[0m&amp#27;[32m▒&amp#27;[0m&amp#27;[32m▓&amp#27;[0m&amp#27;[32m▒&amp#27;[0m&amp#27;[34m▓&amp#27;[0m&amp#27;[34m▓&amp#27;[0m&amp#27;[34m▓&amp#27;[0m&amp#27;[32m░&amp#27;[0m&amp#27;[32m▒&amp#27;[0m&amp#27;[32m█&amp#27;[0m&amp#27;[32m█&amp#27;[0m&amp#27;[32m█&amp#27;[0m&amp#27;[32m█&amp#27;[0m&amp#27;[32m▒&amp#27;[0m&amp#27;[32m█&amp#27;[0m&amp#27;[32m█&amp#27;[0m&amp#27;[32m█&amp#27;[0m&amp#27;[32m█&amp#27;[0m&amp#27;[32m█&amp#27;[0m&amp#27;[32m█&amp#27;[0m&amp#27;[32m░&amp#27;[0m&amp#27;[32m░&amp#27;[0m&amp#27;[32m░&amp#27;[0m&amp#27;[33m▓&amp#27;[0m&amp#27;[32m▓&amp#27;[0m&amp#27;[32m▓&amp#27;[0m&amp#27;[32m▒&amp#27;[0m&amp#27;[32m▓&amp#27;[0m&amp#27;[32m▓&amp#27;[0m&amp#27;[32m▒&amp#27;[0m&amp#27;[32m▓&amp#27;[0m&amp#27;[32m▓&amp#27;[0m&amp#27;[32m▓&amp#27;[0m&amp#27;[32m▓&amp#27;[0m&amp#27;[34m▓&amp#27;[0m&amp#27;[34m▓&amp#27;[0m&amp#27;[32m█&amp#27;[0m&amp#27;[32m█&amp#27;[0m&amp#27;[32m█&amp#27;[0m&amp#27;[32m█&amp#27;[0m&amp#27;[32m█&amp#27;[0m&amp#27;[32m█&amp#27;[0m&amp#27;[32m▒&amp#27;[0m&amp#27;[34m▓&amp#27;[0m&amp#27;[32m░&amp#27;[0m&amp#27;[34m▓&amp#27;[0m&amp#27;[34m▓&amp#27;[0m&amp#27;[32m▒&amp#27;[0m&amp#27;[34m▓&amp#27;[0m&amp#27;[34m▓&amp#27;[0m&amp#27;[34m▓&amp#27;[0m&amp#27;[32m▒&amp#27;[0m&amp#27;[34m▓&amp#27;[0m&amp#27;[34m▓&amp#27;[0m&amp#27;[34m▓&amp#27;[0m&amp#27;[32m░&amp#27;[0m&amp#27;[32m░&amp#27;[0m&amp#27;[34m▓&amp#27;[0m&amp#27;[34m▓&amp#27;[0m&amp#27;[32m▓&amp#27;[0m&amp#27;[32m▓&amp#27;[0m&amp#27;[32m▓&amp#27;[0m&amp#27;[32m▓&amp#27;[0m&amp#27;[32m▓&amp#27;[0m&amp#27;[32m▓&amp#27;[0m&amp#27;[34m▓&amp#27;[0m&amp#27;[33m▓&amp#27;[0m&amp#27;[32m▒&amp#27;[0m&amp#27;[34m▓&amp#27;[0m&amp#27;[32m█&amp#27;[0m&amp#27;[32m▒&amp#27;[0m&amp#27;[34m▓&amp#27;[0m&amp#27;[34m▓&amp#27;[0m&amp#27;[34m▓&amp#27;[0m&amp#27;[34m▓&amp#27;[0m&amp#27;[34m▓&amp#27;[0m&amp#27;[34m▓&amp#27;[0m&amp#27;[34m▓&amp#27;[0m&amp#27;[34m▓&amp#27;[0m&amp#27;[34m▓&amp#27;[0m&amp#27;[34m▓&amp#27;[0m&amp#27;[32m░&amp#27;[0m&amp#27;[32m░&amp#27;[0m&amp#27;[32m░&amp#27;[0m&amp#27;[34m▓&amp#27;[0m&amp#27;[34m▓&amp#27;[0m&amp#27;[32m▒&amp#27;[0m&amp#27;[34m▓&amp#27;[0m&amp#27;[34m▓&amp#27;[0m&amp#27;[32m░&amp#27;[0m&amp#27;[32m░&amp#27;[0m&amp#27;[33m▓&amp#27;[0m&amp#27;[32m░&amp#27;[0m&amp#27;[32m░&amp#27;[0m&amp#27;[34m▓&amp#27;[0m&amp#27;[32m░&amp#27;[0m&amp#27;[33m▓&amp#27;[0m&amp#27;[33m▓&amp#27;[0m&amp#27;[33m▓&amp#27;[0m&amp#27;[33m▓&amp#27;[0m&amp#27;[33m▓&amp#27;[0m&amp#27;[33m▓&amp#27;[0m&amp#27;[33m▓&amp#27;[0m&amp#27;[33m▓&amp#27;[0m&amp#27;[33m▓&amp#27;[0m&amp#27;[33m▓&amp#27;[0m&amp#27;[33m▓&amp#27;[0m&amp#27;[33m▓&amp#27;[0m&amp#27;[33m▓&amp#27;[0m&amp#27;[32m▓&amp#27;[0m&amp#27;[32m▓&amp#27;[0m&amp#27;[32m▓&amp#27;[0m&amp#27;[32m▓&amp#27;[0m&amp#27;[32m▓&amp#27;[0m&amp#27;[32m▓&amp#27;[0m&amp#27;[32m▓&amp#27;[0m&amp#27;[32m▓&amp#27;[0m&amp#27;[32m▓&amp#27;[0m&amp#27;[32m▓&amp#27;[0m&amp#27;[32m▓&amp#27;[0m&amp#27;[32m▓&amp#27;[0m&amp#27;[32m▓&amp#27;[0m&amp#27;[32m▓&amp#27;[0m&amp#27;[33m▓&amp#27;[0m&amp#27;[33m▓&amp#27;[0m&amp#27;[33m▓&amp#27;[0m&amp#27;[33m▓&amp#27;[0m&amp#27;[33m▓&amp#27;[0m&amp#27;[33m▓&amp#27;[0m&amp#27;[33m▓&amp#27;[0m&amp#27;[33m▓&amp#27;[0m&amp#27;[33m▓&amp#27;[0m&amp#27;[33m▓&amp#27;[0m&amp#27;[33m▓&amp#27;[0m&amp#27;[33m▓&amp#27;[0m&amp#27;[32m▓&amp#27;[0m&amp#27;[34m▓&amp#27;[0m&amp#27;[32m░&amp#27;[0m&amp#27;[32m░&amp#27;[0m&amp#27;[32m█&amp#27;[0m&amp#27;[32m█&amp#27;[0m&amp#27;[32m▒&amp#27;[0m&amp#27;[32m█&amp#27;[0m&amp#27;[32m█&amp#27;[0m&amp#27;[32m█&amp#27;[0m&amp#27;[32m█&amp#27;[0m&amp#27;[32m█&amp#27;[0m&amp#27;[32m█&amp#27;[0m&amp#27;[32m█&amp#27;[0m&amp#27;[32m█&amp#27;[0m&amp#27;[32m█&amp#27;[0m&amp#27;[32m▒&amp#27;[0m&amp#27;[32m█&amp#27;[0m&amp#27;[32m█&amp#27;[0m&amp#27;[32m█&amp#27;[0m&amp#27;[34m▓&amp#27;[0m
&amp#27;[32m▓&amp#27;[0m&amp#27;[32m▓&amp#27;[0m&amp#27;[32m▓&amp#27;[0m&amp#27;[33m▓&amp#27;[0m&amp#27;[32m▓&amp#27;[0m&amp#27;[33m▓&amp#27;[0m&amp#27;[32m▓&amp#27;[0m&amp#27;[34m▓&amp#27;[0m&amp#27;[34m▓&amp#27;[0m&amp#27;[34m▓&amp#27;[0m&amp#27;[34m▓&amp#27;[0m&amp#27;[32m▓&amp#27;[0m&amp#27;[32m▓&amp#27;[0m&amp#27;[32m▓&amp#27;[0m&amp#27;[33m▓&amp#27;[0m&amp#27;[32m▓&amp#27;[0m&amp#27;[32m▓&amp#27;[0m&amp#27;[32m▓&amp#27;[0m&amp#27;[32m▓&amp#27;[0m&amp#27;[33m▓&amp#27;[0m&amp#27;[32m▓&amp#27;[0m&amp#27;[33m▓&amp#27;[0m&amp#27;[32m▓&amp#27;[0m&amp#27;[33m▓&amp#27;[0m&amp#27;[32m▓&amp#27;[0m&amp#27;[32m▓&amp#27;[0m&amp#27;[32m░&amp#27;[0m&amp#27;[32m░&amp#27;[0m&amp#27;[33m▓&amp#27;[0m&amp#27;[33m▓&amp#27;[0m&amp#27;[33m▓&amp#27;[0m&amp#27;[32m▓&amp#27;[0m&amp#27;[32m▓&amp#27;[0m&amp#27;[32m▓&amp#27;[0m&amp#27;[33m▓&amp#27;[0m&amp#27;[32m▓&amp#27;[0m&amp#27;[32m▓&amp#27;[0m&amp#27;[32m▓&amp#27;[0m&amp#27;[32m▓&amp#27;[0m&amp#27;[32m▓&amp#27;[0m&amp#27;[32m▓&amp#27;[0m&amp#27;[32m▓&amp#27;[0m&amp#27;[32m▓&amp#27;[0m&amp#27;[32m▓&amp#27;[0m&amp#27;[33m▓&amp#27;[0m&amp#27;[33m▓&amp#27;[0m&amp#27;[32m▓&amp#27;[0m&amp#27;[33m▓&amp#27;[0m&amp#27;[32m▓&amp#27;[0m&amp#27;[33m▓&amp#27;[0m&amp#27;[32m█&amp#27;[0m&amp#27;[33m▓&amp#27;[0m&amp#27;[32m▒&amp#27;[0m&amp#27;[32m▒&amp#27;[0m&amp#27;[34m▓&amp#27;[0m&amp#27;[32m▒&amp#27;[0m&amp#27;[32m▒&amp#27;[0m&amp#27;[34m▓&amp#27;[0m&amp#27;[32m▒&amp#27;[0m&amp#27;[34m▓&amp#27;[0m&amp#27;[32m▒&amp#27;[0m&amp#27;[32m░&amp#27;[0m&amp#27;[32m░&amp#27;[0m&amp#27;[32m░&amp#27;[0m&amp#27;[32m░&amp#27;[0m&amp#27;[32m░&amp#27;[0m&amp#27;[33m▓&amp#27;[0m&amp#27;[32m░&amp#27;[0m&amp#27;[32m▒&amp#27;[0m&amp#27;[32m░&amp#27;[0m&amp#27;[32m░&amp#27;[0m&amp#27;[32m░&amp#27;[0m&amp#27;[32m░&amp#27;[0m&amp#27;[32m█&amp#27;[0m&amp#27;[32m░&amp#27;[0m&amp#27;[34m▓&amp#27;[0m&amp#27;[34m▓&amp#27;[0m&amp#27;[32m▒&amp#27;[0m&amp#27;[34m▓&amp#27;[0m&amp#27;[34m▓&amp#27;[0m&amp#27;[34m▓&amp#27;[0m&amp#27;[34m▓&amp#27;[0m&amp#27;[32m▓&amp#27;[0m&amp#27;[34m▓&amp#27;[0m&amp#27;[34m▓&amp#27;[0m&amp#27;[34m▓&amp#27;[0m&amp#27;[33m▓&amp#27;[0m&amp#27;[33m▓&amp#27;[0m&amp#27;[33m▓&amp#27;[0m&amp#27;[33m▓&amp#27;[0m&amp#27;[33m▓&amp#27;[0m&amp#27;[32m▒&amp#27;[0m&amp#27;[32m▒&amp#27;[0m&amp#27;[33m▓&amp#27;[0m&amp#27;[33m▓&amp#27;[0m&amp#27;[33m▓&amp#27;[0m&amp#27;[33m▓&amp#27;[0m&amp#27;[34m▓&amp#27;[0m&amp#27;[32m▒&amp#27;[0m&amp#27;[34m▓&amp#27;[0m&amp#27;[34m▓&amp#27;[0m&amp#27;[34m▓&amp#27;[0m&amp#27;[33m▓&amp#27;[0m&amp#27;[33m▓&amp#27;[0m&amp#27;[33m▓&amp#27;[0m&amp#27;[32m░&amp#27;[0m&amp#27;[32m▒&amp#27;[0m&amp#27;[32m░&amp#27;[0m&amp#27;[32m░&amp#27;[0m&amp#27;[32m█&amp#27;[0m&amp#27;[32m▒&amp#27;[0m&amp#27;[32m░&amp#27;[0m&amp#27;[32m░&amp#27;[0m&amp#27;[32m░&amp#27;[0m&amp#27;[32m░&amp#27;[0m&amp#27;[32m░&amp#27;[0m&amp#27;[32m░&amp#27;[0m&amp#27;[32m░&amp#27;[0m&amp#27;[32m▒&amp#27;[0m&amp#27;[32m░&amp#27;[0m&amp#27;[32m░&amp#27;[0m&amp#27;[32m░&amp#27;[0m&amp#27;[32m▒&amp#27;[0m&amp#27;[32m░&amp#27;[0m&amp#27;[32m░&amp#27;[0m&amp#27;[32m░&amp#27;[0m&amp#27;[32m░&amp#27;[0m&amp#27;[33m▓&amp#27;[0m&amp#27;[33m▓&amp#27;[0m&amp#27;[33m▓&amp#27;[0m&amp#27;[32m▒&amp#27;[0m&amp#27;[32m░&amp#27;[0m&amp#27;[32m░&amp#27;[0m&amp#27;[32m▒&amp#27;[0m&amp#27;[32m░&amp#27;[0m&amp#27;[32m█&amp#27;[0m&amp#27;[34m▓&amp#27;[0m&amp#27;[32m▓&amp#27;[0m&amp#27;[32m▓&amp#27;[0m&amp#27;[32m▒&amp#27;[0m&amp#27;[32m▒&amp#27;[0m&amp#27;[32m▒&amp#27;[0m&amp#27;[32m▓&amp#27;[0m&amp#27;[32m▓&amp#27;[0m&amp#27;[32m▓&amp#27;[0m&amp#27;[32m▓&amp#27;[0m&amp#27;[34m▓&amp#27;[0m&amp#27;[34m▓&amp#27;[0m&amp#27;[33m▓&amp#27;[0m&amp#27;[34m▓&amp#27;[0m&amp#27;[34m▓&amp#27;[0m&amp#27;[32m░&amp#27;[0m&amp#27;[32m█&amp#27;[0m&amp#27;[32m█&amp#27;[0m&amp#27;[32m█&amp#27;[0m&amp#27;[32m▒&amp#27;[0m&amp#27;[32m█&amp#27;[0m&amp#27;[32m█&amp#27;[0m&amp#27;[32m▒&amp#27;[0m&amp#27;[32m█&amp#27;[0m&amp#27;[33m▓&amp#27;[0m&amp#27;[32m▒&amp#27;[0m&amp#27;[32m▒&amp#27;[0m&amp#27;[32m░&amp#27;[0m&amp#27;[32m░&amp#27;[0m&amp#27;[32m░&amp#27;[0m&amp#27;[32m░&amp#27;[0m&amp#27;[32m▓&amp#27;[0m&amp#27;[32m▓&amp#27;[0m&amp#27;[32m█&amp#27;[0m&amp#27;[32m█&amp#27;[0m&amp#27;[32m█&amp#27;[0m&amp#27;[32m▓&amp#27;[0m&amp#27;[32m▓&amp#27;[0m&amp#27;[32m▓&amp#27;[0m&amp#27;[32m▓&amp#27;[0m&amp#27;[32m▓&amp#27;[0m&amp#27;[32m▓&amp#27;[0m&amp#27;[34m▓&amp#27;[0m&amp#27;[32m█&amp#27;[0m&amp#27;[32m█&amp#27;[0m&amp#27;[32m█&amp#27;[0m&amp#27;[32m█&amp#27;[0m&amp#27;[32m█&amp#27;[0m&amp#27;[32m█&amp#27;[0m&amp#27;[32m█&amp#27;[0m&amp#27;[32m█&amp#27;[0m&amp#27;[32m█&amp#27;[0m&amp#27;[34m▓&amp#27;[0m&amp#27;[32m█&amp#27;[0m&amp#27;[34m▓&amp#27;[0m&amp#27;[34m▓&amp#27;[0m&amp#27;[32m░&amp#27;[0m&amp#27;[34m▓&amp#27;[0m&amp#27;[34m▓&amp#27;[0m&amp#27;[34m▓&amp#27;[0m&amp#27;[34m▓&amp#27;[0m&amp#27;[34m▓&amp#27;[0m&amp#27;[34m▓&amp#27;[0m&amp#27;[34m▓&amp#27;[0m&amp#27;[34m▓&amp#27;[0m&amp#27;[34m▓&amp#27;[0m&amp#27;[32m▓&amp#27;[0m&amp#27;[32m▓&amp#27;[0m&amp#27;[32m▓&amp#27;[0m&amp#27;[32m▓&amp#27;[0m&amp#27;[32m▓&amp#27;[0m&amp#27;[32m▓&amp#27;[0m&amp#27;[32m▓&amp#27;[0m&amp#27;[32m▒&amp#27;[0m&amp#27;[34m▓&amp#27;[0m&amp#27;[34m▓&amp#27;[0m&amp#27;[34m▓&amp#27;[0m&amp#27;[34m▓&amp#27;[0m&amp#27;[34m▓&amp#27;[0m&amp#27;[32m░&amp#27;[0m&amp#27;[34m▓&amp#27;[0m&amp#27;[34m▓&amp#27;[0m&amp#27;[34m▓&amp#27;[0m&amp#27;[34m▓&amp#27;[0m&amp#27;[34m▓&amp#27;[0m&amp#27;[34m▓&amp#27;[0m&amp#27;[34m▓&amp#27;[0m&amp#27;[32m░&amp#27;[0m&amp#27;[32m▒&amp#27;[0m&amp#27;[32m░&amp#27;[0m&amp#27;[32m░&amp#27;[0m&amp#27;[32m░&amp#27;[0m&amp#27;[34m▓&amp#27;[0m&amp#27;[32m▓&amp#27;[0m&amp#27;[32m▓&amp#27;[0m&amp#27;[34m▓&amp#27;[0m&amp#27;[34m▓&amp#27;[0m&amp#27;[32m░&amp#27;[0m&amp#27;[32m░&amp#27;[0m&amp#27;[32m░&amp#27;[0m&amp#27;[32m░&amp#27;[0m&amp#27;[32m░&amp#27;[0m&amp#27;[34m▓&amp#27;[0m&amp#27;[32m▓&amp#27;[0m&amp#27;[33m▓&amp#27;[0m&amp#27;[33m▓&amp#27;[0m&amp#27;[33m▓&amp#27;[0m&amp#27;[33m▓&amp#27;[0m&amp#27;[33m▓&amp#27;[0m&amp#27;[33m▓&amp#27;[0m&amp#27;[33m▓&amp#27;[0m&amp#27;[33m▓&amp#27;[0m&amp#27;[33m▓&amp#27;[0m&amp#27;[33m▓&amp#27;[0m&amp#27;[33m▓&amp#27;[0m&amp#27;[33m▓&amp#27;[0m&amp#27;[33m▓&amp#27;[0m&amp#27;[33m▓&amp#27;[0m&amp#27;[32m▓&amp#27;[0m&amp#27;[32m▓&amp#27;[0m&amp#27;[32m▓&amp#27;[0m&amp#27;[32m▓&amp#27;[0m&amp#27;[32m▓&amp#27;[0m&amp#27;[32m▓&amp#27;[0m&amp#27;[32m▓&amp#27;[0m&amp#27;[32m▓&amp#27;[0m&amp#27;[32m▓&amp#27;[0m&amp#27;[32m▓&amp#27;[0m&amp#27;[32m▓&amp#27;[0m&amp#27;[32m▓&amp#27;[0m&amp#27;[32m▓&amp#27;[0m&amp#27;[33m▓&amp#27;[0m&amp#27;[33m▓&amp#27;[0m&amp#27;[33m▓&amp#27;[0m&amp#27;[33m▓&amp#27;[0m&amp#27;[33m▓&amp#27;[0m&amp#27;[33m▓&amp#27;[0m&amp#27;[33m▓&amp#27;[0m&amp#27;[33m▓&amp#27;[0m&amp#27;[33m▓&amp#27;[0m&amp#27;[33m▓&amp#27;[0m&amp#27;[33m▓&amp#27;[0m&amp#27;[33m▓&amp#27;[0m&amp#27;[34m▓&amp#27;[0m&amp#27;[32m░&amp#27;[0m&amp#27;[32m░&amp#27;[0m&amp#27;[32m░&amp#27;[0m&amp#27;[32m█&amp#27;[0m&amp#27;[32m█&amp#27;[0m&amp#27;[32m█&amp#27;[0m&amp#27;[32m▒&amp#27;[0m&amp#27;[32m█&amp#27;[0m&amp#27;[32m▒&amp#27;[0m&amp#27;[32m█&amp#27;[0m&amp#27;[32m█&amp#27;[0m&amp#27;[32m█&amp#27;[0m&amp#27;[32m█&amp#27;[0m&amp#27;[32m█&amp#27;[0m&amp#27;[32m█&amp#27;[0m&amp#27;[32m█&amp#27;[0m&amp#27;[32m█&amp#27;[0m&amp#27;[32m█&amp#27;[0m&amp#27;[32m█&amp#27;[0m&amp#27;[34m▓&amp#27;[0m
&amp#27;[33m▓&amp#27;[0m&amp#27;[32m▓&amp#27;[0m&amp#27;[32m▓&amp#27;[0m&amp#27;[32m▓&amp#27;[0m&amp#27;[33m▓&amp#27;[0m&amp#27;[33m▓&amp#27;[0m&amp#27;[33m▓&amp#27;[0m&amp#27;[34m▓&amp#27;[0m&amp#27;[33m▓&amp#27;[0m&amp#27;[34m▓&amp#27;[0m&amp#27;[33m▓&amp#27;[0m&amp#27;[33m▓&amp#27;[0m&amp#27;[33m▓&amp#27;[0m&amp#27;[33m▓&amp#27;[0m&amp#27;[33m▓&amp#27;[0m&amp#27;[33m▓&amp#27;[0m&amp#27;[32m▓&amp#27;[0m&amp#27;[32m▓&amp#27;[0m&amp#27;[32m▓&amp#27;[0m&amp#27;[32m▓&amp#27;[0m&amp#27;[32m▓&amp#27;[0m&amp#27;[32m▓&amp#27;[0m&amp#27;[32m▓&amp#27;[0m&amp#27;[32m▓&amp#27;[0m&amp#27;[32m▓&amp#27;[0m&amp#27;[32m▓&amp#27;[0m&amp#27;[32m░&amp#27;[0m&amp#27;[32m░&amp#27;[0m&amp#27;[32m▓&amp#27;[0m&amp#27;[32m▓&amp#27;[0m&amp#27;[33m▓&amp#27;[0m&amp#27;[32m▓&amp#27;[0m&amp#27;[32m▓&amp#27;[0m&amp#27;[32m▓&amp#27;[0m&amp#27;[33m▓&amp#27;[0m&amp#27;[32m▓&amp#27;[0m&amp#27;[32m▓&amp#27;[0m&amp#27;[32m▓&amp#27;[0m&amp#27;[32m▓&amp#27;[0m&amp#27;[32m▓&amp#27;[0m&amp#27;[32m▓&amp#27;[0m&amp#27;[32m▓&amp#27;[0m&amp#27;[32m▓&amp#27;[0m&amp#27;[32m▓&amp#27;[0m&amp#27;[32m▓&amp#27;[0m&amp#27;[32m▓&amp#27;[0m&amp#27;[32m▓&amp#27;[0m&amp#27;[32m▓&amp#27;[0m&amp#27;[32m▓&amp#27;[0m&amp#27;[33m▓&amp#27;[0m&amp#27;[32m▓&amp#27;[0m&amp#27;[32m▒&amp#27;[0m&amp#27;[32m▓&amp#27;[0m&amp#27;[33m▓&amp#27;[0m&amp#27;[34m▓&amp#27;[0m&amp#27;[34m▓&amp#27;[0m&amp#27;[32m▒&amp#27;[0m&amp#27;[34m▓&amp#27;[0m&amp#27;[32m▒&amp#27;[0m&amp#27;[32m░&amp#27;[0m&amp#27;[32m▒&amp#27;[0m&amp#27;[32m▒&amp#27;[0m&amp#27;[32m▒&amp#27;[0m&amp#27;[32m░&amp#27;[0m&amp#27;[32m░&amp#27;[0m&amp#27;[32m░&amp#27;[0m&amp#27;[32m█&amp#27;[0m&amp#27;[32m░&amp#27;[0m&amp#27;[32m░&amp#27;[0m&amp#27;[32m░&amp#27;[0m&amp#27;[32m░&amp#27;[0m&amp#27;[32m▒&amp#27;[0m&amp#27;[32m░&amp#27;[0m&amp#27;[32m▒&amp#27;[0m&amp#27;[32m░&amp#27;[0m&amp#27;[34m▓&amp#27;[0m&amp#27;[32m░&amp#27;[0m&amp#27;[34m▓&amp#27;[0m&amp#27;[34m▓&amp#27;[0m&amp#27;[34m▓&amp#27;[0m&amp#27;[32m▒&amp#27;[0m&amp#27;[32m▒&amp#27;[0m&amp#27;[34m▓&amp#27;[0m&amp#27;[34m▓&amp#27;[0m&amp#27;[34m▓&amp#27;[0m&amp#27;[32m▒&amp#27;[0m&amp#27;[33m▓&amp#27;[0m&amp#27;[33m▓&amp#27;[0m&amp#27;[33m▓&amp#27;[0m&amp#27;[33m▓&amp#27;[0m&amp#27;[33m▓&amp#27;[0m&amp#27;[33m▓&amp#27;[0m&amp#27;[33m▓&amp#27;[0m&amp#27;[33m▓&amp#27;[0m&amp#27;[32m▒&amp#27;[0m&amp#27;[32m▒&amp#27;[0m&amp#27;[33m▓&amp#27;[0m&amp#27;[33m▓&amp#27;[0m&amp#27;[34m▓&amp#27;[0m&amp#27;[34m▓&amp#27;[0m&amp#27;[34m▓&amp#27;[0m&amp#27;[34m▓&amp#27;[0m&amp#27;[33m▓&amp#27;[0m&amp#27;[32m▒&amp#27;[0m&amp#27;[32m░&amp#27;[0m&amp#27;[32m░&amp#27;[0m&amp#27;[32m░&amp#27;[0m&amp#27;[32m▒&amp#27;[0m&amp#27;[32m░&amp#27;[0m&amp#27;[32m░&amp#27;[0m&amp#27;[32m░&amp#27;[0m&amp#27;[32m▒&amp#27;[0m&amp#27;[32m░&amp#27;[0m&amp#27;[32m░&amp#27;[0m&amp#27;[32m▒&amp#27;[0m&amp#27;[32m▒&amp#27;[0m&amp#27;[32m░&amp#27;[0m&amp#27;[33m▓&amp#27;[0m&amp#27;[32m▒&amp#27;[0m&amp#27;[32m▒&amp#27;[0m&amp#27;[32m░&amp#27;[0m&amp#27;[33m▓&amp#27;[0m&amp#27;[32m░&amp#27;[0m&amp#27;[32m░&amp#27;[0m&amp#27;[32m░&amp#27;[0m&amp#27;[32m░&amp#27;[0m&amp#27;[32m░&amp#27;[0m&amp#27;[32m░&amp#27;[0m&amp#27;[33m▓&amp#27;[0m&amp#27;[33m▓&amp#27;[0m&amp#27;[33m▓&amp#27;[0m&amp#27;[33m▓&amp#27;[0m&amp#27;[33m▓&amp#27;[0m&amp#27;[33m▓&amp#27;[0m&amp#27;[33m▓&amp#27;[0m&amp#27;[32m█&amp#27;[0m&amp#27;[32m█&amp#27;[0m&amp#27;[32m▒&amp#27;[0m&amp#27;[34m▓&amp#27;[0m&amp#27;[32m▓&amp#27;[0m&amp#27;[32m▓&amp#27;[0m&amp#27;[32m▓&amp#27;[0m&amp#27;[32m▓&amp#27;[0m&amp#27;[32m▓&amp#27;[0m&amp#27;[34m▓&amp#27;[0m&amp#27;[34m▓&amp#27;[0m&amp#27;[34m▓&amp#27;[0m&amp#27;[34m▓&amp#27;[0m&amp#27;[32m▓&amp#27;[0m&amp#27;[34m▓&amp#27;[0m&amp#27;[32m█&amp#27;[0m&amp#27;[32m█&amp#27;[0m&amp#27;[32m█&amp#27;[0m&amp#27;[32m▒&amp#27;[0m&amp#27;[32m█&amp#27;[0m&amp#27;[32m█&amp#27;[0m&amp#27;[32m█&amp#27;[0m&amp#27;[32m█&amp#27;[0m&amp#27;[33m▓&amp#27;[0m&amp#27;[32m█&amp#27;[0m&amp#27;[32m█&amp#27;[0m&amp#27;[32m█&amp#27;[0m&amp#27;[32m█&amp#27;[0m&amp#27;[32m█&amp#27;[0m&amp#27;[32m░&amp#27;[0m&amp#27;[32m░&amp#27;[0m&amp#27;[32m▒&amp#27;[0m&amp#27;[32m░&amp#27;[0m&amp#27;[32m█&amp#27;[0m&amp#27;[32m█&amp#27;[0m&amp#27;[32m▒&amp#27;[0m&amp#27;[32m▓&amp#27;[0m&amp#27;[32m▓&amp#27;[0m&amp#27;[32m▒&amp#27;[0m&amp#27;[32m▒&amp#27;[0m&amp#27;[32m▒&amp#27;[0m&amp#27;[32m▒&amp#27;[0m&amp#27;[32m▒&amp#27;[0m&amp#27;[34m▓&amp#27;[0m&amp#27;[32m▒&amp#27;[0m&amp#27;[32m█&amp#27;[0m&amp#27;[32m█&amp#27;[0m&amp#27;[32m█&amp#27;[0m&amp#27;[32m█&amp#27;[0m&amp#27;[32m█&amp#27;[0m&amp#27;[32m▒&amp#27;[0m&amp#27;[32m█&amp#27;[0m&amp#27;[32m▒&amp#27;[0m&amp#27;[32m█&amp#27;[0m&amp#27;[34m▓&amp#27;[0m&amp#27;[34m▓&amp#27;[0m&amp#27;[34m▓&amp#27;[0m&amp#27;[34m▓&amp#27;[0m&amp#27;[34m▓&amp#27;[0m&amp#27;[33m▓&amp#27;[0m&amp#27;[33m▓&amp#27;[0m&amp#27;[33m▓&amp#27;[0m&amp#27;[32m░&amp#27;[0m&amp#27;[32m░&amp#27;[0m&amp#27;[32m░&amp#27;[0m&amp#27;[32m▒&amp#27;[0m&amp#27;[32m▓&amp#27;[0m&amp#27;[32m▓&amp#27;[0m&amp#27;[32m▓&amp#27;[0m&amp#27;[32m▓&amp#27;[0m&amp#27;[32m▓&amp#27;[0m&amp#27;[32m▓&amp#27;[0m&amp#27;[32m▓&amp#27;[0m&amp#27;[32m▓&amp#27;[0m&amp#27;[32m▓&amp#27;[0m&amp#27;[34m▓&amp#27;[0m&amp#27;[34m▓&amp#27;[0m&amp#27;[34m▓&amp#27;[0m&amp#27;[34m▓&amp#27;[0m&amp#27;[34m▓&amp#27;[0m&amp#27;[32m▓&amp#27;[0m&amp#27;[34m▓&amp#27;[0m&amp#27;[32m▒&amp#27;[0m&amp#27;[34m▓&amp#27;[0m&amp#27;[34m▓&amp#27;[0m&amp#27;[34m▓&amp#27;[0m&amp#27;[34m▓&amp#27;[0m&amp#27;[32m░&amp#27;[0m&amp#27;[32m░&amp#27;[0m&amp#27;[32m░&amp#27;[0m&amp#27;[33m▓&amp#27;[0m&amp#27;[32m░&amp#27;[0m&amp#27;[32m▒&amp#27;[0m&amp#27;[34m▓&amp#27;[0m&amp#27;[32m░&amp#27;[0m&amp#27;[32m░&amp#27;[0m&amp#27;[32m░&amp#27;[0m&amp#27;[34m▓&amp#27;[0m&amp#27;[32m░&amp#27;[0m&amp#27;[32m░&amp#27;[0m&amp#27;[32m░&amp#27;[0m&amp#27;[32m░&amp#27;[0m&amp#27;[32m░&amp#27;[0m&amp#27;[32m▒&amp#27;[0m&amp#27;[33m▓&amp#27;[0m&amp#27;[33m▓&amp#27;[0m&amp#27;[33m▓&amp#27;[0m&amp#27;[33m▓&amp#27;[0m&amp#27;[33m▓&amp#27;[0m&amp#27;[33m▓&amp#27;[0m&amp#27;[33m▓&amp#27;[0m&amp#27;[33m▓&amp#27;[0m&amp#27;[33m▓&amp#27;[0m&amp#27;[33m▓&amp#27;[0m&amp#27;[33m▓&amp#27;[0m&amp#27;[33m▓&amp#27;[0m&amp#27;[33m▓&amp#27;[0m&amp#27;[33m▓&amp#27;[0m&amp#27;[33m▓&amp#27;[0m&amp#27;[33m▓&amp#27;[0m&amp#27;[32m▓&amp#27;[0m&amp#27;[32m▓&amp#27;[0m&amp#27;[32m▓&amp#27;[0m&amp#27;[32m▓&amp#27;[0m&amp#27;[32m▓&amp#27;[0m&amp#27;[32m▓&amp#27;[0m&amp#27;[32m▓&amp#27;[0m&amp#27;[32m▓&amp#27;[0m&amp#27;[32m▓&amp#27;[0m&amp#27;[32m▓&amp#27;[0m&amp#27;[32m▓&amp#27;[0m&amp#27;[32m▓&amp#27;[0m&amp#27;[33m▓&amp#27;[0m&amp#27;[33m▓&amp#27;[0m&amp#27;[33m▓&amp#27;[0m&amp#27;[33m▓&amp#27;[0m&amp#27;[33m▓&amp#27;[0m&amp#27;[33m▓&amp#27;[0m&amp#27;[33m▓&amp#27;[0m&amp#27;[33m▓&amp#27;[0m&amp#27;[33m▓&amp#27;[0m&amp#27;[33m▓&amp#27;[0m&amp#27;[33m▓&amp#27;[0m&amp#27;[34m▓&amp#27;[0m&amp#27;[34m▓&amp#27;[0m&amp#27;[34m▓&amp#27;[0m&amp#27;[32m░&amp#27;[0m&amp#27;[32m█&amp#27;[0m&amp#27;[32m█&amp#27;[0m&amp#27;[32m█&amp#27;[0m&amp#27;[32m█&amp#27;[0m&amp#27;[32m█&amp#27;[0m&amp#27;[32m█&amp#27;[0m&amp#27;[32m█&amp#27;[0m&amp#27;[32m█&amp#27;[0m&amp#27;[32m█&amp#27;[0m&amp#27;[32m█&amp#27;[0m&amp#27;[32m█&amp#27;[0m&amp#27;[32m█&amp#27;[0m&amp#27;[32m█&amp#27;[0m&amp#27;[32m█&amp#27;[0m&amp#27;[32m█&amp#27;[0m&amp#27;[32m█&amp#27;[0m&amp#27;[32m█&amp#27;[0m&amp#27;[34m▓&amp#27;[0m
&amp#27;[33m▓&amp#27;[0m&amp#27;[33m▓&amp#27;[0m&amp#27;[34m▓&amp#27;[0m&amp#27;[33m▓&amp#27;[0m&amp#27;[33m▓&amp#27;[0m&amp#27;[33m▓&amp#27;[0m&amp#27;[33m▓&amp#27;[0m&amp#27;[33m▓&amp#27;[0m&amp#27;[34m▓&amp#27;[0m&amp#27;[33m▓&amp#27;[0m&amp#27;[33m▓&amp#27;[0m&amp#27;[33m▓&amp#27;[0m&amp#27;[33m▓&amp#27;[0m&amp#27;[33m▓&amp#27;[0m&amp#27;[33m▓&amp#27;[0m&amp#27;[33m▓&amp#27;[0m&amp#27;[33m▓&amp#27;[0m&amp#27;[32m▓&amp#27;[0m&amp#27;[33m▓&amp#27;[0m&amp#27;[32m▓&amp#27;[0m&amp#27;[33m▓&amp#27;[0m&amp#27;[32m▓&amp#27;[0m&amp#27;[32m▓&amp#27;[0m&amp#27;[33m▓&amp#27;[0m&amp#27;[32m▓&amp#27;[0m&amp#27;[32m▓&amp#27;[0m&amp#27;[32m▓&amp#27;[0m&amp#27;[32m░&amp#27;[0m&amp#27;[32m▓&amp#27;[0m&amp#27;[32m▓&amp#27;[0m&amp#27;[33m▓&amp#27;[0m&amp#27;[32m▓&amp#27;[0m&amp#27;[32m▓&amp#27;[0m&amp#27;[32m▓&amp#27;[0m&amp#27;[33m▓&amp#27;[0m&amp#27;[33m▓&amp#27;[0m&amp#27;[33m▓&amp#27;[0m&amp#27;[32m▓&amp#27;[0m&amp#27;[32m▓&amp#27;[0m&amp#27;[32m▓&amp#27;[0m&amp#27;[33m▓&amp#27;[0m&amp#27;[33m▓&amp#27;[0m&amp#27;[32m▓&amp#27;[0m&amp#27;[32m▓&amp#27;[0m&amp#27;[32m▓&amp#27;[0m&amp#27;[32m▓&amp#27;[0m&amp#27;[32m▓&amp#27;[0m&amp#27;[32m▓&amp#27;[0m&amp#27;[32m█&amp#27;[0m&amp#27;[33m▓&amp#27;[0m&amp#27;[32m▓&amp#27;[0m&amp#27;[32m▓&amp#27;[0m&amp#27;[32m▒&amp#27;[0m&amp#27;[33m▓&amp#27;[0m&amp#27;[32m░&amp#27;[0m&amp#27;[32m░&amp#27;[0m&amp#27;[32m▒&amp#27;[0m&amp#27;[34m▓&amp#27;[0m&amp#27;[34m▓&amp#27;[0m&amp#27;[32m░&amp#27;[0m&amp#27;[32m░&amp#27;[0m&amp#27;[32m░&amp#27;[0m&amp#27;[32m▒&amp#27;[0m&amp#27;[32m▒&amp#27;[0m&amp#27;[32m░&amp#27;[0m&amp#27;[32m▒&amp#27;[0m&amp#27;[32m░&amp#27;[0m&amp#27;[32m▒&amp#27;[0m&amp#27;[32m░&amp#27;[0m&amp#27;[32m░&amp#27;[0m&amp#27;[32m░&amp#27;[0m&amp#27;[32m▒&amp#27;[0m&amp#27;[32m▓&amp#27;[0m&amp#27;[32m▒&amp#27;[0m&amp#27;[34m▓&amp#27;[0m&amp#27;[34m▓&amp#27;[0m&amp#27;[32m▒&amp#27;[0m&amp#27;[34m▓&amp#27;[0m&amp#27;[34m▓&amp#27;[0m&amp#27;[34m▓&amp#27;[0m&amp#27;[34m▓&amp#27;[0m&amp#27;[34m▓&amp#27;[0m&amp#27;[34m▓&amp#27;[0m&amp#27;[32m▒&amp#27;[0m&amp#27;[34m▓&amp#27;[0m&amp#27;[33m▓&amp#27;[0m&amp#27;[33m▓&amp#27;[0m&amp#27;[33m▓&amp#27;[0m&amp#27;[33m▓&amp#27;[0m&amp#27;[33m▓&amp#27;[0m&amp#27;[33m▓&amp#27;[0m&amp#27;[32m▒&amp#27;[0m&amp#27;[32m▒&amp#27;[0m&amp#27;[33m▓&amp#27;[0m&amp#27;[33m▓&amp#27;[0m&amp#27;[33m▓&amp#27;[0m&amp#27;[33m▓&amp#27;[0m&amp#27;[32m▒&amp#27;[0m&amp#27;[32m▒&amp#27;[0m&amp#27;[34m▓&amp#27;[0m&amp#27;[34m▓&amp#27;[0m&amp#27;[32m▒&amp#27;[0m&amp#27;[33m▓&amp#27;[0m&amp#27;[32m▒&amp#27;[0m&amp#27;[32m░&amp#27;[0m&amp#27;[32m░&amp#27;[0m&amp#27;[32m░&amp#27;[0m&amp#27;[32m▒&amp#27;[0m&amp#27;[34m▓&amp#27;[0m&amp#27;[32m░&amp#27;[0m&amp#27;[32m░&amp#27;[0m&amp#27;[32m▒&amp#27;[0m&amp#27;[32m▒&amp#27;[0m&amp#27;[32m░&amp#27;[0m&amp#27;[32m░&amp#27;[0m&amp#27;[32m▒&amp#27;[0m&amp#27;[32m░&amp#27;[0m&amp#27;[32m░&amp#27;[0m&amp#27;[32m░&amp#27;[0m&amp#27;[32m░&amp#27;[0m&amp#27;[32m░&amp#27;[0m&amp#27;[32m░&amp#27;[0m&amp#27;[32m░&amp#27;[0m&amp#27;[32m░&amp#27;[0m&amp#27;[33m▓&amp#27;[0m&amp#27;[33m▓&amp#27;[0m&amp#27;[33m▓&amp#27;[0m&amp#27;[32m▒&amp#27;[0m&amp#27;[33m▓&amp#27;[0m&amp#27;[33m▓&amp#27;[0m&amp#27;[33m▓&amp#27;[0m&amp#27;[33m▓&amp#27;[0m&amp#27;[32m▒&amp#27;[0m&amp#27;[33m▓&amp#27;[0m&amp#27;[33m▓&amp#27;[0m&amp#27;[33m▓&amp#27;[0m&amp#27;[33m▓&amp#27;[0m&amp#27;[33m▓&amp#27;[0m&amp#27;[34m▓&amp#27;[0m&amp#27;[32m░&amp#27;[0m&amp#27;[32m░&amp#27;[0m&amp#27;[32m░&amp#27;[0m&amp#27;[34m▓&amp#27;[0m&amp#27;[34m▓&amp#27;[0m&amp#27;[34m▓&amp#27;[0m&amp#27;[34m▓&amp#27;[0m&amp#27;[32m░&amp#27;[0m&amp#27;[32m░&amp#27;[0m&amp#27;[34m▓&amp#27;[0m&amp#27;[32m█&amp#27;[0m&amp#27;[32m█&amp#27;[0m&amp#27;[32m█&amp#27;[0m&amp#27;[32m█&amp#27;[0m&amp#27;[32m█&amp#27;[0m&amp#27;[32m█&amp#27;[0m&amp#27;[32m█&amp#27;[0m&amp#27;[32m█&amp#27;[0m&amp#27;[32m█&amp#27;[0m&amp#27;[32m█&amp#27;[0m&amp#27;[32m█&amp#27;[0m&amp#27;[32m█&amp#27;[0m&amp#27;[32m█&amp#27;[0m&amp#27;[32m▒&amp#27;[0m&amp#27;[32m█&amp#27;[0m&amp#27;[32m█&amp#27;[0m&amp#27;[32m░&amp#27;[0m&amp#27;[32m░&amp#27;[0m&amp#27;[32m░&amp#27;[0m&amp#27;[32m█&amp#27;[0m&amp#27;[32m▓&amp#27;[0m&amp#27;[32m▓&amp#27;[0m&amp#27;[32m▓&amp#27;[0m&amp#27;[32m▓&amp#27;[0m&amp#27;[32m▓&amp#27;[0m&amp#27;[32m▓&amp#27;[0m&amp#27;[32m▓&amp#27;[0m&amp#27;[32m▓&amp#27;[0m&amp#27;[32m░&amp#27;[0m&amp#27;[34m▓&amp#27;[0m&amp#27;[33m▓&amp#27;[0m&amp#27;[32m█&amp#27;[0m&amp#27;[32m█&amp#27;[0m&amp#27;[32m█&amp#27;[0m&amp#27;[32m█&amp#27;[0m&amp#27;[32m█&amp#27;[0m&amp#27;[32m█&amp#27;[0m&amp#27;[32m█&amp#27;[0m&amp#27;[32m█&amp#27;[0m&amp#27;[32m█&amp#27;[0m&amp#27;[32m▒&amp#27;[0m&amp#27;[34m▓&amp#27;[0m&amp#27;[32m░&amp#27;[0m&amp#27;[32m░&amp#27;[0m&amp#27;[32m░&amp#27;[0m&amp#27;[32m▒&amp#27;[0m&amp#27;[33m▓&amp#27;[0m&amp#27;[33m▓&amp#27;[0m&amp#27;[33m▓&amp#27;[0m&amp#27;[32m▒&amp#27;[0m&amp#27;[32m░&amp#27;[0m&amp#27;[32m░&amp#27;[0m&amp#27;[32m▓&amp#27;[0m&amp#27;[32m▓&amp#27;[0m&amp#27;[32m▓&amp#27;[0m&amp#27;[32m▒&amp#27;[0m&amp#27;[32m▓&amp#27;[0m&amp#27;[33m▓&amp#27;[0m&amp#27;[32m▓&amp#27;[0m&amp#27;[32m▓&amp#27;[0m&amp#27;[32m▒&amp#27;[0m&amp#27;[34m▓&amp#27;[0m&amp#27;[34m▓&amp#27;[0m&amp#27;[34m▓&amp#27;[0m&amp#27;[34m▓&amp#27;[0m&amp#27;[34m▓&amp#27;[0m&amp#27;[32m░&amp#27;[0m&amp#27;[32m▓&amp#27;[0m&amp#27;[32m▓&amp#27;[0m&amp#27;[32m▓&amp#27;[0m&amp#27;[32m░&amp#27;[0m&amp#27;[32m▒&amp#27;[0m&amp#27;[34m▓&amp#27;[0m&amp#27;[34m▓&amp#27;[0m&amp#27;[32m░&amp#27;[0m&amp#27;[34m▓&amp#27;[0m&amp#27;[32m▒&amp#27;[0m&amp#27;[34m▓&amp#27;[0m&amp#27;[34m▓&amp#27;[0m&amp#27;[34m▓&amp#27;[0m&amp#27;[32m▒&amp#27;[0m&amp#27;[32m░&amp#27;[0m&amp#27;[32m░&amp#27;[0m&amp#27;[32m░&amp#27;[0m&amp#27;[34m▓&amp#27;[0m&amp#27;[32m░&amp#27;[0m&amp#27;[32m░&amp#27;[0m&amp#27;[32m░&amp#27;[0m&amp#27;[34m▓&amp#27;[0m&amp#27;[34m▓&amp#27;[0m&amp#27;[33m▓&amp#27;[0m&amp#27;[33m▓&amp#27;[0m&amp#27;[33m▓&amp#27;[0m&amp#27;[33m▓&amp#27;[0m&amp#27;[33m▓&amp#27;[0m&amp#27;[33m▓&amp#27;[0m&amp#27;[33m▓&amp#27;[0m&amp#27;[33m▓&amp#27;[0m&amp#27;[33m▓&amp#27;[0m&amp#27;[33m▓&amp#27;[0m&amp#27;[33m▓&amp#27;[0m&amp#27;[33m▓&amp#27;[0m&amp#27;[33m▓&amp#27;[0m&amp#27;[33m▓&amp#27;[0m&amp#27;[33m▓&amp#27;[0m&amp#27;[33m▓&amp#27;[0m&amp#27;[33m▓&amp#27;[0m&amp#27;[32m▓&amp#27;[0m&amp#27;[32m▓&amp#27;[0m&amp#27;[32m▓&amp#27;[0m&amp#27;[32m▓&amp#27;[0m&amp#27;[32m▓&amp#27;[0m&amp#27;[32m▓&amp#27;[0m&amp#27;[32m▓&amp#27;[0m&amp#27;[32m▓&amp#27;[0m&amp#27;[32m▓&amp#27;[0m&amp#27;[32m▓&amp#27;[0m&amp#27;[32m▓&amp#27;[0m&amp#27;[32m▓&amp#27;[0m&amp#27;[33m▓&amp#27;[0m&amp#27;[33m▓&amp#27;[0m&amp#27;[33m▓&amp#27;[0m&amp#27;[33m▓&amp#27;[0m&amp#27;[33m▓&amp#27;[0m&amp#27;[33m▓&amp#27;[0m&amp#27;[33m▓&amp#27;[0m&amp#27;[33m▓&amp#27;[0m&amp#27;[33m▓&amp#27;[0m&amp#27;[33m▓&amp#27;[0m&amp#27;[34m▓&amp#27;[0m&amp#27;[34m▓&amp#27;[0m&amp#27;[34m▓&amp#27;[0m&amp#27;[34m▓&amp#27;[0m&amp#27;[32m█&amp#27;[0m&amp#27;[32m█&amp#27;[0m&amp#27;[32m█&amp#27;[0m&amp#27;[32m█&amp#27;[0m&amp#27;[32m█&amp#27;[0m&amp#27;[32m█&amp#27;[0m&amp#27;[32m█&amp#27;[0m&amp#27;[32m█&amp#27;[0m&amp#27;[32m█&amp#27;[0m&amp#27;[32m█&amp#27;[0m&amp#27;[32m█&amp#27;[0m&amp#27;[32m█&amp#27;[0m&amp#27;[32m█&amp#27;[0m&amp#27;[32m█&amp#27;[0m&amp#27;[32m█&amp#27;[0m&amp#27;[32m█&amp#27;[0m&amp#27;[32m█&amp#27;[0m&amp#27;[34m▓&amp#27;[0m
&amp#27;[32m█&amp#27;[0m&amp#27;[33m▓&amp#27;[0m&amp#27;[33m▓&amp#27;[0m&amp#27;[33m▓&amp#27;[0m&amp#27;[33m▓&amp#27;[0m&amp#27;[33m▓&amp#27;[0m&amp#27;[33m▓&amp#27;[0m&amp#27;[33m▓&amp#27;[0m&amp#27;[33m▓&amp#27;[0m&amp#27;[33m▓&amp#27;[0m&amp#27;[33m▓&amp#27;[0m&amp#27;[33m▓&amp#27;[0m&amp#27;[33m▓&amp#27;[0m&amp#27;[33m▓&amp#27;[0m&amp#27;[33m▓&amp#27;[0m&amp#27;[33m▓&amp#27;[0m&amp#27;[33m▓&amp#27;[0m&amp#27;[32m▓&amp#27;[0m&amp#27;[32m▓&amp#27;[0m&amp#27;[32m▓&amp#27;[0m&amp#27;[32m▓&amp#27;[0m&amp#27;[33m▓&amp#27;[0m&amp#27;[32m▓&amp#27;[0m&amp#27;[33m▓&amp#27;[0m&amp#27;[33m▓&amp#27;[0m&amp#27;[33m▓&amp#27;[0m&amp#27;[33m▓&amp#27;[0m&amp#27;[33m▓&amp#27;[0m&amp#27;[32m▓&amp#27;[0m&amp#27;[32m▓&amp#27;[0m&amp#27;[33m▓&amp#27;[0m&amp#27;[32m▓&amp#27;[0m&amp#27;[32m▓&amp#27;[0m&amp#27;[32m▓&amp#27;[0m&amp#27;[32m▓&amp#27;[0m&amp#27;[32m▓&amp#27;[0m&amp#27;[33m▓&amp#27;[0m&amp#27;[33m▓&amp#27;[0m&amp#27;[32m▓&amp#27;[0m&amp#27;[32m▓&amp#27;[0m&amp#27;[32m▓&amp#27;[0m&amp#27;[32m▓&amp#27;[0m&amp#27;[32m▓&amp#27;[0m&amp#27;[33m▓&amp#27;[0m&amp#27;[32m▓&amp#27;[0m&amp#27;[33m▓&amp#27;[0m&amp#27;[32m▓&amp#27;[0m&amp#27;[32m▓&amp#27;[0m&amp#27;[32m▓&amp#27;[0m&amp#27;[32m▓&amp#27;[0m&amp#27;[32m▓&amp#27;[0m&amp#27;[32m▓&amp#27;[0m&amp#27;[32m▓&amp#27;[0m&amp#27;[32m░&amp#27;[0m&amp#27;[32m░&amp#27;[0m&amp#27;[32m░&amp#27;[0m&amp#27;[32m░&amp#27;[0m&amp#27;[34m▓&amp#27;[0m&amp#27;[32m░&amp#27;[0m&amp#27;[32m░&amp#27;[0m&amp#27;[32m░&amp#27;[0m&amp#27;[32m░&amp#27;[0m&amp#27;[32m░&amp#27;[0m&amp#27;[32m▒&amp#27;[0m&amp#27;[32m░&amp#27;[0m&amp#27;[32m░&amp#27;[0m&amp#27;[32m█&amp#27;[0m&amp#27;[32m▒&amp#27;[0m&amp#27;[32m▒&amp#27;[0m&amp#27;[32m█&amp#27;[0m&amp#27;[32m░&amp#27;[0m&amp#27;[32m▓&amp#27;[0m&amp#27;[32m▓&amp#27;[0m&amp#27;[32m▒&amp#27;[0m&amp#27;[34m▓&amp#27;[0m&amp#27;[32m█&amp#27;[0m&amp#27;[32m▒&amp#27;[0m&amp#27;[32m▒&amp#27;[0m&amp#27;[32m▓&amp#27;[0m&amp#27;[34m▓&amp#27;[0m&amp#27;[32m▒&amp#27;[0m&amp#27;[32m▒&amp#27;[0m&amp#27;[34m▓&amp#27;[0m&amp#27;[34m▓&amp#27;[0m&amp#27;[32m▒&amp#27;[0m&amp#27;[33m▓&amp#27;[0m&amp#27;[33m▓&amp#27;[0m&amp#27;[33m▓&amp#27;[0m&amp#27;[33m▓&amp#27;[0m&amp#27;[33m▓&amp#27;[0m&amp#27;[33m▓&amp#27;[0m&amp#27;[33m▓&amp#27;[0m&amp#27;[33m▓&amp#27;[0m&amp#27;[33m▓&amp#27;[0m&amp#27;[32m▒&amp#27;[0m&amp#27;[33m▓&amp#27;[0m&amp#27;[33m▓&amp#27;[0m&amp#27;[33m▓&amp#27;[0m&amp#27;[32m▒&amp#27;[0m&amp#27;[32m▒&amp#27;[0m&amp#27;[33m▓&amp#27;[0m&amp#27;[33m▓&amp#27;[0m&amp#27;[33m▓&amp#27;[0m&amp#27;[33m▓&amp#27;[0m&amp#27;[33m▓&amp#27;[0m&amp#27;[34m▓&amp#27;[0m&amp#27;[32m░&amp#27;[0m&amp#27;[34m▓&amp#27;[0m&amp#27;[32m▒&amp#27;[0m&amp#27;[34m▓&amp#27;[0m&amp#27;[32m░&amp#27;[0m&amp#27;[32m░&amp#27;[0m&amp#27;[32m░&amp#27;[0m&amp#27;[32m░&amp#27;[0m&amp#27;[32m░&amp#27;[0m&amp#27;[32m░&amp#27;[0m&amp#27;[32m░&amp#27;[0m&amp#27;[32m░&amp#27;[0m&amp#27;[32m░&amp#27;[0m&amp#27;[32m░&amp#27;[0m&amp#27;[32m▒&amp#27;[0m&amp#27;[32m▒&amp#27;[0m&amp#27;[32m▒&amp#27;[0m&amp#27;[33m▓&amp#27;[0m&amp#27;[33m▓&amp#27;[0m&amp#27;[33m▓&amp#27;[0m&amp#27;[33m▓&amp#27;[0m&amp#27;[33m▓&amp#27;[0m&amp#27;[32m▒&amp#27;[0m&amp#27;[32m▒&amp#27;[0m&amp#27;[33m▓&amp#27;[0m&amp#27;[33m▓&amp#27;[0m&amp#27;[33m▓&amp#27;[0m&amp#27;[32m▒&amp#27;[0m&amp#27;[32m▒&amp#27;[0m&amp#27;[33m▓&amp#27;[0m&amp#27;[33m▓&amp#27;[0m&amp#27;[33m▓&amp#27;[0m&amp#27;[33m▓&amp#27;[0m&amp#27;[33m▓&amp#27;[0m&amp#27;[32m▒&amp#27;[0m&amp#27;[32m▒&amp#27;[0m&amp#27;[34m▓&amp#27;[0m&amp#27;[32m▒&amp#27;[0m&amp#27;[34m▓&amp#27;[0m&amp#27;[34m▓&amp#27;[0m&amp#27;[34m▓&amp#27;[0m&amp#27;[34m▓&amp#27;[0m&amp#27;[32m▒&amp#27;[0m&amp#27;[32m█&amp#27;[0m&amp#27;[32m█&amp#27;[0m&amp#27;[32m█&amp#27;[0m&amp#27;[32m█&amp#27;[0m&amp#27;[32m▒&amp#27;[0m&amp#27;[32m█&amp#27;[0m&amp#27;[32m█&amp#27;[0m&amp#27;[32m█&amp#27;[0m&amp#27;[32m█&amp#27;[0m&amp#27;[32m█&amp#27;[0m&amp#27;[32m█&amp#27;[0m&amp#27;[32m█&amp#27;[0m&amp#27;[32m█&amp#27;[0m&amp#27;[32m█&amp#27;[0m&amp#27;[32m█&amp#27;[0m&amp#27;[32m█&amp#27;[0m&amp#27;[32m░&amp#27;[0m&amp#27;[32m▒&amp#27;[0m&amp#27;[32m░&amp#27;[0m&amp#27;[32m░&amp#27;[0m&amp#27;[32m▒&amp#27;[0m&amp#27;[33m▓&amp#27;[0m&amp#27;[32m▓&amp#27;[0m&amp#27;[32m▓&amp#27;[0m&amp#27;[32m▓&amp#27;[0m&amp#27;[32m▓&amp#27;[0m&amp#27;[32m▓&amp#27;[0m&amp#27;[32m░&amp#27;[0m&amp#27;[34m▓&amp#27;[0m&amp#27;[32m█&amp#27;[0m&amp#27;[32m█&amp#27;[0m&amp#27;[32m█&amp#27;[0m&amp#27;[32m█&amp#27;[0m&amp#27;[32m▒&amp#27;[0m&amp#27;[32m█&amp#27;[0m&amp#27;[32m█&amp#27;[0m&amp#27;[32m█&amp#27;[0m&amp#27;[32m█&amp#27;[0m&amp#27;[32m▒&amp#27;[0m&amp#27;[32m█&amp#27;[0m&amp#27;[32m░&amp#27;[0m&amp#27;[32m░&amp#27;[0m&amp#27;[32m▒&amp#27;[0m&amp#27;[32m░&amp#27;[0m&amp#27;[32m░&amp#27;[0m&amp#27;[33m▓&amp#27;[0m&amp#27;[33m▓&amp#27;[0m&amp#27;[33m▓&amp#27;[0m&amp#27;[32m░&amp#27;[0m&amp#27;[32m░&amp#27;[0m&amp#27;[32m░&amp#27;[0m&amp#27;[32m▒&amp#27;[0m&amp#27;[32m▓&amp#27;[0m&amp#27;[32m▓&amp#27;[0m&amp#27;[32m▓&amp#27;[0m&amp#27;[32m▓&amp#27;[0m&amp#27;[32m▓&amp#27;[0m&amp#27;[32m▓&amp#27;[0m&amp#27;[32m▒&amp#27;[0m&amp#27;[32m▓&amp#27;[0m&amp#27;[32m▓&amp#27;[0m&amp#27;[32m▒&amp#27;[0m&amp#27;[34m▓&amp#27;[0m&amp#27;[34m▓&amp#27;[0m&amp#27;[34m▓&amp#27;[0m&amp#27;[34m▓&amp#27;[0m&amp#27;[32m▓&amp#27;[0m&amp#27;[32m▓&amp#27;[0m&amp#27;[32m▓&amp#27;[0m&amp#27;[32m▒&amp#27;[0m&amp#27;[32m▓&amp#27;[0m&amp#27;[34m▓&amp#27;[0m&amp#27;[32m░&amp#27;[0m&amp#27;[34m▓&amp#27;[0m&amp#27;[34m▓&amp#27;[0m&amp#27;[34m▓&amp#27;[0m&amp#27;[34m▓&amp#27;[0m&amp#27;[32m▒&amp#27;[0m&amp#27;[34m▓&amp#27;[0m&amp#27;[34m▓&amp#27;[0m&amp#27;[34m▓&amp#27;[0m&amp#27;[34m▓&amp#27;[0m&amp#27;[32m░&amp#27;[0m&amp#27;[34m▓&amp#27;[0m&amp#27;[34m▓&amp#27;[0m&amp#27;[34m▓&amp#27;[0m&amp#27;[34m▓&amp#27;[0m&amp#27;[34m▓&amp#27;[0m&amp#27;[34m▓&amp#27;[0m&amp#27;[33m▓&amp#27;[0m&amp#27;[33m▓&amp#27;[0m&amp#27;[33m▓&amp#27;[0m&amp#27;[33m▓&amp#27;[0m&amp#27;[33m▓&amp#27;[0m&amp#27;[33m▓&amp#27;[0m&amp#27;[33m▓&amp#27;[0m&amp#27;[33m▓&amp#27;[0m&amp#27;[33m▓&amp#27;[0m&amp#27;[33m▓&amp#27;[0m&amp#27;[33m▓&amp#27;[0m&amp#27;[33m▓&amp#27;[0m&amp#27;[33m▓&amp#27;[0m&amp#27;[33m▓&amp#27;[0m&amp#27;[33m▓&amp#27;[0m&amp#27;[33m▓&amp#27;[0m&amp#27;[33m▓&amp#27;[0m&amp#27;[33m▓&amp#27;[0m&amp#27;[32m▓&amp#27;[0m&amp#27;[32m▓&amp#27;[0m&amp#27;[32m▓&amp#27;[0m&amp#27;[32m▓&amp#27;[0m&amp#27;[32m▓&amp#27;[0m&amp#27;[32m▓&amp#27;[0m&amp#27;[32m▓&amp#27;[0m&amp#27;[32m▓&amp#27;[0m&amp#27;[32m▓&amp#27;[0m&amp#27;[32m▓&amp#27;[0m&amp#27;[32m▓&amp#27;[0m&amp#27;[32m▓&amp#27;[0m&amp#27;[32m█&amp#27;[0m&amp#27;[33m▓&amp#27;[0m&amp#27;[33m▓&amp#27;[0m&amp#27;[33m▓&amp#27;[0m&amp#27;[33m▓&amp#27;[0m&amp#27;[33m▓&amp#27;[0m&amp#27;[33m▓&amp#27;[0m&amp#27;[33m▓&amp#27;[0m&amp#27;[34m▓&amp#27;[0m&amp#27;[34m▓&amp#27;[0m&amp#27;[34m▓&amp#27;[0m&amp#27;[34m▓&amp#27;[0m&amp#27;[34m▓&amp#27;[0m&amp#27;[32m▒&amp#27;[0m&amp#27;[32m█&amp#27;[0m&amp#27;[32m█&amp#27;[0m&amp#27;[32m█&amp#27;[0m&amp#27;[32m█&amp#27;[0m&amp#27;[32m█&amp#27;[0m&amp#27;[32m█&amp#27;[0m&amp#27;[32m█&amp#27;[0m&amp#27;[32m█&amp#27;[0m&amp#27;[32m█&amp#27;[0m&amp#27;[32m█&amp#27;[0m&amp#27;[32m█&amp#27;[0m&amp#27;[32m█&amp#27;[0m&amp#27;[32m█&amp#27;[0m&amp#27;[32m█&amp#27;[0m&amp#27;[32m█&amp#27;[0m&amp#27;[32m█&amp#27;[0m&amp#27;[32m█&amp#27;[0m&amp#27;[34m▓&amp#27;[0m
&amp#27;[32m█&amp#27;[0m&amp#27;[33m▓&amp#27;[0m&amp#27;[33m▓&amp#27;[0m&amp#27;[33m▓&amp#27;[0m&amp#27;[33m▓&amp#27;[0m&amp#27;[33m▓&amp#27;[0m&amp#27;[34m▓&amp#27;[0m&amp#27;[34m▓&amp#27;[0m&amp#27;[33m▓&amp#27;[0m&amp#27;[33m▓&amp#27;[0m&amp#27;[33m▓&amp#27;[0m&amp#27;[33m▓&amp#27;[0m&amp#27;[33m▓&amp#27;[0m&amp#27;[33m▓&amp#27;[0m&amp#27;[33m▓&amp#27;[0m&amp#27;[33m▓&amp#27;[0m&amp#27;[33m▓&amp#27;[0m&amp#27;[32m▓&amp#27;[0m&amp#27;[32m▓&amp#27;[0m&amp#27;[33m▓&amp#27;[0m&amp#27;[32m▓&amp#27;[0m&amp#27;[32m▓&amp#27;[0m&amp#27;[32m▓&amp#27;[0m&amp#27;[32m▓&amp#27;[0m&amp#27;[32m▓&amp#27;[0m&amp#27;[32m▓&amp#27;[0m&amp#27;[32m▓&amp#27;[0m&amp#27;[32m▓&amp#27;[0m&amp#27;[32m░&amp#27;[0m&amp#27;[32m▓&amp#27;[0m&amp#27;[33m▓&amp#27;[0m&amp#27;[32m▓&amp#27;[0m&amp#27;[32m▓&amp#27;[0m&amp#27;[32m▓&amp#27;[0m&amp#27;[32m▓&amp#27;[0m&amp#27;[32m▓&amp#27;[0m&amp#27;[32m▓&amp#27;[0m&amp#27;[32m▓&amp#27;[0m&amp#27;[32m▓&amp#27;[0m&amp#27;[32m▓&amp#27;[0m&amp#27;[33m▓&amp#27;[0m&amp#27;[33m▓&amp#27;[0m&amp#27;[32m▓&amp#27;[0m&amp#27;[33m▓&amp#27;[0m&amp#27;[32m▓&amp#27;[0m&amp#27;[33m▓&amp#27;[0m&amp#27;[32m▓&amp#27;[0m&amp#27;[32m▓&amp#27;[0m&amp#27;[32m▓&amp#27;[0m&amp#27;[33m▓&amp#27;[0m&amp#27;[32m▓&amp#27;[0m&amp#27;[32m▒&amp#27;[0m&amp#27;[32m▒&amp#27;[0m&amp#27;[32m░&amp#27;[0m&amp#27;[32m░&amp#27;[0m&amp#27;[32m░&amp#27;[0m&amp#27;[32m▒&amp#27;[0m&amp#27;[34m▓&amp#27;[0m&amp#27;[32m░&amp#27;[0m&amp#27;[32m░&amp#27;[0m&amp#27;[32m░&amp#27;[0m&amp#27;[32m░&amp#27;[0m&amp#27;[32m░&amp#27;[0m&amp#27;[32m░&amp#27;[0m&amp#27;[32m▒&amp#27;[0m&amp#27;[32m█&amp#27;[0m&amp#27;[32m█&amp#27;[0m&amp#27;[32m█&amp#27;[0m&amp#27;[32m█&amp#27;[0m&amp#27;[32m█&amp#27;[0m&amp#27;[32m█&amp#27;[0m&amp#27;[32m▓&amp#27;[0m&amp#27;[32m▓&amp#27;[0m&amp#27;[32m▒&amp#27;[0m&amp#27;[32m█&amp#27;[0m&amp#27;[32m█&amp#27;[0m&amp#27;[32m█&amp#27;[0m&amp#27;[32m█&amp#27;[0m&amp#27;[32m█&amp#27;[0m&amp#27;[32m█&amp#27;[0m&amp#27;[32m░&amp#27;[0m&amp#27;[34m▓&amp#27;[0m&amp#27;[34m▓&amp#27;[0m&amp#27;[34m▓&amp#27;[0m&amp#27;[34m▓&amp#27;[0m&amp#27;[33m▓&amp#27;[0m&amp#27;[33m▓&amp#27;[0m&amp#27;[33m▓&amp#27;[0m&amp#27;[32m▒&amp#27;[0m&amp#27;[33m▓&amp#27;[0m&amp#27;[33m▓&amp#27;[0m&amp#27;[33m▓&amp#27;[0m&amp#27;[33m▓&amp#27;[0m&amp#27;[33m▓&amp#27;[0m&amp#27;[32m▒&amp#27;[0m&amp#27;[33m▓&amp#27;[0m&amp#27;[33m▓&amp#27;[0m&amp#27;[33m▓&amp#27;[0m&amp#27;[33m▓&amp#27;[0m&amp#27;[34m▓&amp#27;[0m&amp#27;[34m▓&amp#27;[0m&amp#27;[33m▓&amp#27;[0m&amp#27;[32m▒&amp#27;[0m&amp#27;[33m▓&amp#27;[0m&amp#27;[34m▓&amp#27;[0m&amp#27;[34m▓&amp#27;[0m&amp#27;[32m▒&amp#27;[0m&amp#27;[34m▓&amp#27;[0m&amp#27;[34m▓&amp#27;[0m&amp#27;[34m▓&amp#27;[0m&amp#27;[32m░&amp#27;[0m&amp#27;[32m░&amp#27;[0m&amp#27;[32m▓&amp#27;[0m&amp#27;[32m░&amp#27;[0m&amp#27;[32m▒&amp#27;[0m&amp#27;[32m░&amp#27;[0m&amp#27;[32m░&amp#27;[0m&amp#27;[32m░&amp#27;[0m&amp#27;[32m▒&amp#27;[0m&amp#27;[32m░&amp#27;[0m&amp#27;[32m░&amp#27;[0m&amp#27;[33m▓&amp#27;[0m&amp#27;[33m▓&amp#27;[0m&amp#27;[33m▓&amp#27;[0m&amp#27;[33m▓&amp#27;[0m&amp#27;[33m▓&amp#27;[0m&amp#27;[32m▒&amp#27;[0m&amp#27;[33m▓&amp#27;[0m&amp#27;[33m▓&amp#27;[0m&amp#27;[32m▒&amp#27;[0m&amp#27;[33m▓&amp#27;[0m&amp#27;[33m▓&amp#27;[0m&amp#27;[33m▓&amp#27;[0m&amp#27;[33m▓&amp#27;[0m&amp#27;[33m▓&amp#27;[0m&amp#27;[32m▒&amp#27;[0m&amp#27;[32m▒&amp#27;[0m&amp#27;[32m▒&amp#27;[0m&amp#27;[33m▓&amp#27;[0m&amp#27;[33m▓&amp#27;[0m&amp#27;[33m▓&amp#27;[0m&amp#27;[33m▓&amp#27;[0m&amp#27;[34m▓&amp#27;[0m&amp#27;[32m░&amp#27;[0m&amp#27;[34m▓&amp#27;[0m&amp#27;[34m▓&amp#27;[0m&amp#27;[34m▓&amp#27;[0m&amp#27;[34m▓&amp#27;[0m&amp#27;[32m█&amp#27;[0m&amp#27;[32m█&amp#27;[0m&amp#27;[32m█&amp#27;[0m&amp#27;[32m▒&amp#27;[0m&amp#27;[32m█&amp#27;[0m&amp#27;[32m█&amp#27;[0m&amp#27;[32m▒&amp#27;[0m&amp#27;[32m█&amp#27;[0m&amp#27;[32m█&amp#27;[0m&amp#27;[32m▒&amp#27;[0m&amp#27;[32m▒&amp#27;[0m&amp#27;[32m█&amp#27;[0m&amp#27;[32m█&amp#27;[0m&amp#27;[32m█&amp#27;[0m&amp#27;[32m█&amp#27;[0m&amp#27;[32m█&amp#27;[0m&amp#27;[32m█&amp#27;[0m&amp#27;[32m█&amp#27;[0m&amp#27;[32m░&amp#27;[0m&amp#27;[32m░&amp#27;[0m&amp#27;[32m▓&amp#27;[0m&amp#27;[32m░&amp#27;[0m&amp#27;[32m░&amp#27;[0m&amp#27;[32m░&amp#27;[0m&amp#27;[32m░&amp#27;[0m&amp#27;[32m░&amp#27;[0m&amp#27;[32m░&amp#27;[0m&amp#27;[32m░&amp#27;[0m&amp#27;[32m░&amp#27;[0m&amp#27;[32m░&amp#27;[0m&amp#27;[32m░&amp#27;[0m&amp#27;[32m█&amp#27;[0m&amp#27;[32m█&amp#27;[0m&amp#27;[32m█&amp#27;[0m&amp#27;[32m█&amp#27;[0m&amp#27;[32m█&amp#27;[0m&amp#27;[32m█&amp#27;[0m&amp#27;[32m█&amp#27;[0m&amp#27;[32m█&amp#27;[0m&amp#27;[32m█&amp#27;[0m&amp#27;[32m█&amp#27;[0m&amp#27;[32m░&amp#27;[0m&amp#27;[32m░&amp#27;[0m&amp#27;[32m░&amp#27;[0m&amp#27;[32m░&amp#27;[0m&amp#27;[32m░&amp#27;[0m&amp#27;[32m░&amp#27;[0m&amp#27;[33m▓&amp#27;[0m&amp#27;[32m░&amp#27;[0m&amp#27;[32m░&amp#27;[0m&amp#27;[32m▓&amp#27;[0m&amp#27;[32m░&amp#27;[0m&amp#27;[32m░&amp#27;[0m&amp#27;[32m░&amp#27;[0m&amp#27;[32m▓&amp#27;[0m&amp#27;[32m▓&amp#27;[0m&amp#27;[32m▓&amp#27;[0m&amp#27;[32m▒&amp#27;[0m&amp#27;[32m▓&amp#27;[0m&amp#27;[32m▓&amp#27;[0m&amp#27;[32m▓&amp#27;[0m&amp#27;[34m▓&amp#27;[0m&amp#27;[32m▓&amp#27;[0m&amp#27;[34m▓&amp#27;[0m&amp#27;[32m░&amp#27;[0m&amp#27;[34m▓&amp#27;[0m&amp#27;[34m▓&amp#27;[0m&amp#27;[32m▓&amp#27;[0m&amp#27;[32m▓&amp#27;[0m&amp#27;[32m▓&amp#27;[0m&amp#27;[32m▓&amp#27;[0m&amp#27;[32m▓&amp#27;[0m&amp#27;[32m▒&amp#27;[0m&amp#27;[34m▓&amp#27;[0m&amp#27;[34m▓&amp#27;[0m&amp#27;[34m▓&amp#27;[0m&amp#27;[34m▓&amp#27;[0m&amp#27;[34m▓&amp#27;[0m&amp#27;[34m▓&amp#27;[0m&amp#27;[34m▓&amp#27;[0m&amp#27;[34m▓&amp#27;[0m&amp#27;[34m▓&amp#27;[0m&amp#27;[34m▓&amp#27;[0m&amp#27;[34m▓&amp#27;[0m&amp#27;[32m▓&amp#27;[0m&amp#27;[34m▓&amp#27;[0m&amp#27;[34m▓&amp#27;[0m&amp#27;[34m▓&amp#27;[0m&amp#27;[32m▓&amp#27;[0m&amp#27;[33m▓&amp#27;[0m&amp#27;[33m▓&amp#27;[0m&amp#27;[33m▓&amp#27;[0m&amp#27;[33m▓&amp#27;[0m&amp#27;[33m▓&amp#27;[0m&amp#27;[33m▓&amp#27;[0m&amp#27;[33m▓&amp#27;[0m&amp#27;[32m▒&amp#27;[0m&amp#27;[33m▓&amp#27;[0m&amp#27;[33m▓&amp#27;[0m&amp#27;[33m▓&amp#27;[0m&amp#27;[33m▓&amp#27;[0m&amp#27;[33m▓&amp#27;[0m&amp#27;[33m▓&amp#27;[0m&amp#27;[33m▓&amp#27;[0m&amp#27;[33m▓&amp#27;[0m&amp#27;[33m▓&amp#27;[0m&amp#27;[33m▓&amp#27;[0m&amp#27;[33m▓&amp#27;[0m&amp#27;[33m▓&amp#27;[0m&amp#27;[32m▓&amp#27;[0m&amp#27;[32m▓&amp#27;[0m&amp#27;[32m▓&amp#27;[0m&amp#27;[32m▓&amp#27;[0m&amp#27;[32m▓&amp#27;[0m&amp#27;[33m▓&amp#27;[0m&amp#27;[32m▓&amp#27;[0m&amp#27;[32m▓&amp#27;[0m&amp#27;[32m▒&amp#27;[0m&amp#27;[32m▓&amp#27;[0m&amp#27;[32m▓&amp#27;[0m&amp#27;[32m▓&amp#27;[0m&amp#27;[32m▓&amp#27;[0m&amp#27;[32m▓&amp#27;[0m&amp#27;[33m▓&amp#27;[0m&amp#27;[33m▓&amp#27;[0m&amp#27;[33m▓&amp#27;[0m&amp#27;[34m▓&amp#27;[0m&amp#27;[34m▓&amp#27;[0m&amp#27;[34m▓&amp#27;[0m&amp#27;[34m▓&amp#27;[0m&amp#27;[34m▓&amp#27;[0m&amp#27;[34m▓&amp#27;[0m&amp#27;[34m▓&amp#27;[0m&amp#27;[34m▓&amp#27;[0m&amp#27;[32m▒&amp#27;[0m&amp#27;[32m█&amp#27;[0m&amp#27;[32m█&amp#27;[0m&amp#27;[32m█&amp#27;[0m&amp#27;[32m█&amp#27;[0m&amp#27;[32m█&amp#27;[0m&amp#27;[32m█&amp#27;[0m&amp#27;[32m█&amp#27;[0m&amp#27;[32m█&amp#27;[0m&amp#27;[32m█&amp#27;[0m&amp#27;[32m█&amp#27;[0m&amp#27;[32m█&amp#27;[0m&amp#27;[32m█&amp#27;[0m&amp#27;[32m█&amp#27;[0m&amp#27;[32m█&amp#27;[0m&amp#27;[32m█&amp#27;[0m&amp#27;[32m█&amp#27;[0m&amp#27;[34m▓&amp#27;[0m
&amp#27;[32m█&amp#27;[0m&amp#27;[33m▓&amp#27;[0m&amp#27;[33m▓&amp#27;[0m&amp#27;[33m▓&amp#27;[0m&amp#27;[33m▓&amp#27;[0m&amp#27;[32m█&amp#27;[0m&amp#27;[34m▓&amp#27;[0m&amp#27;[33m▓&amp#27;[0m&amp#27;[33m▓&amp#27;[0m&amp#27;[33m▓&amp#27;[0m&amp#27;[33m▓&amp#27;[0m&amp#27;[33m▓&amp#27;[0m&amp#27;[33m▓&amp#27;[0m&amp#27;[33m▓&amp#27;[0m&amp#27;[33m▓&amp#27;[0m&amp#27;[33m▓&amp#27;[0m&amp#27;[33m▓&amp#27;[0m&amp#27;[32m▓&amp#27;[0m&amp#27;[32m▓&amp#27;[0m&amp#27;[32m▓&amp#27;[0m&amp#27;[32m▓&amp#27;[0m&amp#27;[32m▓&amp#27;[0m&amp#27;[32m▓&amp#27;[0m&amp#27;[32m▓&amp#27;[0m&amp#27;[32m▓&amp#27;[0m&amp#27;[32m▓&amp#27;[0m&amp#27;[33m▓&amp#27;[0m&amp#27;[32m░&amp#27;[0m&amp#27;[32m░&amp#27;[0m&amp#27;[32m░&amp#27;[0m&amp#27;[33m▓&amp#27;[0m&amp#27;[32m▓&amp#27;[0m&amp#27;[32m▓&amp#27;[0m&amp#27;[32m▓&amp#27;[0m&amp#27;[34m▓&amp#27;[0m&amp#27;[34m▓&amp#27;[0m&amp#27;[33m▓&amp#27;[0m&amp#27;[32m▓&amp#27;[0m&amp#27;[32m▓&amp#27;[0m&amp#27;[32m▓&amp#27;[0m&amp#27;[32m▓&amp#27;[0m&amp#27;[32m▓&amp#27;[0m&amp#27;[32m▓&amp#27;[0m&amp#27;[32m▓&amp#27;[0m&amp#27;[32m▓&amp#27;[0m&amp#27;[33m▓&amp#27;[0m&amp#27;[32m▓&amp#27;[0m&amp#27;[33m▓&amp#27;[0m&amp#27;[32m▓&amp#27;[0m&amp#27;[32m▓&amp#27;[0m&amp#27;[32m▓&amp#27;[0m&amp#27;[32m▓&amp#27;[0m&amp#27;[32m▒&amp#27;[0m&amp#27;[32m░&amp#27;[0m&amp#27;[32m▒&amp#27;[0m&amp#27;[32m░&amp#27;[0m&amp#27;[32m▒&amp#27;[0m&amp#27;[33m▓&amp#27;[0m&amp#27;[32m▒&amp#27;[0m&amp#27;[32m░&amp#27;[0m&amp#27;[32m░&amp#27;[0m&amp#27;[32m░&amp#27;[0m&amp#27;[32m░&amp#27;[0m&amp#27;[32m█&amp#27;[0m&amp#27;[32m█&amp#27;[0m&amp#27;[32m█&amp#27;[0m&amp#27;[32m█&amp#27;[0m&amp#27;[32m▒&amp#27;[0m&amp#27;[32m█&amp#27;[0m&amp#27;[32m▒&amp#27;[0m&amp#27;[32m█&amp#27;[0m&amp#27;[32m█&amp#27;[0m&amp#27;[32m█&amp#27;[0m&amp#27;[32m█&amp#27;[0m&amp#27;[32m█&amp#27;[0m&amp#27;[32m█&amp#27;[0m&amp#27;[32m▒&amp#27;[0m&amp#27;[32m▒&amp#27;[0m&amp#27;[33m▓&amp#27;[0m&amp#27;[32m█&amp#27;[0m&amp#27;[32m█&amp#27;[0m&amp#27;[32m▒&amp#27;[0m&amp#27;[34m▓&amp#27;[0m&amp#27;[32m▒&amp#27;[0m&amp#27;[34m▓&amp#27;[0m&amp#27;[33m▓&amp#27;[0m&amp#27;[33m▓&amp#27;[0m&amp#27;[33m▓&amp#27;[0m&amp#27;[33m▓&amp#27;[0m&amp#27;[33m▓&amp#27;[0m&amp#27;[32m▒&amp#27;[0m&amp#27;[32m▒&amp#27;[0m&amp#27;[33m▓&amp#27;[0m&amp#27;[33m▓&amp#27;[0m&amp#27;[33m▓&amp#27;[0m&amp#27;[33m▓&amp#27;[0m&amp#27;[33m▓&amp#27;[0m&amp#27;[33m▓&amp#27;[0m&amp#27;[34m▓&amp#27;[0m&amp#27;[32m▒&amp#27;[0m&amp#27;[34m▓&amp#27;[0m&amp#27;[34m▓&amp#27;[0m&amp#27;[32m▒&amp#27;[0m&amp#27;[32m▒&amp#27;[0m&amp#27;[34m▓&amp#27;[0m&amp#27;[34m▓&amp#27;[0m&amp#27;[32m█&amp#27;[0m&amp#27;[32m▒&amp#27;[0m&amp#27;[34m▓&amp#27;[0m&amp#27;[34m▓&amp#27;[0m&amp#27;[32m▒&amp#27;[0m&amp#27;[32m▒&amp#27;[0m&amp#27;[32m░&amp#27;[0m&amp#27;[32m░&amp#27;[0m&amp#27;[32m▒&amp#27;[0m&amp#27;[32m▒&amp#27;[0m&amp#27;[32m░&amp#27;[0m&amp#27;[32m░&amp#27;[0m&amp#27;[32m░&amp#27;[0m&amp#27;[33m▓&amp#27;[0m&amp#27;[33m▓&amp#27;[0m&amp#27;[33m▓&amp#27;[0m&amp#27;[33m▓&amp#27;[0m&amp#27;[33m▓&amp#27;[0m&amp#27;[33m▓&amp#27;[0m&amp#27;[33m▓&amp#27;[0m&amp#27;[33m▓&amp#27;[0m&amp#27;[33m▓&amp#27;[0m&amp#27;[33m▓&amp#27;[0m&amp#27;[33m▓&amp#27;[0m&amp#27;[33m▓&amp#27;[0m&amp#27;[33m▓&amp#27;[0m&amp#27;[33m▓&amp#27;[0m&amp#27;[32m▒&amp#27;[0m&amp#27;[33m▓&amp#27;[0m&amp#27;[33m▓&amp#27;[0m&amp#27;[33m▓&amp#27;[0m&amp#27;[33m▓&amp#27;[0m&amp#27;[33m▓&amp#27;[0m&amp#27;[33m▓&amp#27;[0m&amp#27;[33m▓&amp#27;[0m&amp#27;[33m▓&amp#27;[0m&amp#27;[33m▓&amp#27;[0m&amp#27;[32m▓&amp#27;[0m&amp#27;[32m▓&amp#27;[0m&amp#27;[32m▓&amp#27;[0m&amp#27;[34m▓&amp#27;[0m&amp#27;[32m▒&amp#27;[0m&amp#27;[32m█&amp#27;[0m&amp#27;[32m▒&amp#27;[0m&amp#27;[33m▓&amp#27;[0m&amp#27;[32m█&amp#27;[0m&amp#27;[32m█&amp#27;[0m&amp#27;[32m█&amp#27;[0m&amp#27;[32m█&amp#27;[0m&amp#27;[32m█&amp#27;[0m&amp#27;[32m█&amp#27;[0m&amp#27;[32m█&amp#27;[0m&amp#27;[32m█&amp#27;[0m&amp#27;[32m█&amp#27;[0m&amp#27;[32m█&amp#27;[0m&amp#27;[32m█&amp#27;[0m&amp#27;[32m▒&amp#27;[0m&amp#27;[32m█&amp#27;[0m&amp#27;[32m█&amp#27;[0m&amp#27;[32m█&amp#27;[0m&amp#27;[32m░&amp#27;[0m&amp#27;[32m░&amp#27;[0m&amp#27;[32m░&amp#27;[0m&amp#27;[32m▒&amp#27;[0m&amp#27;[32m▒&amp#27;[0m&amp#27;[32m▒&amp#27;[0m&amp#27;[32m▒&amp#27;[0m&amp#27;[32m▒&amp#27;[0m&amp#27;[32m░&amp#27;[0m&amp#27;[32m▒&amp#27;[0m&amp#27;[34m▓&amp#27;[0m&amp#27;[32m▒&amp#27;[0m&amp#27;[32m░&amp#27;[0m&amp#27;[32m▒&amp#27;[0m&amp#27;[32m█&amp#27;[0m&amp#27;[32m▒&amp#27;[0m&amp#27;[32m█&amp#27;[0m&amp#27;[32m█&amp#27;[0m&amp#27;[32m█&amp#27;[0m&amp#27;[32m█&amp#27;[0m&amp#27;[32m█&amp#27;[0m&amp#27;[32m█&amp#27;[0m&amp#27;[32m▓&amp#27;[0m&amp#27;[32m▓&amp#27;[0m&amp#27;[32m░&amp#27;[0m&amp#27;[32m░&amp#27;[0m&amp#27;[32m░&amp#27;[0m&amp#27;[32m█&amp#27;[0m&amp#27;[32m░&amp#27;[0m&amp#27;[32m░&amp#27;[0m&amp#27;[32m░&amp#27;[0m&amp#27;[32m░&amp#27;[0m&amp#27;[32m░&amp#27;[0m&amp#27;[32m░&amp#27;[0m&amp#27;[32m░&amp#27;[0m&amp#27;[32m░&amp#27;[0m&amp#27;[32m░&amp#27;[0m&amp#27;[32m▓&amp#27;[0m&amp#27;[32m▓&amp#27;[0m&amp#27;[32m▓&amp#27;[0m&amp#27;[32m▓&amp#27;[0m&amp#27;[32m█&amp#27;[0m&amp#27;[32m▓&amp#27;[0m&amp#27;[34m▓&amp#27;[0m&amp#27;[34m▓&amp#27;[0m&amp#27;[32m▓&amp#27;[0m&amp#27;[34m▓&amp#27;[0m&amp#27;[32m▒&amp#27;[0m&amp#27;[34m▓&amp#27;[0m&amp#27;[32m▒&amp#27;[0m&amp#27;[32m▓&amp#27;[0m&amp#27;[32m▓&amp#27;[0m&amp#27;[32m▓&amp#27;[0m&amp#27;[32m▓&amp#27;[0m&amp#27;[34m▓&amp#27;[0m&amp#27;[34m▓&amp#27;[0m&amp#27;[34m▓&amp#27;[0m&amp#27;[32m▒&amp#27;[0m&amp#27;[34m▓&amp#27;[0m&amp#27;[32m░&amp#27;[0m&amp#27;[34m▓&amp#27;[0m&amp#27;[34m▓&amp#27;[0m&amp#27;[34m▓&amp#27;[0m&amp#27;[34m▓&amp#27;[0m&amp#27;[34m▓&amp#27;[0m&amp#27;[34m▓&amp#27;[0m&amp#27;[34m▓&amp#27;[0m&amp#27;[32m▒&amp#27;[0m&amp#27;[32m▒&amp#27;[0m&amp#27;[32m▓&amp#27;[0m&amp#27;[34m▓&amp#27;[0m&amp#27;[33m▓&amp#27;[0m&amp#27;[33m▓&amp#27;[0m&amp#27;[33m▓&amp#27;[0m&amp#27;[33m▓&amp#27;[0m&amp#27;[33m▓&amp#27;[0m&amp#27;[33m▓&amp#27;[0m&amp#27;[33m▓&amp#27;[0m&amp#27;[33m▓&amp#27;[0m&amp#27;[33m▓&amp#27;[0m&amp#27;[33m▓&amp#27;[0m&amp#27;[33m▓&amp#27;[0m&amp#27;[33m▓&amp#27;[0m&amp#27;[33m▓&amp#27;[0m&amp#27;[33m▓&amp#27;[0m&amp#27;[33m▓&amp#27;[0m&amp#27;[33m▓&amp#27;[0m&amp#27;[33m▓&amp#27;[0m&amp#27;[33m▓&amp#27;[0m&amp#27;[33m▓&amp#27;[0m&amp#27;[33m▓&amp#27;[0m&amp#27;[32m▓&amp#27;[0m&amp#27;[32m▓&amp#27;[0m&amp#27;[32m▓&amp#27;[0m&amp#27;[32m▓&amp#27;[0m&amp#27;[32m▒&amp#27;[0m&amp#27;[32m▒&amp#27;[0m&amp#27;[32m▓&amp#27;[0m&amp#27;[32m▓&amp#27;[0m&amp#27;[32m▓&amp#27;[0m&amp#27;[32m▓&amp#27;[0m&amp#27;[32m▓&amp#27;[0m&amp#27;[32m▓&amp#27;[0m&amp#27;[32m▓&amp#27;[0m&amp#27;[32m▓&amp#27;[0m&amp#27;[32m▓&amp#27;[0m&amp#27;[32m▓&amp#27;[0m&amp#27;[34m▓&amp#27;[0m&amp#27;[34m▓&amp#27;[0m&amp#27;[33m▓&amp#27;[0m&amp#27;[34m▓&amp#27;[0m&amp#27;[34m▓&amp#27;[0m&amp#27;[34m▓&amp#27;[0m&amp#27;[34m▓&amp#27;[0m&amp#27;[34m▓&amp#27;[0m&amp#27;[34m▓&amp#27;[0m&amp#27;[34m▓&amp#27;[0m&amp#27;[32m█&amp#27;[0m&amp#27;[32m█&amp#27;[0m&amp#27;[32m█&amp#27;[0m&amp#27;[32m█&amp#27;[0m&amp#27;[32m█&amp#27;[0m&amp#27;[32m█&amp#27;[0m&amp#27;[32m█&amp#27;[0m&amp#27;[32m█&amp#27;[0m&amp#27;[32m█&amp#27;[0m&amp#27;[32m█&amp#27;[0m&amp#27;[32m█&amp#27;[0m&amp#27;[32m█&amp#27;[0m&amp#27;[32m█&amp#27;[0m&amp#27;[32m█&amp#27;[0m&amp#27;[32m█&amp#27;[0m&amp#27;[32m█&amp#27;[0m&amp#27;[34m▓&amp#27;[0m
&amp#27;[33m▓&amp#27;[0m&amp#27;[32m█&amp#27;[0m&amp#27;[33m▓&amp#27;[0m&amp#27;[33m▓&amp#27;[0m&amp#27;[32m█&amp#27;[0m&amp#27;[33m▓&amp#27;[0m&amp#27;[32m█&amp#27;[0m&amp#27;[34m▓&amp#27;[0m&amp#27;[33m▓&amp#27;[0m&amp#27;[33m▓&amp#27;[0m&amp#27;[33m▓&amp#27;[0m&amp#27;[33m▓&amp#27;[0m&amp#27;[33m▓&amp#27;[0m&amp#27;[33m▓&amp#27;[0m&amp#27;[33m▓&amp#27;[0m&amp#27;[33m▓&amp#27;[0m&amp#27;[33m▓&amp#27;[0m&amp#27;[32m▓&amp#27;[0m&amp#27;[32m▓&amp#27;[0m&amp#27;[33m▓&amp#27;[0m&amp#27;[32m▓&amp#27;[0m&amp#27;[32m█&amp#27;[0m&amp#27;[32m▓&amp#27;[0m&amp#27;[32m▓&amp#27;[0m&amp#27;[32m▓&amp#27;[0m&amp#27;[32m▓&amp#27;[0m&amp#27;[33m▓&amp#27;[0m&amp#27;[32m░&amp#27;[0m&amp#27;[32m░&amp#27;[0m&amp#27;[32m░&amp#27;[0m&amp#27;[33m▓&amp#27;[0m&amp#27;[33m▓&amp#27;[0m&amp#27;[33m▓&amp#27;[0m&amp#27;[33m▓&amp#27;[0m&amp#27;[34m▓&amp#27;[0m&amp#27;[34m▓&amp#27;[0m&amp#27;[33m▓&amp#27;[0m&amp#27;[33m▓&amp#27;[0m&amp#27;[32m▓&amp#27;[0m&amp#27;[32m▓&amp#27;[0m&amp#27;[32m▓&amp#27;[0m&amp#27;[32m▓&amp#27;[0m&amp#27;[32m▓&amp#27;[0m&amp#27;[32m▓&amp#27;[0m&amp#27;[32m▓&amp#27;[0m&amp#27;[33m▓&amp#27;[0m&amp#27;[32m▓&amp#27;[0m&amp#27;[32m▓&amp#27;[0m&amp#27;[33m▓&amp#27;[0m&amp#27;[32m▓&amp#27;[0m&amp#27;[32m▓&amp#27;[0m&amp#27;[32m▓&amp#27;[0m&amp#27;[32m▒&amp#27;[0m&amp#27;[32m░&amp#27;[0m&amp#27;[32m▓&amp#27;[0m&amp#27;[32m░&amp#27;[0m&amp#27;[34m▓&amp#27;[0m&amp#27;[34m▓&amp#27;[0m&amp#27;[32m▒&amp#27;[0m&amp#27;[32m░&amp#27;[0m&amp#27;[32m░&amp#27;[0m&amp#27;[32m▒&amp#27;[0m&amp#27;[32m░&amp#27;[0m&amp#27;[32m▒&amp#27;[0m&amp#27;[32m█&amp#27;[0m&amp#27;[32m█&amp#27;[0m&amp#27;[32m█&amp#27;[0m&amp#27;[32m▒&amp#27;[0m&amp#27;[32m█&amp#27;[0m&amp#27;[32m▒&amp#27;[0m&amp#27;[32m█&amp#27;[0m&amp#27;[32m█&amp#27;[0m&amp#27;[32m▒&amp#27;[0m&amp#27;[32m█&amp#27;[0m&amp#27;[32m█&amp#27;[0m&amp#27;[32m█&amp#27;[0m&amp#27;[32m█&amp#27;[0m&amp#27;[32m█&amp#27;[0m&amp#27;[32m█&amp#27;[0m&amp#27;[32m▒&amp#27;[0m&amp#27;[32m█&amp#27;[0m&amp#27;[32m█&amp#27;[0m&amp#27;[34m▓&amp#27;[0m&amp#27;[32m▒&amp#27;[0m&amp#27;[32m▓&amp#27;[0m&amp#27;[33m▓&amp#27;[0m&amp#27;[33m▓&amp#27;[0m&amp#27;[33m▓&amp#27;[0m&amp#27;[32m▒&amp#27;[0m&amp#27;[33m▓&amp#27;[0m&amp#27;[33m▓&amp#27;[0m&amp#27;[32m▒&amp#27;[0m&amp#27;[33m▓&amp#27;[0m&amp#27;[32m▒&amp#27;[0m&amp#27;[32m▒&amp#27;[0m&amp#27;[33m▓&amp#27;[0m&amp#27;[33m▓&amp#27;[0m&amp#27;[32m▒&amp#27;[0m&amp#27;[34m▓&amp#27;[0m&amp#27;[32m▒&amp#27;[0m&amp#27;[34m▓&amp#27;[0m&amp#27;[34m▓&amp#27;[0m&amp#27;[34m▓&amp#27;[0m&amp#27;[34m▓&amp#27;[0m&amp#27;[34m▓&amp#27;[0m&amp#27;[34m▓&amp#27;[0m&amp#27;[34m▓&amp#27;[0m&amp#27;[32m▒&amp#27;[0m&amp#27;[32m▒&amp#27;[0m&amp#27;[34m▓&amp#27;[0m&amp#27;[34m▓&amp#27;[0m&amp#27;[32m▒&amp#27;[0m&amp#27;[32m░&amp#27;[0m&amp#27;[32m░&amp#27;[0m&amp#27;[32m░&amp#27;[0m&amp#27;[32m▒&amp#27;[0m&amp#27;[32m░&amp#27;[0m&amp#27;[32m░&amp#27;[0m&amp#27;[33m▓&amp#27;[0m&amp#27;[33m▓&amp#27;[0m&amp#27;[33m▓&amp#27;[0m&amp#27;[33m▓&amp#27;[0m&amp#27;[33m▓&amp#27;[0m&amp#27;[33m▓&amp#27;[0m&amp#27;[33m▓&amp#27;[0m&amp#27;[33m▓&amp#27;[0m&amp#27;[33m▓&amp#27;[0m&amp#27;[33m▓&amp#27;[0m&amp#27;[32m▒&amp#27;[0m&amp#27;[32m▒&amp#27;[0m&amp#27;[33m▓&amp#27;[0m&amp#27;[33m▓&amp#27;[0m&amp#27;[33m▓&amp#27;[0m&amp#27;[33m▓&amp#27;[0m&amp#27;[33m▓&amp#27;[0m&amp#27;[33m▓&amp#27;[0m&amp#27;[32m▒&amp#27;[0m&amp#27;[33m▓&amp#27;[0m&amp#27;[33m▓&amp#27;[0m&amp#27;[33m▓&amp#27;[0m&amp#27;[33m▓&amp#27;[0m&amp#27;[33m▓&amp#27;[0m&amp#27;[32m▒&amp#27;[0m&amp#27;[33m▓&amp#27;[0m&amp#27;[32m▓&amp#27;[0m&amp#27;[32m▓&amp#27;[0m&amp#27;[34m▓&amp#27;[0m&amp#27;[32m█&amp#27;[0m&amp#27;[32m█&amp#27;[0m&amp#27;[32m█&amp#27;[0m&amp#27;[32m█&amp#27;[0m&amp#27;[32m█&amp#27;[0m&amp#27;[32m█&amp#27;[0m&amp#27;[32m█&amp#27;[0m&amp#27;[32m█&amp#27;[0m&amp#27;[32m█&amp#27;[0m&amp#27;[32m█&amp#27;[0m&amp#27;[32m█&amp#27;[0m&amp#27;[32m█&amp#27;[0m&amp#27;[32m█&amp#27;[0m&amp#27;[32m█&amp#27;[0m&amp#27;[32m█&amp#27;[0m&amp#27;[32m█&amp#27;[0m&amp#27;[32m█&amp#27;[0m&amp#27;[32m█&amp#27;[0m&amp#27;[32m█&amp#27;[0m&amp#27;[32m░&amp#27;[0m&amp#27;[32m░&amp#27;[0m&amp#27;[32m░&amp#27;[0m&amp#27;[33m▓&amp#27;[0m&amp#27;[32m░&amp#27;[0m&amp#27;[32m░&amp#27;[0m&amp#27;[32m░&amp#27;[0m&amp#27;[32m░&amp#27;[0m&amp#27;[32m█&amp#27;[0m&amp#27;[34m▓&amp#27;[0m&amp#27;[32m▓&amp#27;[0m&amp#27;[34m▓&amp#27;[0m&amp#27;[34m▓&amp#27;[0m&amp#27;[32m█&amp#27;[0m&amp#27;[32m█&amp#27;[0m&amp#27;[33m▓&amp#27;[0m&amp#27;[33m▓&amp#27;[0m&amp#27;[33m▓&amp#27;[0m&amp#27;[32m█&amp#27;[0m&amp#27;[32m▒&amp#27;[0m&amp#27;[33m▓&amp#27;[0m&amp#27;[32m█&amp#27;[0m&amp#27;[32m▓&amp#27;[0m&amp#27;[32m▓&amp#27;[0m&amp#27;[32m▒&amp#27;[0m&amp#27;[32m░&amp#27;[0m&amp#27;[32m░&amp#27;[0m&amp#27;[32m░&amp#27;[0m&amp#27;[32m▒&amp#27;[0m&amp#27;[32m░&amp#27;[0m&amp#27;[32m░&amp#27;[0m&amp#27;[32m░&amp#27;[0m&amp#27;[32m░&amp#27;[0m&amp#27;[32m░&amp#27;[0m&amp#27;[32m▒&amp#27;[0m&amp#27;[32m░&amp#27;[0m&amp#27;[32m░&amp#27;[0m&amp#27;[32m░&amp#27;[0m&amp#27;[32m▓&amp#27;[0m&amp#27;[32m▒&amp#27;[0m&amp#27;[32m▓&amp#27;[0m&amp#27;[32m░&amp#27;[0m&amp#27;[34m▓&amp#27;[0m&amp#27;[34m▓&amp#27;[0m&amp#27;[32m▒&amp#27;[0m&amp#27;[34m▓&amp#27;[0m&amp#27;[34m▓&amp#27;[0m&amp#27;[34m▓&amp#27;[0m&amp#27;[34m▓&amp#27;[0m&amp#27;[34m▓&amp#27;[0m&amp#27;[32m▒&amp#27;[0m&amp#27;[32m▓&amp#27;[0m&amp#27;[32m▓&amp#27;[0m&amp#27;[34m▓&amp#27;[0m&amp#27;[34m▓&amp#27;[0m&amp#27;[32m▒&amp#27;[0m&amp#27;[34m▓&amp#27;[0m&amp#27;[34m▓&amp#27;[0m&amp#27;[34m▓&amp#27;[0m&amp#27;[34m▓&amp#27;[0m&amp#27;[34m▓&amp#27;[0m&amp#27;[34m▓&amp#27;[0m&amp#27;[34m▓&amp#27;[0m&amp#27;[34m▓&amp#27;[0m&amp#27;[34m▓&amp#27;[0m&amp#27;[34m▓&amp#27;[0m&amp#27;[32m█&amp#27;[0m&amp#27;[34m▓&amp#27;[0m&amp#27;[32m░&amp#27;[0m&amp#27;[34m▓&amp#27;[0m&amp#27;[34m▓&amp#27;[0m&amp#27;[33m▓&amp#27;[0m&amp#27;[33m▓&amp#27;[0m&amp#27;[32m▒&amp#27;[0m&amp#27;[33m▓&amp#27;[0m&amp#27;[33m▓&amp#27;[0m&amp#27;[33m▓&amp#27;[0m&amp#27;[33m▓&amp#27;[0m&amp#27;[33m▓&amp#27;[0m&amp#27;[33m▓&amp#27;[0m&amp#27;[33m▓&amp#27;[0m&amp#27;[33m▓&amp#27;[0m&amp#27;[33m▓&amp#27;[0m&amp#27;[33m▓&amp#27;[0m&amp#27;[33m▓&amp#27;[0m&amp#27;[33m▓&amp#27;[0m&amp#27;[33m▓&amp#27;[0m&amp#27;[33m▓&amp#27;[0m&amp#27;[33m▓&amp#27;[0m&amp#27;[33m▓&amp#27;[0m&amp#27;[33m▓&amp#27;[0m&amp#27;[32m▓&amp#27;[0m&amp#27;[32m▓&amp#27;[0m&amp#27;[32m▓&amp#27;[0m&amp#27;[32m▓&amp#27;[0m&amp#27;[32m▓&amp#27;[0m&amp#27;[32m▓&amp#27;[0m&amp#27;[32m▓&amp#27;[0m&amp#27;[32m▓&amp#27;[0m&amp#27;[32m▓&amp#27;[0m&amp#27;[32m▓&amp#27;[0m&amp#27;[32m▓&amp#27;[0m&amp#27;[32m▓&amp#27;[0m&amp#27;[32m▓&amp#27;[0m&amp#27;[32m▓&amp#27;[0m&amp#27;[32m▓&amp#27;[0m&amp#27;[32m▓&amp#27;[0m&amp#27;[34m▓&amp#27;[0m&amp#27;[34m▓&amp#27;[0m&amp#27;[32m▓&amp#27;[0m&amp#27;[32m░&amp#27;[0m&amp#27;[34m▓&amp#27;[0m&amp#27;[34m▓&amp#27;[0m&amp#27;[34m▓&amp#27;[0m&amp#27;[34m▓&amp#27;[0m&amp#27;[34m▓&amp#27;[0m&amp#27;[34m▓&amp#27;[0m&amp#27;[32m█&amp#27;[0m&amp#27;[32m█&amp#27;[0m&amp#27;[32m█&amp#27;[0m&amp#27;[32m█&amp#27;[0m&amp#27;[32m█&amp#27;[0m&amp#27;[32m█&amp#27;[0m&amp#27;[32m█&amp#27;[0m&amp#27;[32m█&amp#27;[0m&amp#27;[32m█&amp#27;[0m&amp#27;[32m█&amp#27;[0m&amp#27;[32m█&amp#27;[0m&amp#27;[32m█&amp#27;[0m&amp#27;[32m█&amp#27;[0m&amp#27;[32m█&amp#27;[0m&amp#27;[32m█&amp#27;[0m&amp#27;[34m▓&amp#27;[0m&amp#27;[34m▓&amp#27;[0m
&amp#27;[33m▓&amp#27;[0m&amp#27;[32m█&amp#27;[0m&amp#27;[32m█&amp#27;[0m&amp#27;[33m▓&amp#27;[0m&amp#27;[32m█&amp#27;[0m&amp#27;[32m█&amp#27;[0m&amp#27;[33m▓&amp#27;[0m&amp#27;[33m▓&amp#27;[0m&amp#27;[33m▓&amp#27;[0m&amp#27;[33m▓&amp#27;[0m&amp#27;[33m▓&amp#27;[0m&amp#27;[33m▓&amp#27;[0m&amp#27;[33m▓&amp#27;[0m&amp#27;[33m▓&amp#27;[0m&amp#27;[33m▓&amp#27;[0m&amp#27;[33m▓&amp#27;[0m&amp#27;[33m▓&amp#27;[0m&amp#27;[33m▓&amp#27;[0m&amp#27;[33m▓&amp#27;[0m&amp#27;[33m▓&amp#27;[0m&amp#27;[33m▓&amp#27;[0m&amp#27;[33m▓&amp#27;[0m&amp#27;[33m▓&amp#27;[0m&amp#27;[33m▓&amp#27;[0m&amp#27;[32m▓&amp#27;[0m&amp#27;[32m▓&amp#27;[0m&amp#27;[33m▓&amp#27;[0m&amp#27;[32m░&amp#27;[0m&amp#27;[32m░&amp#27;[0m&amp#27;[34m▓&amp#27;[0m&amp#27;[34m▓&amp#27;[0m&amp#27;[34m▓&amp#27;[0m&amp#27;[34m▓&amp#27;[0m&amp#27;[33m▓&amp#27;[0m&amp#27;[34m▓&amp#27;[0m&amp#27;[34m▓&amp#27;[0m&amp#27;[34m▓&amp#27;[0m&amp#27;[34m▓&amp#27;[0m&amp#27;[32m▓&amp#27;[0m&amp#27;[33m▓&amp#27;[0m&amp#27;[32m▓&amp#27;[0m&amp#27;[33m▓&amp#27;[0m&amp#27;[32m▓&amp#27;[0m&amp#27;[33m▓&amp#27;[0m&amp#27;[32m▓&amp#27;[0m&amp#27;[32m▓&amp#27;[0m&amp#27;[32m▓&amp#27;[0m&amp#27;[32m▓&amp#27;[0m&amp#27;[32m▓&amp#27;[0m&amp#27;[32m▓&amp#27;[0m&amp#27;[32m▓&amp#27;[0m&amp#27;[32m▓&amp#27;[0m&amp#27;[32m░&amp#27;[0m&amp#27;[32m▒&amp#27;[0m&amp#27;[34m▓&amp#27;[0m&amp#27;[34m▓&amp#27;[0m&amp#27;[34m▓&amp#27;[0m&amp#27;[34m▓&amp#27;[0m&amp#27;[32m▒&amp#27;[0m&amp#27;[32m▒&amp#27;[0m&amp#27;[32m░&amp#27;[0m&amp#27;[32m░&amp#27;[0m&amp#27;[32m█&amp#27;[0m&amp#27;[32m▒&amp#27;[0m&amp#27;[32m▒&amp#27;[0m&amp#27;[32m█&amp#27;[0m&amp#27;[32m▒&amp#27;[0m&amp#27;[32m█&amp#27;[0m&amp#27;[32m█&amp#27;[0m&amp#27;[32m▒&amp#27;[0m&amp#27;[32m█&amp#27;[0m&amp#27;[32m█&amp#27;[0m&amp#27;[32m▒&amp#27;[0m&amp#27;[32m▒&amp#27;[0m&amp#27;[32m█&amp#27;[0m&amp#27;[32m█&amp#27;[0m&amp#27;[32m▒&amp#27;[0m&amp#27;[32m▒&amp#27;[0m&amp#27;[32m█&amp#27;[0m&amp#27;[32m█&amp#27;[0m&amp#27;[32m▒&amp#27;[0m&amp#27;[32m█&amp#27;[0m&amp#27;[34m▓&amp#27;[0m&amp#27;[32m▒&amp#27;[0m&amp#27;[34m▓&amp#27;[0m&amp#27;[33m▓&amp#27;[0m&amp#27;[33m▓&amp#27;[0m&amp#27;[33m▓&amp#27;[0m&amp#27;[33m▓&amp#27;[0m&amp#27;[33m▓&amp#27;[0m&amp#27;[33m▓&amp#27;[0m&amp#27;[33m▓&amp#27;[0m&amp#27;[33m▓&amp#27;[0m&amp#27;[33m▓&amp#27;[0m&amp#27;[32m▒&amp#27;[0m&amp#27;[32m▒&amp#27;[0m&amp#27;[33m▓&amp#27;[0m&amp#27;[33m▓&amp#27;[0m&amp#27;[34m▓&amp#27;[0m&amp#27;[34m▓&amp#27;[0m&amp#27;[34m▓&amp#27;[0m&amp#27;[34m▓&amp#27;[0m&amp#27;[34m▓&amp#27;[0m&amp#27;[33m▓&amp#27;[0m&amp#27;[32m▒&amp#27;[0m&amp#27;[34m▓&amp#27;[0m&amp#27;[34m▓&amp#27;[0m&amp#27;[34m▓&amp#27;[0m&amp#27;[32m░&amp#27;[0m&amp#27;[34m▓&amp#27;[0m&amp#27;[34m▓&amp#27;[0m&amp#27;[34m▓&amp#27;[0m&amp#27;[32m░&amp#27;[0m&amp#27;[32m░&amp#27;[0m&amp#27;[32m░&amp#27;[0m&amp#27;[32m░&amp#27;[0m&amp#27;[32m▒&amp#27;[0m&amp#27;[33m▓&amp#27;[0m&amp#27;[32m▒&amp#27;[0m&amp#27;[33m▓&amp#27;[0m&amp#27;[33m▓&amp#27;[0m&amp#27;[33m▓&amp#27;[0m&amp#27;[33m▓&amp#27;[0m&amp#27;[32m▒&amp#27;[0m&amp#27;[33m▓&amp#27;[0m&amp#27;[32m▒&amp#27;[0m&amp#27;[33m▓&amp#27;[0m&amp#27;[33m▓&amp#27;[0m&amp#27;[33m▓&amp#27;[0m&amp#27;[32m▒&amp#27;[0m&amp#27;[32m▒&amp#27;[0m&amp#27;[33m▓&amp#27;[0m&amp#27;[33m▓&amp#27;[0m&amp#27;[33m▓&amp#27;[0m&amp#27;[33m▓&amp#27;[0m&amp#27;[33m▓&amp#27;[0m&amp#27;[32m▒&amp#27;[0m&amp#27;[32m▒&amp#27;[0m&amp#27;[33m▓&amp#27;[0m&amp#27;[32m▒&amp#27;[0m&amp#27;[33m▓&amp#27;[0m&amp#27;[33m▓&amp#27;[0m&amp#27;[32m▒&amp#27;[0m&amp#27;[33m▓&amp#27;[0m&amp#27;[32m▒&amp#27;[0m&amp#27;[32m▓&amp#27;[0m&amp#27;[34m▓&amp#27;[0m&amp#27;[32m█&amp#27;[0m&amp#27;[32m█&amp#27;[0m&amp#27;[33m▓&amp#27;[0m&amp#27;[32m█&amp#27;[0m&amp#27;[32m█&amp#27;[0m&amp#27;[32m█&amp#27;[0m&amp#27;[32m█&amp#27;[0m&amp#27;[32m█&amp#27;[0m&amp#27;[32m█&amp#27;[0m&amp#27;[32m█&amp#27;[0m&amp#27;[33m▓&amp#27;[0m&amp#27;[32m█&amp#27;[0m&amp#27;[32m█&amp#27;[0m&amp#27;[32m█&amp#27;[0m&amp#27;[32m█&amp#27;[0m&amp#27;[32m▒&amp#27;[0m&amp#27;[32m█&amp#27;[0m&amp#27;[32m█&amp#27;[0m&amp#27;[32m▒&amp#27;[0m&amp#27;[32m█&amp#27;[0m&amp#27;[32m░&amp#27;[0m&amp#27;[33m▓&amp#27;[0m&amp#27;[32m░&amp#27;[0m&amp#27;[32m░&amp#27;[0m&amp#27;[32m░&amp#27;[0m&amp#27;[32m░&amp#27;[0m&amp#27;[32m░&amp#27;[0m&amp#27;[32m▓&amp#27;[0m&amp#27;[34m▓&amp#27;[0m&amp#27;[34m▓&amp#27;[0m&amp#27;[34m▓&amp#27;[0m&amp#27;[32m▒&amp#27;[0m&amp#27;[34m▓&amp#27;[0m&amp#27;[32m█&amp#27;[0m&amp#27;[33m▓&amp#27;[0m&amp#27;[33m▓&amp#27;[0m&amp#27;[32m▒&amp#27;[0m&amp#27;[32m█&amp#27;[0m&amp#27;[32m█&amp#27;[0m&amp#27;[32m█&amp#27;[0m&amp#27;[32m▓&amp#27;[0m&amp#27;[33m▓&amp#27;[0m&amp#27;[32m▓&amp#27;[0m&amp#27;[32m▓&amp#27;[0m&amp#27;[32m░&amp#27;[0m&amp#27;[32m░&amp#27;[0m&amp#27;[32m░&amp#27;[0m&amp#27;[32m░&amp#27;[0m&amp#27;[32m░&amp#27;[0m&amp#27;[32m▒&amp#27;[0m&amp#27;[32m░&amp#27;[0m&amp#27;[32m░&amp#27;[0m&amp#27;[32m░&amp#27;[0m&amp#27;[32m░&amp#27;[0m&amp#27;[32m░&amp#27;[0m&amp#27;[32m░&amp#27;[0m&amp#27;[32m▒&amp#27;[0m&amp#27;[32m░&amp#27;[0m&amp#27;[32m░&amp#27;[0m&amp#27;[32m▒&amp#27;[0m&amp#27;[32m░&amp#27;[0m&amp#27;[32m░&amp#27;[0m&amp#27;[34m▓&amp#27;[0m&amp#27;[34m▓&amp#27;[0m&amp#27;[34m▓&amp#27;[0m&amp#27;[34m▓&amp#27;[0m&amp#27;[34m▓&amp#27;[0m&amp#27;[32m▒&amp#27;[0m&amp#27;[32m█&amp#27;[0m&amp#27;[32m█&amp#27;[0m&amp#27;[32m█&amp#27;[0m&amp#27;[33m▓&amp#27;[0m&amp#27;[34m▓&amp#27;[0m&amp#27;[34m▓&amp#27;[0m&amp#27;[34m▓&amp#27;[0m&amp#27;[32m▒&amp#27;[0m&amp#27;[34m▓&amp#27;[0m&amp#27;[34m▓&amp#27;[0m&amp#27;[32m▓&amp#27;[0m&amp#27;[32m█&amp#27;[0m&amp#27;[32m▓&amp#27;[0m&amp#27;[32m▓&amp#27;[0m&amp#27;[34m▓&amp#27;[0m&amp#27;[34m▓&amp#27;[0m&amp#27;[34m▓&amp#27;[0m&amp#27;[34m▓&amp#27;[0m&amp#27;[34m▓&amp#27;[0m&amp#27;[34m▓&amp#27;[0m&amp#27;[34m▓&amp#27;[0m&amp#27;[32m▓&amp#27;[0m&amp#27;[33m▓&amp#27;[0m&amp#27;[33m▓&amp#27;[0m&amp#27;[33m▓&amp#27;[0m&amp#27;[33m▓&amp#27;[0m&amp#27;[33m▓&amp#27;[0m&amp#27;[33m▓&amp#27;[0m&amp#27;[33m▓&amp#27;[0m&amp#27;[33m▓&amp#27;[0m&amp#27;[33m▓&amp#27;[0m&amp#27;[33m▓&amp#27;[0m&amp#27;[33m▓&amp#27;[0m&amp#27;[33m▓&amp#27;[0m&amp#27;[33m▓&amp#27;[0m&amp#27;[33m▓&amp#27;[0m&amp#27;[33m▓&amp#27;[0m&amp#27;[33m▓&amp#27;[0m&amp#27;[33m▓&amp#27;[0m&amp#27;[33m▓&amp#27;[0m&amp#27;[33m▓&amp#27;[0m&amp#27;[33m▓&amp#27;[0m&amp#27;[33m▓&amp#27;[0m&amp#27;[32m▓&amp#27;[0m&amp#27;[32m▓&amp#27;[0m&amp#27;[32m▓&amp#27;[0m&amp#27;[32m▓&amp#27;[0m&amp#27;[32m▓&amp#27;[0m&amp#27;[32m▒&amp#27;[0m&amp#27;[32m▓&amp#27;[0m&amp#27;[32m▓&amp#27;[0m&amp#27;[32m▓&amp#27;[0m&amp#27;[32m▓&amp#27;[0m&amp#27;[32m▓&amp#27;[0m&amp#27;[32m▓&amp#27;[0m&amp#27;[32m▓&amp#27;[0m&amp#27;[32m▓&amp#27;[0m&amp#27;[32m▓&amp#27;[0m&amp#27;[34m▓&amp#27;[0m&amp#27;[34m▓&amp#27;[0m&amp#27;[34m▓&amp#27;[0m&amp#27;[32m░&amp#27;[0m&amp#27;[34m▓&amp#27;[0m&amp#27;[34m▓&amp#27;[0m&amp#27;[34m▓&amp#27;[0m&amp#27;[34m▓&amp#27;[0m&amp#27;[34m▓&amp#27;[0m&amp#27;[34m▓&amp#27;[0m&amp#27;[32m▓&amp#27;[0m&amp#27;[32m█&amp#27;[0m&amp#27;[32m█&amp#27;[0m&amp#27;[32m█&amp#27;[0m&amp#27;[32m█&amp#27;[0m&amp#27;[32m█&amp#27;[0m&amp#27;[32m█&amp#27;[0m&amp#27;[32m█&amp#27;[0m&amp#27;[32m█&amp#27;[0m&amp#27;[32m█&amp#27;[0m&amp#27;[32m█&amp#27;[0m&amp#27;[32m█&amp#27;[0m&amp#27;[32m█&amp#27;[0m&amp#27;[32m█&amp#27;[0m&amp#27;[32m█&amp#27;[0m&amp#27;[32m░&amp#27;[0m&amp#27;[34m▓&amp#27;[0m
&amp#27;[32m█&amp#27;[0m&amp#27;[32m█&amp#27;[0m&amp#27;[32m█&amp#27;[0m&amp#27;[32m█&amp#27;[0m&amp#27;[32m█&amp#27;[0m&amp#27;[32m█&amp#27;[0m&amp#27;[32m█&amp#27;[0m&amp#27;[32m█&amp#27;[0m&amp#27;[34m▓&amp#27;[0m&amp#27;[33m▓&amp#27;[0m&amp#27;[33m▓&amp#27;[0m&amp#27;[33m▓&amp#27;[0m&amp#27;[33m▓&amp#27;[0m&amp#27;[33m▓&amp#27;[0m&amp#27;[33m▓&amp#27;[0m&amp#27;[33m▓&amp#27;[0m&amp#27;[32m▓&amp#27;[0m&amp#27;[32m▓&amp#27;[0m&amp#27;[32m▓&amp#27;[0m&amp#27;[32m▓&amp#27;[0m&amp#27;[32m▓&amp#27;[0m&amp#27;[32m▓&amp#27;[0m&amp#27;[32m▓&amp#27;[0m&amp#27;[33m▓&amp#27;[0m&amp#27;[32m▓&amp#27;[0m&amp#27;[32m▓&amp#27;[0m&amp#27;[33m▓&amp#27;[0m&amp#27;[34m▓&amp#27;[0m&amp#27;[34m▓&amp#27;[0m&amp#27;[34m▓&amp#27;[0m&amp#27;[34m▓&amp#27;[0m&amp#27;[34m▓&amp#27;[0m&amp#27;[34m▓&amp#27;[0m&amp#27;[34m▓&amp#27;[0m&amp#27;[32m▓&amp#27;[0m&amp#27;[34m▓&amp#27;[0m&amp#27;[33m▓&amp#27;[0m&amp#27;[33m▓&amp#27;[0m&amp#27;[32m▓&amp#27;[0m&amp#27;[33m▓&amp#27;[0m&amp#27;[32m▓&amp#27;[0m&amp#27;[33m▓&amp#27;[0m&amp#27;[32m▓&amp#27;[0m&amp#27;[32m▓&amp#27;[0m&amp#27;[32m▓&amp#27;[0m&amp#27;[33m▓&amp#27;[0m&amp#27;[32m▓&amp#27;[0m&amp#27;[33m▓&amp#27;[0m&amp#27;[33m▓&amp#27;[0m&amp#27;[32m▓&amp#27;[0m&amp#27;[32m▓&amp#27;[0m&amp#27;[33m▓&amp#27;[0m&amp#27;[32m▒&amp#27;[0m&amp#27;[33m▓&amp#27;[0m&amp#27;[34m▓&amp#27;[0m&amp#27;[34m▓&amp#27;[0m&amp#27;[34m▓&amp#27;[0m&amp#27;[34m▓&amp#27;[0m&amp#27;[34m▓&amp#27;[0m&amp#27;[32m░&amp#27;[0m&amp#27;[32m▒&amp#27;[0m&amp#27;[32m░&amp#27;[0m&amp#27;[32m▒&amp#27;[0m&amp#27;[32m█&amp#27;[0m&amp#27;[32m█&amp#27;[0m&amp#27;[32m█&amp#27;[0m&amp#27;[32m█&amp#27;[0m&amp#27;[32m█&amp#27;[0m&amp#27;[32m█&amp#27;[0m&amp#27;[32m▒&amp#27;[0m&amp#27;[32m█&amp#27;[0m&amp#27;[32m█&amp#27;[0m&amp#27;[32m█&amp#27;[0m&amp#27;[32m█&amp#27;[0m&amp#27;[32m█&amp#27;[0m&amp#27;[32m█&amp#27;[0m&amp#27;[32m█&amp#27;[0m&amp#27;[33m▓&amp#27;[0m&amp#27;[32m▒&amp#27;[0m&amp#27;[32m█&amp#27;[0m&amp#27;[32m█&amp#27;[0m&amp#27;[32m█&amp#27;[0m&amp#27;[32m█&amp#27;[0m&amp#27;[32m▒&amp#27;[0m&amp#27;[32m▒&amp#27;[0m&amp#27;[34m▓&amp#27;[0m&amp#27;[33m▓&amp#27;[0m&amp#27;[33m▓&amp#27;[0m&amp#27;[33m▓&amp#27;[0m&amp#27;[33m▓&amp#27;[0m&amp#27;[32m▒&amp#27;[0m&amp#27;[33m▓&amp#27;[0m&amp#27;[33m▓&amp#27;[0m&amp#27;[33m▓&amp#27;[0m&amp#27;[33m▓&amp#27;[0m&amp#27;[33m▓&amp#27;[0m&amp#27;[33m▓&amp#27;[0m&amp#27;[33m▓&amp#27;[0m&amp#27;[32m▒&amp#27;[0m&amp#27;[33m▓&amp#27;[0m&amp#27;[34m▓&amp#27;[0m&amp#27;[34m▓&amp#27;[0m&amp#27;[32m▒&amp#27;[0m&amp#27;[33m▓&amp#27;[0m&amp#27;[33m▓&amp#27;[0m&amp#27;[34m▓&amp#27;[0m&amp#27;[34m▓&amp#27;[0m&amp#27;[34m▓&amp#27;[0m&amp#27;[32m▓&amp#27;[0m&amp#27;[34m▓&amp#27;[0m&amp#27;[32m▒&amp#27;[0m&amp#27;[34m▓&amp#27;[0m&amp#27;[34m▓&amp#27;[0m&amp#27;[32m░&amp#27;[0m&amp#27;[32m▒&amp#27;[0m&amp#27;[32m░&amp#27;[0m&amp#27;[33m▓&amp#27;[0m&amp#27;[33m▓&amp#27;[0m&amp#27;[33m▓&amp#27;[0m&amp#27;[33m▓&amp#27;[0m&amp#27;[32m▒&amp#27;[0m&amp#27;[33m▓&amp#27;[0m&amp#27;[33m▓&amp#27;[0m&amp#27;[33m▓&amp#27;[0m&amp#27;[33m▓&amp#27;[0m&amp#27;[32m▒&amp#27;[0m&amp#27;[33m▓&amp#27;[0m&amp#27;[33m▓&amp#27;[0m&amp#27;[33m▓&amp#27;[0m&amp#27;[33m▓&amp#27;[0m&amp#27;[33m▓&amp#27;[0m&amp#27;[32m▒&amp#27;[0m&amp#27;[32m▒&amp#27;[0m&amp#27;[33m▓&amp#27;[0m&amp#27;[33m▓&amp#27;[0m&amp#27;[33m▓&amp#27;[0m&amp#27;[33m▓&amp#27;[0m&amp#27;[33m▓&amp#27;[0m&amp#27;[33m▓&amp#27;[0m&amp#27;[33m▓&amp#27;[0m&amp#27;[33m▓&amp#27;[0m&amp#27;[33m▓&amp#27;[0m&amp#27;[32m▒&amp#27;[0m&amp#27;[33m▓&amp#27;[0m&amp#27;[33m▓&amp#27;[0m&amp#27;[33m▓&amp#27;[0m&amp#27;[34m▓&amp#27;[0m&amp#27;[32m▒&amp#27;[0m&amp#27;[33m▓&amp#27;[0m&amp#27;[33m▓&amp#27;[0m&amp#27;[32m▒&amp#27;[0m&amp#27;[32m█&amp#27;[0m&amp#27;[32m█&amp#27;[0m&amp#27;[32m▒&amp#27;[0m&amp#27;[32m▒&amp#27;[0m&amp#27;[32m█&amp#27;[0m&amp#27;[32m█&amp#27;[0m&amp#27;[32m█&amp#27;[0m&amp#27;[32m█&amp#27;[0m&amp#27;[32m█&amp#27;[0m&amp#27;[32m█&amp#27;[0m&amp#27;[32m█&amp#27;[0m&amp#27;[32m█&amp#27;[0m&amp#27;[32m█&amp#27;[0m&amp#27;[33m▓&amp#27;[0m&amp#27;[32m█&amp#27;[0m&amp#27;[32m█&amp#27;[0m&amp#27;[33m▓&amp#27;[0m&amp#27;[33m▓&amp#27;[0m&amp#27;[33m▓&amp#27;[0m&amp#27;[32m░&amp#27;[0m&amp#27;[32m░&amp#27;[0m&amp#27;[32m░&amp#27;[0m&amp#27;[32m░&amp#27;[0m&amp#27;[34m▓&amp#27;[0m&amp#27;[34m▓&amp#27;[0m&amp#27;[32m▓&amp#27;[0m&amp#27;[34m▓&amp#27;[0m&amp#27;[34m▓&amp#27;[0m&amp#27;[34m▓&amp#27;[0m&amp#27;[32m▓&amp#27;[0m&amp#27;[33m▓&amp#27;[0m&amp#27;[33m▓&amp#27;[0m&amp#27;[33m▓&amp#27;[0m&amp#27;[32m█&amp#27;[0m&amp#27;[32m▓&amp#27;[0m&amp#27;[32m▓&amp#27;[0m&amp#27;[32m▓&amp#27;[0m&amp#27;[32m▓&amp#27;[0m&amp#27;[32m▓&amp#27;[0m&amp#27;[32m▓&amp#27;[0m&amp#27;[33m▓&amp#27;[0m&amp#27;[33m▓&amp#27;[0m&amp#27;[33m▓&amp#27;[0m&amp#27;[32m░&amp#27;[0m&amp#27;[32m░&amp#27;[0m&amp#27;[32m░&amp#27;[0m&amp#27;[32m░&amp#27;[0m&amp#27;[32m░&amp#27;[0m&amp#27;[32m░&amp#27;[0m&amp#27;[32m░&amp#27;[0m&amp#27;[32m▒&amp#27;[0m&amp#27;[32m░&amp#27;[0m&amp#27;[32m░&amp#27;[0m&amp#27;[32m░&amp#27;[0m&amp#27;[32m░&amp#27;[0m&amp#27;[32m░&amp#27;[0m&amp#27;[32m░&amp#27;[0m&amp#27;[32m░&amp#27;[0m&amp#27;[32m░&amp#27;[0m&amp#27;[34m▓&amp#27;[0m&amp#27;[32m█&amp#27;[0m&amp#27;[32m█&amp#27;[0m&amp#27;[32m█&amp#27;[0m&amp#27;[32m█&amp#27;[0m&amp#27;[32m█&amp#27;[0m&amp#27;[32m▒&amp#27;[0m&amp#27;[32m█&amp#27;[0m&amp#27;[32m█&amp#27;[0m&amp#27;[32m█&amp#27;[0m&amp#27;[32m█&amp#27;[0m&amp#27;[32m█&amp#27;[0m&amp#27;[34m▓&amp#27;[0m&amp#27;[34m▓&amp#27;[0m&amp#27;[32m▓&amp#27;[0m&amp#27;[32m▓&amp#27;[0m&amp#27;[32m▓&amp#27;[0m&amp#27;[32m▓&amp#27;[0m&amp#27;[32m▓&amp#27;[0m&amp#27;[32m▓&amp#27;[0m&amp#27;[34m▓&amp#27;[0m&amp#27;[34m▓&amp#27;[0m&amp#27;[34m▓&amp#27;[0m&amp#27;[32m▒&amp#27;[0m&amp#27;[34m▓&amp#27;[0m&amp#27;[34m▓&amp#27;[0m&amp#27;[34m▓&amp#27;[0m&amp#27;[33m▓&amp#27;[0m&amp#27;[33m▓&amp#27;[0m&amp#27;[33m▓&amp#27;[0m&amp#27;[32m▒&amp#27;[0m&amp#27;[33m▓&amp#27;[0m&amp#27;[33m▓&amp#27;[0m&amp#27;[33m▓&amp#27;[0m&amp#27;[33m▓&amp#27;[0m&amp#27;[33m▓&amp#27;[0m&amp#27;[33m▓&amp#27;[0m&amp#27;[33m▓&amp#27;[0m&amp#27;[33m▓&amp#27;[0m&amp#27;[33m▓&amp#27;[0m&amp#27;[33m▓&amp#27;[0m&amp#27;[33m▓&amp#27;[0m&amp#27;[33m▓&amp#27;[0m&amp#27;[33m▓&amp#27;[0m&amp#27;[33m▓&amp#27;[0m&amp#27;[33m▓&amp#27;[0m&amp#27;[33m▓&amp#27;[0m&amp#27;[33m▓&amp#27;[0m&amp#27;[32m▓&amp#27;[0m&amp#27;[32m▓&amp#27;[0m&amp#27;[32m▓&amp#27;[0m&amp#27;[32m▓&amp#27;[0m&amp#27;[32m▓&amp#27;[0m&amp#27;[32m█&amp#27;[0m&amp#27;[32m▓&amp#27;[0m&amp#27;[32m▓&amp#27;[0m&amp#27;[32m▓&amp#27;[0m&amp#27;[32m▓&amp#27;[0m&amp#27;[32m▓&amp#27;[0m&amp#27;[32m▓&amp#27;[0m&amp#27;[32m▓&amp#27;[0m&amp#27;[32m▓&amp#27;[0m&amp#27;[32m▓&amp#27;[0m&amp#27;[34m▓&amp#27;[0m&amp#27;[34m▓&amp#27;[0m&amp#27;[34m▓&amp#27;[0m&amp#27;[34m▓&amp#27;[0m&amp#27;[34m▓&amp#27;[0m&amp#27;[32m▒&amp#27;[0m&amp#27;[34m▓&amp#27;[0m&amp#27;[34m▓&amp#27;[0m&amp#27;[32m▓&amp#27;[0m&amp#27;[32m▓&amp#27;[0m&amp#27;[32m▓&amp#27;[0m&amp#27;[32m▓&amp#27;[0m&amp#27;[32m█&amp#27;[0m&amp#27;[32m█&amp#27;[0m&amp#27;[32m█&amp#27;[0m&amp#27;[32m█&amp#27;[0m&amp#27;[32m█&amp#27;[0m&amp#27;[32m█&amp#27;[0m&amp#27;[33m▓&amp#27;[0m&amp#27;[32m█&amp#27;[0m&amp#27;[32m█&amp#27;[0m&amp#27;[32m█&amp#27;[0m&amp#27;[32m█&amp#27;[0m&amp#27;[32m█&amp#27;[0m&amp#27;[32m░&amp#27;[0m&amp#27;[32m░&amp#27;[0m&amp#27;[32m░&amp#27;[0m
&amp#27;[32m█&amp#27;[0m&amp#27;[32m█&amp#27;[0m&amp#27;[32m█&amp#27;[0m&amp#27;[33m▓&amp#27;[0m&amp#27;[33m▓&amp#27;[0m&amp#27;[32m█&amp#27;[0m&amp#27;[33m▓&amp#27;[0m&amp#27;[33m▓&amp#27;[0m&amp#27;[32m░&amp#27;[0m&amp#27;[32m░&amp#27;[0m&amp#27;[33m▓&amp#27;[0m&amp#27;[33m▓&amp#27;[0m&amp#27;[33m▓&amp#27;[0m&amp#27;[33m▓&amp#27;[0m&amp#27;[33m▓&amp#27;[0m&amp#27;[32m▓&amp#27;[0m&amp#27;[32m▓&amp#27;[0m&amp#27;[32m▓&amp#27;[0m&amp#27;[32m▓&amp#27;[0m&amp#27;[32m▓&amp#27;[0m&amp#27;[32m▓&amp#27;[0m&amp#27;[32m▓&amp#27;[0m&amp#27;[33m▓&amp#27;[0m&amp#27;[33m▓&amp#27;[0m&amp#27;[32m▓&amp#27;[0m&amp#27;[34m▓&amp#27;[0m&amp#27;[33m▓&amp#27;[0m&amp#27;[34m▓&amp#27;[0m&amp#27;[32m░&amp#27;[0m&amp#27;[34m▓&amp#27;[0m&amp#27;[34m▓&amp#27;[0m&amp#27;[34m▓&amp#27;[0m&amp#27;[33m▓&amp#27;[0m&amp#27;[34m▓&amp#27;[0m&amp#27;[34m▓&amp#27;[0m&amp#27;[34m▓&amp#27;[0m&amp#27;[34m▓&amp#27;[0m&amp#27;[34m▓&amp#27;[0m&amp#27;[34m▓&amp#27;[0m&amp#27;[32m░&amp#27;[0m&amp#27;[32m▓&amp#27;[0m&amp#27;[33m▓&amp#27;[0m&amp#27;[32m▓&amp#27;[0m&amp#27;[33m▓&amp#27;[0m&amp#27;[32m▓&amp#27;[0m&amp#27;[32m▓&amp#27;[0m&amp#27;[32m▓&amp#27;[0m&amp#27;[32m▓&amp#27;[0m&amp#27;[33m▓&amp#27;[0m&amp#27;[32m▓&amp#27;[0m&amp#27;[33m▓&amp#27;[0m&amp#27;[33m▓&amp#27;[0m&amp#27;[32m▒&amp#27;[0m&amp#27;[32m▒&amp#27;[0m&amp#27;[32m▒&amp#27;[0m&amp#27;[34m▓&amp#27;[0m&amp#27;[34m▓&amp#27;[0m&amp#27;[34m▓&amp#27;[0m&amp#27;[34m▓&amp#27;[0m&amp#27;[32m▒&amp#27;[0m&amp#27;[34m▓&amp#27;[0m&amp#27;[34m▓&amp#27;[0m&amp#27;[32m█&amp#27;[0m&amp#27;[32m▒&amp#27;[0m&amp#27;[32m█&amp#27;[0m&amp#27;[32m▒&amp#27;[0m&amp#27;[32m█&amp#27;[0m&amp#27;[32m█&amp#27;[0m&amp#27;[32m█&amp#27;[0m&amp#27;[32m█&amp#27;[0m&amp#27;[32m█&amp#27;[0m&amp#27;[32m█&amp#27;[0m&amp#27;[32m▒&amp#27;[0m&amp#27;[32m▒&amp#27;[0m&amp#27;[32m█&amp#27;[0m&amp#27;[32m█&amp#27;[0m&amp#27;[32m█&amp#27;[0m&amp#27;[32m█&amp#27;[0m&amp#27;[32m█&amp#27;[0m&amp#27;[32m▒&amp#27;[0m&amp#27;[32m█&amp#27;[0m&amp#27;[32m█&amp#27;[0m&amp#27;[32m█&amp#27;[0m&amp#27;[34m▓&amp#27;[0m&amp#27;[34m▓&amp#27;[0m&amp#27;[34m▓&amp#27;[0m&amp#27;[34m▓&amp#27;[0m&amp#27;[33m▓&amp#27;[0m&amp#27;[33m▓&amp#27;[0m&amp#27;[33m▓&amp#27;[0m&amp#27;[33m▓&amp#27;[0m&amp#27;[33m▓&amp#27;[0m&amp#27;[33m▓&amp#27;[0m&amp#27;[33m▓&amp#27;[0m&amp#27;[33m▓&amp#27;[0m&amp#27;[32m▒&amp#27;[0m&amp#27;[33m▓&amp#27;[0m&amp#27;[33m▓&amp#27;[0m&amp#27;[32m▒&amp#27;[0m&amp#27;[32m▒&amp#27;[0m&amp#27;[33m▓&amp#27;[0m&amp#27;[34m▓&amp#27;[0m&amp#27;[34m▓&amp#27;[0m&amp#27;[32m▒&amp#27;[0m&amp#27;[34m▓&amp#27;[0m&amp#27;[32m▓&amp#27;[0m&amp#27;[32m▒&amp#27;[0m&amp#27;[32m▒&amp#27;[0m&amp#27;[32m▓&amp#27;[0m&amp#27;[32m▓&amp#27;[0m&amp#27;[32m▒&amp#27;[0m&amp#27;[32m▒&amp#27;[0m&amp#27;[32m▓&amp#27;[0m&amp#27;[32m░&amp#27;[0m&amp#27;[34m▓&amp#27;[0m&amp#27;[32m░&amp#27;[0m&amp#27;[33m▓&amp#27;[0m&amp#27;[33m▓&amp#27;[0m&amp#27;[33m▓&amp#27;[0m&amp#27;[33m▓&amp#27;[0m&amp#27;[32m▒&amp#27;[0m&amp#27;[33m▓&amp#27;[0m&amp#27;[32m▒&amp#27;[0m&amp#27;[33m▓&amp#27;[0m&amp#27;[33m▓&amp#27;[0m&amp#27;[33m▓&amp#27;[0m&amp#27;[33m▓&amp#27;[0m&amp#27;[33m▓&amp#27;[0m&amp#27;[33m▓&amp#27;[0m&amp#27;[32m▒&amp#27;[0m&amp#27;[33m▓&amp#27;[0m&amp#27;[33m▓&amp#27;[0m&amp#27;[33m▓&amp#27;[0m&amp#27;[33m▓&amp#27;[0m&amp#27;[33m▓&amp#27;[0m&amp#27;[33m▓&amp#27;[0m&amp#27;[33m▓&amp#27;[0m&amp#27;[33m▓&amp#27;[0m&amp#27;[33m▓&amp#27;[0m&amp#27;[33m▓&amp#27;[0m&amp#27;[33m▓&amp#27;[0m&amp#27;[33m▓&amp#27;[0m&amp#27;[33m▓&amp#27;[0m&amp#27;[32m▒&amp#27;[0m&amp#27;[33m▓&amp#27;[0m&amp#27;[32m▒&amp#27;[0m&amp#27;[33m▓&amp#27;[0m&amp#27;[33m▓&amp#27;[0m&amp#27;[33m▓&amp#27;[0m&amp#27;[33m▓&amp#27;[0m&amp#27;[33m▓&amp#27;[0m&amp#27;[33m▓&amp#27;[0m&amp#27;[33m▓&amp#27;[0m&amp#27;[32m█&amp#27;[0m&amp#27;[32m█&amp#27;[0m&amp#27;[32m█&amp#27;[0m&amp#27;[32m█&amp#27;[0m&amp#27;[32m█&amp#27;[0m&amp#27;[32m▒&amp#27;[0m&amp#27;[32m█&amp#27;[0m&amp#27;[32m█&amp#27;[0m&amp#27;[32m█&amp#27;[0m&amp#27;[32m█&amp#27;[0m&amp#27;[32m█&amp#27;[0m&amp#27;[32m█&amp#27;[0m&amp#27;[32m▒&amp#27;[0m&amp#27;[32m▒&amp#27;[0m&amp#27;[32m▒&amp#27;[0m&amp#27;[32m▒&amp#27;[0m&amp#27;[32m▒&amp#27;[0m&amp#27;[32m░&amp#27;[0m&amp#27;[32m▒&amp#27;[0m&amp#27;[32m░&amp#27;[0m&amp#27;[32m▒&amp#27;[0m&amp#27;[34m▓&amp#27;[0m&amp#27;[32m▒&amp#27;[0m&amp#27;[34m▓&amp#27;[0m&amp#27;[32m▒&amp#27;[0m&amp#27;[34m▓&amp#27;[0m&amp#27;[32m▒&amp#27;[0m&amp#27;[32m▓&amp#27;[0m&amp#27;[32m▓&amp#27;[0m&amp#27;[32m▓&amp#27;[0m&amp#27;[32m▓&amp#27;[0m&amp#27;[32m▓&amp#27;[0m&amp#27;[32m▓&amp#27;[0m&amp#27;[32m▓&amp#27;[0m&amp#27;[32m▓&amp#27;[0m&amp#27;[33m▓&amp#27;[0m&amp#27;[33m▓&amp#27;[0m&amp#27;[32m▓&amp#27;[0m&amp#27;[33m▓&amp#27;[0m&amp#27;[33m▓&amp#27;[0m&amp#27;[33m▓&amp#27;[0m&amp#27;[32m░&amp#27;[0m&amp#27;[32m░&amp#27;[0m&amp#27;[32m▒&amp#27;[0m&amp#27;[32m░&amp#27;[0m&amp#27;[32m░&amp#27;[0m&amp#27;[32m░&amp#27;[0m&amp#27;[32m░&amp#27;[0m&amp#27;[32m░&amp#27;[0m&amp#27;[32m░&amp#27;[0m&amp#27;[32m░&amp#27;[0m&amp#27;[32m░&amp#27;[0m&amp#27;[32m░&amp#27;[0m&amp#27;[32m░&amp#27;[0m&amp#27;[32m░&amp#27;[0m&amp#27;[32m░&amp#27;[0m&amp#27;[32m▒&amp#27;[0m&amp#27;[32m█&amp#27;[0m&amp#27;[32m▒&amp#27;[0m&amp#27;[32m█&amp#27;[0m&amp#27;[32m█&amp#27;[0m&amp#27;[32m█&amp#27;[0m&amp#27;[32m█&amp#27;[0m&amp#27;[32m█&amp#27;[0m&amp#27;[32m█&amp#27;[0m&amp#27;[32m█&amp#27;[0m&amp#27;[32m█&amp#27;[0m&amp#27;[32m█&amp#27;[0m&amp#27;[32m█&amp#27;[0m&amp#27;[32m█&amp#27;[0m&amp#27;[32m▓&amp#27;[0m&amp#27;[32m▓&amp#27;[0m&amp#27;[33m▓&amp#27;[0m&amp#27;[32m▓&amp#27;[0m&amp#27;[32m▓&amp#27;[0m&amp#27;[32m▓&amp#27;[0m&amp#27;[32m▒&amp#27;[0m&amp#27;[32m▒&amp#27;[0m&amp#27;[32m▓&amp#27;[0m&amp#27;[32m▓&amp#27;[0m&amp#27;[32m▓&amp#27;[0m&amp#27;[32m▓&amp#27;[0m&amp#27;[34m▓&amp#27;[0m&amp#27;[34m▓&amp#27;[0m&amp#27;[33m▓&amp#27;[0m&amp#27;[33m▓&amp#27;[0m&amp#27;[33m▓&amp#27;[0m&amp#27;[33m▓&amp#27;[0m&amp#27;[33m▓&amp#27;[0m&amp#27;[33m▓&amp#27;[0m&amp#27;[33m▓&amp#27;[0m&amp#27;[33m▓&amp#27;[0m&amp#27;[33m▓&amp#27;[0m&amp#27;[32m▒&amp#27;[0m&amp#27;[33m▓&amp#27;[0m&amp#27;[33m▓&amp#27;[0m&amp#27;[33m▓&amp#27;[0m&amp#27;[33m▓&amp#27;[0m&amp#27;[33m▓&amp#27;[0m&amp#27;[33m▓&amp#27;[0m&amp#27;[33m▓&amp#27;[0m&amp#27;[33m▓&amp#27;[0m&amp#27;[33m▓&amp#27;[0m&amp#27;[33m▓&amp#27;[0m&amp#27;[32m▒&amp#27;[0m&amp#27;[32m▒&amp#27;[0m&amp#27;[32m▓&amp#27;[0m&amp#27;[32m▓&amp#27;[0m&amp#27;[33m▓&amp#27;[0m&amp#27;[33m▓&amp#27;[0m&amp#27;[33m▓&amp#27;[0m&amp#27;[32m▓&amp#27;[0m&amp#27;[32m▓&amp#27;[0m&amp#27;[32m▓&amp#27;[0m&amp#27;[32m▓&amp#27;[0m&amp#27;[32m▓&amp#27;[0m&amp#27;[32m▓&amp#27;[0m&amp#27;[33m▓&amp#27;[0m&amp#27;[32m▓&amp#27;[0m&amp#27;[32m▓&amp#27;[0m&amp#27;[34m▓&amp#27;[0m&amp#27;[34m▓&amp#27;[0m&amp#27;[32m▓&amp#27;[0m&amp#27;[32m▓&amp#27;[0m&amp#27;[32m▓&amp#27;[0m&amp#27;[32m▓&amp#27;[0m&amp#27;[32m▓&amp#27;[0m&amp#27;[34m▓&amp#27;[0m&amp#27;[32m▓&amp#27;[0m&amp#27;[32m▓&amp#27;[0m&amp#27;[32m▓&amp#27;[0m&amp#27;[32m▓&amp#27;[0m&amp#27;[32m▓&amp#27;[0m&amp#27;[32m█&amp#27;[0m&amp#27;[32m█&amp#27;[0m&amp#27;[32m█&amp#27;[0m&amp#27;[32m█&amp#27;[0m&amp#27;[32m█&amp#27;[0m&amp#27;[32m█&amp#27;[0m&amp#27;[32m█&amp#27;[0m&amp#27;[32m█&amp#27;[0m&amp#27;[32m█&amp#27;[0m&amp#27;[32m█&amp#27;[0m&amp#27;[32m▓&amp#27;[0m&amp#27;[32m░&amp#27;[0m&amp#27;[32m░&amp#27;[0m&amp#27;[34m▓&amp#27;[0m
&amp#27;[32m█&amp#27;[0m&amp#27;[33m▓&amp#27;[0m&amp#27;[32m█&amp#27;[0m&amp#27;[32m█&amp#27;[0m&amp#27;[32m█&amp#27;[0m&amp#27;[32m█&amp#27;[0m&amp#27;[33m▓&amp#27;[0m&amp#27;[33m▓&amp#27;[0m&amp#27;[33m▓&amp#27;[0m&amp#27;[32m░&amp#27;[0m&amp#27;[33m▓&amp#27;[0m&amp#27;[34m▓&amp#27;[0m&amp#27;[33m▓&amp#27;[0m&amp#27;[32m▓&amp#27;[0m&amp#27;[32m▓&amp#27;[0m&amp#27;[33m▓&amp#27;[0m&amp#27;[32m▓&amp#27;[0m&amp#27;[32m▓&amp#27;[0m&amp#27;[32m▓&amp#27;[0m&amp#27;[33m▓&amp#27;[0m&amp#27;[33m▓&amp#27;[0m&amp#27;[33m▓&amp#27;[0m&amp#27;[33m▓&amp#27;[0m&amp#27;[32m▓&amp#27;[0m&amp#27;[34m▓&amp#27;[0m&amp#27;[34m▓&amp#27;[0m&amp#27;[33m▓&amp#27;[0m&amp#27;[33m▓&amp#27;[0m&amp#27;[33m▓&amp#27;[0m&amp#27;[33m▓&amp#27;[0m&amp#27;[34m▓&amp#27;[0m&amp#27;[33m▓&amp#27;[0m&amp#27;[33m▓&amp#27;[0m&amp#27;[33m▓&amp#27;[0m&amp#27;[34m▓&amp#27;[0m&amp#27;[34m▓&amp#27;[0m&amp#27;[34m▓&amp#27;[0m&amp#27;[34m▓&amp#27;[0m&amp#27;[34m▓&amp#27;[0m&amp#27;[33m▓&amp#27;[0m&amp#27;[33m▓&amp#27;[0m&amp#27;[33m▓&amp#27;[0m&amp#27;[33m▓&amp#27;[0m&amp#27;[33m▓&amp#27;[0m&amp#27;[33m▓&amp#27;[0m&amp#27;[32m▓&amp#27;[0m&amp#27;[32m▓&amp#27;[0m&amp#27;[32m▓&amp#27;[0m&amp#27;[33m▓&amp#27;[0m&amp#27;[34m▓&amp#27;[0m&amp#27;[33m▓&amp#27;[0m&amp#27;[33m▓&amp#27;[0m&amp#27;[33m▓&amp#27;[0m&amp#27;[33m▓&amp#27;[0m&amp#27;[32m▒&amp#27;[0m&amp#27;[34m▓&amp#27;[0m&amp#27;[32m▓&amp#27;[0m&amp#27;[33m▓&amp#27;[0m&amp#27;[34m▓&amp#27;[0m&amp#27;[32m▒&amp#27;[0m&amp#27;[34m▓&amp#27;[0m&amp#27;[34m▓&amp#27;[0m&amp#27;[34m▓&amp#27;[0m&amp#27;[32m█&amp#27;[0m&amp#27;[32m█&amp#27;[0m&amp#27;[32m▒&amp#27;[0m&amp#27;[32m█&amp#27;[0m&amp#27;[32m█&amp#27;[0m&amp#27;[32m▒&amp#27;[0m&amp#27;[32m█&amp#27;[0m&amp#27;[32m█&amp#27;[0m&amp#27;[32m█&amp#27;[0m&amp#27;[32m█&amp#27;[0m&amp#27;[32m█&amp#27;[0m&amp#27;[32m█&amp#27;[0m&amp#27;[32m▒&amp#27;[0m&amp#27;[32m█&amp#27;[0m&amp#27;[32m█&amp#27;[0m&amp#27;[32m█&amp#27;[0m&amp#27;[32m▒&amp#27;[0m&amp#27;[32m█&amp#27;[0m&amp#27;[32m█&amp#27;[0m&amp#27;[32m█&amp#27;[0m&amp#27;[32m▒&amp#27;[0m&amp#27;[32m▒&amp#27;[0m&amp#27;[32m█&amp#27;[0m&amp#27;[32m█&amp#27;[0m&amp#27;[33m▓&amp#27;[0m&amp#27;[33m▓&amp#27;[0m&amp#27;[32m▒&amp#27;[0m&amp#27;[32m▒&amp#27;[0m&amp#27;[33m▓&amp#27;[0m&amp#27;[33m▓&amp#27;[0m&amp#27;[33m▓&amp#27;[0m&amp#27;[33m▓&amp#27;[0m&amp#27;[32m▒&amp#27;[0m&amp#27;[33m▓&amp#27;[0m&amp#27;[33m▓&amp#27;[0m&amp#27;[33m▓&amp#27;[0m&amp#27;[32m▒&amp#27;[0m&amp#27;[33m▓&amp#27;[0m&amp#27;[33m▓&amp#27;[0m&amp#27;[34m▓&amp#27;[0m&amp#27;[32m▒&amp#27;[0m&amp#27;[32m▒&amp#27;[0m&amp#27;[32m▓&amp#27;[0m&amp#27;[32m▓&amp#27;[0m&amp#27;[32m▒&amp#27;[0m&amp#27;[32m▓&amp#27;[0m&amp#27;[32m▓&amp#27;[0m&amp#27;[32m▓&amp#27;[0m&amp#27;[32m▒&amp#27;[0m&amp#27;[32m▓&amp#27;[0m&amp#27;[32m▓&amp#27;[0m&amp#27;[34m▓&amp#27;[0m&amp#27;[33m▓&amp#27;[0m&amp#27;[33m▓&amp#27;[0m&amp#27;[33m▓&amp#27;[0m&amp#27;[33m▓&amp#27;[0m&amp#27;[33m▓&amp#27;[0m&amp#27;[33m▓&amp#27;[0m&amp#27;[33m▓&amp#27;[0m&amp#27;[33m▓&amp#27;[0m&amp#27;[33m▓&amp#27;[0m&amp#27;[32m▒&amp#27;[0m&amp#27;[33m▓&amp#27;[0m&amp#27;[33m▓&amp#27;[0m&amp#27;[33m▓&amp#27;[0m&amp#27;[33m▓&amp#27;[0m&amp#27;[33m▓&amp#27;[0m&amp#27;[33m▓&amp#27;[0m&amp#27;[33m▓&amp#27;[0m&amp#27;[32m▒&amp#27;[0m&amp#27;[33m▓&amp#27;[0m&amp#27;[33m▓&amp#27;[0m&amp#27;[33m▓&amp#27;[0m&amp#27;[33m▓&amp#27;[0m&amp#27;[33m▓&amp#27;[0m&amp#27;[32m▒&amp#27;[0m&amp#27;[33m▓&amp#27;[0m&amp#27;[33m▓&amp#27;[0m&amp#27;[33m▓&amp#27;[0m&amp#27;[33m▓&amp#27;[0m&amp#27;[33m▓&amp#27;[0m&amp#27;[33m▓&amp#27;[0m&amp#27;[33m▓&amp#27;[0m&amp#27;[33m▓&amp#27;[0m&amp#27;[33m▓&amp#27;[0m&amp#27;[33m▓&amp#27;[0m&amp#27;[33m▓&amp#27;[0m&amp#27;[32m▒&amp#27;[0m&amp#27;[33m▓&amp#27;[0m&amp#27;[33m▓&amp#27;[0m&amp#27;[32m▒&amp#27;[0m&amp#27;[32m▒&amp#27;[0m&amp#27;[32m█&amp#27;[0m&amp#27;[32m█&amp#27;[0m&amp#27;[32m█&amp#27;[0m&amp#27;[32m█&amp#27;[0m&amp#27;[32m█&amp#27;[0m&amp#27;[32m█&amp#27;[0m&amp#27;[33m▓&amp#27;[0m&amp#27;[32m█&amp#27;[0m&amp#27;[32m█&amp#27;[0m&amp#27;[32m█&amp#27;[0m&amp#27;[33m▓&amp#27;[0m&amp#27;[32m░&amp#27;[0m&amp#27;[32m░&amp#27;[0m&amp#27;[32m░&amp#27;[0m&amp#27;[32m░&amp#27;[0m&amp#27;[32m░&amp#27;[0m&amp#27;[34m▓&amp#27;[0m&amp#27;[32m░&amp#27;[0m&amp#27;[34m▓&amp#27;[0m&amp#27;[34m▓&amp#27;[0m&amp#27;[34m▓&amp#27;[0m&amp#27;[34m▓&amp#27;[0m&amp#27;[34m▓&amp#27;[0m&amp#27;[34m▓&amp#27;[0m&amp#27;[34m▓&amp#27;[0m&amp#27;[32m█&amp#27;[0m&amp#27;[32m▒&amp#27;[0m&amp#27;[32m▓&amp#27;[0m&amp#27;[32m▓&amp#27;[0m&amp#27;[32m█&amp#27;[0m&amp#27;[32m▓&amp#27;[0m&amp#27;[32m▓&amp#27;[0m&amp#27;[32m▓&amp#27;[0m&amp#27;[32m▓&amp#27;[0m&amp#27;[32m▓&amp#27;[0m&amp#27;[32m▒&amp#27;[0m&amp#27;[33m▓&amp#27;[0m&amp#27;[33m▓&amp#27;[0m&amp#27;[33m▓&amp#27;[0m&amp#27;[32m░&amp#27;[0m&amp#27;[32m░&amp#27;[0m&amp#27;[32m▒&amp#27;[0m&amp#27;[32m░&amp#27;[0m&amp#27;[32m░&amp#27;[0m&amp#27;[32m░&amp#27;[0m&amp#27;[32m░&amp#27;[0m&amp#27;[32m▒&amp#27;[0m&amp#27;[32m░&amp#27;[0m&amp#27;[32m░&amp#27;[0m&amp#27;[32m░&amp#27;[0m&amp#27;[32m░&amp#27;[0m&amp#27;[32m▒&amp#27;[0m&amp#27;[32m▒&amp#27;[0m&amp#27;[32m█&amp#27;[0m&amp#27;[32m█&amp#27;[0m&amp#27;[32m█&amp#27;[0m&amp#27;[32m█&amp#27;[0m&amp#27;[33m▓&amp#27;[0m&amp#27;[33m▓&amp#27;[0m&amp#27;[33m▓&amp#27;[0m&amp#27;[32m█&amp#27;[0m&amp#27;[32m█&amp#27;[0m&amp#27;[32m█&amp#27;[0m&amp#27;[32m█&amp#27;[0m&amp#27;[32m█&amp#27;[0m&amp#27;[32m█&amp#27;[0m&amp#27;[32m█&amp#27;[0m&amp#27;[32m█&amp#27;[0m&amp#27;[32m█&amp#27;[0m&amp#27;[32m█&amp#27;[0m&amp#27;[32m▓&amp#27;[0m&amp#27;[32m▓&amp#27;[0m&amp#27;[32m▒&amp#27;[0m&amp#27;[32m▓&amp#27;[0m&amp#27;[32m▓&amp#27;[0m&amp#27;[32m▓&amp#27;[0m&amp#27;[32m▓&amp#27;[0m&amp#27;[32m▓&amp#27;[0m&amp#27;[32m▓&amp#27;[0m&amp#27;[32m▓&amp#27;[0m&amp#27;[32m▒&amp#27;[0m&amp#27;[34m▓&amp#27;[0m&amp#27;[33m▓&amp#27;[0m&amp#27;[33m▓&amp#27;[0m&amp#27;[33m▓&amp#27;[0m&amp#27;[33m▓&amp#27;[0m&amp#27;[33m▓&amp#27;[0m&amp#27;[33m▓&amp#27;[0m&amp#27;[33m▓&amp#27;[0m&amp#27;[33m▓&amp#27;[0m&amp#27;[33m▓&amp#27;[0m&amp#27;[33m▓&amp#27;[0m&amp#27;[33m▓&amp#27;[0m&amp#27;[33m▓&amp#27;[0m&amp#27;[33m▓&amp#27;[0m&amp#27;[33m▓&amp#27;[0m&amp#27;[33m▓&amp#27;[0m&amp#27;[33m▓&amp#27;[0m&amp#27;[33m▓&amp#27;[0m&amp#27;[33m▓&amp#27;[0m&amp#27;[33m▓&amp#27;[0m&amp#27;[33m▓&amp#27;[0m&amp#27;[32m▓&amp#27;[0m&amp#27;[32m▓&amp#27;[0m&amp#27;[32m▓&amp#27;[0m&amp#27;[33m▓&amp#27;[0m&amp#27;[33m▓&amp#27;[0m&amp#27;[33m▓&amp#27;[0m&amp#27;[33m▓&amp#27;[0m&amp#27;[33m▓&amp#27;[0m&amp#27;[32m▓&amp#27;[0m&amp#27;[32m▓&amp#27;[0m&amp#27;[32m▓&amp#27;[0m&amp#27;[32m▓&amp#27;[0m&amp#27;[32m▓&amp#27;[0m&amp#27;[32m▓&amp#27;[0m&amp#27;[32m▓&amp#27;[0m&amp#27;[32m▓&amp#27;[0m&amp#27;[32m▓&amp#27;[0m&amp#27;[32m▓&amp#27;[0m&amp#27;[32m▓&amp#27;[0m&amp#27;[32m▓&amp#27;[0m&amp#27;[32m█&amp#27;[0m&amp#27;[32m█&amp#27;[0m&amp#27;[32m█&amp#27;[0m&amp#27;[32m▓&amp#27;[0m&amp#27;[32m▓&amp#27;[0m&amp#27;[32m▓&amp#27;[0m&amp#27;[32m▓&amp#27;[0m&amp#27;[32m▓&amp#27;[0m&amp#27;[32m▓&amp#27;[0m&amp#27;[32m▓&amp#27;[0m&amp#27;[32m▓&amp#27;[0m&amp#27;[32m█&amp#27;[0m&amp#27;[32m█&amp#27;[0m&amp#27;[32m█&amp#27;[0m&amp#27;[32m█&amp#27;[0m&amp#27;[32m█&amp#27;[0m&amp#27;[32m█&amp#27;[0m&amp#27;[32m▓&amp#27;[0m&amp#27;[32m▓&amp#27;[0m&amp#27;[32m▓&amp#27;[0m&amp#27;[32m░&amp#27;[0m&amp#27;[34m▓&amp#27;[0m&amp#27;[34m▓&amp#27;[0m
&amp#27;[32m█&amp#27;[0m&amp#27;[32m█&amp#27;[0m&amp#27;[32m█&amp#27;[0m&amp#27;[33m▓&amp#27;[0m&amp#27;[32m█&amp#27;[0m&amp#27;[32m█&amp#27;[0m&amp#27;[32m█&amp#27;[0m&amp#27;[32m█&amp#27;[0m&amp#27;[34m▓&amp#27;[0m&amp#27;[34m▓&amp#27;[0m&amp#27;[33m▓&amp#27;[0m&amp#27;[34m▓&amp#27;[0m&amp#27;[34m▓&amp#27;[0m&amp#27;[33m▓&amp#27;[0m&amp#27;[32m▓&amp#27;[0m&amp#27;[33m▓&amp#27;[0m&amp#27;[33m▓&amp#27;[0m&amp#27;[33m▓&amp#27;[0m&amp#27;[33m▓&amp#27;[0m&amp#27;[33m▓&amp#27;[0m&amp#27;[33m▓&amp#27;[0m&amp#27;[33m▓&amp#27;[0m&amp#27;[33m▓&amp#27;[0m&amp#27;[33m▓&amp#27;[0m&amp#27;[33m▓&amp#27;[0m&amp#27;[34m▓&amp#27;[0m&amp#27;[34m▓&amp#27;[0m&amp#27;[34m▓&amp#27;[0m&amp#27;[34m▓&amp#27;[0m&amp#27;[33m▓&amp#27;[0m&amp#27;[34m▓&amp#27;[0m&amp#27;[34m▓&amp#27;[0m&amp#27;[34m▓&amp#27;[0m&amp#27;[34m▓&amp#27;[0m&amp#27;[34m▓&amp#27;[0m&amp#27;[33m▓&amp#27;[0m&amp#27;[34m▓&amp#27;[0m&amp#27;[33m▓&amp#27;[0m&amp#27;[33m▓&amp#27;[0m&amp#27;[33m▓&amp#27;[0m&amp#27;[33m▓&amp#27;[0m&amp#27;[33m▓&amp#27;[0m&amp#27;[33m▓&amp#27;[0m&amp#27;[33m▓&amp#27;[0m&amp#27;[33m▓&amp#27;[0m&amp#27;[33m▓&amp#27;[0m&amp#27;[33m▓&amp#27;[0m&amp#27;[34m▓&amp#27;[0m&amp#27;[34m▓&amp#27;[0m&amp#27;[33m▓&amp#27;[0m&amp#27;[33m▓&amp#27;[0m&amp#27;[33m▓&amp#27;[0m&amp#27;[33m▓&amp#27;[0m&amp#27;[33m▓&amp#27;[0m&amp#27;[32m▒&amp#27;[0m&amp#27;[32m▒&amp#27;[0m&amp#27;[34m▓&amp#27;[0m&amp#27;[34m▓&amp#27;[0m&amp#27;[34m▓&amp#27;[0m&amp#27;[32m▒&amp#27;[0m&amp#27;[32m▒&amp#27;[0m&amp#27;[34m▓&amp#27;[0m&amp#27;[32m▒&amp#27;[0m&amp#27;[32m▒&amp#27;[0m&amp#27;[33m▓&amp#27;[0m&amp#27;[32m▒&amp#27;[0m&amp#27;[32m█&amp#27;[0m&amp#27;[32m█&amp#27;[0m&amp#27;[32m▒&amp#27;[0m&amp#27;[32m▒&amp#27;[0m&amp#27;[32m█&amp#27;[0m&amp#27;[32m█&amp#27;[0m&amp#27;[32m▒&amp#27;[0m&amp#27;[32m▒&amp#27;[0m&amp#27;[32m█&amp#27;[0m&amp#27;[32m█&amp#27;[0m&amp#27;[32m▒&amp#27;[0m&amp#27;[32m█&amp#27;[0m&amp#27;[32m█&amp#27;[0m&amp#27;[32m▒&amp#27;[0m&amp#27;[32m█&amp#27;[0m&amp#27;[32m█&amp#27;[0m&amp#27;[32m░&amp#27;[0m&amp#27;[34m▓&amp#27;[0m&amp#27;[32m█&amp#27;[0m&amp#27;[32m█&amp#27;[0m&amp#27;[32m█&amp#27;[0m&amp#27;[34m▓&amp#27;[0m&amp#27;[34m▓&amp#27;[0m&amp#27;[33m▓&amp#27;[0m&amp#27;[32m▒&amp#27;[0m&amp#27;[32m▒&amp#27;[0m&amp#27;[33m▓&amp#27;[0m&amp#27;[33m▓&amp#27;[0m&amp#27;[33m▓&amp#27;[0m&amp#27;[33m▓&amp#27;[0m&amp#27;[33m▓&amp#27;[0m&amp#27;[33m▓&amp#27;[0m&amp#27;[33m▓&amp#27;[0m&amp#27;[33m▓&amp#27;[0m&amp#27;[32m▒&amp#27;[0m&amp#27;[33m▓&amp#27;[0m&amp#27;[33m▓&amp#27;[0m&amp#27;[32m▓&amp#27;[0m&amp#27;[32m▓&amp#27;[0m&amp#27;[32m▓&amp#27;[0m&amp#27;[32m▓&amp#27;[0m&amp#27;[32m▓&amp#27;[0m&amp#27;[32m▓&amp#27;[0m&amp#27;[32m▓&amp#27;[0m&amp#27;[32m▓&amp#27;[0m&amp#27;[32m▓&amp#27;[0m&amp#27;[32m▓&amp#27;[0m&amp#27;[32m▒&amp#27;[0m&amp#27;[32m▒&amp#27;[0m&amp#27;[33m▓&amp#27;[0m&amp#27;[33m▓&amp#27;[0m&amp#27;[33m▓&amp#27;[0m&amp#27;[33m▓&amp#27;[0m&amp#27;[32m▒&amp#27;[0m&amp#27;[33m▓&amp#27;[0m&amp#27;[33m▓&amp#27;[0m&amp#27;[33m▓&amp#27;[0m&amp#27;[33m▓&amp#27;[0m&amp#27;[33m▓&amp#27;[0m&amp#27;[33m▓&amp#27;[0m&amp#27;[32m▒&amp#27;[0m&amp#27;[33m▓&amp#27;[0m&amp#27;[33m▓&amp#27;[0m&amp#27;[33m▓&amp#27;[0m&amp#27;[33m▓&amp#27;[0m&amp#27;[33m▓&amp#27;[0m&amp#27;[32m▒&amp#27;[0m&amp#27;[32m▒&amp#27;[0m&amp#27;[33m▓&amp#27;[0m&amp#27;[32m▒&amp#27;[0m&amp#27;[33m▓&amp#27;[0m&amp#27;[33m▓&amp#27;[0m&amp#27;[32m▒&amp#27;[0m&amp#27;[33m▓&amp#27;[0m&amp#27;[32m▒&amp#27;[0m&amp#27;[33m▓&amp#27;[0m&amp#27;[33m▓&amp#27;[0m&amp#27;[33m▓&amp#27;[0m&amp#27;[33m▓&amp#27;[0m&amp#27;[33m▓&amp#27;[0m&amp#27;[33m▓&amp#27;[0m&amp#27;[33m▓&amp#27;[0m&amp#27;[33m▓&amp#27;[0m&amp#27;[33m▓&amp#27;[0m&amp#27;[33m▓&amp#27;[0m&amp#27;[33m▓&amp#27;[0m&amp#27;[33m▓&amp#27;[0m&amp#27;[32m█&amp#27;[0m&amp#27;[32m▒&amp#27;[0m&amp#27;[32m█&amp#27;[0m&amp#27;[32m█&amp#27;[0m&amp#27;[32m█&amp#27;[0m&amp#27;[32m▒&amp#27;[0m&amp#27;[32m█&amp#27;[0m&amp#27;[32m█&amp#27;[0m&amp#27;[32m▒&amp#27;[0m&amp#27;[32m▒&amp#27;[0m&amp#27;[32m█&amp#27;[0m&amp#27;[32m█&amp#27;[0m&amp#27;[32m█&amp#27;[0m&amp#27;[34m▓&amp#27;[0m&amp#27;[34m▓&amp#27;[0m&amp#27;[34m▓&amp#27;[0m&amp#27;[32m░&amp#27;[0m&amp#27;[34m▓&amp#27;[0m&amp#27;[34m▓&amp#27;[0m&amp#27;[34m▓&amp#27;[0m&amp#27;[34m▓&amp#27;[0m&amp#27;[32m▓&amp#27;[0m&amp#27;[32m▓&amp#27;[0m&amp#27;[32m▒&amp#27;[0m&amp#27;[34m▓&amp#27;[0m&amp#27;[34m▓&amp#27;[0m&amp#27;[32m▒&amp#27;[0m&amp#27;[34m▓&amp#27;[0m&amp#27;[32m▓&amp#27;[0m&amp#27;[32m▓&amp#27;[0m&amp#27;[32m▓&amp#27;[0m&amp#27;[32m▓&amp#27;[0m&amp#27;[32m▓&amp#27;[0m&amp#27;[32m▓&amp#27;[0m&amp#27;[32m▓&amp#27;[0m&amp#27;[32m▓&amp#27;[0m&amp#27;[32m▓&amp#27;[0m&amp#27;[32m░&amp#27;[0m&amp#27;[32m▒&amp#27;[0m&amp#27;[32m░&amp#27;[0m&amp#27;[32m░&amp#27;[0m&amp#27;[32m░&amp#27;[0m&amp#27;[32m░&amp#27;[0m&amp#27;[32m░&amp#27;[0m&amp#27;[32m░&amp#27;[0m&amp#27;[32m░&amp#27;[0m&amp#27;[32m▒&amp#27;[0m&amp#27;[32m░&amp#27;[0m&amp#27;[32m█&amp#27;[0m&amp#27;[32m▒&amp#27;[0m&amp#27;[32m░&amp#27;[0m&amp#27;[32m░&amp#27;[0m&amp#27;[32m░&amp#27;[0m&amp#27;[32m░&amp#27;[0m&amp#27;[32m█&amp#27;[0m&amp#27;[32m█&amp#27;[0m&amp#27;[32m█&amp#27;[0m&amp#27;[32m▒&amp#27;[0m&amp#27;[32m█&amp#27;[0m&amp#27;[33m▓&amp#27;[0m&amp#27;[33m▓&amp#27;[0m&amp#27;[33m▓&amp#27;[0m&amp#27;[32m█&amp#27;[0m&amp#27;[32m█&amp#27;[0m&amp#27;[32m█&amp#27;[0m&amp#27;[32m█&amp#27;[0m&amp#27;[32m█&amp#27;[0m&amp#27;[32m█&amp#27;[0m&amp#27;[32m█&amp#27;[0m&amp#27;[32m█&amp#27;[0m&amp#27;[32m█&amp#27;[0m&amp#27;[32m▒&amp#27;[0m&amp#27;[32m█&amp#27;[0m&amp#27;[32m▓&amp#27;[0m&amp#27;[32m▓&amp#27;[0m&amp#27;[32m█&amp#27;[0m&amp#27;[32m▓&amp#27;[0m&amp#27;[32m▓&amp#27;[0m&amp#27;[32m▓&amp#27;[0m&amp#27;[32m▓&amp#27;[0m&amp#27;[32m▓&amp#27;[0m&amp#27;[32m▓&amp#27;[0m&amp#27;[32m▓&amp#27;[0m&amp#27;[34m▓&amp#27;[0m&amp#27;[33m▓&amp#27;[0m&amp#27;[33m▓&amp#27;[0m&amp#27;[33m▓&amp#27;[0m&amp#27;[33m▓&amp#27;[0m&amp#27;[33m▓&amp#27;[0m&amp#27;[33m▓&amp#27;[0m&amp#27;[33m▓&amp#27;[0m&amp#27;[33m▓&amp#27;[0m&amp#27;[33m▓&amp#27;[0m&amp#27;[33m▓&amp#27;[0m&amp#27;[33m▓&amp#27;[0m&amp#27;[33m▓&amp#27;[0m&amp#27;[33m▓&amp#27;[0m&amp#27;[33m▓&amp#27;[0m&amp#27;[33m▓&amp#27;[0m&amp#27;[33m▓&amp#27;[0m&amp#27;[33m▓&amp#27;[0m&amp#27;[33m▓&amp#27;[0m&amp#27;[33m▓&amp#27;[0m&amp#27;[33m▓&amp#27;[0m&amp#27;[32m▓&amp#27;[0m&amp#27;[32m▓&amp#27;[0m&amp#27;[32m▒&amp#27;[0m&amp#27;[33m▓&amp#27;[0m&amp#27;[33m▓&amp#27;[0m&amp#27;[33m▓&amp#27;[0m&amp#27;[33m▓&amp#27;[0m&amp#27;[33m▓&amp#27;[0m&amp#27;[32m▓&amp#27;[0m&amp#27;[32m▓&amp#27;[0m&amp#27;[32m▓&amp#27;[0m&amp#27;[32m▓&amp#27;[0m&amp#27;[32m▓&amp#27;[0m&amp#27;[32m▓&amp#27;[0m&amp#27;[32m▓&amp#27;[0m&amp#27;[32m▓&amp#27;[0m&amp#27;[32m▓&amp#27;[0m&amp#27;[32m▓&amp#27;[0m&amp#27;[32m▓&amp#27;[0m&amp#27;[32m▓&amp#27;[0m&amp#27;[32m█&amp#27;[0m&amp#27;[32m█&amp#27;[0m&amp#27;[32m█&amp#27;[0m&amp#27;[32m█&amp#27;[0m&amp#27;[32m▒&amp#27;[0m&amp#27;[32m▓&amp#27;[0m&amp#27;[32m▓&amp#27;[0m&amp#27;[32m▓&amp#27;[0m&amp#27;[32m▓&amp#27;[0m&amp#27;[33m▓&amp#27;[0m&amp#27;[32m▓&amp#27;[0m&amp#27;[32m▓&amp#27;[0m&amp#27;[32m▓&amp#27;[0m&amp#27;[32m▓&amp#27;[0m&amp#27;[32m▓&amp#27;[0m&amp#27;[33m▓&amp#27;[0m&amp#27;[32m▓&amp#27;[0m&amp#27;[32m▓&amp#27;[0m&amp#27;[32m▓&amp#27;[0m&amp#27;[32m▓&amp#27;[0m&amp#27;[32m▓&amp#27;[0m&amp#27;[34m▓&amp#27;[0m&amp#27;[34m▓&amp#27;[0m
&amp#27;[32m█&amp#27;[0m&amp#27;[32m█&amp#27;[0m&amp#27;[33m▓&amp#27;[0m&amp#27;[32m█&amp#27;[0m&amp#27;[32m█&amp#27;[0m&amp#27;[32m█&amp#27;[0m&amp#27;[32m█&amp#27;[0m&amp#27;[33m▓&amp#27;[0m&amp#27;[34m▓&amp#27;[0m&amp#27;[34m▓&amp#27;[0m&amp#27;[34m▓&amp#27;[0m&amp#27;[33m▓&amp#27;[0m&amp#27;[34m▓&amp#27;[0m&amp#27;[34m▓&amp#27;[0m&amp#27;[34m▓&amp#27;[0m&amp#27;[34m▓&amp#27;[0m&amp#27;[33m▓&amp#27;[0m&amp#27;[33m▓&amp#27;[0m&amp#27;[33m▓&amp#27;[0m&amp#27;[33m▓&amp#27;[0m&amp#27;[33m▓&amp#27;[0m&amp#27;[33m▓&amp#27;[0m&amp#27;[33m▓&amp#27;[0m&amp#27;[33m▓&amp#27;[0m&amp#27;[33m▓&amp#27;[0m&amp#27;[33m▓&amp#27;[0m&amp#27;[32m░&amp#27;[0m&amp#27;[34m▓&amp#27;[0m&amp#27;[32m█&amp#27;[0m&amp#27;[34m▓&amp#27;[0m&amp#27;[32m█&amp#27;[0m&amp#27;[32m▓&amp#27;[0m&amp#27;[33m▓&amp#27;[0m&amp#27;[33m▓&amp#27;[0m&amp#27;[34m▓&amp#27;[0m&amp#27;[33m▓&amp#27;[0m&amp#27;[33m▓&amp#27;[0m&amp#27;[33m▓&amp#27;[0m&amp#27;[33m▓&amp#27;[0m&amp#27;[33m▓&amp#27;[0m&amp#27;[33m▓&amp#27;[0m&amp#27;[33m▓&amp#27;[0m&amp#27;[33m▓&amp#27;[0m&amp#27;[33m▓&amp#27;[0m&amp#27;[33m▓&amp#27;[0m&amp#27;[33m▓&amp#27;[0m&amp#27;[33m▓&amp#27;[0m&amp#27;[33m▓&amp#27;[0m&amp#27;[34m▓&amp#27;[0m&amp#27;[34m▓&amp#27;[0m&amp#27;[34m▓&amp#27;[0m&amp#27;[33m▓&amp#27;[0m&amp#27;[33m▓&amp#27;[0m&amp#27;[33m▓&amp#27;[0m&amp#27;[34m▓&amp#27;[0m&amp#27;[34m▓&amp#27;[0m&amp#27;[34m▓&amp#27;[0m&amp#27;[32m░&amp#27;[0m&amp#27;[32m▒&amp#27;[0m&amp#27;[32m▓&amp#27;[0m&amp#27;[32m▓&amp#27;[0m&amp#27;[32m▓&amp#27;[0m&amp#27;[32m░&amp#27;[0m&amp#27;[34m▓&amp#27;[0m&amp#27;[32m█&amp#27;[0m&amp#27;[32m▒&amp#27;[0m&amp#27;[32m█&amp#27;[0m&amp#27;[32m█&amp#27;[0m&amp#27;[32m█&amp#27;[0m&amp#27;[32m█&amp#27;[0m&amp#27;[32m█&amp#27;[0m&amp#27;[32m█&amp#27;[0m&amp#27;[32m█&amp#27;[0m&amp#27;[32m█&amp#27;[0m&amp#27;[32m▒&amp#27;[0m&amp#27;[32m█&amp#27;[0m&amp#27;[32m█&amp#27;[0m&amp#27;[32m█&amp#27;[0m&amp#27;[32m█&amp#27;[0m&amp#27;[32m█&amp#27;[0m&amp#27;[32m▒&amp#27;[0m&amp#27;[32m█&amp#27;[0m&amp#27;[34m▓&amp#27;[0m&amp#27;[32m▒&amp#27;[0m&amp#27;[32m█&amp#27;[0m&amp#27;[32m█&amp#27;[0m&amp#27;[32m▒&amp#27;[0m&amp#27;[33m▓&amp#27;[0m&amp#27;[33m▓&amp#27;[0m&amp#27;[33m▓&amp#27;[0m&amp#27;[33m▓&amp#27;[0m&amp#27;[33m▓&amp#27;[0m&amp#27;[33m▓&amp#27;[0m&amp#27;[33m▓&amp#27;[0m&amp#27;[32m▒&amp#27;[0m&amp#27;[33m▓&amp#27;[0m&amp#27;[33m▓&amp#27;[0m&amp#27;[33m▓&amp#27;[0m&amp#27;[32m▒&amp#27;[0m&amp#27;[33m▓&amp#27;[0m&amp#27;[33m▓&amp#27;[0m&amp#27;[33m▓&amp#27;[0m&amp#27;[33m▓&amp#27;[0m&amp#27;[33m▓&amp#27;[0m&amp#27;[32m█&amp#27;[0m&amp#27;[32m▓&amp#27;[0m&amp#27;[32m▒&amp#27;[0m&amp#27;[32m▓&amp#27;[0m&amp#27;[32m▓&amp#27;[0m&amp#27;[32m▓&amp#27;[0m&amp#27;[32m▒&amp#27;[0m&amp#27;[32m▓&amp#27;[0m&amp#27;[32m▓&amp#27;[0m&amp#27;[32m▓&amp#27;[0m&amp#27;[32m▒&amp#27;[0m&amp#27;[32m▒&amp#27;[0m&amp#27;[32m▒&amp#27;[0m&amp#27;[33m▓&amp#27;[0m&amp#27;[33m▓&amp#27;[0m&amp#27;[33m▓&amp#27;[0m&amp#27;[33m▓&amp#27;[0m&amp#27;[33m▓&amp#27;[0m&amp#27;[33m▓&amp#27;[0m&amp#27;[33m▓&amp#27;[0m&amp#27;[33m▓&amp#27;[0m&amp#27;[33m▓&amp#27;[0m&amp#27;[33m▓&amp#27;[0m&amp#27;[32m▒&amp#27;[0m&amp#27;[32m▒&amp#27;[0m&amp#27;[33m▓&amp#27;[0m&amp#27;[33m▓&amp#27;[0m&amp#27;[33m▓&amp#27;[0m&amp#27;[33m▓&amp#27;[0m&amp#27;[33m▓&amp#27;[0m&amp#27;[33m▓&amp#27;[0m&amp#27;[33m▓&amp#27;[0m&amp#27;[33m▓&amp#27;[0m&amp#27;[33m▓&amp#27;[0m&amp#27;[32m▒&amp#27;[0m&amp#27;[33m▓&amp#27;[0m&amp#27;[33m▓&amp#27;[0m&amp#27;[33m▓&amp#27;[0m&amp#27;[33m▓&amp#27;[0m&amp#27;[32m▒&amp#27;[0m&amp#27;[33m▓&amp#27;[0m&amp#27;[33m▓&amp#27;[0m&amp#27;[32m▒&amp#27;[0m&amp#27;[33m▓&amp#27;[0m&amp#27;[33m▓&amp#27;[0m&amp#27;[32m▒&amp#27;[0m&amp#27;[32m▒&amp#27;[0m&amp#27;[33m▓&amp#27;[0m&amp#27;[33m▓&amp#27;[0m&amp#27;[32m█&amp#27;[0m&amp#27;[32m█&amp#27;[0m&amp#27;[32m█&amp#27;[0m&amp#27;[32m█&amp#27;[0m&amp#27;[33m▓&amp#27;[0m&amp#27;[32m█&amp#27;[0m&amp#27;[32m█&amp#27;[0m&amp#27;[32m█&amp#27;[0m&amp#27;[32m█&amp#27;[0m&amp#27;[32m█&amp#27;[0m&amp#27;[32m█&amp#27;[0m&amp#27;[32m█&amp#27;[0m&amp#27;[32m█&amp#27;[0m&amp#27;[34m▓&amp#27;[0m&amp#27;[32m▒&amp#27;[0m&amp#27;[34m▓&amp#27;[0m&amp#27;[34m▓&amp#27;[0m&amp#27;[32m▓&amp#27;[0m&amp#27;[32m▓&amp#27;[0m&amp#27;[32m▓&amp#27;[0m&amp#27;[32m▓&amp#27;[0m&amp#27;[32m▓&amp#27;[0m&amp#27;[32m▓&amp#27;[0m&amp#27;[34m▓&amp#27;[0m&amp#27;[34m▓&amp#27;[0m&amp#27;[34m▓&amp#27;[0m&amp#27;[34m▓&amp#27;[0m&amp#27;[34m▓&amp#27;[0m&amp#27;[32m▒&amp#27;[0m&amp#27;[32m▓&amp#27;[0m&amp#27;[32m▓&amp#27;[0m&amp#27;[32m▓&amp#27;[0m&amp#27;[32m▓&amp#27;[0m&amp#27;[32m▓&amp#27;[0m&amp#27;[32m▓&amp#27;[0m&amp#27;[32m▓&amp#27;[0m&amp#27;[32m░&amp#27;[0m&amp#27;[32m░&amp#27;[0m&amp#27;[32m░&amp#27;[0m&amp#27;[32m░&amp#27;[0m&amp#27;[32m░&amp#27;[0m&amp#27;[32m░&amp#27;[0m&amp#27;[32m▓&amp#27;[0m&amp#27;[32m░&amp#27;[0m&amp#27;[32m▒&amp#27;[0m&amp#27;[32m░&amp#27;[0m&amp#27;[32m░&amp#27;[0m&amp#27;[32m░&amp#27;[0m&amp#27;[32m░&amp#27;[0m&amp#27;[32m░&amp#27;[0m&amp#27;[32m▓&amp#27;[0m&amp#27;[32m░&amp#27;[0m&amp#27;[32m░&amp#27;[0m&amp#27;[32m█&amp#27;[0m&amp#27;[32m█&amp#27;[0m&amp#27;[32m█&amp#27;[0m&amp#27;[32m█&amp#27;[0m&amp#27;[32m█&amp#27;[0m&amp#27;[32m█&amp#27;[0m&amp#27;[32m▒&amp#27;[0m&amp#27;[33m▓&amp#27;[0m&amp#27;[33m▓&amp#27;[0m&amp#27;[32m█&amp#27;[0m&amp#27;[32m█&amp#27;[0m&amp#27;[32m█&amp#27;[0m&amp#27;[32m█&amp#27;[0m&amp#27;[32m█&amp#27;[0m&amp#27;[32m█&amp#27;[0m&amp#27;[32m█&amp#27;[0m&amp#27;[32m█&amp#27;[0m&amp#27;[32m█&amp#27;[0m&amp#27;[32m█&amp#27;[0m&amp#27;[32m█&amp#27;[0m&amp#27;[32m▓&amp#27;[0m&amp#27;[32m█&amp#27;[0m&amp#27;[32m█&amp#27;[0m&amp#27;[32m▒&amp#27;[0m&amp#27;[32m▓&amp#27;[0m&amp#27;[32m▓&amp#27;[0m&amp#27;[32m▓&amp#27;[0m&amp#27;[32m▓&amp#27;[0m&amp#27;[32m▓&amp#27;[0m&amp#27;[34m▓&amp#27;[0m&amp#27;[34m▓&amp#27;[0m&amp#27;[33m▓&amp#27;[0m&amp#27;[33m▓&amp#27;[0m&amp#27;[33m▓&amp#27;[0m&amp#27;[33m▓&amp#27;[0m&amp#27;[33m▓&amp#27;[0m&amp#27;[33m▓&amp#27;[0m&amp#27;[33m▓&amp#27;[0m&amp#27;[33m▓&amp#27;[0m&amp#27;[33m▓&amp#27;[0m&amp#27;[33m▓&amp#27;[0m&amp#27;[33m▓&amp#27;[0m&amp#27;[33m▓&amp#27;[0m&amp#27;[33m▓&amp#27;[0m&amp#27;[33m▓&amp#27;[0m&amp#27;[33m▓&amp#27;[0m&amp#27;[32m▒&amp#27;[0m&amp#27;[33m▓&amp#27;[0m&amp#27;[33m▓&amp#27;[0m&amp#27;[33m▓&amp#27;[0m&amp#27;[33m▓&amp#27;[0m&amp#27;[32m▓&amp#27;[0m&amp#27;[32m▓&amp#27;[0m&amp#27;[32m▓&amp#27;[0m&amp#27;[32m▒&amp#27;[0m&amp#27;[33m▓&amp#27;[0m&amp#27;[33m▓&amp#27;[0m&amp#27;[33m▓&amp#27;[0m&amp#27;[33m▓&amp#27;[0m&amp#27;[32m▓&amp#27;[0m&amp#27;[32m▓&amp#27;[0m&amp#27;[32m▓&amp#27;[0m&amp#27;[32m▓&amp#27;[0m&amp#27;[32m▓&amp#27;[0m&amp#27;[32m▓&amp#27;[0m&amp#27;[32m▓&amp#27;[0m&amp#27;[32m▓&amp#27;[0m&amp#27;[32m▓&amp#27;[0m&amp#27;[32m▓&amp#27;[0m&amp#27;[32m▓&amp#27;[0m&amp#27;[32m▓&amp#27;[0m&amp#27;[32m█&amp#27;[0m&amp#27;[32m█&amp#27;[0m&amp#27;[32m█&amp#27;[0m&amp#27;[32m█&amp#27;[0m&amp#27;[32m█&amp#27;[0m&amp#27;[32m▓&amp#27;[0m&amp#27;[32m▓&amp#27;[0m&amp#27;[32m▓&amp#27;[0m&amp#27;[32m▓&amp#27;[0m&amp#27;[32m▓&amp#27;[0m&amp#27;[32m▓&amp#27;[0m&amp#27;[32m▒&amp#27;[0m&amp#27;[32m▓&amp#27;[0m&amp#27;[32m▓&amp#27;[0m&amp#27;[32m▓&amp#27;[0m&amp#27;[32m▓&amp#27;[0m&amp#27;[32m▓&amp#27;[0m&amp#27;[32m▓&amp#27;[0m&amp#27;[32m▓&amp#27;[0m&amp#27;[32m▓&amp#27;[0m&amp#27;[32m▓&amp#27;[0m&amp#27;[34m▓&amp#27;[0m&amp#27;[34m▓&amp#27;[0m
&amp#27;[33m▓&amp#27;[0m&amp#27;[32m█&amp#27;[0m&amp#27;[33m▓&amp#27;[0m&amp#27;[32m█&amp#27;[0m&amp#27;[32m█&amp#27;[0m&amp#27;[32m█&amp#27;[0m&amp#27;[32m█&amp#27;[0m&amp#27;[32m█&amp#27;[0m&amp#27;[34m▓&amp#27;[0m&amp#27;[34m▓&amp#27;[0m&amp#27;[34m▓&amp#27;[0m&amp#27;[34m▓&amp#27;[0m&amp#27;[34m▓&amp#27;[0m&amp#27;[34m▓&amp#27;[0m&amp#27;[34m▓&amp#27;[0m&amp#27;[33m▓&amp#27;[0m&amp#27;[33m▓&amp#27;[0m&amp#27;[33m▓&amp#27;[0m&amp#27;[33m▓&amp#27;[0m&amp#27;[33m▓&amp#27;[0m&amp#27;[33m▓&amp#27;[0m&amp#27;[33m▓&amp#27;[0m&amp#27;[33m▓&amp#27;[0m&amp#27;[33m▓&amp#27;[0m&amp#27;[33m▓&amp#27;[0m&amp#27;[33m▓&amp#27;[0m&amp#27;[33m▓&amp#27;[0m&amp#27;[32m█&amp#27;[0m&amp#27;[32m█&amp#27;[0m&amp#27;[32m█&amp#27;[0m&amp#27;[32m█&amp#27;[0m&amp#27;[32m█&amp#27;[0m&amp#27;[34m▓&amp#27;[0m&amp#27;[34m▓&amp#27;[0m&amp#27;[34m▓&amp#27;[0m&amp#27;[33m▓&amp#27;[0m&amp#27;[33m▓&amp#27;[0m&amp#27;[33m▓&amp#27;[0m&amp#27;[33m▓&amp#27;[0m&amp#27;[33m▓&amp#27;[0m&amp#27;[33m▓&amp#27;[0m&amp#27;[33m▓&amp#27;[0m&amp#27;[33m▓&amp#27;[0m&amp#27;[33m▓&amp#27;[0m&amp#27;[33m▓&amp#27;[0m&amp#27;[33m▓&amp#27;[0m&amp#27;[33m▓&amp#27;[0m&amp#27;[33m▓&amp#27;[0m&amp#27;[33m▓&amp#27;[0m&amp#27;[34m▓&amp#27;[0m&amp#27;[33m▓&amp#27;[0m&amp#27;[34m▓&amp#27;[0m&amp#27;[32m█&amp#27;[0m&amp#27;[32m░&amp#27;[0m&amp#27;[33m▓&amp#27;[0m&amp#27;[32m▒&amp#27;[0m&amp#27;[33m▓&amp#27;[0m&amp#27;[32m█&amp#27;[0m&amp#27;[32m░&amp#27;[0m&amp#27;[32m▒&amp#27;[0m&amp#27;[32m▓&amp#27;[0m&amp#27;[32m▓&amp#27;[0m&amp#27;[34m▓&amp#27;[0m&amp#27;[34m▓&amp#27;[0m&amp#27;[33m▓&amp#27;[0m&amp#27;[33m▓&amp#27;[0m&amp#27;[33m▓&amp#27;[0m&amp#27;[32m█&amp#27;[0m&amp#27;[32m▒&amp#27;[0m&amp#27;[32m▒&amp#27;[0m&amp#27;[34m▓&amp#27;[0m&amp#27;[32m░&amp#27;[0m&amp#27;[32m█&amp#27;[0m&amp#27;[32m█&amp#27;[0m&amp#27;[32m█&amp#27;[0m&amp#27;[32m▒&amp#27;[0m&amp#27;[32m█&amp#27;[0m&amp#27;[32m█&amp#27;[0m&amp#27;[32m▒&amp#27;[0m&amp#27;[32m█&amp#27;[0m&amp#27;[32m█&amp#27;[0m&amp#27;[32m█&amp#27;[0m&amp#27;[32m█&amp#27;[0m&amp#27;[32m▒&amp#27;[0m&amp#27;[34m▓&amp#27;[0m&amp#27;[34m▓&amp#27;[0m&amp#27;[34m▓&amp#27;[0m&amp#27;[34m▓&amp#27;[0m&amp#27;[33m▓&amp#27;[0m&amp#27;[33m▓&amp#27;[0m&amp#27;[33m▓&amp#27;[0m&amp#27;[32m▒&amp#27;[0m&amp#27;[33m▓&amp#27;[0m&amp#27;[33m▓&amp#27;[0m&amp#27;[33m▓&amp#27;[0m&amp#27;[32m▒&amp#27;[0m&amp#27;[33m▓&amp#27;[0m&amp#27;[33m▓&amp#27;[0m&amp#27;[33m▓&amp#27;[0m&amp#27;[32m▒&amp#27;[0m&amp#27;[33m▓&amp#27;[0m&amp#27;[33m▓&amp#27;[0m&amp#27;[32m▒&amp#27;[0m&amp#27;[32m▒&amp#27;[0m&amp#27;[32m▓&amp#27;[0m&amp#27;[32m▓&amp#27;[0m&amp#27;[32m▒&amp#27;[0m&amp#27;[32m▒&amp#27;[0m&amp#27;[32m▓&amp#27;[0m&amp#27;[32m▓&amp#27;[0m&amp#27;[32m▓&amp#27;[0m&amp#27;[32m▓&amp#27;[0m&amp#27;[32m▓&amp#27;[0m&amp#27;[32m▓&amp#27;[0m&amp#27;[33m▓&amp#27;[0m&amp#27;[33m▓&amp#27;[0m&amp#27;[32m▒&amp#27;[0m&amp#27;[33m▓&amp#27;[0m&amp#27;[33m▓&amp#27;[0m&amp#27;[33m▓&amp#27;[0m&amp#27;[33m▓&amp#27;[0m&amp#27;[33m▓&amp#27;[0m&amp#27;[33m▓&amp#27;[0m&amp#27;[33m▓&amp#27;[0m&amp#27;[33m▓&amp#27;[0m&amp#27;[32m▒&amp#27;[0m&amp#27;[33m▓&amp#27;[0m&amp#27;[33m▓&amp#27;[0m&amp#27;[33m▓&amp#27;[0m&amp#27;[33m▓&amp#27;[0m&amp#27;[33m▓&amp#27;[0m&amp#27;[33m▓&amp#27;[0m&amp#27;[33m▓&amp#27;[0m&amp#27;[33m▓&amp#27;[0m&amp#27;[33m▓&amp#27;[0m&amp#27;[33m▓&amp#27;[0m&amp#27;[33m▓&amp#27;[0m&amp#27;[33m▓&amp#27;[0m&amp#27;[33m▓&amp#27;[0m&amp#27;[32m▒&amp#27;[0m&amp#27;[33m▓&amp#27;[0m&amp#27;[32m▒&amp#27;[0m&amp#27;[33m▓&amp#27;[0m&amp#27;[33m▓&amp#27;[0m&amp#27;[33m▓&amp#27;[0m&amp#27;[33m▓&amp#27;[0m&amp#27;[33m▓&amp#27;[0m&amp#27;[33m▓&amp#27;[0m&amp#27;[33m▓&amp#27;[0m&amp#27;[33m▓&amp#27;[0m&amp#27;[33m▓&amp#27;[0m&amp#27;[33m▓&amp#27;[0m&amp#27;[33m▓&amp#27;[0m&amp#27;[32m█&amp#27;[0m&amp#27;[32m█&amp#27;[0m&amp#27;[32m█&amp#27;[0m&amp#27;[32m█&amp#27;[0m&amp#27;[32m█&amp#27;[0m&amp#27;[32m█&amp#27;[0m&amp#27;[32m▒&amp#27;[0m&amp#27;[32m█&amp#27;[0m&amp#27;[32m█&amp#27;[0m&amp#27;[32m▒&amp#27;[0m&amp#27;[32m▒&amp#27;[0m&amp#27;[32m█&amp#27;[0m&amp#27;[32m▒&amp#27;[0m&amp#27;[34m▓&amp#27;[0m&amp#27;[32m▒&amp#27;[0m&amp#27;[34m▓&amp#27;[0m&amp#27;[32m▒&amp#27;[0m&amp#27;[32m▓&amp#27;[0m&amp#27;[32m▒&amp#27;[0m&amp#27;[32m▓&amp#27;[0m&amp#27;[32m▒&amp#27;[0m&amp#27;[32m▓&amp#27;[0m&amp#27;[32m▒&amp#27;[0m&amp#27;[32m▓&amp#27;[0m&amp#27;[32m█&amp#27;[0m&amp#27;[34m▓&amp#27;[0m&amp#27;[32m░&amp#27;[0m&amp#27;[34m▓&amp#27;[0m&amp#27;[34m▓&amp#27;[0m&amp#27;[32m▒&amp#27;[0m&amp#27;[32m░&amp#27;[0m&amp#27;[32m▓&amp#27;[0m&amp#27;[32m▓&amp#27;[0m&amp#27;[32m▓&amp#27;[0m&amp#27;[32m▓&amp#27;[0m&amp#27;[32m░&amp#27;[0m&amp#27;[32m░&amp#27;[0m&amp#27;[32m░&amp#27;[0m&amp#27;[32m░&amp#27;[0m&amp#27;[32m▒&amp#27;[0m&amp#27;[32m░&amp#27;[0m&amp#27;[32m░&amp#27;[0m&amp#27;[32m░&amp#27;[0m&amp#27;[32m░&amp#27;[0m&amp#27;[32m░&amp#27;[0m&amp#27;[32m░&amp#27;[0m&amp#27;[32m░&amp#27;[0m&amp#27;[32m░&amp#27;[0m&amp#27;[32m░&amp#27;[0m&amp#27;[32m░&amp#27;[0m&amp#27;[32m░&amp#27;[0m&amp#27;[32m░&amp#27;[0m&amp#27;[32m▒&amp#27;[0m&amp#27;[32m█&amp#27;[0m&amp#27;[32m▒&amp#27;[0m&amp#27;[32m█&amp#27;[0m&amp#27;[32m█&amp#27;[0m&amp#27;[32m█&amp#27;[0m&amp#27;[32m█&amp#27;[0m&amp#27;[32m█&amp#27;[0m&amp#27;[32m█&amp#27;[0m&amp#27;[32m█&amp#27;[0m&amp#27;[32m█&amp#27;[0m&amp#27;[32m█&amp#27;[0m&amp#27;[32m█&amp#27;[0m&amp#27;[32m█&amp#27;[0m&amp#27;[32m█&amp#27;[0m&amp#27;[32m█&amp#27;[0m&amp#27;[32m█&amp#27;[0m&amp#27;[32m█&amp#27;[0m&amp#27;[32m█&amp#27;[0m&amp#27;[32m█&amp#27;[0m&amp#27;[32m▒&amp#27;[0m&amp#27;[32m▒&amp#27;[0m&amp#27;[32m█&amp#27;[0m&amp#27;[32m█&amp#27;[0m&amp#27;[32m█&amp#27;[0m&amp#27;[32m█&amp#27;[0m&amp#27;[32m▓&amp#27;[0m&amp#27;[32m▓&amp#27;[0m&amp#27;[32m▓&amp#27;[0m&amp#27;[32m▓&amp#27;[0m&amp#27;[34m▓&amp#27;[0m&amp#27;[34m▓&amp#27;[0m&amp#27;[34m▓&amp#27;[0m&amp#27;[33m▓&amp#27;[0m&amp#27;[33m▓&amp#27;[0m&amp#27;[33m▓&amp#27;[0m&amp#27;[32m▒&amp#27;[0m&amp#27;[32m▒&amp#27;[0m&amp#27;[32m▒&amp#27;[0m&amp#27;[33m▓&amp#27;[0m&amp#27;[33m▓&amp#27;[0m&amp#27;[33m▓&amp#27;[0m&amp#27;[33m▓&amp#27;[0m&amp#27;[33m▓&amp#27;[0m&amp#27;[33m▓&amp#27;[0m&amp#27;[33m▓&amp#27;[0m&amp#27;[33m▓&amp#27;[0m&amp#27;[33m▓&amp#27;[0m&amp#27;[33m▓&amp#27;[0m&amp#27;[32m▒&amp#27;[0m&amp#27;[33m▓&amp#27;[0m&amp#27;[32m▓&amp#27;[0m&amp#27;[32m▓&amp#27;[0m&amp#27;[32m▓&amp#27;[0m&amp#27;[32m▓&amp#27;[0m&amp#27;[32m▓&amp#27;[0m&amp#27;[33m▓&amp#27;[0m&amp#27;[33m▓&amp#27;[0m&amp#27;[33m▓&amp#27;[0m&amp#27;[32m▓&amp#27;[0m&amp#27;[32m▓&amp#27;[0m&amp#27;[32m▓&amp#27;[0m&amp#27;[32m▓&amp#27;[0m&amp#27;[32m▓&amp#27;[0m&amp#27;[32m█&amp#27;[0m&amp#27;[32m▓&amp#27;[0m&amp#27;[32m▓&amp#27;[0m&amp#27;[32m▓&amp#27;[0m&amp#27;[32m▓&amp#27;[0m&amp#27;[32m▓&amp#27;[0m&amp#27;[32m▓&amp#27;[0m&amp#27;[32m▓&amp#27;[0m&amp#27;[32m▓&amp#27;[0m&amp#27;[32m▓&amp#27;[0m&amp#27;[33m▓&amp#27;[0m&amp#27;[32m█&amp#27;[0m&amp#27;[32m▓&amp#27;[0m&amp#27;[32m▓&amp#27;[0m&amp#27;[32m▓&amp#27;[0m&amp#27;[32m▓&amp#27;[0m&amp#27;[32m▓&amp#27;[0m&amp#27;[32m▓&amp#27;[0m&amp#27;[32m▓&amp#27;[0m&amp#27;[32m▓&amp#27;[0m&amp#27;[32m▓&amp#27;[0m&amp#27;[32m▓&amp#27;[0m&amp#27;[32m▓&amp#27;[0m&amp#27;[32m▓&amp#27;[0m&amp#27;[32m▓&amp#27;[0m&amp#27;[32m▓&amp#27;[0m&amp#27;[32m▓&amp#27;[0m&amp#27;[32m█&amp#27;[0m&amp#27;[32m▓&amp#27;[0m&amp#27;[34m▓&amp#27;[0m&amp#27;[32m░&amp#27;[0m
&amp#27;[32m█&amp#27;[0m&amp#27;[32m█&amp#27;[0m&amp#27;[33m▓&amp#27;[0m&amp#27;[33m▓&amp#27;[0m&amp#27;[33m▓&amp#27;[0m&amp#27;[32m█&amp#27;[0m&amp#27;[33m▓&amp#27;[0m&amp#27;[34m▓&amp#27;[0m&amp#27;[33m▓&amp#27;[0m&amp#27;[32m█&amp#27;[0m&amp#27;[34m▓&amp#27;[0m&amp#27;[33m▓&amp#27;[0m&amp#27;[34m▓&amp#27;[0m&amp#27;[33m▓&amp#27;[0m&amp#27;[33m▓&amp#27;[0m&amp#27;[33m▓&amp#27;[0m&amp#27;[33m▓&amp#27;[0m&amp#27;[33m▓&amp#27;[0m&amp#27;[33m▓&amp#27;[0m&amp#27;[33m▓&amp#27;[0m&amp#27;[33m▓&amp#27;[0m&amp#27;[33m▓&amp#27;[0m&amp#27;[33m▓&amp#27;[0m&amp#27;[33m▓&amp#27;[0m&amp#27;[33m▓&amp#27;[0m&amp#27;[33m▓&amp#27;[0m&amp#27;[33m▓&amp#27;[0m&amp#27;[33m▓&amp#27;[0m&amp#27;[33m▓&amp#27;[0m&amp#27;[33m▓&amp#27;[0m&amp#27;[32m█&amp#27;[0m&amp#27;[34m▓&amp#27;[0m&amp#27;[34m▓&amp#27;[0m&amp#27;[34m▓&amp#27;[0m&amp#27;[34m▓&amp#27;[0m&amp#27;[33m▓&amp#27;[0m&amp#27;[33m▓&amp#27;[0m&amp#27;[33m▓&amp#27;[0m&amp#27;[33m▓&amp#27;[0m&amp#27;[33m▓&amp#27;[0m&amp#27;[33m▓&amp#27;[0m&amp#27;[33m▓&amp#27;[0m&amp#27;[33m▓&amp#27;[0m&amp#27;[33m▓&amp#27;[0m&amp#27;[33m▓&amp#27;[0m&amp#27;[33m▓&amp#27;[0m&amp#27;[33m▓&amp#27;[0m&amp#27;[33m▓&amp#27;[0m&amp#27;[33m▓&amp#27;[0m&amp#27;[34m▓&amp#27;[0m&amp#27;[33m▓&amp#27;[0m&amp#27;[32m█&amp#27;[0m&amp#27;[32m█&amp#27;[0m&amp#27;[32m▒&amp#27;[0m&amp#27;[33m▓&amp#27;[0m&amp#27;[32m▒&amp#27;[0m&amp#27;[33m▓&amp#27;[0m&amp#27;[33m▓&amp#27;[0m&amp#27;[32m█&amp#27;[0m&amp#27;[32m█&amp#27;[0m&amp#27;[32m█&amp#27;[0m&amp#27;[32m▒&amp#27;[0m&amp#27;[32m░&amp#27;[0m&amp#27;[32m░&amp#27;[0m&amp#27;[32m▒&amp#27;[0m&amp#27;[33m▓&amp#27;[0m&amp#27;[32m░&amp#27;[0m&amp#27;[32m░&amp#27;[0m&amp#27;[32m░&amp#27;[0m&amp#27;[34m▓&amp#27;[0m&amp#27;[34m▓&amp#27;[0m&amp#27;[32m▒&amp#27;[0m&amp#27;[34m▓&amp#27;[0m&amp#27;[32m▒&amp#27;[0m&amp#27;[32m█&amp#27;[0m&amp#27;[32m▒&amp#27;[0m&amp#27;[32m█&amp#27;[0m&amp#27;[32m█&amp#27;[0m&amp#27;[32m█&amp#27;[0m&amp#27;[32m▒&amp#27;[0m&amp#27;[32m▒&amp#27;[0m&amp#27;[32m█&amp#27;[0m&amp#27;[32m█&amp#27;[0m&amp#27;[32m▒&amp#27;[0m&amp#27;[34m▓&amp#27;[0m&amp#27;[32m▒&amp#27;[0m&amp#27;[32m▒&amp#27;[0m&amp#27;[33m▓&amp#27;[0m&amp#27;[33m▓&amp#27;[0m&amp#27;[33m▓&amp#27;[0m&amp#27;[33m▓&amp#27;[0m&amp#27;[32m▒&amp#27;[0m&amp#27;[33m▓&amp#27;[0m&amp#27;[33m▓&amp#27;[0m&amp#27;[33m▓&amp#27;[0m&amp#27;[32m▒&amp#27;[0m&amp#27;[33m▓&amp#27;[0m&amp#27;[33m▓&amp#27;[0m&amp#27;[33m▓&amp#27;[0m&amp#27;[33m▓&amp#27;[0m&amp#27;[32m▒&amp#27;[0m&amp#27;[33m▓&amp#27;[0m&amp#27;[33m▓&amp#27;[0m&amp#27;[32m▒&amp#27;[0m&amp#27;[32m▓&amp#27;[0m&amp#27;[32m▓&amp#27;[0m&amp#27;[32m▓&amp#27;[0m&amp#27;[32m▒&amp#27;[0m&amp#27;[32m▓&amp#27;[0m&amp#27;[32m▓&amp#27;[0m&amp#27;[32m▓&amp#27;[0m&amp#27;[32m▓&amp#27;[0m&amp#27;[32m▓&amp#27;[0m&amp#27;[33m▓&amp#27;[0m&amp#27;[33m▓&amp#27;[0m&amp#27;[33m▓&amp#27;[0m&amp#27;[33m▓&amp#27;[0m&amp#27;[33m▓&amp#27;[0m&amp#27;[33m▓&amp#27;[0m&amp#27;[32m▒&amp#27;[0m&amp#27;[32m▒&amp#27;[0m&amp#27;[33m▓&amp#27;[0m&amp#27;[33m▓&amp#27;[0m&amp#27;[33m▓&amp#27;[0m&amp#27;[33m▓&amp#27;[0m&amp#27;[33m▓&amp#27;[0m&amp#27;[33m▓&amp#27;[0m&amp#27;[33m▓&amp#27;[0m&amp#27;[32m▒&amp#27;[0m&amp#27;[33m▓&amp#27;[0m&amp#27;[33m▓&amp#27;[0m&amp#27;[33m▓&amp#27;[0m&amp#27;[32m▒&amp#27;[0m&amp#27;[33m▓&amp#27;[0m&amp#27;[32m▒&amp#27;[0m&amp#27;[33m▓&amp#27;[0m&amp#27;[33m▓&amp#27;[0m&amp#27;[33m▓&amp#27;[0m&amp#27;[33m▓&amp#27;[0m&amp#27;[33m▓&amp#27;[0m&amp#27;[33m▓&amp#27;[0m&amp#27;[33m▓&amp#27;[0m&amp#27;[33m▓&amp#27;[0m&amp#27;[33m▓&amp#27;[0m&amp#27;[33m▓&amp#27;[0m&amp#27;[33m▓&amp#27;[0m&amp#27;[32m▒&amp#27;[0m&amp#27;[33m▓&amp#27;[0m&amp#27;[33m▓&amp#27;[0m&amp#27;[32m▒&amp#27;[0m&amp#27;[32m▒&amp#27;[0m&amp#27;[33m▓&amp#27;[0m&amp#27;[32m█&amp#27;[0m&amp#27;[32m█&amp#27;[0m&amp#27;[32m█&amp#27;[0m&amp#27;[32m█&amp#27;[0m&amp#27;[32m█&amp#27;[0m&amp#27;[32m█&amp#27;[0m&amp#27;[32m█&amp#27;[0m&amp#27;[32m█&amp#27;[0m&amp#27;[32m█&amp#27;[0m&amp#27;[32m█&amp#27;[0m&amp#27;[32m█&amp#27;[0m&amp#27;[32m█&amp#27;[0m&amp#27;[32m█&amp#27;[0m&amp#27;[34m▓&amp#27;[0m&amp#27;[34m▓&amp#27;[0m&amp#27;[34m▓&amp#27;[0m&amp#27;[32m▓&amp#27;[0m&amp#27;[32m▓&amp#27;[0m&amp#27;[32m▓&amp#27;[0m&amp#27;[32m▓&amp#27;[0m&amp#27;[32m▓&amp#27;[0m&amp#27;[32m▓&amp#27;[0m&amp#27;[32m▓&amp#27;[0m&amp#27;[32m▓&amp#27;[0m&amp#27;[32m▓&amp#27;[0m&amp#27;[32m▒&amp#27;[0m&amp#27;[32m░&amp#27;[0m&amp#27;[32m░&amp#27;[0m&amp#27;[32m░&amp#27;[0m&amp#27;[33m▓&amp#27;[0m&amp#27;[32m▓&amp#27;[0m&amp#27;[32m░&amp#27;[0m&amp#27;[32m░&amp#27;[0m&amp#27;[32m░&amp#27;[0m&amp#27;[32m▒&amp#27;[0m&amp#27;[32m█&amp#27;[0m&amp#27;[32m░&amp#27;[0m&amp#27;[32m░&amp#27;[0m&amp#27;[32m░&amp#27;[0m&amp#27;[32m░&amp#27;[0m&amp#27;[32m▒&amp#27;[0m&amp#27;[32m░&amp#27;[0m&amp#27;[32m░&amp#27;[0m&amp#27;[32m░&amp#27;[0m&amp#27;[32m░&amp#27;[0m&amp#27;[32m▒&amp#27;[0m&amp#27;[32m░&amp#27;[0m&amp#27;[32m░&amp#27;[0m&amp#27;[32m░&amp#27;[0m&amp#27;[32m░&amp#27;[0m&amp#27;[32m▒&amp#27;[0m&amp#27;[32m░&amp#27;[0m&amp#27;[32m░&amp#27;[0m&amp#27;[32m█&amp#27;[0m&amp#27;[32m█&amp#27;[0m&amp#27;[32m█&amp#27;[0m&amp#27;[32m▒&amp#27;[0m&amp#27;[32m█&amp#27;[0m&amp#27;[32m█&amp#27;[0m&amp#27;[32m█&amp#27;[0m&amp#27;[32m█&amp#27;[0m&amp#27;[32m▒&amp#27;[0m&amp#27;[32m█&amp#27;[0m&amp#27;[32m█&amp#27;[0m&amp#27;[32m█&amp#27;[0m&amp#27;[32m█&amp#27;[0m&amp#27;[32m█&amp#27;[0m&amp#27;[32m█&amp#27;[0m&amp#27;[32m█&amp#27;[0m&amp#27;[32m█&amp#27;[0m&amp#27;[32m█&amp#27;[0m&amp#27;[32m▒&amp#27;[0m&amp#27;[32m█&amp#27;[0m&amp#27;[32m█&amp#27;[0m&amp#27;[32m█&amp#27;[0m&amp#27;[33m▓&amp#27;[0m&amp#27;[32m█&amp#27;[0m&amp#27;[32m█&amp#27;[0m&amp#27;[34m▓&amp#27;[0m&amp#27;[32m▒&amp#27;[0m&amp#27;[34m▓&amp#27;[0m&amp#27;[34m▓&amp#27;[0m&amp#27;[34m▓&amp#27;[0m&amp#27;[34m▓&amp#27;[0m&amp#27;[34m▓&amp#27;[0m&amp#27;[34m▓&amp#27;[0m&amp#27;[33m▓&amp#27;[0m&amp#27;[33m▓&amp#27;[0m&amp#27;[33m▓&amp#27;[0m&amp#27;[33m▓&amp#27;[0m&amp#27;[33m▓&amp#27;[0m&amp#27;[33m▓&amp#27;[0m&amp#27;[33m▓&amp#27;[0m&amp#27;[33m▓&amp#27;[0m&amp#27;[33m▓&amp#27;[0m&amp#27;[33m▓&amp#27;[0m&amp#27;[33m▓&amp#27;[0m&amp#27;[33m▓&amp#27;[0m&amp#27;[33m▓&amp#27;[0m&amp#27;[33m▓&amp#27;[0m&amp#27;[33m▓&amp#27;[0m&amp#27;[33m▓&amp#27;[0m&amp#27;[33m▓&amp#27;[0m&amp#27;[33m▓&amp#27;[0m&amp#27;[32m▓&amp#27;[0m&amp#27;[32m▓&amp#27;[0m&amp#27;[32m▓&amp#27;[0m&amp#27;[32m▓&amp#27;[0m&amp#27;[32m▓&amp#27;[0m&amp#27;[32m▓&amp#27;[0m&amp#27;[32m▓&amp#27;[0m&amp#27;[32m▓&amp#27;[0m&amp#27;[32m▓&amp#27;[0m&amp#27;[32m▓&amp#27;[0m&amp#27;[32m▓&amp#27;[0m&amp#27;[32m▓&amp#27;[0m&amp#27;[32m▓&amp#27;[0m&amp#27;[32m▓&amp#27;[0m&amp#27;[32m█&amp#27;[0m&amp#27;[32m▓&amp#27;[0m&amp#27;[32m▓&amp#27;[0m&amp#27;[32m▓&amp#27;[0m&amp#27;[32m▓&amp#27;[0m&amp#27;[32m▓&amp#27;[0m&amp#27;[32m▓&amp#27;[0m&amp#27;[32m▓&amp#27;[0m&amp#27;[33m▓&amp#27;[0m&amp#27;[33m▓&amp#27;[0m&amp#27;[33m▓&amp#27;[0m&amp#27;[32m▓&amp#27;[0m&amp#27;[32m▓&amp#27;[0m&amp#27;[32m▓&amp#27;[0m&amp#27;[32m▓&amp#27;[0m&amp#27;[32m▓&amp#27;[0m&amp#27;[32m▓&amp#27;[0m&amp#27;[32m▓&amp#27;[0m&amp#27;[32m▓&amp#27;[0m&amp#27;[32m▓&amp#27;[0m&amp#27;[32m▓&amp#27;[0m&amp#27;[32m▓&amp#27;[0m&amp#27;[32m▓&amp#27;[0m&amp#27;[32m▓&amp#27;[0m&amp#27;[32m▓&amp#27;[0m&amp#27;[32m▓&amp#27;[0m&amp#27;[32m▓&amp#27;[0m&amp#27;[32m▓&amp#27;[0m&amp#27;[32m▓&amp#27;[0m&amp#27;[34m▓&amp#27;[0m
&amp#27;[32m█&amp#27;[0m&amp#27;[32m█&amp#27;[0m&amp#27;[32m█&amp#27;[0m&amp#27;[33m▓&amp#27;[0m&amp#27;[32m█&amp#27;[0m&amp#27;[32m█&amp#27;[0m&amp#27;[33m▓&amp#27;[0m&amp#27;[34m▓&amp#27;[0m&amp#27;[34m▓&amp#27;[0m&amp#27;[33m▓&amp#27;[0m&amp#27;[34m▓&amp#27;[0m&amp#27;[33m▓&amp#27;[0m&amp#27;[33m▓&amp#27;[0m&amp#27;[33m▓&amp#27;[0m&amp#27;[33m▓&amp#27;[0m&amp#27;[33m▓&amp#27;[0m&amp#27;[33m▓&amp#27;[0m&amp#27;[33m▓&amp#27;[0m&amp#27;[33m▓&amp#27;[0m&amp#27;[33m▓&amp#27;[0m&amp#27;[33m▓&amp#27;[0m&amp#27;[33m▓&amp#27;[0m&amp#27;[33m▓&amp#27;[0m&amp#27;[33m▓&amp#27;[0m&amp#27;[33m▓&amp#27;[0m&amp#27;[33m▓&amp#27;[0m&amp#27;[33m▓&amp#27;[0m&amp#27;[33m▓&amp#27;[0m&amp#27;[34m▓&amp#27;[0m&amp#27;[32m░&amp#27;[0m&amp#27;[34m▓&amp#27;[0m&amp#27;[33m▓&amp#27;[0m&amp#27;[34m▓&amp#27;[0m&amp#27;[33m▓&amp#27;[0m&amp#27;[33m▓&amp#27;[0m&amp#27;[33m▓&amp#27;[0m&amp#27;[33m▓&amp#27;[0m&amp#27;[33m▓&amp#27;[0m&amp#27;[33m▓&amp#27;[0m&amp#27;[33m▓&amp#27;[0m&amp#27;[33m▓&amp#27;[0m&amp#27;[33m▓&amp#27;[0m&amp#27;[33m▓&amp#27;[0m&amp#27;[33m▓&amp#27;[0m&amp#27;[33m▓&amp#27;[0m&amp#27;[33m▓&amp#27;[0m&amp#27;[33m▓&amp#27;[0m&amp#27;[33m▓&amp#27;[0m&amp#27;[33m▓&amp#27;[0m&amp#27;[32m█&amp#27;[0m&amp#27;[33m▓&amp#27;[0m&amp#27;[32m▒&amp#27;[0m&amp#27;[33m▓&amp#27;[0m&amp#27;[33m▓&amp#27;[0m&amp#27;[33m▓&amp#27;[0m&amp#27;[33m▓&amp#27;[0m&amp#27;[32m▒&amp#27;[0m&amp#27;[33m▓&amp#27;[0m&amp#27;[32m▒&amp#27;[0m&amp#27;[32m▒&amp#27;[0m&amp#27;[32m█&amp#27;[0m&amp#27;[32m▒&amp#27;[0m&amp#27;[32m█&amp#27;[0m&amp#27;[32m░&amp#27;[0m&amp#27;[32m▒&amp#27;[0m&amp#27;[32m▒&amp#27;[0m&amp#27;[34m▓&amp#27;[0m&amp#27;[32m░&amp#27;[0m&amp#27;[32m▒&amp#27;[0m&amp#27;[32m▒&amp#27;[0m&amp#27;[34m▓&amp#27;[0m&amp#27;[34m▓&amp#27;[0m&amp#27;[33m▓&amp#27;[0m&amp#27;[34m▓&amp#27;[0m&amp#27;[34m▓&amp#27;[0m&amp#27;[32m▒&amp#27;[0m&amp#27;[32m█&amp#27;[0m&amp#27;[32m█&amp#27;[0m&amp#27;[32m█&amp#27;[0m&amp#27;[32m█&amp#27;[0m&amp#27;[32m█&amp#27;[0m&amp#27;[32m█&amp#27;[0m&amp#27;[32m█&amp#27;[0m&amp#27;[32m█&amp#27;[0m&amp#27;[32m█&amp#27;[0m&amp#27;[34m▓&amp#27;[0m&amp#27;[32m▒&amp#27;[0m&amp#27;[33m▓&amp#27;[0m&amp#27;[33m▓&amp#27;[0m&amp#27;[33m▓&amp#27;[0m&amp#27;[33m▓&amp#27;[0m&amp#27;[33m▓&amp#27;[0m&amp#27;[33m▓&amp#27;[0m&amp#27;[33m▓&amp#27;[0m&amp#27;[33m▓&amp#27;[0m&amp#27;[33m▓&amp#27;[0m&amp#27;[32m▒&amp#27;[0m&amp#27;[33m▓&amp#27;[0m&amp#27;[33m▓&amp#27;[0m&amp#27;[33m▓&amp#27;[0m&amp#27;[33m▓&amp#27;[0m&amp#27;[33m▓&amp#27;[0m&amp#27;[33m▓&amp#27;[0m&amp#27;[33m▓&amp#27;[0m&amp#27;[33m▓&amp#27;[0m&amp#27;[32m▓&amp#27;[0m&amp#27;[32m▓&amp#27;[0m&amp#27;[32m▓&amp#27;[0m&amp#27;[32m▓&amp#27;[0m&amp#27;[32m▒&amp#27;[0m&amp#27;[32m▒&amp#27;[0m&amp#27;[32m▓&amp#27;[0m&amp#27;[32m▓&amp#27;[0m&amp#27;[33m▓&amp#27;[0m&amp#27;[33m▓&amp#27;[0m&amp#27;[32m▒&amp#27;[0m&amp#27;[33m▓&amp#27;[0m&amp#27;[33m▓&amp#27;[0m&amp#27;[33m▓&amp#27;[0m&amp#27;[33m▓&amp#27;[0m&amp#27;[33m▓&amp#27;[0m&amp#27;[33m▓&amp#27;[0m&amp#27;[32m▒&amp#27;[0m&amp#27;[33m▓&amp#27;[0m&amp#27;[33m▓&amp#27;[0m&amp#27;[33m▓&amp#27;[0m&amp#27;[33m▓&amp#27;[0m&amp#27;[33m▓&amp#27;[0m&amp#27;[32m▒&amp#27;[0m&amp#27;[32m▒&amp#27;[0m&amp#27;[33m▓&amp#27;[0m&amp#27;[33m▓&amp#27;[0m&amp#27;[33m▓&amp#27;[0m&amp#27;[33m▓&amp#27;[0m&amp#27;[32m▒&amp#27;[0m&amp#27;[33m▓&amp#27;[0m&amp#27;[33m▓&amp#27;[0m&amp#27;[33m▓&amp#27;[0m&amp#27;[33m▓&amp#27;[0m&amp#27;[33m▓&amp#27;[0m&amp#27;[33m▓&amp#27;[0m&amp#27;[33m▓&amp#27;[0m&amp#27;[33m▓&amp#27;[0m&amp#27;[33m▓&amp#27;[0m&amp#27;[33m▓&amp#27;[0m&amp#27;[33m▓&amp#27;[0m&amp#27;[33m▓&amp#27;[0m&amp#27;[33m▓&amp#27;[0m&amp#27;[33m▓&amp#27;[0m&amp#27;[34m▓&amp#27;[0m&amp#27;[32m█&amp#27;[0m&amp#27;[32m█&amp#27;[0m&amp#27;[32m█&amp#27;[0m&amp#27;[32m█&amp#27;[0m&amp#27;[32m▒&amp#27;[0m&amp#27;[32m█&amp#27;[0m&amp#27;[32m█&amp#27;[0m&amp#27;[32m█&amp#27;[0m&amp#27;[32m▒&amp#27;[0m&amp#27;[32m█&amp#27;[0m&amp#27;[32m█&amp#27;[0m&amp#27;[32m█&amp#27;[0m&amp#27;[32m█&amp#27;[0m&amp#27;[32m█&amp#27;[0m&amp#27;[34m▓&amp#27;[0m&amp#27;[34m▓&amp#27;[0m&amp#27;[34m▓&amp#27;[0m&amp#27;[34m▓&amp#27;[0m&amp#27;[32m▓&amp#27;[0m&amp#27;[32m▓&amp#27;[0m&amp#27;[32m▓&amp#27;[0m&amp#27;[32m▓&amp#27;[0m&amp#27;[32m▒&amp#27;[0m&amp#27;[32m▓&amp#27;[0m&amp#27;[32m▓&amp#27;[0m&amp#27;[32m▓&amp#27;[0m&amp#27;[32m▓&amp#27;[0m&amp#27;[34m▓&amp#27;[0m&amp#27;[34m▓&amp#27;[0m&amp#27;[32m░&amp#27;[0m&amp#27;[34m▓&amp#27;[0m&amp#27;[32m░&amp#27;[0m&amp#27;[32m▒&amp#27;[0m&amp#27;[32m░&amp#27;[0m&amp#27;[32m░&amp#27;[0m&amp#27;[32m░&amp#27;[0m&amp#27;[32m░&amp#27;[0m&amp#27;[32m▒&amp#27;[0m&amp#27;[32m░&amp#27;[0m&amp#27;[32m░&amp#27;[0m&amp#27;[32m░&amp#27;[0m&amp#27;[32m░&amp#27;[0m&amp#27;[32m░&amp#27;[0m&amp#27;[32m░&amp#27;[0m&amp#27;[32m▓&amp#27;[0m&amp#27;[32m░&amp#27;[0m&amp#27;[32m░&amp#27;[0m&amp#27;[32m░&amp#27;[0m&amp#27;[32m▒&amp#27;[0m&amp#27;[32m░&amp#27;[0m&amp#27;[32m░&amp#27;[0m&amp#27;[32m░&amp#27;[0m&amp#27;[32m▓&amp#27;[0m&amp#27;[32m░&amp#27;[0m&amp#27;[32m░&amp#27;[0m&amp#27;[32m█&amp#27;[0m&amp#27;[32m▒&amp#27;[0m&amp#27;[32m█&amp#27;[0m&amp#27;[32m█&amp#27;[0m&amp#27;[32m█&amp#27;[0m&amp#27;[32m█&amp#27;[0m&amp#27;[32m█&amp#27;[0m&amp#27;[32m█&amp#27;[0m&amp#27;[32m█&amp#27;[0m&amp#27;[32m▒&amp#27;[0m&amp#27;[32m█&amp#27;[0m&amp#27;[32m█&amp#27;[0m&amp#27;[32m█&amp#27;[0m&amp#27;[32m█&amp#27;[0m&amp#27;[33m▓&amp#27;[0m&amp#27;[32m▒&amp#27;[0m&amp#27;[32m█&amp#27;[0m&amp#27;[32m█&amp#27;[0m&amp#27;[32m█&amp#27;[0m&amp#27;[32m█&amp#27;[0m&amp#27;[32m█&amp#27;[0m&amp#27;[32m█&amp#27;[0m&amp#27;[32m▒&amp#27;[0m&amp#27;[32m█&amp#27;[0m&amp#27;[34m▓&amp#27;[0m&amp#27;[34m▓&amp#27;[0m&amp#27;[34m▓&amp#27;[0m&amp#27;[34m▓&amp#27;[0m&amp#27;[34m▓&amp#27;[0m&amp#27;[34m▓&amp#27;[0m&amp#27;[34m▓&amp#27;[0m&amp#27;[34m▓&amp#27;[0m&amp#27;[34m▓&amp#27;[0m&amp#27;[34m▓&amp#27;[0m&amp#27;[33m▓&amp#27;[0m&amp#27;[33m▓&amp#27;[0m&amp#27;[33m▓&amp#27;[0m&amp#27;[33m▓&amp#27;[0m&amp#27;[33m▓&amp#27;[0m&amp#27;[33m▓&amp#27;[0m&amp#27;[33m▓&amp#27;[0m&amp#27;[33m▓&amp#27;[0m&amp#27;[33m▓&amp#27;[0m&amp#27;[33m▓&amp#27;[0m&amp#27;[33m▓&amp#27;[0m&amp#27;[33m▓&amp#27;[0m&amp#27;[33m▓&amp#27;[0m&amp#27;[33m▓&amp#27;[0m&amp#27;[33m▓&amp#27;[0m&amp#27;[33m▓&amp#27;[0m&amp#27;[32m▒&amp#27;[0m&amp#27;[32m▓&amp#27;[0m&amp#27;[32m▓&amp#27;[0m&amp#27;[32m▓&amp#27;[0m&amp#27;[32m▓&amp#27;[0m&amp#27;[32m▓&amp#27;[0m&amp#27;[32m▓&amp#27;[0m&amp#27;[32m▓&amp#27;[0m&amp#27;[32m▓&amp#27;[0m&amp#27;[32m▓&amp#27;[0m&amp#27;[32m▓&amp#27;[0m&amp#27;[32m▓&amp#27;[0m&amp#27;[32m▓&amp#27;[0m&amp#27;[32m▓&amp#27;[0m&amp#27;[32m▓&amp#27;[0m&amp#27;[32m▓&amp#27;[0m&amp#27;[32m▓&amp#27;[0m&amp#27;[32m▓&amp#27;[0m&amp#27;[34m▓&amp#27;[0m&amp#27;[32m▓&amp#27;[0m&amp#27;[32m▓&amp#27;[0m&amp#27;[32m▓&amp#27;[0m&amp#27;[32m▒&amp#27;[0m&amp#27;[32m▓&amp#27;[0m&amp#27;[33m▓&amp#27;[0m&amp#27;[32m▓&amp#27;[0m&amp#27;[32m▓&amp#27;[0m&amp#27;[32m▓&amp#27;[0m&amp#27;[32m▓&amp#27;[0m&amp#27;[32m▓&amp#27;[0m&amp#27;[32m▓&amp#27;[0m&amp#27;[32m▓&amp#27;[0m&amp#27;[32m▓&amp#27;[0m&amp#27;[32m▓&amp#27;[0m&amp#27;[32m▓&amp#27;[0m&amp#27;[32m▓&amp#27;[0m&amp#27;[32m▓&amp#27;[0m&amp#27;[32m█&amp#27;[0m&amp#27;[32m▓&amp#27;[0m&amp#27;[32m▓&amp#27;[0m&amp#27;[32m▓&amp#27;[0m&amp#27;[32m▓&amp#27;[0m&amp#27;[32m▓&amp#27;[0m&amp#27;[32m▓&amp#27;[0m&amp#27;[34m▓&amp#27;[0m
&amp#27;[32m█&amp#27;[0m&amp#27;[32m█&amp#27;[0m&amp#27;[32m█&amp#27;[0m&amp#27;[33m▓&amp#27;[0m&amp#27;[32m█&amp#27;[0m&amp#27;[34m▓&amp#27;[0m&amp#27;[34m▓&amp#27;[0m&amp#27;[33m▓&amp#27;[0m&amp#27;[34m▓&amp#27;[0m&amp#27;[34m▓&amp#27;[0m&amp#27;[33m▓&amp#27;[0m&amp#27;[34m▓&amp#27;[0m&amp#27;[34m▓&amp#27;[0m&amp#27;[34m▓&amp#27;[0m&amp#27;[33m▓&amp#27;[0m&amp#27;[33m▓&amp#27;[0m&amp#27;[33m▓&amp#27;[0m&amp#27;[33m▓&amp#27;[0m&amp#27;[33m▓&amp#27;[0m&amp#27;[33m▓&amp#27;[0m&amp#27;[33m▓&amp#27;[0m&amp#27;[33m▓&amp#27;[0m&amp#27;[33m▓&amp#27;[0m&amp#27;[33m▓&amp#27;[0m&amp#27;[33m▓&amp#27;[0m&amp#27;[33m▓&amp#27;[0m&amp#27;[33m▓&amp#27;[0m&amp#27;[33m▓&amp#27;[0m&amp#27;[33m▓&amp#27;[0m&amp#27;[33m▓&amp#27;[0m&amp#27;[34m▓&amp#27;[0m&amp#27;[33m▓&amp#27;[0m&amp#27;[34m▓&amp#27;[0m&amp#27;[33m▓&amp#27;[0m&amp#27;[33m▓&amp#27;[0m&amp#27;[33m▓&amp#27;[0m&amp#27;[33m▓&amp#27;[0m&amp#27;[33m▓&amp#27;[0m&amp#27;[33m▓&amp#27;[0m&amp#27;[33m▓&amp#27;[0m&amp#27;[33m▓&amp#27;[0m&amp#27;[33m▓&amp#27;[0m&amp#27;[33m▓&amp#27;[0m&amp#27;[33m▓&amp#27;[0m&amp#27;[33m▓&amp#27;[0m&amp#27;[33m▓&amp#27;[0m&amp#27;[33m▓&amp#27;[0m&amp#27;[33m▓&amp#27;[0m&amp#27;[33m▓&amp#27;[0m&amp#27;[32m█&amp#27;[0m&amp#27;[33m▓&amp#27;[0m&amp#27;[33m▓&amp#27;[0m&amp#27;[33m▓&amp#27;[0m&amp#27;[33m▓&amp#27;[0m&amp#27;[32m▒&amp#27;[0m&amp#27;[33m▓&amp#27;[0m&amp#27;[33m▓&amp#27;[0m&amp#27;[33m▓&amp#27;[0m&amp#27;[32m█&amp#27;[0m&amp#27;[32m█&amp#27;[0m&amp#27;[32m█&amp#27;[0m&amp#27;[32m▒&amp#27;[0m&amp#27;[32m█&amp#27;[0m&amp#27;[32m▒&amp#27;[0m&amp#27;[32m▒&amp#27;[0m&amp#27;[32m▓&amp#27;[0m&amp#27;[34m▓&amp#27;[0m&amp#27;[34m▓&amp#27;[0m&amp#27;[34m▓&amp#27;[0m&amp#27;[34m▓&amp#27;[0m&amp#27;[32m▒&amp#27;[0m&amp#27;[34m▓&amp#27;[0m&amp#27;[34m▓&amp#27;[0m&amp#27;[32m█&amp#27;[0m&amp#27;[32m█&amp#27;[0m&amp#27;[32m█&amp#27;[0m&amp#27;[32m▒&amp#27;[0m&amp#27;[33m▓&amp#27;[0m&amp#27;[33m▓&amp#27;[0m&amp#27;[32m█&amp#27;[0m&amp#27;[32m█&amp#27;[0m&amp#27;[32m█&amp#27;[0m&amp#27;[32m▒&amp#27;[0m&amp#27;[32m█&amp#27;[0m&amp#27;[32m█&amp#27;[0m&amp#27;[33m▓&amp#27;[0m&amp#27;[33m▓&amp#27;[0m&amp#27;[33m▓&amp#27;[0m&amp#27;[33m▓&amp#27;[0m&amp#27;[33m▓&amp#27;[0m&amp#27;[32m▒&amp#27;[0m&amp#27;[33m▓&amp#27;[0m&amp#27;[33m▓&amp#27;[0m&amp#27;[33m▓&amp#27;[0m&amp#27;[32m▒&amp#27;[0m&amp#27;[33m▓&amp#27;[0m&amp#27;[33m▓&amp#27;[0m&amp#27;[32m▒&amp#27;[0m&amp#27;[33m▓&amp#27;[0m&amp#27;[33m▓&amp#27;[0m&amp#27;[33m▓&amp#27;[0m&amp#27;[33m▓&amp#27;[0m&amp#27;[32m▒&amp#27;[0m&amp#27;[33m▓&amp#27;[0m&amp#27;[33m▓&amp#27;[0m&amp#27;[32m▓&amp#27;[0m&amp#27;[32m▒&amp#27;[0m&amp#27;[32m▓&amp#27;[0m&amp#27;[32m▓&amp#27;[0m&amp#27;[33m▓&amp#27;[0m&amp#27;[32m▒&amp#27;[0m&amp#27;[32m▒&amp#27;[0m&amp#27;[32m▒&amp#27;[0m&amp#27;[33m▓&amp#27;[0m&amp#27;[33m▓&amp#27;[0m&amp#27;[33m▓&amp#27;[0m&amp#27;[33m▓&amp#27;[0m&amp#27;[33m▓&amp#27;[0m&amp#27;[32m▒&amp#27;[0m&amp#27;[33m▓&amp#27;[0m&amp#27;[33m▓&amp#27;[0m&amp#27;[33m▓&amp#27;[0m&amp#27;[33m▓&amp#27;[0m&amp#27;[32m▒&amp#27;[0m&amp#27;[32m▒&amp#27;[0m&amp#27;[33m▓&amp#27;[0m&amp#27;[33m▓&amp#27;[0m&amp#27;[33m▓&amp#27;[0m&amp#27;[33m▓&amp#27;[0m&amp#27;[33m▓&amp#27;[0m&amp#27;[33m▓&amp#27;[0m&amp#27;[33m▓&amp#27;[0m&amp#27;[33m▓&amp#27;[0m&amp#27;[33m▓&amp#27;[0m&amp#27;[32m▒&amp#27;[0m&amp#27;[33m▓&amp#27;[0m&amp#27;[33m▓&amp#27;[0m&amp#27;[33m▓&amp#27;[0m&amp#27;[33m▓&amp#27;[0m&amp#27;[32m▒&amp#27;[0m&amp#27;[33m▓&amp#27;[0m&amp#27;[32m▒&amp#27;[0m&amp#27;[32m▒&amp#27;[0m&amp#27;[33m▓&amp#27;[0m&amp#27;[33m▓&amp#27;[0m&amp#27;[32m▒&amp#27;[0m&amp#27;[32m▒&amp#27;[0m&amp#27;[33m▓&amp#27;[0m&amp#27;[33m▓&amp#27;[0m&amp#27;[34m▓&amp#27;[0m&amp#27;[34m▓&amp#27;[0m&amp#27;[32m█&amp#27;[0m&amp#27;[32m█&amp#27;[0m&amp#27;[32m█&amp#27;[0m&amp#27;[32m█&amp#27;[0m&amp#27;[32m█&amp#27;[0m&amp#27;[32m█&amp#27;[0m&amp#27;[32m█&amp#27;[0m&amp#27;[32m█&amp#27;[0m&amp#27;[32m█&amp#27;[0m&amp#27;[32m█&amp#27;[0m&amp#27;[32m█&amp#27;[0m&amp#27;[32m█&amp#27;[0m&amp#27;[32m▒&amp#27;[0m&amp#27;[34m▓&amp#27;[0m&amp#27;[32m█&amp#27;[0m&amp#27;[32m█&amp#27;[0m&amp#27;[32m█&amp#27;[0m&amp#27;[32m▓&amp#27;[0m&amp#27;[32m▓&amp#27;[0m&amp#27;[32m▓&amp#27;[0m&amp#27;[33m▓&amp#27;[0m&amp#27;[32m▓&amp#27;[0m&amp#27;[32m▓&amp#27;[0m&amp#27;[32m▓&amp#27;[0m&amp#27;[32m▓&amp#27;[0m&amp#27;[32m▓&amp#27;[0m&amp#27;[32m▒&amp#27;[0m&amp#27;[33m▓&amp#27;[0m&amp#27;[34m▓&amp#27;[0m&amp#27;[34m▓&amp#27;[0m&amp#27;[34m▓&amp#27;[0m&amp#27;[32m░&amp#27;[0m&amp#27;[32m░&amp#27;[0m&amp#27;[32m░&amp#27;[0m&amp#27;[32m░&amp#27;[0m&amp#27;[32m░&amp#27;[0m&amp#27;[32m░&amp#27;[0m&amp#27;[32m░&amp#27;[0m&amp#27;[32m░&amp#27;[0m&amp#27;[32m░&amp#27;[0m&amp#27;[32m░&amp#27;[0m&amp#27;[32m░&amp#27;[0m&amp#27;[32m▒&amp#27;[0m&amp#27;[32m░&amp#27;[0m&amp#27;[32m░&amp#27;[0m&amp#27;[32m░&amp#27;[0m&amp#27;[32m░&amp#27;[0m&amp#27;[32m░&amp#27;[0m&amp#27;[32m▓&amp#27;[0m&amp#27;[32m░&amp#27;[0m&amp#27;[32m░&amp#27;[0m&amp#27;[32m░&amp#27;[0m&amp#27;[32m░&amp#27;[0m&amp#27;[32m█&amp#27;[0m&amp#27;[32m█&amp#27;[0m&amp#27;[32m█&amp#27;[0m&amp#27;[32m█&amp#27;[0m&amp#27;[32m▒&amp#27;[0m&amp#27;[32m█&amp#27;[0m&amp#27;[32m█&amp#27;[0m&amp#27;[32m█&amp#27;[0m&amp#27;[32m█&amp#27;[0m&amp#27;[32m█&amp#27;[0m&amp#27;[32m█&amp#27;[0m&amp#27;[32m█&amp#27;[0m&amp#27;[32m█&amp#27;[0m&amp#27;[32m█&amp#27;[0m&amp#27;[33m▓&amp#27;[0m&amp#27;[33m▓&amp#27;[0m&amp#27;[32m▒&amp#27;[0m&amp#27;[32m█&amp#27;[0m&amp#27;[32m█&amp#27;[0m&amp#27;[32m█&amp#27;[0m&amp#27;[32m█&amp#27;[0m&amp#27;[32m█&amp#27;[0m&amp#27;[32m█&amp#27;[0m&amp#27;[32m█&amp#27;[0m&amp#27;[34m▓&amp#27;[0m&amp#27;[34m▓&amp#27;[0m&amp#27;[32m█&amp#27;[0m&amp#27;[34m▓&amp#27;[0m&amp#27;[34m▓&amp#27;[0m&amp#27;[34m▓&amp#27;[0m&amp#27;[34m▓&amp#27;[0m&amp#27;[34m▓&amp#27;[0m&amp#27;[34m▓&amp#27;[0m&amp#27;[34m▓&amp#27;[0m&amp#27;[34m▓&amp#27;[0m&amp#27;[34m▓&amp#27;[0m&amp#27;[33m▓&amp#27;[0m&amp#27;[33m▓&amp#27;[0m&amp#27;[33m▓&amp#27;[0m&amp#27;[33m▓&amp#27;[0m&amp#27;[33m▓&amp#27;[0m&amp#27;[33m▓&amp#27;[0m&amp#27;[33m▓&amp#27;[0m&amp#27;[33m▓&amp#27;[0m&amp#27;[32m▒&amp#27;[0m&amp#27;[33m▓&amp#27;[0m&amp#27;[33m▓&amp#27;[0m&amp#27;[33m▓&amp#27;[0m&amp#27;[33m▓&amp#27;[0m&amp#27;[33m▓&amp#27;[0m&amp#27;[32m▓&amp#27;[0m&amp#27;[32m▓&amp#27;[0m&amp#27;[32m▓&amp#27;[0m&amp#27;[32m▓&amp#27;[0m&amp#27;[32m▓&amp#27;[0m&amp#27;[32m▓&amp#27;[0m&amp#27;[32m▓&amp#27;[0m&amp#27;[32m▓&amp#27;[0m&amp#27;[32m▓&amp#27;[0m&amp#27;[32m▓&amp#27;[0m&amp#27;[32m▓&amp#27;[0m&amp#27;[32m▓&amp#27;[0m&amp#27;[33m▓&amp#27;[0m&amp#27;[32m▓&amp#27;[0m&amp#27;[32m▓&amp#27;[0m&amp#27;[32m▓&amp#27;[0m&amp#27;[32m▓&amp#27;[0m&amp#27;[32m▓&amp#27;[0m&amp#27;[34m▓&amp#27;[0m&amp#27;[34m▓&amp#27;[0m&amp#27;[32m▓&amp#27;[0m&amp#27;[32m▓&amp#27;[0m&amp#27;[32m▓&amp#27;[0m&amp#27;[32m▓&amp#27;[0m&amp#27;[32m▓&amp#27;[0m&amp#27;[32m▓&amp#27;[0m&amp#27;[32m▓&amp#27;[0m&amp#27;[32m▓&amp#27;[0m&amp#27;[32m▓&amp#27;[0m&amp#27;[32m▓&amp#27;[0m&amp#27;[32m▓&amp#27;[0m&amp#27;[32m▓&amp#27;[0m&amp#27;[32m▓&amp#27;[0m&amp#27;[32m▓&amp#27;[0m&amp#27;[32m▓&amp#27;[0m&amp#27;[32m▓&amp#27;[0m&amp#27;[33m▓&amp#27;[0m&amp#27;[32m▓&amp#27;[0m&amp#27;[32m▓&amp#27;[0m&amp#27;[32m▓&amp#27;[0m&amp#27;[32m▓&amp#27;[0m&amp#27;[32m▓&amp#27;[0m&amp#27;[32m▓&amp#27;[0m&amp#27;[32m▓&amp#27;[0m&amp#27;[32m▓&amp#27;[0m&amp#27;[34m▓&amp#27;[0m
&amp#27;[32m█&amp#27;[0m&amp#27;[32m█&amp#27;[0m&amp#27;[32m█&amp#27;[0m&amp#27;[34m▓&amp#27;[0m&amp#27;[34m▓&amp#27;[0m&amp#27;[32m░&amp#27;[0m&amp#27;[32m░&amp#27;[0m&amp#27;[34m▓&amp#27;[0m&amp#27;[34m▓&amp#27;[0m&amp#27;[34m▓&amp#27;[0m&amp#27;[34m▓&amp#27;[0m&amp#27;[34m▓&amp#27;[0m&amp#27;[32m░&amp#27;[0m&amp#27;[33m▓&amp#27;[0m&amp#27;[33m▓&amp#27;[0m&amp#27;[33m▓&amp#27;[0m&amp#27;[33m▓&amp#27;[0m&amp#27;[33m▓&amp#27;[0m&amp#27;[33m▓&amp#27;[0m&amp#27;[33m▓&amp#27;[0m&amp#27;[33m▓&amp#27;[0m&amp#27;[33m▓&amp#27;[0m&amp#27;[33m▓&amp#27;[0m&amp#27;[33m▓&amp#27;[0m&amp#27;[33m▓&amp#27;[0m&amp#27;[33m▓&amp#27;[0m&amp#27;[33m▓&amp#27;[0m&amp#27;[33m▓&amp#27;[0m&amp#27;[34m▓&amp#27;[0m&amp#27;[32m░&amp#27;[0m&amp#27;[34m▓&amp#27;[0m&amp#27;[34m▓&amp#27;[0m&amp#27;[34m▓&amp#27;[0m&amp#27;[33m▓&amp#27;[0m&amp#27;[33m▓&amp#27;[0m&amp#27;[33m▓&amp#27;[0m&amp#27;[33m▓&amp#27;[0m&amp#27;[33m▓&amp#27;[0m&amp#27;[33m▓&amp#27;[0m&amp#27;[33m▓&amp#27;[0m&amp#27;[33m▓&amp#27;[0m&amp#27;[33m▓&amp#27;[0m&amp#27;[33m▓&amp#27;[0m&amp#27;[33m▓&amp#27;[0m&amp#27;[33m▓&amp#27;[0m&amp#27;[33m▓&amp#27;[0m&amp#27;[33m▓&amp#27;[0m&amp#27;[33m▓&amp#27;[0m&amp#27;[33m▓&amp#27;[0m&amp#27;[32m█&amp#27;[0m&amp#27;[33m▓&amp#27;[0m&amp#27;[32m▒&amp#27;[0m&amp#27;[33m▓&amp#27;[0m&amp#27;[33m▓&amp#27;[0m&amp#27;[33m▓&amp#27;[0m&amp#27;[32m▒&amp#27;[0m&amp#27;[33m▓&amp#27;[0m&amp#27;[32m█&amp#27;[0m&amp#27;[32m█&amp#27;[0m&amp#27;[32m█&amp#27;[0m&amp#27;[32m█&amp#27;[0m&amp#27;[32m█&amp#27;[0m&amp#27;[32m█&amp#27;[0m&amp#27;[32m█&amp#27;[0m&amp#27;[32m▒&amp#27;[0m&amp#27;[32m▒&amp#27;[0m&amp#27;[34m▓&amp#27;[0m&amp#27;[32m▒&amp#27;[0m&amp#27;[34m▓&amp#27;[0m&amp#27;[32m▒&amp#27;[0m&amp#27;[34m▓&amp#27;[0m&amp#27;[32m▒&amp#27;[0m&amp#27;[34m▓&amp#27;[0m&amp#27;[34m▓&amp#27;[0m&amp#27;[32m▒&amp#27;[0m&amp#27;[32m█&amp#27;[0m&amp#27;[32m█&amp#27;[0m&amp#27;[32m█&amp#27;[0m&amp#27;[32m▒&amp#27;[0m&amp#27;[32m▒&amp#27;[0m&amp#27;[32m█&amp#27;[0m&amp#27;[32m█&amp#27;[0m&amp#27;[32m█&amp#27;[0m&amp#27;[32m█&amp#27;[0m&amp#27;[32m█&amp#27;[0m&amp#27;[34m▓&amp#27;[0m&amp#27;[33m▓&amp#27;[0m&amp#27;[33m▓&amp#27;[0m&amp#27;[33m▓&amp#27;[0m&amp#27;[33m▓&amp#27;[0m&amp#27;[33m▓&amp#27;[0m&amp#27;[32m▒&amp#27;[0m&amp#27;[33m▓&amp#27;[0m&amp#27;[33m▓&amp#27;[0m&amp#27;[33m▓&amp#27;[0m&amp#27;[32m▒&amp#27;[0m&amp#27;[33m▓&amp#27;[0m&amp#27;[33m▓&amp#27;[0m&amp#27;[32m▒&amp#27;[0m&amp#27;[32m▒&amp#27;[0m&amp#27;[33m▓&amp#27;[0m&amp#27;[33m▓&amp#27;[0m&amp#27;[32m▒&amp#27;[0m&amp#27;[32m▒&amp#27;[0m&amp#27;[33m▓&amp#27;[0m&amp#27;[32m▓&amp#27;[0m&amp#27;[32m█&amp#27;[0m&amp#27;[33m▓&amp#27;[0m&amp#27;[33m▓&amp#27;[0m&amp#27;[33m▓&amp#27;[0m&amp#27;[33m▓&amp#27;[0m&amp#27;[33m▓&amp#27;[0m&amp#27;[32m▒&amp#27;[0m&amp#27;[33m▓&amp#27;[0m&amp#27;[33m▓&amp#27;[0m&amp#27;[33m▓&amp#27;[0m&amp#27;[33m▓&amp#27;[0m&amp#27;[33m▓&amp#27;[0m&amp#27;[33m▓&amp#27;[0m&amp#27;[33m▓&amp#27;[0m&amp#27;[33m▓&amp#27;[0m&amp#27;[33m▓&amp#27;[0m&amp#27;[33m▓&amp#27;[0m&amp#27;[33m▓&amp#27;[0m&amp#27;[33m▓&amp#27;[0m&amp#27;[33m▓&amp#27;[0m&amp#27;[33m▓&amp#27;[0m&amp#27;[33m▓&amp#27;[0m&amp#27;[33m▓&amp#27;[0m&amp#27;[33m▓&amp#27;[0m&amp#27;[33m▓&amp#27;[0m&amp#27;[33m▓&amp#27;[0m&amp#27;[33m▓&amp#27;[0m&amp#27;[33m▓&amp#27;[0m&amp#27;[33m▓&amp#27;[0m&amp#27;[32m▒&amp#27;[0m&amp#27;[33m▓&amp#27;[0m&amp#27;[32m▒&amp#27;[0m&amp#27;[33m▓&amp#27;[0m&amp#27;[33m▓&amp#27;[0m&amp#27;[33m▓&amp#27;[0m&amp#27;[33m▓&amp#27;[0m&amp#27;[33m▓&amp#27;[0m&amp#27;[33m▓&amp#27;[0m&amp#27;[33m▓&amp#27;[0m&amp#27;[33m▓&amp#27;[0m&amp#27;[33m▓&amp#27;[0m&amp#27;[33m▓&amp#27;[0m&amp#27;[33m▓&amp#27;[0m&amp#27;[34m▓&amp#27;[0m&amp#27;[34m▓&amp#27;[0m&amp#27;[32m▒&amp#27;[0m&amp#27;[34m▓&amp#27;[0m&amp#27;[32m█&amp#27;[0m&amp#27;[32m█&amp#27;[0m&amp#27;[32m▒&amp#27;[0m&amp#27;[32m█&amp#27;[0m&amp#27;[33m▓&amp#27;[0m&amp#27;[32m█&amp#27;[0m&amp#27;[32m▒&amp#27;[0m&amp#27;[32m█&amp#27;[0m&amp#27;[32m▒&amp#27;[0m&amp#27;[34m▓&amp#27;[0m&amp#27;[32m▒&amp#27;[0m&amp#27;[32m█&amp#27;[0m&amp#27;[32m▒&amp#27;[0m&amp#27;[32m█&amp#27;[0m&amp#27;[32m▒&amp#27;[0m&amp#27;[32m█&amp#27;[0m&amp#27;[32m▒&amp#27;[0m&amp#27;[32m▓&amp#27;[0m&amp#27;[32m▒&amp#27;[0m&amp#27;[32m▓&amp#27;[0m&amp#27;[32m▓&amp#27;[0m&amp#27;[32m▓&amp#27;[0m&amp#27;[32m▓&amp#27;[0m&amp#27;[32m▓&amp#27;[0m&amp#27;[34m▓&amp#27;[0m&amp#27;[32m▒&amp#27;[0m&amp#27;[34m▓&amp#27;[0m&amp#27;[34m▓&amp#27;[0m&amp#27;[34m▓&amp#27;[0m&amp#27;[34m▓&amp#27;[0m&amp#27;[32m░&amp#27;[0m&amp#27;[32m░&amp#27;[0m&amp#27;[32m░&amp#27;[0m&amp#27;[32m░&amp#27;[0m&amp#27;[32m░&amp#27;[0m&amp#27;[32m▒&amp#27;[0m&amp#27;[32m░&amp#27;[0m&amp#27;[32m░&amp#27;[0m&amp#27;[32m░&amp#27;[0m&amp#27;[32m░&amp#27;[0m&amp#27;[32m░&amp#27;[0m&amp#27;[32m█&amp#27;[0m&amp#27;[32m▒&amp#27;[0m&amp#27;[32m░&amp#27;[0m&amp#27;[32m░&amp#27;[0m&amp#27;[32m░&amp#27;[0m&amp#27;[32m░&amp#27;[0m&amp#27;[32m▓&amp#27;[0m&amp#27;[32m▒&amp#27;[0m&amp#27;[32m░&amp#27;[0m&amp#27;[32m▒&amp#27;[0m&amp#27;[32m█&amp#27;[0m&amp#27;[32m█&amp#27;[0m&amp#27;[32m█&amp#27;[0m&amp#27;[32m█&amp#27;[0m&amp#27;[32m█&amp#27;[0m&amp#27;[32m█&amp#27;[0m&amp#27;[32m█&amp#27;[0m&amp#27;[32m█&amp#27;[0m&amp#27;[32m█&amp#27;[0m&amp#27;[32m█&amp#27;[0m&amp#27;[32m█&amp#27;[0m&amp#27;[32m█&amp#27;[0m&amp#27;[33m▓&amp#27;[0m&amp#27;[33m▓&amp#27;[0m&amp#27;[32m█&amp#27;[0m&amp#27;[33m▓&amp#27;[0m&amp#27;[32m█&amp#27;[0m&amp#27;[32m▒&amp#27;[0m&amp#27;[32m█&amp#27;[0m&amp#27;[32m█&amp#27;[0m&amp#27;[32m█&amp#27;[0m&amp#27;[32m█&amp#27;[0m&amp#27;[32m█&amp#27;[0m&amp#27;[32m█&amp#27;[0m&amp#27;[32m█&amp#27;[0m&amp#27;[34m▓&amp#27;[0m&amp#27;[34m▓&amp#27;[0m&amp#27;[34m▓&amp#27;[0m&amp#27;[34m▓&amp#27;[0m&amp#27;[34m▓&amp#27;[0m&amp#27;[33m▓&amp#27;[0m&amp#27;[34m▓&amp#27;[0m&amp#27;[34m▓&amp#27;[0m&amp#27;[32m▒&amp#27;[0m&amp#27;[32m▒&amp#27;[0m&amp#27;[32m▒&amp#27;[0m&amp#27;[32m░&amp#27;[0m&amp#27;[32m░&amp#27;[0m&amp#27;[33m▓&amp#27;[0m&amp#27;[33m▓&amp#27;[0m&amp#27;[33m▓&amp#27;[0m&amp#27;[33m▓&amp#27;[0m&amp#27;[33m▓&amp#27;[0m&amp#27;[33m▓&amp#27;[0m&amp#27;[33m▓&amp#27;[0m&amp#27;[33m▓&amp#27;[0m&amp#27;[32m▒&amp#27;[0m&amp#27;[33m▓&amp#27;[0m&amp#27;[33m▓&amp#27;[0m&amp#27;[32m▓&amp#27;[0m&amp#27;[32m▓&amp#27;[0m&amp#27;[32m▓&amp#27;[0m&amp#27;[32m▓&amp#27;[0m&amp#27;[32m▓&amp#27;[0m&amp#27;[32m▓&amp#27;[0m&amp#27;[32m▓&amp#27;[0m&amp#27;[32m▓&amp#27;[0m&amp#27;[32m▓&amp#27;[0m&amp#27;[32m▓&amp#27;[0m&amp#27;[32m▓&amp#27;[0m&amp#27;[32m▓&amp#27;[0m&amp#27;[32m▓&amp#27;[0m&amp#27;[32m▓&amp#27;[0m&amp#27;[32m▓&amp#27;[0m&amp#27;[32m▒&amp#27;[0m&amp#27;[32m▓&amp#27;[0m&amp#27;[32m▓&amp#27;[0m&amp#27;[32m▓&amp#27;[0m&amp#27;[34m▓&amp#27;[0m&amp#27;[34m▓&amp#27;[0m&amp#27;[34m▓&amp#27;[0m&amp#27;[32m▓&amp#27;[0m&amp#27;[33m▓&amp#27;[0m&amp#27;[33m▓&amp#27;[0m&amp#27;[33m▓&amp#27;[0m&amp#27;[33m▓&amp#27;[0m&amp#27;[33m▓&amp#27;[0m&amp#27;[33m▓&amp#27;[0m&amp#27;[33m▓&amp#27;[0m&amp#27;[33m▓&amp#27;[0m&amp#27;[33m▓&amp#27;[0m&amp#27;[33m▓&amp#27;[0m&amp#27;[32m▓&amp#27;[0m&amp#27;[32m▓&amp#27;[0m&amp#27;[32m▓&amp#27;[0m&amp#27;[32m▓&amp#27;[0m&amp#27;[32m▓&amp#27;[0m&amp#27;[32m▓&amp#27;[0m&amp#27;[32m▓&amp#27;[0m&amp#27;[32m▓&amp#27;[0m&amp#27;[32m▓&amp#27;[0m&amp#27;[32m▓&amp#27;[0m&amp#27;[32m▓&amp#27;[0m&amp#27;[32m▓&amp#27;[0m&amp#27;[32m▓&amp#27;[0m&amp#27;[32m▓&amp#27;[0m
&amp#27;[33m▓&amp#27;[0m&amp#27;[34m▓&amp#27;[0m&amp#27;[34m▓&amp#27;[0m&amp#27;[34m▓&amp#27;[0m&amp#27;[33m▓&amp#27;[0m&amp#27;[32m░&amp#27;[0m&amp#27;[32m▓&amp#27;[0m&amp#27;[33m▓&amp#27;[0m&amp#27;[34m▓&amp#27;[0m&amp#27;[34m▓&amp#27;[0m&amp#27;[34m▓&amp#27;[0m&amp#27;[34m▓&amp#27;[0m&amp#27;[34m▓&amp#27;[0m&amp#27;[34m▓&amp#27;[0m&amp#27;[33m▓&amp#27;[0m&amp#27;[33m▓&amp#27;[0m&amp#27;[33m▓&amp#27;[0m&amp#27;[33m▓&amp#27;[0m&amp#27;[33m▓&amp#27;[0m&amp#27;[33m▓&amp#27;[0m&amp#27;[33m▓&amp#27;[0m&amp#27;[33m▓&amp#27;[0m&amp#27;[33m▓&amp#27;[0m&amp#27;[33m▓&amp#27;[0m&amp#27;[33m▓&amp#27;[0m&amp#27;[33m▓&amp#27;[0m&amp#27;[33m▓&amp#27;[0m&amp#27;[33m▓&amp#27;[0m&amp#27;[34m▓&amp#27;[0m&amp#27;[34m▓&amp#27;[0m&amp#27;[34m▓&amp#27;[0m&amp#27;[32m█&amp#27;[0m&amp#27;[34m▓&amp#27;[0m&amp#27;[34m▓&amp#27;[0m&amp#27;[33m▓&amp#27;[0m&amp#27;[33m▓&amp#27;[0m&amp#27;[33m▓&amp#27;[0m&amp#27;[33m▓&amp#27;[0m&amp#27;[33m▓&amp#27;[0m&amp#27;[33m▓&amp#27;[0m&amp#27;[33m▓&amp#27;[0m&amp#27;[33m▓&amp#27;[0m&amp#27;[33m▓&amp#27;[0m&amp#27;[33m▓&amp#27;[0m&amp#27;[33m▓&amp#27;[0m&amp#27;[33m▓&amp#27;[0m&amp#27;[33m▓&amp#27;[0m&amp#27;[33m▓&amp#27;[0m&amp#27;[33m▓&amp#27;[0m&amp#27;[33m▓&amp#27;[0m&amp#27;[33m▓&amp#27;[0m&amp#27;[32m▒&amp#27;[0m&amp#27;[33m▓&amp#27;[0m&amp#27;[33m▓&amp#27;[0m&amp#27;[33m▓&amp#27;[0m&amp#27;[32m▒&amp#27;[0m&amp#27;[32m█&amp#27;[0m&amp#27;[33m▓&amp#27;[0m&amp#27;[32m█&amp#27;[0m&amp#27;[32m█&amp#27;[0m&amp#27;[32m▒&amp#27;[0m&amp#27;[32m█&amp#27;[0m&amp#27;[32m█&amp#27;[0m&amp#27;[32m█&amp#27;[0m&amp#27;[32m█&amp#27;[0m&amp#27;[32m▒&amp#27;[0m&amp#27;[34m▓&amp#27;[0m&amp#27;[32m▒&amp#27;[0m&amp#27;[34m▓&amp#27;[0m&amp#27;[32m▒&amp#27;[0m&amp#27;[34m▓&amp#27;[0m&amp#27;[32m▒&amp#27;[0m&amp#27;[34m▓&amp#27;[0m&amp#27;[34m▓&amp#27;[0m&amp#27;[32m█&amp#27;[0m&amp#27;[32m▒&amp#27;[0m&amp#27;[32m▒&amp#27;[0m&amp#27;[32m█&amp#27;[0m&amp#27;[32m█&amp#27;[0m&amp#27;[32m█&amp#27;[0m&amp#27;[32m█&amp#27;[0m&amp#27;[32m▒&amp#27;[0m&amp#27;[32m▒&amp#27;[0m&amp#27;[32m█&amp#27;[0m&amp#27;[32m█&amp#27;[0m&amp#27;[32m█&amp#27;[0m&amp#27;[34m▓&amp#27;[0m&amp#27;[33m▓&amp#27;[0m&amp#27;[33m▓&amp#27;[0m&amp#27;[33m▓&amp#27;[0m&amp#27;[33m▓&amp#27;[0m&amp#27;[32m▒&amp#27;[0m&amp#27;[33m▓&amp#27;[0m&amp#27;[33m▓&amp#27;[0m&amp#27;[33m▓&amp#27;[0m&amp#27;[33m▓&amp#27;[0m&amp#27;[32m▒&amp#27;[0m&amp#27;[33m▓&amp#27;[0m&amp#27;[33m▓&amp#27;[0m&amp#27;[32m▒&amp#27;[0m&amp#27;[33m▓&amp#27;[0m&amp#27;[33m▓&amp#27;[0m&amp#27;[33m▓&amp#27;[0m&amp#27;[32m▒&amp#27;[0m&amp#27;[32m▓&amp#27;[0m&amp#27;[32m▓&amp#27;[0m&amp#27;[33m▓&amp#27;[0m&amp#27;[32m▒&amp#27;[0m&amp#27;[33m▓&amp#27;[0m&amp#27;[33m▓&amp#27;[0m&amp#27;[33m▓&amp#27;[0m&amp#27;[33m▓&amp#27;[0m&amp#27;[33m▓&amp#27;[0m&amp#27;[33m▓&amp#27;[0m&amp#27;[32m▒&amp#27;[0m&amp#27;[32m▒&amp#27;[0m&amp#27;[33m▓&amp#27;[0m&amp#27;[33m▓&amp#27;[0m&amp#27;[33m▓&amp#27;[0m&amp#27;[33m▓&amp#27;[0m&amp#27;[33m▓&amp#27;[0m&amp#27;[33m▓&amp#27;[0m&amp#27;[33m▓&amp#27;[0m&amp#27;[33m▓&amp#27;[0m&amp#27;[32m▒&amp#27;[0m&amp#27;[33m▓&amp#27;[0m&amp#27;[33m▓&amp#27;[0m&amp#27;[33m▓&amp#27;[0m&amp#27;[32m▒&amp#27;[0m&amp#27;[32m▒&amp#27;[0m&amp#27;[32m▒&amp#27;[0m&amp#27;[33m▓&amp#27;[0m&amp#27;[33m▓&amp#27;[0m&amp#27;[33m▓&amp#27;[0m&amp#27;[33m▓&amp#27;[0m&amp#27;[33m▓&amp#27;[0m&amp#27;[33m▓&amp#27;[0m&amp#27;[33m▓&amp#27;[0m&amp#27;[33m▓&amp#27;[0m&amp#27;[33m▓&amp#27;[0m&amp#27;[33m▓&amp#27;[0m&amp#27;[33m▓&amp#27;[0m&amp#27;[32m▒&amp#27;[0m&amp#27;[33m▓&amp#27;[0m&amp#27;[33m▓&amp#27;[0m&amp#27;[32m▒&amp#27;[0m&amp#27;[32m▒&amp#27;[0m&amp#27;[33m▓&amp#27;[0m&amp#27;[32m▒&amp#27;[0m&amp#27;[34m▓&amp#27;[0m&amp#27;[34m▓&amp#27;[0m&amp#27;[34m▓&amp#27;[0m&amp#27;[34m▓&amp#27;[0m&amp#27;[34m▓&amp#27;[0m&amp#27;[34m▓&amp#27;[0m&amp#27;[34m▓&amp#27;[0m&amp#27;[34m▓&amp#27;[0m&amp#27;[34m▓&amp#27;[0m&amp#27;[34m▓&amp#27;[0m&amp#27;[32m█&amp#27;[0m&amp#27;[32m█&amp#27;[0m&amp#27;[32m█&amp#27;[0m&amp#27;[34m▓&amp#27;[0m&amp#27;[34m▓&amp#27;[0m&amp#27;[33m▓&amp#27;[0m&amp#27;[32m█&amp#27;[0m&amp#27;[32m█&amp#27;[0m&amp#27;[32m█&amp#27;[0m&amp#27;[32m█&amp#27;[0m&amp#27;[32m▓&amp#27;[0m&amp#27;[32m▓&amp#27;[0m&amp#27;[32m▒&amp#27;[0m&amp#27;[32m▓&amp#27;[0m&amp#27;[32m▒&amp#27;[0m&amp#27;[32m█&amp#27;[0m&amp#27;[32m▓&amp#27;[0m&amp#27;[32m▓&amp#27;[0m&amp#27;[34m▓&amp#27;[0m&amp#27;[34m▓&amp#27;[0m&amp#27;[34m▓&amp#27;[0m&amp#27;[32m▒&amp#27;[0m&amp#27;[34m▓&amp#27;[0m&amp#27;[32m▒&amp#27;[0m&amp#27;[32m░&amp#27;[0m&amp#27;[32m░&amp#27;[0m&amp#27;[32m░&amp#27;[0m&amp#27;[32m░&amp#27;[0m&amp#27;[32m▓&amp#27;[0m&amp#27;[32m▒&amp#27;[0m&amp#27;[32m█&amp#27;[0m&amp#27;[32m▒&amp#27;[0m&amp#27;[32m█&amp#27;[0m&amp#27;[32m█&amp#27;[0m&amp#27;[32m░&amp#27;[0m&amp#27;[32m░&amp#27;[0m&amp#27;[32m░&amp#27;[0m&amp#27;[32m░&amp#27;[0m&amp#27;[32m░&amp#27;[0m&amp#27;[32m▒&amp#27;[0m&amp#27;[32m░&amp#27;[0m&amp#27;[32m░&amp#27;[0m&amp#27;[32m░&amp#27;[0m&amp#27;[32m░&amp#27;[0m&amp#27;[32m█&amp#27;[0m&amp#27;[32m▒&amp#27;[0m&amp#27;[32m█&amp#27;[0m&amp#27;[32m█&amp#27;[0m&amp#27;[32m█&amp#27;[0m&amp#27;[33m▓&amp#27;[0m&amp#27;[32m▒&amp#27;[0m&amp#27;[32m█&amp#27;[0m&amp#27;[32m█&amp#27;[0m&amp#27;[32m█&amp#27;[0m&amp#27;[32m█&amp#27;[0m&amp#27;[32m█&amp#27;[0m&amp#27;[32m█&amp#27;[0m&amp#27;[32m█&amp#27;[0m&amp#27;[32m█&amp#27;[0m&amp#27;[32m█&amp#27;[0m&amp#27;[32m▒&amp#27;[0m&amp#27;[32m█&amp#27;[0m&amp#27;[32m█&amp#27;[0m&amp#27;[32m█&amp#27;[0m&amp#27;[32m█&amp#27;[0m&amp#27;[32m█&amp#27;[0m&amp#27;[32m█&amp#27;[0m&amp#27;[32m█&amp#27;[0m&amp#27;[32m▒&amp#27;[0m&amp#27;[34m▓&amp#27;[0m&amp#27;[34m▓&amp#27;[0m&amp#27;[34m▓&amp#27;[0m&amp#27;[34m▓&amp#27;[0m&amp#27;[34m▓&amp#27;[0m&amp#27;[34m▓&amp#27;[0m&amp#27;[34m▓&amp#27;[0m&amp#27;[32m▒&amp#27;[0m&amp#27;[34m▓&amp#27;[0m&amp#27;[34m▓&amp#27;[0m&amp#27;[32m▓&amp#27;[0m&amp#27;[32m█&amp#27;[0m&amp#27;[32m░&amp#27;[0m&amp#27;[32m░&amp#27;[0m&amp#27;[32m░&amp#27;[0m&amp#27;[32m░&amp#27;[0m&amp#27;[33m▓&amp#27;[0m&amp#27;[33m▓&amp#27;[0m&amp#27;[33m▓&amp#27;[0m&amp#27;[32m▒&amp#27;[0m&amp#27;[33m▓&amp#27;[0m&amp#27;[33m▓&amp#27;[0m&amp#27;[32m▓&amp#27;[0m&amp#27;[32m▓&amp#27;[0m&amp#27;[32m▓&amp#27;[0m&amp#27;[32m▓&amp#27;[0m&amp#27;[32m▓&amp#27;[0m&amp#27;[32m▓&amp#27;[0m&amp#27;[32m▓&amp#27;[0m&amp#27;[32m▓&amp#27;[0m&amp#27;[32m▓&amp#27;[0m&amp#27;[32m▓&amp#27;[0m&amp#27;[32m▓&amp#27;[0m&amp#27;[32m▓&amp#27;[0m&amp#27;[32m▓&amp#27;[0m&amp#27;[32m▓&amp#27;[0m&amp#27;[32m▓&amp#27;[0m&amp#27;[32m▓&amp#27;[0m&amp#27;[32m▓&amp#27;[0m&amp#27;[32m▓&amp#27;[0m&amp#27;[32m▓&amp#27;[0m&amp#27;[32m▓&amp#27;[0m&amp#27;[32m▓&amp#27;[0m&amp#27;[34m▓&amp#27;[0m&amp#27;[34m▓&amp#27;[0m&amp#27;[34m▓&amp#27;[0m&amp#27;[34m▓&amp#27;[0m&amp#27;[33m▓&amp#27;[0m&amp#27;[33m▓&amp#27;[0m&amp#27;[33m▓&amp#27;[0m&amp#27;[33m▓&amp#27;[0m&amp#27;[33m▓&amp#27;[0m&amp#27;[33m▓&amp#27;[0m&amp#27;[33m▓&amp#27;[0m&amp#27;[33m▓&amp#27;[0m&amp#27;[33m▓&amp#27;[0m&amp#27;[33m▓&amp#27;[0m&amp#27;[33m▓&amp#27;[0m&amp#27;[33m▓&amp#27;[0m&amp#27;[33m▓&amp#27;[0m&amp#27;[32m▓&amp#27;[0m&amp#27;[32m▓&amp#27;[0m&amp#27;[33m▓&amp#27;[0m&amp#27;[32m▓&amp#27;[0m&amp#27;[32m▓&amp#27;[0m&amp#27;[32m▓&amp#27;[0m&amp#27;[32m▓&amp#27;[0m&amp#27;[32m▓&amp#27;[0m&amp#27;[32m▓&amp#27;[0m&amp#27;[32m▓&amp#27;[0m&amp#27;[32m▓&amp#27;[0m&amp#27;[32m▓&amp#27;[0m
&amp#27;[34m▓&amp#27;[0m&amp#27;[33m▓&amp#27;[0m&amp#27;[33m▓&amp#27;[0m&amp#27;[34m▓&amp#27;[0m&amp#27;[34m▓&amp#27;[0m&amp#27;[33m▓&amp#27;[0m&amp#27;[34m▓&amp#27;[0m&amp#27;[33m▓&amp#27;[0m&amp#27;[33m▓&amp#27;[0m&amp#27;[33m▓&amp#27;[0m&amp#27;[33m▓&amp#27;[0m&amp#27;[33m▓&amp#27;[0m&amp#27;[34m▓&amp#27;[0m&amp#27;[34m▓&amp#27;[0m&amp#27;[33m▓&amp#27;[0m&amp#27;[33m▓&amp#27;[0m&amp#27;[33m▓&amp#27;[0m&amp#27;[33m▓&amp#27;[0m&amp#27;[33m▓&amp#27;[0m&amp#27;[33m▓&amp#27;[0m&amp#27;[33m▓&amp#27;[0m&amp#27;[33m▓&amp#27;[0m&amp#27;[33m▓&amp#27;[0m&amp#27;[33m▓&amp#27;[0m&amp#27;[33m▓&amp#27;[0m&amp#27;[33m▓&amp#27;[0m&amp#27;[33m▓&amp#27;[0m&amp#27;[33m▓&amp#27;[0m&amp#27;[34m▓&amp#27;[0m&amp#27;[33m▓&amp#27;[0m&amp#27;[34m▓&amp#27;[0m&amp#27;[34m▓&amp#27;[0m&amp#27;[34m▓&amp#27;[0m&amp#27;[34m▓&amp#27;[0m&amp#27;[33m▓&amp#27;[0m&amp#27;[33m▓&amp#27;[0m&amp#27;[33m▓&amp#27;[0m&amp#27;[33m▓&amp#27;[0m&amp#27;[33m▓&amp#27;[0m&amp#27;[33m▓&amp#27;[0m&amp#27;[33m▓&amp#27;[0m&amp#27;[33m▓&amp#27;[0m&amp#27;[33m▓&amp#27;[0m&amp#27;[33m▓&amp#27;[0m&amp#27;[33m▓&amp#27;[0m&amp#27;[33m▓&amp#27;[0m&amp#27;[33m▓&amp#27;[0m&amp#27;[33m▓&amp#27;[0m&amp#27;[33m▓&amp#27;[0m&amp#27;[32m█&amp#27;[0m&amp#27;[33m▓&amp#27;[0m&amp#27;[33m▓&amp#27;[0m&amp#27;[32m▒&amp#27;[0m&amp#27;[33m▓&amp#27;[0m&amp#27;[33m▓&amp#27;[0m&amp#27;[32m▒&amp#27;[0m&amp#27;[32m█&amp#27;[0m&amp#27;[32m█&amp#27;[0m&amp#27;[32m█&amp#27;[0m&amp#27;[32m█&amp#27;[0m&amp#27;[32m▒&amp#27;[0m&amp#27;[32m█&amp#27;[0m&amp#27;[32m█&amp#27;[0m&amp#27;[32m█&amp#27;[0m&amp#27;[32m▒&amp#27;[0m&amp#27;[32m█&amp#27;[0m&amp#27;[34m▓&amp#27;[0m&amp#27;[34m▓&amp#27;[0m&amp#27;[34m▓&amp#27;[0m&amp#27;[34m▓&amp#27;[0m&amp#27;[32m░&amp#27;[0m&amp#27;[32m░&amp#27;[0m&amp#27;[32m░&amp#27;[0m&amp#27;[34m▓&amp#27;[0m&amp#27;[32m█&amp#27;[0m&amp#27;[32m█&amp#27;[0m&amp#27;[32m█&amp#27;[0m&amp#27;[32m█&amp#27;[0m&amp#27;[32m▒&amp#27;[0m&amp#27;[32m█&amp#27;[0m&amp#27;[32m█&amp#27;[0m&amp#27;[32m█&amp#27;[0m&amp#27;[32m▒&amp#27;[0m&amp#27;[32m▒&amp#27;[0m&amp#27;[32m▒&amp#27;[0m&amp#27;[32m█&amp#27;[0m&amp#27;[33m▓&amp#27;[0m&amp#27;[34m▓&amp#27;[0m&amp#27;[33m▓&amp#27;[0m&amp#27;[33m▓&amp#27;[0m&amp#27;[33m▓&amp#27;[0m&amp#27;[33m▓&amp#27;[0m&amp#27;[33m▓&amp#27;[0m&amp#27;[33m▓&amp#27;[0m&amp#27;[33m▓&amp#27;[0m&amp#27;[33m▓&amp#27;[0m&amp#27;[33m▓&amp#27;[0m&amp#27;[33m▓&amp#27;[0m&amp#27;[33m▓&amp#27;[0m&amp#27;[33m▓&amp#27;[0m&amp#27;[33m▓&amp#27;[0m&amp#27;[33m▓&amp#27;[0m&amp#27;[33m▓&amp#27;[0m&amp#27;[33m▓&amp#27;[0m&amp#27;[32m▒&amp#27;[0m&amp#27;[32m▒&amp#27;[0m&amp#27;[33m▓&amp#27;[0m&amp#27;[33m▓&amp#27;[0m&amp#27;[33m▓&amp#27;[0m&amp#27;[33m▓&amp#27;[0m&amp#27;[33m▓&amp#27;[0m&amp#27;[32m▒&amp#27;[0m&amp#27;[33m▓&amp#27;[0m&amp#27;[33m▓&amp#27;[0m&amp#27;[33m▓&amp#27;[0m&amp#27;[33m▓&amp#27;[0m&amp#27;[33m▓&amp#27;[0m&amp#27;[33m▓&amp#27;[0m&amp#27;[32m▒&amp#27;[0m&amp#27;[33m▓&amp#27;[0m&amp#27;[33m▓&amp#27;[0m&amp#27;[33m▓&amp#27;[0m&amp#27;[33m▓&amp#27;[0m&amp#27;[33m▓&amp#27;[0m&amp#27;[32m▒&amp#27;[0m&amp#27;[32m▒&amp#27;[0m&amp#27;[33m▓&amp#27;[0m&amp#27;[33m▓&amp#27;[0m&amp#27;[33m▓&amp#27;[0m&amp#27;[33m▓&amp#27;[0m&amp#27;[32m▒&amp#27;[0m&amp#27;[33m▓&amp#27;[0m&amp#27;[33m▓&amp#27;[0m&amp#27;[33m▓&amp#27;[0m&amp#27;[33m▓&amp#27;[0m&amp#27;[33m▓&amp#27;[0m&amp#27;[33m▓&amp#27;[0m&amp#27;[33m▓&amp#27;[0m&amp#27;[33m▓&amp#27;[0m&amp#27;[33m▓&amp#27;[0m&amp#27;[33m▓&amp#27;[0m&amp#27;[33m▓&amp#27;[0m&amp#27;[33m▓&amp#27;[0m&amp#27;[33m▓&amp#27;[0m&amp#27;[33m▓&amp#27;[0m&amp#27;[33m▓&amp#27;[0m&amp#27;[33m▓&amp#27;[0m&amp#27;[33m▓&amp#27;[0m&amp#27;[33m▓&amp#27;[0m&amp#27;[34m▓&amp#27;[0m&amp#27;[34m▓&amp#27;[0m&amp#27;[32m░&amp#27;[0m&amp#27;[34m▓&amp#27;[0m&amp#27;[34m▓&amp#27;[0m&amp#27;[32m▒&amp#27;[0m&amp#27;[34m▓&amp#27;[0m&amp#27;[34m▓&amp#27;[0m&amp#27;[34m▓&amp#27;[0m&amp#27;[34m▓&amp#27;[0m&amp#27;[34m▓&amp#27;[0m&amp#27;[32m█&amp#27;[0m&amp#27;[34m▓&amp#27;[0m&amp#27;[34m▓&amp#27;[0m&amp#27;[34m▓&amp#27;[0m&amp#27;[32m█&amp#27;[0m&amp#27;[32m█&amp#27;[0m&amp#27;[32m█&amp#27;[0m&amp#27;[32m█&amp#27;[0m&amp#27;[32m▒&amp#27;[0m&amp#27;[32m▓&amp#27;[0m&amp#27;[32m▓&amp#27;[0m&amp#27;[32m▓&amp#27;[0m&amp#27;[32m▓&amp#27;[0m&amp#27;[32m▓&amp#27;[0m&amp#27;[32m▓&amp#27;[0m&amp#27;[32m▓&amp#27;[0m&amp#27;[32m▓&amp#27;[0m&amp#27;[34m▓&amp#27;[0m&amp#27;[32m▒&amp#27;[0m&amp#27;[34m▓&amp#27;[0m&amp#27;[34m▓&amp#27;[0m&amp#27;[34m▓&amp#27;[0m&amp#27;[34m▓&amp#27;[0m&amp#27;[32m▒&amp#27;[0m&amp#27;[32m░&amp#27;[0m&amp#27;[32m░&amp#27;[0m&amp#27;[32m░&amp#27;[0m&amp#27;[32m█&amp#27;[0m&amp#27;[32m█&amp#27;[0m&amp#27;[32m█&amp#27;[0m&amp#27;[32m█&amp#27;[0m&amp#27;[32m█&amp#27;[0m&amp#27;[32m█&amp#27;[0m&amp#27;[32m█&amp#27;[0m&amp#27;[32m░&amp#27;[0m&amp#27;[32m░&amp#27;[0m&amp#27;[32m░&amp#27;[0m&amp#27;[32m░&amp#27;[0m&amp#27;[32m░&amp#27;[0m&amp#27;[32m█&amp#27;[0m&amp#27;[32m░&amp#27;[0m&amp#27;[32m█&amp#27;[0m&amp#27;[32m░&amp#27;[0m&amp#27;[32m░&amp#27;[0m&amp#27;[32m█&amp#27;[0m&amp#27;[32m█&amp#27;[0m&amp#27;[32m█&amp#27;[0m&amp#27;[32m█&amp#27;[0m&amp#27;[32m█&amp#27;[0m&amp#27;[32m█&amp#27;[0m&amp#27;[32m▒&amp#27;[0m&amp#27;[32m█&amp#27;[0m&amp#27;[32m█&amp#27;[0m&amp#27;[32m█&amp#27;[0m&amp#27;[32m█&amp#27;[0m&amp#27;[32m█&amp#27;[0m&amp#27;[32m█&amp#27;[0m&amp#27;[32m█&amp#27;[0m&amp#27;[32m█&amp#27;[0m&amp#27;[32m█&amp#27;[0m&amp#27;[32m█&amp#27;[0m&amp#27;[32m█&amp#27;[0m&amp#27;[32m█&amp#27;[0m&amp#27;[32m█&amp#27;[0m&amp#27;[32m█&amp#27;[0m&amp#27;[32m█&amp#27;[0m&amp#27;[32m█&amp#27;[0m&amp#27;[32m█&amp#27;[0m&amp#27;[34m▓&amp#27;[0m&amp#27;[32m▓&amp#27;[0m&amp#27;[34m▓&amp#27;[0m&amp#27;[32m░&amp#27;[0m&amp#27;[34m▓&amp#27;[0m&amp#27;[34m▓&amp#27;[0m&amp#27;[34m▓&amp#27;[0m&amp#27;[32m█&amp#27;[0m&amp#27;[34m▓&amp#27;[0m&amp#27;[32m▓&amp#27;[0m&amp#27;[32m▓&amp#27;[0m&amp#27;[32m▓&amp#27;[0m&amp#27;[32m▒&amp#27;[0m&amp#27;[32m░&amp#27;[0m&amp#27;[32m░&amp#27;[0m&amp#27;[32m░&amp#27;[0m&amp#27;[32m░&amp#27;[0m&amp#27;[32m░&amp#27;[0m&amp#27;[32m░&amp#27;[0m&amp#27;[32m░&amp#27;[0m&amp#27;[32m▓&amp#27;[0m&amp#27;[32m▓&amp#27;[0m&amp#27;[32m▓&amp#27;[0m&amp#27;[32m▒&amp#27;[0m&amp#27;[32m▒&amp#27;[0m&amp#27;[32m▓&amp#27;[0m&amp#27;[32m▓&amp#27;[0m&amp#27;[32m▓&amp#27;[0m&amp#27;[32m▓&amp#27;[0m&amp#27;[33m▓&amp#27;[0m&amp#27;[32m▓&amp#27;[0m&amp#27;[32m█&amp#27;[0m&amp#27;[32m▓&amp#27;[0m&amp#27;[32m▓&amp#27;[0m&amp#27;[32m▓&amp#27;[0m&amp#27;[32m▓&amp#27;[0m&amp#27;[32m▓&amp#27;[0m&amp#27;[32m▓&amp#27;[0m&amp#27;[32m▓&amp#27;[0m&amp#27;[32m▓&amp#27;[0m&amp#27;[32m▓&amp#27;[0m&amp#27;[32m▓&amp#27;[0m&amp#27;[34m▓&amp#27;[0m&amp#27;[34m▓&amp#27;[0m&amp#27;[34m▓&amp#27;[0m&amp#27;[34m▓&amp#27;[0m&amp#27;[33m▓&amp#27;[0m&amp#27;[33m▓&amp#27;[0m&amp#27;[33m▓&amp#27;[0m&amp#27;[33m▓&amp#27;[0m&amp#27;[33m▓&amp#27;[0m&amp#27;[33m▓&amp#27;[0m&amp#27;[33m▓&amp#27;[0m&amp#27;[33m▓&amp#27;[0m&amp#27;[33m▓&amp#27;[0m&amp#27;[33m▓&amp#27;[0m&amp#27;[33m▓&amp#27;[0m&amp#27;[33m▓&amp#27;[0m&amp#27;[33m▓&amp#27;[0m&amp#27;[33m▓&amp#27;[0m&amp#27;[33m▓&amp#27;[0m&amp#27;[32m▓&amp#27;[0m&amp#27;[32m▓&amp#27;[0m&amp#27;[32m▓&amp#27;[0m&amp#27;[32m▓&amp#27;[0m&amp#27;[32m▓&amp#27;[0m&amp#27;[32m▓&amp#27;[0m&amp#27;[32m▓&amp#27;[0m&amp#27;[32m▓&amp#27;[0m&amp#27;[32m▓&amp#27;[0m&amp#27;[32m▓&amp#27;[0m&amp#27;[32m▓&amp#27;[0m
&amp#27;[34m▓&amp#27;[0m&amp#27;[34m▓&amp#27;[0m&amp#27;[34m▓&amp#27;[0m&amp#27;[33m▓&amp#27;[0m&amp#27;[34m▓&amp#27;[0m&amp#27;[34m▓&amp#27;[0m&amp#27;[34m▓&amp#27;[0m&amp#27;[34m▓&amp#27;[0m&amp#27;[33m▓&amp#27;[0m&amp#27;[32m█&amp#27;[0m&amp#27;[32m░&amp#27;[0m&amp#27;[32m░&amp#27;[0m&amp#27;[34m▓&amp#27;[0m&amp#27;[34m▓&amp#27;[0m&amp#27;[33m▓&amp#27;[0m&amp#27;[33m▓&amp#27;[0m&amp#27;[33m▓&amp#27;[0m&amp#27;[33m▓&amp#27;[0m&amp#27;[33m▓&amp#27;[0m&amp#27;[33m▓&amp#27;[0m&amp#27;[33m▓&amp#27;[0m&amp#27;[33m▓&amp#27;[0m&amp#27;[33m▓&amp#27;[0m&amp#27;[33m▓&amp#27;[0m&amp#27;[33m▓&amp#27;[0m&amp#27;[33m▓&amp#27;[0m&amp#27;[33m▓&amp#27;[0m&amp#27;[33m▓&amp#27;[0m&amp#27;[34m▓&amp#27;[0m&amp#27;[34m▓&amp#27;[0m&amp#27;[32m█&amp#27;[0m&amp#27;[33m▓&amp#27;[0m&amp#27;[34m▓&amp#27;[0m&amp#27;[33m▓&amp#27;[0m&amp#27;[34m▓&amp#27;[0m&amp#27;[33m▓&amp#27;[0m&amp#27;[33m▓&amp#27;[0m&amp#27;[33m▓&amp#27;[0m&amp#27;[33m▓&amp#27;[0m&amp#27;[33m▓&amp#27;[0m&amp#27;[33m▓&amp#27;[0m&amp#27;[33m▓&amp#27;[0m&amp#27;[33m▓&amp#27;[0m&amp#27;[33m▓&amp#27;[0m&amp#27;[33m▓&amp#27;[0m&amp#27;[33m▓&amp#27;[0m&amp#27;[33m▓&amp#27;[0m&amp#27;[33m▓&amp#27;[0m&amp#27;[33m▓&amp#27;[0m&amp#27;[32m█&amp#27;[0m&amp#27;[33m▓&amp#27;[0m&amp#27;[32m█&amp#27;[0m&amp#27;[33m▓&amp#27;[0m&amp#27;[32m█&amp#27;[0m&amp#27;[32m█&amp#27;[0m&amp#27;[32m█&amp#27;[0m&amp#27;[32m█&amp#27;[0m&amp#27;[33m▓&amp#27;[0m&amp#27;[32m█&amp#27;[0m&amp#27;[32m█&amp#27;[0m&amp#27;[32m▒&amp#27;[0m&amp#27;[32m█&amp#27;[0m&amp#27;[32m█&amp#27;[0m&amp#27;[32m█&amp#27;[0m&amp#27;[32m█&amp#27;[0m&amp#27;[32m█&amp#27;[0m&amp#27;[34m▓&amp#27;[0m&amp#27;[34m▓&amp#27;[0m&amp#27;[34m▓&amp#27;[0m&amp#27;[32m░&amp#27;[0m&amp#27;[32m░&amp#27;[0m&amp#27;[32m░&amp#27;[0m&amp#27;[32m▒&amp#27;[0m&amp#27;[32m░&amp#27;[0m&amp#27;[32m█&amp#27;[0m&amp#27;[32m█&amp#27;[0m&amp#27;[32m█&amp#27;[0m&amp#27;[32m█&amp#27;[0m&amp#27;[32m▒&amp#27;[0m&amp#27;[32m█&amp#27;[0m&amp#27;[32m█&amp#27;[0m&amp#27;[32m█&amp#27;[0m&amp#27;[32m█&amp#27;[0m&amp#27;[32m█&amp#27;[0m&amp#27;[32m█&amp#27;[0m&amp#27;[34m▓&amp#27;[0m&amp#27;[32m▒&amp#27;[0m&amp#27;[34m▓&amp#27;[0m&amp#27;[33m▓&amp#27;[0m&amp#27;[33m▓&amp#27;[0m&amp#27;[32m▒&amp#27;[0m&amp#27;[32m▒&amp#27;[0m&amp#27;[33m▓&amp#27;[0m&amp#27;[32m▒&amp#27;[0m&amp#27;[33m▓&amp#27;[0m&amp#27;[33m▓&amp#27;[0m&amp#27;[33m▓&amp#27;[0m&amp#27;[33m▓&amp#27;[0m&amp#27;[32m▒&amp#27;[0m&amp#27;[33m▓&amp#27;[0m&amp#27;[33m▓&amp#27;[0m&amp#27;[33m▓&amp#27;[0m&amp#27;[32m▒&amp#27;[0m&amp#27;[33m▓&amp#27;[0m&amp#27;[32m▓&amp#27;[0m&amp#27;[32m▓&amp#27;[0m&amp#27;[32m▒&amp#27;[0m&amp#27;[32m▒&amp#27;[0m&amp#27;[32m▒&amp#27;[0m&amp#27;[33m▓&amp#27;[0m&amp#27;[33m▓&amp#27;[0m&amp#27;[33m▓&amp#27;[0m&amp#27;[33m▓&amp#27;[0m&amp#27;[33m▓&amp#27;[0m&amp#27;[32m▒&amp#27;[0m&amp#27;[33m▓&amp#27;[0m&amp#27;[33m▓&amp#27;[0m&amp#27;[33m▓&amp#27;[0m&amp#27;[33m▓&amp#27;[0m&amp#27;[32m▒&amp#27;[0m&amp#27;[32m▒&amp#27;[0m&amp#27;[33m▓&amp#27;[0m&amp#27;[33m▓&amp#27;[0m&amp#27;[33m▓&amp#27;[0m&amp#27;[33m▓&amp#27;[0m&amp#27;[33m▓&amp#27;[0m&amp#27;[33m▓&amp#27;[0m&amp#27;[33m▓&amp#27;[0m&amp#27;[33m▓&amp#27;[0m&amp#27;[33m▓&amp#27;[0m&amp#27;[32m▒&amp#27;[0m&amp#27;[33m▓&amp#27;[0m&amp#27;[33m▓&amp#27;[0m&amp#27;[33m▓&amp#27;[0m&amp#27;[33m▓&amp#27;[0m&amp#27;[32m▒&amp#27;[0m&amp#27;[33m▓&amp#27;[0m&amp#27;[32m▒&amp#27;[0m&amp#27;[32m▒&amp#27;[0m&amp#27;[33m▓&amp#27;[0m&amp#27;[33m▓&amp#27;[0m&amp#27;[32m▒&amp#27;[0m&amp#27;[32m▒&amp#27;[0m&amp#27;[33m▓&amp#27;[0m&amp#27;[33m▓&amp#27;[0m&amp#27;[33m▓&amp#27;[0m&amp#27;[33m▓&amp#27;[0m&amp#27;[33m▓&amp#27;[0m&amp#27;[33m▓&amp#27;[0m&amp#27;[32m░&amp#27;[0m&amp#27;[32m░&amp#27;[0m&amp#27;[32m█&amp#27;[0m&amp#27;[34m▓&amp#27;[0m&amp#27;[34m▓&amp#27;[0m&amp#27;[34m▓&amp#27;[0m&amp#27;[34m▓&amp#27;[0m&amp#27;[34m▓&amp#27;[0m&amp#27;[34m▓&amp#27;[0m&amp#27;[34m▓&amp#27;[0m&amp#27;[32m▒&amp#27;[0m&amp#27;[34m▓&amp#27;[0m&amp#27;[32m▒&amp#27;[0m&amp#27;[34m▓&amp#27;[0m&amp#27;[34m▓&amp#27;[0m&amp#27;[34m▓&amp#27;[0m&amp#27;[32m█&amp#27;[0m&amp#27;[32m█&amp#27;[0m&amp#27;[32m█&amp#27;[0m&amp#27;[32m▓&amp#27;[0m&amp#27;[32m▓&amp#27;[0m&amp#27;[32m▓&amp#27;[0m&amp#27;[32m▓&amp#27;[0m&amp#27;[32m▓&amp#27;[0m&amp#27;[32m▒&amp#27;[0m&amp#27;[32m▓&amp#27;[0m&amp#27;[32m▓&amp#27;[0m&amp#27;[34m▓&amp#27;[0m&amp#27;[34m▓&amp#27;[0m&amp#27;[34m▓&amp#27;[0m&amp#27;[34m▓&amp#27;[0m&amp#27;[34m▓&amp#27;[0m&amp#27;[34m▓&amp#27;[0m&amp#27;[32m█&amp#27;[0m&amp#27;[32m░&amp#27;[0m&amp#27;[32m█&amp#27;[0m&amp#27;[32m░&amp#27;[0m&amp#27;[32m█&amp#27;[0m&amp#27;[32m█&amp#27;[0m&amp#27;[32m█&amp#27;[0m&amp#27;[32m▒&amp#27;[0m&amp#27;[32m█&amp#27;[0m&amp#27;[32m█&amp#27;[0m&amp#27;[32m█&amp#27;[0m&amp#27;[32m█&amp#27;[0m&amp#27;[32m█&amp#27;[0m&amp#27;[32m▓&amp#27;[0m&amp#27;[32m░&amp#27;[0m&amp#27;[32m░&amp#27;[0m&amp#27;[32m░&amp#27;[0m&amp#27;[32m░&amp#27;[0m&amp#27;[32m░&amp#27;[0m&amp#27;[32m░&amp#27;[0m&amp#27;[32m░&amp#27;[0m&amp#27;[32m░&amp#27;[0m&amp#27;[32m▒&amp#27;[0m&amp#27;[32m█&amp#27;[0m&amp#27;[32m█&amp#27;[0m&amp#27;[32m█&amp#27;[0m&amp#27;[32m█&amp#27;[0m&amp#27;[32m█&amp#27;[0m&amp#27;[32m█&amp#27;[0m&amp#27;[32m█&amp#27;[0m&amp#27;[32m█&amp#27;[0m&amp#27;[32m▒&amp#27;[0m&amp#27;[32m█&amp#27;[0m&amp#27;[32m█&amp#27;[0m&amp#27;[32m▒&amp#27;[0m&amp#27;[32m█&amp#27;[0m&amp#27;[32m█&amp#27;[0m&amp#27;[32m█&amp#27;[0m&amp#27;[32m█&amp#27;[0m&amp#27;[32m█&amp#27;[0m&amp#27;[32m█&amp#27;[0m&amp#27;[32m█&amp#27;[0m&amp#27;[32m█&amp#27;[0m&amp#27;[32m█&amp#27;[0m&amp#27;[32m█&amp#27;[0m&amp#27;[32m█&amp#27;[0m&amp#27;[34m▓&amp#27;[0m&amp#27;[34m▓&amp#27;[0m&amp#27;[32m▓&amp#27;[0m&amp#27;[34m▓&amp#27;[0m&amp#27;[34m▓&amp#27;[0m&amp#27;[34m▓&amp#27;[0m&amp#27;[34m▓&amp#27;[0m&amp#27;[34m▓&amp#27;[0m&amp#27;[34m▓&amp#27;[0m&amp#27;[34m▓&amp#27;[0m&amp#27;[32m▓&amp#27;[0m&amp#27;[34m▓&amp#27;[0m&amp#27;[32m░&amp#27;[0m&amp#27;[32m░&amp#27;[0m&amp#27;[32m░&amp#27;[0m&amp#27;[32m▓&amp#27;[0m&amp#27;[32m▒&amp#27;[0m&amp#27;[32m░&amp#27;[0m&amp#27;[32m░&amp#27;[0m&amp#27;[34m▓&amp#27;[0m&amp#27;[32m█&amp#27;[0m&amp#27;[33m▓&amp#27;[0m&amp#27;[32m▓&amp#27;[0m&amp#27;[32m▓&amp#27;[0m&amp#27;[32m▓&amp#27;[0m&amp#27;[32m▓&amp#27;[0m&amp#27;[32m▓&amp#27;[0m&amp#27;[32m▓&amp#27;[0m&amp#27;[32m▓&amp#27;[0m&amp#27;[32m▓&amp#27;[0m&amp#27;[32m▓&amp#27;[0m&amp#27;[32m▓&amp#27;[0m&amp#27;[32m▓&amp#27;[0m&amp#27;[32m▓&amp#27;[0m&amp#27;[32m▓&amp#27;[0m&amp#27;[32m▓&amp#27;[0m&amp#27;[32m▓&amp#27;[0m&amp#27;[32m▓&amp#27;[0m&amp#27;[32m▒&amp#27;[0m&amp#27;[32m▓&amp#27;[0m&amp#27;[32m▒&amp#27;[0m&amp#27;[32m▓&amp#27;[0m&amp#27;[34m▓&amp#27;[0m&amp#27;[34m▓&amp#27;[0m&amp#27;[34m▓&amp#27;[0m&amp#27;[33m▓&amp#27;[0m&amp#27;[33m▓&amp#27;[0m&amp#27;[33m▓&amp#27;[0m&amp#27;[33m▓&amp#27;[0m&amp#27;[33m▓&amp#27;[0m&amp#27;[33m▓&amp#27;[0m&amp#27;[33m▓&amp#27;[0m&amp#27;[33m▓&amp#27;[0m&amp#27;[33m▓&amp#27;[0m&amp#27;[33m▓&amp#27;[0m&amp#27;[33m▓&amp#27;[0m&amp#27;[33m▓&amp#27;[0m&amp#27;[33m▓&amp#27;[0m&amp#27;[33m▓&amp#27;[0m&amp#27;[33m▓&amp#27;[0m&amp#27;[33m▓&amp#27;[0m&amp#27;[33m▓&amp#27;[0m&amp#27;[32m▓&amp#27;[0m&amp#27;[32m▓&amp#27;[0m&amp#27;[32m▓&amp#27;[0m&amp#27;[32m▓&amp#27;[0m&amp#27;[32m▓&amp#27;[0m&amp#27;[32m▓&amp#27;[0m&amp#27;[32m▓&amp#27;[0m&amp#27;[32m▓&amp#27;[0m&amp#27;[32m▓&amp#27;[0m&amp#27;[32m▓&amp#27;[0m
&amp#27;[34m▓&amp#27;[0m&amp#27;[34m▓&amp#27;[0m&amp#27;[34m▓&amp#27;[0m&amp#27;[34m▓&amp#27;[0m&amp#27;[34m▓&amp#27;[0m&amp#27;[34m▓&amp#27;[0m&amp#27;[34m▓&amp#27;[0m&amp#27;[34m▓&amp#27;[0m&amp#27;[34m▓&amp#27;[0m&amp#27;[32m░&amp#27;[0m&amp#27;[33m▓&amp#27;[0m&amp#27;[33m▓&amp#27;[0m&amp#27;[34m▓&amp#27;[0m&amp#27;[34m▓&amp#27;[0m&amp#27;[33m▓&amp#27;[0m&amp#27;[33m▓&amp#27;[0m&amp#27;[33m▓&amp#27;[0m&amp#27;[33m▓&amp#27;[0m&amp#27;[33m▓&amp#27;[0m&amp#27;[33m▓&amp#27;[0m&amp#27;[33m▓&amp#27;[0m&amp#27;[33m▓&amp#27;[0m&amp#27;[33m▓&amp#27;[0m&amp#27;[33m▓&amp#27;[0m&amp#27;[33m▓&amp#27;[0m&amp#27;[33m▓&amp#27;[0m&amp#27;[33m▓&amp#27;[0m&amp#27;[32m░&amp#27;[0m&amp#27;[33m▓&amp#27;[0m&amp#27;[33m▓&amp#27;[0m&amp#27;[34m▓&amp#27;[0m&amp#27;[33m▓&amp#27;[0m&amp#27;[32m▓&amp#27;[0m&amp#27;[32m▓&amp#27;[0m&amp#27;[32m▓&amp#27;[0m&amp#27;[33m▓&amp#27;[0m&amp#27;[33m▓&amp#27;[0m&amp#27;[33m▓&amp#27;[0m&amp#27;[33m▓&amp#27;[0m&amp#27;[33m▓&amp#27;[0m&amp#27;[33m▓&amp#27;[0m&amp#27;[33m▓&amp#27;[0m&amp#27;[33m▓&amp#27;[0m&amp#27;[33m▓&amp#27;[0m&amp#27;[33m▓&amp#27;[0m&amp#27;[33m▓&amp#27;[0m&amp#27;[33m▓&amp#27;[0m&amp#27;[33m▓&amp#27;[0m&amp#27;[32m█&amp#27;[0m&amp#27;[32m█&amp#27;[0m&amp#27;[32m█&amp#27;[0m&amp#27;[32m▒&amp#27;[0m&amp#27;[32m█&amp#27;[0m&amp#27;[32m█&amp#27;[0m&amp#27;[32m█&amp#27;[0m&amp#27;[32m█&amp#27;[0m&amp#27;[32m█&amp#27;[0m&amp#27;[32m█&amp#27;[0m&amp#27;[32m█&amp#27;[0m&amp#27;[32m█&amp#27;[0m&amp#27;[32m▒&amp#27;[0m&amp#27;[32m▒&amp#27;[0m&amp#27;[32m█&amp#27;[0m&amp#27;[32m▒&amp#27;[0m&amp#27;[32m█&amp#27;[0m&amp#27;[32m▒&amp#27;[0m&amp#27;[32m█&amp#27;[0m&amp#27;[32m▒&amp#27;[0m&amp#27;[34m▓&amp#27;[0m&amp#27;[32m▒&amp#27;[0m&amp#27;[32m▒&amp#27;[0m&amp#27;[32m░&amp#27;[0m&amp#27;[32m░&amp#27;[0m&amp#27;[32m░&amp#27;[0m&amp#27;[32m▒&amp#27;[0m&amp#27;[32m▒&amp#27;[0m&amp#27;[32m█&amp#27;[0m&amp#27;[32m█&amp#27;[0m&amp#27;[32m█&amp#27;[0m&amp#27;[32m█&amp#27;[0m&amp#27;[32m█&amp#27;[0m&amp#27;[32m█&amp#27;[0m&amp#27;[32m█&amp#27;[0m&amp#27;[32m▒&amp#27;[0m&amp#27;[32m█&amp#27;[0m&amp#27;[34m▓&amp#27;[0m&amp#27;[32m▒&amp#27;[0m&amp#27;[33m▓&amp#27;[0m&amp#27;[34m▓&amp#27;[0m&amp#27;[33m▓&amp#27;[0m&amp#27;[33m▓&amp#27;[0m&amp#27;[32m▒&amp#27;[0m&amp#27;[33m▓&amp#27;[0m&amp#27;[33m▓&amp#27;[0m&amp#27;[32m▒&amp#27;[0m&amp#27;[32m▒&amp#27;[0m&amp#27;[33m▓&amp#27;[0m&amp#27;[33m▓&amp#27;[0m&amp#27;[32m▒&amp#27;[0m&amp#27;[32m▒&amp#27;[0m&amp#27;[33m▓&amp#27;[0m&amp#27;[33m▓&amp#27;[0m&amp#27;[33m▓&amp#27;[0m&amp#27;[32m▒&amp#27;[0m&amp#27;[32m▓&amp#27;[0m&amp#27;[32m▓&amp#27;[0m&amp#27;[33m▓&amp#27;[0m&amp#27;[33m▓&amp#27;[0m&amp#27;[32m▒&amp#27;[0m&amp#27;[33m▓&amp#27;[0m&amp#27;[33m▓&amp#27;[0m&amp#27;[33m▓&amp#27;[0m&amp#27;[33m▓&amp#27;[0m&amp#27;[33m▓&amp#27;[0m&amp#27;[32m▒&amp#27;[0m&amp#27;[33m▓&amp#27;[0m&amp#27;[33m▓&amp#27;[0m&amp#27;[33m▓&amp#27;[0m&amp#27;[33m▓&amp#27;[0m&amp#27;[33m▓&amp#27;[0m&amp#27;[32m▒&amp#27;[0m&amp#27;[33m▓&amp#27;[0m&amp#27;[33m▓&amp#27;[0m&amp#27;[33m▓&amp#27;[0m&amp#27;[33m▓&amp#27;[0m&amp#27;[33m▓&amp#27;[0m&amp#27;[33m▓&amp#27;[0m&amp#27;[33m▓&amp#27;[0m&amp#27;[33m▓&amp#27;[0m&amp#27;[33m▓&amp#27;[0m&amp#27;[33m▓&amp#27;[0m&amp#27;[32m▒&amp#27;[0m&amp#27;[33m▓&amp#27;[0m&amp#27;[32m▒&amp#27;[0m&amp#27;[33m▓&amp#27;[0m&amp#27;[33m▓&amp#27;[0m&amp#27;[33m▓&amp#27;[0m&amp#27;[33m▓&amp#27;[0m&amp#27;[33m▓&amp#27;[0m&amp#27;[33m▓&amp#27;[0m&amp#27;[33m▓&amp#27;[0m&amp#27;[33m▓&amp#27;[0m&amp#27;[33m▓&amp#27;[0m&amp#27;[33m▓&amp#27;[0m&amp#27;[33m▓&amp#27;[0m&amp#27;[33m▓&amp#27;[0m&amp#27;[32m▒&amp#27;[0m&amp#27;[32m▒&amp#27;[0m&amp#27;[33m▓&amp#27;[0m&amp#27;[32m░&amp#27;[0m&amp#27;[32m░&amp#27;[0m&amp#27;[32m▒&amp#27;[0m&amp#27;[34m▓&amp#27;[0m&amp#27;[32m▒&amp#27;[0m&amp#27;[34m▓&amp#27;[0m&amp#27;[32m▒&amp#27;[0m&amp#27;[34m▓&amp#27;[0m&amp#27;[32m▒&amp#27;[0m&amp#27;[34m▓&amp#27;[0m&amp#27;[32m▒&amp#27;[0m&amp#27;[34m▓&amp#27;[0m&amp#27;[32m▒&amp#27;[0m&amp#27;[34m▓&amp#27;[0m&amp#27;[34m▓&amp#27;[0m&amp#27;[34m▓&amp#27;[0m&amp#27;[32m▒&amp#27;[0m&amp#27;[34m▓&amp#27;[0m&amp#27;[32m▒&amp#27;[0m&amp#27;[32m▓&amp#27;[0m&amp#27;[32m▓&amp#27;[0m&amp#27;[32m▓&amp#27;[0m&amp#27;[32m▓&amp#27;[0m&amp#27;[32m▓&amp#27;[0m&amp#27;[34m▓&amp#27;[0m&amp#27;[32m▒&amp#27;[0m&amp#27;[34m▓&amp#27;[0m&amp#27;[34m▓&amp#27;[0m&amp#27;[34m▓&amp#27;[0m&amp#27;[34m▓&amp#27;[0m&amp#27;[34m▓&amp#27;[0m&amp#27;[34m▓&amp#27;[0m&amp#27;[34m▓&amp#27;[0m&amp#27;[32m▒&amp#27;[0m&amp#27;[34m▓&amp#27;[0m&amp#27;[32m▒&amp#27;[0m&amp#27;[32m░&amp#27;[0m&amp#27;[32m█&amp#27;[0m&amp#27;[32m█&amp#27;[0m&amp#27;[32m█&amp#27;[0m&amp#27;[32m█&amp#27;[0m&amp#27;[32m█&amp#27;[0m&amp#27;[32m▒&amp#27;[0m&amp#27;[32m█&amp#27;[0m&amp#27;[32m█&amp#27;[0m&amp#27;[32m█&amp#27;[0m&amp#27;[32m▓&amp#27;[0m&amp#27;[32m▓&amp#27;[0m&amp#27;[32m▓&amp#27;[0m&amp#27;[32m░&amp#27;[0m&amp#27;[32m▒&amp#27;[0m&amp#27;[32m░&amp#27;[0m&amp#27;[32m░&amp#27;[0m&amp#27;[32m░&amp#27;[0m&amp#27;[32m█&amp#27;[0m&amp#27;[32m█&amp#27;[0m&amp#27;[32m█&amp#27;[0m&amp#27;[32m█&amp#27;[0m&amp#27;[32m▒&amp#27;[0m&amp#27;[32m█&amp#27;[0m&amp#27;[32m█&amp#27;[0m&amp#27;[32m█&amp#27;[0m&amp#27;[32m█&amp#27;[0m&amp#27;[32m█&amp#27;[0m&amp#27;[32m█&amp#27;[0m&amp#27;[32m█&amp#27;[0m&amp#27;[32m█&amp#27;[0m&amp#27;[32m█&amp#27;[0m&amp#27;[32m▒&amp#27;[0m&amp#27;[32m█&amp#27;[0m&amp#27;[32m█&amp#27;[0m&amp#27;[32m█&amp#27;[0m&amp#27;[32m█&amp#27;[0m&amp#27;[32m█&amp#27;[0m&amp#27;[32m█&amp#27;[0m&amp#27;[32m█&amp#27;[0m&amp#27;[32m█&amp#27;[0m&amp#27;[32m█&amp#27;[0m&amp#27;[32m█&amp#27;[0m&amp#27;[34m▓&amp#27;[0m&amp#27;[34m▓&amp#27;[0m&amp#27;[34m▓&amp#27;[0m&amp#27;[34m▓&amp#27;[0m&amp#27;[34m▓&amp#27;[0m&amp#27;[32m▒&amp#27;[0m&amp#27;[32m▒&amp#27;[0m&amp#27;[32m▒&amp#27;[0m&amp#27;[34m▓&amp#27;[0m&amp#27;[34m▓&amp#27;[0m&amp#27;[34m▓&amp#27;[0m&amp#27;[34m▓&amp#27;[0m&amp#27;[32m░&amp#27;[0m&amp#27;[32m░&amp#27;[0m&amp#27;[32m░&amp#27;[0m&amp#27;[32m░&amp#27;[0m&amp#27;[32m░&amp#27;[0m&amp#27;[32m░&amp#27;[0m&amp#27;[32m█&amp#27;[0m&amp#27;[32m█&amp#27;[0m&amp#27;[32m█&amp#27;[0m&amp#27;[32m█&amp#27;[0m&amp#27;[32m█&amp#27;[0m&amp#27;[32m▓&amp#27;[0m&amp#27;[32m▓&amp#27;[0m&amp#27;[32m▓&amp#27;[0m&amp#27;[32m▓&amp#27;[0m&amp#27;[32m▓&amp#27;[0m&amp#27;[32m▓&amp#27;[0m&amp#27;[32m▓&amp#27;[0m&amp#27;[32m▓&amp#27;[0m&amp#27;[32m▓&amp#27;[0m&amp#27;[32m▓&amp#27;[0m&amp#27;[32m▓&amp#27;[0m&amp#27;[32m▓&amp#27;[0m&amp#27;[32m▓&amp#27;[0m&amp#27;[32m▒&amp#27;[0m&amp#27;[32m▓&amp#27;[0m&amp#27;[32m▓&amp#27;[0m&amp#27;[32m▓&amp#27;[0m&amp#27;[32m░&amp#27;[0m&amp#27;[32m░&amp#27;[0m&amp#27;[34m▓&amp#27;[0m&amp#27;[34m▓&amp#27;[0m&amp#27;[33m▓&amp#27;[0m&amp#27;[33m▓&amp#27;[0m&amp#27;[33m▓&amp#27;[0m&amp#27;[33m▓&amp#27;[0m&amp#27;[33m▓&amp#27;[0m&amp#27;[33m▓&amp#27;[0m&amp#27;[33m▓&amp#27;[0m&amp#27;[33m▓&amp#27;[0m&amp#27;[33m▓&amp#27;[0m&amp#27;[33m▓&amp#27;[0m&amp#27;[33m▓&amp#27;[0m&amp#27;[33m▓&amp#27;[0m&amp#27;[33m▓&amp#27;[0m&amp#27;[33m▓&amp#27;[0m&amp#27;[33m▓&amp#27;[0m&amp#27;[33m▓&amp#27;[0m&amp#27;[33m▓&amp#27;[0m&amp#27;[33m▓&amp#27;[0m&amp#27;[33m▓&amp#27;[0m&amp#27;[32m▓&amp#27;[0m&amp#27;[32m▓&amp#27;[0m&amp#27;[32m▓&amp#27;[0m&amp#27;[32m▓&amp#27;[0m&amp#27;[32m▓&amp#27;[0m&amp#27;[32m▓&amp#27;[0m&amp#27;[32m▓&amp#27;[0m&amp#27;[32m▓&amp#27;[0m&amp#27;[32m▓&amp#27;[0m
&amp#27;[33m▓&amp#27;[0m&amp#27;[32m░&amp#27;[0m&amp#27;[34m▓&amp#27;[0m&amp#27;[33m▓&amp#27;[0m&amp#27;[34m▓&amp#27;[0m&amp#27;[34m▓&amp#27;[0m&amp#27;[34m▓&amp#27;[0m&amp#27;[34m▓&amp#27;[0m&amp#27;[34m▓&amp#27;[0m&amp#27;[34m▓&amp#27;[0m&amp#27;[33m▓&amp#27;[0m&amp#27;[32m░&amp#27;[0m&amp#27;[34m▓&amp#27;[0m&amp#27;[34m▓&amp#27;[0m&amp#27;[33m▓&amp#27;[0m&amp#27;[33m▓&amp#27;[0m&amp#27;[33m▓&amp#27;[0m&amp#27;[33m▓&amp#27;[0m&amp#27;[33m▓&amp#27;[0m&amp#27;[33m▓&amp#27;[0m&amp#27;[33m▓&amp#27;[0m&amp#27;[33m▓&amp#27;[0m&amp#27;[33m▓&amp#27;[0m&amp#27;[33m▓&amp#27;[0m&amp#27;[33m▓&amp#27;[0m&amp#27;[33m▓&amp#27;[0m&amp#27;[34m▓&amp#27;[0m&amp#27;[34m▓&amp#27;[0m&amp#27;[32m█&amp#27;[0m&amp#27;[34m▓&amp#27;[0m&amp#27;[34m▓&amp#27;[0m&amp#27;[34m▓&amp#27;[0m&amp#27;[33m▓&amp#27;[0m&amp#27;[32m▓&amp#27;[0m&amp#27;[33m▓&amp#27;[0m&amp#27;[33m▓&amp#27;[0m&amp#27;[33m▓&amp#27;[0m&amp#27;[33m▓&amp#27;[0m&amp#27;[33m▓&amp#27;[0m&amp#27;[33m▓&amp#27;[0m&amp#27;[33m▓&amp#27;[0m&amp#27;[33m▓&amp#27;[0m&amp#27;[33m▓&amp#27;[0m&amp#27;[33m▓&amp#27;[0m&amp#27;[33m▓&amp#27;[0m&amp#27;[33m▓&amp#27;[0m&amp#27;[33m▓&amp#27;[0m&amp#27;[33m▓&amp#27;[0m&amp#27;[32m█&amp#27;[0m&amp#27;[32m█&amp#27;[0m&amp#27;[32m█&amp#27;[0m&amp#27;[32m▒&amp#27;[0m&amp#27;[32m█&amp#27;[0m&amp#27;[32m▒&amp#27;[0m&amp#27;[32m█&amp#27;[0m&amp#27;[32m█&amp#27;[0m&amp#27;[32m▒&amp#27;[0m&amp#27;[32m█&amp#27;[0m&amp#27;[32m█&amp#27;[0m&amp#27;[32m█&amp#27;[0m&amp#27;[32m█&amp#27;[0m&amp#27;[32m█&amp#27;[0m&amp#27;[32m█&amp#27;[0m&amp#27;[32m▒&amp#27;[0m&amp#27;[32m█&amp#27;[0m&amp#27;[32m▒&amp#27;[0m&amp#27;[32m█&amp#27;[0m&amp#27;[32m▒&amp#27;[0m&amp#27;[34m▓&amp#27;[0m&amp#27;[32m█&amp#27;[0m&amp#27;[32m█&amp#27;[0m&amp#27;[32m▒&amp#27;[0m&amp#27;[32m▒&amp#27;[0m&amp#27;[32m░&amp#27;[0m&amp#27;[34m▓&amp#27;[0m&amp#27;[32m█&amp#27;[0m&amp#27;[32m█&amp#27;[0m&amp#27;[32m▒&amp#27;[0m&amp#27;[32m▒&amp#27;[0m&amp#27;[32m█&amp#27;[0m&amp#27;[33m▓&amp#27;[0m&amp#27;[32m▒&amp#27;[0m&amp#27;[33m▓&amp#27;[0m&amp#27;[32m▒&amp#27;[0m&amp#27;[34m▓&amp#27;[0m&amp#27;[34m▓&amp#27;[0m&amp#27;[32m░&amp#27;[0m&amp#27;[33m▓&amp#27;[0m&amp#27;[34m▓&amp#27;[0m&amp#27;[33m▓&amp#27;[0m&amp#27;[33m▓&amp#27;[0m&amp#27;[33m▓&amp#27;[0m&amp#27;[32m▒&amp#27;[0m&amp#27;[33m▓&amp#27;[0m&amp#27;[33m▓&amp#27;[0m&amp#27;[32m▒&amp#27;[0m&amp#27;[33m▓&amp#27;[0m&amp#27;[33m▓&amp#27;[0m&amp#27;[33m▓&amp#27;[0m&amp#27;[32m▒&amp#27;[0m&amp#27;[33m▓&amp#27;[0m&amp#27;[33m▓&amp#27;[0m&amp#27;[34m▓&amp#27;[0m&amp#27;[32m▒&amp#27;[0m&amp#27;[32m▓&amp#27;[0m&amp#27;[32m▓&amp#27;[0m&amp#27;[33m▓&amp#27;[0m&amp#27;[33m▓&amp#27;[0m&amp#27;[33m▓&amp#27;[0m&amp#27;[33m▓&amp#27;[0m&amp#27;[32m▒&amp#27;[0m&amp#27;[32m▒&amp#27;[0m&amp#27;[33m▓&amp#27;[0m&amp#27;[33m▓&amp#27;[0m&amp#27;[33m▓&amp#27;[0m&amp#27;[33m▓&amp#27;[0m&amp#27;[33m▓&amp#27;[0m&amp#27;[33m▓&amp#27;[0m&amp#27;[33m▓&amp#27;[0m&amp#27;[33m▓&amp#27;[0m&amp#27;[33m▓&amp#27;[0m&amp#27;[33m▓&amp#27;[0m&amp#27;[33m▓&amp#27;[0m&amp#27;[33m▓&amp#27;[0m&amp#27;[32m▒&amp#27;[0m&amp#27;[32m▒&amp#27;[0m&amp#27;[32m▒&amp#27;[0m&amp#27;[33m▓&amp#27;[0m&amp#27;[33m▓&amp#27;[0m&amp#27;[33m▓&amp#27;[0m&amp#27;[33m▓&amp#27;[0m&amp#27;[33m▓&amp#27;[0m&amp#27;[33m▓&amp#27;[0m&amp#27;[33m▓&amp#27;[0m&amp#27;[33m▓&amp#27;[0m&amp#27;[33m▓&amp#27;[0m&amp#27;[33m▓&amp#27;[0m&amp#27;[33m▓&amp#27;[0m&amp#27;[33m▓&amp#27;[0m&amp#27;[33m▓&amp#27;[0m&amp#27;[32m▒&amp#27;[0m&amp#27;[32m▒&amp#27;[0m&amp#27;[32m▒&amp#27;[0m&amp#27;[33m▓&amp#27;[0m&amp#27;[32m▒&amp#27;[0m&amp#27;[33m▓&amp#27;[0m&amp#27;[33m▓&amp#27;[0m&amp#27;[33m▓&amp#27;[0m&amp#27;[33m▓&amp#27;[0m&amp#27;[32m░&amp#27;[0m&amp#27;[32m░&amp#27;[0m&amp#27;[32m░&amp#27;[0m&amp#27;[34m▓&amp#27;[0m&amp#27;[34m▓&amp#27;[0m&amp#27;[32m░&amp#27;[0m&amp#27;[34m▓&amp#27;[0m&amp#27;[34m▓&amp#27;[0m&amp#27;[34m▓&amp#27;[0m&amp#27;[32m█&amp#27;[0m&amp#27;[34m▓&amp#27;[0m&amp#27;[34m▓&amp#27;[0m&amp#27;[32m░&amp#27;[0m&amp#27;[32m░&amp#27;[0m&amp#27;[32m▒&amp#27;[0m&amp#27;[32m░&amp#27;[0m&amp#27;[32m░&amp#27;[0m&amp#27;[32m░&amp#27;[0m&amp#27;[32m▒&amp#27;[0m&amp#27;[33m▓&amp#27;[0m&amp#27;[32m▒&amp#27;[0m&amp#27;[32m▓&amp#27;[0m&amp#27;[32m▓&amp#27;[0m&amp#27;[32m▓&amp#27;[0m&amp#27;[34m▓&amp#27;[0m&amp#27;[34m▓&amp#27;[0m&amp#27;[34m▓&amp#27;[0m&amp#27;[32m▒&amp#27;[0m&amp#27;[34m▓&amp#27;[0m&amp#27;[32m▒&amp#27;[0m&amp#27;[34m▓&amp#27;[0m&amp#27;[32m▓&amp#27;[0m&amp#27;[32m░&amp#27;[0m&amp#27;[32m░&amp#27;[0m&amp#27;[32m█&amp#27;[0m&amp#27;[32m▒&amp#27;[0m&amp#27;[32m░&amp#27;[0m&amp#27;[32m▒&amp#27;[0m&amp#27;[32m█&amp#27;[0m&amp#27;[32m█&amp#27;[0m&amp#27;[32m▒&amp#27;[0m&amp#27;[32m█&amp#27;[0m&amp#27;[32m█&amp#27;[0m&amp#27;[32m█&amp#27;[0m&amp#27;[33m▓&amp#27;[0m&amp#27;[32m▒&amp#27;[0m&amp#27;[32m▓&amp#27;[0m&amp#27;[32m▓&amp#27;[0m&amp#27;[32m▓&amp#27;[0m&amp#27;[32m▓&amp#27;[0m&amp#27;[32m▓&amp#27;[0m&amp#27;[32m▒&amp#27;[0m&amp#27;[32m░&amp#27;[0m&amp#27;[32m█&amp#27;[0m&amp#27;[32m█&amp#27;[0m&amp#27;[32m▒&amp#27;[0m&amp#27;[32m▒&amp#27;[0m&amp#27;[32m█&amp#27;[0m&amp#27;[33m▓&amp#27;[0m&amp#27;[32m█&amp#27;[0m&amp#27;[32m▒&amp#27;[0m&amp#27;[33m▓&amp#27;[0m&amp#27;[33m▓&amp#27;[0m&amp#27;[33m▓&amp#27;[0m&amp#27;[32m█&amp#27;[0m&amp#27;[32m█&amp#27;[0m&amp#27;[32m▒&amp#27;[0m&amp#27;[32m█&amp#27;[0m&amp#27;[32m█&amp#27;[0m&amp#27;[32m█&amp#27;[0m&amp#27;[32m█&amp#27;[0m&amp#27;[32m█&amp#27;[0m&amp#27;[32m█&amp#27;[0m&amp#27;[32m█&amp#27;[0m&amp#27;[32m█&amp#27;[0m&amp#27;[32m█&amp#27;[0m&amp#27;[32m█&amp#27;[0m&amp#27;[32m█&amp#27;[0m&amp#27;[32m█&amp#27;[0m&amp#27;[34m▓&amp#27;[0m&amp#27;[34m▓&amp#27;[0m&amp#27;[34m▓&amp#27;[0m&amp#27;[32m▒&amp#27;[0m&amp#27;[34m▓&amp#27;[0m&amp#27;[34m▓&amp#27;[0m&amp#27;[34m▓&amp#27;[0m&amp#27;[34m▓&amp#27;[0m&amp#27;[34m▓&amp#27;[0m&amp#27;[34m▓&amp#27;[0m&amp#27;[34m▓&amp#27;[0m&amp#27;[34m▓&amp#27;[0m&amp#27;[34m▓&amp#27;[0m&amp#27;[34m▓&amp#27;[0m&amp#27;[32m█&amp#27;[0m&amp#27;[32m▓&amp#27;[0m&amp#27;[32m░&amp#27;[0m&amp#27;[32m█&amp#27;[0m&amp#27;[32m█&amp#27;[0m&amp#27;[32m█&amp#27;[0m&amp#27;[32m█&amp#27;[0m&amp#27;[32m█&amp#27;[0m&amp#27;[32m█&amp#27;[0m&amp#27;[32m█&amp#27;[0m&amp#27;[32m▓&amp#27;[0m&amp#27;[32m▓&amp#27;[0m&amp#27;[32m▓&amp#27;[0m&amp#27;[32m▓&amp#27;[0m&amp#27;[32m▓&amp#27;[0m&amp#27;[32m▓&amp#27;[0m&amp#27;[32m▓&amp#27;[0m&amp#27;[32m▓&amp#27;[0m&amp#27;[32m▓&amp#27;[0m&amp#27;[32m▓&amp#27;[0m&amp#27;[32m█&amp#27;[0m&amp#27;[32m▓&amp#27;[0m&amp#27;[32m▓&amp#27;[0m&amp#27;[32m▓&amp#27;[0m&amp#27;[32m▓&amp#27;[0m&amp#27;[32m▒&amp#27;[0m&amp#27;[32m░&amp#27;[0m&amp#27;[32m░&amp#27;[0m&amp#27;[32m░&amp#27;[0m&amp#27;[33m▓&amp#27;[0m&amp#27;[33m▓&amp#27;[0m&amp#27;[33m▓&amp#27;[0m&amp#27;[33m▓&amp#27;[0m&amp#27;[33m▓&amp#27;[0m&amp#27;[33m▓&amp#27;[0m&amp#27;[33m▓&amp#27;[0m&amp#27;[33m▓&amp#27;[0m&amp#27;[33m▓&amp#27;[0m&amp#27;[33m▓&amp#27;[0m&amp#27;[33m▓&amp#27;[0m&amp#27;[33m▓&amp#27;[0m&amp#27;[33m▓&amp#27;[0m&amp#27;[33m▓&amp#27;[0m&amp#27;[33m▓&amp#27;[0m&amp#27;[33m▓&amp#27;[0m&amp#27;[33m▓&amp#27;[0m&amp#27;[33m▓&amp#27;[0m&amp#27;[33m▓&amp#27;[0m&amp#27;[33m▓&amp#27;[0m&amp#27;[33m▓&amp#27;[0m&amp#27;[32m▓&amp#27;[0m&amp#27;[32m▓&amp#27;[0m&amp#27;[32m▓&amp#27;[0m&amp#27;[32m▓&amp#27;[0m&amp#27;[32m▓&amp#27;[0m&amp#27;[32m▓&amp#27;[0m&amp#27;[32m▓&amp#27;[0m&amp#27;[32m▓&amp#27;[0m
&amp#27;[32m░&amp#27;[0m&amp#27;[33m▓&amp#27;[0m&amp#27;[32m░&amp#27;[0m&amp#27;[33m▓&amp#27;[0m&amp#27;[33m▓&amp#27;[0m&amp#27;[33m▓&amp#27;[0m&amp#27;[33m▓&amp#27;[0m&amp#27;[33m▓&amp#27;[0m&amp#27;[34m▓&amp#27;[0m&amp#27;[34m▓&amp#27;[0m&amp#27;[33m▓&amp#27;[0m&amp#27;[34m▓&amp#27;[0m&amp#27;[34m▓&amp#27;[0m&amp#27;[32m░&amp#27;[0m&amp#27;[34m▓&amp#27;[0m&amp#27;[34m▓&amp#27;[0m&amp#27;[34m▓&amp#27;[0m&amp#27;[33m▓&amp#27;[0m&amp#27;[33m▓&amp#27;[0m&amp#27;[33m▓&amp#27;[0m&amp#27;[33m▓&amp#27;[0m&amp#27;[33m▓&amp#27;[0m&amp#27;[33m▓&amp#27;[0m&amp#27;[33m▓&amp#27;[0m&amp#27;[33m▓&amp#27;[0m&amp#27;[33m▓&amp#27;[0m&amp#27;[34m▓&amp#27;[0m&amp#27;[32m█&amp#27;[0m&amp#27;[32m█&amp#27;[0m&amp#27;[32m█&amp#27;[0m&amp#27;[34m▓&amp#27;[0m&amp#27;[34m▓&amp#27;[0m&amp#27;[34m▓&amp#27;[0m&amp#27;[34m▓&amp#27;[0m&amp#27;[34m▓&amp#27;[0m&amp#27;[32m▓&amp#27;[0m&amp#27;[34m▓&amp#27;[0m&amp#27;[33m▓&amp#27;[0m&amp#27;[33m▓&amp#27;[0m&amp#27;[33m▓&amp#27;[0m&amp#27;[33m▓&amp#27;[0m&amp#27;[33m▓&amp#27;[0m&amp#27;[33m▓&amp#27;[0m&amp#27;[33m▓&amp#27;[0m&amp#27;[33m▓&amp#27;[0m&amp#27;[33m▓&amp#27;[0m&amp#27;[33m▓&amp#27;[0m&amp#27;[32m█&amp#27;[0m&amp#27;[33m▓&amp#27;[0m&amp#27;[32m█&amp#27;[0m&amp#27;[32m█&amp#27;[0m&amp#27;[32m▒&amp#27;[0m&amp#27;[32m█&amp#27;[0m&amp#27;[32m▒&amp#27;[0m&amp#27;[32m█&amp#27;[0m&amp#27;[32m█&amp#27;[0m&amp#27;[32m▒&amp#27;[0m&amp#27;[32m█&amp#27;[0m&amp#27;[32m█&amp#27;[0m&amp#27;[32m█&amp#27;[0m&amp#27;[32m▒&amp#27;[0m&amp#27;[32m█&amp#27;[0m&amp#27;[32m█&amp#27;[0m&amp#27;[32m█&amp#27;[0m&amp#27;[32m█&amp#27;[0m&amp#27;[32m█&amp#27;[0m&amp#27;[32m█&amp#27;[0m&amp#27;[34m▓&amp#27;[0m&amp#27;[32m█&amp#27;[0m&amp#27;[32m█&amp#27;[0m&amp#27;[32m█&amp#27;[0m&amp#27;[32m█&amp#27;[0m&amp#27;[32m█&amp#27;[0m&amp#27;[34m▓&amp#27;[0m&amp#27;[34m▓&amp#27;[0m&amp#27;[33m▓&amp#27;[0m&amp#27;[32m█&amp#27;[0m&amp#27;[32m█&amp#27;[0m&amp#27;[32m▒&amp#27;[0m&amp#27;[32m▒&amp#27;[0m&amp#27;[33m▓&amp#27;[0m&amp#27;[33m▓&amp#27;[0m&amp#27;[33m▓&amp#27;[0m&amp#27;[34m▓&amp#27;[0m&amp#27;[34m▓&amp#27;[0m&amp#27;[34m▓&amp#27;[0m&amp#27;[34m▓&amp#27;[0m&amp#27;[34m▓&amp#27;[0m&amp#27;[34m▓&amp#27;[0m&amp#27;[34m▓&amp#27;[0m&amp#27;[33m▓&amp#27;[0m&amp#27;[33m▓&amp#27;[0m&amp#27;[33m▓&amp#27;[0m&amp#27;[33m▓&amp#27;[0m&amp#27;[33m▓&amp#27;[0m&amp#27;[33m▓&amp#27;[0m&amp#27;[33m▓&amp#27;[0m&amp#27;[33m▓&amp#27;[0m&amp#27;[33m▓&amp#27;[0m&amp#27;[33m▓&amp#27;[0m&amp#27;[32m▒&amp#27;[0m&amp#27;[34m▓&amp#27;[0m&amp#27;[34m▓&amp#27;[0m&amp#27;[34m▓&amp#27;[0m&amp#27;[34m▓&amp#27;[0m&amp#27;[32m▓&amp#27;[0m&amp#27;[32m▓&amp#27;[0m&amp#27;[32m▒&amp#27;[0m&amp#27;[33m▓&amp#27;[0m&amp#27;[33m▓&amp#27;[0m&amp#27;[33m▓&amp#27;[0m&amp#27;[33m▓&amp#27;[0m&amp#27;[32m▓&amp#27;[0m&amp#27;[32m▒&amp#27;[0m&amp#27;[32m▒&amp#27;[0m&amp#27;[33m▓&amp#27;[0m&amp#27;[33m▓&amp#27;[0m&amp#27;[33m▓&amp#27;[0m&amp#27;[33m▓&amp#27;[0m&amp#27;[32m▒&amp#27;[0m&amp#27;[32m▒&amp#27;[0m&amp#27;[32m▒&amp#27;[0m&amp#27;[33m▓&amp#27;[0m&amp#27;[33m▓&amp#27;[0m&amp#27;[33m▓&amp#27;[0m&amp#27;[33m▓&amp#27;[0m&amp#27;[32m▒&amp#27;[0m&amp#27;[33m▓&amp#27;[0m&amp#27;[33m▓&amp#27;[0m&amp#27;[33m▓&amp#27;[0m&amp#27;[33m▓&amp#27;[0m&amp#27;[33m▓&amp#27;[0m&amp#27;[33m▓&amp#27;[0m&amp#27;[32m▒&amp#27;[0m&amp#27;[33m▓&amp#27;[0m&amp#27;[33m▓&amp#27;[0m&amp#27;[33m▓&amp#27;[0m&amp#27;[32m▒&amp#27;[0m&amp#27;[33m▓&amp#27;[0m&amp#27;[33m▓&amp#27;[0m&amp#27;[33m▓&amp#27;[0m&amp#27;[33m▓&amp#27;[0m&amp#27;[33m▓&amp#27;[0m&amp#27;[33m▓&amp#27;[0m&amp#27;[33m▓&amp#27;[0m&amp#27;[33m▓&amp#27;[0m&amp#27;[33m▓&amp#27;[0m&amp#27;[33m▓&amp#27;[0m&amp#27;[33m▓&amp#27;[0m&amp#27;[34m▓&amp#27;[0m&amp#27;[34m▓&amp#27;[0m&amp#27;[34m▓&amp#27;[0m&amp#27;[34m▓&amp#27;[0m&amp#27;[34m▓&amp#27;[0m&amp#27;[34m▓&amp#27;[0m&amp#27;[34m▓&amp#27;[0m&amp#27;[32m░&amp#27;[0m&amp#27;[34m▓&amp#27;[0m&amp#27;[34m▓&amp#27;[0m&amp#27;[32m░&amp#27;[0m&amp#27;[32m░&amp#27;[0m&amp#27;[32m░&amp#27;[0m&amp#27;[32m░&amp#27;[0m&amp#27;[32m░&amp#27;[0m&amp#27;[32m▒&amp#27;[0m&amp#27;[32m░&amp#27;[0m&amp#27;[32m░&amp#27;[0m&amp#27;[32m░&amp#27;[0m&amp#27;[32m░&amp#27;[0m&amp#27;[32m▓&amp#27;[0m&amp#27;[32m▓&amp#27;[0m&amp#27;[32m▒&amp#27;[0m&amp#27;[34m▓&amp#27;[0m&amp#27;[34m▓&amp#27;[0m&amp#27;[32m▒&amp#27;[0m&amp#27;[34m▓&amp#27;[0m&amp#27;[34m▓&amp#27;[0m&amp#27;[34m▓&amp#27;[0m&amp#27;[34m▓&amp#27;[0m&amp#27;[32m▒&amp#27;[0m&amp#27;[32m░&amp#27;[0m&amp#27;[32m░&amp#27;[0m&amp#27;[32m░&amp#27;[0m&amp#27;[34m▓&amp#27;[0m&amp#27;[34m▓&amp#27;[0m&amp#27;[32m▓&amp#27;[0m&amp#27;[32m█&amp#27;[0m&amp#27;[32m█&amp#27;[0m&amp#27;[32m█&amp#27;[0m&amp#27;[32m█&amp#27;[0m&amp#27;[32m▒&amp#27;[0m&amp#27;[32m█&amp#27;[0m&amp#27;[32m█&amp#27;[0m&amp#27;[32m█&amp#27;[0m&amp#27;[32m█&amp#27;[0m&amp#27;[32m▓&amp#27;[0m&amp#27;[32m▓&amp#27;[0m&amp#27;[32m▓&amp#27;[0m&amp#27;[32m▒&amp#27;[0m&amp#27;[32m▓&amp#27;[0m&amp#27;[32m▓&amp#27;[0m&amp#27;[32m░&amp#27;[0m&amp#27;[32m░&amp#27;[0m&amp#27;[32m█&amp#27;[0m&amp#27;[32m░&amp#27;[0m&amp#27;[32m█&amp#27;[0m&amp#27;[32m▒&amp#27;[0m&amp#27;[32m█&amp#27;[0m&amp#27;[32m█&amp#27;[0m&amp#27;[32m█&amp#27;[0m&amp#27;[33m▓&amp#27;[0m&amp#27;[33m▓&amp#27;[0m&amp#27;[33m▓&amp#27;[0m&amp#27;[32m█&amp#27;[0m&amp#27;[32m█&amp#27;[0m&amp#27;[32m█&amp#27;[0m&amp#27;[32m█&amp#27;[0m&amp#27;[32m█&amp#27;[0m&amp#27;[32m█&amp#27;[0m&amp#27;[32m█&amp#27;[0m&amp#27;[32m█&amp#27;[0m&amp#27;[32m█&amp#27;[0m&amp#27;[32m█&amp#27;[0m&amp#27;[32m█&amp#27;[0m&amp#27;[32m█&amp#27;[0m&amp#27;[32m█&amp#27;[0m&amp#27;[32m█&amp#27;[0m&amp#27;[32m█&amp#27;[0m&amp#27;[34m▓&amp#27;[0m&amp#27;[34m▓&amp#27;[0m&amp#27;[34m▓&amp#27;[0m&amp#27;[32m▓&amp#27;[0m&amp#27;[34m▓&amp#27;[0m&amp#27;[34m▓&amp#27;[0m&amp#27;[34m▓&amp#27;[0m&amp#27;[34m▓&amp#27;[0m&amp#27;[34m▓&amp#27;[0m&amp#27;[32m█&amp#27;[0m&amp#27;[34m▓&amp#27;[0m&amp#27;[34m▓&amp#27;[0m&amp#27;[34m▓&amp#27;[0m&amp#27;[34m▓&amp#27;[0m&amp#27;[34m▓&amp#27;[0m&amp#27;[34m▓&amp#27;[0m&amp#27;[34m▓&amp#27;[0m&amp#27;[32m█&amp#27;[0m&amp#27;[32m█&amp#27;[0m&amp#27;[32m█&amp#27;[0m&amp#27;[32m▒&amp#27;[0m&amp#27;[32m█&amp#27;[0m&amp#27;[32m█&amp#27;[0m&amp#27;[32m█&amp#27;[0m&amp#27;[32m█&amp#27;[0m&amp#27;[34m▓&amp#27;[0m&amp#27;[32m▓&amp#27;[0m&amp#27;[32m█&amp#27;[0m&amp#27;[32m█&amp#27;[0m&amp#27;[32m█&amp#27;[0m&amp#27;[32m▓&amp#27;[0m&amp#27;[32m▓&amp#27;[0m&amp#27;[32m▓&amp#27;[0m&amp#27;[32m▓&amp#27;[0m&amp#27;[33m▓&amp#27;[0m&amp#27;[32m▓&amp#27;[0m&amp#27;[32m▓&amp#27;[0m&amp#27;[34m▓&amp#27;[0m&amp#27;[32m░&amp#27;[0m&amp#27;[32m░&amp#27;[0m&amp#27;[32m░&amp#27;[0m&amp#27;[32m░&amp#27;[0m&amp#27;[33m▓&amp#27;[0m&amp#27;[33m▓&amp#27;[0m&amp#27;[32m▒&amp#27;[0m&amp#27;[33m▓&amp#27;[0m&amp#27;[33m▓&amp#27;[0m&amp#27;[33m▓&amp#27;[0m&amp#27;[33m▓&amp#27;[0m&amp#27;[33m▓&amp#27;[0m&amp#27;[33m▓&amp#27;[0m&amp#27;[33m▓&amp#27;[0m&amp#27;[33m▓&amp#27;[0m&amp#27;[33m▓&amp#27;[0m&amp#27;[33m▓&amp#27;[0m&amp#27;[33m▓&amp#27;[0m&amp#27;[33m▓&amp#27;[0m&amp#27;[32m▒&amp#27;[0m&amp#27;[33m▓&amp#27;[0m&amp#27;[33m▓&amp#27;[0m&amp#27;[33m▓&amp#27;[0m&amp#27;[33m▓&amp#27;[0m&amp#27;[33m▓&amp#27;[0m&amp#27;[33m▓&amp#27;[0m&amp#27;[32m▓&amp#27;[0m&amp#27;[32m▓&amp#27;[0m&amp#27;[32m▓&amp#27;[0m&amp#27;[32m▓&amp#27;[0m&amp#27;[32m▓&amp#27;[0m&amp#27;[32m▓&amp#27;[0m&amp#27;[32m▓&amp#27;[0m&amp#27;[32m▓&amp#27;[0m
&amp#27;[32m░&amp#27;[0m&amp#27;[32m░&amp#27;[0m&amp#27;[32m░&amp#27;[0m&amp#27;[32m░&amp#27;[0m&amp#27;[34m▓&amp#27;[0m&amp#27;[32m░&amp#27;[0m&amp#27;[32m░&amp#27;[0m&amp#27;[32m░&amp#27;[0m&amp#27;[33m▓&amp#27;[0m&amp#27;[34m▓&amp#27;[0m&amp#27;[33m▓&amp#27;[0m&amp#27;[34m▓&amp#27;[0m&amp#27;[34m▓&amp#27;[0m&amp#27;[32m█&amp#27;[0m&amp#27;[32m░&amp#27;[0m&amp#27;[34m▓&amp#27;[0m&amp#27;[34m▓&amp#27;[0m&amp#27;[34m▓&amp#27;[0m&amp#27;[34m▓&amp#27;[0m&amp#27;[33m▓&amp#27;[0m&amp#27;[33m▓&amp#27;[0m&amp#27;[33m▓&amp#27;[0m&amp#27;[33m▓&amp#27;[0m&amp#27;[33m▓&amp#27;[0m&amp#27;[32m░&amp#27;[0m&amp#27;[34m▓&amp#27;[0m&amp#27;[34m▓&amp#27;[0m&amp#27;[33m▓&amp#27;[0m&amp#27;[32m█&amp#27;[0m&amp#27;[33m▓&amp#27;[0m&amp#27;[34m▓&amp#27;[0m&amp#27;[33m▓&amp#27;[0m&amp#27;[34m▓&amp#27;[0m&amp#27;[34m▓&amp#27;[0m&amp#27;[34m▓&amp#27;[0m&amp#27;[34m▓&amp#27;[0m&amp#27;[33m▓&amp#27;[0m&amp#27;[34m▓&amp#27;[0m&amp#27;[34m▓&amp#27;[0m&amp#27;[33m▓&amp#27;[0m&amp#27;[33m▓&amp#27;[0m&amp#27;[33m▓&amp#27;[0m&amp#27;[33m▓&amp#27;[0m&amp#27;[33m▓&amp#27;[0m&amp#27;[33m▓&amp#27;[0m&amp#27;[32m█&amp#27;[0m&amp#27;[33m▓&amp#27;[0m&amp#27;[33m▓&amp#27;[0m&amp#27;[33m▓&amp#27;[0m&amp#27;[33m▓&amp#27;[0m&amp#27;[33m▓&amp#27;[0m&amp#27;[32m█&amp#27;[0m&amp#27;[32m█&amp#27;[0m&amp#27;[32m▒&amp#27;[0m&amp#27;[32m█&amp#27;[0m&amp#27;[32m█&amp#27;[0m&amp#27;[32m▒&amp#27;[0m&amp#27;[32m█&amp#27;[0m&amp#27;[33m▓&amp#27;[0m&amp#27;[32m█&amp#27;[0m&amp#27;[32m█&amp#27;[0m&amp#27;[32m█&amp#27;[0m&amp#27;[32m█&amp#27;[0m&amp#27;[32m█&amp#27;[0m&amp#27;[32m█&amp#27;[0m&amp#27;[32m█&amp#27;[0m&amp#27;[32m█&amp#27;[0m&amp#27;[34m▓&amp#27;[0m&amp#27;[32m▒&amp#27;[0m&amp#27;[32m█&amp#27;[0m&amp#27;[32m█&amp#27;[0m&amp#27;[32m█&amp#27;[0m&amp#27;[32m█&amp#27;[0m&amp#27;[34m▓&amp#27;[0m&amp#27;[32m▒&amp#27;[0m&amp#27;[32m▓&amp#27;[0m&amp#27;[32m▓&amp#27;[0m&amp#27;[32m▓&amp#27;[0m&amp#27;[32m▓&amp#27;[0m&amp#27;[32m▓&amp#27;[0m&amp#27;[33m▓&amp#27;[0m&amp#27;[33m▓&amp#27;[0m&amp#27;[32m▒&amp#27;[0m&amp#27;[34m▓&amp#27;[0m&amp#27;[34m▓&amp#27;[0m&amp#27;[34m▓&amp#27;[0m&amp#27;[32m▒&amp#27;[0m&amp#27;[34m▓&amp#27;[0m&amp#27;[34m▓&amp#27;[0m&amp#27;[32m▒&amp#27;[0m&amp#27;[34m▓&amp#27;[0m&amp#27;[34m▓&amp#27;[0m&amp#27;[33m▓&amp#27;[0m&amp#27;[33m▓&amp#27;[0m&amp#27;[32m▒&amp#27;[0m&amp#27;[33m▓&amp#27;[0m&amp#27;[33m▓&amp#27;[0m&amp#27;[33m▓&amp#27;[0m&amp#27;[32m▒&amp#27;[0m&amp#27;[33m▓&amp#27;[0m&amp#27;[34m▓&amp#27;[0m&amp#27;[34m▓&amp#27;[0m&amp#27;[32m▒&amp#27;[0m&amp#27;[32m▒&amp#27;[0m&amp#27;[32m▒&amp#27;[0m&amp#27;[34m▓&amp#27;[0m&amp#27;[34m▓&amp#27;[0m&amp#27;[34m▓&amp#27;[0m&amp#27;[32m▓&amp#27;[0m&amp#27;[33m▓&amp#27;[0m&amp#27;[32m▒&amp#27;[0m&amp#27;[34m▓&amp#27;[0m&amp#27;[32m█&amp#27;[0m&amp#27;[33m▓&amp#27;[0m&amp#27;[33m▓&amp#27;[0m&amp#27;[32m▒&amp#27;[0m&amp#27;[32m▒&amp#27;[0m&amp#27;[33m▓&amp#27;[0m&amp#27;[33m▓&amp#27;[0m&amp#27;[33m▓&amp#27;[0m&amp#27;[33m▓&amp#27;[0m&amp#27;[33m▓&amp#27;[0m&amp#27;[33m▓&amp#27;[0m&amp#27;[33m▓&amp#27;[0m&amp#27;[33m▓&amp#27;[0m&amp#27;[33m▓&amp#27;[0m&amp#27;[33m▓&amp#27;[0m&amp#27;[33m▓&amp#27;[0m&amp#27;[33m▓&amp#27;[0m&amp#27;[33m▓&amp#27;[0m&amp#27;[33m▓&amp#27;[0m&amp#27;[32m▒&amp#27;[0m&amp#27;[33m▓&amp#27;[0m&amp#27;[32m▒&amp#27;[0m&amp#27;[32m▒&amp#27;[0m&amp#27;[33m▓&amp#27;[0m&amp#27;[33m▓&amp#27;[0m&amp#27;[33m▓&amp#27;[0m&amp#27;[33m▓&amp#27;[0m&amp#27;[33m▓&amp#27;[0m&amp#27;[33m▓&amp#27;[0m&amp#27;[33m▓&amp#27;[0m&amp#27;[33m▓&amp#27;[0m&amp#27;[33m▓&amp#27;[0m&amp#27;[33m▓&amp#27;[0m&amp#27;[33m▓&amp#27;[0m&amp#27;[33m▓&amp#27;[0m&amp#27;[33m▓&amp#27;[0m&amp#27;[33m▓&amp#27;[0m&amp#27;[34m▓&amp#27;[0m&amp#27;[34m▓&amp#27;[0m&amp#27;[32m▒&amp#27;[0m&amp#27;[34m▓&amp#27;[0m&amp#27;[34m▓&amp#27;[0m&amp#27;[34m▓&amp#27;[0m&amp#27;[32m▒&amp#27;[0m&amp#27;[34m▓&amp#27;[0m&amp#27;[32m▒&amp#27;[0m&amp#27;[32m░&amp#27;[0m&amp#27;[32m░&amp#27;[0m&amp#27;[32m░&amp#27;[0m&amp#27;[32m░&amp#27;[0m&amp#27;[32m░&amp#27;[0m&amp#27;[32m░&amp#27;[0m&amp#27;[32m░&amp#27;[0m&amp#27;[32m░&amp#27;[0m&amp#27;[32m░&amp#27;[0m&amp#27;[32m░&amp#27;[0m&amp#27;[32m░&amp#27;[0m&amp#27;[32m░&amp#27;[0m&amp#27;[32m░&amp#27;[0m&amp#27;[32m░&amp#27;[0m&amp#27;[32m░&amp#27;[0m&amp#27;[32m░&amp#27;[0m&amp#27;[34m▓&amp#27;[0m&amp#27;[34m▓&amp#27;[0m&amp#27;[34m▓&amp#27;[0m&amp#27;[34m▓&amp#27;[0m&amp#27;[34m▓&amp#27;[0m&amp#27;[34m▓&amp#27;[0m&amp#27;[32m░&amp#27;[0m&amp#27;[32m░&amp#27;[0m&amp#27;[32m░&amp#27;[0m&amp#27;[33m▓&amp#27;[0m&amp#27;[32m▓&amp#27;[0m&amp#27;[32m▒&amp#27;[0m&amp#27;[32m█&amp#27;[0m&amp#27;[32m█&amp#27;[0m&amp#27;[33m▓&amp#27;[0m&amp#27;[32m█&amp#27;[0m&amp#27;[32m█&amp#27;[0m&amp#27;[32m█&amp#27;[0m&amp#27;[32m█&amp#27;[0m&amp#27;[32m█&amp#27;[0m&amp#27;[32m█&amp#27;[0m&amp#27;[32m▓&amp#27;[0m&amp#27;[32m▓&amp#27;[0m&amp#27;[32m▓&amp#27;[0m&amp#27;[32m▓&amp#27;[0m&amp#27;[32m▓&amp#27;[0m&amp#27;[32m▓&amp#27;[0m&amp#27;[32m▓&amp#27;[0m&amp#27;[32m░&amp#27;[0m&amp#27;[32m▒&amp#27;[0m&amp#27;[32m░&amp#27;[0m&amp#27;[32m█&amp#27;[0m&amp#27;[32m█&amp#27;[0m&amp#27;[32m█&amp#27;[0m&amp#27;[32m█&amp#27;[0m&amp#27;[32m▒&amp#27;[0m&amp#27;[33m▓&amp#27;[0m&amp#27;[33m▓&amp#27;[0m&amp#27;[32m▒&amp#27;[0m&amp#27;[32m█&amp#27;[0m&amp#27;[32m█&amp#27;[0m&amp#27;[32m█&amp#27;[0m&amp#27;[32m█&amp#27;[0m&amp#27;[32m█&amp#27;[0m&amp#27;[32m█&amp#27;[0m&amp#27;[32m█&amp#27;[0m&amp#27;[32m█&amp#27;[0m&amp#27;[32m█&amp#27;[0m&amp#27;[32m█&amp#27;[0m&amp#27;[32m█&amp#27;[0m&amp#27;[32m█&amp#27;[0m&amp#27;[32m█&amp#27;[0m&amp#27;[32m█&amp#27;[0m&amp#27;[34m▓&amp#27;[0m&amp#27;[32m▒&amp#27;[0m&amp#27;[34m▓&amp#27;[0m&amp#27;[32m░&amp#27;[0m&amp#27;[34m▓&amp#27;[0m&amp#27;[34m▓&amp#27;[0m&amp#27;[34m▓&amp#27;[0m&amp#27;[34m▓&amp#27;[0m&amp#27;[34m▓&amp#27;[0m&amp#27;[32m█&amp#27;[0m&amp#27;[32m█&amp#27;[0m&amp#27;[32m█&amp#27;[0m&amp#27;[34m▓&amp#27;[0m&amp#27;[34m▓&amp#27;[0m&amp#27;[34m▓&amp#27;[0m&amp#27;[34m▓&amp#27;[0m&amp#27;[34m▓&amp#27;[0m&amp#27;[32m█&amp#27;[0m&amp#27;[32m█&amp#27;[0m&amp#27;[32m█&amp#27;[0m&amp#27;[32m█&amp#27;[0m&amp#27;[32m█&amp#27;[0m&amp#27;[32m█&amp#27;[0m&amp#27;[32m█&amp#27;[0m&amp#27;[32m█&amp#27;[0m&amp#27;[32m█&amp#27;[0m&amp#27;[34m▓&amp#27;[0m&amp#27;[34m▓&amp#27;[0m&amp#27;[32m█&amp#27;[0m&amp#27;[32m█&amp#27;[0m&amp#27;[32m█&amp#27;[0m&amp#27;[32m▓&amp#27;[0m&amp#27;[32m▓&amp#27;[0m&amp#27;[32m▓&amp#27;[0m&amp#27;[32m▓&amp#27;[0m&amp#27;[32m▒&amp#27;[0m&amp#27;[34m▓&amp#27;[0m&amp#27;[34m▓&amp#27;[0m&amp#27;[34m▓&amp#27;[0m&amp#27;[32m░&amp#27;[0m&amp#27;[32m░&amp#27;[0m&amp#27;[32m░&amp#27;[0m&amp#27;[32m░&amp#27;[0m&amp#27;[33m▓&amp#27;[0m&amp#27;[33m▓&amp#27;[0m&amp#27;[33m▓&amp#27;[0m&amp#27;[33m▓&amp#27;[0m&amp#27;[33m▓&amp#27;[0m&amp#27;[33m▓&amp#27;[0m&amp#27;[33m▓&amp#27;[0m&amp#27;[33m▓&amp#27;[0m&amp#27;[33m▓&amp#27;[0m&amp#27;[33m▓&amp#27;[0m&amp#27;[33m▓&amp#27;[0m&amp#27;[33m▓&amp#27;[0m&amp#27;[33m▓&amp#27;[0m&amp#27;[33m▓&amp#27;[0m&amp#27;[33m▓&amp#27;[0m&amp#27;[33m▓&amp#27;[0m&amp#27;[33m▓&amp#27;[0m&amp#27;[33m▓&amp#27;[0m&amp#27;[33m▓&amp#27;[0m&amp#27;[33m▓&amp#27;[0m&amp#27;[33m▓&amp#27;[0m&amp#27;[33m▓&amp#27;[0m&amp#27;[32m▓&amp#27;[0m&amp#27;[32m▓&amp#27;[0m&amp#27;[32m▓&amp#27;[0m&amp#27;[32m▓&amp#27;[0m&amp#27;[32m▓&amp#27;[0m&amp#27;[32m▓&amp#27;[0m&amp#27;[33m▓&amp#27;[0m&amp#27;[33m▓&amp#27;[0m
&amp#27;[32m░&amp#27;[0m&amp#27;[32m░&amp#27;[0m&amp#27;[32m░&amp#27;[0m&amp#27;[32m░&amp#27;[0m&amp#27;[32m░&amp#27;[0m&amp#27;[32m░&amp#27;[0m&amp#27;[33m▓&amp#27;[0m&amp#27;[32m░&amp#27;[0m&amp#27;[32m░&amp#27;[0m&amp#27;[34m▓&amp#27;[0m&amp#27;[34m▓&amp#27;[0m&amp#27;[34m▓&amp#27;[0m&amp#27;[34m▓&amp#27;[0m&amp#27;[34m▓&amp#27;[0m&amp#27;[34m▓&amp#27;[0m&amp#27;[34m▓&amp#27;[0m&amp#27;[34m▓&amp#27;[0m&amp#27;[34m▓&amp#27;[0m&amp#27;[34m▓&amp#27;[0m&amp#27;[34m▓&amp#27;[0m&amp#27;[34m▓&amp#27;[0m&amp#27;[34m▓&amp#27;[0m&amp#27;[33m▓&amp#27;[0m&amp#27;[34m▓&amp#27;[0m&amp#27;[33m▓&amp#27;[0m&amp#27;[33m▓&amp#27;[0m&amp#27;[34m▓&amp#27;[0m&amp#27;[33m▓&amp#27;[0m&amp#27;[34m▓&amp#27;[0m&amp#27;[34m▓&amp#27;[0m&amp#27;[34m▓&amp#27;[0m&amp#27;[34m▓&amp#27;[0m&amp#27;[32m█&amp#27;[0m&amp#27;[34m▓&amp#27;[0m&amp#27;[33m▓&amp#27;[0m&amp#27;[34m▓&amp#27;[0m&amp#27;[33m▓&amp#27;[0m&amp#27;[34m▓&amp#27;[0m&amp#27;[33m▓&amp#27;[0m&amp#27;[34m▓&amp#27;[0m&amp#27;[34m▓&amp#27;[0m&amp#27;[34m▓&amp#27;[0m&amp#27;[34m▓&amp#27;[0m&amp#27;[34m▓&amp#27;[0m&amp#27;[34m▓&amp#27;[0m&amp#27;[32m█&amp#27;[0m&amp#27;[33m▓&amp#27;[0m&amp#27;[33m▓&amp#27;[0m&amp#27;[33m▓&amp#27;[0m&amp#27;[33m▓&amp#27;[0m&amp#27;[33m▓&amp#27;[0m&amp#27;[32m█&amp#27;[0m&amp#27;[32m█&amp#27;[0m&amp#27;[32m█&amp#27;[0m&amp#27;[32m█&amp#27;[0m&amp#27;[32m█&amp#27;[0m&amp#27;[32m▒&amp#27;[0m&amp#27;[33m▓&amp#27;[0m&amp#27;[32m█&amp#27;[0m&amp#27;[32m▒&amp#27;[0m&amp#27;[32m█&amp#27;[0m&amp#27;[32m▒&amp#27;[0m&amp#27;[32m█&amp#27;[0m&amp#27;[32m▒&amp#27;[0m&amp#27;[32m█&amp#27;[0m&amp#27;[32m▒&amp#27;[0m&amp#27;[32m▒&amp#27;[0m&amp#27;[32m░&amp#27;[0m&amp#27;[32m█&amp#27;[0m&amp#27;[32m█&amp#27;[0m&amp#27;[32m▒&amp#27;[0m&amp#27;[32m▒&amp#27;[0m&amp#27;[32m▒&amp#27;[0m&amp#27;[34m▓&amp#27;[0m&amp#27;[32m█&amp#27;[0m&amp#27;[32m█&amp#27;[0m&amp#27;[32m▓&amp#27;[0m&amp#27;[32m▓&amp#27;[0m&amp#27;[32m▓&amp#27;[0m&amp#27;[32m▒&amp#27;[0m&amp#27;[32m▓&amp#27;[0m&amp#27;[34m▓&amp#27;[0m&amp#27;[32m▒&amp#27;[0m&amp#27;[32m▒&amp#27;[0m&amp#27;[32m░&amp#27;[0m&amp#27;[34m▓&amp#27;[0m&amp#27;[34m▓&amp#27;[0m&amp#27;[33m▓&amp#27;[0m&amp#27;[34m▓&amp#27;[0m&amp#27;[34m▓&amp#27;[0m&amp#27;[32m▒&amp#27;[0m&amp#27;[32m▒&amp#27;[0m&amp#27;[32m▓&amp#27;[0m&amp#27;[34m▓&amp#27;[0m&amp#27;[32m▒&amp#27;[0m&amp#27;[32m▒&amp#27;[0m&amp#27;[32m░&amp#27;[0m&amp#27;[32m░&amp#27;[0m&amp#27;[32m░&amp#27;[0m&amp#27;[32m▒&amp#27;[0m&amp#27;[32m░&amp#27;[0m&amp#27;[34m▓&amp#27;[0m&amp#27;[34m▓&amp#27;[0m&amp#27;[34m▓&amp#27;[0m&amp#27;[34m▓&amp#27;[0m&amp#27;[34m▓&amp#27;[0m&amp#27;[32m▒&amp#27;[0m&amp#27;[32m▒&amp#27;[0m&amp#27;[32m█&amp#27;[0m&amp#27;[34m▓&amp#27;[0m&amp#27;[32m▒&amp#27;[0m&amp#27;[34m▓&amp#27;[0m&amp#27;[34m▓&amp#27;[0m&amp#27;[32m░&amp#27;[0m&amp#27;[33m▓&amp#27;[0m&amp#27;[33m▓&amp#27;[0m&amp#27;[33m▓&amp#27;[0m&amp#27;[33m▓&amp#27;[0m&amp#27;[33m▓&amp#27;[0m&amp#27;[33m▓&amp#27;[0m&amp#27;[33m▓&amp#27;[0m&amp#27;[33m▓&amp#27;[0m&amp#27;[33m▓&amp#27;[0m&amp#27;[33m▓&amp#27;[0m&amp#27;[33m▓&amp#27;[0m&amp#27;[33m▓&amp#27;[0m&amp#27;[33m▓&amp#27;[0m&amp#27;[32m▒&amp#27;[0m&amp#27;[33m▓&amp#27;[0m&amp#27;[32m▒&amp#27;[0m&amp#27;[33m▓&amp#27;[0m&amp#27;[33m▓&amp#27;[0m&amp#27;[33m▓&amp#27;[0m&amp#27;[33m▓&amp#27;[0m&amp#27;[33m▓&amp#27;[0m&amp#27;[33m▓&amp#27;[0m&amp#27;[33m▓&amp#27;[0m&amp#27;[33m▓&amp#27;[0m&amp#27;[33m▓&amp#27;[0m&amp#27;[33m▓&amp#27;[0m&amp#27;[33m▓&amp#27;[0m&amp#27;[33m▓&amp#27;[0m&amp#27;[32m▒&amp#27;[0m&amp#27;[32m▒&amp#27;[0m&amp#27;[33m▓&amp#27;[0m&amp#27;[33m▓&amp#27;[0m&amp#27;[33m▓&amp#27;[0m&amp#27;[32m▒&amp#27;[0m&amp#27;[33m▓&amp#27;[0m&amp#27;[32m▒&amp#27;[0m&amp#27;[32m░&amp#27;[0m&amp#27;[32m▒&amp#27;[0m&amp#27;[34m▓&amp#27;[0m&amp#27;[32m▒&amp#27;[0m&amp#27;[34m▓&amp#27;[0m&amp#27;[32m▒&amp#27;[0m&amp#27;[32m░&amp#27;[0m&amp#27;[32m▒&amp#27;[0m&amp#27;[32m░&amp#27;[0m&amp#27;[32m░&amp#27;[0m&amp#27;[32m░&amp#27;[0m&amp#27;[32m▒&amp#27;[0m&amp#27;[32m░&amp#27;[0m&amp#27;[32m▒&amp#27;[0m&amp#27;[32m░&amp#27;[0m&amp#27;[32m░&amp#27;[0m&amp#27;[32m░&amp#27;[0m&amp#27;[32m░&amp#27;[0m&amp#27;[32m░&amp#27;[0m&amp#27;[32m▓&amp#27;[0m&amp#27;[32m▓&amp#27;[0m&amp#27;[32m▓&amp#27;[0m&amp#27;[32m░&amp#27;[0m&amp#27;[32m░&amp#27;[0m&amp#27;[32m░&amp#27;[0m&amp#27;[34m▓&amp#27;[0m&amp#27;[32m▓&amp#27;[0m&amp#27;[34m▓&amp#27;[0m&amp#27;[32m▒&amp#27;[0m&amp#27;[34m▓&amp#27;[0m&amp#27;[32m▒&amp#27;[0m&amp#27;[34m▓&amp#27;[0m&amp#27;[34m▓&amp#27;[0m&amp#27;[32m▓&amp#27;[0m&amp#27;[32m▓&amp#27;[0m&amp#27;[32m▓&amp#27;[0m&amp#27;[32m▓&amp#27;[0m&amp#27;[32m▒&amp#27;[0m&amp#27;[32m█&amp#27;[0m&amp#27;[32m▒&amp#27;[0m&amp#27;[32m█&amp#27;[0m&amp#27;[32m█&amp#27;[0m&amp#27;[32m█&amp#27;[0m&amp#27;[32m█&amp#27;[0m&amp#27;[32m▓&amp#27;[0m&amp#27;[32m▒&amp#27;[0m&amp#27;[33m▓&amp#27;[0m&amp#27;[33m▓&amp#27;[0m&amp#27;[32m▒&amp#27;[0m&amp#27;[32m▓&amp#27;[0m&amp#27;[32m▓&amp#27;[0m&amp#27;[32m▓&amp#27;[0m&amp#27;[32m▓&amp#27;[0m&amp#27;[32m▒&amp#27;[0m&amp#27;[32m░&amp#27;[0m&amp#27;[32m█&amp#27;[0m&amp#27;[32m█&amp#27;[0m&amp#27;[32m█&amp#27;[0m&amp#27;[32m█&amp#27;[0m&amp#27;[32m█&amp#27;[0m&amp#27;[32m█&amp#27;[0m&amp#27;[32m█&amp#27;[0m&amp#27;[32m█&amp#27;[0m&amp#27;[32m▒&amp#27;[0m&amp#27;[32m█&amp#27;[0m&amp#27;[32m█&amp#27;[0m&amp#27;[32m█&amp#27;[0m&amp#27;[32m█&amp#27;[0m&amp#27;[32m█&amp#27;[0m&amp#27;[32m█&amp#27;[0m&amp#27;[32m█&amp#27;[0m&amp#27;[32m█&amp#27;[0m&amp#27;[32m█&amp#27;[0m&amp#27;[32m█&amp#27;[0m&amp#27;[32m█&amp#27;[0m&amp#27;[32m█&amp#27;[0m&amp#27;[32m█&amp#27;[0m&amp#27;[34m▓&amp#27;[0m&amp#27;[34m▓&amp#27;[0m&amp#27;[32m▒&amp#27;[0m&amp#27;[32m▒&amp#27;[0m&amp#27;[34m▓&amp#27;[0m&amp#27;[34m▓&amp#27;[0m&amp#27;[34m▓&amp#27;[0m&amp#27;[34m▓&amp#27;[0m&amp#27;[34m▓&amp#27;[0m&amp#27;[34m▓&amp#27;[0m&amp#27;[32m█&amp#27;[0m&amp#27;[32m█&amp#27;[0m&amp#27;[32m█&amp#27;[0m&amp#27;[32m█&amp#27;[0m&amp#27;[32m█&amp#27;[0m&amp#27;[32m█&amp#27;[0m&amp#27;[34m▓&amp#27;[0m&amp#27;[34m▓&amp#27;[0m&amp#27;[32m█&amp#27;[0m&amp#27;[32m█&amp#27;[0m&amp#27;[32m█&amp#27;[0m&amp#27;[32m█&amp#27;[0m&amp#27;[32m█&amp#27;[0m&amp#27;[32m█&amp#27;[0m&amp#27;[32m█&amp#27;[0m&amp#27;[32m█&amp#27;[0m&amp#27;[32m▓&amp#27;[0m&amp#27;[34m▓&amp#27;[0m&amp#27;[32m█&amp#27;[0m&amp#27;[32m█&amp#27;[0m&amp#27;[32m█&amp#27;[0m&amp#27;[34m▓&amp#27;[0m&amp#27;[32m█&amp#27;[0m&amp#27;[34m▓&amp#27;[0m&amp#27;[34m▓&amp#27;[0m&amp#27;[34m▓&amp#27;[0m&amp#27;[34m▓&amp#27;[0m&amp#27;[34m▓&amp#27;[0m&amp#27;[34m▓&amp#27;[0m&amp#27;[34m▓&amp#27;[0m&amp#27;[32m▒&amp#27;[0m&amp#27;[32m░&amp#27;[0m&amp#27;[32m░&amp#27;[0m&amp#27;[33m▓&amp#27;[0m&amp#27;[33m▓&amp#27;[0m&amp#27;[33m▓&amp#27;[0m&amp#27;[33m▓&amp#27;[0m&amp#27;[33m▓&amp#27;[0m&amp#27;[33m▓&amp#27;[0m&amp#27;[33m▓&amp#27;[0m&amp#27;[33m▓&amp#27;[0m&amp#27;[33m▓&amp#27;[0m&amp#27;[33m▓&amp#27;[0m&amp#27;[33m▓&amp#27;[0m&amp#27;[33m▓&amp#27;[0m&amp#27;[33m▓&amp#27;[0m&amp#27;[33m▓&amp#27;[0m&amp#27;[32m▒&amp#27;[0m&amp#27;[33m▓&amp#27;[0m&amp#27;[33m▓&amp#27;[0m&amp#27;[33m▓&amp#27;[0m&amp#27;[33m▓&amp#27;[0m&amp#27;[33m▓&amp#27;[0m&amp#27;[33m▓&amp#27;[0m&amp#27;[33m▓&amp#27;[0m&amp#27;[33m▓&amp#27;[0m&amp#27;[32m▓&amp#27;[0m&amp#27;[32m▓&amp#27;[0m&amp#27;[32m▓&amp#27;[0m&amp#27;[32m▓&amp#27;[0m&amp#27;[33m▓&amp#27;[0m&amp#27;[33m▓&amp#27;[0m&amp#27;[33m▓&amp#27;[0m
&amp#27;[32m░&amp#27;[0m&amp#27;[32m░&amp#27;[0m&amp#27;[32m█&amp#27;[0m&amp#27;[32m░&amp#27;[0m&amp#27;[32m░&amp#27;[0m&amp#27;[33m▓&amp#27;[0m&amp#27;[32m░&amp#27;[0m&amp#27;[32m░&amp#27;[0m&amp#27;[32m▓&amp#27;[0m&amp#27;[33m▓&amp#27;[0m&amp#27;[34m▓&amp#27;[0m&amp#27;[33m▓&amp#27;[0m&amp#27;[33m▓&amp#27;[0m&amp#27;[33m▓&amp#27;[0m&amp#27;[34m▓&amp#27;[0m&amp#27;[33m▓&amp#27;[0m&amp#27;[33m▓&amp#27;[0m&amp#27;[33m▓&amp#27;[0m&amp#27;[34m▓&amp#27;[0m&amp#27;[34m▓&amp#27;[0m&amp#27;[34m▓&amp#27;[0m&amp#27;[34m▓&amp#27;[0m&amp#27;[32m█&amp#27;[0m&amp#27;[34m▓&amp#27;[0m&amp#27;[34m▓&amp#27;[0m&amp#27;[34m▓&amp#27;[0m&amp#27;[33m▓&amp#27;[0m&amp#27;[32m░&amp#27;[0m&amp#27;[33m▓&amp#27;[0m&amp#27;[34m▓&amp#27;[0m&amp#27;[33m▓&amp#27;[0m&amp#27;[34m▓&amp#27;[0m&amp#27;[33m▓&amp#27;[0m&amp#27;[34m▓&amp#27;[0m&amp#27;[32m▓&amp#27;[0m&amp#27;[34m▓&amp#27;[0m&amp#27;[33m▓&amp#27;[0m&amp#27;[34m▓&amp#27;[0m&amp#27;[33m▓&amp#27;[0m&amp#27;[33m▓&amp#27;[0m&amp#27;[34m▓&amp#27;[0m&amp#27;[33m▓&amp#27;[0m&amp#27;[34m▓&amp#27;[0m&amp#27;[33m▓&amp#27;[0m&amp#27;[32m░&amp#27;[0m&amp#27;[33m▓&amp#27;[0m&amp#27;[33m▓&amp#27;[0m&amp#27;[33m▓&amp#27;[0m&amp#27;[33m▓&amp#27;[0m&amp#27;[33m▓&amp#27;[0m&amp#27;[33m▓&amp#27;[0m&amp#27;[33m▓&amp#27;[0m&amp#27;[32m▒&amp#27;[0m&amp#27;[33m▓&amp#27;[0m&amp#27;[33m▓&amp#27;[0m&amp#27;[33m▓&amp#27;[0m&amp#27;[32m█&amp#27;[0m&amp#27;[32m█&amp#27;[0m&amp#27;[32m█&amp#27;[0m&amp#27;[32m▒&amp#27;[0m&amp#27;[32m█&amp#27;[0m&amp#27;[32m▒&amp#27;[0m&amp#27;[32m█&amp#27;[0m&amp#27;[33m▓&amp#27;[0m&amp#27;[32m█&amp#27;[0m&amp#27;[32m█&amp#27;[0m&amp#27;[32m█&amp#27;[0m&amp#27;[32m▒&amp#27;[0m&amp#27;[32m▒&amp#27;[0m&amp#27;[32m█&amp#27;[0m&amp#27;[32m█&amp#27;[0m&amp#27;[32m█&amp#27;[0m&amp#27;[34m▓&amp#27;[0m&amp#27;[32m▒&amp#27;[0m&amp#27;[32m█&amp#27;[0m&amp#27;[32m█&amp#27;[0m&amp#27;[32m█&amp#27;[0m&amp#27;[32m▒&amp#27;[0m&amp#27;[32m▓&amp#27;[0m&amp#27;[32m▒&amp#27;[0m&amp#27;[32m▒&amp#27;[0m&amp#27;[34m▓&amp#27;[0m&amp#27;[34m▓&amp#27;[0m&amp#27;[34m▓&amp#27;[0m&amp#27;[32m░&amp#27;[0m&amp#27;[32m░&amp#27;[0m&amp#27;[32m░&amp#27;[0m&amp#27;[34m▓&amp#27;[0m&amp#27;[32m▒&amp#27;[0m&amp#27;[34m▓&amp#27;[0m&amp#27;[34m▓&amp#27;[0m&amp#27;[32m▒&amp#27;[0m&amp#27;[34m▓&amp#27;[0m&amp#27;[34m▓&amp#27;[0m&amp#27;[34m▓&amp#27;[0m&amp#27;[32m▒&amp#27;[0m&amp#27;[32m░&amp#27;[0m&amp#27;[32m░&amp#27;[0m&amp#27;[32m░&amp#27;[0m&amp#27;[32m▒&amp#27;[0m&amp#27;[32m░&amp#27;[0m&amp#27;[34m▓&amp#27;[0m&amp#27;[34m▓&amp#27;[0m&amp#27;[34m▓&amp#27;[0m&amp#27;[34m▓&amp#27;[0m&amp#27;[34m▓&amp#27;[0m&amp#27;[34m▓&amp#27;[0m&amp#27;[32m▒&amp#27;[0m&amp#27;[34m▓&amp#27;[0m&amp#27;[34m▓&amp#27;[0m&amp#27;[34m▓&amp#27;[0m&amp#27;[34m▓&amp#27;[0m&amp#27;[32m░&amp#27;[0m&amp#27;[32m░&amp#27;[0m&amp#27;[33m▓&amp#27;[0m&amp#27;[33m▓&amp#27;[0m&amp#27;[33m▓&amp#27;[0m&amp#27;[33m▓&amp#27;[0m&amp#27;[33m▓&amp#27;[0m&amp#27;[33m▓&amp#27;[0m&amp#27;[32m▒&amp#27;[0m&amp#27;[32m▒&amp#27;[0m&amp#27;[32m▒&amp#27;[0m&amp#27;[33m▓&amp#27;[0m&amp#27;[33m▓&amp#27;[0m&amp#27;[33m▓&amp#27;[0m&amp#27;[33m▓&amp#27;[0m&amp#27;[32m▒&amp#27;[0m&amp#27;[33m▓&amp#27;[0m&amp#27;[33m▓&amp#27;[0m&amp#27;[33m▓&amp#27;[0m&amp#27;[33m▓&amp#27;[0m&amp#27;[33m▓&amp#27;[0m&amp#27;[33m▓&amp#27;[0m&amp#27;[33m▓&amp#27;[0m&amp#27;[33m▓&amp#27;[0m&amp#27;[33m▓&amp#27;[0m&amp#27;[33m▓&amp#27;[0m&amp#27;[33m▓&amp#27;[0m&amp#27;[33m▓&amp#27;[0m&amp#27;[32m▒&amp#27;[0m&amp#27;[33m▓&amp#27;[0m&amp#27;[33m▓&amp#27;[0m&amp#27;[33m▓&amp#27;[0m&amp#27;[33m▓&amp#27;[0m&amp#27;[33m▓&amp#27;[0m&amp#27;[33m▓&amp#27;[0m&amp#27;[33m▓&amp#27;[0m&amp#27;[34m▓&amp#27;[0m&amp#27;[34m▓&amp#27;[0m&amp#27;[34m▓&amp#27;[0m&amp#27;[32m▒&amp#27;[0m&amp#27;[32m▓&amp#27;[0m&amp#27;[34m▓&amp#27;[0m&amp#27;[32m░&amp#27;[0m&amp#27;[32m░&amp#27;[0m&amp#27;[32m░&amp#27;[0m&amp#27;[32m░&amp#27;[0m&amp#27;[32m░&amp#27;[0m&amp#27;[32m░&amp#27;[0m&amp#27;[32m░&amp#27;[0m&amp#27;[32m░&amp#27;[0m&amp#27;[32m░&amp#27;[0m&amp#27;[32m▒&amp#27;[0m&amp#27;[32m░&amp#27;[0m&amp#27;[32m▒&amp#27;[0m&amp#27;[32m░&amp#27;[0m&amp#27;[32m░&amp#27;[0m&amp#27;[32m▓&amp#27;[0m&amp#27;[32m░&amp#27;[0m&amp#27;[32m▒&amp#27;[0m&amp#27;[32m░&amp#27;[0m&amp#27;[32m▒&amp#27;[0m&amp#27;[32m░&amp#27;[0m&amp#27;[32m▒&amp#27;[0m&amp#27;[33m▓&amp#27;[0m&amp#27;[34m▓&amp#27;[0m&amp#27;[34m▓&amp#27;[0m&amp#27;[34m▓&amp#27;[0m&amp#27;[32m░&amp#27;[0m&amp#27;[32m▒&amp#27;[0m&amp#27;[34m▓&amp#27;[0m&amp#27;[32m▒&amp#27;[0m&amp#27;[32m▓&amp#27;[0m&amp#27;[32m▓&amp#27;[0m&amp#27;[32m▒&amp#27;[0m&amp#27;[32m▓&amp#27;[0m&amp#27;[32m▓&amp#27;[0m&amp#27;[32m█&amp#27;[0m&amp#27;[33m▓&amp#27;[0m&amp#27;[32m▒&amp#27;[0m&amp#27;[32m█&amp#27;[0m&amp#27;[32m█&amp#27;[0m&amp#27;[32m▓&amp#27;[0m&amp#27;[32m▓&amp#27;[0m&amp#27;[33m▓&amp#27;[0m&amp#27;[32m▒&amp#27;[0m&amp#27;[33m▓&amp#27;[0m&amp#27;[33m▓&amp#27;[0m&amp#27;[33m▓&amp#27;[0m&amp#27;[32m▒&amp#27;[0m&amp#27;[32m▓&amp#27;[0m&amp#27;[32m▓&amp#27;[0m&amp#27;[32m░&amp#27;[0m&amp#27;[32m░&amp#27;[0m&amp#27;[32m▒&amp#27;[0m&amp#27;[32m█&amp#27;[0m&amp#27;[32m█&amp#27;[0m&amp#27;[32m▒&amp#27;[0m&amp#27;[32m█&amp#27;[0m&amp#27;[32m█&amp#27;[0m&amp#27;[32m▒&amp#27;[0m&amp#27;[32m█&amp#27;[0m&amp#27;[32m█&amp#27;[0m&amp#27;[32m█&amp#27;[0m&amp#27;[32m█&amp#27;[0m&amp#27;[32m█&amp#27;[0m&amp#27;[32m█&amp#27;[0m&amp#27;[32m█&amp#27;[0m&amp#27;[32m█&amp#27;[0m&amp#27;[32m█&amp#27;[0m&amp#27;[32m█&amp#27;[0m&amp#27;[32m█&amp#27;[0m&amp#27;[32m█&amp#27;[0m&amp#27;[32m█&amp#27;[0m&amp#27;[32m█&amp#27;[0m&amp#27;[32m░&amp#27;[0m&amp#27;[32m▒&amp#27;[0m&amp#27;[34m▓&amp#27;[0m&amp#27;[34m▓&amp#27;[0m&amp#27;[34m▓&amp#27;[0m&amp#27;[34m▓&amp#27;[0m&amp#27;[34m▓&amp#27;[0m&amp#27;[34m▓&amp#27;[0m&amp#27;[34m▓&amp#27;[0m&amp#27;[34m▓&amp#27;[0m&amp#27;[34m▓&amp#27;[0m&amp#27;[32m█&amp#27;[0m&amp#27;[32m█&amp#27;[0m&amp#27;[32m█&amp#27;[0m&amp#27;[32m█&amp#27;[0m&amp#27;[32m█&amp#27;[0m&amp#27;[32m█&amp#27;[0m&amp#27;[32m█&amp#27;[0m&amp#27;[32m█&amp#27;[0m&amp#27;[32m█&amp#27;[0m&amp#27;[32m█&amp#27;[0m&amp#27;[32m█&amp#27;[0m&amp#27;[32m█&amp#27;[0m&amp#27;[32m█&amp#27;[0m&amp#27;[32m█&amp#27;[0m&amp#27;[32m█&amp#27;[0m&amp#27;[34m▓&amp#27;[0m&amp#27;[34m▓&amp#27;[0m&amp#27;[34m▓&amp#27;[0m&amp#27;[34m▓&amp#27;[0m&amp#27;[32m█&amp#27;[0m&amp#27;[34m▓&amp#27;[0m&amp#27;[34m▓&amp#27;[0m&amp#27;[34m▓&amp#27;[0m&amp#27;[34m▓&amp#27;[0m&amp#27;[34m▓&amp#27;[0m&amp#27;[33m▓&amp#27;[0m&amp#27;[32m░&amp#27;[0m&amp#27;[34m▓&amp#27;[0m&amp#27;[34m▓&amp#27;[0m&amp#27;[34m▓&amp#27;[0m&amp#27;[34m▓&amp#27;[0m&amp#27;[34m▓&amp#27;[0m&amp#27;[33m▓&amp#27;[0m&amp#27;[32m▒&amp#27;[0m&amp#27;[33m▓&amp#27;[0m&amp#27;[32m▒&amp#27;[0m&amp#27;[33m▓&amp#27;[0m&amp#27;[33m▓&amp#27;[0m&amp#27;[33m▓&amp#27;[0m&amp#27;[33m▓&amp#27;[0m&amp#27;[33m▓&amp#27;[0m&amp#27;[33m▓&amp#27;[0m&amp#27;[33m▓&amp#27;[0m&amp#27;[33m▓&amp#27;[0m&amp#27;[33m▓&amp#27;[0m&amp#27;[33m▓&amp#27;[0m&amp#27;[33m▓&amp#27;[0m&amp#27;[33m▓&amp#27;[0m&amp#27;[33m▓&amp#27;[0m&amp#27;[33m▓&amp#27;[0m&amp#27;[33m▓&amp#27;[0m&amp#27;[33m▓&amp#27;[0m&amp#27;[33m▓&amp#27;[0m&amp#27;[33m▓&amp#27;[0m&amp#27;[33m▓&amp#27;[0m&amp#27;[33m▓&amp#27;[0m&amp#27;[32m▓&amp#27;[0m&amp#27;[32m▓&amp#27;[0m&amp#27;[32m▓&amp#27;[0m&amp#27;[32m▓&amp#27;[0m&amp#27;[33m▓&amp#27;[0m&amp#27;[33m▓&amp#27;[0m&amp#27;[33m▓&amp#27;[0m
&amp#27;[33m▓&amp#27;[0m&amp#27;[33m▓&amp#27;[0m&amp#27;[33m▓&amp#27;[0m&amp#27;[33m▓&amp#27;[0m&amp#27;[32m░&amp#27;[0m&amp#27;[32m░&amp#27;[0m&amp#27;[33m▓&amp#27;[0m&amp#27;[32m░&amp#27;[0m&amp#27;[32m░&amp#27;[0m&amp#27;[34m▓&amp#27;[0m&amp#27;[34m▓&amp#27;[0m&amp#27;[34m▓&amp#27;[0m&amp#27;[34m▓&amp#27;[0m&amp#27;[33m▓&amp#27;[0m&amp#27;[34m▓&amp#27;[0m&amp#27;[34m▓&amp#27;[0m&amp#27;[32m▓&amp#27;[0m&amp#27;[34m▓&amp#27;[0m&amp#27;[34m▓&amp#27;[0m&amp#27;[33m▓&amp#27;[0m&amp#27;[34m▓&amp#27;[0m&amp#27;[33m▓&amp#27;[0m&amp#27;[34m▓&amp#27;[0m&amp#27;[34m▓&amp#27;[0m&amp#27;[34m▓&amp#27;[0m&amp#27;[34m▓&amp#27;[0m&amp#27;[34m▓&amp#27;[0m&amp#27;[34m▓&amp#27;[0m&amp#27;[34m▓&amp#27;[0m&amp#27;[33m▓&amp#27;[0m&amp#27;[34m▓&amp#27;[0m&amp#27;[34m▓&amp#27;[0m&amp#27;[34m▓&amp#27;[0m&amp#27;[34m▓&amp#27;[0m&amp#27;[34m▓&amp#27;[0m&amp#27;[34m▓&amp#27;[0m&amp#27;[34m▓&amp#27;[0m&amp#27;[34m▓&amp#27;[0m&amp#27;[34m▓&amp#27;[0m&amp#27;[33m▓&amp#27;[0m&amp#27;[34m▓&amp#27;[0m&amp#27;[34m▓&amp#27;[0m&amp#27;[34m▓&amp#27;[0m&amp#27;[32m░&amp#27;[0m&amp#27;[33m▓&amp#27;[0m&amp#27;[32m█&amp#27;[0m&amp#27;[33m▓&amp#27;[0m&amp#27;[33m▓&amp#27;[0m&amp#27;[33m▓&amp#27;[0m&amp#27;[33m▓&amp#27;[0m&amp#27;[33m▓&amp#27;[0m&amp#27;[33m▓&amp#27;[0m&amp#27;[32m▒&amp#27;[0m&amp#27;[33m▓&amp#27;[0m&amp#27;[33m▓&amp#27;[0m&amp#27;[33m▓&amp#27;[0m&amp#27;[32m▒&amp#27;[0m&amp#27;[32m█&amp#27;[0m&amp#27;[32m█&amp#27;[0m&amp#27;[32m█&amp#27;[0m&amp#27;[32m█&amp#27;[0m&amp#27;[32m█&amp#27;[0m&amp#27;[32m▒&amp#27;[0m&amp#27;[33m▓&amp#27;[0m&amp#27;[33m▓&amp#27;[0m&amp#27;[32m█&amp#27;[0m&amp#27;[32m█&amp#27;[0m&amp#27;[34m▓&amp#27;[0m&amp#27;[34m▓&amp#27;[0m&amp#27;[34m▓&amp#27;[0m&amp#27;[34m▓&amp#27;[0m&amp#27;[32m█&amp#27;[0m&amp#27;[32m█&amp#27;[0m&amp#27;[33m▓&amp#27;[0m&amp#27;[32m▒&amp#27;[0m&amp#27;[32m▒&amp#27;[0m&amp#27;[32m▓&amp#27;[0m&amp#27;[32m▓&amp#27;[0m&amp#27;[32m▓&amp#27;[0m&amp#27;[32m▓&amp#27;[0m&amp#27;[32m▓&amp#27;[0m&amp#27;[34m▓&amp#27;[0m&amp#27;[32m▒&amp#27;[0m&amp#27;[32m░&amp#27;[0m&amp#27;[32m░&amp#27;[0m&amp#27;[32m░&amp#27;[0m&amp#27;[32m░&amp#27;[0m&amp#27;[32m░&amp#27;[0m&amp#27;[32m░&amp#27;[0m&amp#27;[34m▓&amp#27;[0m&amp#27;[34m▓&amp#27;[0m&amp#27;[34m▓&amp#27;[0m&amp#27;[32m█&amp#27;[0m&amp#27;[32m░&amp#27;[0m&amp#27;[34m▓&amp#27;[0m&amp#27;[34m▓&amp#27;[0m&amp#27;[32m░&amp#27;[0m&amp#27;[32m░&amp#27;[0m&amp#27;[32m░&amp#27;[0m&amp#27;[32m▓&amp#27;[0m&amp#27;[32m▓&amp#27;[0m&amp#27;[34m▓&amp#27;[0m&amp#27;[34m▓&amp#27;[0m&amp#27;[32m▒&amp#27;[0m&amp#27;[34m▓&amp#27;[0m&amp#27;[34m▓&amp#27;[0m&amp#27;[34m▓&amp#27;[0m&amp#27;[34m▓&amp#27;[0m&amp#27;[34m▓&amp#27;[0m&amp#27;[34m▓&amp#27;[0m&amp#27;[32m▒&amp#27;[0m&amp#27;[32m█&amp#27;[0m&amp#27;[32m░&amp#27;[0m&amp#27;[32m░&amp#27;[0m&amp#27;[33m▓&amp#27;[0m&amp#27;[32m▒&amp#27;[0m&amp#27;[32m▒&amp#27;[0m&amp#27;[33m▓&amp#27;[0m&amp#27;[33m▓&amp#27;[0m&amp#27;[33m▓&amp#27;[0m&amp#27;[33m▓&amp#27;[0m&amp#27;[33m▓&amp#27;[0m&amp#27;[32m▒&amp#27;[0m&amp#27;[33m▓&amp#27;[0m&amp#27;[33m▓&amp#27;[0m&amp#27;[33m▓&amp#27;[0m&amp#27;[33m▓&amp#27;[0m&amp#27;[33m▓&amp#27;[0m&amp#27;[33m▓&amp#27;[0m&amp#27;[33m▓&amp#27;[0m&amp#27;[33m▓&amp#27;[0m&amp#27;[33m▓&amp#27;[0m&amp#27;[32m▒&amp#27;[0m&amp#27;[32m▒&amp#27;[0m&amp#27;[33m▓&amp#27;[0m&amp#27;[33m▓&amp#27;[0m&amp#27;[32m▒&amp#27;[0m&amp#27;[33m▓&amp#27;[0m&amp#27;[33m▓&amp#27;[0m&amp#27;[33m▓&amp#27;[0m&amp#27;[33m▓&amp#27;[0m&amp#27;[33m▓&amp#27;[0m&amp#27;[33m▓&amp#27;[0m&amp#27;[32m▒&amp#27;[0m&amp#27;[33m▓&amp#27;[0m&amp#27;[33m▓&amp#27;[0m&amp#27;[33m▓&amp#27;[0m&amp#27;[33m▓&amp#27;[0m&amp#27;[34m▓&amp#27;[0m&amp#27;[34m▓&amp#27;[0m&amp#27;[34m▓&amp#27;[0m&amp#27;[32m▓&amp#27;[0m&amp#27;[32m▓&amp#27;[0m&amp#27;[32m▓&amp#27;[0m&amp#27;[32m░&amp#27;[0m&amp#27;[32m░&amp#27;[0m&amp#27;[32m░&amp#27;[0m&amp#27;[32m░&amp#27;[0m&amp#27;[32m█&amp#27;[0m&amp#27;[32m░&amp#27;[0m&amp#27;[32m░&amp#27;[0m&amp#27;[32m░&amp#27;[0m&amp#27;[32m░&amp#27;[0m&amp#27;[32m░&amp#27;[0m&amp#27;[32m░&amp#27;[0m&amp#27;[32m░&amp#27;[0m&amp#27;[32m░&amp#27;[0m&amp#27;[32m▒&amp#27;[0m&amp#27;[32m░&amp#27;[0m&amp#27;[32m░&amp#27;[0m&amp#27;[32m▒&amp#27;[0m&amp#27;[32m░&amp#27;[0m&amp#27;[32m░&amp#27;[0m&amp#27;[32m░&amp#27;[0m&amp#27;[32m░&amp#27;[0m&amp#27;[32m▒&amp#27;[0m&amp#27;[32m░&amp#27;[0m&amp#27;[32m░&amp#27;[0m&amp#27;[34m▓&amp#27;[0m&amp#27;[34m▓&amp#27;[0m&amp#27;[34m▓&amp#27;[0m&amp#27;[34m▓&amp#27;[0m&amp#27;[32m▓&amp#27;[0m&amp#27;[32m▓&amp#27;[0m&amp#27;[32m▓&amp#27;[0m&amp#27;[32m▓&amp#27;[0m&amp#27;[32m▒&amp#27;[0m&amp#27;[32m▓&amp#27;[0m&amp#27;[32m▓&amp#27;[0m&amp#27;[32m▓&amp#27;[0m&amp#27;[32m▓&amp#27;[0m&amp#27;[32m▓&amp#27;[0m&amp#27;[32m▓&amp#27;[0m&amp#27;[32m▓&amp#27;[0m&amp#27;[32m▒&amp#27;[0m&amp#27;[33m▓&amp#27;[0m&amp#27;[33m▓&amp#27;[0m&amp#27;[33m▓&amp#27;[0m&amp#27;[33m▓&amp#27;[0m&amp#27;[33m▓&amp#27;[0m&amp#27;[32m▓&amp#27;[0m&amp#27;[32m▓&amp#27;[0m&amp#27;[32m▒&amp#27;[0m&amp#27;[32m▓&amp#27;[0m&amp#27;[32m░&amp#27;[0m&amp#27;[32m░&amp#27;[0m&amp#27;[32m░&amp#27;[0m&amp#27;[32m█&amp#27;[0m&amp#27;[32m█&amp#27;[0m&amp#27;[32m█&amp#27;[0m&amp#27;[32m█&amp#27;[0m&amp#27;[32m█&amp#27;[0m&amp#27;[32m█&amp#27;[0m&amp#27;[32m█&amp#27;[0m&amp#27;[32m█&amp#27;[0m&amp#27;[32m█&amp#27;[0m&amp#27;[32m█&amp#27;[0m&amp#27;[32m█&amp#27;[0m&amp#27;[32m█&amp#27;[0m&amp#27;[32m█&amp#27;[0m&amp#27;[32m█&amp#27;[0m&amp#27;[32m█&amp#27;[0m&amp#27;[32m█&amp#27;[0m&amp#27;[32m█&amp#27;[0m&amp#27;[32m█&amp#27;[0m&amp#27;[32m█&amp#27;[0m&amp#27;[32m░&amp#27;[0m&amp#27;[34m▓&amp#27;[0m&amp#27;[34m▓&amp#27;[0m&amp#27;[34m▓&amp#27;[0m&amp#27;[34m▓&amp#27;[0m&amp#27;[34m▓&amp#27;[0m&amp#27;[34m▓&amp#27;[0m&amp#27;[34m▓&amp#27;[0m&amp#27;[34m▓&amp#27;[0m&amp#27;[34m▓&amp#27;[0m&amp#27;[32m█&amp#27;[0m&amp#27;[32m█&amp#27;[0m&amp#27;[33m▓&amp#27;[0m&amp#27;[32m█&amp#27;[0m&amp#27;[32m█&amp#27;[0m&amp#27;[32m█&amp#27;[0m&amp#27;[32m█&amp#27;[0m&amp#27;[32m█&amp#27;[0m&amp#27;[32m▒&amp#27;[0m&amp#27;[34m▓&amp#27;[0m&amp#27;[32m█&amp#27;[0m&amp#27;[32m█&amp#27;[0m&amp#27;[32m█&amp#27;[0m&amp#27;[32m█&amp#27;[0m&amp#27;[32m█&amp#27;[0m&amp#27;[32m░&amp#27;[0m&amp#27;[32m░&amp#27;[0m&amp#27;[32m░&amp#27;[0m&amp#27;[32m█&amp#27;[0m&amp#27;[34m▓&amp#27;[0m&amp#27;[34m▓&amp#27;[0m&amp#27;[34m▓&amp#27;[0m&amp#27;[32m░&amp#27;[0m&amp#27;[34m▓&amp#27;[0m&amp#27;[33m▓&amp#27;[0m&amp#27;[32m░&amp#27;[0m&amp#27;[34m▓&amp#27;[0m&amp#27;[34m▓&amp#27;[0m&amp#27;[34m▓&amp#27;[0m&amp#27;[34m▓&amp#27;[0m&amp#27;[34m▓&amp#27;[0m&amp#27;[32m█&amp#27;[0m&amp#27;[32m▒&amp#27;[0m&amp#27;[33m▓&amp#27;[0m&amp#27;[33m▓&amp#27;[0m&amp#27;[33m▓&amp#27;[0m&amp#27;[33m▓&amp#27;[0m&amp#27;[33m▓&amp#27;[0m&amp#27;[33m▓&amp#27;[0m&amp#27;[33m▓&amp#27;[0m&amp#27;[33m▓&amp#27;[0m&amp#27;[33m▓&amp#27;[0m&amp#27;[33m▓&amp#27;[0m&amp#27;[33m▓&amp#27;[0m&amp#27;[33m▓&amp#27;[0m&amp#27;[32m▒&amp#27;[0m&amp#27;[33m▓&amp#27;[0m&amp#27;[33m▓&amp#27;[0m&amp#27;[33m▓&amp#27;[0m&amp#27;[33m▓&amp#27;[0m&amp#27;[33m▓&amp#27;[0m&amp#27;[33m▓&amp#27;[0m&amp#27;[33m▓&amp#27;[0m&amp#27;[33m▓&amp#27;[0m&amp#27;[33m▓&amp#27;[0m&amp#27;[33m▓&amp#27;[0m&amp#27;[33m▓&amp#27;[0m&amp#27;[32m▓&amp#27;[0m&amp#27;[32m▓&amp#27;[0m&amp#27;[33m▓&amp#27;[0m&amp#27;[32m▓&amp#27;[0m&amp#27;[33m▓&amp#27;[0m&amp#27;[33m▓&amp#27;[0m&amp#27;[33m▓&amp#27;[0m
&amp#27;[32m░&amp#27;[0m&amp#27;[32m░&amp#27;[0m&amp#27;[33m▓&amp#27;[0m&amp#27;[32m░&amp#27;[0m&amp#27;[33m▓&amp#27;[0m&amp#27;[32m░&amp#27;[0m&amp#27;[33m▓&amp#27;[0m&amp#27;[32m░&amp#27;[0m&amp#27;[33m▓&amp#27;[0m&amp#27;[34m▓&amp#27;[0m&amp#27;[34m▓&amp#27;[0m&amp#27;[32m█&amp#27;[0m&amp#27;[34m▓&amp#27;[0m&amp#27;[32m▓&amp#27;[0m&amp#27;[34m▓&amp#27;[0m&amp#27;[34m▓&amp#27;[0m&amp#27;[33m▓&amp#27;[0m&amp#27;[33m▓&amp#27;[0m&amp#27;[32m█&amp#27;[0m&amp#27;[33m▓&amp#27;[0m&amp#27;[32m█&amp#27;[0m&amp#27;[32m█&amp#27;[0m&amp#27;[32m█&amp#27;[0m&amp#27;[33m▓&amp#27;[0m&amp#27;[34m▓&amp#27;[0m&amp#27;[33m▓&amp#27;[0m&amp#27;[32m█&amp#27;[0m&amp#27;[33m▓&amp#27;[0m&amp#27;[34m▓&amp#27;[0m&amp#27;[34m▓&amp#27;[0m&amp#27;[34m▓&amp#27;[0m&amp#27;[34m▓&amp#27;[0m&amp#27;[33m▓&amp#27;[0m&amp#27;[34m▓&amp#27;[0m&amp#27;[34m▓&amp#27;[0m&amp#27;[32m▓&amp#27;[0m&amp#27;[34m▓&amp#27;[0m&amp#27;[34m▓&amp#27;[0m&amp#27;[34m▓&amp#27;[0m&amp#27;[34m▓&amp#27;[0m&amp#27;[33m▓&amp#27;[0m&amp#27;[34m▓&amp#27;[0m&amp#27;[33m▓&amp#27;[0m&amp#27;[34m▓&amp#27;[0m&amp#27;[34m▓&amp#27;[0m&amp#27;[32m█&amp#27;[0m&amp#27;[33m▓&amp#27;[0m&amp#27;[33m▓&amp#27;[0m&amp#27;[33m▓&amp#27;[0m&amp#27;[33m▓&amp#27;[0m&amp#27;[33m▓&amp#27;[0m&amp#27;[33m▓&amp#27;[0m&amp#27;[32m▒&amp#27;[0m&amp#27;[33m▓&amp#27;[0m&amp#27;[33m▓&amp#27;[0m&amp#27;[33m▓&amp#27;[0m&amp#27;[32m█&amp#27;[0m&amp#27;[32m█&amp#27;[0m&amp#27;[32m█&amp#27;[0m&amp#27;[32m█&amp#27;[0m&amp#27;[32m█&amp#27;[0m&amp#27;[32m█&amp#27;[0m&amp#27;[32m█&amp#27;[0m&amp#27;[32m▒&amp#27;[0m&amp#27;[32m▒&amp#27;[0m&amp#27;[32m█&amp#27;[0m&amp#27;[32m░&amp#27;[0m&amp#27;[34m▓&amp#27;[0m&amp#27;[34m▓&amp#27;[0m&amp#27;[34m▓&amp#27;[0m&amp#27;[32m▒&amp#27;[0m&amp#27;[32m█&amp#27;[0m&amp#27;[32m█&amp#27;[0m&amp#27;[32m█&amp#27;[0m&amp#27;[32m▓&amp#27;[0m&amp#27;[32m▓&amp#27;[0m&amp#27;[32m▓&amp#27;[0m&amp#27;[32m▓&amp#27;[0m&amp#27;[32m▓&amp#27;[0m&amp#27;[32m▓&amp#27;[0m&amp#27;[32m▓&amp#27;[0m&amp#27;[34m▓&amp#27;[0m&amp#27;[32m▒&amp#27;[0m&amp#27;[32m▒&amp#27;[0m&amp#27;[32m░&amp#27;[0m&amp#27;[32m▒&amp#27;[0m&amp#27;[32m░&amp#27;[0m&amp#27;[32m░&amp#27;[0m&amp#27;[32m░&amp#27;[0m&amp#27;[32m░&amp#27;[0m&amp#27;[32m▒&amp#27;[0m&amp#27;[34m▓&amp#27;[0m&amp#27;[34m▓&amp#27;[0m&amp#27;[34m▓&amp#27;[0m&amp#27;[32m▒&amp#27;[0m&amp#27;[34m▓&amp#27;[0m&amp#27;[32m▓&amp#27;[0m&amp#27;[32m░&amp#27;[0m&amp#27;[32m▒&amp#27;[0m&amp#27;[32m▒&amp#27;[0m&amp#27;[32m▒&amp#27;[0m&amp#27;[34m▓&amp#27;[0m&amp#27;[32m▓&amp#27;[0m&amp#27;[34m▓&amp#27;[0m&amp#27;[34m▓&amp#27;[0m&amp#27;[34m▓&amp#27;[0m&amp#27;[32m▒&amp#27;[0m&amp#27;[34m▓&amp#27;[0m&amp#27;[34m▓&amp#27;[0m&amp#27;[34m▓&amp#27;[0m&amp#27;[32m░&amp#27;[0m&amp#27;[32m▒&amp#27;[0m&amp#27;[32m▒&amp#27;[0m&amp#27;[32m░&amp#27;[0m&amp#27;[32m░&amp#27;[0m&amp#27;[33m▓&amp#27;[0m&amp#27;[33m▓&amp#27;[0m&amp#27;[33m▓&amp#27;[0m&amp#27;[33m▓&amp#27;[0m&amp#27;[33m▓&amp#27;[0m&amp#27;[33m▓&amp#27;[0m&amp#27;[33m▓&amp#27;[0m&amp#27;[33m▓&amp#27;[0m&amp#27;[33m▓&amp#27;[0m&amp#27;[33m▓&amp#27;[0m&amp#27;[33m▓&amp#27;[0m&amp#27;[33m▓&amp#27;[0m&amp#27;[32m▒&amp#27;[0m&amp#27;[33m▓&amp#27;[0m&amp#27;[32m▒&amp#27;[0m&amp#27;[33m▓&amp#27;[0m&amp#27;[33m▓&amp#27;[0m&amp#27;[33m▓&amp#27;[0m&amp#27;[33m▓&amp#27;[0m&amp#27;[33m▓&amp#27;[0m&amp#27;[33m▓&amp#27;[0m&amp#27;[33m▓&amp#27;[0m&amp#27;[33m▓&amp#27;[0m&amp#27;[33m▓&amp#27;[0m&amp#27;[33m▓&amp#27;[0m&amp#27;[33m▓&amp#27;[0m&amp#27;[33m▓&amp#27;[0m&amp#27;[33m▓&amp#27;[0m&amp#27;[33m▓&amp#27;[0m&amp#27;[33m▓&amp#27;[0m&amp#27;[32m▒&amp#27;[0m&amp#27;[33m▓&amp#27;[0m&amp#27;[32m▒&amp#27;[0m&amp#27;[34m▓&amp#27;[0m&amp#27;[32m░&amp#27;[0m&amp#27;[32m░&amp#27;[0m&amp#27;[32m▒&amp#27;[0m&amp#27;[32m▓&amp#27;[0m&amp#27;[32m▒&amp#27;[0m&amp#27;[32m░&amp#27;[0m&amp#27;[32m░&amp#27;[0m&amp#27;[32m░&amp#27;[0m&amp#27;[32m░&amp#27;[0m&amp#27;[32m▓&amp#27;[0m&amp#27;[32m░&amp#27;[0m&amp#27;[32m░&amp#27;[0m&amp#27;[32m░&amp#27;[0m&amp#27;[32m░&amp#27;[0m&amp#27;[32m░&amp#27;[0m&amp#27;[32m░&amp#27;[0m&amp#27;[32m░&amp#27;[0m&amp#27;[32m░&amp#27;[0m&amp#27;[32m░&amp#27;[0m&amp#27;[32m░&amp#27;[0m&amp#27;[32m░&amp#27;[0m&amp#27;[32m░&amp#27;[0m&amp#27;[32m░&amp#27;[0m&amp#27;[32m░&amp#27;[0m&amp#27;[32m░&amp#27;[0m&amp#27;[32m░&amp#27;[0m&amp#27;[32m▓&amp#27;[0m&amp#27;[32m▓&amp#27;[0m&amp#27;[32m▓&amp#27;[0m&amp#27;[34m▓&amp#27;[0m&amp#27;[34m▓&amp#27;[0m&amp#27;[34m▓&amp#27;[0m&amp#27;[32m▒&amp#27;[0m&amp#27;[32m▓&amp#27;[0m&amp#27;[32m▓&amp#27;[0m&amp#27;[32m▓&amp#27;[0m&amp#27;[32m▓&amp#27;[0m&amp#27;[32m▓&amp#27;[0m&amp#27;[32m▓&amp#27;[0m&amp#27;[32m▓&amp#27;[0m&amp#27;[32m▓&amp#27;[0m&amp#27;[32m▓&amp#27;[0m&amp#27;[32m▓&amp#27;[0m&amp#27;[32m▓&amp#27;[0m&amp#27;[32m▓&amp#27;[0m&amp#27;[32m█&amp#27;[0m&amp#27;[33m▓&amp#27;[0m&amp#27;[33m▓&amp#27;[0m&amp#27;[33m▓&amp#27;[0m&amp#27;[33m▓&amp#27;[0m&amp#27;[32m▒&amp#27;[0m&amp#27;[32m▓&amp#27;[0m&amp#27;[32m█&amp#27;[0m&amp#27;[32m▓&amp#27;[0m&amp#27;[32m▓&amp#27;[0m&amp#27;[32m░&amp#27;[0m&amp#27;[32m▒&amp#27;[0m&amp#27;[32m░&amp#27;[0m&amp#27;[32m░&amp#27;[0m&amp#27;[32m█&amp#27;[0m&amp#27;[32m█&amp#27;[0m&amp#27;[32m█&amp#27;[0m&amp#27;[32m█&amp#27;[0m&amp#27;[32m█&amp#27;[0m&amp#27;[32m█&amp#27;[0m&amp#27;[32m█&amp#27;[0m&amp#27;[32m█&amp#27;[0m&amp#27;[32m█&amp#27;[0m&amp#27;[32m█&amp#27;[0m&amp#27;[32m█&amp#27;[0m&amp#27;[32m█&amp#27;[0m&amp#27;[32m█&amp#27;[0m&amp#27;[32m█&amp#27;[0m&amp#27;[32m█&amp#27;[0m&amp#27;[32m█&amp#27;[0m&amp#27;[32m▒&amp#27;[0m&amp#27;[34m▓&amp#27;[0m&amp#27;[34m▓&amp#27;[0m&amp#27;[34m▓&amp#27;[0m&amp#27;[34m▓&amp#27;[0m&amp#27;[34m▓&amp#27;[0m&amp#27;[34m▓&amp#27;[0m&amp#27;[34m▓&amp#27;[0m&amp#27;[34m▓&amp#27;[0m&amp#27;[34m▓&amp#27;[0m&amp#27;[32m▒&amp#27;[0m&amp#27;[32m▒&amp#27;[0m&amp#27;[32m█&amp#27;[0m&amp#27;[32m█&amp#27;[0m&amp#27;[32m█&amp#27;[0m&amp#27;[32m█&amp#27;[0m&amp#27;[32m█&amp#27;[0m&amp#27;[32m█&amp#27;[0m&amp#27;[32m█&amp#27;[0m&amp#27;[32m█&amp#27;[0m&amp#27;[32m█&amp#27;[0m&amp#27;[32m█&amp#27;[0m&amp#27;[34m▓&amp#27;[0m&amp#27;[32m█&amp#27;[0m&amp#27;[32m█&amp#27;[0m&amp#27;[32m█&amp#27;[0m&amp#27;[32m░&amp#27;[0m&amp#27;[32m░&amp#27;[0m&amp#27;[32m░&amp#27;[0m&amp#27;[32m░&amp#27;[0m&amp#27;[32m░&amp#27;[0m&amp#27;[34m▓&amp#27;[0m&amp#27;[34m▓&amp#27;[0m&amp#27;[32m░&amp#27;[0m&amp#27;[34m▓&amp#27;[0m&amp#27;[34m▓&amp#27;[0m&amp#27;[34m▓&amp#27;[0m&amp#27;[34m▓&amp#27;[0m&amp#27;[34m▓&amp#27;[0m&amp#27;[34m▓&amp#27;[0m&amp#27;[34m▓&amp#27;[0m&amp#27;[32m░&amp#27;[0m&amp#27;[34m▓&amp#27;[0m&amp#27;[32m░&amp#27;[0m&amp#27;[32m░&amp#27;[0m&amp#27;[33m▓&amp#27;[0m&amp#27;[33m▓&amp#27;[0m&amp#27;[33m▓&amp#27;[0m&amp#27;[33m▓&amp#27;[0m&amp#27;[33m▓&amp#27;[0m&amp#27;[33m▓&amp#27;[0m&amp#27;[33m▓&amp#27;[0m&amp#27;[33m▓&amp#27;[0m&amp#27;[33m▓&amp#27;[0m&amp#27;[33m▓&amp#27;[0m&amp#27;[33m▓&amp#27;[0m&amp#27;[33m▓&amp#27;[0m&amp#27;[33m▓&amp#27;[0m&amp#27;[33m▓&amp#27;[0m&amp#27;[33m▓&amp#27;[0m&amp#27;[33m▓&amp#27;[0m&amp#27;[33m▓&amp#27;[0m&amp#27;[33m▓&amp#27;[0m&amp#27;[33m▓&amp#27;[0m&amp#27;[33m▓&amp#27;[0m&amp#27;[33m▓&amp#27;[0m&amp#27;[33m▓&amp#27;[0m&amp#27;[33m▓&amp#27;[0m&amp#27;[33m▓&amp#27;[0m&amp#27;[32m▓&amp#27;[0m&amp#27;[32m▓&amp#27;[0m&amp#27;[32m▓&amp#27;[0m&amp#27;[32m▓&amp#27;[0m&amp#27;[32m▓&amp#27;[0m&amp#27;[33m▓&amp#27;[0m&amp#27;[33m▓&amp#27;[0m
&amp#27;[32m░&amp#27;[0m&amp#27;[32m▓&amp#27;[0m&amp#27;[33m▓&amp#27;[0m&amp#27;[32m░&amp#27;[0m&amp#27;[32m░&amp#27;[0m&amp#27;[32m░&amp#27;[0m&amp#27;[32m░&amp#27;[0m&amp#27;[32m░&amp#27;[0m&amp#27;[32m░&amp#27;[0m&amp#27;[34m▓&amp#27;[0m&amp#27;[33m▓&amp#27;[0m&amp#27;[34m▓&amp#27;[0m&amp#27;[34m▓&amp#27;[0m&amp#27;[34m▓&amp#27;[0m&amp#27;[34m▓&amp#27;[0m&amp#27;[34m▓&amp#27;[0m&amp#27;[34m▓&amp#27;[0m&amp#27;[34m▓&amp#27;[0m&amp#27;[33m▓&amp#27;[0m&amp#27;[32m█&amp#27;[0m&amp#27;[33m▓&amp#27;[0m&amp#27;[33m▓&amp#27;[0m&amp#27;[32m█&amp#27;[0m&amp#27;[33m▓&amp#27;[0m&amp#27;[34m▓&amp#27;[0m&amp#27;[34m▓&amp#27;[0m&amp#27;[34m▓&amp#27;[0m&amp#27;[34m▓&amp#27;[0m&amp#27;[33m▓&amp#27;[0m&amp#27;[34m▓&amp#27;[0m&amp#27;[34m▓&amp#27;[0m&amp#27;[34m▓&amp#27;[0m&amp#27;[33m▓&amp#27;[0m&amp#27;[34m▓&amp#27;[0m&amp#27;[33m▓&amp#27;[0m&amp#27;[34m▓&amp#27;[0m&amp#27;[34m▓&amp#27;[0m&amp#27;[34m▓&amp#27;[0m&amp#27;[34m▓&amp#27;[0m&amp#27;[34m▓&amp#27;[0m&amp#27;[34m▓&amp#27;[0m&amp#27;[32m█&amp#27;[0m&amp#27;[32m█&amp#27;[0m&amp#27;[32m█&amp#27;[0m&amp#27;[34m▓&amp#27;[0m&amp#27;[34m▓&amp#27;[0m&amp#27;[32m█&amp#27;[0m&amp#27;[32m█&amp#27;[0m&amp#27;[33m▓&amp#27;[0m&amp#27;[32m█&amp#27;[0m&amp#27;[32m█&amp#27;[0m&amp#27;[33m▓&amp#27;[0m&amp#27;[32m▒&amp#27;[0m&amp#27;[32m▒&amp#27;[0m&amp#27;[33m▓&amp#27;[0m&amp#27;[32m▒&amp#27;[0m&amp#27;[32m█&amp#27;[0m&amp#27;[33m▓&amp#27;[0m&amp#27;[32m█&amp#27;[0m&amp#27;[32m▒&amp#27;[0m&amp#27;[32m█&amp#27;[0m&amp#27;[32m▒&amp#27;[0m&amp#27;[32m█&amp#27;[0m&amp#27;[32m█&amp#27;[0m&amp#27;[32m█&amp#27;[0m&amp#27;[32m█&amp#27;[0m&amp#27;[32m▒&amp#27;[0m&amp#27;[32m▒&amp#27;[0m&amp#27;[32m▒&amp#27;[0m&amp#27;[34m▓&amp#27;[0m&amp#27;[34m▓&amp#27;[0m&amp#27;[32m█&amp#27;[0m&amp#27;[32m▒&amp#27;[0m&amp#27;[32m█&amp#27;[0m&amp#27;[32m▓&amp#27;[0m&amp#27;[32m▒&amp#27;[0m&amp#27;[32m▓&amp#27;[0m&amp#27;[32m▓&amp#27;[0m&amp#27;[32m▒&amp#27;[0m&amp#27;[32m▒&amp#27;[0m&amp#27;[32m▓&amp#27;[0m&amp#27;[32m░&amp#27;[0m&amp#27;[32m░&amp#27;[0m&amp#27;[32m▒&amp#27;[0m&amp#27;[32m░&amp#27;[0m&amp#27;[32m░&amp#27;[0m&amp#27;[32m▒&amp#27;[0m&amp#27;[33m▓&amp#27;[0m&amp#27;[32m░&amp#27;[0m&amp#27;[32m░&amp#27;[0m&amp#27;[32m▒&amp#27;[0m&amp#27;[32m▒&amp#27;[0m&amp#27;[34m▓&amp#27;[0m&amp#27;[34m▓&amp#27;[0m&amp#27;[32m▒&amp#27;[0m&amp#27;[32m▒&amp#27;[0m&amp#27;[32m▓&amp#27;[0m&amp#27;[32m▓&amp#27;[0m&amp#27;[32m░&amp#27;[0m&amp#27;[32m░&amp#27;[0m&amp#27;[32m▒&amp#27;[0m&amp#27;[34m▓&amp#27;[0m&amp#27;[32m▒&amp#27;[0m&amp#27;[32m▓&amp#27;[0m&amp#27;[32m▓&amp#27;[0m&amp#27;[32m░&amp#27;[0m&amp#27;[32m▒&amp#27;[0m&amp#27;[32m▒&amp#27;[0m&amp#27;[34m▓&amp#27;[0m&amp#27;[32m▒&amp#27;[0m&amp#27;[32m░&amp#27;[0m&amp#27;[32m░&amp#27;[0m&amp#27;[32m░&amp#27;[0m&amp#27;[32m█&amp#27;[0m&amp#27;[32m░&amp#27;[0m&amp#27;[32m░&amp#27;[0m&amp#27;[33m▓&amp#27;[0m&amp#27;[33m▓&amp#27;[0m&amp#27;[33m▓&amp#27;[0m&amp#27;[33m▓&amp#27;[0m&amp#27;[33m▓&amp#27;[0m&amp#27;[32m▒&amp#27;[0m&amp#27;[33m▓&amp#27;[0m&amp#27;[32m▒&amp#27;[0m&amp#27;[33m▓&amp#27;[0m&amp#27;[32m▒&amp#27;[0m&amp#27;[33m▓&amp#27;[0m&amp#27;[33m▓&amp#27;[0m&amp#27;[33m▓&amp#27;[0m&amp#27;[33m▓&amp#27;[0m&amp#27;[33m▓&amp#27;[0m&amp#27;[33m▓&amp#27;[0m&amp#27;[33m▓&amp#27;[0m&amp#27;[33m▓&amp#27;[0m&amp#27;[33m▓&amp#27;[0m&amp#27;[33m▓&amp#27;[0m&amp#27;[33m▓&amp#27;[0m&amp#27;[33m▓&amp#27;[0m&amp#27;[32m▒&amp#27;[0m&amp#27;[33m▓&amp#27;[0m&amp#27;[33m▓&amp#27;[0m&amp#27;[33m▓&amp#27;[0m&amp#27;[33m▓&amp#27;[0m&amp#27;[32m▒&amp#27;[0m&amp#27;[33m▓&amp#27;[0m&amp#27;[32m▒&amp#27;[0m&amp#27;[33m▓&amp#27;[0m&amp#27;[32m▒&amp#27;[0m&amp#27;[34m▓&amp#27;[0m&amp#27;[32m▒&amp#27;[0m&amp#27;[34m▓&amp#27;[0m&amp#27;[32m▒&amp#27;[0m&amp#27;[32m░&amp#27;[0m&amp#27;[32m▒&amp#27;[0m&amp#27;[32m░&amp#27;[0m&amp#27;[32m░&amp#27;[0m&amp#27;[32m░&amp#27;[0m&amp#27;[32m▒&amp#27;[0m&amp#27;[32m▓&amp#27;[0m&amp#27;[32m▒&amp#27;[0m&amp#27;[32m░&amp#27;[0m&amp#27;[32m░&amp#27;[0m&amp#27;[32m▓&amp#27;[0m&amp#27;[32m░&amp#27;[0m&amp#27;[32m░&amp#27;[0m&amp#27;[32m░&amp#27;[0m&amp#27;[32m░&amp#27;[0m&amp#27;[32m░&amp#27;[0m&amp#27;[32m░&amp#27;[0m&amp#27;[32m░&amp#27;[0m&amp#27;[32m█&amp#27;[0m&amp#27;[32m░&amp#27;[0m&amp#27;[32m░&amp#27;[0m&amp#27;[32m▓&amp#27;[0m&amp#27;[32m▒&amp#27;[0m&amp#27;[32m▓&amp#27;[0m&amp#27;[32m▒&amp#27;[0m&amp#27;[32m▓&amp#27;[0m&amp#27;[32m▓&amp#27;[0m&amp#27;[32m▓&amp#27;[0m&amp#27;[34m▓&amp#27;[0m&amp#27;[34m▓&amp#27;[0m&amp#27;[32m█&amp#27;[0m&amp#27;[32m▒&amp#27;[0m&amp#27;[32m▓&amp#27;[0m&amp#27;[32m▒&amp#27;[0m&amp#27;[32m▓&amp#27;[0m&amp#27;[32m▓&amp#27;[0m&amp#27;[33m▓&amp#27;[0m&amp#27;[32m▓&amp#27;[0m&amp#27;[32m█&amp#27;[0m&amp#27;[32m▒&amp#27;[0m&amp#27;[32m▓&amp#27;[0m&amp#27;[32m▓&amp#27;[0m&amp#27;[32m▒&amp#27;[0m&amp#27;[33m▓&amp#27;[0m&amp#27;[33m▓&amp#27;[0m&amp#27;[33m▓&amp#27;[0m&amp#27;[33m▓&amp#27;[0m&amp#27;[32m▒&amp#27;[0m&amp#27;[32m▓&amp#27;[0m&amp#27;[32m▓&amp#27;[0m&amp#27;[32m▓&amp#27;[0m&amp#27;[32m▓&amp#27;[0m&amp#27;[32m░&amp#27;[0m&amp#27;[32m░&amp#27;[0m&amp#27;[32m░&amp#27;[0m&amp#27;[32m░&amp#27;[0m&amp#27;[32m░&amp#27;[0m&amp#27;[32m▒&amp#27;[0m&amp#27;[32m█&amp#27;[0m&amp#27;[32m█&amp#27;[0m&amp#27;[32m█&amp#27;[0m&amp#27;[32m█&amp#27;[0m&amp#27;[32m█&amp#27;[0m&amp#27;[32m█&amp#27;[0m&amp#27;[32m█&amp#27;[0m&amp#27;[32m█&amp#27;[0m&amp#27;[32m█&amp#27;[0m&amp#27;[32m█&amp#27;[0m&amp#27;[32m█&amp#27;[0m&amp#27;[32m█&amp#27;[0m&amp#27;[32m█&amp#27;[0m&amp#27;[32m█&amp#27;[0m&amp#27;[34m▓&amp#27;[0m&amp#27;[32m▒&amp#27;[0m&amp#27;[32m▒&amp#27;[0m&amp#27;[32m▒&amp#27;[0m&amp#27;[32m░&amp#27;[0m&amp#27;[34m▓&amp#27;[0m&amp#27;[34m▓&amp#27;[0m&amp#27;[34m▓&amp#27;[0m&amp#27;[34m▓&amp#27;[0m&amp#27;[34m▓&amp#27;[0m&amp#27;[34m▓&amp#27;[0m&amp#27;[32m█&amp#27;[0m&amp#27;[32m█&amp#27;[0m&amp#27;[32m█&amp#27;[0m&amp#27;[32m█&amp#27;[0m&amp#27;[32m█&amp#27;[0m&amp#27;[32m█&amp#27;[0m&amp#27;[32m█&amp#27;[0m&amp#27;[32m█&amp#27;[0m&amp#27;[32m█&amp#27;[0m&amp#27;[32m█&amp#27;[0m&amp#27;[32m█&amp#27;[0m&amp#27;[34m▓&amp#27;[0m&amp#27;[34m▓&amp#27;[0m&amp#27;[32m░&amp#27;[0m&amp#27;[32m░&amp#27;[0m&amp#27;[32m░&amp#27;[0m&amp#27;[32m░&amp#27;[0m&amp#27;[32m░&amp#27;[0m&amp#27;[32m░&amp#27;[0m&amp#27;[32m░&amp#27;[0m&amp#27;[32m░&amp#27;[0m&amp#27;[34m▓&amp#27;[0m&amp#27;[34m▓&amp#27;[0m&amp#27;[34m▓&amp#27;[0m&amp#27;[34m▓&amp#27;[0m&amp#27;[34m▓&amp#27;[0m&amp#27;[34m▓&amp#27;[0m&amp#27;[34m▓&amp#27;[0m&amp#27;[32m▒&amp#27;[0m&amp#27;[32m░&amp#27;[0m&amp#27;[32m░&amp#27;[0m&amp#27;[32m░&amp#27;[0m&amp#27;[32m░&amp#27;[0m&amp#27;[32m░&amp#27;[0m&amp#27;[33m▓&amp#27;[0m&amp#27;[33m▓&amp#27;[0m&amp#27;[33m▓&amp#27;[0m&amp#27;[33m▓&amp#27;[0m&amp#27;[33m▓&amp#27;[0m&amp#27;[33m▓&amp#27;[0m&amp#27;[33m▓&amp#27;[0m&amp#27;[33m▓&amp#27;[0m&amp#27;[33m▓&amp#27;[0m&amp#27;[33m▓&amp#27;[0m&amp#27;[33m▓&amp#27;[0m&amp#27;[32m▒&amp#27;[0m&amp#27;[33m▓&amp#27;[0m&amp#27;[33m▓&amp#27;[0m&amp#27;[33m▓&amp#27;[0m&amp#27;[33m▓&amp#27;[0m&amp#27;[33m▓&amp#27;[0m&amp#27;[33m▓&amp#27;[0m&amp#27;[33m▓&amp#27;[0m&amp#27;[33m▓&amp#27;[0m&amp#27;[33m▓&amp#27;[0m&amp#27;[33m▓&amp#27;[0m&amp#27;[33m▓&amp#27;[0m&amp#27;[33m▓&amp#27;[0m&amp#27;[32m▓&amp#27;[0m&amp#27;[32m▓&amp#27;[0m&amp#27;[32m▓&amp#27;[0m&amp#27;[32m▓&amp#27;[0m&amp#27;[32m▓&amp#27;[0m&amp#27;[32m▓&amp#27;[0m&amp#27;[32m▓&amp#27;[0m
&amp#27;[32m░&amp#27;[0m&amp#27;[33m▓&amp#27;[0m&amp#27;[32m░&amp#27;[0m&amp#27;[32m░&amp#27;[0m&amp#27;[32m▓&amp#27;[0m&amp#27;[33m▓&amp#27;[0m&amp#27;[32m░&amp#27;[0m&amp#27;[33m▓&amp#27;[0m&amp#27;[33m▓&amp#27;[0m&amp#27;[33m▓&amp#27;[0m&amp#27;[34m▓&amp#27;[0m&amp#27;[33m▓&amp#27;[0m&amp#27;[33m▓&amp#27;[0m&amp#27;[33m▓&amp#27;[0m&amp#27;[34m▓&amp#27;[0m&amp#27;[34m▓&amp#27;[0m&amp#27;[34m▓&amp#27;[0m&amp#27;[34m▓&amp#27;[0m&amp#27;[32m█&amp#27;[0m&amp#27;[32m█&amp#27;[0m&amp#27;[32m█&amp#27;[0m&amp#27;[32m█&amp#27;[0m&amp#27;[32m█&amp#27;[0m&amp#27;[32m█&amp#27;[0m&amp#27;[33m▓&amp#27;[0m&amp#27;[34m▓&amp#27;[0m&amp#27;[34m▓&amp#27;[0m&amp#27;[34m▓&amp#27;[0m&amp#27;[33m▓&amp#27;[0m&amp#27;[33m▓&amp#27;[0m&amp#27;[34m▓&amp#27;[0m&amp#27;[34m▓&amp#27;[0m&amp#27;[34m▓&amp#27;[0m&amp#27;[33m▓&amp#27;[0m&amp#27;[33m▓&amp#27;[0m&amp#27;[33m▓&amp#27;[0m&amp#27;[34m▓&amp#27;[0m&amp#27;[33m▓&amp#27;[0m&amp#27;[34m▓&amp#27;[0m&amp#27;[33m▓&amp#27;[0m&amp#27;[32m█&amp#27;[0m&amp#27;[32m█&amp#27;[0m&amp#27;[33m▓&amp#27;[0m&amp#27;[33m▓&amp#27;[0m&amp#27;[32m█&amp#27;[0m&amp#27;[33m▓&amp#27;[0m&amp#27;[33m▓&amp#27;[0m&amp#27;[32m█&amp#27;[0m&amp#27;[33m▓&amp#27;[0m&amp#27;[32m█&amp#27;[0m&amp#27;[32m█&amp#27;[0m&amp#27;[33m▓&amp#27;[0m&amp#27;[33m▓&amp#27;[0m&amp#27;[33m▓&amp#27;[0m&amp#27;[32m▒&amp#27;[0m&amp#27;[32m▒&amp#27;[0m&amp#27;[32m█&amp#27;[0m&amp#27;[33m▓&amp#27;[0m&amp#27;[32m█&amp#27;[0m&amp#27;[32m█&amp#27;[0m&amp#27;[32m█&amp#27;[0m&amp#27;[32m█&amp#27;[0m&amp#27;[32m█&amp#27;[0m&amp#27;[32m▒&amp#27;[0m&amp#27;[32m▒&amp#27;[0m&amp#27;[32m█&amp#27;[0m&amp#27;[32m█&amp#27;[0m&amp#27;[33m▓&amp#27;[0m&amp#27;[34m▓&amp#27;[0m&amp#27;[32m▒&amp#27;[0m&amp#27;[32m░&amp#27;[0m&amp#27;[32m░&amp#27;[0m&amp#27;[32m░&amp#27;[0m&amp#27;[32m▒&amp#27;[0m&amp#27;[32m░&amp#27;[0m&amp#27;[32m▒&amp#27;[0m&amp#27;[32m▒&amp#27;[0m&amp#27;[32m▓&amp#27;[0m&amp#27;[32m▓&amp#27;[0m&amp#27;[32m▓&amp#27;[0m&amp#27;[34m▓&amp#27;[0m&amp#27;[32m░&amp#27;[0m&amp#27;[32m░&amp#27;[0m&amp#27;[32m░&amp#27;[0m&amp#27;[32m▓&amp#27;[0m&amp#27;[32m░&amp#27;[0m&amp#27;[32m█&amp#27;[0m&amp#27;[33m▓&amp#27;[0m&amp#27;[32m▓&amp#27;[0m&amp#27;[32m░&amp#27;[0m&amp#27;[34m▓&amp#27;[0m&amp#27;[32m▒&amp#27;[0m&amp#27;[34m▓&amp#27;[0m&amp#27;[34m▓&amp#27;[0m&amp#27;[34m▓&amp#27;[0m&amp#27;[32m▒&amp#27;[0m&amp#27;[32m▓&amp#27;[0m&amp#27;[34m▓&amp#27;[0m&amp#27;[34m▓&amp#27;[0m&amp#27;[34m▓&amp#27;[0m&amp#27;[32m░&amp#27;[0m&amp#27;[32m░&amp#27;[0m&amp#27;[32m░&amp#27;[0m&amp#27;[32m▒&amp#27;[0m&amp#27;[32m░&amp#27;[0m&amp#27;[32m░&amp#27;[0m&amp#27;[32m░&amp#27;[0m&amp#27;[32m░&amp#27;[0m&amp#27;[32m░&amp#27;[0m&amp#27;[34m▓&amp#27;[0m&amp#27;[32m░&amp#27;[0m&amp#27;[32m░&amp#27;[0m&amp#27;[32m░&amp#27;[0m&amp#27;[32m░&amp#27;[0m&amp#27;[32m░&amp#27;[0m&amp#27;[32m░&amp#27;[0m&amp#27;[33m▓&amp#27;[0m&amp#27;[33m▓&amp#27;[0m&amp#27;[32m▒&amp#27;[0m&amp#27;[33m▓&amp#27;[0m&amp#27;[33m▓&amp#27;[0m&amp#27;[33m▓&amp#27;[0m&amp#27;[33m▓&amp#27;[0m&amp#27;[32m▒&amp#27;[0m&amp#27;[33m▓&amp#27;[0m&amp#27;[33m▓&amp#27;[0m&amp#27;[33m▓&amp#27;[0m&amp#27;[33m▓&amp#27;[0m&amp#27;[32m▒&amp#27;[0m&amp#27;[33m▓&amp#27;[0m&amp#27;[33m▓&amp#27;[0m&amp#27;[33m▓&amp#27;[0m&amp#27;[33m▓&amp#27;[0m&amp#27;[33m▓&amp#27;[0m&amp#27;[33m▓&amp#27;[0m&amp#27;[33m▓&amp#27;[0m&amp#27;[33m▓&amp#27;[0m&amp#27;[33m▓&amp#27;[0m&amp#27;[33m▓&amp#27;[0m&amp#27;[32m▒&amp#27;[0m&amp#27;[33m▓&amp#27;[0m&amp#27;[33m▓&amp#27;[0m&amp#27;[33m▓&amp#27;[0m&amp#27;[33m▓&amp#27;[0m&amp#27;[33m▓&amp#27;[0m&amp#27;[33m▓&amp#27;[0m&amp#27;[34m▓&amp#27;[0m&amp#27;[34m▓&amp#27;[0m&amp#27;[34m▓&amp#27;[0m&amp#27;[34m▓&amp#27;[0m&amp#27;[34m▓&amp#27;[0m&amp#27;[32m░&amp#27;[0m&amp#27;[32m░&amp#27;[0m&amp#27;[32m░&amp#27;[0m&amp#27;[32m░&amp#27;[0m&amp#27;[32m░&amp#27;[0m&amp#27;[32m░&amp#27;[0m&amp#27;[32m░&amp#27;[0m&amp#27;[32m█&amp#27;[0m&amp#27;[32m▒&amp#27;[0m&amp#27;[32m░&amp#27;[0m&amp#27;[32m▒&amp#27;[0m&amp#27;[32m░&amp#27;[0m&amp#27;[32m░&amp#27;[0m&amp#27;[32m█&amp#27;[0m&amp#27;[32m▓&amp#27;[0m&amp#27;[32m▒&amp#27;[0m&amp#27;[32m▓&amp#27;[0m&amp#27;[32m▒&amp#27;[0m&amp#27;[32m░&amp#27;[0m&amp#27;[32m▒&amp#27;[0m&amp#27;[32m░&amp#27;[0m&amp#27;[32m▓&amp#27;[0m&amp#27;[32m▓&amp#27;[0m&amp#27;[32m▓&amp#27;[0m&amp#27;[32m▓&amp#27;[0m&amp#27;[32m▒&amp#27;[0m&amp#27;[32m▓&amp#27;[0m&amp#27;[32m▒&amp#27;[0m&amp#27;[32m█&amp#27;[0m&amp#27;[32m▓&amp#27;[0m&amp#27;[32m▒&amp#27;[0m&amp#27;[32m▓&amp#27;[0m&amp#27;[32m▓&amp#27;[0m&amp#27;[32m▓&amp#27;[0m&amp#27;[32m▓&amp#27;[0m&amp#27;[32m▒&amp#27;[0m&amp#27;[32m▓&amp#27;[0m&amp#27;[32m▓&amp#27;[0m&amp#27;[32m▓&amp#27;[0m&amp#27;[32m▓&amp#27;[0m&amp#27;[32m▓&amp#27;[0m&amp#27;[32m▓&amp#27;[0m&amp#27;[32m▓&amp#27;[0m&amp#27;[32m▓&amp#27;[0m&amp#27;[32m▓&amp#27;[0m&amp#27;[32m▒&amp#27;[0m&amp#27;[32m▓&amp#27;[0m&amp#27;[32m▓&amp#27;[0m&amp#27;[32m▓&amp#27;[0m&amp#27;[32m▓&amp#27;[0m&amp#27;[32m▒&amp#27;[0m&amp#27;[32m▓&amp#27;[0m&amp#27;[32m▓&amp#27;[0m&amp#27;[32m▒&amp#27;[0m&amp#27;[32m░&amp#27;[0m&amp#27;[32m░&amp#27;[0m&amp#27;[32m▒&amp#27;[0m&amp#27;[32m░&amp#27;[0m&amp#27;[32m░&amp#27;[0m&amp#27;[32m░&amp#27;[0m&amp#27;[32m█&amp#27;[0m&amp#27;[32m█&amp#27;[0m&amp#27;[32m█&amp#27;[0m&amp#27;[32m█&amp#27;[0m&amp#27;[32m█&amp#27;[0m&amp#27;[32m█&amp#27;[0m&amp#27;[32m█&amp#27;[0m&amp#27;[32m█&amp#27;[0m&amp#27;[32m█&amp#27;[0m&amp#27;[32m█&amp#27;[0m&amp#27;[32m▒&amp#27;[0m&amp#27;[32m▓&amp#27;[0m&amp#27;[32m▒&amp#27;[0m&amp#27;[34m▓&amp#27;[0m&amp#27;[32m░&amp#27;[0m&amp#27;[34m▓&amp#27;[0m&amp#27;[32m░&amp#27;[0m&amp#27;[32m░&amp#27;[0m&amp#27;[32m░&amp#27;[0m&amp#27;[34m▓&amp#27;[0m&amp#27;[34m▓&amp#27;[0m&amp#27;[34m▓&amp#27;[0m&amp#27;[34m▓&amp#27;[0m&amp#27;[34m▓&amp#27;[0m&amp#27;[32m█&amp#27;[0m&amp#27;[32m█&amp#27;[0m&amp#27;[32m█&amp#27;[0m&amp#27;[32m█&amp#27;[0m&amp#27;[32m█&amp#27;[0m&amp#27;[32m█&amp#27;[0m&amp#27;[32m█&amp#27;[0m&amp#27;[32m█&amp#27;[0m&amp#27;[32m█&amp#27;[0m&amp#27;[32m█&amp#27;[0m&amp#27;[32m█&amp#27;[0m&amp#27;[32m█&amp#27;[0m&amp#27;[32m█&amp#27;[0m&amp#27;[32m▒&amp#27;[0m&amp#27;[32m░&amp#27;[0m&amp#27;[32m░&amp#27;[0m&amp#27;[32m░&amp#27;[0m&amp#27;[32m░&amp#27;[0m&amp#27;[32m░&amp#27;[0m&amp#27;[32m░&amp#27;[0m&amp#27;[32m░&amp#27;[0m&amp#27;[34m▓&amp#27;[0m&amp#27;[34m▓&amp#27;[0m&amp#27;[34m▓&amp#27;[0m&amp#27;[34m▓&amp#27;[0m&amp#27;[34m▓&amp#27;[0m&amp#27;[34m▓&amp#27;[0m&amp#27;[34m▓&amp#27;[0m&amp#27;[32m█&amp#27;[0m&amp#27;[32m░&amp#27;[0m&amp#27;[32m░&amp#27;[0m&amp#27;[32m░&amp#27;[0m&amp#27;[32m░&amp#27;[0m&amp#27;[32m▒&amp#27;[0m&amp#27;[33m▓&amp#27;[0m&amp#27;[33m▓&amp#27;[0m&amp#27;[33m▓&amp#27;[0m&amp#27;[33m▓&amp#27;[0m&amp#27;[33m▓&amp#27;[0m&amp#27;[33m▓&amp#27;[0m&amp#27;[33m▓&amp#27;[0m&amp#27;[33m▓&amp#27;[0m&amp#27;[33m▓&amp#27;[0m&amp#27;[33m▓&amp#27;[0m&amp#27;[33m▓&amp#27;[0m&amp#27;[33m▓&amp#27;[0m&amp#27;[33m▓&amp#27;[0m&amp#27;[33m▓&amp#27;[0m&amp#27;[33m▓&amp#27;[0m&amp#27;[33m▓&amp#27;[0m&amp#27;[33m▓&amp#27;[0m&amp#27;[33m▓&amp#27;[0m&amp#27;[33m▓&amp#27;[0m&amp#27;[33m▓&amp#27;[0m&amp#27;[33m▓&amp#27;[0m&amp#27;[33m▓&amp#27;[0m&amp#27;[33m▓&amp#27;[0m&amp#27;[33m▓&amp#27;[0m&amp#27;[32m▓&amp#27;[0m&amp#27;[32m▓&amp#27;[0m&amp#27;[32m▓&amp#27;[0m&amp#27;[32m▓&amp#27;[0m&amp#27;[32m▓&amp#27;[0m&amp#27;[32m▓&amp#27;[0m&amp#27;[32m█&amp#27;[0m
&amp#27;[32m░&amp#27;[0m&amp#27;[32m░&amp#27;[0m&amp#27;[33m▓&amp#27;[0m&amp#27;[32m░&amp#27;[0m&amp#27;[32m▓&amp#27;[0m&amp#27;[32m░&amp#27;[0m&amp#27;[32m░&amp#27;[0m&amp#27;[32m░&amp#27;[0m&amp#27;[32m░&amp#27;[0m&amp#27;[33m▓&amp#27;[0m&amp#27;[32m░&amp#27;[0m&amp#27;[34m▓&amp#27;[0m&amp#27;[34m▓&amp#27;[0m&amp#27;[34m▓&amp#27;[0m&amp#27;[34m▓&amp#27;[0m&amp#27;[33m▓&amp#27;[0m&amp#27;[34m▓&amp#27;[0m&amp#27;[33m▓&amp#27;[0m&amp#27;[32m█&amp#27;[0m&amp#27;[32m█&amp#27;[0m&amp#27;[32m█&amp#27;[0m&amp#27;[32m█&amp#27;[0m&amp#27;[32m█&amp#27;[0m&amp#27;[34m▓&amp#27;[0m&amp#27;[34m▓&amp#27;[0m&amp#27;[33m▓&amp#27;[0m&amp#27;[34m▓&amp#27;[0m&amp#27;[34m▓&amp#27;[0m&amp#27;[34m▓&amp#27;[0m&amp#27;[34m▓&amp#27;[0m&amp#27;[34m▓&amp#27;[0m&amp#27;[34m▓&amp#27;[0m&amp#27;[33m▓&amp#27;[0m&amp#27;[33m▓&amp#27;[0m&amp#27;[33m▓&amp#27;[0m&amp#27;[33m▓&amp#27;[0m&amp#27;[34m▓&amp#27;[0m&amp#27;[34m▓&amp#27;[0m&amp#27;[34m▓&amp#27;[0m&amp#27;[32m█&amp#27;[0m&amp#27;[33m▓&amp#27;[0m&amp#27;[32m█&amp#27;[0m&amp#27;[32m█&amp#27;[0m&amp#27;[33m▓&amp#27;[0m&amp#27;[32m█&amp#27;[0m&amp#27;[32m█&amp#27;[0m&amp#27;[34m▓&amp#27;[0m&amp#27;[32m█&amp#27;[0m&amp#27;[33m▓&amp#27;[0m&amp#27;[33m▓&amp#27;[0m&amp#27;[33m▓&amp#27;[0m&amp#27;[32m█&amp#27;[0m&amp#27;[32m▒&amp#27;[0m&amp#27;[32m█&amp#27;[0m&amp#27;[32m█&amp#27;[0m&amp#27;[32m█&amp#27;[0m&amp#27;[32m█&amp#27;[0m&amp#27;[32m█&amp#27;[0m&amp#27;[32m▒&amp#27;[0m&amp#27;[32m█&amp#27;[0m&amp#27;[32m█&amp#27;[0m&amp#27;[32m█&amp#27;[0m&amp#27;[32m█&amp#27;[0m&amp#27;[32m█&amp#27;[0m&amp#27;[32m█&amp#27;[0m&amp#27;[32m█&amp#27;[0m&amp#27;[32m█&amp#27;[0m&amp#27;[32m█&amp#27;[0m&amp#27;[32m█&amp#27;[0m&amp#27;[32m▒&amp#27;[0m&amp#27;[32m░&amp#27;[0m&amp#27;[32m▒&amp#27;[0m&amp#27;[32m░&amp#27;[0m&amp#27;[32m░&amp#27;[0m&amp#27;[32m░&amp#27;[0m&amp#27;[34m▓&amp#27;[0m&amp#27;[34m▓&amp#27;[0m&amp#27;[34m▓&amp#27;[0m&amp#27;[32m▒&amp#27;[0m&amp#27;[34m▓&amp#27;[0m&amp#27;[34m▓&amp#27;[0m&amp#27;[32m░&amp#27;[0m&amp#27;[32m░&amp#27;[0m&amp#27;[32m▒&amp#27;[0m&amp#27;[32m▓&amp#27;[0m&amp#27;[32m█&amp#27;[0m&amp#27;[32m█&amp#27;[0m&amp#27;[32m█&amp#27;[0m&amp#27;[32m░&amp#27;[0m&amp#27;[32m░&amp#27;[0m&amp#27;[34m▓&amp#27;[0m&amp#27;[32m█&amp#27;[0m&amp#27;[32m█&amp#27;[0m&amp#27;[32m█&amp#27;[0m&amp#27;[34m▓&amp#27;[0m&amp#27;[34m▓&amp#27;[0m&amp#27;[34m▓&amp#27;[0m&amp#27;[34m▓&amp#27;[0m&amp#27;[34m▓&amp#27;[0m&amp#27;[32m▒&amp#27;[0m&amp#27;[32m░&amp#27;[0m&amp#27;[32m░&amp#27;[0m&amp#27;[32m░&amp#27;[0m&amp#27;[32m░&amp#27;[0m&amp#27;[32m░&amp#27;[0m&amp#27;[32m░&amp#27;[0m&amp#27;[32m▒&amp#27;[0m&amp#27;[33m▓&amp#27;[0m&amp#27;[32m░&amp#27;[0m&amp#27;[32m░&amp#27;[0m&amp#27;[32m░&amp#27;[0m&amp#27;[32m▒&amp#27;[0m&amp#27;[32m▒&amp#27;[0m&amp#27;[32m▒&amp#27;[0m&amp#27;[32m░&amp#27;[0m&amp#27;[32m░&amp#27;[0m&amp#27;[32m░&amp#27;[0m&amp#27;[33m▓&amp#27;[0m&amp#27;[32m▒&amp#27;[0m&amp#27;[33m▓&amp#27;[0m&amp#27;[32m▒&amp#27;[0m&amp#27;[33m▓&amp#27;[0m&amp#27;[33m▓&amp#27;[0m&amp#27;[33m▓&amp#27;[0m&amp#27;[33m▓&amp#27;[0m&amp#27;[33m▓&amp#27;[0m&amp#27;[33m▓&amp#27;[0m&amp#27;[33m▓&amp#27;[0m&amp#27;[32m▒&amp#27;[0m&amp#27;[32m▒&amp#27;[0m&amp#27;[33m▓&amp#27;[0m&amp#27;[33m▓&amp#27;[0m&amp#27;[32m▒&amp#27;[0m&amp#27;[33m▓&amp#27;[0m&amp#27;[32m▒&amp#27;[0m&amp#27;[33m▓&amp#27;[0m&amp#27;[33m▓&amp#27;[0m&amp#27;[33m▓&amp#27;[0m&amp#27;[33m▓&amp#27;[0m&amp#27;[32m▒&amp#27;[0m&amp#27;[33m▓&amp#27;[0m&amp#27;[33m▓&amp#27;[0m&amp#27;[33m▓&amp#27;[0m&amp#27;[33m▓&amp#27;[0m&amp#27;[33m▓&amp#27;[0m&amp#27;[34m▓&amp#27;[0m&amp#27;[34m▓&amp#27;[0m&amp#27;[34m▓&amp#27;[0m&amp#27;[32m█&amp#27;[0m&amp#27;[34m▓&amp#27;[0m&amp#27;[34m▓&amp#27;[0m&amp#27;[32m░&amp#27;[0m&amp#27;[32m▓&amp#27;[0m&amp#27;[32m░&amp#27;[0m&amp#27;[32m░&amp#27;[0m&amp#27;[32m░&amp#27;[0m&amp#27;[32m░&amp#27;[0m&amp#27;[33m▓&amp#27;[0m&amp#27;[33m▓&amp#27;[0m&amp#27;[32m█&amp#27;[0m&amp#27;[32m░&amp#27;[0m&amp#27;[32m░&amp#27;[0m&amp#27;[32m░&amp#27;[0m&amp#27;[32m▒&amp#27;[0m&amp#27;[32m░&amp#27;[0m&amp#27;[32m▓&amp#27;[0m&amp#27;[32m▓&amp#27;[0m&amp#27;[32m▓&amp#27;[0m&amp#27;[32m░&amp#27;[0m&amp#27;[32m░&amp#27;[0m&amp#27;[32m░&amp#27;[0m&amp#27;[32m▒&amp#27;[0m&amp#27;[32m▓&amp#27;[0m&amp#27;[32m▒&amp#27;[0m&amp#27;[32m▓&amp#27;[0m&amp#27;[32m▓&amp#27;[0m&amp#27;[32m▓&amp#27;[0m&amp#27;[32m▓&amp#27;[0m&amp#27;[32m▓&amp#27;[0m&amp#27;[32m▓&amp#27;[0m&amp#27;[32m▓&amp#27;[0m&amp#27;[34m▓&amp#27;[0m&amp#27;[32m▒&amp#27;[0m&amp#27;[32m▓&amp#27;[0m&amp#27;[32m▓&amp#27;[0m&amp#27;[32m▓&amp#27;[0m&amp#27;[32m▓&amp#27;[0m&amp#27;[32m▓&amp#27;[0m&amp#27;[32m▓&amp#27;[0m&amp#27;[32m▓&amp#27;[0m&amp#27;[32m▒&amp#27;[0m&amp#27;[32m▓&amp#27;[0m&amp#27;[32m▓&amp#27;[0m&amp#27;[32m▓&amp#27;[0m&amp#27;[32m▓&amp#27;[0m&amp#27;[32m▓&amp#27;[0m&amp#27;[32m▓&amp#27;[0m&amp#27;[32m▓&amp#27;[0m&amp#27;[32m▓&amp#27;[0m&amp#27;[32m▓&amp#27;[0m&amp#27;[32m▓&amp#27;[0m&amp#27;[32m▓&amp#27;[0m&amp#27;[32m▓&amp#27;[0m&amp#27;[32m▓&amp#27;[0m&amp#27;[32m▒&amp#27;[0m&amp#27;[32m░&amp#27;[0m&amp#27;[32m░&amp#27;[0m&amp#27;[32m░&amp#27;[0m&amp#27;[32m░&amp#27;[0m&amp#27;[32m░&amp#27;[0m&amp#27;[32m░&amp#27;[0m&amp#27;[32m░&amp#27;[0m&amp#27;[32m░&amp#27;[0m&amp#27;[34m▓&amp#27;[0m&amp#27;[32m█&amp#27;[0m&amp#27;[32m█&amp#27;[0m&amp#27;[32m█&amp#27;[0m&amp#27;[32m█&amp#27;[0m&amp#27;[32m█&amp#27;[0m&amp#27;[32m█&amp#27;[0m&amp#27;[32m█&amp#27;[0m&amp#27;[32m█&amp#27;[0m&amp#27;[34m▓&amp#27;[0m&amp#27;[34m▓&amp#27;[0m&amp#27;[34m▓&amp#27;[0m&amp#27;[32m░&amp#27;[0m&amp#27;[34m▓&amp#27;[0m&amp#27;[34m▓&amp#27;[0m&amp#27;[32m░&amp#27;[0m&amp#27;[32m█&amp#27;[0m&amp#27;[34m▓&amp#27;[0m&amp#27;[34m▓&amp#27;[0m&amp#27;[34m▓&amp#27;[0m&amp#27;[34m▓&amp#27;[0m&amp#27;[34m▓&amp#27;[0m&amp#27;[32m█&amp#27;[0m&amp#27;[32m█&amp#27;[0m&amp#27;[32m█&amp#27;[0m&amp#27;[32m█&amp#27;[0m&amp#27;[32m█&amp#27;[0m&amp#27;[32m█&amp#27;[0m&amp#27;[32m█&amp#27;[0m&amp#27;[32m█&amp#27;[0m&amp#27;[32m█&amp#27;[0m&amp#27;[32m█&amp#27;[0m&amp#27;[32m█&amp#27;[0m&amp#27;[32m█&amp#27;[0m&amp#27;[32m█&amp#27;[0m&amp#27;[32m█&amp#27;[0m&amp#27;[32m░&amp#27;[0m&amp#27;[32m░&amp#27;[0m&amp#27;[32m░&amp#27;[0m&amp#27;[32m░&amp#27;[0m&amp#27;[32m░&amp#27;[0m&amp#27;[32m░&amp#27;[0m&amp#27;[32m░&amp#27;[0m&amp#27;[34m▓&amp#27;[0m&amp#27;[32m▓&amp#27;[0m&amp#27;[32m▓&amp#27;[0m&amp#27;[34m▓&amp#27;[0m&amp#27;[34m▓&amp#27;[0m&amp#27;[32m░&amp#27;[0m&amp#27;[32m░&amp#27;[0m&amp#27;[32m▓&amp#27;[0m&amp#27;[32m░&amp#27;[0m&amp#27;[32m░&amp#27;[0m&amp#27;[32m░&amp#27;[0m&amp#27;[32m░&amp#27;[0m&amp#27;[32m░&amp#27;[0m&amp#27;[32m░&amp#27;[0m&amp#27;[33m▓&amp#27;[0m&amp#27;[33m▓&amp#27;[0m&amp#27;[33m▓&amp#27;[0m&amp#27;[33m▓&amp#27;[0m&amp#27;[33m▓&amp#27;[0m&amp#27;[33m▓&amp#27;[0m&amp#27;[33m▓&amp#27;[0m&amp#27;[33m▓&amp#27;[0m&amp#27;[33m▓&amp#27;[0m&amp#27;[33m▓&amp#27;[0m&amp#27;[33m▓&amp#27;[0m&amp#27;[33m▓&amp#27;[0m&amp#27;[33m▓&amp#27;[0m&amp#27;[33m▓&amp#27;[0m&amp#27;[33m▓&amp#27;[0m&amp#27;[33m▓&amp#27;[0m&amp#27;[33m▓&amp#27;[0m&amp#27;[33m▓&amp#27;[0m&amp#27;[33m▓&amp#27;[0m&amp#27;[33m▓&amp#27;[0m&amp#27;[33m▓&amp#27;[0m&amp#27;[33m▓&amp#27;[0m&amp#27;[33m▓&amp#27;[0m&amp#27;[32m▓&amp#27;[0m&amp#27;[32m▓&amp#27;[0m&amp#27;[32m▓&amp#27;[0m&amp#27;[32m█&amp#27;[0m&amp#27;[32m▓&amp#27;[0m&amp#27;[32m▓&amp#27;[0m&amp#27;[32m▓&amp#27;[0m
&amp#27;[33m▓&amp#27;[0m&amp#27;[32m░&amp#27;[0m&amp#27;[33m▓&amp#27;[0m&amp#27;[32m░&amp#27;[0m&amp#27;[33m▓&amp#27;[0m&amp#27;[32m░&amp#27;[0m&amp#27;[32m░&amp#27;[0m&amp#27;[32m░&amp#27;[0m&amp#27;[32m░&amp#27;[0m&amp#27;[32m░&amp#27;[0m&amp#27;[32m░&amp#27;[0m&amp#27;[32m░&amp#27;[0m&amp#27;[33m▓&amp#27;[0m&amp#27;[33m▓&amp#27;[0m&amp#27;[32m▓&amp#27;[0m&amp#27;[32m▓&amp#27;[0m&amp#27;[32m▓&amp#27;[0m&amp#27;[33m▓&amp#27;[0m&amp#27;[32m█&amp#27;[0m&amp#27;[33m▓&amp#27;[0m&amp#27;[32m█&amp#27;[0m&amp#27;[33m▓&amp#27;[0m&amp#27;[32m█&amp#27;[0m&amp#27;[33m▓&amp#27;[0m&amp#27;[32m█&amp#27;[0m&amp#27;[34m▓&amp#27;[0m&amp#27;[34m▓&amp#27;[0m&amp#27;[34m▓&amp#27;[0m&amp#27;[33m▓&amp#27;[0m&amp#27;[34m▓&amp#27;[0m&amp#27;[32m░&amp#27;[0m&amp#27;[34m▓&amp#27;[0m&amp#27;[34m▓&amp#27;[0m&amp#27;[33m▓&amp#27;[0m&amp#27;[34m▓&amp#27;[0m&amp#27;[34m▓&amp#27;[0m&amp#27;[33m▓&amp#27;[0m&amp#27;[34m▓&amp#27;[0m&amp#27;[33m▓&amp#27;[0m&amp#27;[32m█&amp#27;[0m&amp#27;[32m█&amp#27;[0m&amp#27;[32m█&amp#27;[0m&amp#27;[32m█&amp#27;[0m&amp#27;[32m█&amp#27;[0m&amp#27;[32m█&amp#27;[0m&amp#27;[33m▓&amp#27;[0m&amp#27;[34m▓&amp#27;[0m&amp#27;[34m▓&amp#27;[0m&amp#27;[32m█&amp#27;[0m&amp#27;[32m█&amp#27;[0m&amp#27;[32m█&amp#27;[0m&amp#27;[32m█&amp#27;[0m&amp#27;[32m█&amp#27;[0m&amp#27;[32m█&amp#27;[0m&amp#27;[32m█&amp#27;[0m&amp#27;[32m█&amp#27;[0m&amp#27;[32m█&amp#27;[0m&amp#27;[32m█&amp#27;[0m&amp#27;[32m█&amp#27;[0m&amp#27;[32m▒&amp#27;[0m&amp#27;[32m▒&amp#27;[0m&amp#27;[32m▒&amp#27;[0m&amp#27;[32m█&amp#27;[0m&amp#27;[32m█&amp#27;[0m&amp#27;[34m▓&amp#27;[0m&amp#27;[32m█&amp#27;[0m&amp#27;[32m▒&amp#27;[0m&amp#27;[32m█&amp#27;[0m&amp#27;[32m░&amp#27;[0m&amp#27;[32m░&amp#27;[0m&amp#27;[32m░&amp#27;[0m&amp#27;[32m░&amp#27;[0m&amp#27;[32m░&amp#27;[0m&amp#27;[32m░&amp#27;[0m&amp#27;[32m░&amp#27;[0m&amp#27;[34m▓&amp#27;[0m&amp#27;[34m▓&amp#27;[0m&amp#27;[34m▓&amp#27;[0m&amp#27;[32m▒&amp#27;[0m&amp#27;[32m▒&amp#27;[0m&amp#27;[32m▒&amp#27;[0m&amp#27;[32m▒&amp#27;[0m&amp#27;[32m░&amp#27;[0m&amp#27;[32m░&amp#27;[0m&amp#27;[32m█&amp#27;[0m&amp#27;[32m░&amp#27;[0m&amp#27;[32m▒&amp#27;[0m&amp#27;[32m░&amp#27;[0m&amp#27;[32m░&amp#27;[0m&amp#27;[32m░&amp#27;[0m&amp#27;[32m▒&amp#27;[0m&amp#27;[32m█&amp#27;[0m&amp#27;[32m█&amp#27;[0m&amp#27;[32m█&amp#27;[0m&amp#27;[32m▒&amp#27;[0m&amp#27;[32m▒&amp#27;[0m&amp#27;[32m▒&amp#27;[0m&amp#27;[34m▓&amp#27;[0m&amp#27;[32m░&amp#27;[0m&amp#27;[32m░&amp#27;[0m&amp#27;[32m░&amp#27;[0m&amp#27;[32m░&amp#27;[0m&amp#27;[32m▒&amp#27;[0m&amp#27;[32m░&amp#27;[0m&amp#27;[32m░&amp#27;[0m&amp#27;[32m▓&amp#27;[0m&amp#27;[32m░&amp#27;[0m&amp#27;[32m▒&amp#27;[0m&amp#27;[32m▒&amp#27;[0m&amp#27;[32m░&amp#27;[0m&amp#27;[32m░&amp#27;[0m&amp#27;[32m░&amp#27;[0m&amp#27;[32m░&amp#27;[0m&amp#27;[32m▒&amp#27;[0m&amp#27;[32m░&amp#27;[0m&amp#27;[32m▒&amp#27;[0m&amp#27;[32m░&amp#27;[0m&amp#27;[34m▓&amp#27;[0m&amp#27;[33m▓&amp#27;[0m&amp#27;[33m▓&amp#27;[0m&amp#27;[33m▓&amp#27;[0m&amp#27;[33m▓&amp#27;[0m&amp#27;[33m▓&amp#27;[0m&amp#27;[32m▒&amp#27;[0m&amp#27;[33m▓&amp#27;[0m&amp#27;[33m▓&amp#27;[0m&amp#27;[33m▓&amp#27;[0m&amp#27;[33m▓&amp#27;[0m&amp#27;[33m▓&amp#27;[0m&amp#27;[33m▓&amp#27;[0m&amp#27;[33m▓&amp#27;[0m&amp#27;[33m▓&amp#27;[0m&amp#27;[33m▓&amp#27;[0m&amp#27;[33m▓&amp#27;[0m&amp#27;[33m▓&amp#27;[0m&amp#27;[33m▓&amp#27;[0m&amp#27;[33m▓&amp#27;[0m&amp#27;[33m▓&amp#27;[0m&amp#27;[33m▓&amp#27;[0m&amp#27;[33m▓&amp#27;[0m&amp#27;[33m▓&amp#27;[0m&amp#27;[32m▒&amp#27;[0m&amp#27;[33m▓&amp#27;[0m&amp#27;[32m▒&amp#27;[0m&amp#27;[32m▓&amp#27;[0m&amp#27;[34m▓&amp#27;[0m&amp#27;[34m▓&amp#27;[0m&amp#27;[32m▒&amp#27;[0m&amp#27;[32m▓&amp#27;[0m&amp#27;[32m▒&amp#27;[0m&amp#27;[32m░&amp#27;[0m&amp#27;[32m▒&amp#27;[0m&amp#27;[32m▓&amp#27;[0m&amp#27;[32m▓&amp#27;[0m&amp#27;[32m░&amp#27;[0m&amp#27;[32m░&amp#27;[0m&amp#27;[32m░&amp#27;[0m&amp#27;[32m▓&amp#27;[0m&amp#27;[32m░&amp#27;[0m&amp#27;[32m░&amp#27;[0m&amp#27;[32m░&amp#27;[0m&amp#27;[32m▒&amp#27;[0m&amp#27;[32m░&amp#27;[0m&amp#27;[32m░&amp#27;[0m&amp#27;[32m░&amp#27;[0m&amp#27;[32m▓&amp#27;[0m&amp#27;[32m▓&amp#27;[0m&amp#27;[32m▓&amp#27;[0m&amp#27;[32m░&amp#27;[0m&amp#27;[32m░&amp#27;[0m&amp#27;[32m░&amp#27;[0m&amp#27;[32m░&amp#27;[0m&amp#27;[32m▓&amp#27;[0m&amp#27;[32m▓&amp#27;[0m&amp#27;[32m▓&amp#27;[0m&amp#27;[32m▓&amp#27;[0m&amp#27;[32m▓&amp#27;[0m&amp#27;[32m▒&amp#27;[0m&amp#27;[32m▓&amp#27;[0m&amp#27;[32m▓&amp#27;[0m&amp#27;[32m▓&amp#27;[0m&amp#27;[32m▓&amp#27;[0m&amp#27;[32m▓&amp#27;[0m&amp#27;[32m▓&amp#27;[0m&amp#27;[32m▓&amp#27;[0m&amp#27;[32m▓&amp#27;[0m&amp#27;[32m▓&amp#27;[0m&amp#27;[32m▓&amp#27;[0m&amp#27;[32m▓&amp#27;[0m&amp#27;[32m▓&amp#27;[0m&amp#27;[32m▓&amp#27;[0m&amp#27;[32m▓&amp#27;[0m&amp#27;[32m▓&amp#27;[0m&amp#27;[32m▓&amp#27;[0m&amp#27;[32m▓&amp#27;[0m&amp#27;[32m▒&amp#27;[0m&amp#27;[32m▓&amp#27;[0m&amp#27;[32m▓&amp#27;[0m&amp#27;[32m▓&amp#27;[0m&amp#27;[32m▓&amp#27;[0m&amp#27;[32m▓&amp#27;[0m&amp#27;[32m▒&amp#27;[0m&amp#27;[32m▓&amp#27;[0m&amp#27;[32m▓&amp#27;[0m&amp#27;[32m▒&amp#27;[0m&amp#27;[32m▓&amp#27;[0m&amp#27;[32m░&amp#27;[0m&amp#27;[32m░&amp#27;[0m&amp#27;[32m░&amp#27;[0m&amp#27;[32m▒&amp#27;[0m&amp#27;[32m░&amp#27;[0m&amp#27;[32m░&amp#27;[0m&amp#27;[34m▓&amp#27;[0m&amp#27;[34m▓&amp#27;[0m&amp#27;[34m▓&amp#27;[0m&amp#27;[32m▒&amp#27;[0m&amp#27;[34m▓&amp#27;[0m&amp#27;[32m█&amp#27;[0m&amp#27;[32m█&amp#27;[0m&amp#27;[32m█&amp#27;[0m&amp#27;[32m▒&amp#27;[0m&amp#27;[32m█&amp#27;[0m&amp#27;[32m█&amp#27;[0m&amp#27;[34m▓&amp#27;[0m&amp#27;[32m▓&amp#27;[0m&amp#27;[32m░&amp#27;[0m&amp#27;[32m░&amp#27;[0m&amp#27;[34m▓&amp#27;[0m&amp#27;[34m▓&amp#27;[0m&amp#27;[34m▓&amp#27;[0m&amp#27;[34m▓&amp#27;[0m&amp#27;[32m▒&amp#27;[0m&amp#27;[34m▓&amp#27;[0m&amp#27;[34m▓&amp#27;[0m&amp#27;[34m▓&amp#27;[0m&amp#27;[32m█&amp#27;[0m&amp#27;[32m█&amp#27;[0m&amp#27;[32m█&amp#27;[0m&amp#27;[32m█&amp#27;[0m&amp#27;[32m█&amp#27;[0m&amp#27;[32m█&amp#27;[0m&amp#27;[32m█&amp#27;[0m&amp#27;[33m▓&amp#27;[0m&amp#27;[33m▓&amp#27;[0m&amp#27;[32m█&amp#27;[0m&amp#27;[32m█&amp#27;[0m&amp#27;[32m█&amp#27;[0m&amp#27;[32m█&amp#27;[0m&amp#27;[32m█&amp#27;[0m&amp#27;[32m░&amp#27;[0m&amp#27;[32m░&amp#27;[0m&amp#27;[32m▓&amp#27;[0m&amp#27;[32m▓&amp#27;[0m&amp#27;[32m▓&amp#27;[0m&amp#27;[32m░&amp#27;[0m&amp#27;[34m▓&amp#27;[0m&amp#27;[34m▓&amp#27;[0m&amp#27;[32m░&amp#27;[0m&amp#27;[34m▓&amp#27;[0m&amp#27;[34m▓&amp#27;[0m&amp#27;[34m▓&amp#27;[0m&amp#27;[32m░&amp#27;[0m&amp#27;[32m░&amp#27;[0m&amp#27;[32m░&amp#27;[0m&amp#27;[32m░&amp#27;[0m&amp#27;[32m░&amp#27;[0m&amp#27;[32m░&amp#27;[0m&amp#27;[32m░&amp#27;[0m&amp#27;[32m░&amp#27;[0m&amp#27;[32m░&amp#27;[0m&amp#27;[33m▓&amp#27;[0m&amp#27;[33m▓&amp#27;[0m&amp#27;[33m▓&amp#27;[0m&amp#27;[33m▓&amp#27;[0m&amp#27;[33m▓&amp#27;[0m&amp#27;[33m▓&amp#27;[0m&amp#27;[33m▓&amp#27;[0m&amp#27;[33m▓&amp#27;[0m&amp#27;[33m▓&amp#27;[0m&amp#27;[33m▓&amp#27;[0m&amp#27;[33m▓&amp#27;[0m&amp#27;[33m▓&amp#27;[0m&amp#27;[33m▓&amp#27;[0m&amp#27;[33m▓&amp#27;[0m&amp#27;[33m▓&amp#27;[0m&amp#27;[33m▓&amp#27;[0m&amp#27;[33m▓&amp#27;[0m&amp#27;[33m▓&amp#27;[0m&amp#27;[33m▓&amp#27;[0m&amp#27;[33m▓&amp#27;[0m&amp#27;[33m▓&amp#27;[0m&amp#27;[33m▓&amp#27;[0m&amp#27;[33m▓&amp#27;[0m&amp#27;[32m▓&amp#27;[0m&amp#27;[32m▓&amp#27;[0m&amp#27;[32m▓&amp#27;[0m&amp#27;[32m▓&amp#27;[0m&amp#27;[32m▓&amp#27;[0m&amp#27;[32m▓&amp#27;[0m&amp#27;[32m▓&amp#27;[0m
&amp#27;[32m░&amp#27;[0m&amp#27;[32m░&amp#27;[0m&amp#27;[32m░&amp#27;[0m&amp#27;[32m░&amp#27;[0m&amp#27;[32m░&amp#27;[0m&amp#27;[32m░&amp#27;[0m&amp#27;[33m▓&amp#27;[0m&amp#27;[32m░&amp#27;[0m&amp#27;[32m░&amp#27;[0m&amp#27;[32m▓&amp#27;[0m&amp#27;[32m░&amp#27;[0m&amp#27;[32m░&amp#27;[0m&amp#27;[33m▓&amp#27;[0m&amp#27;[32m░&amp#27;[0m&amp#27;[32m▓&amp#27;[0m&amp#27;[32m▓&amp#27;[0m&amp#27;[32m▓&amp#27;[0m&amp#27;[33m▓&amp#27;[0m&amp#27;[34m▓&amp#27;[0m&amp#27;[33m▓&amp#27;[0m&amp#27;[32m█&amp#27;[0m&amp#27;[34m▓&amp#27;[0m&amp#27;[34m▓&amp#27;[0m&amp#27;[32m░&amp#27;[0m&amp#27;[33m▓&amp#27;[0m&amp#27;[32m░&amp#27;[0m&amp#27;[34m▓&amp#27;[0m&amp#27;[34m▓&amp#27;[0m&amp#27;[33m▓&amp#27;[0m&amp#27;[34m▓&amp#27;[0m&amp#27;[33m▓&amp#27;[0m&amp#27;[34m▓&amp#27;[0m&amp#27;[34m▓&amp#27;[0m&amp#27;[33m▓&amp#27;[0m&amp#27;[32m░&amp#27;[0m&amp#27;[32m░&amp#27;[0m&amp#27;[32m░&amp#27;[0m&amp#27;[32m░&amp#27;[0m&amp#27;[32m░&amp#27;[0m&amp#27;[32m█&amp#27;[0m&amp#27;[32m█&amp#27;[0m&amp#27;[32m█&amp#27;[0m&amp#27;[32m█&amp#27;[0m&amp#27;[32m█&amp#27;[0m&amp#27;[32m█&amp#27;[0m&amp#27;[32m█&amp#27;[0m&amp#27;[34m▓&amp#27;[0m&amp#27;[34m▓&amp#27;[0m&amp#27;[34m▓&amp#27;[0m&amp#27;[33m▓&amp#27;[0m&amp#27;[32m█&amp#27;[0m&amp#27;[32m▒&amp#27;[0m&amp#27;[32m█&amp#27;[0m&amp#27;[32m▒&amp#27;[0m&amp#27;[32m█&amp#27;[0m&amp#27;[32m▒&amp#27;[0m&amp#27;[32m█&amp#27;[0m&amp#27;[33m▓&amp#27;[0m&amp#27;[32m█&amp#27;[0m&amp#27;[32m█&amp#27;[0m&amp#27;[32m█&amp#27;[0m&amp#27;[32m█&amp#27;[0m&amp#27;[32m▒&amp#27;[0m&amp#27;[32m▒&amp#27;[0m&amp#27;[32m▒&amp#27;[0m&amp#27;[34m▓&amp#27;[0m&amp#27;[32m█&amp#27;[0m&amp#27;[32m█&amp#27;[0m&amp#27;[32m█&amp#27;[0m&amp#27;[32m░&amp#27;[0m&amp#27;[32m░&amp#27;[0m&amp#27;[32m▒&amp#27;[0m&amp#27;[32m█&amp#27;[0m&amp#27;[32m░&amp#27;[0m&amp#27;[32m▒&amp#27;[0m&amp#27;[32m▒&amp#27;[0m&amp#27;[34m▓&amp#27;[0m&amp#27;[34m▓&amp#27;[0m&amp#27;[32m░&amp#27;[0m&amp#27;[34m▓&amp#27;[0m&amp#27;[34m▓&amp#27;[0m&amp#27;[34m▓&amp#27;[0m&amp#27;[32m▒&amp#27;[0m&amp#27;[32m░&amp#27;[0m&amp#27;[32m░&amp#27;[0m&amp#27;[32m░&amp#27;[0m&amp#27;[32m▒&amp#27;[0m&amp#27;[33m▓&amp#27;[0m&amp#27;[32m░&amp#27;[0m&amp#27;[32m▓&amp#27;[0m&amp#27;[32m▒&amp#27;[0m&amp#27;[32m▒&amp#27;[0m&amp#27;[32m█&amp#27;[0m&amp#27;[32m█&amp#27;[0m&amp#27;[32m▓&amp#27;[0m&amp#27;[32m▓&amp#27;[0m&amp#27;[32m▒&amp#27;[0m&amp#27;[32m░&amp#27;[0m&amp#27;[32m▒&amp#27;[0m&amp#27;[32m░&amp#27;[0m&amp#27;[32m░&amp#27;[0m&amp#27;[32m░&amp#27;[0m&amp#27;[32m▒&amp#27;[0m&amp#27;[32m▒&amp#27;[0m&amp#27;[32m░&amp#27;[0m&amp#27;[32m▒&amp#27;[0m&amp#27;[32m░&amp#27;[0m&amp#27;[32m░&amp#27;[0m&amp#27;[32m░&amp#27;[0m&amp#27;[32m░&amp#27;[0m&amp#27;[32m░&amp#27;[0m&amp#27;[32m░&amp#27;[0m&amp#27;[34m▓&amp#27;[0m&amp#27;[32m░&amp#27;[0m&amp#27;[32m▓&amp#27;[0m&amp#27;[32m░&amp#27;[0m&amp#27;[34m▓&amp#27;[0m&amp#27;[34m▓&amp#27;[0m&amp#27;[34m▓&amp#27;[0m&amp#27;[32m▒&amp#27;[0m&amp#27;[33m▓&amp#27;[0m&amp#27;[32m▒&amp#27;[0m&amp#27;[33m▓&amp#27;[0m&amp#27;[33m▓&amp#27;[0m&amp#27;[32m▒&amp#27;[0m&amp#27;[33m▓&amp#27;[0m&amp#27;[33m▓&amp#27;[0m&amp#27;[33m▓&amp#27;[0m&amp#27;[33m▓&amp#27;[0m&amp#27;[33m▓&amp#27;[0m&amp#27;[33m▓&amp#27;[0m&amp#27;[33m▓&amp#27;[0m&amp#27;[33m▓&amp#27;[0m&amp#27;[32m▒&amp#27;[0m&amp#27;[32m▒&amp#27;[0m&amp#27;[33m▓&amp#27;[0m&amp#27;[33m▓&amp#27;[0m&amp#27;[33m▓&amp#27;[0m&amp#27;[33m▓&amp#27;[0m&amp#27;[32m▒&amp#27;[0m&amp#27;[33m▓&amp#27;[0m&amp#27;[32m▒&amp#27;[0m&amp#27;[33m▓&amp#27;[0m&amp#27;[32m▓&amp#27;[0m&amp#27;[32m▓&amp#27;[0m&amp#27;[32m▓&amp#27;[0m&amp#27;[34m▓&amp#27;[0m&amp#27;[34m▓&amp#27;[0m&amp#27;[32m▓&amp#27;[0m&amp#27;[32m▒&amp#27;[0m&amp#27;[32m░&amp#27;[0m&amp#27;[32m░&amp#27;[0m&amp#27;[32m▓&amp#27;[0m&amp#27;[32m▒&amp#27;[0m&amp#27;[33m▓&amp#27;[0m&amp#27;[32m▒&amp#27;[0m&amp#27;[32m░&amp#27;[0m&amp#27;[32m░&amp#27;[0m&amp#27;[32m░&amp#27;[0m&amp#27;[32m░&amp#27;[0m&amp#27;[32m░&amp#27;[0m&amp#27;[32m░&amp#27;[0m&amp#27;[32m▒&amp#27;[0m&amp#27;[32m░&amp#27;[0m&amp#27;[32m░&amp#27;[0m&amp#27;[32m░&amp#27;[0m&amp#27;[32m▒&amp#27;[0m&amp#27;[32m░&amp#27;[0m&amp#27;[32m░&amp#27;[0m&amp#27;[32m░&amp#27;[0m&amp#27;[32m▒&amp#27;[0m&amp#27;[32m▓&amp#27;[0m&amp#27;[32m▒&amp#27;[0m&amp#27;[32m▓&amp#27;[0m&amp#27;[32m▓&amp#27;[0m&amp#27;[32m▓&amp#27;[0m&amp#27;[32m▓&amp#27;[0m&amp#27;[32m▓&amp#27;[0m&amp#27;[32m▓&amp#27;[0m&amp#27;[32m▒&amp#27;[0m&amp#27;[32m▓&amp#27;[0m&amp#27;[32m▒&amp#27;[0m&amp#27;[32m▓&amp#27;[0m&amp#27;[32m▓&amp#27;[0m&amp#27;[32m▓&amp#27;[0m&amp#27;[32m▓&amp#27;[0m&amp#27;[32m▓&amp#27;[0m&amp#27;[32m▒&amp#27;[0m&amp#27;[32m▓&amp#27;[0m&amp#27;[32m▓&amp#27;[0m&amp#27;[32m▒&amp#27;[0m&amp#27;[32m▓&amp#27;[0m&amp#27;[32m▓&amp#27;[0m&amp#27;[32m▓&amp#27;[0m&amp#27;[33m▓&amp#27;[0m&amp#27;[32m▒&amp#27;[0m&amp#27;[32m▓&amp#27;[0m&amp#27;[32m▓&amp#27;[0m&amp#27;[32m▓&amp#27;[0m&amp#27;[32m▓&amp#27;[0m&amp#27;[32m▓&amp#27;[0m&amp#27;[32m▓&amp#27;[0m&amp#27;[32m▓&amp#27;[0m&amp#27;[32m▓&amp#27;[0m&amp#27;[32m░&amp#27;[0m&amp#27;[32m▒&amp#27;[0m&amp#27;[32m░&amp#27;[0m&amp#27;[32m░&amp#27;[0m&amp#27;[32m█&amp#27;[0m&amp#27;[32m░&amp#27;[0m&amp#27;[32m░&amp#27;[0m&amp#27;[32m░&amp#27;[0m&amp#27;[34m▓&amp#27;[0m&amp#27;[34m▓&amp#27;[0m&amp#27;[34m▓&amp#27;[0m&amp#27;[32m░&amp#27;[0m&amp#27;[32m█&amp#27;[0m&amp#27;[32m█&amp#27;[0m&amp#27;[32m█&amp#27;[0m&amp#27;[32m█&amp#27;[0m&amp#27;[32m█&amp#27;[0m&amp#27;[32m▒&amp#27;[0m&amp#27;[32m▒&amp#27;[0m&amp#27;[32m▒&amp#27;[0m&amp#27;[34m▓&amp#27;[0m&amp#27;[32m░&amp#27;[0m&amp#27;[32m▓&amp#27;[0m&amp#27;[32m░&amp#27;[0m&amp#27;[34m▓&amp#27;[0m&amp#27;[34m▓&amp#27;[0m&amp#27;[34m▓&amp#27;[0m&amp#27;[34m▓&amp#27;[0m&amp#27;[34m▓&amp#27;[0m&amp#27;[34m▓&amp#27;[0m&amp#27;[34m▓&amp#27;[0m&amp#27;[34m▓&amp#27;[0m&amp#27;[32m█&amp#27;[0m&amp#27;[32m█&amp#27;[0m&amp#27;[32m█&amp#27;[0m&amp#27;[32m█&amp#27;[0m&amp#27;[32m█&amp#27;[0m&amp#27;[32m█&amp#27;[0m&amp#27;[32m█&amp#27;[0m&amp#27;[32m█&amp#27;[0m&amp#27;[32m█&amp#27;[0m&amp#27;[32m█&amp#27;[0m&amp#27;[32m█&amp#27;[0m&amp#27;[32m█&amp#27;[0m&amp#27;[32m█&amp#27;[0m&amp#27;[32m▒&amp#27;[0m&amp#27;[32m▓&amp#27;[0m&amp#27;[32m▓&amp#27;[0m&amp#27;[32m▓&amp#27;[0m&amp#27;[32m▓&amp#27;[0m&amp#27;[32m▓&amp#27;[0m&amp#27;[34m▓&amp#27;[0m&amp#27;[34m▓&amp#27;[0m&amp#27;[32m▒&amp#27;[0m&amp#27;[34m▓&amp#27;[0m&amp#27;[34m▓&amp#27;[0m&amp#27;[32m░&amp#27;[0m&amp#27;[32m░&amp#27;[0m&amp#27;[32m░&amp#27;[0m&amp#27;[32m░&amp#27;[0m&amp#27;[32m░&amp#27;[0m&amp#27;[32m░&amp#27;[0m&amp#27;[32m░&amp#27;[0m&amp#27;[32m░&amp#27;[0m&amp#27;[32m░&amp#27;[0m&amp#27;[32m░&amp#27;[0m&amp#27;[33m▓&amp#27;[0m&amp#27;[33m▓&amp#27;[0m&amp#27;[33m▓&amp#27;[0m&amp#27;[32m▒&amp#27;[0m&amp#27;[33m▓&amp#27;[0m&amp#27;[33m▓&amp#27;[0m&amp#27;[32m▒&amp#27;[0m&amp#27;[33m▓&amp#27;[0m&amp#27;[33m▓&amp#27;[0m&amp#27;[33m▓&amp#27;[0m&amp#27;[33m▓&amp#27;[0m&amp#27;[33m▓&amp#27;[0m&amp#27;[33m▓&amp#27;[0m&amp#27;[33m▓&amp#27;[0m&amp#27;[33m▓&amp#27;[0m&amp#27;[33m▓&amp#27;[0m&amp#27;[33m▓&amp#27;[0m&amp#27;[33m▓&amp#27;[0m&amp#27;[33m▓&amp#27;[0m&amp#27;[33m▓&amp#27;[0m&amp#27;[33m▓&amp#27;[0m&amp#27;[33m▓&amp#27;[0m&amp#27;[32m▓&amp#27;[0m&amp#27;[32m▓&amp#27;[0m&amp#27;[32m▓&amp#27;[0m&amp#27;[32m▓&amp#27;[0m&amp#27;[32m▓&amp#27;[0m&amp#27;[32m▓&amp#27;[0m&amp#27;[32m▓&amp#27;[0m&amp#27;[32m▓&amp#27;[0m
&amp#27;[32m░&amp#27;[0m&amp#27;[33m▓&amp#27;[0m&amp#27;[32m░&amp#27;[0m&amp#27;[33m▓&amp#27;[0m&amp#27;[33m▓&amp#27;[0m&amp#27;[33m▓&amp#27;[0m&amp#27;[32m░&amp#27;[0m&amp#27;[33m▓&amp#27;[0m&amp#27;[33m▓&amp#27;[0m&amp#27;[33m▓&amp#27;[0m&amp#27;[32m░&amp#27;[0m&amp#27;[32m░&amp#27;[0m&amp#27;[34m▓&amp#27;[0m&amp#27;[32m█&amp#27;[0m&amp#27;[32m▓&amp#27;[0m&amp#27;[32m▓&amp#27;[0m&amp#27;[32m▓&amp#27;[0m&amp#27;[34m▓&amp#27;[0m&amp#27;[34m▓&amp#27;[0m&amp#27;[34m▓&amp#27;[0m&amp#27;[33m▓&amp#27;[0m&amp#27;[34m▓&amp#27;[0m&amp#27;[34m▓&amp#27;[0m&amp#27;[33m▓&amp#27;[0m&amp#27;[33m▓&amp#27;[0m&amp#27;[33m▓&amp#27;[0m&amp#27;[34m▓&amp#27;[0m&amp#27;[34m▓&amp#27;[0m&amp#27;[33m▓&amp#27;[0m&amp#27;[34m▓&amp#27;[0m&amp#27;[33m▓&amp#27;[0m&amp#27;[33m▓&amp#27;[0m&amp#27;[32m░&amp#27;[0m&amp#27;[33m▓&amp#27;[0m&amp#27;[32m░&amp#27;[0m&amp#27;[33m▓&amp#27;[0m&amp#27;[32m░&amp#27;[0m&amp#27;[32m░&amp#27;[0m&amp#27;[33m▓&amp#27;[0m&amp#27;[32m░&amp#27;[0m&amp#27;[32m█&amp#27;[0m&amp#27;[33m▓&amp#27;[0m&amp#27;[33m▓&amp#27;[0m&amp#27;[32m█&amp#27;[0m&amp#27;[33m▓&amp#27;[0m&amp#27;[32m█&amp#27;[0m&amp#27;[32m░&amp#27;[0m&amp#27;[34m▓&amp#27;[0m&amp#27;[34m▓&amp#27;[0m&amp#27;[34m▓&amp#27;[0m&amp#27;[34m▓&amp#27;[0m&amp#27;[32m▒&amp#27;[0m&amp#27;[32m█&amp#27;[0m&amp#27;[32m▒&amp#27;[0m&amp#27;[32m█&amp#27;[0m&amp#27;[32m█&amp#27;[0m&amp#27;[32m█&amp#27;[0m&amp#27;[32m█&amp#27;[0m&amp#27;[32m█&amp#27;[0m&amp#27;[32m█&amp#27;[0m&amp#27;[32m▒&amp#27;[0m&amp#27;[32m█&amp#27;[0m&amp#27;[32m█&amp#27;[0m&amp#27;[32m█&amp#27;[0m&amp#27;[32m█&amp#27;[0m&amp#27;[32m▒&amp#27;[0m&amp#27;[32m█&amp#27;[0m&amp#27;[32m▒&amp#27;[0m&amp#27;[32m█&amp#27;[0m&amp#27;[32m▒&amp#27;[0m&amp#27;[32m░&amp#27;[0m&amp#27;[32m▒&amp#27;[0m&amp#27;[32m▒&amp#27;[0m&amp#27;[32m█&amp#27;[0m&amp#27;[34m▓&amp#27;[0m&amp#27;[34m▓&amp#27;[0m&amp#27;[34m▓&amp#27;[0m&amp#27;[34m▓&amp#27;[0m&amp#27;[34m▓&amp#27;[0m&amp#27;[34m▓&amp#27;[0m&amp#27;[34m▓&amp#27;[0m&amp#27;[32m░&amp#27;[0m&amp#27;[32m▒&amp#27;[0m&amp#27;[32m▒&amp#27;[0m&amp#27;[32m█&amp#27;[0m&amp#27;[32m░&amp#27;[0m&amp#27;[32m░&amp#27;[0m&amp#27;[33m▓&amp#27;[0m&amp#27;[32m▒&amp#27;[0m&amp#27;[32m▓&amp#27;[0m&amp#27;[32m▓&amp#27;[0m&amp#27;[32m▒&amp#27;[0m&amp#27;[32m▓&amp#27;[0m&amp#27;[32m▓&amp#27;[0m&amp#27;[32m▓&amp#27;[0m&amp#27;[32m▓&amp#27;[0m&amp#27;[32m▓&amp#27;[0m&amp#27;[32m░&amp#27;[0m&amp#27;[32m░&amp#27;[0m&amp#27;[32m▒&amp#27;[0m&amp#27;[32m░&amp#27;[0m&amp#27;[32m░&amp#27;[0m&amp#27;[32m░&amp#27;[0m&amp#27;[32m▒&amp#27;[0m&amp#27;[32m░&amp#27;[0m&amp#27;[32m░&amp#27;[0m&amp#27;[32m░&amp#27;[0m&amp#27;[32m░&amp#27;[0m&amp#27;[32m░&amp#27;[0m&amp#27;[32m░&amp#27;[0m&amp#27;[32m░&amp#27;[0m&amp#27;[32m░&amp#27;[0m&amp#27;[32m▒&amp#27;[0m&amp#27;[32m░&amp#27;[0m&amp#27;[32m▒&amp#27;[0m&amp#27;[32m░&amp#27;[0m&amp#27;[32m░&amp#27;[0m&amp#27;[34m▓&amp#27;[0m&amp#27;[34m▓&amp#27;[0m&amp#27;[32m▒&amp#27;[0m&amp#27;[33m▓&amp#27;[0m&amp#27;[33m▓&amp#27;[0m&amp#27;[33m▓&amp#27;[0m&amp#27;[33m▓&amp#27;[0m&amp#27;[32m▒&amp#27;[0m&amp#27;[33m▓&amp#27;[0m&amp#27;[33m▓&amp#27;[0m&amp#27;[33m▓&amp#27;[0m&amp#27;[33m▓&amp#27;[0m&amp#27;[33m▓&amp#27;[0m&amp#27;[33m▓&amp#27;[0m&amp#27;[33m▓&amp#27;[0m&amp#27;[33m▓&amp#27;[0m&amp#27;[33m▓&amp#27;[0m&amp#27;[33m▓&amp#27;[0m&amp#27;[33m▓&amp#27;[0m&amp#27;[33m▓&amp#27;[0m&amp#27;[33m▓&amp#27;[0m&amp#27;[33m▓&amp#27;[0m&amp#27;[33m▓&amp#27;[0m&amp#27;[33m▓&amp#27;[0m&amp#27;[33m▓&amp#27;[0m&amp#27;[32m▓&amp#27;[0m&amp#27;[32m▓&amp#27;[0m&amp#27;[32m▓&amp#27;[0m&amp#27;[32m▓&amp#27;[0m&amp#27;[32m▓&amp#27;[0m&amp#27;[34m▓&amp#27;[0m&amp#27;[32m░&amp#27;[0m&amp#27;[34m▓&amp#27;[0m&amp#27;[32m░&amp#27;[0m&amp#27;[32m░&amp#27;[0m&amp#27;[32m░&amp#27;[0m&amp#27;[33m▓&amp#27;[0m&amp#27;[33m▓&amp#27;[0m&amp#27;[33m▓&amp#27;[0m&amp#27;[32m░&amp#27;[0m&amp#27;[32m▒&amp#27;[0m&amp#27;[32m░&amp#27;[0m&amp#27;[32m░&amp#27;[0m&amp#27;[32m░&amp#27;[0m&amp#27;[32m░&amp#27;[0m&amp#27;[32m▒&amp#27;[0m&amp#27;[32m░&amp#27;[0m&amp#27;[32m▒&amp#27;[0m&amp#27;[32m░&amp#27;[0m&amp#27;[32m▒&amp#27;[0m&amp#27;[32m░&amp#27;[0m&amp#27;[32m░&amp#27;[0m&amp#27;[32m░&amp#27;[0m&amp#27;[32m░&amp#27;[0m&amp#27;[32m░&amp#27;[0m&amp#27;[32m▒&amp#27;[0m&amp#27;[32m▓&amp#27;[0m&amp#27;[32m▒&amp#27;[0m&amp#27;[32m▓&amp#27;[0m&amp#27;[32m▓&amp#27;[0m&amp#27;[32m▒&amp#27;[0m&amp#27;[32m▓&amp#27;[0m&amp#27;[32m▓&amp#27;[0m&amp#27;[32m▓&amp#27;[0m&amp#27;[32m▓&amp#27;[0m&amp#27;[32m▒&amp#27;[0m&amp#27;[32m▓&amp#27;[0m&amp#27;[32m▓&amp#27;[0m&amp#27;[32m▓&amp#27;[0m&amp#27;[32m▓&amp#27;[0m&amp#27;[32m▓&amp#27;[0m&amp#27;[32m▓&amp#27;[0m&amp#27;[32m▓&amp#27;[0m&amp#27;[32m▓&amp#27;[0m&amp#27;[32m▓&amp#27;[0m&amp#27;[32m▒&amp#27;[0m&amp#27;[32m▓&amp#27;[0m&amp#27;[32m█&amp#27;[0m&amp#27;[32m▓&amp#27;[0m&amp#27;[32m▓&amp#27;[0m&amp#27;[32m▓&amp#27;[0m&amp#27;[32m█&amp#27;[0m&amp#27;[32m▓&amp#27;[0m&amp#27;[32m▒&amp#27;[0m&amp#27;[32m▓&amp#27;[0m&amp#27;[32m▓&amp#27;[0m&amp#27;[32m▒&amp#27;[0m&amp#27;[34m▓&amp#27;[0m&amp#27;[32m░&amp#27;[0m&amp#27;[33m▓&amp#27;[0m&amp#27;[32m░&amp#27;[0m&amp#27;[32m░&amp#27;[0m&amp#27;[32m░&amp#27;[0m&amp#27;[34m▓&amp#27;[0m&amp#27;[34m▓&amp#27;[0m&amp#27;[34m▓&amp#27;[0m&amp#27;[32m░&amp#27;[0m&amp#27;[32m░&amp#27;[0m&amp#27;[32m░&amp#27;[0m&amp#27;[32m▒&amp#27;[0m&amp#27;[32m▒&amp#27;[0m&amp#27;[32m█&amp#27;[0m&amp#27;[32m█&amp#27;[0m&amp#27;[32m█&amp#27;[0m&amp#27;[32m█&amp#27;[0m&amp#27;[32m█&amp#27;[0m&amp#27;[34m▓&amp#27;[0m&amp#27;[34m▓&amp#27;[0m&amp#27;[34m▓&amp#27;[0m&amp#27;[32m░&amp#27;[0m&amp#27;[34m▓&amp#27;[0m&amp#27;[34m▓&amp#27;[0m&amp#27;[34m▓&amp#27;[0m&amp#27;[34m▓&amp#27;[0m&amp#27;[34m▓&amp#27;[0m&amp#27;[34m▓&amp#27;[0m&amp#27;[34m▓&amp#27;[0m&amp#27;[34m▓&amp#27;[0m&amp#27;[34m▓&amp#27;[0m&amp#27;[34m▓&amp#27;[0m&amp#27;[32m█&amp#27;[0m&amp#27;[32m█&amp#27;[0m&amp#27;[32m█&amp#27;[0m&amp#27;[32m█&amp#27;[0m&amp#27;[32m█&amp#27;[0m&amp#27;[32m█&amp#27;[0m&amp#27;[32m█&amp#27;[0m&amp#27;[32m▒&amp#27;[0m&amp#27;[32m█&amp#27;[0m&amp#27;[32m█&amp#27;[0m&amp#27;[32m█&amp#27;[0m&amp#27;[34m▓&amp#27;[0m&amp#27;[33m▓&amp#27;[0m&amp#27;[32m▓&amp#27;[0m&amp#27;[33m▓&amp#27;[0m&amp#27;[32m▓&amp#27;[0m&amp#27;[32m▓&amp#27;[0m&amp#27;[32m▓&amp#27;[0m&amp#27;[34m▓&amp#27;[0m&amp#27;[32m░&amp#27;[0m&amp#27;[34m▓&amp#27;[0m&amp#27;[34m▓&amp#27;[0m&amp#27;[32m░&amp#27;[0m&amp#27;[32m░&amp#27;[0m&amp#27;[32m░&amp#27;[0m&amp#27;[32m░&amp#27;[0m&amp#27;[32m░&amp#27;[0m&amp#27;[32m░&amp#27;[0m&amp#27;[32m░&amp#27;[0m&amp#27;[32m░&amp#27;[0m&amp#27;[32m░&amp#27;[0m&amp#27;[32m░&amp#27;[0m&amp#27;[32m░&amp#27;[0m&amp#27;[32m░&amp#27;[0m&amp#27;[33m▓&amp#27;[0m&amp#27;[33m▓&amp#27;[0m&amp#27;[33m▓&amp#27;[0m&amp#27;[33m▓&amp#27;[0m&amp#27;[33m▓&amp#27;[0m&amp#27;[33m▓&amp#27;[0m&amp#27;[33m▓&amp#27;[0m&amp#27;[33m▓&amp#27;[0m&amp#27;[33m▓&amp#27;[0m&amp#27;[33m▓&amp#27;[0m&amp#27;[33m▓&amp#27;[0m&amp#27;[33m▓&amp#27;[0m&amp#27;[33m▓&amp#27;[0m&amp#27;[33m▓&amp#27;[0m&amp#27;[33m▓&amp#27;[0m&amp#27;[33m▓&amp#27;[0m&amp#27;[33m▓&amp#27;[0m&amp#27;[33m▓&amp#27;[0m&amp#27;[33m▓&amp#27;[0m&amp#27;[33m▓&amp#27;[0m&amp#27;[33m▓&amp#27;[0m&amp#27;[32m▓&amp#27;[0m&amp#27;[32m▓&amp#27;[0m&amp#27;[32m▓&amp#27;[0m&amp#27;[32m█&amp#27;[0m&amp#27;[32m█&amp#27;[0m&amp#27;[32m█&amp#27;[0m&amp#27;[32m█&amp#27;[0m&amp#27;[32m█&amp#27;[0m
&amp#27;[32m░&amp#27;[0m&amp#27;[32m░&amp#27;[0m&amp#27;[32m░&amp#27;[0m&amp#27;[32m░&amp#27;[0m&amp#27;[32m░&amp#27;[0m&amp#27;[33m▓&amp#27;[0m&amp#27;[32m░&amp#27;[0m&amp#27;[32m░&amp#27;[0m&amp#27;[32m░&amp#27;[0m&amp#27;[32m░&amp#27;[0m&amp#27;[32m░&amp#27;[0m&amp#27;[33m▓&amp#27;[0m&amp#27;[33m▓&amp#27;[0m&amp#27;[33m▓&amp#27;[0m&amp#27;[33m▓&amp#27;[0m&amp#27;[33m▓&amp#27;[0m&amp#27;[34m▓&amp#27;[0m&amp#27;[34m▓&amp#27;[0m&amp#27;[32m█&amp#27;[0m&amp#27;[32m█&amp#27;[0m&amp#27;[32m█&amp#27;[0m&amp#27;[32m█&amp#27;[0m&amp#27;[32m█&amp#27;[0m&amp#27;[33m▓&amp#27;[0m&amp#27;[34m▓&amp#27;[0m&amp#27;[34m▓&amp#27;[0m&amp#27;[32m░&amp#27;[0m&amp#27;[34m▓&amp#27;[0m&amp#27;[34m▓&amp#27;[0m&amp#27;[34m▓&amp#27;[0m&amp#27;[34m▓&amp#27;[0m&amp#27;[33m▓&amp#27;[0m&amp#27;[32m▓&amp#27;[0m&amp#27;[32m░&amp#27;[0m&amp#27;[32m░&amp#27;[0m&amp#27;[32m░&amp#27;[0m&amp#27;[33m▓&amp#27;[0m&amp#27;[32m░&amp#27;[0m&amp#27;[33m▓&amp#27;[0m&amp#27;[33m▓&amp#27;[0m&amp#27;[32m░&amp#27;[0m&amp#27;[32m█&amp#27;[0m&amp#27;[32m█&amp#27;[0m&amp#27;[32m█&amp#27;[0m&amp#27;[32m░&amp#27;[0m&amp#27;[33m▓&amp#27;[0m&amp#27;[33m▓&amp#27;[0m&amp#27;[32m░&amp#27;[0m&amp#27;[33m▓&amp#27;[0m&amp#27;[34m▓&amp#27;[0m&amp#27;[34m▓&amp#27;[0m&amp#27;[34m▓&amp#27;[0m&amp#27;[34m▓&amp#27;[0m&amp#27;[34m▓&amp#27;[0m&amp#27;[32m▒&amp#27;[0m&amp#27;[32m█&amp#27;[0m&amp#27;[32m█&amp#27;[0m&amp#27;[32m█&amp#27;[0m&amp#27;[34m▓&amp#27;[0m&amp#27;[32m█&amp#27;[0m&amp#27;[32m█&amp#27;[0m&amp#27;[32m█&amp#27;[0m&amp#27;[32m█&amp#27;[0m&amp#27;[32m█&amp#27;[0m&amp#27;[32m█&amp#27;[0m&amp#27;[32m▒&amp#27;[0m&amp#27;[33m▓&amp#27;[0m&amp#27;[32m▒&amp#27;[0m&amp#27;[32m█&amp#27;[0m&amp#27;[34m▓&amp#27;[0m&amp#27;[32m█&amp#27;[0m&amp#27;[32m█&amp#27;[0m&amp#27;[32m█&amp#27;[0m&amp#27;[32m█&amp#27;[0m&amp#27;[32m▒&amp#27;[0m&amp#27;[34m▓&amp#27;[0m&amp#27;[34m▓&amp#27;[0m&amp#27;[34m▓&amp#27;[0m&amp#27;[32m░&amp#27;[0m&amp#27;[32m▒&amp#27;[0m&amp#27;[34m▓&amp#27;[0m&amp#27;[32m█&amp#27;[0m&amp#27;[32m█&amp#27;[0m&amp#27;[32m█&amp#27;[0m&amp#27;[32m█&amp#27;[0m&amp#27;[32m█&amp#27;[0m&amp#27;[32m░&amp#27;[0m&amp#27;[32m░&amp#27;[0m&amp#27;[32m░&amp#27;[0m&amp#27;[32m▓&amp#27;[0m&amp#27;[32m▓&amp#27;[0m&amp#27;[32m▓&amp#27;[0m&amp#27;[32m▓&amp#27;[0m&amp#27;[32m▓&amp#27;[0m&amp#27;[32m▓&amp#27;[0m&amp#27;[32m▒&amp#27;[0m&amp#27;[32m▓&amp#27;[0m&amp#27;[32m░&amp#27;[0m&amp#27;[32m░&amp#27;[0m&amp#27;[32m░&amp#27;[0m&amp#27;[32m░&amp#27;[0m&amp#27;[32m░&amp#27;[0m&amp#27;[32m░&amp#27;[0m&amp#27;[32m░&amp#27;[0m&amp#27;[32m░&amp#27;[0m&amp#27;[32m░&amp#27;[0m&amp#27;[32m░&amp#27;[0m&amp#27;[32m▒&amp#27;[0m&amp#27;[32m▒&amp#27;[0m&amp#27;[32m▒&amp#27;[0m&amp#27;[32m░&amp#27;[0m&amp#27;[32m░&amp#27;[0m&amp#27;[32m░&amp#27;[0m&amp#27;[32m░&amp#27;[0m&amp#27;[32m▒&amp#27;[0m&amp#27;[32m░&amp#27;[0m&amp#27;[32m▒&amp#27;[0m&amp#27;[34m▓&amp#27;[0m&amp#27;[34m▓&amp#27;[0m&amp#27;[34m▓&amp#27;[0m&amp#27;[34m▓&amp#27;[0m&amp#27;[33m▓&amp#27;[0m&amp#27;[33m▓&amp#27;[0m&amp#27;[33m▓&amp#27;[0m&amp#27;[32m▒&amp#27;[0m&amp#27;[32m▒&amp#27;[0m&amp#27;[33m▓&amp#27;[0m&amp#27;[33m▓&amp#27;[0m&amp#27;[32m▒&amp#27;[0m&amp#27;[33m▓&amp#27;[0m&amp#27;[32m▒&amp#27;[0m&amp#27;[33m▓&amp#27;[0m&amp#27;[33m▓&amp#27;[0m&amp#27;[33m▓&amp#27;[0m&amp#27;[33m▓&amp#27;[0m&amp#27;[32m▒&amp#27;[0m&amp#27;[33m▓&amp#27;[0m&amp#27;[33m▓&amp#27;[0m&amp#27;[33m▓&amp#27;[0m&amp#27;[33m▓&amp#27;[0m&amp#27;[33m▓&amp#27;[0m&amp#27;[32m░&amp#27;[0m&amp#27;[34m▓&amp#27;[0m&amp#27;[32m▓&amp#27;[0m&amp#27;[32m▓&amp#27;[0m&amp#27;[32m█&amp#27;[0m&amp#27;[34m▓&amp#27;[0m&amp#27;[34m▓&amp#27;[0m&amp#27;[34m▓&amp#27;[0m&amp#27;[34m▓&amp#27;[0m&amp#27;[32m░&amp#27;[0m&amp#27;[32m░&amp#27;[0m&amp#27;[32m░&amp#27;[0m&amp#27;[33m▓&amp#27;[0m&amp#27;[33m▓&amp#27;[0m&amp#27;[33m▓&amp#27;[0m&amp#27;[32m░&amp#27;[0m&amp#27;[32m░&amp#27;[0m&amp#27;[32m░&amp#27;[0m&amp#27;[32m▒&amp#27;[0m&amp#27;[32m░&amp#27;[0m&amp#27;[32m░&amp#27;[0m&amp#27;[32m░&amp#27;[0m&amp#27;[32m░&amp#27;[0m&amp#27;[32m░&amp#27;[0m&amp#27;[32m░&amp#27;[0m&amp#27;[32m░&amp#27;[0m&amp#27;[32m▒&amp#27;[0m&amp#27;[32m░&amp#27;[0m&amp#27;[32m▒&amp#27;[0m&amp#27;[32m░&amp#27;[0m&amp#27;[32m░&amp#27;[0m&amp#27;[32m▒&amp#27;[0m&amp#27;[32m▓&amp#27;[0m&amp#27;[32m▓&amp#27;[0m&amp#27;[32m▓&amp#27;[0m&amp#27;[32m▓&amp#27;[0m&amp#27;[32m▓&amp#27;[0m&amp#27;[32m▒&amp#27;[0m&amp#27;[32m▓&amp#27;[0m&amp#27;[32m▓&amp#27;[0m&amp#27;[34m▓&amp#27;[0m&amp#27;[32m▓&amp#27;[0m&amp#27;[32m▓&amp#27;[0m&amp#27;[32m▓&amp#27;[0m&amp#27;[32m▓&amp#27;[0m&amp#27;[32m▒&amp#27;[0m&amp#27;[32m▓&amp#27;[0m&amp#27;[32m▓&amp#27;[0m&amp#27;[32m▓&amp#27;[0m&amp#27;[32m▓&amp#27;[0m&amp#27;[32m▓&amp#27;[0m&amp#27;[32m▓&amp#27;[0m&amp#27;[32m▓&amp#27;[0m&amp#27;[33m▓&amp#27;[0m&amp#27;[33m▓&amp#27;[0m&amp#27;[33m▓&amp#27;[0m&amp#27;[32m▓&amp#27;[0m&amp#27;[32m▓&amp#27;[0m&amp#27;[32m▓&amp#27;[0m&amp#27;[32m▒&amp#27;[0m&amp#27;[32m▓&amp#27;[0m&amp#27;[32m▓&amp#27;[0m&amp#27;[32m▓&amp#27;[0m&amp#27;[34m▓&amp#27;[0m&amp#27;[34m▓&amp#27;[0m&amp#27;[34m▓&amp#27;[0m&amp#27;[34m▓&amp#27;[0m&amp#27;[34m▓&amp#27;[0m&amp#27;[34m▓&amp#27;[0m&amp#27;[34m▓&amp#27;[0m&amp#27;[34m▓&amp#27;[0m&amp#27;[34m▓&amp#27;[0m&amp#27;[32m░&amp#27;[0m&amp#27;[32m░&amp#27;[0m&amp#27;[32m░&amp#27;[0m&amp#27;[32m░&amp#27;[0m&amp#27;[32m█&amp#27;[0m&amp#27;[32m█&amp#27;[0m&amp#27;[32m█&amp#27;[0m&amp#27;[32m█&amp#27;[0m&amp#27;[32m█&amp#27;[0m&amp#27;[32m░&amp#27;[0m&amp#27;[34m▓&amp#27;[0m&amp#27;[34m▓&amp#27;[0m&amp#27;[34m▓&amp#27;[0m&amp#27;[34m▓&amp#27;[0m&amp#27;[34m▓&amp#27;[0m&amp#27;[34m▓&amp#27;[0m&amp#27;[34m▓&amp#27;[0m&amp#27;[34m▓&amp#27;[0m&amp#27;[34m▓&amp#27;[0m&amp#27;[34m▓&amp#27;[0m&amp#27;[34m▓&amp#27;[0m&amp#27;[34m▓&amp#27;[0m&amp#27;[34m▓&amp#27;[0m&amp#27;[34m▓&amp#27;[0m&amp#27;[34m▓&amp#27;[0m&amp#27;[32m█&amp#27;[0m&amp#27;[32m█&amp#27;[0m&amp#27;[32m█&amp#27;[0m&amp#27;[32m█&amp#27;[0m&amp#27;[32m█&amp#27;[0m&amp#27;[32m░&amp#27;[0m&amp#27;[32m░&amp#27;[0m&amp#27;[34m▓&amp#27;[0m&amp#27;[32m▓&amp#27;[0m&amp#27;[32m▓&amp#27;[0m&amp#27;[32m▓&amp#27;[0m&amp#27;[34m▓&amp#27;[0m&amp#27;[32m▓&amp#27;[0m&amp#27;[32m▓&amp#27;[0m&amp#27;[32m▓&amp#27;[0m&amp#27;[32m▓&amp#27;[0m&amp#27;[32m▓&amp#27;[0m&amp#27;[34m▓&amp#27;[0m&amp#27;[34m▓&amp#27;[0m&amp#27;[34m▓&amp#27;[0m&amp#27;[33m▓&amp#27;[0m&amp#27;[32m░&amp#27;[0m&amp#27;[32m░&amp#27;[0m&amp#27;[32m█&amp#27;[0m&amp#27;[32m░&amp#27;[0m&amp#27;[32m░&amp#27;[0m&amp#27;[32m░&amp#27;[0m&amp#27;[32m░&amp#27;[0m&amp#27;[32m░&amp#27;[0m&amp#27;[32m░&amp#27;[0m&amp#27;[32m░&amp#27;[0m&amp#27;[32m░&amp#27;[0m&amp#27;[32m░&amp#27;[0m&amp#27;[32m█&amp#27;[0m&amp#27;[33m▓&amp#27;[0m&amp#27;[33m▓&amp#27;[0m&amp#27;[33m▓&amp#27;[0m&amp#27;[33m▓&amp#27;[0m&amp#27;[33m▓&amp#27;[0m&amp#27;[33m▓&amp#27;[0m&amp#27;[33m▓&amp#27;[0m&amp#27;[33m▓&amp#27;[0m&amp#27;[33m▓&amp#27;[0m&amp#27;[33m▓&amp#27;[0m&amp#27;[32m▒&amp#27;[0m&amp#27;[33m▓&amp#27;[0m&amp#27;[33m▓&amp#27;[0m&amp#27;[33m▓&amp#27;[0m&amp#27;[33m▓&amp#27;[0m&amp#27;[33m▓&amp#27;[0m&amp#27;[33m▓&amp#27;[0m&amp#27;[33m▓&amp#27;[0m&amp#27;[33m▓&amp#27;[0m&amp#27;[32m▓&amp#27;[0m&amp#27;[32m▓&amp#27;[0m&amp#27;[32m▓&amp#27;[0m&amp#27;[32m█&amp#27;[0m&amp#27;[32m█&amp#27;[0m&amp#27;[32m█&amp#27;[0m&amp#27;[32m█&amp#27;[0m&amp#27;[32m█&amp#27;[0m&amp#27;[32m█&amp#27;[0m
&amp#27;[33m▓&amp#27;[0m&amp#27;[32m░&amp#27;[0m&amp#27;[32m░&amp#27;[0m&amp#27;[32m░&amp#27;[0m&amp#27;[32m░&amp#27;[0m&amp#27;[32m░&amp#27;[0m&amp#27;[32m░&amp#27;[0m&amp#27;[33m▓&amp#27;[0m&amp#27;[33m▓&amp#27;[0m&amp#27;[33m▓&amp#27;[0m&amp#27;[33m▓&amp#27;[0m&amp#27;[33m▓&amp#27;[0m&amp#27;[33m▓&amp#27;[0m&amp#27;[33m▓&amp#27;[0m&amp#27;[33m▓&amp#27;[0m&amp#27;[33m▓&amp#27;[0m&amp#27;[33m▓&amp#27;[0m&amp#27;[33m▓&amp#27;[0m&amp#27;[32m█&amp#27;[0m&amp#27;[33m▓&amp#27;[0m&amp#27;[32m█&amp#27;[0m&amp#27;[32m█&amp#27;[0m&amp#27;[32m█&amp#27;[0m&amp#27;[32m█&amp#27;[0m&amp#27;[33m▓&amp#27;[0m&amp#27;[34m▓&amp#27;[0m&amp#27;[34m▓&amp#27;[0m&amp#27;[34m▓&amp#27;[0m&amp#27;[34m▓&amp#27;[0m&amp#27;[34m▓&amp#27;[0m&amp#27;[32m░&amp#27;[0m&amp#27;[32m░&amp#27;[0m&amp#27;[33m▓&amp#27;[0m&amp#27;[32m░&amp#27;[0m&amp#27;[33m▓&amp#27;[0m&amp#27;[32m░&amp#27;[0m&amp#27;[32m░&amp#27;[0m&amp#27;[32m░&amp#27;[0m&amp#27;[32m░&amp#27;[0m&amp#27;[32m░&amp#27;[0m&amp#27;[32m░&amp#27;[0m&amp#27;[33m▓&amp#27;[0m&amp#27;[32m░&amp#27;[0m&amp#27;[33m▓&amp#27;[0m&amp#27;[32m░&amp#27;[0m&amp#27;[32m░&amp#27;[0m&amp#27;[32m░&amp#27;[0m&amp#27;[32m░&amp#27;[0m&amp#27;[32m░&amp#27;[0m&amp#27;[32m░&amp#27;[0m&amp#27;[34m▓&amp#27;[0m&amp#27;[34m▓&amp#27;[0m&amp#27;[34m▓&amp#27;[0m&amp#27;[34m▓&amp#27;[0m&amp#27;[34m▓&amp#27;[0m&amp#27;[32m▒&amp#27;[0m&amp#27;[32m▒&amp#27;[0m&amp#27;[33m▓&amp#27;[0m&amp#27;[32m█&amp#27;[0m&amp#27;[32m█&amp#27;[0m&amp#27;[32m█&amp#27;[0m&amp#27;[32m█&amp#27;[0m&amp#27;[32m▒&amp#27;[0m&amp#27;[32m█&amp#27;[0m&amp#27;[32m█&amp#27;[0m&amp#27;[32m█&amp#27;[0m&amp#27;[32m█&amp#27;[0m&amp#27;[32m█&amp#27;[0m&amp#27;[32m█&amp#27;[0m&amp#27;[32m█&amp#27;[0m&amp#27;[32m█&amp#27;[0m&amp#27;[32m█&amp#27;[0m&amp#27;[32m█&amp#27;[0m&amp#27;[33m▓&amp#27;[0m&amp#27;[34m▓&amp#27;[0m&amp#27;[32m▒&amp#27;[0m&amp#27;[32m▒&amp#27;[0m&amp#27;[32m▒&amp#27;[0m&amp#27;[34m▓&amp#27;[0m&amp#27;[34m▓&amp#27;[0m&amp#27;[32m░&amp#27;[0m&amp#27;[32m█&amp#27;[0m&amp#27;[32m▒&amp#27;[0m&amp#27;[32m█&amp#27;[0m&amp#27;[32m█&amp#27;[0m&amp#27;[32m█&amp#27;[0m&amp#27;[32m░&amp#27;[0m&amp#27;[32m░&amp#27;[0m&amp#27;[32m░&amp#27;[0m&amp#27;[32m░&amp#27;[0m&amp#27;[32m▒&amp#27;[0m&amp#27;[32m▒&amp#27;[0m&amp#27;[32m▒&amp#27;[0m&amp#27;[32m▓&amp#27;[0m&amp#27;[32m▓&amp#27;[0m&amp#27;[32m▓&amp#27;[0m&amp#27;[32m░&amp#27;[0m&amp#27;[32m░&amp#27;[0m&amp#27;[32m▒&amp#27;[0m&amp#27;[32m░&amp#27;[0m&amp#27;[32m░&amp#27;[0m&amp#27;[32m░&amp#27;[0m&amp#27;[32m░&amp#27;[0m&amp#27;[32m▒&amp#27;[0m&amp#27;[32m▒&amp#27;[0m&amp#27;[32m░&amp#27;[0m&amp#27;[32m░&amp#27;[0m&amp#27;[32m░&amp#27;[0m&amp#27;[32m░&amp#27;[0m&amp#27;[32m▒&amp#27;[0m&amp#27;[32m░&amp#27;[0m&amp#27;[32m▒&amp#27;[0m&amp#27;[32m░&amp#27;[0m&amp#27;[32m░&amp#27;[0m&amp#27;[32m░&amp#27;[0m&amp#27;[32m░&amp#27;[0m&amp#27;[32m░&amp#27;[0m&amp#27;[32m░&amp#27;[0m&amp#27;[34m▓&amp#27;[0m&amp#27;[32m▒&amp#27;[0m&amp#27;[34m▓&amp#27;[0m&amp#27;[34m▓&amp#27;[0m&amp#27;[34m▓&amp#27;[0m&amp#27;[32m█&amp#27;[0m&amp#27;[33m▓&amp#27;[0m&amp#27;[33m▓&amp#27;[0m&amp#27;[33m▓&amp#27;[0m&amp#27;[33m▓&amp#27;[0m&amp#27;[33m▓&amp#27;[0m&amp#27;[33m▓&amp#27;[0m&amp#27;[33m▓&amp#27;[0m&amp#27;[33m▓&amp#27;[0m&amp#27;[33m▓&amp#27;[0m&amp#27;[33m▓&amp#27;[0m&amp#27;[33m▓&amp#27;[0m&amp#27;[33m▓&amp#27;[0m&amp#27;[33m▓&amp#27;[0m&amp#27;[32m▒&amp#27;[0m&amp#27;[33m▓&amp#27;[0m&amp#27;[32m█&amp#27;[0m&amp#27;[32m█&amp#27;[0m&amp#27;[32m░&amp#27;[0m&amp#27;[32m░&amp#27;[0m&amp#27;[32m▒&amp#27;[0m&amp#27;[32m▓&amp#27;[0m&amp#27;[32m▒&amp#27;[0m&amp#27;[32m▓&amp#27;[0m&amp#27;[32m▒&amp#27;[0m&amp#27;[34m▓&amp#27;[0m&amp#27;[34m▓&amp#27;[0m&amp#27;[32m░&amp#27;[0m&amp#27;[32m░&amp#27;[0m&amp#27;[32m▓&amp#27;[0m&amp#27;[32m▓&amp#27;[0m&amp#27;[32m▓&amp#27;[0m&amp#27;[32m▓&amp#27;[0m&amp#27;[32m░&amp#27;[0m&amp#27;[32m▒&amp#27;[0m&amp#27;[32m░&amp#27;[0m&amp#27;[32m░&amp#27;[0m&amp#27;[32m░&amp#27;[0m&amp#27;[32m░&amp#27;[0m&amp#27;[32m░&amp#27;[0m&amp#27;[32m░&amp#27;[0m&amp#27;[32m▓&amp#27;[0m&amp#27;[32m▒&amp#27;[0m&amp#27;[32m░&amp#27;[0m&amp#27;[32m░&amp#27;[0m&amp#27;[32m░&amp#27;[0m&amp#27;[32m▓&amp#27;[0m&amp#27;[32m░&amp#27;[0m&amp#27;[32m░&amp#27;[0m&amp#27;[32m▓&amp#27;[0m&amp#27;[32m▒&amp#27;[0m&amp#27;[32m▓&amp#27;[0m&amp#27;[32m▓&amp#27;[0m&amp#27;[32m▓&amp#27;[0m&amp#27;[32m▓&amp#27;[0m&amp#27;[33m▓&amp#27;[0m&amp#27;[32m▓&amp#27;[0m&amp#27;[32m▓&amp#27;[0m&amp#27;[34m▓&amp#27;[0m&amp#27;[34m▓&amp#27;[0m&amp#27;[32m▓&amp#27;[0m&amp#27;[32m▓&amp#27;[0m&amp#27;[32m▓&amp#27;[0m&amp#27;[32m▓&amp#27;[0m&amp#27;[32m▓&amp#27;[0m&amp#27;[32m▓&amp#27;[0m&amp#27;[32m▓&amp#27;[0m&amp#27;[32m▓&amp#27;[0m&amp#27;[32m▒&amp#27;[0m&amp#27;[33m▓&amp#27;[0m&amp#27;[32m▓&amp#27;[0m&amp#27;[33m▓&amp#27;[0m&amp#27;[33m▓&amp#27;[0m&amp#27;[33m▓&amp#27;[0m&amp#27;[32m▒&amp#27;[0m&amp#27;[32m▓&amp#27;[0m&amp#27;[32m▓&amp#27;[0m&amp#27;[32m▒&amp#27;[0m&amp#27;[32m▓&amp#27;[0m&amp#27;[32m▓&amp#27;[0m&amp#27;[34m▓&amp#27;[0m&amp#27;[34m▓&amp#27;[0m&amp#27;[32m▒&amp#27;[0m&amp#27;[34m▓&amp#27;[0m&amp#27;[34m▓&amp#27;[0m&amp#27;[34m▓&amp#27;[0m&amp#27;[34m▓&amp#27;[0m&amp#27;[34m▓&amp#27;[0m&amp#27;[32m▒&amp#27;[0m&amp#27;[34m▓&amp#27;[0m&amp#27;[34m▓&amp#27;[0m&amp#27;[32m░&amp#27;[0m&amp#27;[32m░&amp#27;[0m&amp#27;[32m▒&amp#27;[0m&amp#27;[34m▓&amp#27;[0m&amp#27;[32m▓&amp#27;[0m&amp#27;[32m█&amp#27;[0m&amp#27;[32m█&amp#27;[0m&amp#27;[34m▓&amp#27;[0m&amp#27;[33m▓&amp#27;[0m&amp#27;[34m▓&amp#27;[0m&amp#27;[34m▓&amp#27;[0m&amp#27;[34m▓&amp#27;[0m&amp#27;[34m▓&amp#27;[0m&amp#27;[32m▒&amp#27;[0m&amp#27;[34m▓&amp#27;[0m&amp#27;[32m▓&amp#27;[0m&amp#27;[34m▓&amp#27;[0m&amp#27;[34m▓&amp#27;[0m&amp#27;[32m░&amp#27;[0m&amp#27;[34m▓&amp#27;[0m&amp#27;[34m▓&amp#27;[0m&amp#27;[32m░&amp#27;[0m&amp#27;[34m▓&amp#27;[0m&amp#27;[32m░&amp#27;[0m&amp#27;[32m░&amp#27;[0m&amp#27;[32m░&amp#27;[0m&amp#27;[32m░&amp#27;[0m&amp#27;[32m░&amp#27;[0m&amp#27;[32m░&amp#27;[0m&amp#27;[32m░&amp#27;[0m&amp#27;[32m░&amp#27;[0m&amp#27;[32m▓&amp#27;[0m&amp#27;[32m▓&amp#27;[0m&amp#27;[32m▓&amp#27;[0m&amp#27;[32m▓&amp#27;[0m&amp#27;[32m▓&amp#27;[0m&amp#27;[34m▓&amp#27;[0m&amp#27;[32m▓&amp#27;[0m&amp#27;[32m▓&amp#27;[0m&amp#27;[32m▓&amp#27;[0m&amp#27;[32m░&amp#27;[0m&amp#27;[32m░&amp#27;[0m&amp#27;[32m█&amp#27;[0m&amp#27;[34m▓&amp#27;[0m&amp#27;[34m▓&amp#27;[0m&amp#27;[32m░&amp#27;[0m&amp#27;[32m░&amp#27;[0m&amp#27;[32m░&amp#27;[0m&amp#27;[32m░&amp#27;[0m&amp#27;[32m░&amp#27;[0m&amp#27;[32m░&amp#27;[0m&amp#27;[32m░&amp#27;[0m&amp#27;[32m░&amp#27;[0m&amp#27;[32m░&amp#27;[0m&amp#27;[32m░&amp#27;[0m&amp#27;[32m░&amp#27;[0m&amp#27;[32m░&amp#27;[0m&amp#27;[32m░&amp#27;[0m&amp#27;[33m▓&amp#27;[0m&amp#27;[33m▓&amp#27;[0m&amp#27;[33m▓&amp#27;[0m&amp#27;[33m▓&amp#27;[0m&amp#27;[33m▓&amp#27;[0m&amp#27;[33m▓&amp#27;[0m&amp#27;[33m▓&amp#27;[0m&amp#27;[33m▓&amp#27;[0m&amp#27;[33m▓&amp#27;[0m&amp#27;[33m▓&amp#27;[0m&amp#27;[33m▓&amp#27;[0m&amp#27;[33m▓&amp#27;[0m&amp#27;[33m▓&amp#27;[0m&amp#27;[33m▓&amp#27;[0m&amp#27;[33m▓&amp#27;[0m&amp#27;[33m▓&amp#27;[0m&amp#27;[33m▓&amp#27;[0m&amp#27;[33m▓&amp#27;[0m&amp#27;[33m▓&amp#27;[0m&amp#27;[32m▓&amp#27;[0m&amp#27;[32m▓&amp#27;[0m&amp#27;[32m█&amp#27;[0m&amp#27;[32m█&amp#27;[0m&amp#27;[32m█&amp#27;[0m&amp#27;[32m█&amp#27;[0m&amp#27;[32m█&amp#27;[0m&amp#27;[32m█&amp#27;[0m&amp#27;[32m█&amp#27;[0m
&amp#27;[32m░&amp#27;[0m&amp#27;[32m░&amp#27;[0m&amp#27;[32m░&amp#27;[0m&amp#27;[32m▓&amp#27;[0m&amp#27;[32m░&amp#27;[0m&amp#27;[32m░&amp#27;[0m&amp#27;[32m░&amp#27;[0m&amp#27;[32m░&amp#27;[0m&amp#27;[33m▓&amp#27;[0m&amp#27;[33m▓&amp#27;[0m&amp#27;[33m▓&amp#27;[0m&amp#27;[33m▓&amp#27;[0m&amp#27;[33m▓&amp#27;[0m&amp#27;[33m▓&amp#27;[0m&amp#27;[33m▓&amp#27;[0m&amp#27;[33m▓&amp#27;[0m&amp#27;[33m▓&amp#27;[0m&amp#27;[32m█&amp#27;[0m&amp#27;[32m█&amp#27;[0m&amp#27;[32m█&amp#27;[0m&amp#27;[33m▓&amp#27;[0m&amp#27;[32m█&amp#27;[0m&amp#27;[32m█&amp#27;[0m&amp#27;[32m█&amp#27;[0m&amp#27;[33m▓&amp#27;[0m&amp#27;[34m▓&amp#27;[0m&amp#27;[33m▓&amp#27;[0m&amp#27;[34m▓&amp#27;[0m&amp#27;[34m▓&amp#27;[0m&amp#27;[34m▓&amp#27;[0m&amp#27;[32m░&amp#27;[0m&amp#27;[33m▓&amp#27;[0m&amp#27;[32m░&amp#27;[0m&amp#27;[32m░&amp#27;[0m&amp#27;[32m░&amp#27;[0m&amp#27;[32m░&amp#27;[0m&amp#27;[32m░&amp#27;[0m&amp#27;[32m░&amp#27;[0m&amp#27;[32m░&amp#27;[0m&amp#27;[32m░&amp#27;[0m&amp#27;[32m░&amp#27;[0m&amp#27;[32m▓&amp#27;[0m&amp#27;[32m▓&amp#27;[0m&amp#27;[32m░&amp#27;[0m&amp#27;[32m░&amp#27;[0m&amp#27;[33m▓&amp#27;[0m&amp#27;[32m░&amp#27;[0m&amp#27;[33m▓&amp#27;[0m&amp#27;[32m░&amp#27;[0m&amp#27;[33m▓&amp#27;[0m&amp#27;[32m░&amp#27;[0m&amp#27;[32m▒&amp#27;[0m&amp#27;[34m▓&amp#27;[0m&amp#27;[32m▒&amp#27;[0m&amp#27;[32m▒&amp#27;[0m&amp#27;[32m▒&amp#27;[0m&amp#27;[32m█&amp#27;[0m&amp#27;[32m█&amp#27;[0m&amp#27;[32m▒&amp#27;[0m&amp#27;[32m▒&amp#27;[0m&amp#27;[32m▒&amp#27;[0m&amp#27;[32m█&amp#27;[0m&amp#27;[32m█&amp#27;[0m&amp#27;[32m█&amp#27;[0m&amp#27;[32m█&amp#27;[0m&amp#27;[32m█&amp#27;[0m&amp#27;[32m█&amp#27;[0m&amp#27;[32m▒&amp#27;[0m&amp#27;[32m█&amp#27;[0m&amp#27;[32m█&amp#27;[0m&amp#27;[32m█&amp#27;[0m&amp#27;[32m▒&amp#27;[0m&amp#27;[32m█&amp#27;[0m&amp#27;[32m▒&amp#27;[0m&amp#27;[34m▓&amp#27;[0m&amp#27;[32m█&amp#27;[0m&amp#27;[34m▓&amp#27;[0m&amp#27;[34m▓&amp#27;[0m&amp#27;[32m▒&amp#27;[0m&amp#27;[32m░&amp#27;[0m&amp#27;[34m▓&amp#27;[0m&amp#27;[32m█&amp#27;[0m&amp#27;[32m▒&amp#27;[0m&amp#27;[32m▒&amp#27;[0m&amp#27;[32m█&amp#27;[0m&amp#27;[32m█&amp#27;[0m&amp#27;[32m▒&amp#27;[0m&amp#27;[33m▓&amp#27;[0m&amp#27;[32m░&amp#27;[0m&amp#27;[32m░&amp#27;[0m&amp#27;[32m▓&amp#27;[0m&amp#27;[32m█&amp#27;[0m&amp#27;[32m▒&amp#27;[0m&amp#27;[32m░&amp#27;[0m&amp#27;[32m▒&amp#27;[0m&amp#27;[32m░&amp#27;[0m&amp#27;[32m▓&amp#27;[0m&amp#27;[32m▓&amp#27;[0m&amp#27;[32m▒&amp#27;[0m&amp#27;[32m▒&amp#27;[0m&amp#27;[32m░&amp#27;[0m&amp#27;[32m▒&amp#27;[0m&amp#27;[32m░&amp#27;[0m&amp#27;[32m░&amp#27;[0m&amp#27;[32m░&amp#27;[0m&amp#27;[32m░&amp#27;[0m&amp#27;[32m░&amp#27;[0m&amp#27;[32m░&amp#27;[0m&amp#27;[32m░&amp#27;[0m&amp#27;[32m░&amp#27;[0m&amp#27;[32m░&amp#27;[0m&amp#27;[32m░&amp#27;[0m&amp#27;[32m░&amp#27;[0m&amp#27;[32m▒&amp#27;[0m&amp#27;[32m░&amp#27;[0m&amp#27;[32m▒&amp#27;[0m&amp#27;[32m░&amp#27;[0m&amp#27;[33m▓&amp#27;[0m&amp#27;[34m▓&amp#27;[0m&amp#27;[34m▓&amp#27;[0m&amp#27;[32m▒&amp#27;[0m&amp#27;[34m▓&amp#27;[0m&amp#27;[34m▓&amp#27;[0m&amp#27;[34m▓&amp#27;[0m&amp#27;[34m▓&amp#27;[0m&amp#27;[34m▓&amp#27;[0m&amp#27;[34m▓&amp#27;[0m&amp#27;[33m▓&amp#27;[0m&amp#27;[33m▓&amp#27;[0m&amp#27;[32m▒&amp#27;[0m&amp#27;[33m▓&amp#27;[0m&amp#27;[32m▒&amp#27;[0m&amp#27;[33m▓&amp#27;[0m&amp#27;[33m▓&amp#27;[0m&amp#27;[33m▓&amp#27;[0m&amp#27;[32m▒&amp#27;[0m&amp#27;[32m▓&amp#27;[0m&amp#27;[32m▓&amp#27;[0m&amp#27;[32m█&amp#27;[0m&amp#27;[32m█&amp#27;[0m&amp#27;[32m█&amp#27;[0m&amp#27;[32m░&amp#27;[0m&amp#27;[34m▓&amp#27;[0m&amp#27;[34m▓&amp#27;[0m&amp#27;[34m▓&amp#27;[0m&amp#27;[32m▒&amp#27;[0m&amp#27;[34m▓&amp#27;[0m&amp#27;[34m▓&amp#27;[0m&amp#27;[34m▓&amp#27;[0m&amp#27;[34m▓&amp#27;[0m&amp#27;[32m░&amp#27;[0m&amp#27;[32m▒&amp#27;[0m&amp#27;[32m▓&amp#27;[0m&amp#27;[32m▓&amp#27;[0m&amp#27;[32m▓&amp#27;[0m&amp#27;[32m▓&amp#27;[0m&amp#27;[32m░&amp#27;[0m&amp#27;[32m░&amp#27;[0m&amp#27;[32m▒&amp#27;[0m&amp#27;[32m░&amp#27;[0m&amp#27;[32m░&amp#27;[0m&amp#27;[32m░&amp#27;[0m&amp#27;[32m░&amp#27;[0m&amp#27;[32m░&amp#27;[0m&amp#27;[32m░&amp#27;[0m&amp#27;[32m░&amp#27;[0m&amp#27;[32m▒&amp#27;[0m&amp#27;[32m░&amp#27;[0m&amp#27;[32m▒&amp#27;[0m&amp#27;[32m▓&amp#27;[0m&amp#27;[32m▓&amp#27;[0m&amp#27;[32m░&amp#27;[0m&amp#27;[32m█&amp#27;[0m&amp#27;[32m▓&amp#27;[0m&amp#27;[32m▓&amp#27;[0m&amp#27;[32m▒&amp#27;[0m&amp#27;[32m▓&amp#27;[0m&amp#27;[32m▒&amp#27;[0m&amp#27;[32m▓&amp#27;[0m&amp#27;[32m▓&amp#27;[0m&amp#27;[32m▓&amp#27;[0m&amp#27;[34m▓&amp#27;[0m&amp#27;[32m░&amp#27;[0m&amp#27;[32m▓&amp#27;[0m&amp#27;[32m▓&amp#27;[0m&amp#27;[32m▓&amp#27;[0m&amp#27;[32m▒&amp#27;[0m&amp#27;[32m▓&amp#27;[0m&amp#27;[32m▓&amp#27;[0m&amp#27;[32m▓&amp#27;[0m&amp#27;[32m▓&amp#27;[0m&amp#27;[32m▒&amp#27;[0m&amp#27;[33m▓&amp#27;[0m&amp#27;[33m▓&amp#27;[0m&amp#27;[33m▓&amp#27;[0m&amp#27;[33m▓&amp#27;[0m&amp#27;[33m▓&amp#27;[0m&amp#27;[32m▓&amp#27;[0m&amp#27;[32m▓&amp#27;[0m&amp#27;[32m▓&amp#27;[0m&amp#27;[32m▓&amp#27;[0m&amp#27;[32m▓&amp#27;[0m&amp#27;[33m▓&amp#27;[0m&amp#27;[34m▓&amp#27;[0m&amp#27;[34m▓&amp#27;[0m&amp#27;[34m▓&amp#27;[0m&amp#27;[32m▓&amp#27;[0m&amp#27;[32m▓&amp#27;[0m&amp#27;[32m▓&amp#27;[0m&amp#27;[32m▓&amp#27;[0m&amp#27;[32m▓&amp#27;[0m&amp#27;[34m▓&amp#27;[0m&amp#27;[34m▓&amp#27;[0m&amp#27;[34m▓&amp#27;[0m&amp#27;[34m▓&amp#27;[0m&amp#27;[32m█&amp#27;[0m&amp#27;[33m▓&amp#27;[0m&amp#27;[32m▒&amp#27;[0m&amp#27;[32m▒&amp#27;[0m&amp#27;[32m▒&amp#27;[0m&amp#27;[34m▓&amp#27;[0m&amp#27;[32m░&amp#27;[0m&amp#27;[32m░&amp#27;[0m&amp#27;[32m░&amp#27;[0m&amp#27;[34m▓&amp#27;[0m&amp#27;[34m▓&amp#27;[0m&amp#27;[34m▓&amp#27;[0m&amp#27;[34m▓&amp#27;[0m&amp#27;[34m▓&amp#27;[0m&amp#27;[34m▓&amp#27;[0m&amp#27;[34m▓&amp#27;[0m&amp#27;[33m▓&amp#27;[0m&amp#27;[34m▓&amp#27;[0m&amp#27;[34m▓&amp#27;[0m&amp#27;[34m▓&amp#27;[0m&amp#27;[32m▓&amp#27;[0m&amp#27;[32m▓&amp#27;[0m&amp#27;[32m▓&amp#27;[0m&amp#27;[32m░&amp#27;[0m&amp#27;[32m░&amp#27;[0m&amp#27;[32m░&amp#27;[0m&amp#27;[32m█&amp#27;[0m&amp#27;[32m░&amp#27;[0m&amp#27;[32m░&amp#27;[0m&amp#27;[32m░&amp#27;[0m&amp#27;[32m░&amp#27;[0m&amp#27;[32m▓&amp#27;[0m&amp#27;[32m▓&amp#27;[0m&amp#27;[32m▓&amp#27;[0m&amp#27;[34m▓&amp#27;[0m&amp#27;[34m▓&amp#27;[0m&amp#27;[34m▓&amp#27;[0m&amp#27;[34m▓&amp#27;[0m&amp#27;[32m▒&amp#27;[0m&amp#27;[32m░&amp#27;[0m&amp#27;[32m░&amp#27;[0m&amp#27;[32m░&amp#27;[0m&amp#27;[32m░&amp#27;[0m&amp#27;[34m▓&amp#27;[0m&amp#27;[32m░&amp#27;[0m&amp#27;[32m░&amp#27;[0m&amp#27;[32m░&amp#27;[0m&amp#27;[32m░&amp#27;[0m&amp#27;[32m░&amp#27;[0m&amp#27;[32m░&amp#27;[0m&amp#27;[32m▒&amp#27;[0m&amp#27;[32m░&amp#27;[0m&amp#27;[32m░&amp#27;[0m&amp#27;[32m░&amp#27;[0m&amp#27;[32m░&amp#27;[0m&amp#27;[32m░&amp#27;[0m&amp#27;[32m░&amp#27;[0m&amp#27;[32m░&amp#27;[0m&amp#27;[33m▓&amp#27;[0m&amp#27;[33m▓&amp#27;[0m&amp#27;[33m▓&amp#27;[0m&amp#27;[33m▓&amp#27;[0m&amp#27;[33m▓&amp#27;[0m&amp#27;[33m▓&amp#27;[0m&amp#27;[33m▓&amp#27;[0m&amp#27;[33m▓&amp#27;[0m&amp#27;[33m▓&amp#27;[0m&amp#27;[33m▓&amp#27;[0m&amp#27;[33m▓&amp#27;[0m&amp#27;[33m▓&amp#27;[0m&amp#27;[33m▓&amp#27;[0m&amp#27;[33m▓&amp#27;[0m&amp#27;[33m▓&amp#27;[0m&amp#27;[33m▓&amp#27;[0m&amp#27;[32m▓&amp#27;[0m&amp#27;[32m▓&amp#27;[0m&amp#27;[32m▓&amp#27;[0m&amp#27;[32m▓&amp#27;[0m&amp#27;[33m▓&amp#27;[0m&amp#27;[32m█&amp#27;[0m&amp#27;[32m█&amp#27;[0m&amp#27;[32m█&amp#27;[0m&amp#27;[32m█&amp#27;[0m&amp#27;[32m█&amp#27;[0m&amp#27;[32m█&amp#27;[0m
&amp#27;[33m▓&amp#27;[0m&amp#27;[33m▓&amp#27;[0m&amp#27;[32m░&amp#27;[0m&amp#27;[33m▓&amp#27;[0m&amp#27;[33m▓&amp#27;[0m&amp#27;[32m░&amp#27;[0m&amp#27;[32m░&amp#27;[0m&amp#27;[32m░&amp#27;[0m&amp#27;[32m░&amp#27;[0m&amp#27;[32m░&amp#27;[0m&amp#27;[33m▓&amp#27;[0m&amp#27;[33m▓&amp#27;[0m&amp#27;[33m▓&amp#27;[0m&amp#27;[33m▓&amp#27;[0m&amp#27;[33m▓&amp#27;[0m&amp#27;[33m▓&amp#27;[0m&amp#27;[33m▓&amp#27;[0m&amp#27;[32m█&amp#27;[0m&amp#27;[33m▓&amp#27;[0m&amp#27;[33m▓&amp#27;[0m&amp#27;[32m█&amp#27;[0m&amp#27;[33m▓&amp#27;[0m&amp#27;[33m▓&amp#27;[0m&amp#27;[33m▓&amp#27;[0m&amp#27;[33m▓&amp#27;[0m&amp#27;[34m▓&amp#27;[0m&amp#27;[33m▓&amp#27;[0m&amp#27;[32m░&amp#27;[0m&amp#27;[32m░&amp#27;[0m&amp#27;[33m▓&amp#27;[0m&amp#27;[32m░&amp#27;[0m&amp#27;[33m▓&amp#27;[0m&amp#27;[32m░&amp#27;[0m&amp#27;[32m░&amp#27;[0m&amp#27;[33m▓&amp#27;[0m&amp#27;[32m░&amp#27;[0m&amp#27;[32m░&amp#27;[0m&amp#27;[33m▓&amp#27;[0m&amp#27;[32m░&amp#27;[0m&amp#27;[32m░&amp#27;[0m&amp#27;[33m▓&amp#27;[0m&amp#27;[32m▓&amp#27;[0m&amp#27;[32m▓&amp#27;[0m&amp#27;[32m░&amp#27;[0m&amp#27;[32m░&amp#27;[0m&amp#27;[32m░&amp#27;[0m&amp#27;[32m░&amp#27;[0m&amp#27;[33m▓&amp#27;[0m&amp#27;[32m░&amp#27;[0m&amp#27;[33m▓&amp#27;[0m&amp#27;[32m░&amp#27;[0m&amp#27;[34m▓&amp#27;[0m&amp#27;[34m▓&amp#27;[0m&amp#27;[34m▓&amp#27;[0m&amp#27;[34m▓&amp#27;[0m&amp#27;[32m█&amp#27;[0m&amp#27;[32m▒&amp#27;[0m&amp#27;[32m█&amp#27;[0m&amp#27;[32m█&amp#27;[0m&amp#27;[32m█&amp#27;[0m&amp#27;[32m█&amp#27;[0m&amp#27;[32m▒&amp#27;[0m&amp#27;[32m█&amp#27;[0m&amp#27;[32m▒&amp#27;[0m&amp#27;[32m█&amp#27;[0m&amp#27;[32m█&amp#27;[0m&amp#27;[32m█&amp#27;[0m&amp#27;[32m▒&amp#27;[0m&amp#27;[32m▒&amp#27;[0m&amp#27;[32m▒&amp#27;[0m&amp#27;[32m█&amp#27;[0m&amp#27;[32m█&amp#27;[0m&amp#27;[32m█&amp#27;[0m&amp#27;[34m▓&amp#27;[0m&amp#27;[34m▓&amp#27;[0m&amp#27;[34m▓&amp#27;[0m&amp#27;[34m▓&amp#27;[0m&amp#27;[34m▓&amp#27;[0m&amp#27;[32m▒&amp#27;[0m&amp#27;[32m▒&amp#27;[0m&amp#27;[34m▓&amp#27;[0m&amp#27;[32m░&amp#27;[0m&amp#27;[32m█&amp#27;[0m&amp#27;[32m▒&amp#27;[0m&amp#27;[32m▒&amp#27;[0m&amp#27;[32m░&amp#27;[0m&amp#27;[32m░&amp#27;[0m&amp#27;[33m▓&amp#27;[0m&amp#27;[32m░&amp#27;[0m&amp#27;[32m░&amp#27;[0m&amp#27;[32m░&amp#27;[0m&amp#27;[32m░&amp#27;[0m&amp#27;[32m░&amp#27;[0m&amp#27;[32m░&amp#27;[0m&amp#27;[32m░&amp#27;[0m&amp#27;[32m▒&amp#27;[0m&amp#27;[32m▓&amp#27;[0m&amp#27;[32m▓&amp#27;[0m&amp#27;[32m▓&amp#27;[0m&amp#27;[32m▒&amp#27;[0m&amp#27;[32m░&amp#27;[0m&amp#27;[32m░&amp#27;[0m&amp#27;[32m░&amp#27;[0m&amp#27;[32m░&amp#27;[0m&amp#27;[32m░&amp#27;[0m&amp#27;[32m░&amp#27;[0m&amp#27;[32m░&amp#27;[0m&amp#27;[32m░&amp#27;[0m&amp#27;[32m▒&amp#27;[0m&amp#27;[32m░&amp#27;[0m&amp#27;[32m▒&amp#27;[0m&amp#27;[32m░&amp#27;[0m&amp#27;[32m░&amp#27;[0m&amp#27;[32m░&amp#27;[0m&amp#27;[32m░&amp#27;[0m&amp#27;[32m▒&amp#27;[0m&amp#27;[32m░&amp#27;[0m&amp#27;[34m▓&amp#27;[0m&amp#27;[32m░&amp#27;[0m&amp#27;[33m▓&amp#27;[0m&amp#27;[32m▒&amp#27;[0m&amp#27;[34m▓&amp#27;[0m&amp#27;[34m▓&amp#27;[0m&amp#27;[34m▓&amp#27;[0m&amp#27;[32m▒&amp#27;[0m&amp#27;[34m▓&amp#27;[0m&amp#27;[34m▓&amp#27;[0m&amp#27;[34m▓&amp#27;[0m&amp#27;[32m░&amp#27;[0m&amp#27;[32m░&amp#27;[0m&amp#27;[32m░&amp#27;[0m&amp#27;[32m█&amp#27;[0m&amp#27;[32m█&amp#27;[0m&amp#27;[32m▒&amp#27;[0m&amp#27;[32m░&amp#27;[0m&amp#27;[32m░&amp#27;[0m&amp#27;[32m▓&amp#27;[0m&amp#27;[32m▓&amp#27;[0m&amp#27;[32m▓&amp#27;[0m&amp#27;[32m░&amp#27;[0m&amp#27;[32m█&amp#27;[0m&amp#27;[32m░&amp#27;[0m&amp#27;[32m░&amp#27;[0m&amp#27;[32m░&amp#27;[0m&amp#27;[34m▓&amp#27;[0m&amp#27;[34m▓&amp#27;[0m&amp#27;[33m▓&amp#27;[0m&amp#27;[32m░&amp#27;[0m&amp#27;[32m░&amp#27;[0m&amp#27;[34m▓&amp#27;[0m&amp#27;[32m░&amp#27;[0m&amp#27;[32m░&amp#27;[0m&amp#27;[32m▓&amp#27;[0m&amp#27;[32m▒&amp#27;[0m&amp#27;[32m▓&amp#27;[0m&amp#27;[32m▓&amp#27;[0m&amp#27;[32m▒&amp#27;[0m&amp#27;[32m░&amp#27;[0m&amp#27;[32m▒&amp#27;[0m&amp#27;[32m░&amp#27;[0m&amp#27;[32m▒&amp#27;[0m&amp#27;[32m░&amp#27;[0m&amp#27;[32m▒&amp#27;[0m&amp#27;[32m░&amp#27;[0m&amp#27;[32m█&amp#27;[0m&amp#27;[32m░&amp#27;[0m&amp#27;[32m░&amp#27;[0m&amp#27;[32m░&amp#27;[0m&amp#27;[32m▒&amp#27;[0m&amp#27;[32m▓&amp#27;[0m&amp#27;[32m▒&amp#27;[0m&amp#27;[32m░&amp#27;[0m&amp#27;[32m░&amp#27;[0m&amp#27;[32m▒&amp#27;[0m&amp#27;[32m░&amp#27;[0m&amp#27;[32m▓&amp#27;[0m&amp#27;[32m▓&amp#27;[0m&amp#27;[32m▓&amp#27;[0m&amp#27;[32m▓&amp#27;[0m&amp#27;[32m▓&amp#27;[0m&amp#27;[32m▓&amp#27;[0m&amp#27;[32m▓&amp#27;[0m&amp#27;[34m▓&amp#27;[0m&amp#27;[34m▓&amp#27;[0m&amp#27;[32m▓&amp#27;[0m&amp#27;[32m▓&amp#27;[0m&amp#27;[32m▓&amp#27;[0m&amp#27;[32m▓&amp#27;[0m&amp#27;[32m▒&amp#27;[0m&amp#27;[32m▓&amp#27;[0m&amp#27;[33m▓&amp#27;[0m&amp#27;[33m▓&amp#27;[0m&amp#27;[33m▓&amp#27;[0m&amp#27;[33m▓&amp#27;[0m&amp#27;[33m▓&amp#27;[0m&amp#27;[32m▓&amp#27;[0m&amp#27;[32m▒&amp#27;[0m&amp#27;[32m▓&amp#27;[0m&amp#27;[32m▓&amp#27;[0m&amp#27;[32m▒&amp#27;[0m&amp#27;[32m▓&amp#27;[0m&amp#27;[32m▓&amp#27;[0m&amp#27;[34m▓&amp#27;[0m&amp#27;[34m▓&amp#27;[0m&amp#27;[34m▓&amp#27;[0m&amp#27;[32m▓&amp#27;[0m&amp#27;[32m▓&amp#27;[0m&amp#27;[32m▓&amp#27;[0m&amp#27;[32m▓&amp#27;[0m&amp#27;[32m▓&amp#27;[0m&amp#27;[32m▓&amp#27;[0m&amp#27;[32m▓&amp#27;[0m&amp#27;[32m▒&amp#27;[0m&amp#27;[32m▒&amp#27;[0m&amp#27;[34m▓&amp#27;[0m&amp#27;[32m▒&amp#27;[0m&amp#27;[33m▓&amp#27;[0m&amp#27;[33m▓&amp#27;[0m&amp#27;[33m▓&amp#27;[0m&amp#27;[33m▓&amp#27;[0m&amp#27;[34m▓&amp#27;[0m&amp#27;[34m▓&amp#27;[0m&amp#27;[32m░&amp#27;[0m&amp#27;[34m▓&amp#27;[0m&amp#27;[34m▓&amp#27;[0m&amp#27;[34m▓&amp#27;[0m&amp#27;[34m▓&amp#27;[0m&amp#27;[34m▓&amp#27;[0m&amp#27;[34m▓&amp#27;[0m&amp#27;[34m▓&amp#27;[0m&amp#27;[34m▓&amp#27;[0m&amp#27;[34m▓&amp#27;[0m&amp#27;[34m▓&amp#27;[0m&amp#27;[34m▓&amp#27;[0m&amp#27;[34m▓&amp#27;[0m&amp#27;[32m▒&amp#27;[0m&amp#27;[32m▓&amp#27;[0m&amp#27;[32m▓&amp#27;[0m&amp#27;[32m░&amp#27;[0m&amp#27;[32m░&amp#27;[0m&amp#27;[32m▒&amp#27;[0m&amp#27;[32m░&amp#27;[0m&amp#27;[33m▓&amp#27;[0m&amp#27;[32m░&amp#27;[0m&amp#27;[32m░&amp#27;[0m&amp#27;[32m░&amp#27;[0m&amp#27;[34m▓&amp#27;[0m&amp#27;[32m▓&amp#27;[0m&amp#27;[34m▓&amp#27;[0m&amp#27;[34m▓&amp#27;[0m&amp#27;[34m▓&amp#27;[0m&amp#27;[32m▒&amp#27;[0m&amp#27;[34m▓&amp#27;[0m&amp#27;[32m░&amp#27;[0m&amp#27;[32m▓&amp#27;[0m&amp#27;[32m░&amp#27;[0m&amp#27;[32m░&amp#27;[0m&amp#27;[32m░&amp#27;[0m&amp#27;[34m▓&amp#27;[0m&amp#27;[33m▓&amp#27;[0m&amp#27;[32m░&amp#27;[0m&amp#27;[32m░&amp#27;[0m&amp#27;[32m░&amp#27;[0m&amp#27;[32m░&amp#27;[0m&amp#27;[32m░&amp#27;[0m&amp#27;[32m░&amp#27;[0m&amp#27;[32m░&amp#27;[0m&amp#27;[32m▓&amp#27;[0m&amp#27;[32m░&amp#27;[0m&amp#27;[32m░&amp#27;[0m&amp#27;[32m░&amp#27;[0m&amp#27;[32m░&amp#27;[0m&amp#27;[32m░&amp#27;[0m&amp#27;[32m░&amp#27;[0m&amp#27;[32m█&amp#27;[0m&amp#27;[33m▓&amp#27;[0m&amp#27;[33m▓&amp#27;[0m&amp#27;[33m▓&amp#27;[0m&amp#27;[33m▓&amp#27;[0m&amp#27;[33m▓&amp#27;[0m&amp#27;[33m▓&amp#27;[0m&amp#27;[33m▓&amp#27;[0m&amp#27;[33m▓&amp#27;[0m&amp#27;[33m▓&amp#27;[0m&amp#27;[33m▓&amp#27;[0m&amp#27;[33m▓&amp#27;[0m&amp#27;[33m▓&amp#27;[0m&amp#27;[33m▓&amp#27;[0m&amp#27;[32m▓&amp#27;[0m&amp#27;[32m▓&amp#27;[0m&amp#27;[32m▓&amp#27;[0m&amp#27;[32m▓&amp#27;[0m&amp#27;[32m▓&amp#27;[0m&amp#27;[32m█&amp#27;[0m&amp#27;[32m█&amp#27;[0m&amp#27;[32m█&amp#27;[0m&amp#27;[32m█&amp#27;[0m&amp#27;[32m█&amp#27;[0m&amp#27;[32m█&amp#27;[0m&amp#27;[32m█&amp#27;[0m
&amp#27;[32m░&amp#27;[0m&amp#27;[33m▓&amp#27;[0m&amp#27;[32m░&amp#27;[0m&amp#27;[32m░&amp#27;[0m&amp#27;[32m░&amp#27;[0m&amp#27;[32m░&amp#27;[0m&amp#27;[32m░&amp#27;[0m&amp#27;[32m░&amp#27;[0m&amp#27;[32m░&amp#27;[0m&amp#27;[33m▓&amp#27;[0m&amp#27;[33m▓&amp#27;[0m&amp#27;[33m▓&amp#27;[0m&amp#27;[33m▓&amp#27;[0m&amp#27;[33m▓&amp#27;[0m&amp#27;[33m▓&amp#27;[0m&amp#27;[33m▓&amp#27;[0m&amp#27;[33m▓&amp#27;[0m&amp#27;[32m█&amp#27;[0m&amp#27;[32m█&amp#27;[0m&amp#27;[33m▓&amp#27;[0m&amp#27;[32m█&amp#27;[0m&amp#27;[32m█&amp#27;[0m&amp#27;[33m▓&amp#27;[0m&amp#27;[33m▓&amp#27;[0m&amp#27;[33m▓&amp#27;[0m&amp#27;[34m▓&amp#27;[0m&amp#27;[32m░&amp#27;[0m&amp#27;[33m▓&amp#27;[0m&amp#27;[32m░&amp#27;[0m&amp#27;[32m░&amp#27;[0m&amp#27;[32m▓&amp#27;[0m&amp#27;[32m░&amp#27;[0m&amp#27;[33m▓&amp#27;[0m&amp#27;[32m░&amp#27;[0m&amp#27;[33m▓&amp#27;[0m&amp#27;[33m▓&amp#27;[0m&amp#27;[33m▓&amp#27;[0m&amp#27;[32m░&amp#27;[0m&amp#27;[32m░&amp#27;[0m&amp#27;[32m░&amp#27;[0m&amp#27;[32m░&amp#27;[0m&amp#27;[33m▓&amp#27;[0m&amp#27;[33m▓&amp#27;[0m&amp#27;[32m░&amp#27;[0m&amp#27;[33m▓&amp#27;[0m&amp#27;[32m░&amp#27;[0m&amp#27;[32m░&amp#27;[0m&amp#27;[32m░&amp#27;[0m&amp#27;[32m░&amp#27;[0m&amp#27;[32m░&amp#27;[0m&amp#27;[33m▓&amp#27;[0m&amp#27;[32m▓&amp#27;[0m&amp#27;[32m▓&amp#27;[0m&amp#27;[34m▓&amp#27;[0m&amp#27;[34m▓&amp#27;[0m&amp#27;[32m█&amp#27;[0m&amp#27;[32m█&amp#27;[0m&amp#27;[32m█&amp#27;[0m&amp#27;[32m█&amp#27;[0m&amp#27;[32m█&amp#27;[0m&amp#27;[32m█&amp#27;[0m&amp#27;[32m▒&amp#27;[0m&amp#27;[32m█&amp#27;[0m&amp#27;[32m▒&amp#27;[0m&amp#27;[32m▒&amp#27;[0m&amp#27;[33m▓&amp#27;[0m&amp#27;[32m█&amp#27;[0m&amp#27;[32m█&amp#27;[0m&amp#27;[32m█&amp#27;[0m&amp#27;[32m█&amp#27;[0m&amp#27;[32m▒&amp#27;[0m&amp#27;[32m█&amp#27;[0m&amp#27;[32m█&amp#27;[0m&amp#27;[32m▓&amp#27;[0m&amp#27;[32m▓&amp#27;[0m&amp#27;[32m▒&amp#27;[0m&amp#27;[32m▓&amp#27;[0m&amp#27;[32m▓&amp#27;[0m&amp#27;[32m▓&amp#27;[0m&amp#27;[32m▓&amp#27;[0m&amp#27;[34m▓&amp#27;[0m&amp#27;[34m▓&amp#27;[0m&amp#27;[32m░&amp#27;[0m&amp#27;[32m░&amp#27;[0m&amp#27;[32m░&amp#27;[0m&amp#27;[32m░&amp#27;[0m&amp#27;[32m░&amp#27;[0m&amp#27;[32m░&amp#27;[0m&amp#27;[32m▓&amp#27;[0m&amp#27;[32m░&amp#27;[0m&amp#27;[32m░&amp#27;[0m&amp#27;[32m▒&amp#27;[0m&amp#27;[32m░&amp#27;[0m&amp#27;[32m░&amp#27;[0m&amp#27;[32m▓&amp#27;[0m&amp#27;[32m▓&amp#27;[0m&amp#27;[32m▓&amp#27;[0m&amp#27;[32m▓&amp#27;[0m&amp#27;[32m▓&amp#27;[0m&amp#27;[32m▓&amp#27;[0m&amp#27;[32m▓&amp#27;[0m&amp#27;[32m░&amp#27;[0m&amp#27;[32m░&amp#27;[0m&amp#27;[32m▒&amp#27;[0m&amp#27;[32m▒&amp#27;[0m&amp#27;[32m▒&amp#27;[0m&amp#27;[32m░&amp#27;[0m&amp#27;[32m░&amp#27;[0m&amp#27;[32m░&amp#27;[0m&amp#27;[32m░&amp#27;[0m&amp#27;[32m▒&amp#27;[0m&amp#27;[32m░&amp#27;[0m&amp#27;[32m▒&amp#27;[0m&amp#27;[34m▓&amp#27;[0m&amp#27;[32m░&amp#27;[0m&amp#27;[34m▓&amp#27;[0m&amp#27;[34m▓&amp#27;[0m&amp#27;[34m▓&amp#27;[0m&amp#27;[34m▓&amp#27;[0m&amp#27;[34m▓&amp#27;[0m&amp#27;[32m▒&amp#27;[0m&amp#27;[32m░&amp#27;[0m&amp#27;[32m░&amp#27;[0m&amp#27;[34m▓&amp#27;[0m&amp#27;[34m▓&amp#27;[0m&amp#27;[32m░&amp#27;[0m&amp#27;[32m▒&amp#27;[0m&amp#27;[32m░&amp#27;[0m&amp#27;[32m░&amp#27;[0m&amp#27;[32m░&amp#27;[0m&amp#27;[32m░&amp#27;[0m&amp#27;[32m▒&amp#27;[0m&amp#27;[32m█&amp#27;[0m&amp#27;[32m█&amp#27;[0m&amp#27;[32m░&amp#27;[0m&amp#27;[32m░&amp#27;[0m&amp#27;[32m░&amp#27;[0m&amp#27;[32m░&amp#27;[0m&amp#27;[32m░&amp#27;[0m&amp#27;[32m░&amp#27;[0m&amp#27;[32m░&amp#27;[0m&amp#27;[32m░&amp#27;[0m&amp#27;[32m░&amp#27;[0m&amp#27;[32m░&amp#27;[0m&amp#27;[34m▓&amp#27;[0m&amp#27;[34m▓&amp#27;[0m&amp#27;[32m░&amp#27;[0m&amp#27;[34m▓&amp#27;[0m&amp#27;[34m▓&amp#27;[0m&amp#27;[34m▓&amp#27;[0m&amp#27;[32m░&amp#27;[0m&amp#27;[32m░&amp#27;[0m&amp#27;[32m▓&amp#27;[0m&amp#27;[32m▓&amp#27;[0m&amp#27;[32m▓&amp#27;[0m&amp#27;[32m░&amp#27;[0m&amp#27;[32m░&amp#27;[0m&amp#27;[32m░&amp#27;[0m&amp#27;[32m░&amp#27;[0m&amp#27;[32m░&amp#27;[0m&amp#27;[32m░&amp#27;[0m&amp#27;[32m░&amp#27;[0m&amp#27;[32m░&amp#27;[0m&amp#27;[32m▒&amp#27;[0m&amp#27;[32m░&amp#27;[0m&amp#27;[32m▒&amp#27;[0m&amp#27;[32m░&amp#27;[0m&amp#27;[32m░&amp#27;[0m&amp#27;[32m▒&amp#27;[0m&amp#27;[32m▒&amp#27;[0m&amp#27;[32m▒&amp#27;[0m&amp#27;[32m▒&amp#27;[0m&amp#27;[32m▒&amp#27;[0m&amp#27;[32m▒&amp#27;[0m&amp#27;[32m░&amp#27;[0m&amp#27;[32m░&amp#27;[0m&amp#27;[32m░&amp#27;[0m&amp#27;[32m▓&amp#27;[0m&amp#27;[32m▓&amp#27;[0m&amp#27;[32m▓&amp#27;[0m&amp#27;[32m▓&amp#27;[0m&amp#27;[32m█&amp#27;[0m&amp#27;[32m▒&amp#27;[0m&amp#27;[34m▓&amp#27;[0m&amp#27;[34m▓&amp#27;[0m&amp#27;[32m▓&amp#27;[0m&amp#27;[32m▓&amp#27;[0m&amp#27;[32m▓&amp#27;[0m&amp#27;[32m▓&amp#27;[0m&amp#27;[32m▓&amp#27;[0m&amp#27;[32m▓&amp#27;[0m&amp#27;[33m▓&amp#27;[0m&amp#27;[33m▓&amp#27;[0m&amp#27;[33m▓&amp#27;[0m&amp#27;[32m▓&amp#27;[0m&amp#27;[32m▓&amp#27;[0m&amp#27;[32m▒&amp#27;[0m&amp#27;[32m▓&amp#27;[0m&amp#27;[32m▓&amp#27;[0m&amp#27;[32m▓&amp#27;[0m&amp#27;[32m█&amp#27;[0m&amp#27;[32m░&amp#27;[0m&amp#27;[32m░&amp#27;[0m&amp#27;[34m▓&amp#27;[0m&amp#27;[32m▓&amp#27;[0m&amp#27;[32m▓&amp#27;[0m&amp#27;[32m▓&amp#27;[0m&amp#27;[32m▓&amp#27;[0m&amp#27;[32m▓&amp#27;[0m&amp#27;[32m▓&amp#27;[0m&amp#27;[32m▓&amp#27;[0m&amp#27;[32m▓&amp#27;[0m&amp#27;[32m▓&amp#27;[0m&amp#27;[34m▓&amp#27;[0m&amp#27;[33m▓&amp#27;[0m&amp#27;[33m▓&amp#27;[0m&amp#27;[33m▓&amp#27;[0m&amp#27;[33m▓&amp#27;[0m&amp#27;[33m▓&amp#27;[0m&amp#27;[32m▒&amp#27;[0m&amp#27;[32m▒&amp#27;[0m&amp#27;[34m▓&amp#27;[0m&amp#27;[34m▓&amp#27;[0m&amp#27;[32m█&amp#27;[0m&amp#27;[34m▓&amp#27;[0m&amp#27;[34m▓&amp#27;[0m&amp#27;[34m▓&amp#27;[0m&amp#27;[34m▓&amp#27;[0m&amp#27;[34m▓&amp#27;[0m&amp#27;[34m▓&amp#27;[0m&amp#27;[34m▓&amp#27;[0m&amp#27;[34m▓&amp#27;[0m&amp#27;[34m▓&amp#27;[0m&amp#27;[34m▓&amp#27;[0m&amp#27;[34m▓&amp#27;[0m&amp#27;[32m▓&amp#27;[0m&amp#27;[32m▓&amp#27;[0m&amp#27;[32m▓&amp#27;[0m&amp#27;[32m▒&amp#27;[0m&amp#27;[32m░&amp#27;[0m&amp#27;[32m░&amp#27;[0m&amp#27;[32m░&amp#27;[0m&amp#27;[32m░&amp#27;[0m&amp#27;[32m░&amp#27;[0m&amp#27;[32m░&amp#27;[0m&amp#27;[32m░&amp#27;[0m&amp#27;[34m▓&amp#27;[0m&amp#27;[34m▓&amp#27;[0m&amp#27;[34m▓&amp#27;[0m&amp#27;[34m▓&amp#27;[0m&amp#27;[32m▓&amp#27;[0m&amp#27;[34m▓&amp#27;[0m&amp#27;[34m▓&amp#27;[0m&amp#27;[32m░&amp#27;[0m&amp#27;[32m░&amp#27;[0m&amp#27;[32m░&amp#27;[0m&amp#27;[32m░&amp#27;[0m&amp#27;[32m░&amp#27;[0m&amp#27;[33m▓&amp#27;[0m&amp#27;[33m▓&amp#27;[0m&amp#27;[33m▓&amp#27;[0m&amp#27;[32m░&amp#27;[0m&amp#27;[32m░&amp#27;[0m&amp#27;[32m░&amp#27;[0m&amp#27;[32m░&amp#27;[0m&amp#27;[32m░&amp#27;[0m&amp#27;[32m▓&amp#27;[0m&amp#27;[32m▓&amp#27;[0m&amp#27;[32m▓&amp#27;[0m&amp#27;[32m░&amp#27;[0m&amp#27;[32m░&amp#27;[0m&amp#27;[33m▓&amp#27;[0m&amp#27;[33m▓&amp#27;[0m&amp#27;[33m▓&amp#27;[0m&amp#27;[32m░&amp#27;[0m&amp#27;[32m░&amp#27;[0m&amp#27;[32m░&amp#27;[0m&amp#27;[33m▓&amp#27;[0m&amp#27;[32m▒&amp#27;[0m&amp#27;[33m▓&amp#27;[0m&amp#27;[33m▓&amp#27;[0m&amp#27;[33m▓&amp#27;[0m&amp#27;[33m▓&amp#27;[0m&amp#27;[33m▓&amp#27;[0m&amp#27;[33m▓&amp#27;[0m&amp#27;[33m▓&amp#27;[0m&amp#27;[32m▓&amp#27;[0m&amp#27;[32m▓&amp#27;[0m&amp#27;[32m▓&amp#27;[0m&amp#27;[32m▓&amp#27;[0m&amp#27;[32m▓&amp#27;[0m&amp#27;[34m▓&amp#27;[0m&amp#27;[32m█&amp#27;[0m&amp#27;[32m█&amp#27;[0m&amp#27;[32m█&amp#27;[0m&amp#27;[32m█&amp#27;[0m&amp#27;[32m█&amp#27;[0m&amp#27;[32m█&amp#27;[0m&amp#27;[32m█&amp#27;[0m&amp#27;[32m█&amp#27;[0m
&amp#27;[32m░&amp#27;[0m&amp#27;[32m░&amp#27;[0m&amp#27;[32m░&amp#27;[0m&amp#27;[33m▓&amp#27;[0m&amp#27;[33m▓&amp#27;[0m&amp#27;[33m▓&amp#27;[0m&amp#27;[32m░&amp#27;[0m&amp#27;[33m▓&amp#27;[0m&amp#27;[32m░&amp#27;[0m&amp#27;[33m▓&amp#27;[0m&amp#27;[33m▓&amp#27;[0m&amp#27;[33m▓&amp#27;[0m&amp#27;[33m▓&amp#27;[0m&amp#27;[33m▓&amp#27;[0m&amp#27;[33m▓&amp#27;[0m&amp#27;[33m▓&amp#27;[0m&amp#27;[33m▓&amp#27;[0m&amp#27;[32m█&amp#27;[0m&amp#27;[32m█&amp#27;[0m&amp#27;[32m█&amp#27;[0m&amp#27;[33m▓&amp#27;[0m&amp#27;[33m▓&amp#27;[0m&amp#27;[33m▓&amp#27;[0m&amp#27;[33m▓&amp#27;[0m&amp#27;[33m▓&amp#27;[0m&amp#27;[33m▓&amp#27;[0m&amp#27;[32m░&amp#27;[0m&amp#27;[32m░&amp#27;[0m&amp#27;[32m░&amp#27;[0m&amp#27;[32m░&amp#27;[0m&amp#27;[33m▓&amp#27;[0m&amp#27;[32m░&amp#27;[0m&amp#27;[32m░&amp#27;[0m&amp#27;[32m░&amp#27;[0m&amp#27;[32m░&amp#27;[0m&amp#27;[32m░&amp#27;[0m&amp#27;[32m░&amp#27;[0m&amp#27;[33m▓&amp#27;[0m&amp#27;[32m░&amp#27;[0m&amp#27;[33m▓&amp#27;[0m&amp#27;[32m░&amp#27;[0m&amp#27;[32m░&amp#27;[0m&amp#27;[32m░&amp#27;[0m&amp#27;[32m░&amp#27;[0m&amp#27;[32m░&amp#27;[0m&amp#27;[32m░&amp#27;[0m&amp#27;[32m░&amp#27;[0m&amp#27;[32m░&amp#27;[0m&amp#27;[32m░&amp#27;[0m&amp#27;[32m░&amp#27;[0m&amp#27;[32m▓&amp#27;[0m&amp#27;[32m▓&amp#27;[0m&amp#27;[32m▓&amp#27;[0m&amp#27;[32m▒&amp#27;[0m&amp#27;[32m█&amp#27;[0m&amp#27;[32m█&amp#27;[0m&amp#27;[32m█&amp#27;[0m&amp#27;[32m█&amp#27;[0m&amp#27;[32m▒&amp#27;[0m&amp#27;[32m█&amp#27;[0m&amp#27;[32m█&amp#27;[0m&amp#27;[32m█&amp#27;[0m&amp#27;[32m█&amp#27;[0m&amp#27;[32m█&amp#27;[0m&amp#27;[32m█&amp#27;[0m&amp#27;[32m█&amp#27;[0m&amp#27;[32m█&amp#27;[0m&amp#27;[32m█&amp#27;[0m&amp#27;[33m▓&amp#27;[0m&amp#27;[32m█&amp#27;[0m&amp#27;[32m█&amp#27;[0m&amp#27;[32m▒&amp#27;[0m&amp#27;[32m▒&amp#27;[0m&amp#27;[32m▒&amp#27;[0m&amp#27;[32m▓&amp#27;[0m&amp#27;[32m▓&amp#27;[0m&amp#27;[32m▓&amp#27;[0m&amp#27;[32m▓&amp#27;[0m&amp#27;[32m▓&amp#27;[0m&amp#27;[32m▓&amp#27;[0m&amp#27;[32m▓&amp#27;[0m&amp#27;[32m▓&amp#27;[0m&amp#27;[32m▓&amp#27;[0m&amp#27;[32m░&amp#27;[0m&amp#27;[32m░&amp#27;[0m&amp#27;[32m░&amp#27;[0m&amp#27;[32m▒&amp#27;[0m&amp#27;[33m▓&amp#27;[0m&amp#27;[32m▒&amp#27;[0m&amp#27;[32m█&amp#27;[0m&amp#27;[32m█&amp#27;[0m&amp#27;[32m█&amp#27;[0m&amp#27;[32m░&amp#27;[0m&amp#27;[32m░&amp#27;[0m&amp#27;[32m▒&amp#27;[0m&amp#27;[32m▓&amp#27;[0m&amp#27;[32m▓&amp#27;[0m&amp#27;[32m▓&amp#27;[0m&amp#27;[32m▓&amp#27;[0m&amp#27;[32m▒&amp#27;[0m&amp#27;[32m▒&amp#27;[0m&amp#27;[32m░&amp#27;[0m&amp#27;[32m░&amp#27;[0m&amp#27;[32m░&amp#27;[0m&amp#27;[32m░&amp#27;[0m&amp#27;[32m▒&amp#27;[0m&amp#27;[32m▓&amp#27;[0m&amp#27;[32m▒&amp#27;[0m&amp#27;[32m▓&amp#27;[0m&amp#27;[32m░&amp#27;[0m&amp#27;[32m▓&amp#27;[0m&amp#27;[32m░&amp#27;[0m&amp#27;[32m░&amp#27;[0m&amp#27;[34m▓&amp#27;[0m&amp#27;[32m▓&amp#27;[0m&amp#27;[32m▒&amp#27;[0m&amp#27;[32m▒&amp#27;[0m&amp#27;[34m▓&amp#27;[0m&amp#27;[34m▓&amp#27;[0m&amp#27;[32m░&amp#27;[0m&amp#27;[34m▓&amp#27;[0m&amp#27;[32m▒&amp#27;[0m&amp#27;[32m█&amp#27;[0m&amp#27;[34m▓&amp#27;[0m&amp#27;[34m▓&amp#27;[0m&amp#27;[34m▓&amp#27;[0m&amp#27;[32m░&amp#27;[0m&amp#27;[32m░&amp#27;[0m&amp#27;[32m░&amp#27;[0m&amp#27;[32m░&amp#27;[0m&amp#27;[32m░&amp#27;[0m&amp#27;[32m█&amp#27;[0m&amp#27;[32m█&amp#27;[0m&amp#27;[32m█&amp#27;[0m&amp#27;[32m░&amp#27;[0m&amp#27;[32m░&amp#27;[0m&amp#27;[32m░&amp#27;[0m&amp#27;[32m░&amp#27;[0m&amp#27;[32m░&amp#27;[0m&amp#27;[32m▒&amp#27;[0m&amp#27;[32m░&amp#27;[0m&amp#27;[32m▒&amp#27;[0m&amp#27;[32m░&amp#27;[0m&amp#27;[32m▒&amp#27;[0m&amp#27;[32m░&amp#27;[0m&amp#27;[34m▓&amp#27;[0m&amp#27;[34m▓&amp#27;[0m&amp#27;[32m▒&amp#27;[0m&amp#27;[32m░&amp#27;[0m&amp#27;[34m▓&amp#27;[0m&amp#27;[32m░&amp#27;[0m&amp#27;[32m░&amp#27;[0m&amp#27;[32m░&amp#27;[0m&amp#27;[32m▒&amp#27;[0m&amp#27;[32m░&amp#27;[0m&amp#27;[32m▓&amp#27;[0m&amp#27;[32m█&amp#27;[0m&amp#27;[32m░&amp#27;[0m&amp#27;[32m░&amp#27;[0m&amp#27;[32m░&amp#27;[0m&amp#27;[32m░&amp#27;[0m&amp#27;[32m▒&amp#27;[0m&amp#27;[32m░&amp#27;[0m&amp#27;[32m░&amp#27;[0m&amp#27;[32m░&amp#27;[0m&amp#27;[32m░&amp#27;[0m&amp#27;[32m░&amp#27;[0m&amp#27;[32m▒&amp#27;[0m&amp#27;[32m▒&amp#27;[0m&amp#27;[32m▒&amp#27;[0m&amp#27;[32m▒&amp#27;[0m&amp#27;[32m▒&amp#27;[0m&amp#27;[32m▒&amp#27;[0m&amp#27;[32m▒&amp#27;[0m&amp#27;[32m▒&amp#27;[0m&amp#27;[32m▒&amp#27;[0m&amp#27;[32m░&amp#27;[0m&amp#27;[32m▓&amp#27;[0m&amp#27;[32m▓&amp#27;[0m&amp#27;[32m▓&amp#27;[0m&amp#27;[32m▓&amp#27;[0m&amp#27;[32m▓&amp#27;[0m&amp#27;[34m▓&amp#27;[0m&amp#27;[34m▓&amp#27;[0m&amp#27;[32m▒&amp#27;[0m&amp#27;[34m▓&amp#27;[0m&amp#27;[32m▓&amp#27;[0m&amp#27;[32m▓&amp#27;[0m&amp#27;[32m▓&amp#27;[0m&amp#27;[32m▓&amp#27;[0m&amp#27;[32m▓&amp#27;[0m&amp#27;[32m▓&amp#27;[0m&amp#27;[33m▓&amp#27;[0m&amp#27;[32m▒&amp#27;[0m&amp#27;[32m▓&amp#27;[0m&amp#27;[32m▓&amp#27;[0m&amp#27;[32m▒&amp#27;[0m&amp#27;[32m▓&amp#27;[0m&amp#27;[32m▓&amp#27;[0m&amp#27;[32m▓&amp#27;[0m&amp#27;[32m█&amp#27;[0m&amp#27;[32m▒&amp#27;[0m&amp#27;[34m▓&amp#27;[0m&amp#27;[34m▓&amp#27;[0m&amp#27;[32m▓&amp#27;[0m&amp#27;[32m▓&amp#27;[0m&amp#27;[32m▒&amp#27;[0m&amp#27;[32m▒&amp#27;[0m&amp#27;[32m▓&amp#27;[0m&amp#27;[32m▓&amp#27;[0m&amp#27;[32m▓&amp#27;[0m&amp#27;[32m▓&amp#27;[0m&amp#27;[32m▓&amp#27;[0m&amp#27;[34m▓&amp#27;[0m&amp#27;[33m▓&amp#27;[0m&amp#27;[33m▓&amp#27;[0m&amp#27;[33m▓&amp#27;[0m&amp#27;[33m▓&amp#27;[0m&amp#27;[33m▓&amp#27;[0m&amp#27;[33m▓&amp#27;[0m&amp#27;[33m▓&amp#27;[0m&amp#27;[34m▓&amp#27;[0m&amp#27;[34m▓&amp#27;[0m&amp#27;[34m▓&amp#27;[0m&amp#27;[34m▓&amp#27;[0m&amp#27;[34m▓&amp#27;[0m&amp#27;[34m▓&amp#27;[0m&amp#27;[34m▓&amp#27;[0m&amp#27;[34m▓&amp#27;[0m&amp#27;[34m▓&amp#27;[0m&amp#27;[34m▓&amp#27;[0m&amp#27;[34m▓&amp#27;[0m&amp#27;[34m▓&amp#27;[0m&amp#27;[34m▓&amp#27;[0m&amp#27;[32m▓&amp#27;[0m&amp#27;[32m▓&amp#27;[0m&amp#27;[34m▓&amp#27;[0m&amp#27;[32m░&amp#27;[0m&amp#27;[32m░&amp#27;[0m&amp#27;[32m░&amp#27;[0m&amp#27;[32m░&amp#27;[0m&amp#27;[32m░&amp#27;[0m&amp#27;[32m░&amp#27;[0m&amp#27;[32m░&amp#27;[0m&amp#27;[32m░&amp#27;[0m&amp#27;[32m░&amp#27;[0m&amp#27;[34m▓&amp#27;[0m&amp#27;[34m▓&amp#27;[0m&amp#27;[34m▓&amp#27;[0m&amp#27;[34m▓&amp#27;[0m&amp#27;[34m▓&amp#27;[0m&amp#27;[34m▓&amp#27;[0m&amp#27;[34m▓&amp#27;[0m&amp#27;[32m▓&amp#27;[0m&amp#27;[32m░&amp#27;[0m&amp#27;[32m░&amp#27;[0m&amp#27;[32m░&amp#27;[0m&amp#27;[32m░&amp#27;[0m&amp#27;[34m▓&amp#27;[0m&amp#27;[33m▓&amp#27;[0m&amp#27;[32m░&amp#27;[0m&amp#27;[32m░&amp#27;[0m&amp#27;[32m░&amp#27;[0m&amp#27;[32m░&amp#27;[0m&amp#27;[32m░&amp#27;[0m&amp#27;[32m▓&amp#27;[0m&amp#27;[32m▓&amp#27;[0m&amp#27;[32m▓&amp#27;[0m&amp#27;[32m▓&amp#27;[0m&amp#27;[32m▓&amp#27;[0m&amp#27;[33m▓&amp#27;[0m&amp#27;[33m▓&amp#27;[0m&amp#27;[33m▓&amp#27;[0m&amp#27;[33m▓&amp#27;[0m&amp#27;[33m▓&amp#27;[0m&amp#27;[33m▓&amp#27;[0m&amp#27;[33m▓&amp#27;[0m&amp#27;[33m▓&amp#27;[0m&amp#27;[32m▓&amp#27;[0m&amp#27;[32m▓&amp#27;[0m&amp#27;[32m▓&amp#27;[0m&amp#27;[32m▓&amp#27;[0m&amp#27;[32m▓&amp#27;[0m&amp#27;[32m▓&amp#27;[0m&amp#27;[32m▓&amp#27;[0m&amp#27;[32m▓&amp#27;[0m&amp#27;[32m▓&amp#27;[0m&amp#27;[32m▓&amp#27;[0m&amp#27;[32m▓&amp#27;[0m&amp#27;[32m▓&amp#27;[0m&amp#27;[32m▓&amp#27;[0m&amp#27;[32m█&amp#27;[0m&amp#27;[32m█&amp#27;[0m&amp#27;[32m█&amp#27;[0m&amp#27;[32m█&amp#27;[0m&amp#27;[32m█&amp#27;[0m&amp#27;[32m█&amp#27;[0m&amp#27;[32m█&amp#27;[0m&amp#27;[32m█&amp#27;[0m&amp#27;[32m█&amp#27;[0m
&amp#27;[32m░&amp#27;[0m&amp#27;[32m▓&amp#27;[0m&amp#27;[32m▓&amp#27;[0m&amp#27;[32m▓&amp#27;[0m&amp#27;[32m▓&amp#27;[0m&amp#27;[33m▓&amp#27;[0m&amp#27;[32m▓&amp#27;[0m&amp#27;[32m▓&amp#27;[0m&amp#27;[33m▓&amp#27;[0m&amp#27;[33m▓&amp#27;[0m&amp#27;[32m░&amp#27;[0m&amp#27;[33m▓&amp#27;[0m&amp#27;[33m▓&amp#27;[0m&amp#27;[33m▓&amp#27;[0m&amp#27;[33m▓&amp#27;[0m&amp#27;[33m▓&amp#27;[0m&amp#27;[33m▓&amp#27;[0m&amp#27;[34m▓&amp#27;[0m&amp#27;[32m█&amp#27;[0m&amp#27;[32m█&amp#27;[0m&amp#27;[33m▓&amp#27;[0m&amp#27;[32m█&amp#27;[0m&amp#27;[33m▓&amp#27;[0m&amp#27;[33m▓&amp#27;[0m&amp#27;[33m▓&amp#27;[0m&amp#27;[34m▓&amp#27;[0m&amp#27;[33m▓&amp#27;[0m&amp#27;[33m▓&amp#27;[0m&amp#27;[32m░&amp#27;[0m&amp#27;[32m░&amp#27;[0m&amp#27;[32m░&amp#27;[0m&amp#27;[32m░&amp#27;[0m&amp#27;[32m░&amp#27;[0m&amp#27;[32m░&amp#27;[0m&amp#27;[32m░&amp#27;[0m&amp#27;[32m░&amp#27;[0m&amp#27;[32m░&amp#27;[0m&amp#27;[32m░&amp#27;[0m&amp#27;[32m░&amp#27;[0m&amp#27;[32m░&amp#27;[0m&amp#27;[33m▓&amp#27;[0m&amp#27;[33m▓&amp#27;[0m&amp#27;[32m░&amp#27;[0m&amp#27;[33m▓&amp#27;[0m&amp#27;[32m░&amp#27;[0m&amp#27;[33m▓&amp#27;[0m&amp#27;[33m▓&amp#27;[0m&amp#27;[33m▓&amp#27;[0m&amp#27;[32m░&amp#27;[0m&amp#27;[33m▓&amp#27;[0m&amp#27;[32m▓&amp#27;[0m&amp#27;[32m▒&amp#27;[0m&amp#27;[32m▓&amp#27;[0m&amp#27;[34m▓&amp#27;[0m&amp#27;[32m▒&amp#27;[0m&amp#27;[32m▒&amp#27;[0m&amp#27;[32m▒&amp#27;[0m&amp#27;[32m█&amp#27;[0m&amp#27;[32m█&amp#27;[0m&amp#27;[32m█&amp#27;[0m&amp#27;[32m█&amp#27;[0m&amp#27;[32m█&amp#27;[0m&amp#27;[32m█&amp#27;[0m&amp#27;[32m▒&amp#27;[0m&amp#27;[32m█&amp#27;[0m&amp#27;[32m█&amp#27;[0m&amp#27;[32m█&amp#27;[0m&amp#27;[32m▒&amp#27;[0m&amp#27;[32m█&amp#27;[0m&amp#27;[32m▒&amp#27;[0m&amp#27;[32m█&amp#27;[0m&amp#27;[32m█&amp#27;[0m&amp#27;[32m█&amp#27;[0m&amp#27;[32m█&amp#27;[0m&amp#27;[32m▒&amp#27;[0m&amp#27;[32m▓&amp#27;[0m&amp#27;[32m▓&amp#27;[0m&amp#27;[32m▒&amp#27;[0m&amp#27;[32m▒&amp#27;[0m&amp#27;[32m▒&amp#27;[0m&amp#27;[32m▓&amp#27;[0m&amp#27;[32m▓&amp#27;[0m&amp#27;[32m▒&amp#27;[0m&amp#27;[32m▒&amp#27;[0m&amp#27;[32m░&amp#27;[0m&amp#27;[32m░&amp#27;[0m&amp#27;[32m█&amp#27;[0m&amp#27;[32m█&amp#27;[0m&amp#27;[32m▒&amp#27;[0m&amp#27;[32m█&amp#27;[0m&amp#27;[32m█&amp#27;[0m&amp#27;[32m█&amp#27;[0m&amp#27;[32m█&amp#27;[0m&amp#27;[32m░&amp#27;[0m&amp#27;[32m▒&amp#27;[0m&amp#27;[32m▒&amp#27;[0m&amp#27;[32m▓&amp#27;[0m&amp#27;[32m▒&amp#27;[0m&amp#27;[32m▓&amp#27;[0m&amp#27;[32m▓&amp#27;[0m&amp#27;[32m▒&amp#27;[0m&amp#27;[32m░&amp#27;[0m&amp#27;[32m░&amp#27;[0m&amp#27;[32m░&amp#27;[0m&amp#27;[32m░&amp#27;[0m&amp#27;[32m░&amp#27;[0m&amp#27;[32m░&amp#27;[0m&amp#27;[32m█&amp#27;[0m&amp#27;[32m░&amp#27;[0m&amp#27;[32m░&amp#27;[0m&amp#27;[32m░&amp#27;[0m&amp#27;[32m▒&amp#27;[0m&amp#27;[34m▓&amp#27;[0m&amp#27;[32m▒&amp#27;[0m&amp#27;[34m▓&amp#27;[0m&amp#27;[34m▓&amp#27;[0m&amp#27;[32m▒&amp#27;[0m&amp#27;[34m▓&amp#27;[0m&amp#27;[34m▓&amp#27;[0m&amp#27;[34m▓&amp#27;[0m&amp#27;[34m▓&amp#27;[0m&amp#27;[34m▓&amp#27;[0m&amp#27;[32m░&amp#27;[0m&amp#27;[32m░&amp#27;[0m&amp#27;[32m░&amp#27;[0m&amp#27;[32m▒&amp#27;[0m&amp#27;[32m░&amp#27;[0m&amp#27;[32m▒&amp#27;[0m&amp#27;[32m░&amp#27;[0m&amp#27;[32m░&amp#27;[0m&amp#27;[32m░&amp#27;[0m&amp#27;[32m▒&amp#27;[0m&amp#27;[32m░&amp#27;[0m&amp#27;[32m░&amp#27;[0m&amp#27;[32m░&amp#27;[0m&amp#27;[32m░&amp#27;[0m&amp#27;[32m░&amp#27;[0m&amp#27;[32m░&amp#27;[0m&amp#27;[32m░&amp#27;[0m&amp#27;[32m░&amp#27;[0m&amp#27;[32m░&amp#27;[0m&amp#27;[32m▒&amp#27;[0m&amp#27;[32m░&amp#27;[0m&amp#27;[32m░&amp#27;[0m&amp#27;[32m░&amp#27;[0m&amp#27;[33m▓&amp#27;[0m&amp#27;[33m▓&amp#27;[0m&amp#27;[32m▒&amp#27;[0m&amp#27;[34m▓&amp#27;[0m&amp#27;[34m▓&amp#27;[0m&amp#27;[32m░&amp#27;[0m&amp#27;[32m░&amp#27;[0m&amp#27;[32m░&amp#27;[0m&amp#27;[32m░&amp#27;[0m&amp#27;[32m▒&amp#27;[0m&amp#27;[32m▒&amp#27;[0m&amp#27;[32m█&amp#27;[0m&amp#27;[32m█&amp#27;[0m&amp#27;[32m░&amp#27;[0m&amp#27;[32m░&amp#27;[0m&amp#27;[32m░&amp#27;[0m&amp#27;[32m░&amp#27;[0m&amp#27;[32m▒&amp#27;[0m&amp#27;[32m░&amp#27;[0m&amp#27;[32m░&amp#27;[0m&amp#27;[32m▒&amp#27;[0m&amp#27;[32m▒&amp#27;[0m&amp#27;[32m▒&amp#27;[0m&amp#27;[32m▒&amp#27;[0m&amp#27;[32m▒&amp#27;[0m&amp#27;[32m▒&amp#27;[0m&amp#27;[32m▒&amp#27;[0m&amp#27;[32m▒&amp#27;[0m&amp#27;[32m▒&amp#27;[0m&amp#27;[32m▒&amp#27;[0m&amp#27;[32m▒&amp#27;[0m&amp#27;[32m▒&amp#27;[0m&amp#27;[32m░&amp#27;[0m&amp#27;[32m▓&amp#27;[0m&amp#27;[33m▓&amp#27;[0m&amp#27;[33m▓&amp#27;[0m&amp#27;[34m▓&amp#27;[0m&amp#27;[32m▒&amp#27;[0m&amp#27;[34m▓&amp#27;[0m&amp#27;[34m▓&amp#27;[0m&amp#27;[34m▓&amp#27;[0m&amp#27;[34m▓&amp#27;[0m&amp#27;[32m▒&amp#27;[0m&amp#27;[33m▓&amp#27;[0m&amp#27;[32m▓&amp#27;[0m&amp#27;[32m▓&amp#27;[0m&amp#27;[32m▓&amp#27;[0m&amp#27;[32m▓&amp#27;[0m&amp#27;[32m▓&amp#27;[0m&amp#27;[32m▓&amp#27;[0m&amp#27;[32m▓&amp#27;[0m&amp#27;[32m▓&amp#27;[0m&amp#27;[32m▓&amp#27;[0m&amp#27;[34m▓&amp#27;[0m&amp#27;[34m▓&amp#27;[0m&amp#27;[34m▓&amp#27;[0m&amp#27;[34m▓&amp#27;[0m&amp#27;[34m▓&amp#27;[0m&amp#27;[34m▓&amp#27;[0m&amp#27;[32m▓&amp#27;[0m&amp#27;[32m▓&amp#27;[0m&amp#27;[32m▓&amp#27;[0m&amp#27;[32m▓&amp#27;[0m&amp#27;[32m▓&amp#27;[0m&amp#27;[32m▓&amp#27;[0m&amp#27;[32m▓&amp#27;[0m&amp#27;[32m▓&amp#27;[0m&amp#27;[32m▓&amp#27;[0m&amp#27;[32m▒&amp#27;[0m&amp#27;[33m▓&amp#27;[0m&amp#27;[32m▒&amp#27;[0m&amp#27;[33m▓&amp#27;[0m&amp#27;[33m▓&amp#27;[0m&amp#27;[33m▓&amp#27;[0m&amp#27;[33m▓&amp#27;[0m&amp#27;[33m▓&amp#27;[0m&amp#27;[34m▓&amp#27;[0m&amp#27;[34m▓&amp#27;[0m&amp#27;[34m▓&amp#27;[0m&amp#27;[32m█&amp#27;[0m&amp#27;[34m▓&amp#27;[0m&amp#27;[34m▓&amp#27;[0m&amp#27;[34m▓&amp#27;[0m&amp#27;[34m▓&amp#27;[0m&amp#27;[34m▓&amp#27;[0m&amp#27;[34m▓&amp#27;[0m&amp#27;[34m▓&amp#27;[0m&amp#27;[34m▓&amp#27;[0m&amp#27;[32m▓&amp#27;[0m&amp#27;[32m▓&amp#27;[0m&amp#27;[34m▓&amp#27;[0m&amp#27;[34m▓&amp#27;[0m&amp#27;[34m▓&amp#27;[0m&amp#27;[32m░&amp#27;[0m&amp#27;[32m░&amp#27;[0m&amp#27;[32m░&amp#27;[0m&amp#27;[32m░&amp#27;[0m&amp#27;[32m░&amp#27;[0m&amp#27;[32m░&amp#27;[0m&amp#27;[32m░&amp#27;[0m&amp#27;[34m▓&amp#27;[0m&amp#27;[34m▓&amp#27;[0m&amp#27;[34m▓&amp#27;[0m&amp#27;[34m▓&amp#27;[0m&amp#27;[34m▓&amp#27;[0m&amp#27;[34m▓&amp#27;[0m&amp#27;[32m▒&amp#27;[0m&amp#27;[34m▓&amp#27;[0m&amp#27;[32m░&amp#27;[0m&amp#27;[34m▓&amp#27;[0m&amp#27;[34m▓&amp#27;[0m&amp#27;[34m▓&amp#27;[0m&amp#27;[34m▓&amp#27;[0m&amp#27;[34m▓&amp#27;[0m&amp#27;[32m░&amp#27;[0m&amp#27;[32m░&amp#27;[0m&amp#27;[32m▒&amp#27;[0m&amp#27;[32m░&amp#27;[0m&amp#27;[32m░&amp#27;[0m&amp#27;[32m▓&amp#27;[0m&amp#27;[32m▓&amp#27;[0m&amp#27;[32m▓&amp#27;[0m&amp#27;[32m▓&amp#27;[0m&amp#27;[32m▓&amp#27;[0m&amp#27;[32m░&amp#27;[0m&amp#27;[33m▓&amp#27;[0m&amp#27;[33m▓&amp#27;[0m&amp#27;[33m▓&amp#27;[0m&amp#27;[33m▓&amp#27;[0m&amp#27;[33m▓&amp#27;[0m&amp#27;[33m▓&amp#27;[0m&amp#27;[33m▓&amp#27;[0m&amp#27;[33m▓&amp#27;[0m&amp#27;[33m▓&amp#27;[0m&amp#27;[33m▓&amp#27;[0m&amp#27;[32m▓&amp#27;[0m&amp#27;[32m▓&amp#27;[0m&amp#27;[32m▓&amp#27;[0m&amp#27;[32m▓&amp#27;[0m&amp#27;[32m▓&amp#27;[0m&amp#27;[32m▓&amp#27;[0m&amp#27;[32m▓&amp#27;[0m&amp#27;[32m▓&amp#27;[0m&amp#27;[32m▓&amp#27;[0m&amp#27;[32m▓&amp#27;[0m&amp#27;[32m█&amp#27;[0m&amp#27;[32m█&amp#27;[0m&amp#27;[32m█&amp#27;[0m&amp#27;[32m█&amp#27;[0m&amp#27;[32m█&amp#27;[0m&amp#27;[32m█&amp#27;[0m&amp#27;[32m█&amp#27;[0m&amp#27;[32m█&amp#27;[0m&amp#27;[32m█&amp#27;[0m&amp#27;[32m█&amp#27;[0m
&amp#27;[33m▓&amp#27;[0m&amp#27;[32m▓&amp#27;[0m&amp#27;[32m▓&amp#27;[0m&amp#27;[32m▓&amp#27;[0m&amp#27;[32m▓&amp#27;[0m&amp#27;[32m▓&amp#27;[0m&amp#27;[32m▓&amp#27;[0m&amp#27;[32m▓&amp#27;[0m&amp#27;[33m▓&amp#27;[0m&amp#27;[33m▓&amp#27;[0m&amp#27;[33m▓&amp#27;[0m&amp#27;[33m▓&amp#27;[0m&amp#27;[33m▓&amp#27;[0m&amp#27;[34m▓&amp#27;[0m&amp#27;[33m▓&amp#27;[0m&amp#27;[33m▓&amp#27;[0m&amp#27;[34m▓&amp#27;[0m&amp#27;[33m▓&amp#27;[0m&amp#27;[32m░&amp#27;[0m&amp#27;[32m░&amp#27;[0m&amp#27;[33m▓&amp#27;[0m&amp#27;[32m░&amp#27;[0m&amp#27;[33m▓&amp#27;[0m&amp#27;[33m▓&amp#27;[0m&amp#27;[32m░&amp#27;[0m&amp#27;[34m▓&amp#27;[0m&amp#27;[32m░&amp#27;[0m&amp#27;[33m▓&amp#27;[0m&amp#27;[32m░&amp#27;[0m&amp#27;[32m░&amp#27;[0m&amp#27;[33m▓&amp#27;[0m&amp#27;[32m░&amp#27;[0m&amp#27;[32m░&amp#27;[0m&amp#27;[33m▓&amp#27;[0m&amp#27;[32m░&amp#27;[0m&amp#27;[32m░&amp#27;[0m&amp#27;[33m▓&amp#27;[0m&amp#27;[32m░&amp#27;[0m&amp#27;[32m░&amp#27;[0m&amp#27;[32m░&amp#27;[0m&amp#27;[32m░&amp#27;[0m&amp#27;[32m░&amp#27;[0m&amp#27;[32m░&amp#27;[0m&amp#27;[33m▓&amp#27;[0m&amp#27;[32m░&amp#27;[0m&amp#27;[33m▓&amp#27;[0m&amp#27;[32m░&amp#27;[0m&amp#27;[33m▓&amp#27;[0m&amp#27;[32m█&amp#27;[0m&amp#27;[33m▓&amp#27;[0m&amp#27;[34m▓&amp#27;[0m&amp#27;[34m▓&amp#27;[0m&amp#27;[32m▒&amp#27;[0m&amp#27;[34m▓&amp#27;[0m&amp#27;[32m█&amp#27;[0m&amp#27;[32m█&amp#27;[0m&amp#27;[32m█&amp#27;[0m&amp#27;[33m▓&amp#27;[0m&amp#27;[32m▒&amp#27;[0m&amp#27;[32m▒&amp#27;[0m&amp#27;[32m█&amp#27;[0m&amp#27;[32m█&amp#27;[0m&amp#27;[32m█&amp#27;[0m&amp#27;[32m▒&amp#27;[0m&amp#27;[32m▒&amp#27;[0m&amp#27;[32m▒&amp#27;[0m&amp#27;[32m█&amp#27;[0m&amp#27;[32m█&amp#27;[0m&amp#27;[32m█&amp#27;[0m&amp#27;[32m█&amp#27;[0m&amp#27;[32m█&amp#27;[0m&amp#27;[32m█&amp#27;[0m&amp#27;[32m█&amp#27;[0m&amp#27;[32m█&amp#27;[0m&amp#27;[32m▒&amp#27;[0m&amp#27;[32m▒&amp#27;[0m&amp#27;[32m▓&amp#27;[0m&amp#27;[32m▓&amp#27;[0m&amp#27;[32m▓&amp#27;[0m&amp#27;[32m▓&amp#27;[0m&amp#27;[32m▒&amp#27;[0m&amp#27;[32m▓&amp#27;[0m&amp#27;[32m▓&amp#27;[0m&amp#27;[32m▒&amp#27;[0m&amp#27;[32m▓&amp#27;[0m&amp#27;[32m▓&amp#27;[0m&amp#27;[32m█&amp#27;[0m&amp#27;[32m█&amp#27;[0m&amp#27;[32m█&amp#27;[0m&amp#27;[32m▒&amp#27;[0m&amp#27;[32m▒&amp#27;[0m&amp#27;[32m▒&amp#27;[0m&amp#27;[32m█&amp#27;[0m&amp#27;[32m░&amp#27;[0m&amp#27;[32m░&amp#27;[0m&amp#27;[32m▒&amp#27;[0m&amp#27;[32m▓&amp#27;[0m&amp#27;[32m▓&amp#27;[0m&amp#27;[32m▓&amp#27;[0m&amp#27;[32m▓&amp#27;[0m&amp#27;[32m░&amp#27;[0m&amp#27;[32m░&amp#27;[0m&amp#27;[32m░&amp#27;[0m&amp#27;[32m░&amp#27;[0m&amp#27;[32m▒&amp#27;[0m&amp#27;[32m░&amp#27;[0m&amp#27;[32m▒&amp#27;[0m&amp#27;[32m░&amp#27;[0m&amp#27;[32m░&amp#27;[0m&amp#27;[32m░&amp#27;[0m&amp#27;[32m░&amp#27;[0m&amp#27;[32m▒&amp#27;[0m&amp#27;[34m▓&amp#27;[0m&amp#27;[34m▓&amp#27;[0m&amp#27;[34m▓&amp#27;[0m&amp#27;[34m▓&amp#27;[0m&amp#27;[32m▒&amp#27;[0m&amp#27;[32m░&amp#27;[0m&amp#27;[34m▓&amp#27;[0m&amp#27;[34m▓&amp#27;[0m&amp#27;[32m▒&amp#27;[0m&amp#27;[32m░&amp#27;[0m&amp#27;[32m░&amp#27;[0m&amp#27;[32m░&amp#27;[0m&amp#27;[32m░&amp#27;[0m&amp#27;[32m▒&amp#27;[0m&amp#27;[32m░&amp#27;[0m&amp#27;[32m░&amp#27;[0m&amp#27;[32m░&amp#27;[0m&amp#27;[32m▒&amp#27;[0m&amp#27;[32m░&amp#27;[0m&amp#27;[32m░&amp#27;[0m&amp#27;[32m█&amp#27;[0m&amp#27;[32m░&amp#27;[0m&amp#27;[32m░&amp#27;[0m&amp#27;[32m░&amp#27;[0m&amp#27;[32m░&amp#27;[0m&amp#27;[32m░&amp#27;[0m&amp#27;[32m░&amp#27;[0m&amp#27;[32m░&amp#27;[0m&amp#27;[32m░&amp#27;[0m&amp#27;[32m░&amp#27;[0m&amp#27;[32m░&amp#27;[0m&amp#27;[32m▒&amp#27;[0m&amp#27;[33m▓&amp#27;[0m&amp#27;[33m▓&amp#27;[0m&amp#27;[33m▓&amp#27;[0m&amp#27;[32m▒&amp#27;[0m&amp#27;[34m▓&amp#27;[0m&amp#27;[32m░&amp#27;[0m&amp#27;[33m▓&amp#27;[0m&amp#27;[33m▓&amp#27;[0m&amp#27;[32m▒&amp#27;[0m&amp#27;[33m▓&amp#27;[0m&amp#27;[33m▓&amp#27;[0m&amp#27;[33m▓&amp#27;[0m&amp#27;[32m▒&amp#27;[0m&amp#27;[32m░&amp#27;[0m&amp#27;[32m▒&amp#27;[0m&amp#27;[32m░&amp#27;[0m&amp#27;[32m▓&amp#27;[0m&amp#27;[32m░&amp#27;[0m&amp#27;[32m░&amp#27;[0m&amp#27;[32m░&amp#27;[0m&amp#27;[32m▒&amp#27;[0m&amp#27;[32m▒&amp#27;[0m&amp#27;[32m▒&amp#27;[0m&amp#27;[32m▒&amp#27;[0m&amp#27;[32m▒&amp#27;[0m&amp#27;[32m▒&amp#27;[0m&amp#27;[32m▒&amp#27;[0m&amp#27;[32m▒&amp#27;[0m&amp#27;[32m▒&amp#27;[0m&amp#27;[32m▒&amp#27;[0m&amp#27;[32m▒&amp#27;[0m&amp#27;[32m▒&amp#27;[0m&amp#27;[32m▒&amp#27;[0m&amp#27;[32m▒&amp#27;[0m&amp#27;[32m░&amp#27;[0m&amp#27;[32m░&amp#27;[0m&amp#27;[34m▓&amp#27;[0m&amp#27;[34m▓&amp#27;[0m&amp#27;[34m▓&amp#27;[0m&amp#27;[34m▓&amp#27;[0m&amp#27;[32m▒&amp#27;[0m&amp#27;[34m▓&amp#27;[0m&amp#27;[34m▓&amp#27;[0m&amp#27;[34m▓&amp#27;[0m&amp#27;[32m█&amp#27;[0m&amp#27;[34m▓&amp#27;[0m&amp#27;[32m▓&amp#27;[0m&amp#27;[32m▓&amp#27;[0m&amp#27;[32m▓&amp#27;[0m&amp#27;[32m▓&amp#27;[0m&amp#27;[32m▓&amp#27;[0m&amp#27;[32m▒&amp#27;[0m&amp#27;[34m▓&amp#27;[0m&amp#27;[32m░&amp#27;[0m&amp#27;[34m▓&amp#27;[0m&amp#27;[34m▓&amp#27;[0m&amp#27;[34m▓&amp#27;[0m&amp#27;[34m▓&amp#27;[0m&amp#27;[34m▓&amp#27;[0m&amp#27;[34m▓&amp#27;[0m&amp#27;[32m▓&amp#27;[0m&amp#27;[32m▓&amp#27;[0m&amp#27;[32m▓&amp#27;[0m&amp#27;[32m▓&amp#27;[0m&amp#27;[32m▒&amp#27;[0m&amp#27;[32m▒&amp#27;[0m&amp#27;[32m▓&amp#27;[0m&amp#27;[32m▒&amp#27;[0m&amp#27;[32m▓&amp#27;[0m&amp#27;[34m▓&amp#27;[0m&amp#27;[34m▓&amp#27;[0m&amp#27;[33m▓&amp#27;[0m&amp#27;[33m▓&amp#27;[0m&amp#27;[33m▓&amp#27;[0m&amp#27;[33m▓&amp#27;[0m&amp#27;[33m▓&amp#27;[0m&amp#27;[34m▓&amp#27;[0m&amp#27;[34m▓&amp#27;[0m&amp#27;[34m▓&amp#27;[0m&amp#27;[32m█&amp#27;[0m&amp#27;[32m█&amp#27;[0m&amp#27;[32m█&amp#27;[0m&amp#27;[34m▓&amp#27;[0m&amp#27;[34m▓&amp#27;[0m&amp#27;[34m▓&amp#27;[0m&amp#27;[34m▓&amp#27;[0m&amp#27;[32m░&amp#27;[0m&amp#27;[32m▒&amp#27;[0m&amp#27;[32m░&amp#27;[0m&amp#27;[34m▓&amp#27;[0m&amp#27;[34m▓&amp#27;[0m&amp#27;[34m▓&amp#27;[0m&amp#27;[32m░&amp#27;[0m&amp#27;[34m▓&amp#27;[0m&amp#27;[34m▓&amp#27;[0m&amp#27;[32m░&amp#27;[0m&amp#27;[32m░&amp#27;[0m&amp#27;[32m░&amp#27;[0m&amp#27;[32m░&amp#27;[0m&amp#27;[32m░&amp#27;[0m&amp#27;[34m▓&amp#27;[0m&amp#27;[34m▓&amp#27;[0m&amp#27;[34m▓&amp#27;[0m&amp#27;[32m▒&amp#27;[0m&amp#27;[34m▓&amp#27;[0m&amp#27;[34m▓&amp#27;[0m&amp#27;[34m▓&amp#27;[0m&amp#27;[34m▓&amp#27;[0m&amp#27;[34m▓&amp#27;[0m&amp#27;[34m▓&amp#27;[0m&amp#27;[34m▓&amp#27;[0m&amp#27;[34m▓&amp#27;[0m&amp#27;[32m▒&amp#27;[0m&amp#27;[33m▓&amp#27;[0m&amp#27;[34m▓&amp#27;[0m&amp#27;[32m▒&amp#27;[0m&amp#27;[32m▓&amp#27;[0m&amp#27;[32m▓&amp#27;[0m&amp#27;[32m▓&amp#27;[0m&amp#27;[32m▓&amp#27;[0m&amp#27;[32m▓&amp#27;[0m&amp#27;[32m▓&amp#27;[0m&amp#27;[32m▓&amp#27;[0m&amp#27;[32m▓&amp#27;[0m&amp#27;[32m▓&amp#27;[0m&amp#27;[32m▓&amp#27;[0m&amp#27;[33m▓&amp#27;[0m&amp#27;[33m▓&amp#27;[0m&amp#27;[33m▓&amp#27;[0m&amp#27;[33m▓&amp#27;[0m&amp#27;[33m▓&amp#27;[0m&amp#27;[33m▓&amp#27;[0m&amp#27;[33m▓&amp#27;[0m&amp#27;[33m▓&amp#27;[0m&amp#27;[33m▓&amp#27;[0m&amp#27;[33m▓&amp#27;[0m&amp#27;[33m▓&amp#27;[0m&amp#27;[32m▓&amp#27;[0m&amp#27;[32m▓&amp#27;[0m&amp#27;[32m▓&amp#27;[0m&amp#27;[32m▓&amp#27;[0m&amp#27;[32m▓&amp#27;[0m&amp#27;[32m█&amp#27;[0m&amp#27;[32m█&amp#27;[0m&amp#27;[32m█&amp#27;[0m&amp#27;[32m█&amp#27;[0m&amp#27;[32m█&amp#27;[0m&amp#27;[32m█&amp#27;[0m&amp#27;[32m█&amp#27;[0m&amp#27;[32m█&amp#27;[0m&amp#27;[32m█&amp#27;[0m&amp#27;[32m█&amp#27;[0m&amp#27;[32m█&amp#27;[0m&amp#27;[32m█&amp#27;[0m&amp#27;[32m█&amp#27;[0m&amp#27;[32m█&amp#27;[0m
&amp#27;[32m▓&amp#27;[0m&amp#27;[32m▓&amp#27;[0m&amp#27;[32m▓&amp#27;[0m&amp#27;[32m▓&amp#27;[0m&amp#27;[32m▓&amp#27;[0m&amp#27;[33m▓&amp#27;[0m&amp#27;[32m▓&amp#27;[0m&amp#27;[32m▓&amp#27;[0m&amp#27;[33m▓&amp#27;[0m&amp#27;[33m▓&amp#27;[0m&amp#27;[33m▓&amp#27;[0m&amp#27;[33m▓&amp#27;[0m&amp#27;[33m▓&amp#27;[0m&amp#27;[34m▓&amp#27;[0m&amp#27;[34m▓&amp#27;[0m&amp#27;[33m▓&amp#27;[0m&amp#27;[34m▓&amp#27;[0m&amp#27;[34m▓&amp#27;[0m&amp#27;[32m▓&amp#27;[0m&amp#27;[32m░&amp#27;[0m&amp#27;[32m░&amp#27;[0m&amp#27;[32m░&amp#27;[0m&amp#27;[32m░&amp#27;[0m&amp#27;[33m▓&amp#27;[0m&amp#27;[32m░&amp#27;[0m&amp#27;[34m▓&amp#27;[0m&amp#27;[34m▓&amp#27;[0m&amp#27;[34m▓&amp#27;[0m&amp#27;[33m▓&amp#27;[0m&amp#27;[34m▓&amp#27;[0m&amp#27;[33m▓&amp#27;[0m&amp#27;[33m▓&amp#27;[0m&amp#27;[32m░&amp#27;[0m&amp#27;[33m▓&amp#27;[0m&amp#27;[32m░&amp#27;[0m&amp#27;[32m░&amp#27;[0m&amp#27;[32m░&amp#27;[0m&amp#27;[33m▓&amp#27;[0m&amp#27;[33m▓&amp#27;[0m&amp#27;[32m░&amp#27;[0m&amp#27;[33m▓&amp#27;[0m&amp#27;[32m░&amp#27;[0m&amp#27;[32m░&amp#27;[0m&amp#27;[32m░&amp#27;[0m&amp#27;[32m░&amp#27;[0m&amp#27;[32m█&amp#27;[0m&amp#27;[32m░&amp#27;[0m&amp#27;[32m░&amp#27;[0m&amp#27;[32m░&amp#27;[0m&amp#27;[34m▓&amp#27;[0m&amp#27;[34m▓&amp#27;[0m&amp#27;[34m▓&amp#27;[0m&amp#27;[34m▓&amp#27;[0m&amp#27;[32m█&amp#27;[0m&amp#27;[32m█&amp#27;[0m&amp#27;[32m█&amp#27;[0m&amp#27;[32m█&amp#27;[0m&amp#27;[32m█&amp#27;[0m&amp#27;[32m█&amp#27;[0m&amp#27;[32m▒&amp#27;[0m&amp#27;[32m▒&amp#27;[0m&amp#27;[32m█&amp#27;[0m&amp#27;[32m█&amp#27;[0m&amp#27;[32m█&amp#27;[0m&amp#27;[32m█&amp#27;[0m&amp#27;[32m█&amp#27;[0m&amp#27;[32m▒&amp#27;[0m&amp#27;[32m█&amp#27;[0m&amp#27;[32m█&amp#27;[0m&amp#27;[32m█&amp#27;[0m&amp#27;[32m█&amp#27;[0m&amp#27;[32m▒&amp#27;[0m&amp#27;[32m█&amp#27;[0m&amp#27;[32m█&amp#27;[0m&amp#27;[32m▓&amp#27;[0m&amp#27;[32m▓&amp#27;[0m&amp#27;[32m▓&amp#27;[0m&amp#27;[32m▓&amp#27;[0m&amp#27;[32m▓&amp#27;[0m&amp#27;[32m▓&amp#27;[0m&amp#27;[32m▓&amp#27;[0m&amp#27;[32m▓&amp#27;[0m&amp#27;[32m█&amp#27;[0m&amp#27;[32m▓&amp#27;[0m&amp#27;[32m▓&amp#27;[0m&amp#27;[32m▓&amp#27;[0m&amp#27;[32m█&amp#27;[0m&amp#27;[33m▓&amp#27;[0m&amp#27;[32m█&amp#27;[0m&amp#27;[32m█&amp#27;[0m&amp#27;[32m█&amp#27;[0m&amp#27;[32m█&amp#27;[0m&amp#27;[32m█&amp#27;[0m&amp#27;[32m░&amp#27;[0m&amp#27;[32m░&amp#27;[0m&amp#27;[32m░&amp#27;[0m&amp#27;[32m▓&amp#27;[0m&amp#27;[32m▓&amp#27;[0m&amp#27;[32m▓&amp#27;[0m&amp#27;[32m▒&amp#27;[0m&amp#27;[32m▒&amp#27;[0m&amp#27;[32m▒&amp#27;[0m&amp#27;[32m░&amp#27;[0m&amp#27;[32m░&amp#27;[0m&amp#27;[32m░&amp#27;[0m&amp#27;[32m░&amp#27;[0m&amp#27;[32m▒&amp#27;[0m&amp#27;[32m░&amp#27;[0m&amp#27;[33m▓&amp#27;[0m&amp#27;[32m░&amp#27;[0m&amp#27;[32m░&amp#27;[0m&amp#27;[34m▓&amp#27;[0m&amp#27;[34m▓&amp#27;[0m&amp#27;[34m▓&amp#27;[0m&amp#27;[34m▓&amp#27;[0m&amp#27;[34m▓&amp#27;[0m&amp#27;[32m▒&amp#27;[0m&amp#27;[34m▓&amp#27;[0m&amp#27;[34m▓&amp#27;[0m&amp#27;[32m█&amp#27;[0m&amp#27;[32m░&amp#27;[0m&amp#27;[32m░&amp#27;[0m&amp#27;[32m▒&amp#27;[0m&amp#27;[32m░&amp#27;[0m&amp#27;[32m░&amp#27;[0m&amp#27;[32m░&amp#27;[0m&amp#27;[32m░&amp#27;[0m&amp#27;[32m▒&amp#27;[0m&amp#27;[32m░&amp#27;[0m&amp#27;[32m░&amp#27;[0m&amp#27;[32m░&amp#27;[0m&amp#27;[32m█&amp#27;[0m&amp#27;[32m█&amp#27;[0m&amp#27;[32m█&amp#27;[0m&amp#27;[32m░&amp#27;[0m&amp#27;[32m░&amp#27;[0m&amp#27;[32m░&amp#27;[0m&amp#27;[32m░&amp#27;[0m&amp#27;[32m░&amp#27;[0m&amp#27;[32m▓&amp#27;[0m&amp#27;[32m░&amp#27;[0m&amp#27;[32m░&amp#27;[0m&amp#27;[32m░&amp#27;[0m&amp#27;[32m░&amp#27;[0m&amp#27;[32m▓&amp#27;[0m&amp#27;[33m▓&amp#27;[0m&amp#27;[33m▓&amp#27;[0m&amp#27;[33m▓&amp#27;[0m&amp#27;[33m▓&amp#27;[0m&amp#27;[33m▓&amp#27;[0m&amp#27;[33m▓&amp#27;[0m&amp#27;[33m▓&amp#27;[0m&amp#27;[33m▓&amp#27;[0m&amp#27;[33m▓&amp#27;[0m&amp#27;[33m▓&amp#27;[0m&amp#27;[33m▓&amp#27;[0m&amp#27;[33m▓&amp#27;[0m&amp#27;[32m░&amp#27;[0m&amp#27;[32m░&amp#27;[0m&amp#27;[32m░&amp#27;[0m&amp#27;[32m░&amp#27;[0m&amp#27;[32m▒&amp#27;[0m&amp#27;[32m░&amp#27;[0m&amp#27;[32m░&amp#27;[0m&amp#27;[32m▒&amp#27;[0m&amp#27;[32m▒&amp#27;[0m&amp#27;[32m▒&amp#27;[0m&amp#27;[32m▒&amp#27;[0m&amp#27;[32m▒&amp#27;[0m&amp#27;[32m▒&amp#27;[0m&amp#27;[32m▒&amp#27;[0m&amp#27;[32m▒&amp#27;[0m&amp#27;[32m▒&amp#27;[0m&amp#27;[32m▒&amp#27;[0m&amp#27;[32m▒&amp#27;[0m&amp#27;[32m▒&amp#27;[0m&amp#27;[32m▒&amp#27;[0m&amp#27;[32m▒&amp#27;[0m&amp#27;[32m▒&amp#27;[0m&amp#27;[34m▓&amp#27;[0m&amp#27;[34m▓&amp#27;[0m&amp#27;[34m▓&amp#27;[0m&amp#27;[34m▓&amp#27;[0m&amp#27;[34m▓&amp#27;[0m&amp#27;[32m▓&amp#27;[0m&amp#27;[32m▓&amp#27;[0m&amp#27;[32m▓&amp#27;[0m&amp#27;[32m▒&amp#27;[0m&amp#27;[34m▓&amp#27;[0m&amp#27;[34m▓&amp#27;[0m&amp#27;[34m▓&amp#27;[0m&amp#27;[34m▓&amp#27;[0m&amp#27;[32m▒&amp#27;[0m&amp#27;[32m░&amp#27;[0m&amp#27;[34m▓&amp#27;[0m&amp#27;[34m▓&amp#27;[0m&amp#27;[34m▓&amp#27;[0m&amp#27;[32m▒&amp#27;[0m&amp#27;[34m▓&amp#27;[0m&amp#27;[34m▓&amp#27;[0m&amp#27;[34m▓&amp#27;[0m&amp#27;[34m▓&amp#27;[0m&amp#27;[34m▓&amp#27;[0m&amp#27;[34m▓&amp#27;[0m&amp#27;[32m▓&amp#27;[0m&amp#27;[32m▓&amp#27;[0m&amp#27;[32m▒&amp#27;[0m&amp#27;[32m▓&amp#27;[0m&amp#27;[32m▓&amp#27;[0m&amp#27;[32m▓&amp#27;[0m&amp#27;[32m▓&amp#27;[0m&amp#27;[32m▓&amp#27;[0m&amp#27;[32m▓&amp#27;[0m&amp#27;[34m▓&amp#27;[0m&amp#27;[34m▓&amp#27;[0m&amp#27;[32m▒&amp#27;[0m&amp#27;[32m▒&amp#27;[0m&amp#27;[32m▒&amp#27;[0m&amp#27;[33m▓&amp#27;[0m&amp#27;[34m▓&amp#27;[0m&amp#27;[34m▓&amp#27;[0m&amp#27;[34m▓&amp#27;[0m&amp#27;[34m▓&amp#27;[0m&amp#27;[32m░&amp#27;[0m&amp#27;[32m█&amp#27;[0m&amp#27;[34m▓&amp#27;[0m&amp#27;[34m▓&amp#27;[0m&amp#27;[34m▓&amp#27;[0m&amp#27;[34m▓&amp#27;[0m&amp#27;[34m▓&amp#27;[0m&amp#27;[32m░&amp#27;[0m&amp#27;[32m░&amp#27;[0m&amp#27;[32m░&amp#27;[0m&amp#27;[34m▓&amp#27;[0m&amp#27;[32m▒&amp#27;[0m&amp#27;[34m▓&amp#27;[0m&amp#27;[34m▓&amp#27;[0m&amp#27;[34m▓&amp#27;[0m&amp#27;[34m▓&amp#27;[0m&amp#27;[34m▓&amp#27;[0m&amp#27;[34m▓&amp#27;[0m&amp#27;[34m▓&amp#27;[0m&amp#27;[34m▓&amp#27;[0m&amp#27;[34m▓&amp#27;[0m&amp#27;[34m▓&amp#27;[0m&amp#27;[34m▓&amp#27;[0m&amp#27;[34m▓&amp#27;[0m&amp#27;[34m▓&amp#27;[0m&amp#27;[34m▓&amp#27;[0m&amp#27;[34m▓&amp#27;[0m&amp#27;[34m▓&amp#27;[0m&amp#27;[34m▓&amp#27;[0m&amp#27;[34m▓&amp#27;[0m&amp#27;[34m▓&amp#27;[0m&amp#27;[32m█&amp#27;[0m&amp#27;[34m▓&amp#27;[0m&amp#27;[34m▓&amp#27;[0m&amp#27;[34m▓&amp#27;[0m&amp#27;[32m▓&amp#27;[0m&amp#27;[32m▓&amp#27;[0m&amp#27;[32m▓&amp#27;[0m&amp#27;[32m▓&amp#27;[0m&amp#27;[32m▓&amp#27;[0m&amp#27;[32m▓&amp#27;[0m&amp#27;[32m▓&amp#27;[0m&amp#27;[32m▓&amp#27;[0m&amp#27;[32m▓&amp#27;[0m&amp#27;[32m▓&amp#27;[0m&amp#27;[32m▓&amp#27;[0m&amp#27;[32m▓&amp#27;[0m&amp#27;[32m▒&amp#27;[0m&amp#27;[33m▓&amp#27;[0m&amp#27;[32m▒&amp#27;[0m&amp#27;[33m▓&amp#27;[0m&amp#27;[33m▓&amp#27;[0m&amp#27;[33m▓&amp#27;[0m&amp#27;[33m▓&amp#27;[0m&amp#27;[33m▓&amp#27;[0m&amp#27;[33m▓&amp#27;[0m&amp#27;[33m▓&amp#27;[0m&amp#27;[33m▓&amp#27;[0m&amp#27;[32m▓&amp#27;[0m&amp#27;[32m▓&amp#27;[0m&amp#27;[32m▓&amp#27;[0m&amp#27;[32m▓&amp#27;[0m&amp#27;[32m█&amp#27;[0m&amp#27;[32m█&amp#27;[0m&amp#27;[32m█&amp#27;[0m&amp#27;[32m█&amp#27;[0m&amp#27;[32m▒&amp#27;[0m&amp#27;[32m█&amp#27;[0m&amp#27;[32m█&amp#27;[0m&amp#27;[32m█&amp#27;[0m&amp#27;[32m█&amp#27;[0m&amp#27;[32m█&amp#27;[0m&amp#27;[32m█&amp#27;[0m&amp#27;[32m█&amp#27;[0m&amp#27;[32m█&amp#27;[0m&amp#27;[32m█&amp#27;[0m&amp#27;[32m█&amp#27;[0m
&amp#27;[33m▓&amp#27;[0m&amp#27;[33m▓&amp#27;[0m&amp#27;[32m▓&amp#27;[0m&amp#27;[33m▓&amp#27;[0m&amp#27;[32m▓&amp#27;[0m&amp#27;[33m▓&amp#27;[0m&amp#27;[32m▓&amp#27;[0m&amp#27;[33m▓&amp#27;[0m&amp#27;[33m▓&amp#27;[0m&amp#27;[33m▓&amp#27;[0m&amp#27;[33m▓&amp#27;[0m&amp#27;[33m▓&amp#27;[0m&amp#27;[33m▓&amp#27;[0m&amp#27;[34m▓&amp#27;[0m&amp#27;[34m▓&amp#27;[0m&amp#27;[34m▓&amp#27;[0m&amp#27;[33m▓&amp#27;[0m&amp#27;[34m▓&amp#27;[0m&amp#27;[32m░&amp#27;[0m&amp#27;[32m░&amp#27;[0m&amp#27;[32m░&amp#27;[0m&amp#27;[32m█&amp#27;[0m&amp#27;[33m▓&amp#27;[0m&amp#27;[32m░&amp#27;[0m&amp#27;[33m▓&amp#27;[0m&amp#27;[33m▓&amp#27;[0m&amp#27;[33m▓&amp#27;[0m&amp#27;[32m█&amp#27;[0m&amp#27;[34m▓&amp#27;[0m&amp#27;[32m░&amp#27;[0m&amp#27;[32m░&amp#27;[0m&amp#27;[32m░&amp#27;[0m&amp#27;[32m░&amp#27;[0m&amp#27;[33m▓&amp#27;[0m&amp#27;[32m░&amp#27;[0m&amp#27;[33m▓&amp#27;[0m&amp#27;[32m░&amp#27;[0m&amp#27;[32m░&amp#27;[0m&amp#27;[32m░&amp#27;[0m&amp#27;[32m░&amp#27;[0m&amp#27;[32m░&amp#27;[0m&amp#27;[32m░&amp#27;[0m&amp#27;[32m░&amp#27;[0m&amp#27;[34m▓&amp#27;[0m&amp#27;[34m▓&amp#27;[0m&amp#27;[34m▓&amp#27;[0m&amp#27;[34m▓&amp#27;[0m&amp#27;[34m▓&amp#27;[0m&amp#27;[32m▓&amp#27;[0m&amp#27;[33m▓&amp#27;[0m&amp#27;[34m▓&amp#27;[0m&amp#27;[34m▓&amp#27;[0m&amp#27;[34m▓&amp#27;[0m&amp#27;[32m█&amp#27;[0m&amp#27;[32m▒&amp#27;[0m&amp#27;[32m█&amp#27;[0m&amp#27;[32m█&amp#27;[0m&amp#27;[32m█&amp#27;[0m&amp#27;[32m▒&amp#27;[0m&amp#27;[32m█&amp#27;[0m&amp#27;[32m█&amp#27;[0m&amp#27;[32m█&amp#27;[0m&amp#27;[32m█&amp#27;[0m&amp#27;[32m█&amp#27;[0m&amp#27;[32m█&amp#27;[0m&amp#27;[32m█&amp#27;[0m&amp#27;[32m█&amp#27;[0m&amp#27;[32m▒&amp#27;[0m&amp#27;[32m▒&amp#27;[0m&amp#27;[32m▒&amp#27;[0m&amp#27;[32m█&amp#27;[0m&amp#27;[32m█&amp#27;[0m&amp#27;[32m█&amp#27;[0m&amp#27;[32m█&amp#27;[0m&amp#27;[32m▓&amp#27;[0m&amp#27;[32m▓&amp#27;[0m&amp#27;[32m▓&amp#27;[0m&amp#27;[32m▒&amp#27;[0m&amp#27;[32m▓&amp#27;[0m&amp#27;[32m▓&amp#27;[0m&amp#27;[32m▓&amp#27;[0m&amp#27;[32m▓&amp#27;[0m&amp#27;[32m▒&amp#27;[0m&amp#27;[32m▒&amp#27;[0m&amp#27;[32m▒&amp#27;[0m&amp#27;[32m▓&amp#27;[0m&amp#27;[32m█&amp#27;[0m&amp#27;[32m█&amp#27;[0m&amp#27;[32m█&amp#27;[0m&amp#27;[32m█&amp#27;[0m&amp#27;[32m▒&amp#27;[0m&amp#27;[32m█&amp#27;[0m&amp#27;[32m█&amp#27;[0m&amp#27;[32m░&amp#27;[0m&amp#27;[32m▒&amp#27;[0m&amp#27;[32m▒&amp#27;[0m&amp#27;[32m▒&amp#27;[0m&amp#27;[32m░&amp#27;[0m&amp#27;[32m█&amp#27;[0m&amp#27;[32m█&amp#27;[0m&amp#27;[32m█&amp#27;[0m&amp#27;[32m▒&amp#27;[0m&amp#27;[32m░&amp#27;[0m&amp#27;[32m▒&amp#27;[0m&amp#27;[32m░&amp#27;[0m&amp#27;[32m░&amp#27;[0m&amp#27;[32m░&amp#27;[0m&amp#27;[32m░&amp#27;[0m&amp#27;[32m░&amp#27;[0m&amp#27;[32m░&amp#27;[0m&amp#27;[34m▓&amp#27;[0m&amp#27;[32m▒&amp#27;[0m&amp#27;[32m▒&amp#27;[0m&amp#27;[34m▓&amp#27;[0m&amp#27;[34m▓&amp#27;[0m&amp#27;[34m▓&amp#27;[0m&amp#27;[32m▓&amp#27;[0m&amp#27;[33m▓&amp#27;[0m&amp#27;[34m▓&amp#27;[0m&amp#27;[32m█&amp#27;[0m&amp#27;[32m░&amp#27;[0m&amp#27;[32m░&amp#27;[0m&amp#27;[32m░&amp#27;[0m&amp#27;[33m▓&amp#27;[0m&amp#27;[32m▓&amp#27;[0m&amp#27;[32m▓&amp#27;[0m&amp#27;[32m░&amp#27;[0m&amp#27;[32m░&amp#27;[0m&amp#27;[32m░&amp#27;[0m&amp#27;[32m█&amp#27;[0m&amp#27;[32m░&amp#27;[0m&amp#27;[32m▒&amp#27;[0m&amp#27;[32m█&amp#27;[0m&amp#27;[32m░&amp#27;[0m&amp#27;[32m░&amp#27;[0m&amp#27;[32m▒&amp#27;[0m&amp#27;[32m░&amp#27;[0m&amp#27;[32m▒&amp#27;[0m&amp#27;[32m█&amp#27;[0m&amp#27;[32m▒&amp#27;[0m&amp#27;[32m░&amp#27;[0m&amp#27;[32m░&amp#27;[0m&amp#27;[32m░&amp#27;[0m&amp#27;[32m▓&amp#27;[0m&amp#27;[32m░&amp#27;[0m&amp#27;[32m░&amp#27;[0m&amp#27;[32m░&amp#27;[0m&amp#27;[34m▓&amp#27;[0m&amp#27;[33m▓&amp#27;[0m&amp#27;[32m▒&amp#27;[0m&amp#27;[33m▓&amp#27;[0m&amp#27;[33m▓&amp#27;[0m&amp#27;[33m▓&amp#27;[0m&amp#27;[33m▓&amp#27;[0m&amp#27;[33m▓&amp#27;[0m&amp#27;[33m▓&amp#27;[0m&amp#27;[33m▓&amp#27;[0m&amp#27;[32m▒&amp#27;[0m&amp#27;[32m█&amp#27;[0m&amp#27;[32m░&amp#27;[0m&amp#27;[32m░&amp#27;[0m&amp#27;[32m░&amp#27;[0m&amp#27;[32m░&amp#27;[0m&amp#27;[32m▒&amp#27;[0m&amp#27;[32m▒&amp#27;[0m&amp#27;[32m▒&amp#27;[0m&amp#27;[32m▒&amp#27;[0m&amp#27;[32m▒&amp#27;[0m&amp#27;[32m▒&amp#27;[0m&amp#27;[32m▒&amp#27;[0m&amp#27;[32m▒&amp#27;[0m&amp#27;[32m▒&amp#27;[0m&amp#27;[32m▒&amp#27;[0m&amp#27;[32m▒&amp#27;[0m&amp#27;[32m▒&amp#27;[0m&amp#27;[32m▒&amp#27;[0m&amp#27;[32m▒&amp#27;[0m&amp#27;[32m▒&amp#27;[0m&amp#27;[32m▒&amp#27;[0m&amp#27;[34m▓&amp#27;[0m&amp#27;[32m▒&amp#27;[0m&amp#27;[34m▓&amp#27;[0m&amp#27;[34m▓&amp#27;[0m&amp#27;[32m▒&amp#27;[0m&amp#27;[32m▓&amp#27;[0m&amp#27;[32m▓&amp#27;[0m&amp#27;[32m▓&amp#27;[0m&amp#27;[32m▓&amp#27;[0m&amp#27;[34m▓&amp#27;[0m&amp#27;[32m▒&amp#27;[0m&amp#27;[34m▓&amp#27;[0m&amp#27;[34m▓&amp#27;[0m&amp#27;[32m▒&amp#27;[0m&amp#27;[34m▓&amp#27;[0m&amp#27;[34m▓&amp#27;[0m&amp#27;[34m▓&amp#27;[0m&amp#27;[34m▓&amp#27;[0m&amp#27;[32m▒&amp#27;[0m&amp#27;[34m▓&amp#27;[0m&amp#27;[32m▓&amp#27;[0m&amp#27;[34m▓&amp#27;[0m&amp#27;[34m▓&amp#27;[0m&amp#27;[32m▒&amp#27;[0m&amp#27;[32m▒&amp#27;[0m&amp#27;[34m▓&amp#27;[0m&amp#27;[32m█&amp#27;[0m&amp#27;[33m▓&amp#27;[0m&amp#27;[32m▓&amp#27;[0m&amp#27;[32m▒&amp#27;[0m&amp#27;[32m▓&amp#27;[0m&amp#27;[32m▓&amp#27;[0m&amp#27;[32m▓&amp#27;[0m&amp#27;[34m▓&amp#27;[0m&amp#27;[34m▓&amp#27;[0m&amp#27;[34m▓&amp#27;[0m&amp#27;[34m▓&amp#27;[0m&amp#27;[34m▓&amp#27;[0m&amp#27;[34m▓&amp#27;[0m&amp#27;[34m▓&amp#27;[0m&amp#27;[34m▓&amp#27;[0m&amp#27;[34m▓&amp#27;[0m&amp#27;[34m▓&amp#27;[0m&amp#27;[32m░&amp#27;[0m&amp#27;[32m░&amp#27;[0m&amp#27;[32m░&amp#27;[0m&amp#27;[32m░&amp#27;[0m&amp#27;[34m▓&amp#27;[0m&amp#27;[34m▓&amp#27;[0m&amp#27;[34m▓&amp#27;[0m&amp#27;[34m▓&amp#27;[0m&amp#27;[32m░&amp#27;[0m&amp#27;[32m░&amp#27;[0m&amp#27;[33m▓&amp#27;[0m&amp#27;[34m▓&amp#27;[0m&amp#27;[34m▓&amp#27;[0m&amp#27;[34m▓&amp#27;[0m&amp#27;[34m▓&amp#27;[0m&amp#27;[34m▓&amp#27;[0m&amp#27;[34m▓&amp#27;[0m&amp#27;[32m░&amp#27;[0m&amp#27;[34m▓&amp#27;[0m&amp#27;[34m▓&amp#27;[0m&amp#27;[32m░&amp#27;[0m&amp#27;[32m█&amp#27;[0m&amp#27;[34m▓&amp#27;[0m&amp#27;[34m▓&amp#27;[0m&amp#27;[34m▓&amp#27;[0m&amp#27;[34m▓&amp#27;[0m&amp#27;[34m▓&amp#27;[0m&amp#27;[34m▓&amp#27;[0m&amp#27;[34m▓&amp#27;[0m&amp#27;[34m▓&amp#27;[0m&amp#27;[34m▓&amp#27;[0m&amp#27;[32m█&amp#27;[0m&amp#27;[32m█&amp#27;[0m&amp#27;[32m█&amp#27;[0m&amp#27;[34m▓&amp#27;[0m&amp#27;[32m▓&amp#27;[0m&amp#27;[32m▓&amp#27;[0m&amp#27;[32m▓&amp#27;[0m&amp#27;[32m▓&amp#27;[0m&amp#27;[32m▓&amp#27;[0m&amp#27;[32m▓&amp#27;[0m&amp#27;[32m▓&amp#27;[0m&amp#27;[32m▓&amp#27;[0m&amp#27;[32m▓&amp#27;[0m&amp#27;[32m▓&amp#27;[0m&amp#27;[33m▓&amp#27;[0m&amp#27;[33m▓&amp#27;[0m&amp#27;[33m▓&amp#27;[0m&amp#27;[32m▓&amp#27;[0m&amp#27;[32m▓&amp#27;[0m&amp#27;[33m▓&amp#27;[0m&amp#27;[33m▓&amp#27;[0m&amp#27;[33m▓&amp#27;[0m&amp#27;[33m▓&amp#27;[0m&amp#27;[33m▓&amp#27;[0m&amp#27;[33m▓&amp#27;[0m&amp#27;[33m▓&amp#27;[0m&amp#27;[33m▓&amp#27;[0m&amp#27;[33m▓&amp#27;[0m&amp#27;[33m▓&amp#27;[0m&amp#27;[32m▓&amp#27;[0m&amp#27;[32m▓&amp#27;[0m&amp#27;[32m▓&amp#27;[0m&amp#27;[32m█&amp#27;[0m&amp#27;[32m█&amp#27;[0m&amp#27;[32m█&amp#27;[0m&amp#27;[32m█&amp#27;[0m&amp#27;[32m█&amp#27;[0m&amp#27;[32m█&amp#27;[0m&amp#27;[32m█&amp#27;[0m&amp#27;[32m█&amp#27;[0m&amp#27;[32m█&amp#27;[0m&amp#27;[32m█&amp#27;[0m&amp#27;[32m█&amp#27;[0m&amp#27;[32m█&amp#27;[0m&amp#27;[32m█&amp#27;[0m&amp#27;[32m█&amp#27;[0m&amp#27;[32m█&amp#27;[0m
&amp#27;[32m▓&amp#27;[0m&amp#27;[33m▓&amp#27;[0m&amp#27;[33m▓&amp#27;[0m&amp#27;[32m▓&amp#27;[0m&amp#27;[33m▓&amp#27;[0m&amp#27;[33m▓&amp#27;[0m&amp#27;[32m▓&amp#27;[0m&amp#27;[33m▓&amp#27;[0m&amp#27;[33m▓&amp#27;[0m&amp#27;[33m▓&amp#27;[0m&amp#27;[33m▓&amp#27;[0m&amp#27;[33m▓&amp#27;[0m&amp#27;[33m▓&amp#27;[0m&amp#27;[34m▓&amp#27;[0m&amp#27;[33m▓&amp#27;[0m&amp#27;[34m▓&amp#27;[0m&amp#27;[33m▓&amp#27;[0m&amp#27;[34m▓&amp#27;[0m&amp#27;[33m▓&amp#27;[0m&amp#27;[32m░&amp#27;[0m&amp#27;[33m▓&amp#27;[0m&amp#27;[32m░&amp#27;[0m&amp#27;[33m▓&amp#27;[0m&amp#27;[33m▓&amp#27;[0m&amp#27;[33m▓&amp#27;[0m&amp#27;[33m▓&amp#27;[0m&amp#27;[33m▓&amp#27;[0m&amp#27;[33m▓&amp#27;[0m&amp#27;[32m░&amp#27;[0m&amp#27;[32m░&amp#27;[0m&amp#27;[32m░&amp#27;[0m&amp#27;[32m░&amp#27;[0m&amp#27;[32m░&amp#27;[0m&amp#27;[32m░&amp#27;[0m&amp#27;[32m░&amp#27;[0m&amp#27;[32m░&amp#27;[0m&amp#27;[32m░&amp#27;[0m&amp#27;[33m▓&amp#27;[0m&amp#27;[32m░&amp#27;[0m&amp#27;[33m▓&amp#27;[0m&amp#27;[32m░&amp#27;[0m&amp#27;[33m▓&amp#27;[0m&amp#27;[32m░&amp#27;[0m&amp#27;[33m▓&amp#27;[0m&amp#27;[34m▓&amp#27;[0m&amp#27;[33m▓&amp#27;[0m&amp#27;[33m▓&amp#27;[0m&amp#27;[33m▓&amp#27;[0m&amp#27;[34m▓&amp#27;[0m&amp#27;[34m▓&amp#27;[0m&amp#27;[33m▓&amp#27;[0m&amp#27;[32m▒&amp#27;[0m&amp#27;[32m▒&amp#27;[0m&amp#27;[32m█&amp#27;[0m&amp#27;[32m█&amp#27;[0m&amp#27;[32m█&amp#27;[0m&amp#27;[32m▒&amp#27;[0m&amp#27;[32m█&amp#27;[0m&amp#27;[32m█&amp#27;[0m&amp#27;[32m▒&amp#27;[0m&amp#27;[32m█&amp#27;[0m&amp#27;[32m█&amp#27;[0m&amp#27;[32m█&amp#27;[0m&amp#27;[32m█&amp#27;[0m&amp#27;[32m█&amp#27;[0m&amp#27;[32m▒&amp#27;[0m&amp#27;[32m█&amp#27;[0m&amp#27;[32m█&amp#27;[0m&amp#27;[32m█&amp#27;[0m&amp#27;[32m█&amp#27;[0m&amp#27;[32m▒&amp#27;[0m&amp#27;[32m█&amp#27;[0m&amp#27;[32m█&amp#27;[0m&amp#27;[32m▒&amp#27;[0m&amp#27;[32m▒&amp#27;[0m&amp#27;[32m▒&amp#27;[0m&amp#27;[32m▓&amp#27;[0m&amp#27;[32m▓&amp#27;[0m&amp#27;[32m▒&amp#27;[0m&amp#27;[32m▒&amp#27;[0m&amp#27;[32m▓&amp#27;[0m&amp#27;[32m▓&amp#27;[0m&amp#27;[32m▓&amp#27;[0m&amp#27;[32m▓&amp#27;[0m&amp#27;[32m▒&amp#27;[0m&amp#27;[32m▓&amp#27;[0m&amp#27;[32m█&amp#27;[0m&amp#27;[32m█&amp#27;[0m&amp#27;[32m█&amp#27;[0m&amp#27;[32m█&amp#27;[0m&amp#27;[32m▒&amp#27;[0m&amp#27;[32m▒&amp#27;[0m&amp#27;[32m█&amp#27;[0m&amp#27;[32m░&amp#27;[0m&amp#27;[32m░&amp#27;[0m&amp#27;[32m░&amp#27;[0m&amp#27;[32m▒&amp#27;[0m&amp#27;[32m█&amp#27;[0m&amp#27;[32m█&amp#27;[0m&amp#27;[32m█&amp#27;[0m&amp#27;[32m█&amp#27;[0m&amp#27;[32m█&amp#27;[0m&amp#27;[32m░&amp#27;[0m&amp#27;[32m░&amp#27;[0m&amp#27;[32m░&amp#27;[0m&amp#27;[32m░&amp#27;[0m&amp#27;[32m░&amp#27;[0m&amp#27;[32m▒&amp#27;[0m&amp#27;[33m▓&amp#27;[0m&amp#27;[32m▒&amp#27;[0m&amp#27;[34m▓&amp#27;[0m&amp#27;[34m▓&amp#27;[0m&amp#27;[32m▒&amp#27;[0m&amp#27;[34m▓&amp#27;[0m&amp#27;[34m▓&amp#27;[0m&amp#27;[34m▓&amp#27;[0m&amp#27;[34m▓&amp#27;[0m&amp#27;[34m▓&amp#27;[0m&amp#27;[32m░&amp#27;[0m&amp#27;[32m░&amp#27;[0m&amp#27;[32m░&amp#27;[0m&amp#27;[32m▒&amp#27;[0m&amp#27;[32m░&amp#27;[0m&amp#27;[32m▒&amp#27;[0m&amp#27;[32m░&amp#27;[0m&amp#27;[32m░&amp#27;[0m&amp#27;[32m░&amp#27;[0m&amp#27;[32m▒&amp#27;[0m&amp#27;[32m░&amp#27;[0m&amp#27;[32m░&amp#27;[0m&amp#27;[32m░&amp#27;[0m&amp#27;[32m░&amp#27;[0m&amp#27;[32m░&amp#27;[0m&amp#27;[32m░&amp#27;[0m&amp#27;[32m░&amp#27;[0m&amp#27;[32m░&amp#27;[0m&amp#27;[32m░&amp#27;[0m&amp#27;[32m█&amp#27;[0m&amp#27;[32m░&amp#27;[0m&amp#27;[32m█&amp#27;[0m&amp#27;[32m░&amp#27;[0m&amp#27;[32m█&amp#27;[0m&amp#27;[32m█&amp#27;[0m&amp#27;[32m▒&amp#27;[0m&amp#27;[32m░&amp#27;[0m&amp#27;[32m░&amp#27;[0m&amp#27;[32m░&amp#27;[0m&amp#27;[33m▓&amp#27;[0m&amp#27;[33m▓&amp#27;[0m&amp#27;[33m▓&amp#27;[0m&amp#27;[32m▒&amp#27;[0m&amp#27;[32m▒&amp#27;[0m&amp#27;[33m▓&amp#27;[0m&amp#27;[33m▓&amp#27;[0m&amp#27;[33m▓&amp#27;[0m&amp#27;[33m▓&amp#27;[0m&amp#27;[33m▓&amp#27;[0m&amp#27;[33m▓&amp#27;[0m&amp#27;[32m▒&amp#27;[0m&amp#27;[32m░&amp#27;[0m&amp#27;[32m░&amp#27;[0m&amp#27;[32m░&amp#27;[0m&amp#27;[32m░&amp#27;[0m&amp#27;[32m▒&amp#27;[0m&amp#27;[32m▒&amp#27;[0m&amp#27;[32m▒&amp#27;[0m&amp#27;[32m▒&amp#27;[0m&amp#27;[32m▒&amp#27;[0m&amp#27;[32m▒&amp#27;[0m&amp#27;[32m▒&amp#27;[0m&amp#27;[32m▒&amp#27;[0m&amp#27;[32m▒&amp#27;[0m&amp#27;[32m▒&amp#27;[0m&amp#27;[32m▒&amp#27;[0m&amp#27;[32m▒&amp#27;[0m&amp#27;[32m▒&amp#27;[0m&amp#27;[32m▒&amp#27;[0m&amp#27;[32m▒&amp#27;[0m&amp#27;[32m▒&amp#27;[0m&amp#27;[34m▓&amp#27;[0m&amp#27;[34m▓&amp#27;[0m&amp#27;[34m▓&amp#27;[0m&amp#27;[34m▓&amp#27;[0m&amp#27;[32m▒&amp#27;[0m&amp#27;[32m▓&amp#27;[0m&amp#27;[32m▓&amp#27;[0m&amp#27;[32m▓&amp#27;[0m&amp#27;[34m▓&amp#27;[0m&amp#27;[34m▓&amp#27;[0m&amp#27;[34m▓&amp#27;[0m&amp#27;[34m▓&amp#27;[0m&amp#27;[32m░&amp#27;[0m&amp#27;[34m▓&amp#27;[0m&amp#27;[34m▓&amp#27;[0m&amp#27;[34m▓&amp#27;[0m&amp#27;[34m▓&amp#27;[0m&amp#27;[34m▓&amp#27;[0m&amp#27;[34m▓&amp#27;[0m&amp#27;[34m▓&amp#27;[0m&amp#27;[34m▓&amp#27;[0m&amp#27;[34m▓&amp#27;[0m&amp#27;[34m▓&amp#27;[0m&amp#27;[34m▓&amp#27;[0m&amp#27;[34m▓&amp#27;[0m&amp#27;[34m▓&amp#27;[0m&amp#27;[34m▓&amp#27;[0m&amp#27;[33m▓&amp#27;[0m&amp#27;[33m▓&amp#27;[0m&amp#27;[32m▓&amp#27;[0m&amp#27;[32m▓&amp#27;[0m&amp#27;[32m▓&amp#27;[0m&amp#27;[34m▓&amp#27;[0m&amp#27;[34m▓&amp#27;[0m&amp#27;[34m▓&amp#27;[0m&amp#27;[32m░&amp#27;[0m&amp#27;[32m░&amp#27;[0m&amp#27;[32m▒&amp#27;[0m&amp#27;[34m▓&amp#27;[0m&amp#27;[34m▓&amp#27;[0m&amp#27;[34m▓&amp#27;[0m&amp#27;[34m▓&amp#27;[0m&amp#27;[32m░&amp#27;[0m&amp#27;[32m░&amp#27;[0m&amp#27;[32m░&amp#27;[0m&amp#27;[32m░&amp#27;[0m&amp#27;[32m░&amp#27;[0m&amp#27;[34m▓&amp#27;[0m&amp#27;[34m▓&amp#27;[0m&amp#27;[34m▓&amp#27;[0m&amp#27;[34m▓&amp#27;[0m&amp#27;[34m▓&amp#27;[0m&amp#27;[34m▓&amp#27;[0m&amp#27;[34m▓&amp#27;[0m&amp#27;[34m▓&amp#27;[0m&amp#27;[33m▓&amp#27;[0m&amp#27;[33m▓&amp#27;[0m&amp#27;[32m░&amp#27;[0m&amp#27;[34m▓&amp#27;[0m&amp#27;[32m▒&amp#27;[0m&amp#27;[34m▓&amp#27;[0m&amp#27;[34m▓&amp#27;[0m&amp#27;[34m▓&amp#27;[0m&amp#27;[34m▓&amp#27;[0m&amp#27;[34m▓&amp#27;[0m&amp#27;[34m▓&amp#27;[0m&amp#27;[34m▓&amp#27;[0m&amp#27;[34m▓&amp#27;[0m&amp#27;[32m▒&amp#27;[0m&amp#27;[34m▓&amp#27;[0m&amp#27;[34m▓&amp#27;[0m&amp#27;[34m▓&amp#27;[0m&amp#27;[34m▓&amp#27;[0m&amp#27;[34m▓&amp#27;[0m&amp#27;[34m▓&amp#27;[0m&amp#27;[32m█&amp#27;[0m&amp#27;[34m▓&amp#27;[0m&amp#27;[32m▓&amp#27;[0m&amp#27;[32m▒&amp#27;[0m&amp#27;[32m▓&amp#27;[0m&amp#27;[32m▓&amp#27;[0m&amp#27;[32m▓&amp#27;[0m&amp#27;[32m▓&amp#27;[0m&amp#27;[32m▓&amp#27;[0m&amp#27;[32m▓&amp#27;[0m&amp#27;[32m▓&amp#27;[0m&amp#27;[32m▓&amp#27;[0m&amp#27;[32m▓&amp#27;[0m&amp#27;[33m▓&amp#27;[0m&amp#27;[33m▓&amp#27;[0m&amp#27;[33m▓&amp#27;[0m&amp#27;[32m▓&amp#27;[0m&amp#27;[33m▓&amp#27;[0m&amp#27;[33m▓&amp#27;[0m&amp#27;[33m▓&amp#27;[0m&amp#27;[33m▓&amp#27;[0m&amp#27;[33m▓&amp#27;[0m&amp#27;[33m▓&amp#27;[0m&amp#27;[33m▓&amp#27;[0m&amp#27;[33m▓&amp#27;[0m&amp#27;[33m▓&amp#27;[0m&amp#27;[33m▓&amp#27;[0m&amp#27;[32m▒&amp#27;[0m&amp#27;[32m▓&amp#27;[0m&amp#27;[32m▓&amp#27;[0m&amp#27;[33m▓&amp#27;[0m&amp#27;[32m█&amp#27;[0m&amp#27;[32m█&amp#27;[0m&amp#27;[32m█&amp#27;[0m&amp#27;[32m█&amp#27;[0m&amp#27;[32m█&amp#27;[0m&amp#27;[32m█&amp#27;[0m&amp#27;[32m█&amp#27;[0m&amp#27;[32m█&amp#27;[0m&amp#27;[32m█&amp#27;[0m&amp#27;[32m█&amp#27;[0m&amp#27;[32m█&amp#27;[0m&amp#27;[32m█&amp#27;[0m&amp#27;[32m█&amp#27;[0m&amp#27;[32m█&amp#27;[0m&amp#27;[32m█&amp#27;[0m
&amp#27;[32m▓&amp#27;[0m&amp#27;[32m▓&amp#27;[0m&amp#27;[32m▓&amp#27;[0m&amp#27;[33m▓&amp#27;[0m&amp#27;[32m▓&amp#27;[0m&amp#27;[32m▓&amp#27;[0m&amp#27;[32m▓&amp#27;[0m&amp#27;[32m▓&amp#27;[0m&amp#27;[33m▓&amp#27;[0m&amp#27;[33m▓&amp#27;[0m&amp#27;[33m▓&amp#27;[0m&amp#27;[33m▓&amp#27;[0m&amp#27;[33m▓&amp#27;[0m&amp#27;[33m▓&amp#27;[0m&amp#27;[34m▓&amp#27;[0m&amp#27;[34m▓&amp#27;[0m&amp#27;[33m▓&amp#27;[0m&amp#27;[34m▓&amp#27;[0m&amp#27;[33m▓&amp#27;[0m&amp#27;[34m▓&amp#27;[0m&amp#27;[32m▓&amp#27;[0m&amp#27;[32m░&amp#27;[0m&amp#27;[32m░&amp#27;[0m&amp#27;[34m▓&amp#27;[0m&amp#27;[33m▓&amp#27;[0m&amp#27;[33m▓&amp#27;[0m&amp#27;[33m▓&amp#27;[0m&amp#27;[34m▓&amp#27;[0m&amp#27;[32m░&amp#27;[0m&amp#27;[33m▓&amp#27;[0m&amp#27;[33m▓&amp#27;[0m&amp#27;[32m░&amp#27;[0m&amp#27;[33m▓&amp#27;[0m&amp#27;[32m░&amp#27;[0m&amp#27;[32m░&amp#27;[0m&amp#27;[32m░&amp#27;[0m&amp#27;[32m░&amp#27;[0m&amp#27;[32m░&amp#27;[0m&amp#27;[32m░&amp#27;[0m&amp#27;[33m▓&amp#27;[0m&amp#27;[32m▓&amp#27;[0m&amp#27;[33m▓&amp#27;[0m&amp#27;[34m▓&amp#27;[0m&amp#27;[33m▓&amp#27;[0m&amp#27;[34m▓&amp#27;[0m&amp#27;[34m▓&amp#27;[0m&amp#27;[34m▓&amp#27;[0m&amp#27;[32m▓&amp#27;[0m&amp#27;[33m▓&amp#27;[0m&amp#27;[34m▓&amp#27;[0m&amp#27;[34m▓&amp#27;[0m&amp#27;[32m▓&amp#27;[0m&amp#27;[34m▓&amp#27;[0m&amp#27;[32m▒&amp#27;[0m&amp#27;[32m▒&amp#27;[0m&amp#27;[32m█&amp#27;[0m&amp#27;[32m█&amp#27;[0m&amp#27;[32m█&amp#27;[0m&amp#27;[32m█&amp#27;[0m&amp#27;[32m▒&amp#27;[0m&amp#27;[32m▒&amp#27;[0m&amp#27;[32m▒&amp#27;[0m&amp#27;[32m▒&amp#27;[0m&amp#27;[32m█&amp#27;[0m&amp#27;[32m█&amp#27;[0m&amp#27;[32m█&amp#27;[0m&amp#27;[32m█&amp#27;[0m&amp#27;[32m█&amp#27;[0m&amp#27;[32m█&amp#27;[0m&amp#27;[32m█&amp#27;[0m&amp#27;[32m▒&amp#27;[0m&amp#27;[32m▒&amp#27;[0m&amp#27;[32m█&amp#27;[0m&amp#27;[32m█&amp#27;[0m&amp#27;[32m▓&amp#27;[0m&amp#27;[32m▓&amp#27;[0m&amp#27;[32m▓&amp#27;[0m&amp#27;[33m▓&amp#27;[0m&amp#27;[32m█&amp#27;[0m&amp#27;[32m▒&amp#27;[0m&amp#27;[32m▓&amp#27;[0m&amp#27;[32m▓&amp#27;[0m&amp#27;[32m▓&amp#27;[0m&amp#27;[32m▓&amp#27;[0m&amp#27;[32m▓&amp#27;[0m&amp#27;[32m▒&amp#27;[0m&amp#27;[32m▒&amp#27;[0m&amp#27;[33m▓&amp#27;[0m&amp#27;[32m█&amp#27;[0m&amp#27;[32m█&amp#27;[0m&amp#27;[32m█&amp#27;[0m&amp#27;[32m▒&amp#27;[0m&amp#27;[32m░&amp#27;[0m&amp#27;[32m░&amp#27;[0m&amp#27;[32m░&amp#27;[0m&amp#27;[32m░&amp#27;[0m&amp#27;[32m░&amp#27;[0m&amp#27;[32m░&amp#27;[0m&amp#27;[32m█&amp#27;[0m&amp#27;[32m█&amp#27;[0m&amp#27;[32m▒&amp#27;[0m&amp#27;[32m░&amp#27;[0m&amp#27;[32m▒&amp#27;[0m&amp#27;[33m▓&amp#27;[0m&amp#27;[33m▓&amp#27;[0m&amp#27;[33m▓&amp#27;[0m&amp#27;[33m▓&amp#27;[0m&amp#27;[32m▒&amp#27;[0m&amp#27;[34m▓&amp#27;[0m&amp#27;[32m░&amp#27;[0m&amp#27;[34m▓&amp#27;[0m&amp#27;[34m▓&amp#27;[0m&amp#27;[32m▒&amp#27;[0m&amp#27;[34m▓&amp#27;[0m&amp#27;[32m▓&amp#27;[0m&amp#27;[34m▓&amp#27;[0m&amp#27;[32m▒&amp#27;[0m&amp#27;[34m▓&amp#27;[0m&amp#27;[32m░&amp#27;[0m&amp#27;[32m░&amp#27;[0m&amp#27;[32m░&amp#27;[0m&amp#27;[32m▒&amp#27;[0m&amp#27;[32m░&amp#27;[0m&amp#27;[32m▒&amp#27;[0m&amp#27;[32m░&amp#27;[0m&amp#27;[32m▒&amp#27;[0m&amp#27;[32m░&amp#27;[0m&amp#27;[32m░&amp#27;[0m&amp#27;[32m░&amp#27;[0m&amp#27;[32m░&amp#27;[0m&amp#27;[32m░&amp#27;[0m&amp#27;[32m▒&amp#27;[0m&amp#27;[32m░&amp#27;[0m&amp#27;[32m░&amp#27;[0m&amp#27;[32m░&amp#27;[0m&amp#27;[32m░&amp#27;[0m&amp#27;[32m░&amp#27;[0m&amp#27;[32m░&amp#27;[0m&amp#27;[32m░&amp#27;[0m&amp#27;[32m▒&amp#27;[0m&amp#27;[32m░&amp#27;[0m&amp#27;[32m█&amp#27;[0m&amp#27;[32m█&amp#27;[0m&amp#27;[32m▒&amp#27;[0m&amp#27;[32m▒&amp#27;[0m&amp#27;[32m░&amp#27;[0m&amp#27;[32m░&amp#27;[0m&amp#27;[33m▓&amp#27;[0m&amp#27;[32m▒&amp#27;[0m&amp#27;[33m▓&amp#27;[0m&amp#27;[33m▓&amp#27;[0m&amp#27;[33m▓&amp#27;[0m&amp#27;[32m▒&amp#27;[0m&amp#27;[33m▓&amp#27;[0m&amp#27;[32m▒&amp#27;[0m&amp#27;[33m▓&amp#27;[0m&amp#27;[33m▓&amp#27;[0m&amp#27;[33m▓&amp#27;[0m&amp#27;[32m░&amp#27;[0m&amp#27;[32m░&amp#27;[0m&amp#27;[32m▒&amp#27;[0m&amp#27;[32m░&amp#27;[0m&amp#27;[32m▒&amp#27;[0m&amp#27;[32m▒&amp#27;[0m&amp#27;[32m▒&amp#27;[0m&amp#27;[32m▒&amp#27;[0m&amp#27;[32m▒&amp#27;[0m&amp#27;[32m▒&amp#27;[0m&amp#27;[32m▒&amp#27;[0m&amp#27;[32m▒&amp#27;[0m&amp#27;[32m▒&amp#27;[0m&amp#27;[32m▒&amp#27;[0m&amp#27;[32m▒&amp#27;[0m&amp#27;[32m▒&amp#27;[0m&amp#27;[32m▒&amp#27;[0m&amp#27;[32m▒&amp#27;[0m&amp#27;[32m▒&amp#27;[0m&amp#27;[32m▒&amp#27;[0m&amp#27;[32m▒&amp#27;[0m&amp#27;[32m▒&amp#27;[0m&amp#27;[32m▒&amp#27;[0m&amp#27;[34m▓&amp#27;[0m&amp#27;[34m▓&amp#27;[0m&amp#27;[34m▓&amp#27;[0m&amp#27;[32m░&amp#27;[0m&amp#27;[34m▓&amp#27;[0m&amp#27;[32m▒&amp#27;[0m&amp#27;[34m▓&amp#27;[0m&amp#27;[32m░&amp#27;[0m&amp#27;[32m░&amp#27;[0m&amp#27;[32m▓&amp#27;[0m&amp#27;[32m▒&amp#27;[0m&amp#27;[34m▓&amp#27;[0m&amp#27;[34m▓&amp#27;[0m&amp#27;[33m▓&amp#27;[0m&amp#27;[34m▓&amp#27;[0m&amp#27;[34m▓&amp#27;[0m&amp#27;[34m▓&amp#27;[0m&amp#27;[34m▓&amp#27;[0m&amp#27;[34m▓&amp#27;[0m&amp#27;[34m▓&amp#27;[0m&amp#27;[34m▓&amp#27;[0m&amp#27;[34m▓&amp#27;[0m&amp#27;[34m▓&amp#27;[0m&amp#27;[32m▒&amp#27;[0m&amp#27;[32m▒&amp#27;[0m&amp#27;[33m▓&amp#27;[0m&amp#27;[32m▒&amp#27;[0m&amp#27;[34m▓&amp#27;[0m&amp#27;[34m▓&amp#27;[0m&amp#27;[34m▓&amp#27;[0m&amp#27;[32m█&amp#27;[0m&amp#27;[32m░&amp#27;[0m&amp#27;[32m░&amp#27;[0m&amp#27;[32m░&amp#27;[0m&amp#27;[32m░&amp#27;[0m&amp#27;[32m░&amp#27;[0m&amp#27;[32m░&amp#27;[0m&amp#27;[32m░&amp#27;[0m&amp#27;[32m░&amp#27;[0m&amp#27;[34m▓&amp#27;[0m&amp#27;[34m▓&amp#27;[0m&amp#27;[32m░&amp#27;[0m&amp#27;[32m░&amp#27;[0m&amp#27;[32m░&amp#27;[0m&amp#27;[34m▓&amp#27;[0m&amp#27;[34m▓&amp#27;[0m&amp#27;[34m▓&amp#27;[0m&amp#27;[34m▓&amp#27;[0m&amp#27;[34m▓&amp#27;[0m&amp#27;[34m▓&amp#27;[0m&amp#27;[34m▓&amp#27;[0m&amp#27;[34m▓&amp#27;[0m&amp#27;[32m▒&amp#27;[0m&amp#27;[32m░&amp#27;[0m&amp#27;[32m░&amp#27;[0m&amp#27;[32m░&amp#27;[0m&amp#27;[32m░&amp#27;[0m&amp#27;[32m░&amp#27;[0m&amp#27;[34m▓&amp#27;[0m&amp#27;[34m▓&amp#27;[0m&amp#27;[34m▓&amp#27;[0m&amp#27;[34m▓&amp#27;[0m&amp#27;[32m▒&amp#27;[0m&amp#27;[34m▓&amp#27;[0m&amp#27;[34m▓&amp#27;[0m&amp#27;[34m▓&amp#27;[0m&amp#27;[34m▓&amp#27;[0m&amp#27;[34m▓&amp#27;[0m&amp#27;[34m▓&amp#27;[0m&amp#27;[34m▓&amp#27;[0m&amp#27;[34m▓&amp#27;[0m&amp#27;[32m▒&amp#27;[0m&amp#27;[32m▒&amp#27;[0m&amp#27;[34m▓&amp#27;[0m&amp#27;[32m▒&amp#27;[0m&amp#27;[32m▓&amp#27;[0m&amp#27;[32m▓&amp#27;[0m&amp#27;[32m▓&amp#27;[0m&amp#27;[32m█&amp#27;[0m&amp#27;[32m▓&amp#27;[0m&amp#27;[32m▓&amp#27;[0m&amp#27;[32m▓&amp#27;[0m&amp#27;[32m▓&amp#27;[0m&amp#27;[32m▓&amp#27;[0m&amp#27;[32m▓&amp#27;[0m&amp#27;[32m▓&amp#27;[0m&amp#27;[33m▓&amp#27;[0m&amp#27;[33m▓&amp#27;[0m&amp#27;[33m▓&amp#27;[0m&amp#27;[32m▓&amp#27;[0m&amp#27;[32m▓&amp#27;[0m&amp#27;[33m▓&amp#27;[0m&amp#27;[33m▓&amp#27;[0m&amp#27;[33m▓&amp#27;[0m&amp#27;[33m▓&amp#27;[0m&amp#27;[33m▓&amp#27;[0m&amp#27;[33m▓&amp#27;[0m&amp#27;[33m▓&amp#27;[0m&amp#27;[33m▓&amp#27;[0m&amp#27;[33m▓&amp#27;[0m&amp#27;[33m▓&amp#27;[0m&amp#27;[32m▓&amp#27;[0m&amp#27;[32m▓&amp#27;[0m&amp#27;[32m▓&amp#27;[0m&amp#27;[32m▓&amp#27;[0m&amp#27;[32m█&amp#27;[0m&amp#27;[32m█&amp#27;[0m&amp#27;[32m█&amp#27;[0m&amp#27;[32m█&amp#27;[0m&amp#27;[32m█&amp#27;[0m&amp#27;[32m█&amp#27;[0m&amp#27;[32m▒&amp#27;[0m&amp#27;[32m█&amp#27;[0m&amp#27;[32m█&amp#27;[0m&amp#27;[32m█&amp#27;[0m&amp#27;[32m█&amp#27;[0m&amp#27;[32m█&amp#27;[0m&amp#27;[32m█&amp#27;[0m&amp#27;[32m█&amp#27;[0m
&amp#27;[32m▓&amp#27;[0m&amp#27;[33m▓&amp#27;[0m&amp#27;[33m▓&amp#27;[0m&amp#27;[32m▓&amp#27;[0m&amp#27;[32m▓&amp#27;[0m&amp#27;[32m▓&amp#27;[0m&amp#27;[32m▓&amp#27;[0m&amp#27;[32m▓&amp#27;[0m&amp#27;[32m▓&amp#27;[0m&amp#27;[33m▓&amp#27;[0m&amp#27;[32m▓&amp#27;[0m&amp#27;[33m▓&amp#27;[0m&amp#27;[34m▓&amp#27;[0m&amp#27;[34m▓&amp#27;[0m&amp#27;[34m▓&amp#27;[0m&amp#27;[34m▓&amp#27;[0m&amp#27;[32m█&amp#27;[0m&amp#27;[32m░&amp#27;[0m&amp#27;[32m▓&amp#27;[0m&amp#27;[34m▓&amp#27;[0m&amp#27;[34m▓&amp#27;[0m&amp#27;[34m▓&amp#27;[0m&amp#27;[34m▓&amp#27;[0m&amp#27;[34m▓&amp#27;[0m&amp#27;[33m▓&amp#27;[0m&amp#27;[34m▓&amp#27;[0m&amp#27;[33m▓&amp#27;[0m&amp#27;[33m▓&amp#27;[0m&amp#27;[32m░&amp#27;[0m&amp#27;[32m░&amp#27;[0m&amp#27;[32m░&amp#27;[0m&amp#27;[32m░&amp#27;[0m&amp#27;[32m░&amp#27;[0m&amp#27;[32m░&amp#27;[0m&amp#27;[33m▓&amp#27;[0m&amp#27;[32m█&amp#27;[0m&amp#27;[33m▓&amp#27;[0m&amp#27;[32m░&amp#27;[0m&amp#27;[32m░&amp#27;[0m&amp#27;[32m▓&amp#27;[0m&amp#27;[32m▓&amp#27;[0m&amp#27;[32m▓&amp#27;[0m&amp#27;[32m░&amp#27;[0m&amp#27;[32m░&amp#27;[0m&amp#27;[32m░&amp#27;[0m&amp#27;[32m░&amp#27;[0m&amp#27;[32m░&amp#27;[0m&amp#27;[32m░&amp#27;[0m&amp#27;[32m░&amp#27;[0m&amp#27;[34m▓&amp#27;[0m&amp#27;[34m▓&amp#27;[0m&amp#27;[34m▓&amp#27;[0m&amp#27;[34m▓&amp#27;[0m&amp#27;[34m▓&amp#27;[0m&amp#27;[32m█&amp#27;[0m&amp#27;[32m▒&amp#27;[0m&amp#27;[32m▒&amp#27;[0m&amp#27;[32m█&amp#27;[0m&amp#27;[32m█&amp#27;[0m&amp#27;[32m█&amp#27;[0m&amp#27;[32m█&amp#27;[0m&amp#27;[32m█&amp#27;[0m&amp#27;[32m▒&amp#27;[0m&amp#27;[32m█&amp#27;[0m&amp#27;[32m█&amp#27;[0m&amp#27;[32m█&amp#27;[0m&amp#27;[32m█&amp#27;[0m&amp#27;[32m▒&amp#27;[0m&amp#27;[32m█&amp#27;[0m&amp#27;[32m█&amp#27;[0m&amp#27;[32m█&amp#27;[0m&amp#27;[32m█&amp#27;[0m&amp#27;[32m█&amp#27;[0m&amp#27;[32m█&amp#27;[0m&amp#27;[32m▓&amp#27;[0m&amp#27;[32m▒&amp#27;[0m&amp#27;[32m▓&amp#27;[0m&amp#27;[32m▓&amp#27;[0m&amp#27;[32m█&amp#27;[0m&amp#27;[32m▓&amp#27;[0m&amp#27;[32m▓&amp#27;[0m&amp#27;[32m▓&amp#27;[0m&amp#27;[32m▓&amp#27;[0m&amp#27;[32m▒&amp#27;[0m&amp#27;[32m▓&amp#27;[0m&amp#27;[32m▓&amp#27;[0m&amp#27;[32m▓&amp#27;[0m&amp#27;[32m▓&amp#27;[0m&amp#27;[32m▓&amp#27;[0m&amp#27;[32m▓&amp#27;[0m&amp#27;[32m░&amp#27;[0m&amp#27;[32m░&amp#27;[0m&amp#27;[32m░&amp#27;[0m&amp#27;[32m░&amp#27;[0m&amp#27;[32m░&amp#27;[0m&amp#27;[32m▒&amp#27;[0m&amp#27;[32m▒&amp#27;[0m&amp#27;[32m▒&amp#27;[0m&amp#27;[32m░&amp#27;[0m&amp#27;[32m█&amp#27;[0m&amp#27;[32m░&amp#27;[0m&amp#27;[33m▓&amp#27;[0m&amp#27;[32m▒&amp#27;[0m&amp#27;[33m▓&amp#27;[0m&amp#27;[33m▓&amp#27;[0m&amp#27;[33m▓&amp#27;[0m&amp#27;[33m▓&amp#27;[0m&amp#27;[33m▓&amp#27;[0m&amp#27;[33m▓&amp#27;[0m&amp#27;[34m▓&amp#27;[0m&amp#27;[34m▓&amp#27;[0m&amp#27;[34m▓&amp#27;[0m&amp#27;[32m▒&amp#27;[0m&amp#27;[32m▒&amp#27;[0m&amp#27;[34m▓&amp#27;[0m&amp#27;[34m▓&amp#27;[0m&amp#27;[32m▒&amp#27;[0m&amp#27;[34m▓&amp#27;[0m&amp#27;[32m▒&amp#27;[0m&amp#27;[32m░&amp#27;[0m&amp#27;[32m░&amp#27;[0m&amp#27;[32m░&amp#27;[0m&amp#27;[32m░&amp#27;[0m&amp#27;[32m▒&amp#27;[0m&amp#27;[32m░&amp#27;[0m&amp#27;[32m░&amp#27;[0m&amp#27;[32m▓&amp#27;[0m&amp#27;[32m░&amp#27;[0m&amp#27;[32m░&amp#27;[0m&amp#27;[32m░&amp#27;[0m&amp#27;[32m░&amp#27;[0m&amp#27;[32m░&amp#27;[0m&amp#27;[32m░&amp#27;[0m&amp#27;[32m░&amp#27;[0m&amp#27;[32m░&amp#27;[0m&amp#27;[32m░&amp#27;[0m&amp#27;[32m░&amp#27;[0m&amp#27;[32m░&amp#27;[0m&amp#27;[32m░&amp#27;[0m&amp#27;[32m░&amp#27;[0m&amp#27;[32m░&amp#27;[0m&amp#27;[32m█&amp#27;[0m&amp#27;[32m█&amp#27;[0m&amp#27;[32m█&amp#27;[0m&amp#27;[32m░&amp#27;[0m&amp#27;[32m░&amp#27;[0m&amp#27;[32m░&amp#27;[0m&amp#27;[33m▓&amp#27;[0m&amp#27;[33m▓&amp#27;[0m&amp#27;[33m▓&amp#27;[0m&amp#27;[32m▒&amp#27;[0m&amp#27;[33m▓&amp#27;[0m&amp#27;[33m▓&amp#27;[0m&amp#27;[33m▓&amp#27;[0m&amp#27;[33m▓&amp#27;[0m&amp#27;[33m▓&amp#27;[0m&amp#27;[33m▓&amp#27;[0m&amp#27;[33m▓&amp#27;[0m&amp#27;[32m▓&amp#27;[0m&amp#27;[32m░&amp#27;[0m&amp#27;[32m▒&amp#27;[0m&amp#27;[32m░&amp#27;[0m&amp#27;[32m░&amp#27;[0m&amp#27;[32m▒&amp#27;[0m&amp#27;[32m▒&amp#27;[0m&amp#27;[32m▒&amp#27;[0m&amp#27;[32m▒&amp#27;[0m&amp#27;[32m▒&amp#27;[0m&amp#27;[32m▒&amp#27;[0m&amp#27;[32m▒&amp#27;[0m&amp#27;[32m▒&amp#27;[0m&amp#27;[32m▒&amp#27;[0m&amp#27;[32m▒&amp#27;[0m&amp#27;[32m▒&amp#27;[0m&amp#27;[32m▒&amp#27;[0m&amp#27;[32m▒&amp#27;[0m&amp#27;[32m▒&amp#27;[0m&amp#27;[32m▒&amp#27;[0m&amp#27;[32m▒&amp#27;[0m&amp#27;[32m▒&amp#27;[0m&amp#27;[34m▓&amp#27;[0m&amp#27;[34m▓&amp#27;[0m&amp#27;[34m▓&amp#27;[0m&amp#27;[32m▒&amp#27;[0m&amp#27;[33m▓&amp#27;[0m&amp#27;[34m▓&amp#27;[0m&amp#27;[34m▓&amp#27;[0m&amp#27;[34m▓&amp#27;[0m&amp#27;[32m▒&amp#27;[0m&amp#27;[32m░&amp#27;[0m&amp#27;[32m░&amp#27;[0m&amp#27;[34m▓&amp#27;[0m&amp#27;[34m▓&amp#27;[0m&amp#27;[34m▓&amp#27;[0m&amp#27;[34m▓&amp#27;[0m&amp#27;[34m▓&amp#27;[0m&amp#27;[34m▓&amp#27;[0m&amp#27;[34m▓&amp#27;[0m&amp#27;[34m▓&amp#27;[0m&amp#27;[34m▓&amp#27;[0m&amp#27;[34m▓&amp#27;[0m&amp#27;[34m▓&amp#27;[0m&amp#27;[32m▒&amp#27;[0m&amp#27;[34m▓&amp#27;[0m&amp#27;[34m▓&amp#27;[0m&amp#27;[34m▓&amp#27;[0m&amp#27;[34m▓&amp#27;[0m&amp#27;[34m▓&amp#27;[0m&amp#27;[34m▓&amp#27;[0m&amp#27;[34m▓&amp#27;[0m&amp#27;[32m░&amp#27;[0m&amp#27;[32m▒&amp#27;[0m&amp#27;[32m▒&amp#27;[0m&amp#27;[32m▒&amp#27;[0m&amp#27;[32m░&amp#27;[0m&amp#27;[32m░&amp#27;[0m&amp#27;[32m░&amp#27;[0m&amp#27;[32m▓&amp#27;[0m&amp#27;[32m▓&amp#27;[0m&amp#27;[33m▓&amp#27;[0m&amp#27;[34m▓&amp#27;[0m&amp#27;[34m▓&amp#27;[0m&amp#27;[34m▓&amp#27;[0m&amp#27;[32m░&amp#27;[0m&amp#27;[34m▓&amp#27;[0m&amp#27;[34m▓&amp#27;[0m&amp#27;[34m▓&amp#27;[0m&amp#27;[34m▓&amp#27;[0m&amp#27;[34m▓&amp#27;[0m&amp#27;[34m▓&amp#27;[0m&amp#27;[34m▓&amp#27;[0m&amp#27;[34m▓&amp#27;[0m&amp#27;[34m▓&amp#27;[0m&amp#27;[34m▓&amp#27;[0m&amp#27;[32m░&amp#27;[0m&amp#27;[32m░&amp#27;[0m&amp#27;[32m░&amp#27;[0m&amp#27;[32m░&amp#27;[0m&amp#27;[32m░&amp#27;[0m&amp#27;[34m▓&amp#27;[0m&amp#27;[34m▓&amp#27;[0m&amp#27;[32m█&amp#27;[0m&amp#27;[32m█&amp#27;[0m&amp#27;[32m█&amp#27;[0m&amp#27;[32m▓&amp#27;[0m&amp#27;[32m▓&amp#27;[0m&amp#27;[34m▓&amp#27;[0m&amp#27;[34m▓&amp#27;[0m&amp#27;[34m▓&amp#27;[0m&amp#27;[34m▓&amp#27;[0m&amp#27;[32m░&amp#27;[0m&amp#27;[32m░&amp#27;[0m&amp#27;[32m█&amp#27;[0m&amp#27;[34m▓&amp#27;[0m&amp#27;[32m▓&amp#27;[0m&amp#27;[32m▓&amp#27;[0m&amp#27;[32m▓&amp#27;[0m&amp#27;[32m▓&amp#27;[0m&amp#27;[32m▓&amp#27;[0m&amp#27;[32m▓&amp#27;[0m&amp#27;[32m▓&amp#27;[0m&amp#27;[33m▓&amp#27;[0m&amp#27;[32m▓&amp#27;[0m&amp#27;[32m▓&amp#27;[0m&amp#27;[32m▓&amp#27;[0m&amp#27;[32m▓&amp#27;[0m&amp#27;[32m▒&amp#27;[0m&amp#27;[32m▓&amp#27;[0m&amp#27;[32m▒&amp#27;[0m&amp#27;[32m▓&amp#27;[0m&amp#27;[32m▓&amp#27;[0m&amp#27;[32m▓&amp#27;[0m&amp#27;[33m▓&amp#27;[0m&amp#27;[33m▓&amp#27;[0m&amp#27;[33m▓&amp#27;[0m&amp#27;[33m▓&amp#27;[0m&amp#27;[33m▓&amp#27;[0m&amp#27;[33m▓&amp#27;[0m&amp#27;[33m▓&amp#27;[0m&amp#27;[33m▓&amp#27;[0m&amp#27;[33m▓&amp#27;[0m&amp#27;[32m▓&amp#27;[0m&amp#27;[32m▓&amp#27;[0m&amp#27;[32m▓&amp#27;[0m&amp#27;[32m▓&amp#27;[0m&amp#27;[32m▓&amp#27;[0m&amp#27;[32m▓&amp#27;[0m&amp#27;[32m▓&amp#27;[0m&amp#27;[32m█&amp#27;[0m&amp#27;[32m█&amp#27;[0m&amp#27;[32m█&amp#27;[0m&amp#27;[32m█&amp#27;[0m&amp#27;[32m█&amp#27;[0m&amp#27;[32m█&amp#27;[0m&amp#27;[32m█&amp#27;[0m&amp#27;[32m█&amp#27;[0m&amp#27;[32m█&amp#27;[0m&amp#27;[32m█&amp#27;[0m&amp#27;[32m█&amp#27;[0m&amp#27;[32m█&amp#27;[0m
&amp#27;[32m▓&amp#27;[0m&amp#27;[32m▓&amp#27;[0m&amp#27;[32m▓&amp#27;[0m&amp#27;[33m▓&amp#27;[0m&amp#27;[32m▓&amp#27;[0m&amp#27;[33m▓&amp#27;[0m&amp#27;[32m▓&amp#27;[0m&amp#27;[33m▓&amp#27;[0m&amp#27;[32m▓&amp#27;[0m&amp#27;[32m▓&amp#27;[0m&amp#27;[32m▓&amp#27;[0m&amp#27;[32m▓&amp#27;[0m&amp#27;[33m▓&amp#27;[0m&amp#27;[33m▓&amp#27;[0m&amp#27;[34m▓&amp#27;[0m&amp#27;[34m▓&amp#27;[0m&amp#27;[32m░&amp#27;[0m&amp#27;[32m░&amp#27;[0m&amp#27;[33m▓&amp#27;[0m&amp#27;[34m▓&amp#27;[0m&amp#27;[34m▓&amp#27;[0m&amp#27;[34m▓&amp#27;[0m&amp#27;[33m▓&amp#27;[0m&amp#27;[34m▓&amp#27;[0m&amp#27;[34m▓&amp#27;[0m&amp#27;[34m▓&amp#27;[0m&amp#27;[34m▓&amp#27;[0m&amp#27;[34m▓&amp#27;[0m&amp#27;[34m▓&amp#27;[0m&amp#27;[33m▓&amp#27;[0m&amp#27;[32m░&amp#27;[0m&amp#27;[33m▓&amp#27;[0m&amp#27;[33m▓&amp#27;[0m&amp#27;[32m░&amp#27;[0m&amp#27;[32m░&amp#27;[0m&amp#27;[32m░&amp#27;[0m&amp#27;[32m░&amp#27;[0m&amp#27;[32m░&amp#27;[0m&amp#27;[34m▓&amp#27;[0m&amp#27;[32m▓&amp#27;[0m&amp#27;[32m▓&amp#27;[0m&amp#27;[32m▓&amp#27;[0m&amp#27;[32m░&amp#27;[0m&amp#27;[32m░&amp#27;[0m&amp#27;[32m░&amp#27;[0m&amp#27;[32m░&amp#27;[0m&amp#27;[32m░&amp#27;[0m&amp#27;[32m░&amp#27;[0m&amp#27;[32m░&amp#27;[0m&amp#27;[32m░&amp#27;[0m&amp#27;[33m▓&amp#27;[0m&amp#27;[34m▓&amp#27;[0m&amp#27;[34m▓&amp#27;[0m&amp#27;[34m▓&amp#27;[0m&amp#27;[32m█&amp#27;[0m&amp#27;[32m█&amp#27;[0m&amp#27;[32m█&amp#27;[0m&amp#27;[32m█&amp#27;[0m&amp#27;[32m█&amp#27;[0m&amp#27;[32m█&amp#27;[0m&amp#27;[32m█&amp#27;[0m&amp#27;[32m█&amp#27;[0m&amp#27;[32m█&amp#27;[0m&amp#27;[32m▒&amp#27;[0m&amp#27;[32m▒&amp#27;[0m&amp#27;[32m▒&amp#27;[0m&amp#27;[32m█&amp#27;[0m&amp#27;[32m█&amp#27;[0m&amp#27;[32m█&amp#27;[0m&amp#27;[32m█&amp#27;[0m&amp#27;[32m█&amp#27;[0m&amp#27;[32m█&amp#27;[0m&amp#27;[33m▓&amp#27;[0m&amp#27;[32m▒&amp#27;[0m&amp#27;[32m▓&amp#27;[0m&amp#27;[32m▓&amp#27;[0m&amp#27;[32m▓&amp#27;[0m&amp#27;[32m▓&amp#27;[0m&amp#27;[32m▒&amp#27;[0m&amp#27;[32m▒&amp#27;[0m&amp#27;[32m▒&amp#27;[0m&amp#27;[32m▓&amp#27;[0m&amp#27;[32m▓&amp#27;[0m&amp#27;[32m▓&amp#27;[0m&amp#27;[32m▓&amp#27;[0m&amp#27;[32m▓&amp#27;[0m&amp#27;[32m▓&amp#27;[0m&amp#27;[32m▓&amp#27;[0m&amp#27;[32m▓&amp#27;[0m&amp#27;[32m▓&amp#27;[0m&amp#27;[32m▒&amp#27;[0m&amp#27;[32m▒&amp#27;[0m&amp#27;[32m▒&amp#27;[0m&amp#27;[32m░&amp#27;[0m&amp#27;[32m░&amp#27;[0m&amp#27;[32m░&amp#27;[0m&amp#27;[32m░&amp#27;[0m&amp#27;[32m▒&amp#27;[0m&amp#27;[32m░&amp#27;[0m&amp#27;[32m▒&amp#27;[0m&amp#27;[33m▓&amp#27;[0m&amp#27;[33m▓&amp#27;[0m&amp#27;[33m▓&amp#27;[0m&amp#27;[32m▒&amp#27;[0m&amp#27;[33m▓&amp#27;[0m&amp#27;[33m▓&amp#27;[0m&amp#27;[33m▓&amp#27;[0m&amp#27;[32m▒&amp#27;[0m&amp#27;[32m▒&amp#27;[0m&amp#27;[34m▓&amp#27;[0m&amp#27;[34m▓&amp#27;[0m&amp#27;[34m▓&amp#27;[0m&amp#27;[34m▓&amp#27;[0m&amp#27;[34m▓&amp#27;[0m&amp#27;[34m▓&amp#27;[0m&amp#27;[34m▓&amp#27;[0m&amp#27;[34m▓&amp#27;[0m&amp#27;[34m▓&amp#27;[0m&amp#27;[32m░&amp#27;[0m&amp#27;[32m░&amp#27;[0m&amp#27;[32m░&amp#27;[0m&amp#27;[32m░&amp#27;[0m&amp#27;[32m█&amp#27;[0m&amp#27;[32m█&amp#27;[0m&amp#27;[32m█&amp#27;[0m&amp#27;[32m▒&amp#27;[0m&amp#27;[32m░&amp#27;[0m&amp#27;[32m▒&amp#27;[0m&amp#27;[32m░&amp#27;[0m&amp#27;[32m░&amp#27;[0m&amp#27;[32m░&amp#27;[0m&amp#27;[32m▒&amp#27;[0m&amp#27;[32m░&amp#27;[0m&amp#27;[32m▒&amp#27;[0m&amp#27;[32m░&amp#27;[0m&amp#27;[32m▒&amp#27;[0m&amp#27;[32m░&amp#27;[0m&amp#27;[32m░&amp#27;[0m&amp#27;[32m░&amp#27;[0m&amp#27;[32m░&amp#27;[0m&amp#27;[32m▓&amp#27;[0m&amp#27;[32m█&amp#27;[0m&amp#27;[32m░&amp#27;[0m&amp#27;[32m░&amp#27;[0m&amp#27;[32m░&amp#27;[0m&amp#27;[32m▒&amp#27;[0m&amp#27;[32m░&amp#27;[0m&amp#27;[33m▓&amp#27;[0m&amp#27;[33m▓&amp#27;[0m&amp#27;[33m▓&amp#27;[0m&amp#27;[33m▓&amp#27;[0m&amp#27;[33m▓&amp#27;[0m&amp#27;[33m▓&amp#27;[0m&amp#27;[32m▒&amp#27;[0m&amp#27;[33m▓&amp#27;[0m&amp#27;[33m▓&amp#27;[0m&amp#27;[33m▓&amp#27;[0m&amp#27;[33m▓&amp#27;[0m&amp#27;[32m░&amp#27;[0m&amp#27;[32m░&amp#27;[0m&amp#27;[32m░&amp#27;[0m&amp#27;[32m▒&amp#27;[0m&amp#27;[32m░&amp#27;[0m&amp#27;[32m▒&amp#27;[0m&amp#27;[32m▒&amp#27;[0m&amp#27;[32m▒&amp#27;[0m&amp#27;[32m▒&amp#27;[0m&amp#27;[32m▒&amp#27;[0m&amp#27;[32m▒&amp#27;[0m&amp#27;[32m▒&amp#27;[0m&amp#27;[32m▒&amp#27;[0m&amp#27;[32m▒&amp#27;[0m&amp#27;[32m▒&amp#27;[0m&amp#27;[32m▒&amp#27;[0m&amp#27;[32m▒&amp#27;[0m&amp#27;[32m▒&amp#27;[0m&amp#27;[32m▒&amp#27;[0m&amp#27;[32m▒&amp#27;[0m&amp#27;[32m▒&amp#27;[0m&amp#27;[32m▒&amp#27;[0m&amp#27;[34m▓&amp#27;[0m&amp#27;[34m▓&amp#27;[0m&amp#27;[34m▓&amp#27;[0m&amp#27;[34m▓&amp#27;[0m&amp#27;[33m▓&amp#27;[0m&amp#27;[32m▒&amp#27;[0m&amp#27;[33m▓&amp#27;[0m&amp#27;[34m▓&amp#27;[0m&amp#27;[32m░&amp#27;[0m&amp#27;[32m░&amp#27;[0m&amp#27;[32m░&amp#27;[0m&amp#27;[34m▓&amp#27;[0m&amp#27;[34m▓&amp#27;[0m&amp#27;[32m░&amp#27;[0m&amp#27;[32m▓&amp#27;[0m&amp#27;[32m░&amp#27;[0m&amp#27;[34m▓&amp#27;[0m&amp#27;[34m▓&amp#27;[0m&amp#27;[32m▒&amp#27;[0m&amp#27;[32m▒&amp#27;[0m&amp#27;[34m▓&amp#27;[0m&amp#27;[34m▓&amp#27;[0m&amp#27;[34m▓&amp#27;[0m&amp#27;[34m▓&amp#27;[0m&amp#27;[32m▒&amp#27;[0m&amp#27;[34m▓&amp#27;[0m&amp#27;[34m▓&amp#27;[0m&amp#27;[34m▓&amp#27;[0m&amp#27;[34m▓&amp#27;[0m&amp#27;[32m░&amp#27;[0m&amp#27;[32m░&amp#27;[0m&amp#27;[32m░&amp#27;[0m&amp#27;[32m░&amp#27;[0m&amp#27;[32m░&amp#27;[0m&amp#27;[32m▒&amp#27;[0m&amp#27;[32m▒&amp#27;[0m&amp#27;[32m░&amp#27;[0m&amp#27;[32m▓&amp#27;[0m&amp#27;[32m▓&amp#27;[0m&amp#27;[32m▓&amp#27;[0m&amp#27;[32m█&amp#27;[0m&amp#27;[34m▓&amp#27;[0m&amp#27;[34m▓&amp#27;[0m&amp#27;[34m▓&amp#27;[0m&amp#27;[34m▓&amp#27;[0m&amp#27;[34m▓&amp#27;[0m&amp#27;[34m▓&amp#27;[0m&amp#27;[34m▓&amp#27;[0m&amp#27;[34m▓&amp#27;[0m&amp#27;[34m▓&amp#27;[0m&amp#27;[32m▓&amp#27;[0m&amp#27;[32m▓&amp#27;[0m&amp#27;[32m▓&amp#27;[0m&amp#27;[32m▓&amp#27;[0m&amp#27;[32m▓&amp#27;[0m&amp#27;[32m░&amp#27;[0m&amp#27;[32m░&amp#27;[0m&amp#27;[32m░&amp#27;[0m&amp#27;[32m░&amp#27;[0m&amp#27;[32m░&amp#27;[0m&amp#27;[32m░&amp#27;[0m&amp#27;[32m█&amp#27;[0m&amp#27;[32m█&amp#27;[0m&amp#27;[32m█&amp#27;[0m&amp#27;[32m▓&amp#27;[0m&amp#27;[32m▓&amp#27;[0m&amp#27;[32m▓&amp#27;[0m&amp#27;[34m▓&amp#27;[0m&amp#27;[34m▓&amp#27;[0m&amp#27;[34m▓&amp#27;[0m&amp#27;[32m░&amp#27;[0m&amp#27;[32m░&amp#27;[0m&amp#27;[32m░&amp#27;[0m&amp#27;[34m▓&amp#27;[0m&amp#27;[32m▓&amp#27;[0m&amp#27;[32m▓&amp#27;[0m&amp#27;[32m▓&amp#27;[0m&amp#27;[32m▓&amp#27;[0m&amp#27;[32m▓&amp#27;[0m&amp#27;[32m▓&amp#27;[0m&amp#27;[32m▓&amp#27;[0m&amp#27;[32m▓&amp#27;[0m&amp#27;[32m▓&amp#27;[0m&amp#27;[32m▓&amp#27;[0m&amp#27;[32m▓&amp#27;[0m&amp#27;[32m▓&amp#27;[0m&amp#27;[33m▓&amp#27;[0m&amp#27;[32m▓&amp#27;[0m&amp#27;[32m▓&amp#27;[0m&amp#27;[32m▓&amp#27;[0m&amp#27;[32m▓&amp#27;[0m&amp#27;[32m▓&amp#27;[0m&amp#27;[33m▓&amp#27;[0m&amp#27;[33m▓&amp#27;[0m&amp#27;[33m▓&amp#27;[0m&amp#27;[33m▓&amp#27;[0m&amp#27;[33m▓&amp#27;[0m&amp#27;[33m▓&amp#27;[0m&amp#27;[33m▓&amp#27;[0m&amp#27;[33m▓&amp#27;[0m&amp#27;[33m▓&amp#27;[0m&amp#27;[32m▓&amp#27;[0m&amp#27;[32m▓&amp#27;[0m&amp#27;[32m▓&amp#27;[0m&amp#27;[32m▓&amp#27;[0m&amp#27;[32m▓&amp#27;[0m&amp#27;[34m▓&amp#27;[0m&amp#27;[32m█&amp#27;[0m&amp#27;[32m█&amp#27;[0m&amp#27;[32m█&amp#27;[0m&amp#27;[32m█&amp#27;[0m&amp#27;[32m█&amp#27;[0m&amp#27;[32m█&amp#27;[0m&amp#27;[32m█&amp#27;[0m&amp#27;[32m█&amp#27;[0m&amp#27;[32m█&amp#27;[0m&amp#27;[32m█&amp#27;[0m&amp#27;[32m█&amp#27;[0m&amp#27;[32m█&amp#27;[0m&amp#27;[32m█&amp#27;[0m
&amp#27;[32m▓&amp#27;[0m&amp#27;[33m▓&amp#27;[0m&amp#27;[32m▓&amp#27;[0m&amp#27;[33m▓&amp#27;[0m&amp#27;[33m▓&amp#27;[0m&amp#27;[33m▓&amp#27;[0m&amp#27;[32m█&amp#27;[0m&amp#27;[32m█&amp#27;[0m&amp#27;[32m█&amp#27;[0m&amp#27;[32m▓&amp#27;[0m&amp#27;[33m▓&amp#27;[0m&amp#27;[32m▓&amp#27;[0m&amp#27;[34m▓&amp#27;[0m&amp#27;[34m▓&amp#27;[0m&amp#27;[33m▓&amp#27;[0m&amp#27;[34m▓&amp#27;[0m&amp#27;[33m▓&amp#27;[0m&amp#27;[32m░&amp#27;[0m&amp#27;[33m▓&amp#27;[0m&amp#27;[33m▓&amp#27;[0m&amp#27;[33m▓&amp#27;[0m&amp#27;[34m▓&amp#27;[0m&amp#27;[34m▓&amp#27;[0m&amp#27;[33m▓&amp#27;[0m&amp#27;[34m▓&amp#27;[0m&amp#27;[34m▓&amp#27;[0m&amp#27;[34m▓&amp#27;[0m&amp#27;[34m▓&amp#27;[0m&amp#27;[34m▓&amp#27;[0m&amp#27;[32m░&amp#27;[0m&amp#27;[32m░&amp#27;[0m&amp#27;[32m░&amp#27;[0m&amp#27;[32m░&amp#27;[0m&amp#27;[33m▓&amp#27;[0m&amp#27;[32m░&amp#27;[0m&amp#27;[32m░&amp#27;[0m&amp#27;[32m░&amp#27;[0m&amp#27;[33m▓&amp#27;[0m&amp#27;[32m░&amp#27;[0m&amp#27;[33m▓&amp#27;[0m&amp#27;[34m▓&amp#27;[0m&amp#27;[33m▓&amp#27;[0m&amp#27;[33m▓&amp#27;[0m&amp#27;[33m▓&amp#27;[0m&amp#27;[32m▓&amp#27;[0m&amp#27;[32m░&amp#27;[0m&amp#27;[33m▓&amp#27;[0m&amp#27;[33m▓&amp#27;[0m&amp#27;[33m▓&amp#27;[0m&amp#27;[32m░&amp#27;[0m&amp#27;[32m░&amp#27;[0m&amp#27;[34m▓&amp#27;[0m&amp#27;[32m▒&amp#27;[0m&amp#27;[32m█&amp#27;[0m&amp#27;[32m░&amp#27;[0m&amp#27;[32m▒&amp#27;[0m&amp#27;[32m█&amp#27;[0m&amp#27;[32m█&amp#27;[0m&amp#27;[32m█&amp#27;[0m&amp#27;[32m█&amp#27;[0m&amp#27;[32m█&amp#27;[0m&amp#27;[32m▒&amp#27;[0m&amp#27;[32m█&amp#27;[0m&amp#27;[32m█&amp#27;[0m&amp#27;[32m▒&amp#27;[0m&amp#27;[32m█&amp#27;[0m&amp#27;[32m▒&amp#27;[0m&amp#27;[32m▒&amp#27;[0m&amp#27;[32m█&amp#27;[0m&amp#27;[32m▒&amp#27;[0m&amp#27;[32m▒&amp#27;[0m&amp#27;[32m▒&amp#27;[0m&amp#27;[32m█&amp#27;[0m&amp#27;[32m█&amp#27;[0m&amp#27;[32m▒&amp#27;[0m&amp#27;[32m▒&amp#27;[0m&amp#27;[32m▓&amp#27;[0m&amp#27;[32m▓&amp#27;[0m&amp#27;[32m▓&amp#27;[0m&amp#27;[32m▓&amp#27;[0m&amp#27;[32m▒&amp#27;[0m&amp#27;[32m▓&amp#27;[0m&amp#27;[32m▓&amp#27;[0m&amp#27;[32m▓&amp#27;[0m&amp#27;[32m▓&amp#27;[0m&amp#27;[32m▒&amp#27;[0m&amp#27;[32m▒&amp#27;[0m&amp#27;[33m▓&amp#27;[0m&amp#27;[32m▓&amp#27;[0m&amp#27;[32m▓&amp#27;[0m&amp#27;[32m▓&amp#27;[0m&amp#27;[34m▓&amp#27;[0m&amp#27;[32m▒&amp#27;[0m&amp#27;[33m▓&amp#27;[0m&amp#27;[32m▓&amp#27;[0m&amp#27;[32m░&amp#27;[0m&amp#27;[32m░&amp#27;[0m&amp#27;[32m░&amp#27;[0m&amp#27;[32m░&amp#27;[0m&amp#27;[32m░&amp#27;[0m&amp#27;[33m▓&amp#27;[0m&amp#27;[32m▒&amp#27;[0m&amp#27;[33m▓&amp#27;[0m&amp#27;[32m▒&amp#27;[0m&amp#27;[33m▓&amp#27;[0m&amp#27;[32m▒&amp#27;[0m&amp#27;[33m▓&amp#27;[0m&amp#27;[33m▓&amp#27;[0m&amp#27;[33m▓&amp#27;[0m&amp#27;[34m▓&amp#27;[0m&amp#27;[34m▓&amp#27;[0m&amp#27;[34m▓&amp#27;[0m&amp#27;[34m▓&amp#27;[0m&amp#27;[34m▓&amp#27;[0m&amp#27;[34m▓&amp#27;[0m&amp#27;[34m▓&amp#27;[0m&amp#27;[34m▓&amp#27;[0m&amp#27;[33m▓&amp#27;[0m&amp#27;[32m░&amp#27;[0m&amp#27;[32m▒&amp#27;[0m&amp#27;[32m░&amp#27;[0m&amp#27;[32m░&amp#27;[0m&amp#27;[32m░&amp#27;[0m&amp#27;[32m▒&amp#27;[0m&amp#27;[32m▓&amp#27;[0m&amp#27;[32m░&amp#27;[0m&amp#27;[32m░&amp#27;[0m&amp#27;[32m▒&amp#27;[0m&amp#27;[32m░&amp#27;[0m&amp#27;[32m░&amp#27;[0m&amp#27;[33m▓&amp#27;[0m&amp#27;[32m▒&amp#27;[0m&amp#27;[33m▓&amp#27;[0m&amp#27;[33m▓&amp#27;[0m&amp#27;[32m░&amp#27;[0m&amp#27;[32m░&amp#27;[0m&amp#27;[32m▓&amp#27;[0m&amp#27;[32m░&amp#27;[0m&amp#27;[32m░&amp#27;[0m&amp#27;[32m▒&amp#27;[0m&amp#27;[32m░&amp#27;[0m&amp#27;[32m░&amp#27;[0m&amp#27;[32m░&amp#27;[0m&amp#27;[32m░&amp#27;[0m&amp#27;[32m░&amp#27;[0m&amp#27;[32m░&amp#27;[0m&amp#27;[32m▒&amp#27;[0m&amp#27;[33m▓&amp#27;[0m&amp#27;[33m▓&amp#27;[0m&amp#27;[33m▓&amp#27;[0m&amp#27;[32m▒&amp#27;[0m&amp#27;[33m▓&amp#27;[0m&amp#27;[33m▓&amp#27;[0m&amp#27;[33m▓&amp#27;[0m&amp#27;[32m▒&amp#27;[0m&amp#27;[33m▓&amp#27;[0m&amp#27;[33m▓&amp#27;[0m&amp#27;[33m▓&amp#27;[0m&amp#27;[32m░&amp#27;[0m&amp#27;[32m░&amp#27;[0m&amp#27;[32m░&amp#27;[0m&amp#27;[32m░&amp#27;[0m&amp#27;[32m░&amp#27;[0m&amp#27;[32m▒&amp#27;[0m&amp#27;[32m▒&amp#27;[0m&amp#27;[32m▒&amp#27;[0m&amp#27;[32m▒&amp#27;[0m&amp#27;[32m▒&amp#27;[0m&amp#27;[32m▒&amp#27;[0m&amp#27;[32m▒&amp#27;[0m&amp#27;[32m▒&amp#27;[0m&amp#27;[32m▒&amp#27;[0m&amp#27;[32m▒&amp#27;[0m&amp#27;[32m▒&amp#27;[0m&amp#27;[32m▒&amp#27;[0m&amp#27;[32m▒&amp#27;[0m&amp#27;[32m▒&amp#27;[0m&amp#27;[32m▒&amp#27;[0m&amp#27;[32m▒&amp#27;[0m&amp#27;[32m▒&amp#27;[0m&amp#27;[34m▓&amp#27;[0m&amp#27;[34m▓&amp#27;[0m&amp#27;[32m▒&amp#27;[0m&amp#27;[33m▓&amp#27;[0m&amp#27;[33m▓&amp#27;[0m&amp#27;[33m▓&amp#27;[0m&amp#27;[33m▓&amp#27;[0m&amp#27;[33m▓&amp#27;[0m&amp#27;[32m░&amp#27;[0m&amp#27;[32m░&amp#27;[0m&amp#27;[32m░&amp#27;[0m&amp#27;[32m░&amp#27;[0m&amp#27;[32m░&amp#27;[0m&amp#27;[32m░&amp#27;[0m&amp#27;[32m░&amp#27;[0m&amp#27;[32m░&amp#27;[0m&amp#27;[34m▓&amp#27;[0m&amp#27;[34m▓&amp#27;[0m&amp#27;[34m▓&amp#27;[0m&amp#27;[34m▓&amp#27;[0m&amp#27;[34m▓&amp#27;[0m&amp#27;[33m▓&amp#27;[0m&amp#27;[33m▓&amp#27;[0m&amp#27;[33m▓&amp#27;[0m&amp#27;[33m▓&amp#27;[0m&amp#27;[33m▓&amp#27;[0m&amp#27;[33m▓&amp#27;[0m&amp#27;[34m▓&amp#27;[0m&amp#27;[32m░&amp#27;[0m&amp#27;[32m░&amp#27;[0m&amp#27;[32m░&amp#27;[0m&amp#27;[32m░&amp#27;[0m&amp#27;[32m▒&amp#27;[0m&amp#27;[32m░&amp#27;[0m&amp#27;[32m░&amp#27;[0m&amp#27;[32m░&amp#27;[0m&amp#27;[32m░&amp#27;[0m&amp#27;[32m▓&amp#27;[0m&amp#27;[32m▓&amp#27;[0m&amp#27;[32m▓&amp#27;[0m&amp#27;[32m░&amp#27;[0m&amp#27;[34m▓&amp#27;[0m&amp#27;[34m▓&amp#27;[0m&amp#27;[34m▓&amp#27;[0m&amp#27;[34m▓&amp#27;[0m&amp#27;[32m▒&amp#27;[0m&amp#27;[34m▓&amp#27;[0m&amp#27;[34m▓&amp#27;[0m&amp#27;[34m▓&amp#27;[0m&amp#27;[32m▓&amp#27;[0m&amp#27;[32m▓&amp#27;[0m&amp#27;[32m▓&amp#27;[0m&amp#27;[32m▓&amp#27;[0m&amp#27;[32m▓&amp#27;[0m&amp#27;[32m▒&amp#27;[0m&amp#27;[32m▓&amp#27;[0m&amp#27;[32m░&amp#27;[0m&amp#27;[32m░&amp#27;[0m&amp#27;[32m░&amp#27;[0m&amp#27;[32m░&amp#27;[0m&amp#27;[32m░&amp#27;[0m&amp#27;[32m█&amp#27;[0m&amp#27;[32m█&amp#27;[0m&amp#27;[32m▒&amp#27;[0m&amp#27;[32m█&amp#27;[0m&amp#27;[32m▓&amp#27;[0m&amp#27;[32m▓&amp#27;[0m&amp#27;[32m▓&amp#27;[0m&amp#27;[34m▓&amp#27;[0m&amp#27;[34m▓&amp#27;[0m&amp#27;[32m░&amp#27;[0m&amp#27;[32m░&amp#27;[0m&amp#27;[32m░&amp#27;[0m&amp#27;[32m▒&amp#27;[0m&amp#27;[32m▓&amp#27;[0m&amp#27;[32m▓&amp#27;[0m&amp#27;[32m▓&amp#27;[0m&amp#27;[32m▒&amp#27;[0m&amp#27;[32m▓&amp#27;[0m&amp#27;[32m▓&amp#27;[0m&amp#27;[32m▒&amp#27;[0m&amp#27;[32m▓&amp#27;[0m&amp#27;[32m▓&amp#27;[0m&amp#27;[32m▓&amp#27;[0m&amp#27;[32m▓&amp#27;[0m&amp#27;[32m▓&amp#27;[0m&amp#27;[32m▓&amp#27;[0m&amp#27;[32m▓&amp#27;[0m&amp#27;[32m▒&amp#27;[0m&amp#27;[32m▓&amp#27;[0m&amp#27;[32m▓&amp#27;[0m&amp#27;[32m▓&amp#27;[0m&amp#27;[32m▓&amp#27;[0m&amp#27;[33m▓&amp#27;[0m&amp#27;[33m▓&amp#27;[0m&amp#27;[33m▓&amp#27;[0m&amp#27;[33m▓&amp#27;[0m&amp#27;[33m▓&amp#27;[0m&amp#27;[33m▓&amp#27;[0m&amp#27;[33m▓&amp#27;[0m&amp#27;[33m▓&amp#27;[0m&amp#27;[32m▓&amp#27;[0m&amp#27;[32m▓&amp#27;[0m&amp#27;[32m▓&amp#27;[0m&amp#27;[34m▓&amp#27;[0m&amp#27;[34m▓&amp#27;[0m&amp#27;[34m▓&amp#27;[0m&amp#27;[34m▓&amp#27;[0m&amp#27;[32m█&amp#27;[0m&amp#27;[32m█&amp#27;[0m&amp#27;[32m█&amp#27;[0m&amp#27;[32m█&amp#27;[0m&amp#27;[32m█&amp#27;[0m&amp#27;[32m█&amp#27;[0m&amp#27;[32m█&amp#27;[0m&amp#27;[32m█&amp#27;[0m&amp#27;[32m█&amp#27;[0m&amp#27;[32m█&amp#27;[0m&amp#27;[32m█&amp#27;[0m&amp#27;[32m█&amp#27;[0m
&amp#27;[32m▓&amp#27;[0m&amp#27;[32m▓&amp#27;[0m&amp#27;[32m▓&amp#27;[0m&amp#27;[32m▓&amp#27;[0m&amp#27;[32m▓&amp#27;[0m&amp#27;[32m▓&amp#27;[0m&amp#27;[33m▓&amp#27;[0m&amp#27;[33m▓&amp#27;[0m&amp#27;[33m▓&amp#27;[0m&amp#27;[33m▓&amp#27;[0m&amp#27;[32m▓&amp#27;[0m&amp#27;[32m▓&amp#27;[0m&amp#27;[33m▓&amp#27;[0m&amp#27;[34m▓&amp#27;[0m&amp#27;[33m▓&amp#27;[0m&amp#27;[34m▓&amp#27;[0m&amp#27;[34m▓&amp#27;[0m&amp#27;[34m▓&amp#27;[0m&amp#27;[34m▓&amp#27;[0m&amp#27;[34m▓&amp#27;[0m&amp#27;[34m▓&amp#27;[0m&amp#27;[34m▓&amp#27;[0m&amp#27;[33m▓&amp#27;[0m&amp#27;[34m▓&amp#27;[0m&amp#27;[32m▓&amp#27;[0m&amp#27;[33m▓&amp#27;[0m&amp#27;[33m▓&amp#27;[0m&amp#27;[34m▓&amp#27;[0m&amp#27;[33m▓&amp#27;[0m&amp#27;[32m▓&amp#27;[0m&amp#27;[34m▓&amp#27;[0m&amp#27;[34m▓&amp#27;[0m&amp#27;[34m▓&amp#27;[0m&amp#27;[32m░&amp#27;[0m&amp#27;[33m▓&amp#27;[0m&amp#27;[33m▓&amp#27;[0m&amp#27;[32m░&amp#27;[0m&amp#27;[33m▓&amp#27;[0m&amp#27;[34m▓&amp#27;[0m&amp#27;[33m▓&amp#27;[0m&amp#27;[32m░&amp#27;[0m&amp#27;[32m░&amp#27;[0m&amp#27;[32m░&amp#27;[0m&amp#27;[32m░&amp#27;[0m&amp#27;[33m▓&amp#27;[0m&amp#27;[32m░&amp#27;[0m&amp#27;[32m░&amp#27;[0m&amp#27;[32m░&amp#27;[0m&amp#27;[32m░&amp#27;[0m&amp#27;[33m▓&amp#27;[0m&amp#27;[33m▓&amp#27;[0m&amp#27;[34m▓&amp#27;[0m&amp#27;[32m░&amp#27;[0m&amp#27;[32m░&amp#27;[0m&amp#27;[32m░&amp#27;[0m&amp#27;[32m█&amp#27;[0m&amp#27;[33m▓&amp#27;[0m&amp#27;[33m▓&amp#27;[0m&amp#27;[32m▒&amp#27;[0m&amp#27;[32m█&amp#27;[0m&amp#27;[32m█&amp#27;[0m&amp#27;[32m█&amp#27;[0m&amp#27;[32m█&amp#27;[0m&amp#27;[32m█&amp#27;[0m&amp#27;[32m█&amp#27;[0m&amp#27;[32m▒&amp#27;[0m&amp#27;[32m▒&amp#27;[0m&amp#27;[32m▒&amp#27;[0m&amp#27;[32m█&amp#27;[0m&amp#27;[32m█&amp#27;[0m&amp#27;[32m█&amp#27;[0m&amp#27;[32m█&amp#27;[0m&amp#27;[32m▒&amp#27;[0m&amp#27;[32m▓&amp#27;[0m&amp#27;[32m▓&amp#27;[0m&amp#27;[32m▒&amp#27;[0m&amp#27;[32m▓&amp#27;[0m&amp#27;[32m▓&amp#27;[0m&amp#27;[32m▓&amp#27;[0m&amp#27;[32m▓&amp#27;[0m&amp#27;[32m▓&amp#27;[0m&amp#27;[32m▒&amp#27;[0m&amp#27;[32m▒&amp#27;[0m&amp#27;[32m▒&amp#27;[0m&amp#27;[32m▓&amp#27;[0m&amp#27;[32m▓&amp#27;[0m&amp#27;[32m▓&amp#27;[0m&amp#27;[32m▓&amp#27;[0m&amp#27;[32m▓&amp#27;[0m&amp#27;[32m▓&amp#27;[0m&amp#27;[32m▓&amp#27;[0m&amp#27;[32m▓&amp#27;[0m&amp#27;[34m▓&amp#27;[0m&amp#27;[32m░&amp#27;[0m&amp#27;[32m░&amp#27;[0m&amp#27;[32m░&amp#27;[0m&amp#27;[32m▒&amp#27;[0m&amp#27;[32m░&amp#27;[0m&amp#27;[32m░&amp#27;[0m&amp#27;[32m░&amp#27;[0m&amp#27;[33m▓&amp#27;[0m&amp#27;[33m▓&amp#27;[0m&amp#27;[33m▓&amp#27;[0m&amp#27;[32m▒&amp#27;[0m&amp#27;[33m▓&amp#27;[0m&amp#27;[33m▓&amp#27;[0m&amp#27;[33m▓&amp#27;[0m&amp#27;[33m▓&amp#27;[0m&amp#27;[32m▒&amp#27;[0m&amp#27;[33m▓&amp#27;[0m&amp#27;[32m░&amp#27;[0m&amp#27;[34m▓&amp#27;[0m&amp#27;[32m▒&amp#27;[0m&amp#27;[32m█&amp#27;[0m&amp#27;[32m░&amp#27;[0m&amp#27;[34m▓&amp#27;[0m&amp#27;[34m▓&amp#27;[0m&amp#27;[34m▓&amp#27;[0m&amp#27;[34m▓&amp#27;[0m&amp#27;[32m▒&amp#27;[0m&amp#27;[32m░&amp#27;[0m&amp#27;[32m▒&amp#27;[0m&amp#27;[32m░&amp#27;[0m&amp#27;[32m░&amp#27;[0m&amp#27;[32m▒&amp#27;[0m&amp#27;[32m░&amp#27;[0m&amp#27;[32m░&amp#27;[0m&amp#27;[32m▒&amp#27;[0m&amp#27;[33m▓&amp#27;[0m&amp#27;[33m▓&amp#27;[0m&amp#27;[33m▓&amp#27;[0m&amp#27;[33m▓&amp#27;[0m&amp#27;[33m▓&amp#27;[0m&amp#27;[33m▓&amp#27;[0m&amp#27;[33m▓&amp#27;[0m&amp#27;[32m▒&amp#27;[0m&amp#27;[32m░&amp#27;[0m&amp#27;[32m░&amp#27;[0m&amp#27;[32m░&amp#27;[0m&amp#27;[32m▒&amp#27;[0m&amp#27;[32m▒&amp#27;[0m&amp#27;[32m█&amp#27;[0m&amp#27;[32m░&amp#27;[0m&amp#27;[32m▓&amp#27;[0m&amp#27;[32m▒&amp#27;[0m&amp#27;[32m░&amp#27;[0m&amp#27;[34m▓&amp#27;[0m&amp#27;[34m▓&amp#27;[0m&amp#27;[33m▓&amp#27;[0m&amp#27;[33m▓&amp#27;[0m&amp#27;[32m▒&amp#27;[0m&amp#27;[33m▓&amp#27;[0m&amp#27;[33m▓&amp#27;[0m&amp#27;[33m▓&amp#27;[0m&amp#27;[33m▓&amp#27;[0m&amp#27;[33m▓&amp#27;[0m&amp#27;[32m▒&amp#27;[0m&amp#27;[33m▓&amp#27;[0m&amp#27;[32m░&amp#27;[0m&amp#27;[32m░&amp#27;[0m&amp#27;[32m▒&amp#27;[0m&amp#27;[32m▒&amp#27;[0m&amp#27;[32m░&amp#27;[0m&amp#27;[32m▒&amp#27;[0m&amp#27;[32m▒&amp#27;[0m&amp#27;[32m▒&amp#27;[0m&amp#27;[32m▒&amp#27;[0m&amp#27;[32m▒&amp#27;[0m&amp#27;[32m▒&amp#27;[0m&amp#27;[32m▒&amp#27;[0m&amp#27;[32m▒&amp#27;[0m&amp#27;[32m▒&amp#27;[0m&amp#27;[32m▒&amp#27;[0m&amp#27;[32m▒&amp#27;[0m&amp#27;[32m▒&amp#27;[0m&amp#27;[32m▒&amp#27;[0m&amp#27;[32m▒&amp#27;[0m&amp#27;[32m▒&amp#27;[0m&amp#27;[32m▒&amp#27;[0m&amp#27;[34m▓&amp#27;[0m&amp#27;[34m▓&amp#27;[0m&amp#27;[34m▓&amp#27;[0m&amp#27;[32m▒&amp#27;[0m&amp#27;[33m▓&amp#27;[0m&amp#27;[33m▓&amp#27;[0m&amp#27;[33m▓&amp#27;[0m&amp#27;[33m▓&amp#27;[0m&amp#27;[32m▒&amp#27;[0m&amp#27;[32m░&amp#27;[0m&amp#27;[33m▓&amp#27;[0m&amp#27;[32m░&amp#27;[0m&amp#27;[32m░&amp#27;[0m&amp#27;[32m░&amp#27;[0m&amp#27;[32m▒&amp#27;[0m&amp#27;[32m░&amp#27;[0m&amp#27;[32m░&amp#27;[0m&amp#27;[34m▓&amp#27;[0m&amp#27;[32m░&amp#27;[0m&amp#27;[34m▓&amp#27;[0m&amp#27;[33m▓&amp#27;[0m&amp#27;[32m▒&amp#27;[0m&amp#27;[32m▒&amp#27;[0m&amp#27;[33m▓&amp#27;[0m&amp#27;[32m▒&amp#27;[0m&amp#27;[33m▓&amp#27;[0m&amp#27;[33m▓&amp#27;[0m&amp#27;[33m▓&amp#27;[0m&amp#27;[33m▓&amp#27;[0m&amp#27;[33m▓&amp#27;[0m&amp#27;[32m░&amp#27;[0m&amp#27;[32m░&amp#27;[0m&amp#27;[32m░&amp#27;[0m&amp#27;[32m░&amp#27;[0m&amp#27;[32m░&amp#27;[0m&amp#27;[32m░&amp#27;[0m&amp#27;[32m░&amp#27;[0m&amp#27;[32m░&amp#27;[0m&amp#27;[32m░&amp#27;[0m&amp#27;[32m░&amp#27;[0m&amp#27;[32m░&amp#27;[0m&amp#27;[33m▓&amp#27;[0m&amp#27;[32m█&amp#27;[0m&amp#27;[32m▒&amp#27;[0m&amp#27;[34m▓&amp#27;[0m&amp#27;[34m▓&amp#27;[0m&amp#27;[34m▓&amp#27;[0m&amp#27;[32m▓&amp#27;[0m&amp#27;[34m▓&amp#27;[0m&amp#27;[32m▒&amp#27;[0m&amp#27;[32m▒&amp#27;[0m&amp#27;[32m▓&amp#27;[0m&amp#27;[32m▓&amp#27;[0m&amp#27;[32m▓&amp#27;[0m&amp#27;[32m▓&amp#27;[0m&amp#27;[32m▓&amp#27;[0m&amp#27;[32m▓&amp#27;[0m&amp#27;[32m░&amp#27;[0m&amp#27;[32m░&amp#27;[0m&amp#27;[32m░&amp#27;[0m&amp#27;[33m▓&amp#27;[0m&amp#27;[32m░&amp#27;[0m&amp#27;[32m▓&amp#27;[0m&amp#27;[32m▓&amp#27;[0m&amp#27;[32m▓&amp#27;[0m&amp#27;[32m▓&amp#27;[0m&amp#27;[32m▓&amp#27;[0m&amp#27;[32m▓&amp#27;[0m&amp#27;[32m▓&amp#27;[0m&amp#27;[32m▒&amp#27;[0m&amp#27;[32m▒&amp#27;[0m&amp#27;[34m▓&amp#27;[0m&amp#27;[32m▒&amp#27;[0m&amp#27;[34m▓&amp#27;[0m&amp#27;[32m▓&amp#27;[0m&amp#27;[32m▓&amp#27;[0m&amp#27;[32m▓&amp#27;[0m&amp#27;[32m▓&amp#27;[0m&amp#27;[32m▓&amp#27;[0m&amp#27;[32m▓&amp#27;[0m&amp#27;[32m▓&amp#27;[0m&amp#27;[32m▓&amp#27;[0m&amp#27;[32m▓&amp#27;[0m&amp#27;[32m▓&amp#27;[0m&amp#27;[32m▓&amp#27;[0m&amp#27;[33m▓&amp#27;[0m&amp#27;[32m▓&amp#27;[0m&amp#27;[32m▓&amp#27;[0m&amp#27;[32m▓&amp#27;[0m&amp#27;[32m▓&amp#27;[0m&amp#27;[32m▓&amp#27;[0m&amp#27;[32m▓&amp#27;[0m&amp#27;[32m█&amp#27;[0m&amp#27;[32m▓&amp#27;[0m&amp#27;[32m▓&amp#27;[0m&amp#27;[32m▓&amp#27;[0m&amp#27;[33m▓&amp#27;[0m&amp#27;[33m▓&amp#27;[0m&amp#27;[33m▓&amp#27;[0m&amp#27;[32m▓&amp#27;[0m&amp#27;[32m▓&amp#27;[0m&amp#27;[32m▓&amp#27;[0m&amp#27;[32m▓&amp#27;[0m&amp#27;[32m▓&amp#27;[0m&amp#27;[32m▓&amp#27;[0m&amp#27;[32m░&amp#27;[0m&amp#27;[34m▓&amp#27;[0m&amp#27;[34m▓&amp#27;[0m&amp#27;[34m▓&amp#27;[0m&amp#27;[34m▓&amp#27;[0m&amp#27;[32m█&amp#27;[0m&amp#27;[32m█&amp#27;[0m&amp#27;[32m█&amp#27;[0m&amp#27;[32m█&amp#27;[0m&amp#27;[32m█&amp#27;[0m&amp#27;[32m█&amp#27;[0m&amp#27;[32m█&amp#27;[0m&amp#27;[32m█&amp#27;[0m&amp#27;[32m█&amp#27;[0m&amp#27;[32m█&amp#27;[0m&amp#27;[32m█&amp#27;[0m
&amp#27;[32m█&amp#27;[0m&amp#27;[32m█&amp#27;[0m&amp#27;[32m▓&amp#27;[0m&amp#27;[32m▓&amp#27;[0m&amp#27;[32m▓&amp#27;[0m&amp#27;[33m▓&amp#27;[0m&amp#27;[32m▓&amp#27;[0m&amp#27;[33m▓&amp#27;[0m&amp#27;[32m▓&amp#27;[0m&amp#27;[32m▓&amp#27;[0m&amp#27;[32m▓&amp#27;[0m&amp#27;[32m▓&amp#27;[0m&amp#27;[34m▓&amp#27;[0m&amp#27;[33m▓&amp#27;[0m&amp#27;[32m█&amp#27;[0m&amp#27;[34m▓&amp#27;[0m&amp#27;[34m▓&amp#27;[0m&amp#27;[34m▓&amp#27;[0m&amp#27;[34m▓&amp#27;[0m&amp#27;[34m▓&amp#27;[0m&amp#27;[33m▓&amp#27;[0m&amp#27;[34m▓&amp#27;[0m&amp#27;[33m▓&amp#27;[0m&amp#27;[33m▓&amp#27;[0m&amp#27;[33m▓&amp#27;[0m&amp#27;[34m▓&amp#27;[0m&amp#27;[34m▓&amp#27;[0m&amp#27;[34m▓&amp#27;[0m&amp#27;[33m▓&amp#27;[0m&amp#27;[34m▓&amp#27;[0m&amp#27;[33m▓&amp#27;[0m&amp#27;[34m▓&amp#27;[0m&amp#27;[33m▓&amp#27;[0m&amp#27;[32m░&amp#27;[0m&amp#27;[32m░&amp#27;[0m&amp#27;[32m░&amp#27;[0m&amp#27;[32m░&amp#27;[0m&amp#27;[32m░&amp#27;[0m&amp#27;[34m▓&amp#27;[0m&amp#27;[32m█&amp#27;[0m&amp#27;[32m█&amp#27;[0m&amp#27;[32m█&amp#27;[0m&amp#27;[32m░&amp#27;[0m&amp#27;[32m░&amp#27;[0m&amp#27;[32m░&amp#27;[0m&amp#27;[33m▓&amp#27;[0m&amp#27;[32m░&amp#27;[0m&amp#27;[32m░&amp#27;[0m&amp#27;[32m░&amp#27;[0m&amp#27;[33m▓&amp#27;[0m&amp#27;[32m░&amp#27;[0m&amp#27;[32m▒&amp#27;[0m&amp#27;[32m▒&amp#27;[0m&amp#27;[32m█&amp#27;[0m&amp#27;[32m░&amp#27;[0m&amp#27;[32m▓&amp#27;[0m&amp#27;[32m█&amp#27;[0m&amp#27;[32m█&amp#27;[0m&amp#27;[32m▒&amp#27;[0m&amp#27;[32m█&amp#27;[0m&amp#27;[32m▒&amp#27;[0m&amp#27;[32m█&amp#27;[0m&amp#27;[32m█&amp#27;[0m&amp#27;[32m▒&amp#27;[0m&amp#27;[32m█&amp#27;[0m&amp#27;[32m█&amp#27;[0m&amp#27;[32m█&amp#27;[0m&amp#27;[32m█&amp#27;[0m&amp#27;[32m█&amp#27;[0m&amp#27;[32m█&amp#27;[0m&amp#27;[32m█&amp#27;[0m&amp#27;[32m█&amp#27;[0m&amp#27;[32m▓&amp#27;[0m&amp#27;[32m▓&amp#27;[0m&amp#27;[32m▓&amp#27;[0m&amp#27;[32m▓&amp#27;[0m&amp#27;[32m▓&amp#27;[0m&amp#27;[32m▓&amp#27;[0m&amp#27;[32m▓&amp#27;[0m&amp#27;[32m▒&amp#27;[0m&amp#27;[32m▓&amp#27;[0m&amp#27;[32m▓&amp#27;[0m&amp#27;[32m▓&amp#27;[0m&amp#27;[32m▓&amp#27;[0m&amp#27;[32m▓&amp#27;[0m&amp#27;[32m▓&amp#27;[0m&amp#27;[32m▓&amp#27;[0m&amp#27;[32m▓&amp#27;[0m&amp#27;[32m▓&amp#27;[0m&amp#27;[32m▓&amp#27;[0m&amp#27;[32m▓&amp#27;[0m&amp#27;[32m▒&amp#27;[0m&amp#27;[32m▒&amp#27;[0m&amp#27;[34m▓&amp#27;[0m&amp#27;[32m░&amp#27;[0m&amp#27;[32m░&amp#27;[0m&amp#27;[32m░&amp#27;[0m&amp#27;[32m░&amp#27;[0m&amp#27;[32m▒&amp#27;[0m&amp#27;[32m░&amp#27;[0m&amp#27;[33m▓&amp#27;[0m&amp#27;[33m▓&amp#27;[0m&amp#27;[33m▓&amp#27;[0m&amp#27;[33m▓&amp#27;[0m&amp#27;[33m▓&amp#27;[0m&amp#27;[33m▓&amp#27;[0m&amp#27;[33m▓&amp#27;[0m&amp#27;[33m▓&amp#27;[0m&amp#27;[32m▒&amp#27;[0m&amp#27;[32m▒&amp#27;[0m&amp#27;[32m░&amp#27;[0m&amp#27;[34m▓&amp#27;[0m&amp#27;[32m▒&amp#27;[0m&amp#27;[34m▓&amp#27;[0m&amp#27;[32m▒&amp#27;[0m&amp#27;[33m▓&amp#27;[0m&amp#27;[34m▓&amp#27;[0m&amp#27;[34m▓&amp#27;[0m&amp#27;[34m▓&amp#27;[0m&amp#27;[32m▒&amp#27;[0m&amp#27;[32m░&amp#27;[0m&amp#27;[32m░&amp#27;[0m&amp#27;[32m░&amp#27;[0m&amp#27;[32m░&amp#27;[0m&amp#27;[32m░&amp#27;[0m&amp#27;[32m░&amp#27;[0m&amp#27;[33m▓&amp#27;[0m&amp#27;[33m▓&amp#27;[0m&amp#27;[33m▓&amp#27;[0m&amp#27;[33m▓&amp#27;[0m&amp#27;[33m▓&amp#27;[0m&amp#27;[33m▓&amp#27;[0m&amp#27;[33m▓&amp#27;[0m&amp#27;[33m▓&amp#27;[0m&amp#27;[33m▓&amp#27;[0m&amp#27;[33m▓&amp#27;[0m&amp#27;[33m▓&amp#27;[0m&amp#27;[32m░&amp#27;[0m&amp#27;[32m░&amp#27;[0m&amp#27;[32m█&amp#27;[0m&amp#27;[32m█&amp#27;[0m&amp#27;[32m█&amp#27;[0m&amp#27;[32m█&amp#27;[0m&amp#27;[32m█&amp#27;[0m&amp#27;[32m█&amp#27;[0m&amp#27;[32m░&amp#27;[0m&amp#27;[32m▒&amp#27;[0m&amp#27;[34m▓&amp#27;[0m&amp#27;[33m▓&amp#27;[0m&amp#27;[33m▓&amp#27;[0m&amp#27;[33m▓&amp#27;[0m&amp#27;[33m▓&amp#27;[0m&amp#27;[33m▓&amp#27;[0m&amp#27;[32m▒&amp#27;[0m&amp#27;[33m▓&amp#27;[0m&amp#27;[33m▓&amp#27;[0m&amp#27;[33m▓&amp#27;[0m&amp#27;[34m▓&amp#27;[0m&amp#27;[34m▓&amp#27;[0m&amp#27;[32m░&amp#27;[0m&amp#27;[32m░&amp#27;[0m&amp#27;[32m▓&amp#27;[0m&amp#27;[32m░&amp#27;[0m&amp#27;[32m░&amp#27;[0m&amp#27;[32m▒&amp#27;[0m&amp#27;[32m▒&amp#27;[0m&amp#27;[32m▒&amp#27;[0m&amp#27;[32m▒&amp#27;[0m&amp#27;[32m▒&amp#27;[0m&amp#27;[32m▒&amp#27;[0m&amp#27;[32m▒&amp#27;[0m&amp#27;[32m▒&amp#27;[0m&amp#27;[32m▒&amp#27;[0m&amp#27;[32m▒&amp#27;[0m&amp#27;[32m▒&amp#27;[0m&amp#27;[32m▒&amp#27;[0m&amp#27;[32m▒&amp#27;[0m&amp#27;[32m▒&amp#27;[0m&amp#27;[32m▒&amp#27;[0m&amp#27;[34m▓&amp#27;[0m&amp#27;[34m▓&amp#27;[0m&amp#27;[32m█&amp#27;[0m&amp#27;[34m▓&amp#27;[0m&amp#27;[32m▒&amp#27;[0m&amp#27;[32m▒&amp#27;[0m&amp#27;[33m▓&amp#27;[0m&amp#27;[33m▓&amp#27;[0m&amp#27;[33m▓&amp#27;[0m&amp#27;[32m░&amp#27;[0m&amp#27;[32m░&amp#27;[0m&amp#27;[32m░&amp#27;[0m&amp#27;[32m░&amp#27;[0m&amp#27;[32m░&amp#27;[0m&amp#27;[32m░&amp#27;[0m&amp#27;[32m░&amp#27;[0m&amp#27;[32m░&amp#27;[0m&amp#27;[32m░&amp#27;[0m&amp#27;[32m░&amp#27;[0m&amp#27;[32m▒&amp#27;[0m&amp#27;[33m▓&amp#27;[0m&amp#27;[33m▓&amp#27;[0m&amp#27;[33m▓&amp#27;[0m&amp#27;[33m▓&amp#27;[0m&amp#27;[33m▓&amp#27;[0m&amp#27;[33m▓&amp#27;[0m&amp#27;[33m▓&amp#27;[0m&amp#27;[33m▓&amp#27;[0m&amp#27;[32m▒&amp#27;[0m&amp#27;[32m▒&amp#27;[0m&amp#27;[32m▒&amp#27;[0m&amp#27;[32m░&amp#27;[0m&amp#27;[32m░&amp#27;[0m&amp#27;[32m░&amp#27;[0m&amp#27;[32m░&amp#27;[0m&amp#27;[32m▓&amp#27;[0m&amp#27;[32m░&amp#27;[0m&amp#27;[32m░&amp#27;[0m&amp#27;[32m░&amp#27;[0m&amp#27;[32m▓&amp#27;[0m&amp#27;[32m░&amp#27;[0m&amp#27;[32m░&amp#27;[0m&amp#27;[32m░&amp#27;[0m&amp#27;[34m▓&amp#27;[0m&amp#27;[34m▓&amp#27;[0m&amp#27;[34m▓&amp#27;[0m&amp#27;[34m▓&amp#27;[0m&amp#27;[33m▓&amp#27;[0m&amp#27;[34m▓&amp#27;[0m&amp#27;[34m▓&amp#27;[0m&amp#27;[32m▓&amp#27;[0m&amp#27;[32m▓&amp#27;[0m&amp#27;[32m▓&amp#27;[0m&amp#27;[32m▓&amp#27;[0m&amp#27;[32m▓&amp#27;[0m&amp#27;[32m▓&amp#27;[0m&amp#27;[32m▓&amp#27;[0m&amp#27;[32m▓&amp#27;[0m&amp#27;[32m░&amp#27;[0m&amp#27;[32m░&amp#27;[0m&amp#27;[32m░&amp#27;[0m&amp#27;[32m░&amp#27;[0m&amp#27;[33m▓&amp#27;[0m&amp#27;[32m▓&amp#27;[0m&amp#27;[32m▓&amp#27;[0m&amp#27;[32m▓&amp#27;[0m&amp#27;[32m▓&amp#27;[0m&amp#27;[32m▓&amp#27;[0m&amp#27;[32m▓&amp#27;[0m&amp#27;[34m▓&amp#27;[0m&amp#27;[32m▓&amp#27;[0m&amp#27;[34m▓&amp#27;[0m&amp#27;[34m▓&amp#27;[0m&amp#27;[34m▓&amp#27;[0m&amp#27;[32m▓&amp#27;[0m&amp#27;[32m▓&amp#27;[0m&amp#27;[32m▓&amp#27;[0m&amp#27;[32m▓&amp#27;[0m&amp#27;[32m▓&amp#27;[0m&amp#27;[32m▓&amp#27;[0m&amp#27;[32m▓&amp#27;[0m&amp#27;[32m▓&amp#27;[0m&amp#27;[32m▓&amp#27;[0m&amp#27;[32m▓&amp#27;[0m&amp#27;[32m▓&amp#27;[0m&amp#27;[32m▒&amp#27;[0m&amp#27;[32m▓&amp#27;[0m&amp#27;[32m▓&amp#27;[0m&amp#27;[32m▓&amp#27;[0m&amp#27;[32m▓&amp#27;[0m&amp#27;[32m▓&amp#27;[0m&amp#27;[32m▓&amp#27;[0m&amp#27;[32m▓&amp#27;[0m&amp#27;[32m▓&amp#27;[0m&amp#27;[32m▓&amp#27;[0m&amp#27;[32m▓&amp#27;[0m&amp#27;[32m█&amp#27;[0m&amp#27;[32m█&amp#27;[0m&amp#27;[32m▒&amp#27;[0m&amp#27;[32m▓&amp#27;[0m&amp#27;[32m▓&amp#27;[0m&amp#27;[32m▓&amp#27;[0m&amp#27;[32m█&amp#27;[0m&amp#27;[32m▓&amp#27;[0m&amp#27;[32m▓&amp#27;[0m&amp#27;[32m░&amp#27;[0m&amp#27;[32m░&amp#27;[0m&amp#27;[32m░&amp#27;[0m&amp#27;[34m▓&amp#27;[0m&amp#27;[33m▓&amp#27;[0m&amp#27;[34m▓&amp#27;[0m&amp#27;[32m█&amp#27;[0m&amp#27;[32m█&amp#27;[0m&amp#27;[32m█&amp#27;[0m&amp#27;[32m█&amp#27;[0m&amp#27;[32m█&amp#27;[0m&amp#27;[32m█&amp#27;[0m&amp#27;[32m█&amp#27;[0m&amp#27;[32m█&amp#27;[0m&amp#27;[32m█&amp#27;[0m&amp#27;[32m█&amp#27;[0m
&amp#27;[32m█&amp#27;[0m&amp#27;[33m▓&amp#27;[0m&amp#27;[32m▓&amp#27;[0m&amp#27;[33m▓&amp#27;[0m&amp#27;[32m▓&amp#27;[0m&amp#27;[32m▓&amp#27;[0m&amp#27;[32m▓&amp#27;[0m&amp#27;[32m▓&amp#27;[0m&amp#27;[33m▓&amp#27;[0m&amp#27;[33m▓&amp#27;[0m&amp#27;[32m▓&amp#27;[0m&amp#27;[34m▓&amp#27;[0m&amp#27;[34m▓&amp#27;[0m&amp#27;[34m▓&amp#27;[0m&amp#27;[33m▓&amp#27;[0m&amp#27;[34m▓&amp#27;[0m&amp#27;[34m▓&amp#27;[0m&amp#27;[32m█&amp#27;[0m&amp#27;[33m▓&amp#27;[0m&amp#27;[34m▓&amp#27;[0m&amp#27;[32m░&amp#27;[0m&amp#27;[34m▓&amp#27;[0m&amp#27;[34m▓&amp#27;[0m&amp#27;[34m▓&amp#27;[0m&amp#27;[34m▓&amp#27;[0m&amp#27;[33m▓&amp#27;[0m&amp#27;[33m▓&amp#27;[0m&amp#27;[33m▓&amp#27;[0m&amp#27;[33m▓&amp#27;[0m&amp#27;[32m█&amp#27;[0m&amp#27;[34m▓&amp#27;[0m&amp#27;[34m▓&amp#27;[0m&amp#27;[34m▓&amp#27;[0m&amp#27;[34m▓&amp#27;[0m&amp#27;[34m▓&amp#27;[0m&amp#27;[32m░&amp#27;[0m&amp#27;[34m▓&amp#27;[0m&amp#27;[32m█&amp#27;[0m&amp#27;[32m█&amp#27;[0m&amp#27;[32m█&amp#27;[0m&amp#27;[32m█&amp#27;[0m&amp#27;[32m█&amp#27;[0m&amp#27;[32m█&amp#27;[0m&amp#27;[32m█&amp#27;[0m&amp#27;[32m█&amp#27;[0m&amp#27;[32m░&amp#27;[0m&amp#27;[33m▓&amp#27;[0m&amp#27;[32m░&amp#27;[0m&amp#27;[32m░&amp#27;[0m&amp#27;[32m░&amp#27;[0m&amp#27;[32m░&amp#27;[0m&amp#27;[34m▓&amp#27;[0m&amp#27;[32m█&amp#27;[0m&amp#27;[32m█&amp#27;[0m&amp#27;[32m█&amp#27;[0m&amp#27;[32m░&amp#27;[0m&amp#27;[32m░&amp#27;[0m&amp#27;[32m█&amp#27;[0m&amp#27;[32m▒&amp#27;[0m&amp#27;[32m▒&amp#27;[0m&amp#27;[32m▒&amp#27;[0m&amp#27;[32m█&amp#27;[0m&amp#27;[32m█&amp#27;[0m&amp#27;[32m█&amp#27;[0m&amp#27;[32m█&amp#27;[0m&amp#27;[32m█&amp#27;[0m&amp#27;[32m█&amp#27;[0m&amp#27;[32m█&amp#27;[0m&amp#27;[32m▒&amp#27;[0m&amp#27;[32m▒&amp#27;[0m&amp#27;[32m█&amp#27;[0m&amp#27;[32m▓&amp#27;[0m&amp#27;[32m▓&amp#27;[0m&amp#27;[32m▓&amp#27;[0m&amp#27;[32m▒&amp#27;[0m&amp#27;[32m▒&amp#27;[0m&amp#27;[32m▒&amp#27;[0m&amp#27;[32m▓&amp#27;[0m&amp#27;[32m▓&amp#27;[0m&amp#27;[32m▓&amp#27;[0m&amp#27;[32m▓&amp#27;[0m&amp#27;[32m▓&amp#27;[0m&amp#27;[32m▓&amp#27;[0m&amp#27;[32m▓&amp#27;[0m&amp#27;[32m▓&amp#27;[0m&amp#27;[32m▓&amp#27;[0m&amp#27;[32m▒&amp#27;[0m&amp#27;[32m▓&amp#27;[0m&amp#27;[32m▒&amp#27;[0m&amp#27;[32m▓&amp#27;[0m&amp#27;[32m▓&amp#27;[0m&amp#27;[32m▓&amp#27;[0m&amp#27;[34m▓&amp#27;[0m&amp#27;[32m▒&amp#27;[0m&amp#27;[32m░&amp#27;[0m&amp#27;[32m▒&amp#27;[0m&amp#27;[32m█&amp#27;[0m&amp#27;[32m░&amp#27;[0m&amp#27;[32m░&amp#27;[0m&amp#27;[32m▒&amp#27;[0m&amp#27;[33m▓&amp#27;[0m&amp#27;[33m▓&amp#27;[0m&amp#27;[32m▒&amp#27;[0m&amp#27;[33m▓&amp#27;[0m&amp#27;[32m▒&amp#27;[0m&amp#27;[33m▓&amp#27;[0m&amp#27;[33m▓&amp#27;[0m&amp#27;[33m▓&amp#27;[0m&amp#27;[33m▓&amp#27;[0m&amp#27;[34m▓&amp#27;[0m&amp#27;[34m▓&amp#27;[0m&amp#27;[34m▓&amp#27;[0m&amp#27;[34m▓&amp#27;[0m&amp#27;[34m▓&amp#27;[0m&amp#27;[34m▓&amp#27;[0m&amp#27;[34m▓&amp#27;[0m&amp#27;[34m▓&amp#27;[0m&amp#27;[34m▓&amp#27;[0m&amp#27;[34m▓&amp#27;[0m&amp#27;[34m▓&amp#27;[0m&amp#27;[32m░&amp#27;[0m&amp#27;[32m▒&amp#27;[0m&amp#27;[32m░&amp#27;[0m&amp#27;[32m▒&amp#27;[0m&amp#27;[32m░&amp#27;[0m&amp#27;[33m▓&amp#27;[0m&amp#27;[33m▓&amp#27;[0m&amp#27;[32m▒&amp#27;[0m&amp#27;[33m▓&amp#27;[0m&amp#27;[33m▓&amp#27;[0m&amp#27;[33m▓&amp#27;[0m&amp#27;[32m▒&amp#27;[0m&amp#27;[33m▓&amp#27;[0m&amp#27;[33m▓&amp#27;[0m&amp#27;[33m▓&amp#27;[0m&amp#27;[33m▓&amp#27;[0m&amp#27;[33m▓&amp#27;[0m&amp#27;[33m▓&amp#27;[0m&amp#27;[32m█&amp#27;[0m&amp#27;[32m█&amp#27;[0m&amp#27;[32m█&amp#27;[0m&amp#27;[32m▒&amp#27;[0m&amp#27;[32m█&amp#27;[0m&amp#27;[32m█&amp#27;[0m&amp#27;[32m█&amp#27;[0m&amp#27;[34m▓&amp#27;[0m&amp#27;[34m▓&amp#27;[0m&amp#27;[34m▓&amp#27;[0m&amp#27;[34m▓&amp#27;[0m&amp#27;[32m▒&amp#27;[0m&amp#27;[33m▓&amp#27;[0m&amp#27;[33m▓&amp#27;[0m&amp#27;[33m▓&amp#27;[0m&amp#27;[33m▓&amp#27;[0m&amp#27;[33m▓&amp#27;[0m&amp#27;[33m▓&amp#27;[0m&amp#27;[34m▓&amp#27;[0m&amp#27;[32m▒&amp#27;[0m&amp#27;[34m▓&amp#27;[0m&amp#27;[34m▓&amp#27;[0m&amp#27;[34m▓&amp#27;[0m&amp#27;[32m░&amp#27;[0m&amp#27;[32m░&amp#27;[0m&amp#27;[32m▓&amp#27;[0m&amp#27;[32m▒&amp#27;[0m&amp#27;[32m▒&amp#27;[0m&amp#27;[32m▒&amp#27;[0m&amp#27;[32m▒&amp#27;[0m&amp#27;[32m▒&amp#27;[0m&amp#27;[32m▒&amp#27;[0m&amp#27;[32m▒&amp#27;[0m&amp#27;[32m▒&amp#27;[0m&amp#27;[32m▒&amp#27;[0m&amp#27;[32m▒&amp#27;[0m&amp#27;[32m▒&amp#27;[0m&amp#27;[32m▒&amp#27;[0m&amp#27;[32m▒&amp#27;[0m&amp#27;[32m▒&amp#27;[0m&amp#27;[34m▓&amp#27;[0m&amp#27;[34m▓&amp#27;[0m&amp#27;[34m▓&amp#27;[0m&amp#27;[32m▒&amp#27;[0m&amp#27;[32m░&amp#27;[0m&amp#27;[32m░&amp#27;[0m&amp#27;[33m▓&amp#27;[0m&amp#27;[33m▓&amp#27;[0m&amp#27;[33m▓&amp#27;[0m&amp#27;[32m░&amp#27;[0m&amp#27;[32m░&amp#27;[0m&amp#27;[32m░&amp#27;[0m&amp#27;[32m░&amp#27;[0m&amp#27;[32m░&amp#27;[0m&amp#27;[32m░&amp#27;[0m&amp#27;[32m█&amp#27;[0m&amp#27;[32m▒&amp#27;[0m&amp#27;[32m▒&amp#27;[0m&amp#27;[32m░&amp#27;[0m&amp#27;[33m▓&amp#27;[0m&amp#27;[33m▓&amp#27;[0m&amp#27;[33m▓&amp#27;[0m&amp#27;[32m▒&amp#27;[0m&amp#27;[33m▓&amp#27;[0m&amp#27;[33m▓&amp#27;[0m&amp#27;[33m▓&amp#27;[0m&amp#27;[33m▓&amp#27;[0m&amp#27;[33m▓&amp#27;[0m&amp#27;[33m▓&amp#27;[0m&amp#27;[33m▓&amp#27;[0m&amp#27;[33m▓&amp#27;[0m&amp#27;[33m▓&amp#27;[0m&amp#27;[32m▒&amp#27;[0m&amp#27;[32m▒&amp#27;[0m&amp#27;[32m░&amp#27;[0m&amp#27;[32m▓&amp#27;[0m&amp#27;[32m░&amp#27;[0m&amp#27;[32m░&amp#27;[0m&amp#27;[32m░&amp#27;[0m&amp#27;[32m░&amp#27;[0m&amp#27;[32m░&amp#27;[0m&amp#27;[32m░&amp#27;[0m&amp#27;[32m░&amp#27;[0m&amp#27;[32m░&amp#27;[0m&amp#27;[32m░&amp#27;[0m&amp#27;[34m▓&amp#27;[0m&amp#27;[34m▓&amp#27;[0m&amp#27;[34m▓&amp#27;[0m&amp#27;[34m▓&amp#27;[0m&amp#27;[34m▓&amp#27;[0m&amp#27;[34m▓&amp#27;[0m&amp#27;[32m▓&amp#27;[0m&amp#27;[32m▓&amp#27;[0m&amp#27;[32m▓&amp#27;[0m&amp#27;[32m▓&amp#27;[0m&amp#27;[33m▓&amp#27;[0m&amp#27;[32m▓&amp#27;[0m&amp#27;[32m▓&amp#27;[0m&amp#27;[34m▓&amp#27;[0m&amp#27;[32m░&amp#27;[0m&amp#27;[32m▓&amp#27;[0m&amp#27;[32m░&amp#27;[0m&amp#27;[32m░&amp#27;[0m&amp#27;[32m░&amp#27;[0m&amp#27;[32m▓&amp#27;[0m&amp#27;[32m▓&amp#27;[0m&amp#27;[32m▓&amp#27;[0m&amp#27;[32m▒&amp#27;[0m&amp#27;[32m█&amp#27;[0m&amp#27;[32m█&amp#27;[0m&amp#27;[34m▓&amp#27;[0m&amp#27;[34m▓&amp#27;[0m&amp#27;[34m▓&amp#27;[0m&amp#27;[34m▓&amp#27;[0m&amp#27;[32m▓&amp#27;[0m&amp#27;[32m▓&amp#27;[0m&amp#27;[32m▓&amp#27;[0m&amp#27;[32m▓&amp#27;[0m&amp#27;[32m▓&amp#27;[0m&amp#27;[32m▓&amp#27;[0m&amp#27;[32m▓&amp#27;[0m&amp#27;[32m▓&amp#27;[0m&amp#27;[32m▓&amp#27;[0m&amp#27;[32m▓&amp#27;[0m&amp#27;[32m▓&amp#27;[0m&amp#27;[32m▓&amp#27;[0m&amp#27;[32m▓&amp#27;[0m&amp#27;[32m▓&amp#27;[0m&amp#27;[32m▓&amp#27;[0m&amp#27;[32m▓&amp#27;[0m&amp#27;[32m▓&amp#27;[0m&amp#27;[32m▓&amp#27;[0m&amp#27;[32m▓&amp#27;[0m&amp#27;[32m▓&amp#27;[0m&amp#27;[32m▓&amp#27;[0m&amp#27;[32m▓&amp#27;[0m&amp#27;[32m█&amp#27;[0m&amp#27;[32m█&amp#27;[0m&amp#27;[32m█&amp#27;[0m&amp#27;[32m█&amp#27;[0m&amp#27;[32m█&amp#27;[0m&amp#27;[32m▓&amp#27;[0m&amp#27;[32m▓&amp#27;[0m&amp#27;[32m▓&amp#27;[0m&amp#27;[32m▓&amp#27;[0m&amp#27;[32m░&amp#27;[0m&amp#27;[32m░&amp#27;[0m&amp#27;[32m░&amp#27;[0m&amp#27;[32m░&amp#27;[0m&amp#27;[34m▓&amp#27;[0m&amp#27;[34m▓&amp#27;[0m&amp#27;[34m▓&amp#27;[0m&amp#27;[34m▓&amp#27;[0m&amp#27;[32m█&amp#27;[0m&amp#27;[32m█&amp#27;[0m&amp#27;[32m█&amp#27;[0m&amp#27;[32m█&amp#27;[0m&amp#27;[32m█&amp#27;[0m&amp#27;[33m▓&amp#27;[0m&amp#27;[32m█&amp#27;[0m&amp#27;[32m█&amp#27;[0m&amp#27;[32m█&amp#27;[0m
&amp#27;[33m▓&amp#27;[0m&amp#27;[33m▓&amp#27;[0m&amp#27;[32m▓&amp#27;[0m&amp#27;[32m▓&amp#27;[0m&amp#27;[32m▓&amp#27;[0m&amp#27;[32m▓&amp#27;[0m&amp#27;[32m▓&amp#27;[0m&amp#27;[32m▓&amp#27;[0m&amp#27;[32m▓&amp#27;[0m&amp#27;[32m▓&amp#27;[0m&amp#27;[33m▓&amp#27;[0m&amp#27;[34m▓&amp#27;[0m&amp#27;[33m▓&amp#27;[0m&amp#27;[34m▓&amp#27;[0m&amp#27;[33m▓&amp#27;[0m&amp#27;[33m▓&amp#27;[0m&amp#27;[33m▓&amp#27;[0m&amp#27;[32m▓&amp#27;[0m&amp#27;[33m▓&amp#27;[0m&amp#27;[33m▓&amp#27;[0m&amp#27;[32m█&amp#27;[0m&amp#27;[34m▓&amp#27;[0m&amp#27;[34m▓&amp#27;[0m&amp#27;[34m▓&amp#27;[0m&amp#27;[34m▓&amp#27;[0m&amp#27;[34m▓&amp#27;[0m&amp#27;[34m▓&amp#27;[0m&amp#27;[32m▓&amp#27;[0m&amp#27;[34m▓&amp#27;[0m&amp#27;[33m▓&amp#27;[0m&amp#27;[34m▓&amp#27;[0m&amp#27;[32m░&amp#27;[0m&amp#27;[34m▓&amp#27;[0m&amp#27;[33m▓&amp#27;[0m&amp#27;[34m▓&amp#27;[0m&amp#27;[33m▓&amp#27;[0m&amp#27;[32m█&amp#27;[0m&amp#27;[33m▓&amp#27;[0m&amp#27;[33m▓&amp#27;[0m&amp#27;[32m█&amp#27;[0m&amp#27;[32m█&amp#27;[0m&amp#27;[32m█&amp#27;[0m&amp#27;[33m▓&amp#27;[0m&amp#27;[33m▓&amp#27;[0m&amp#27;[33m▓&amp#27;[0m&amp#27;[32m█&amp#27;[0m&amp#27;[32m░&amp#27;[0m&amp#27;[32m░&amp#27;[0m&amp#27;[33m▓&amp#27;[0m&amp#27;[32m░&amp#27;[0m&amp#27;[32m░&amp#27;[0m&amp#27;[32m▒&amp#27;[0m&amp#27;[32m▒&amp#27;[0m&amp#27;[32m█&amp#27;[0m&amp#27;[32m░&amp#27;[0m&amp#27;[32m░&amp#27;[0m&amp#27;[32m░&amp#27;[0m&amp#27;[32m▓&amp#27;[0m&amp#27;[32m█&amp#27;[0m&amp#27;[32m█&amp#27;[0m&amp#27;[32m▒&amp#27;[0m&amp#27;[32m█&amp#27;[0m&amp#27;[32m█&amp#27;[0m&amp#27;[32m█&amp#27;[0m&amp#27;[32m█&amp#27;[0m&amp#27;[32m▒&amp#27;[0m&amp#27;[32m▒&amp#27;[0m&amp#27;[32m█&amp#27;[0m&amp#27;[32m█&amp#27;[0m&amp#27;[32m█&amp#27;[0m&amp#27;[32m▒&amp#27;[0m&amp#27;[32m▒&amp#27;[0m&amp#27;[32m▓&amp#27;[0m&amp#27;[32m▓&amp#27;[0m&amp#27;[32m▓&amp#27;[0m&amp#27;[32m▓&amp#27;[0m&amp#27;[32m▒&amp#27;[0m&amp#27;[32m▓&amp#27;[0m&amp#27;[32m▓&amp#27;[0m&amp#27;[32m▓&amp#27;[0m&amp#27;[32m▓&amp#27;[0m&amp#27;[32m▒&amp#27;[0m&amp#27;[32m▒&amp#27;[0m&amp#27;[32m▒&amp#27;[0m&amp#27;[32m▓&amp#27;[0m&amp#27;[32m▓&amp#27;[0m&amp#27;[32m▓&amp#27;[0m&amp#27;[32m▓&amp#27;[0m&amp#27;[32m▒&amp#27;[0m&amp#27;[32m▓&amp#27;[0m&amp#27;[32m█&amp#27;[0m&amp#27;[32m█&amp#27;[0m&amp#27;[32m█&amp#27;[0m&amp#27;[34m▓&amp#27;[0m&amp#27;[34m▓&amp#27;[0m&amp#27;[32m░&amp#27;[0m&amp#27;[32m░&amp#27;[0m&amp#27;[32m▒&amp#27;[0m&amp#27;[32m░&amp#27;[0m&amp#27;[32m▒&amp#27;[0m&amp#27;[32m░&amp#27;[0m&amp#27;[33m▓&amp#27;[0m&amp#27;[33m▓&amp#27;[0m&amp#27;[33m▓&amp#27;[0m&amp#27;[32m▒&amp#27;[0m&amp#27;[33m▓&amp#27;[0m&amp#27;[33m▓&amp#27;[0m&amp#27;[33m▓&amp#27;[0m&amp#27;[33m▓&amp#27;[0m&amp#27;[34m▓&amp#27;[0m&amp#27;[34m▓&amp#27;[0m&amp#27;[34m▓&amp#27;[0m&amp#27;[34m▓&amp#27;[0m&amp#27;[32m▒&amp#27;[0m&amp#27;[34m▓&amp#27;[0m&amp#27;[32m▒&amp#27;[0m&amp#27;[34m▓&amp#27;[0m&amp#27;[34m▓&amp#27;[0m&amp#27;[34m▓&amp#27;[0m&amp#27;[32m▒&amp#27;[0m&amp#27;[33m▓&amp#27;[0m&amp#27;[34m▓&amp#27;[0m&amp#27;[32m░&amp#27;[0m&amp#27;[32m░&amp#27;[0m&amp#27;[32m░&amp#27;[0m&amp#27;[33m▓&amp#27;[0m&amp#27;[33m▓&amp#27;[0m&amp#27;[32m▒&amp#27;[0m&amp#27;[33m▓&amp#27;[0m&amp#27;[33m▓&amp#27;[0m&amp#27;[33m▓&amp#27;[0m&amp#27;[33m▓&amp#27;[0m&amp#27;[33m▓&amp#27;[0m&amp#27;[32m▒&amp#27;[0m&amp#27;[33m▓&amp#27;[0m&amp#27;[33m▓&amp#27;[0m&amp#27;[33m▓&amp#27;[0m&amp#27;[33m▓&amp#27;[0m&amp#27;[33m▓&amp#27;[0m&amp#27;[32m█&amp#27;[0m&amp#27;[32m█&amp#27;[0m&amp#27;[32m█&amp#27;[0m&amp#27;[32m▒&amp#27;[0m&amp#27;[32m▒&amp#27;[0m&amp#27;[32m█&amp#27;[0m&amp#27;[34m▓&amp#27;[0m&amp#27;[32m▒&amp#27;[0m&amp#27;[34m▓&amp#27;[0m&amp#27;[34m▓&amp#27;[0m&amp#27;[34m▓&amp#27;[0m&amp#27;[34m▓&amp#27;[0m&amp#27;[34m▓&amp#27;[0m&amp#27;[34m▓&amp#27;[0m&amp#27;[34m▓&amp#27;[0m&amp#27;[34m▓&amp#27;[0m&amp#27;[32m█&amp#27;[0m&amp#27;[34m▓&amp#27;[0m&amp#27;[34m▓&amp#27;[0m&amp#27;[34m▓&amp#27;[0m&amp#27;[32m▒&amp#27;[0m&amp#27;[34m▓&amp#27;[0m&amp#27;[32m▒&amp#27;[0m&amp#27;[32m▒&amp#27;[0m&amp#27;[34m▓&amp#27;[0m&amp#27;[34m▓&amp#27;[0m&amp#27;[32m▒&amp#27;[0m&amp#27;[32m▒&amp#27;[0m&amp#27;[32m▒&amp#27;[0m&amp#27;[32m▒&amp#27;[0m&amp#27;[32m▒&amp#27;[0m&amp#27;[32m▒&amp#27;[0m&amp#27;[32m▒&amp#27;[0m&amp#27;[32m▒&amp#27;[0m&amp#27;[32m▒&amp#27;[0m&amp#27;[32m▒&amp#27;[0m&amp#27;[32m▒&amp#27;[0m&amp#27;[32m▒&amp#27;[0m&amp#27;[34m▓&amp#27;[0m&amp#27;[34m▓&amp#27;[0m&amp#27;[34m▓&amp#27;[0m&amp#27;[32m░&amp#27;[0m&amp#27;[32m░&amp#27;[0m&amp#27;[32m░&amp#27;[0m&amp#27;[32m░&amp#27;[0m&amp#27;[33m▓&amp#27;[0m&amp#27;[32m▒&amp#27;[0m&amp#27;[32m░&amp#27;[0m&amp#27;[32m░&amp#27;[0m&amp#27;[32m░&amp#27;[0m&amp#27;[32m░&amp#27;[0m&amp#27;[32m░&amp#27;[0m&amp#27;[32m░&amp#27;[0m&amp#27;[32m▒&amp#27;[0m&amp#27;[32m░&amp#27;[0m&amp#27;[32m░&amp#27;[0m&amp#27;[32m░&amp#27;[0m&amp#27;[33m▓&amp#27;[0m&amp#27;[33m▓&amp#27;[0m&amp#27;[33m▓&amp#27;[0m&amp#27;[33m▓&amp#27;[0m&amp#27;[33m▓&amp#27;[0m&amp#27;[33m▓&amp#27;[0m&amp#27;[33m▓&amp#27;[0m&amp#27;[33m▓&amp#27;[0m&amp#27;[33m▓&amp#27;[0m&amp#27;[33m▓&amp#27;[0m&amp#27;[33m▓&amp#27;[0m&amp#27;[33m▓&amp#27;[0m&amp#27;[32m▒&amp#27;[0m&amp#27;[33m▓&amp#27;[0m&amp#27;[33m▓&amp#27;[0m&amp#27;[33m▓&amp#27;[0m&amp#27;[32m░&amp#27;[0m&amp#27;[32m░&amp#27;[0m&amp#27;[32m░&amp#27;[0m&amp#27;[32m░&amp#27;[0m&amp#27;[32m░&amp#27;[0m&amp#27;[32m▓&amp#27;[0m&amp#27;[32m░&amp#27;[0m&amp#27;[32m░&amp#27;[0m&amp#27;[32m▓&amp#27;[0m&amp#27;[32m▒&amp#27;[0m&amp#27;[32m░&amp#27;[0m&amp#27;[32m░&amp#27;[0m&amp#27;[34m▓&amp#27;[0m&amp#27;[34m▓&amp#27;[0m&amp#27;[34m▓&amp#27;[0m&amp#27;[34m▓&amp#27;[0m&amp#27;[34m▓&amp#27;[0m&amp#27;[32m▒&amp#27;[0m&amp#27;[32m▒&amp#27;[0m&amp#27;[32m▓&amp#27;[0m&amp#27;[32m▓&amp#27;[0m&amp#27;[32m▓&amp#27;[0m&amp#27;[32m▓&amp#27;[0m&amp#27;[32m▓&amp#27;[0m&amp#27;[34m▓&amp#27;[0m&amp#27;[32m▒&amp#27;[0m&amp#27;[32m░&amp#27;[0m&amp#27;[33m▓&amp#27;[0m&amp#27;[32m░&amp#27;[0m&amp#27;[32m░&amp#27;[0m&amp#27;[32m░&amp#27;[0m&amp#27;[32m▓&amp#27;[0m&amp#27;[32m█&amp#27;[0m&amp#27;[32m█&amp#27;[0m&amp#27;[32m█&amp#27;[0m&amp#27;[32m█&amp#27;[0m&amp#27;[32m█&amp#27;[0m&amp#27;[32m▒&amp#27;[0m&amp#27;[34m▓&amp#27;[0m&amp#27;[34m▓&amp#27;[0m&amp#27;[32m▓&amp#27;[0m&amp#27;[32m▒&amp#27;[0m&amp#27;[32m▒&amp#27;[0m&amp#27;[32m▓&amp#27;[0m&amp#27;[32m▓&amp#27;[0m&amp#27;[32m▓&amp#27;[0m&amp#27;[32m▓&amp#27;[0m&amp#27;[32m▓&amp#27;[0m&amp#27;[32m▓&amp#27;[0m&amp#27;[32m▓&amp#27;[0m&amp#27;[32m▓&amp#27;[0m&amp#27;[32m▓&amp#27;[0m&amp#27;[32m▒&amp#27;[0m&amp#27;[32m█&amp#27;[0m&amp#27;[32m▓&amp#27;[0m&amp#27;[32m▓&amp#27;[0m&amp#27;[32m▓&amp#27;[0m&amp#27;[32m▓&amp#27;[0m&amp#27;[32m▓&amp#27;[0m&amp#27;[32m▓&amp#27;[0m&amp#27;[32m█&amp#27;[0m&amp#27;[32m█&amp#27;[0m&amp#27;[32m█&amp#27;[0m&amp#27;[32m█&amp#27;[0m&amp#27;[32m█&amp#27;[0m&amp#27;[32m█&amp#27;[0m&amp#27;[32m█&amp#27;[0m&amp#27;[33m▓&amp#27;[0m&amp#27;[32m▓&amp#27;[0m&amp#27;[32m▓&amp#27;[0m&amp#27;[32m░&amp#27;[0m&amp#27;[32m░&amp#27;[0m&amp#27;[32m░&amp#27;[0m&amp#27;[32m░&amp#27;[0m&amp#27;[32m░&amp#27;[0m&amp#27;[32m▓&amp#27;[0m&amp#27;[32m▓&amp#27;[0m&amp#27;[32m█&amp#27;[0m&amp#27;[34m▓&amp#27;[0m&amp#27;[32m▒&amp#27;[0m&amp#27;[32m█&amp#27;[0m&amp#27;[32m█&amp#27;[0m&amp#27;[32m█&amp#27;[0m&amp#27;[32m█&amp#27;[0m&amp#27;[32m█&amp#27;[0m&amp#27;[32m█&amp#27;[0m&amp#27;[32m█&amp#27;[0m&amp#27;[32m█&amp#27;[0m
&amp#27;[32m▓&amp#27;[0m&amp#27;[32m▓&amp#27;[0m&amp#27;[32m▓&amp#27;[0m&amp#27;[33m▓&amp#27;[0m&amp#27;[33m▓&amp#27;[0m&amp#27;[33m▓&amp#27;[0m&amp#27;[32m▓&amp#27;[0m&amp#27;[32m▓&amp#27;[0m&amp#27;[33m▓&amp#27;[0m&amp#27;[32m▓&amp#27;[0m&amp#27;[33m▓&amp#27;[0m&amp#27;[32m░&amp#27;[0m&amp#27;[34m▓&amp#27;[0m&amp#27;[34m▓&amp#27;[0m&amp#27;[34m▓&amp#27;[0m&amp#27;[34m▓&amp#27;[0m&amp#27;[34m▓&amp#27;[0m&amp#27;[32m▓&amp#27;[0m&amp#27;[33m▓&amp#27;[0m&amp#27;[34m▓&amp#27;[0m&amp#27;[34m▓&amp#27;[0m&amp#27;[33m▓&amp#27;[0m&amp#27;[33m▓&amp#27;[0m&amp#27;[34m▓&amp#27;[0m&amp#27;[34m▓&amp#27;[0m&amp#27;[34m▓&amp#27;[0m&amp#27;[34m▓&amp#27;[0m&amp#27;[34m▓&amp#27;[0m&amp#27;[32m░&amp#27;[0m&amp#27;[34m▓&amp#27;[0m&amp#27;[33m▓&amp#27;[0m&amp#27;[33m▓&amp#27;[0m&amp#27;[34m▓&amp#27;[0m&amp#27;[33m▓&amp#27;[0m&amp#27;[34m▓&amp#27;[0m&amp#27;[32m█&amp#27;[0m&amp#27;[32m█&amp#27;[0m&amp#27;[32m█&amp#27;[0m&amp#27;[32m█&amp#27;[0m&amp#27;[32m█&amp#27;[0m&amp#27;[33m▓&amp#27;[0m&amp#27;[32m█&amp#27;[0m&amp#27;[32m█&amp#27;[0m&amp#27;[32m█&amp#27;[0m&amp#27;[32m█&amp#27;[0m&amp#27;[33m▓&amp#27;[0m&amp#27;[33m▓&amp#27;[0m&amp#27;[32m░&amp#27;[0m&amp#27;[32m░&amp#27;[0m&amp#27;[32m░&amp#27;[0m&amp#27;[32m░&amp#27;[0m&amp#27;[34m▓&amp#27;[0m&amp#27;[32m▒&amp#27;[0m&amp#27;[32m▒&amp#27;[0m&amp#27;[32m▒&amp#27;[0m&amp#27;[32m░&amp#27;[0m&amp#27;[32m░&amp#27;[0m&amp#27;[32m▓&amp#27;[0m&amp#27;[32m▓&amp#27;[0m&amp#27;[32m▓&amp#27;[0m&amp#27;[32m▓&amp#27;[0m&amp#27;[32m▒&amp#27;[0m&amp#27;[32m▒&amp#27;[0m&amp#27;[32m▒&amp#27;[0m&amp#27;[32m█&amp#27;[0m&amp#27;[32m█&amp#27;[0m&amp#27;[32m█&amp#27;[0m&amp#27;[32m▓&amp#27;[0m&amp#27;[32m▒&amp#27;[0m&amp#27;[32m▓&amp#27;[0m&amp#27;[32m▓&amp#27;[0m&amp#27;[32m▒&amp#27;[0m&amp#27;[32m▓&amp#27;[0m&amp#27;[32m▓&amp#27;[0m&amp#27;[32m▓&amp#27;[0m&amp#27;[32m▓&amp#27;[0m&amp#27;[32m▓&amp#27;[0m&amp#27;[32m▒&amp#27;[0m&amp#27;[32m▒&amp#27;[0m&amp#27;[32m▓&amp#27;[0m&amp#27;[32m▓&amp#27;[0m&amp#27;[32m▓&amp#27;[0m&amp#27;[32m▓&amp#27;[0m&amp#27;[32m▒&amp#27;[0m&amp#27;[32m▓&amp#27;[0m&amp#27;[32m▒&amp#27;[0m&amp#27;[32m▓&amp#27;[0m&amp#27;[32m▓&amp#27;[0m&amp#27;[32m▓&amp#27;[0m&amp#27;[32m▓&amp#27;[0m&amp#27;[32m█&amp#27;[0m&amp#27;[32m█&amp#27;[0m&amp#27;[32m▒&amp#27;[0m&amp#27;[34m▓&amp#27;[0m&amp#27;[34m▓&amp#27;[0m&amp#27;[34m▓&amp#27;[0m&amp#27;[32m░&amp#27;[0m&amp#27;[32m░&amp#27;[0m&amp#27;[32m░&amp#27;[0m&amp#27;[32m▒&amp#27;[0m&amp#27;[32m░&amp#27;[0m&amp#27;[32m░&amp#27;[0m&amp#27;[33m▓&amp#27;[0m&amp#27;[33m▓&amp#27;[0m&amp#27;[32m▒&amp#27;[0m&amp#27;[33m▓&amp#27;[0m&amp#27;[33m▓&amp#27;[0m&amp#27;[33m▓&amp#27;[0m&amp#27;[32m░&amp#27;[0m&amp#27;[32m░&amp#27;[0m&amp#27;[34m▓&amp#27;[0m&amp#27;[34m▓&amp#27;[0m&amp#27;[34m▓&amp#27;[0m&amp#27;[34m▓&amp#27;[0m&amp#27;[32m░&amp#27;[0m&amp#27;[32m▒&amp#27;[0m&amp#27;[34m▓&amp#27;[0m&amp#27;[32m█&amp#27;[0m&amp#27;[32m█&amp#27;[0m&amp#27;[32m█&amp#27;[0m&amp#27;[34m▓&amp#27;[0m&amp#27;[32m░&amp#27;[0m&amp#27;[32m▓&amp#27;[0m&amp#27;[32m▒&amp#27;[0m&amp#27;[33m▓&amp#27;[0m&amp#27;[33m▓&amp#27;[0m&amp#27;[33m▓&amp#27;[0m&amp#27;[32m▒&amp#27;[0m&amp#27;[33m▓&amp#27;[0m&amp#27;[33m▓&amp#27;[0m&amp#27;[32m▒&amp#27;[0m&amp#27;[32m▒&amp#27;[0m&amp#27;[33m▓&amp#27;[0m&amp#27;[33m▓&amp#27;[0m&amp#27;[33m▓&amp#27;[0m&amp#27;[32m▒&amp#27;[0m&amp#27;[32m▒&amp#27;[0m&amp#27;[33m▓&amp#27;[0m&amp#27;[33m▓&amp#27;[0m&amp#27;[32m█&amp#27;[0m&amp#27;[32m█&amp#27;[0m&amp#27;[32m█&amp#27;[0m&amp#27;[32m█&amp#27;[0m&amp#27;[32m█&amp#27;[0m&amp#27;[34m▓&amp#27;[0m&amp#27;[34m▓&amp#27;[0m&amp#27;[32m▒&amp#27;[0m&amp#27;[32m░&amp#27;[0m&amp#27;[34m▓&amp#27;[0m&amp#27;[34m▓&amp#27;[0m&amp#27;[34m▓&amp#27;[0m&amp#27;[34m▓&amp#27;[0m&amp#27;[34m▓&amp#27;[0m&amp#27;[34m▓&amp#27;[0m&amp#27;[34m▓&amp#27;[0m&amp#27;[34m▓&amp#27;[0m&amp#27;[32m▒&amp#27;[0m&amp#27;[32m▒&amp#27;[0m&amp#27;[34m▓&amp#27;[0m&amp#27;[34m▓&amp#27;[0m&amp#27;[34m▓&amp#27;[0m&amp#27;[34m▓&amp#27;[0m&amp#27;[34m▓&amp#27;[0m&amp#27;[34m▓&amp#27;[0m&amp#27;[34m▓&amp#27;[0m&amp#27;[34m▓&amp#27;[0m&amp#27;[34m▓&amp#27;[0m&amp#27;[32m▒&amp#27;[0m&amp#27;[32m▒&amp#27;[0m&amp#27;[32m▒&amp#27;[0m&amp#27;[32m▒&amp#27;[0m&amp#27;[32m▒&amp#27;[0m&amp#27;[32m▒&amp#27;[0m&amp#27;[32m▒&amp#27;[0m&amp#27;[32m▒&amp#27;[0m&amp#27;[32m▒&amp#27;[0m&amp#27;[34m▓&amp#27;[0m&amp#27;[34m▓&amp#27;[0m&amp#27;[32m▒&amp#27;[0m&amp#27;[34m▓&amp#27;[0m&amp#27;[32m▒&amp#27;[0m&amp#27;[32m░&amp#27;[0m&amp#27;[32m░&amp#27;[0m&amp#27;[32m▒&amp#27;[0m&amp#27;[33m▓&amp#27;[0m&amp#27;[32m░&amp#27;[0m&amp#27;[32m░&amp#27;[0m&amp#27;[32m░&amp#27;[0m&amp#27;[32m░&amp#27;[0m&amp#27;[32m▒&amp#27;[0m&amp#27;[32m░&amp#27;[0m&amp#27;[32m░&amp#27;[0m&amp#27;[32m░&amp#27;[0m&amp#27;[32m░&amp#27;[0m&amp#27;[32m░&amp#27;[0m&amp#27;[33m▓&amp#27;[0m&amp#27;[32m▒&amp#27;[0m&amp#27;[32m▒&amp#27;[0m&amp#27;[33m▓&amp#27;[0m&amp#27;[33m▓&amp#27;[0m&amp#27;[33m▓&amp#27;[0m&amp#27;[33m▓&amp#27;[0m&amp#27;[33m▓&amp#27;[0m&amp#27;[33m▓&amp#27;[0m&amp#27;[33m▓&amp#27;[0m&amp#27;[33m▓&amp#27;[0m&amp#27;[33m▓&amp#27;[0m&amp#27;[33m▓&amp#27;[0m&amp#27;[33m▓&amp#27;[0m&amp#27;[33m▓&amp#27;[0m&amp#27;[33m▓&amp#27;[0m&amp#27;[33m▓&amp#27;[0m&amp#27;[33m▓&amp#27;[0m&amp#27;[32m░&amp#27;[0m&amp#27;[32m░&amp#27;[0m&amp#27;[32m░&amp#27;[0m&amp#27;[32m░&amp#27;[0m&amp#27;[32m░&amp#27;[0m&amp#27;[32m░&amp#27;[0m&amp#27;[32m░&amp#27;[0m&amp#27;[32m░&amp#27;[0m&amp#27;[32m░&amp#27;[0m&amp#27;[32m▒&amp#27;[0m&amp#27;[32m░&amp#27;[0m&amp#27;[32m▒&amp#27;[0m&amp#27;[32m▒&amp#27;[0m&amp#27;[34m▓&amp#27;[0m&amp#27;[34m▓&amp#27;[0m&amp#27;[34m▓&amp#27;[0m&amp#27;[34m▓&amp#27;[0m&amp#27;[32m▓&amp#27;[0m&amp#27;[32m▓&amp#27;[0m&amp#27;[32m▓&amp#27;[0m&amp#27;[32m▓&amp#27;[0m&amp#27;[32m▓&amp#27;[0m&amp#27;[34m▓&amp#27;[0m&amp#27;[34m▓&amp#27;[0m&amp#27;[32m░&amp#27;[0m&amp#27;[32m░&amp#27;[0m&amp#27;[32m░&amp#27;[0m&amp#27;[32m░&amp#27;[0m&amp#27;[32m░&amp#27;[0m&amp#27;[32m░&amp#27;[0m&amp#27;[32m█&amp#27;[0m&amp#27;[32m▒&amp#27;[0m&amp#27;[32m█&amp#27;[0m&amp#27;[32m█&amp#27;[0m&amp#27;[32m█&amp#27;[0m&amp#27;[32m█&amp#27;[0m&amp#27;[32m█&amp#27;[0m&amp#27;[34m▓&amp#27;[0m&amp#27;[34m▓&amp#27;[0m&amp#27;[32m▓&amp#27;[0m&amp#27;[32m▓&amp#27;[0m&amp#27;[32m▓&amp#27;[0m&amp#27;[32m▓&amp#27;[0m&amp#27;[32m▓&amp#27;[0m&amp#27;[32m▓&amp#27;[0m&amp#27;[32m▓&amp#27;[0m&amp#27;[32m▓&amp#27;[0m&amp#27;[33m▓&amp#27;[0m&amp#27;[32m▓&amp#27;[0m&amp#27;[32m▓&amp#27;[0m&amp#27;[32m▓&amp#27;[0m&amp#27;[32m▓&amp#27;[0m&amp#27;[32m▓&amp#27;[0m&amp#27;[32m▓&amp#27;[0m&amp#27;[32m▓&amp#27;[0m&amp#27;[32m▓&amp#27;[0m&amp#27;[32m▓&amp#27;[0m&amp#27;[32m▓&amp#27;[0m&amp#27;[32m▓&amp#27;[0m&amp#27;[32m▓&amp#27;[0m&amp#27;[32m█&amp#27;[0m&amp#27;[32m█&amp#27;[0m&amp#27;[32m█&amp#27;[0m&amp#27;[32m█&amp#27;[0m&amp#27;[32m█&amp#27;[0m&amp#27;[32m█&amp#27;[0m&amp#27;[33m▓&amp#27;[0m&amp#27;[32m░&amp#27;[0m&amp#27;[32m░&amp#27;[0m&amp#27;[32m░&amp#27;[0m&amp#27;[32m░&amp#27;[0m&amp#27;[32m░&amp#27;[0m&amp#27;[32m░&amp#27;[0m&amp#27;[32m▓&amp#27;[0m&amp#27;[32m▓&amp#27;[0m&amp#27;[32m▓&amp#27;[0m&amp#27;[32m▓&amp#27;[0m&amp#27;[32m▓&amp#27;[0m&amp#27;[32m░&amp#27;[0m&amp#27;[34m▓&amp#27;[0m&amp#27;[32m▓&amp#27;[0m&amp#27;[32m▓&amp#27;[0m&amp#27;[32m▓&amp#27;[0m&amp#27;[32m▓&amp#27;[0m&amp#27;[32m▓&amp#27;[0m&amp#27;[34m▓&amp#27;[0m&amp#27;[32m░&amp#27;[0m
&amp#27;[34m▓&amp#27;[0m&amp#27;[33m▓&amp#27;[0m&amp#27;[32m▓&amp#27;[0m&amp#27;[33m▓&amp#27;[0m&amp#27;[32m▓&amp#27;[0m&amp#27;[32m▓&amp#27;[0m&amp#27;[32m▓&amp#27;[0m&amp#27;[32m▓&amp#27;[0m&amp#27;[33m▓&amp#27;[0m&amp#27;[34m▓&amp#27;[0m&amp#27;[34m▓&amp#27;[0m&amp#27;[33m▓&amp#27;[0m&amp#27;[34m▓&amp#27;[0m&amp#27;[33m▓&amp#27;[0m&amp#27;[34m▓&amp#27;[0m&amp#27;[34m▓&amp#27;[0m&amp#27;[34m▓&amp#27;[0m&amp#27;[32m█&amp#27;[0m&amp#27;[33m▓&amp#27;[0m&amp#27;[33m▓&amp#27;[0m&amp#27;[33m▓&amp#27;[0m&amp#27;[34m▓&amp#27;[0m&amp#27;[32m░&amp#27;[0m&amp#27;[34m▓&amp#27;[0m&amp#27;[34m▓&amp#27;[0m&amp#27;[34m▓&amp#27;[0m&amp#27;[33m▓&amp#27;[0m&amp#27;[34m▓&amp#27;[0m&amp#27;[33m▓&amp#27;[0m&amp#27;[34m▓&amp#27;[0m&amp#27;[34m▓&amp#27;[0m&amp#27;[34m▓&amp#27;[0m&amp#27;[34m▓&amp#27;[0m&amp#27;[34m▓&amp#27;[0m&amp#27;[32m█&amp#27;[0m&amp#27;[32m█&amp#27;[0m&amp#27;[32m█&amp#27;[0m&amp#27;[32m█&amp#27;[0m&amp#27;[32m█&amp#27;[0m&amp#27;[32m█&amp#27;[0m&amp#27;[32m█&amp#27;[0m&amp#27;[32m█&amp#27;[0m&amp#27;[32m█&amp#27;[0m&amp#27;[32m█&amp#27;[0m&amp#27;[32m█&amp#27;[0m&amp#27;[32m█&amp#27;[0m&amp#27;[32m█&amp#27;[0m&amp#27;[33m▓&amp#27;[0m&amp#27;[32m░&amp#27;[0m&amp#27;[32m░&amp#27;[0m&amp#27;[32m░&amp#27;[0m&amp#27;[32m█&amp#27;[0m&amp#27;[34m▓&amp#27;[0m&amp#27;[32m░&amp#27;[0m&amp#27;[32m▒&amp#27;[0m&amp#27;[32m░&amp#27;[0m&amp#27;[32m▓&amp#27;[0m&amp#27;[32m▓&amp#27;[0m&amp#27;[32m▓&amp#27;[0m&amp#27;[32m▒&amp#27;[0m&amp#27;[32m▓&amp#27;[0m&amp#27;[32m▓&amp#27;[0m&amp#27;[32m▒&amp#27;[0m&amp#27;[32m▓&amp#27;[0m&amp#27;[32m▓&amp#27;[0m&amp#27;[32m▓&amp#27;[0m&amp#27;[32m▓&amp#27;[0m&amp#27;[32m▓&amp#27;[0m&amp#27;[32m▓&amp#27;[0m&amp#27;[32m▓&amp#27;[0m&amp#27;[32m▓&amp#27;[0m&amp#27;[32m▓&amp#27;[0m&amp#27;[32m▓&amp#27;[0m&amp#27;[32m▓&amp#27;[0m&amp#27;[32m▓&amp#27;[0m&amp#27;[32m▒&amp#27;[0m&amp#27;[32m▓&amp#27;[0m&amp#27;[32m▓&amp#27;[0m&amp#27;[32m▒&amp#27;[0m&amp#27;[33m▓&amp#27;[0m&amp#27;[32m▓&amp#27;[0m&amp#27;[32m▓&amp#27;[0m&amp#27;[32m▓&amp#27;[0m&amp#27;[32m▓&amp#27;[0m&amp#27;[32m▓&amp#27;[0m&amp#27;[32m▓&amp#27;[0m&amp#27;[32m▓&amp#27;[0m&amp#27;[33m▓&amp#27;[0m&amp#27;[32m▒&amp#27;[0m&amp#27;[32m▓&amp#27;[0m&amp#27;[32m█&amp#27;[0m&amp#27;[32m█&amp#27;[0m&amp#27;[32m█&amp#27;[0m&amp#27;[34m▓&amp#27;[0m&amp#27;[32m▒&amp#27;[0m&amp#27;[34m▓&amp#27;[0m&amp#27;[32m░&amp#27;[0m&amp#27;[32m░&amp#27;[0m&amp#27;[32m░&amp#27;[0m&amp#27;[32m░&amp#27;[0m&amp#27;[32m░&amp#27;[0m&amp#27;[34m▓&amp#27;[0m&amp#27;[34m▓&amp#27;[0m&amp#27;[34m▓&amp#27;[0m&amp#27;[32m▒&amp#27;[0m&amp#27;[32m▒&amp#27;[0m&amp#27;[32m░&amp#27;[0m&amp#27;[32m▒&amp#27;[0m&amp#27;[32m░&amp#27;[0m&amp#27;[32m░&amp#27;[0m&amp#27;[32m▒&amp#27;[0m&amp#27;[34m▓&amp#27;[0m&amp#27;[34m▓&amp#27;[0m&amp#27;[34m▓&amp#27;[0m&amp#27;[34m▓&amp#27;[0m&amp#27;[32m▒&amp#27;[0m&amp#27;[32m█&amp#27;[0m&amp#27;[32m█&amp#27;[0m&amp#27;[32m█&amp#27;[0m&amp#27;[32m█&amp#27;[0m&amp#27;[32m█&amp#27;[0m&amp#27;[32m░&amp#27;[0m&amp#27;[32m░&amp#27;[0m&amp#27;[32m░&amp#27;[0m&amp#27;[33m▓&amp#27;[0m&amp#27;[33m▓&amp#27;[0m&amp#27;[33m▓&amp#27;[0m&amp#27;[33m▓&amp#27;[0m&amp#27;[33m▓&amp#27;[0m&amp#27;[33m▓&amp#27;[0m&amp#27;[33m▓&amp#27;[0m&amp#27;[33m▓&amp#27;[0m&amp#27;[33m▓&amp#27;[0m&amp#27;[33m▓&amp#27;[0m&amp#27;[33m▓&amp#27;[0m&amp#27;[33m▓&amp#27;[0m&amp#27;[33m▓&amp#27;[0m&amp#27;[33m▓&amp#27;[0m&amp#27;[33m▓&amp#27;[0m&amp#27;[33m▓&amp#27;[0m&amp#27;[32m█&amp#27;[0m&amp#27;[32m█&amp#27;[0m&amp#27;[32m▒&amp#27;[0m&amp#27;[32m█&amp#27;[0m&amp#27;[34m▓&amp#27;[0m&amp#27;[34m▓&amp#27;[0m&amp#27;[34m▓&amp#27;[0m&amp#27;[34m▓&amp#27;[0m&amp#27;[32m█&amp#27;[0m&amp#27;[32m▒&amp#27;[0m&amp#27;[34m▓&amp#27;[0m&amp#27;[34m▓&amp#27;[0m&amp#27;[34m▓&amp#27;[0m&amp#27;[32m░&amp#27;[0m&amp#27;[34m▓&amp#27;[0m&amp#27;[34m▓&amp#27;[0m&amp#27;[32m▓&amp#27;[0m&amp#27;[32m▓&amp#27;[0m&amp#27;[32m▓&amp#27;[0m&amp#27;[34m▓&amp#27;[0m&amp#27;[34m▓&amp#27;[0m&amp#27;[34m▓&amp#27;[0m&amp#27;[34m▓&amp#27;[0m&amp#27;[34m▓&amp#27;[0m&amp#27;[34m▓&amp#27;[0m&amp#27;[34m▓&amp#27;[0m&amp#27;[32m▒&amp#27;[0m&amp#27;[34m▓&amp#27;[0m&amp#27;[33m▓&amp#27;[0m&amp#27;[32m▒&amp#27;[0m&amp#27;[32m▒&amp#27;[0m&amp#27;[32m▒&amp#27;[0m&amp#27;[32m▒&amp#27;[0m&amp#27;[32m▒&amp#27;[0m&amp#27;[34m▓&amp#27;[0m&amp#27;[34m▓&amp#27;[0m&amp#27;[34m▓&amp#27;[0m&amp#27;[34m▓&amp#27;[0m&amp#27;[34m▓&amp#27;[0m&amp#27;[32m█&amp#27;[0m&amp#27;[32m▒&amp#27;[0m&amp#27;[32m█&amp#27;[0m&amp#27;[32m░&amp#27;[0m&amp#27;[32m░&amp#27;[0m&amp#27;[32m░&amp#27;[0m&amp#27;[32m░&amp#27;[0m&amp#27;[32m░&amp#27;[0m&amp#27;[32m░&amp#27;[0m&amp#27;[32m░&amp#27;[0m&amp#27;[32m░&amp#27;[0m&amp#27;[32m░&amp#27;[0m&amp#27;[32m░&amp#27;[0m&amp#27;[32m░&amp#27;[0m&amp#27;[32m░&amp#27;[0m&amp#27;[32m▒&amp#27;[0m&amp#27;[33m▓&amp#27;[0m&amp#27;[33m▓&amp#27;[0m&amp#27;[33m▓&amp#27;[0m&amp#27;[33m▓&amp#27;[0m&amp#27;[33m▓&amp#27;[0m&amp#27;[33m▓&amp#27;[0m&amp#27;[33m▓&amp#27;[0m&amp#27;[33m▓&amp#27;[0m&amp#27;[32m▒&amp#27;[0m&amp#27;[32m▒&amp#27;[0m&amp#27;[32m▒&amp#27;[0m&amp#27;[33m▓&amp#27;[0m&amp#27;[33m▓&amp#27;[0m&amp#27;[33m▓&amp#27;[0m&amp#27;[33m▓&amp#27;[0m&amp#27;[33m▓&amp#27;[0m&amp#27;[33m▓&amp#27;[0m&amp#27;[33m▓&amp#27;[0m&amp#27;[32m░&amp#27;[0m&amp#27;[32m░&amp#27;[0m&amp#27;[32m░&amp#27;[0m&amp#27;[32m░&amp#27;[0m&amp#27;[32m░&amp#27;[0m&amp#27;[32m░&amp#27;[0m&amp#27;[32m░&amp#27;[0m&amp#27;[32m░&amp#27;[0m&amp#27;[32m░&amp#27;[0m&amp#27;[32m▒&amp#27;[0m&amp#27;[32m░&amp#27;[0m&amp#27;[32m░&amp#27;[0m&amp#27;[34m▓&amp#27;[0m&amp#27;[34m▓&amp#27;[0m&amp#27;[34m▓&amp#27;[0m&amp#27;[34m▓&amp#27;[0m&amp#27;[34m▓&amp#27;[0m&amp#27;[33m▓&amp#27;[0m&amp#27;[32m▓&amp#27;[0m&amp#27;[33m▓&amp#27;[0m&amp#27;[34m▓&amp#27;[0m&amp#27;[34m▓&amp#27;[0m&amp#27;[34m▓&amp#27;[0m&amp#27;[34m▓&amp#27;[0m&amp#27;[34m▓&amp#27;[0m&amp#27;[32m░&amp#27;[0m&amp#27;[32m░&amp#27;[0m&amp#27;[32m▓&amp#27;[0m&amp#27;[32m░&amp#27;[0m&amp#27;[32m▓&amp#27;[0m&amp#27;[32m█&amp#27;[0m&amp#27;[32m█&amp#27;[0m&amp#27;[32m█&amp#27;[0m&amp#27;[32m█&amp#27;[0m&amp#27;[32m█&amp#27;[0m&amp#27;[32m█&amp#27;[0m&amp#27;[32m█&amp#27;[0m&amp#27;[34m▓&amp#27;[0m&amp#27;[34m▓&amp#27;[0m&amp#27;[33m▓&amp#27;[0m&amp#27;[32m▓&amp#27;[0m&amp#27;[32m▓&amp#27;[0m&amp#27;[32m▓&amp#27;[0m&amp#27;[32m▓&amp#27;[0m&amp#27;[32m▓&amp#27;[0m&amp#27;[32m▓&amp#27;[0m&amp#27;[32m▓&amp#27;[0m&amp#27;[32m▒&amp#27;[0m&amp#27;[32m▓&amp#27;[0m&amp#27;[32m▓&amp#27;[0m&amp#27;[32m▓&amp#27;[0m&amp#27;[32m▓&amp#27;[0m&amp#27;[32m▓&amp#27;[0m&amp#27;[32m▓&amp#27;[0m&amp#27;[32m█&amp#27;[0m&amp#27;[32m▓&amp#27;[0m&amp#27;[32m▓&amp#27;[0m&amp#27;[32m▓&amp#27;[0m&amp#27;[32m▓&amp#27;[0m&amp#27;[32m█&amp#27;[0m&amp#27;[32m▒&amp#27;[0m&amp#27;[32m█&amp#27;[0m&amp#27;[32m█&amp#27;[0m&amp#27;[32m█&amp#27;[0m&amp#27;[32m█&amp#27;[0m&amp#27;[32m█&amp#27;[0m&amp#27;[32m█&amp#27;[0m&amp#27;[32m░&amp#27;[0m&amp#27;[32m░&amp#27;[0m&amp#27;[32m░&amp#27;[0m&amp#27;[32m░&amp#27;[0m&amp#27;[32m▓&amp#27;[0m&amp#27;[32m░&amp#27;[0m&amp#27;[32m▓&amp#27;[0m&amp#27;[32m▓&amp#27;[0m&amp#27;[32m▓&amp#27;[0m&amp#27;[32m▓&amp#27;[0m&amp#27;[32m▓&amp#27;[0m&amp#27;[32m▓&amp#27;[0m&amp#27;[34m▓&amp#27;[0m&amp#27;[32m▓&amp#27;[0m&amp#27;[32m▓&amp#27;[0m&amp#27;[32m▓&amp#27;[0m&amp#27;[32m▓&amp#27;[0m&amp#27;[32m▓&amp#27;[0m&amp#27;[34m▓&amp#27;[0m&amp#27;[32m▓&amp#27;[0m
&amp#27;[34m▓&amp#27;[0m&amp#27;[32m█&amp#27;[0m&amp#27;[34m▓&amp#27;[0m&amp#27;[34m▓&amp#27;[0m&amp#27;[33m▓&amp#27;[0m&amp#27;[33m▓&amp#27;[0m&amp#27;[34m▓&amp#27;[0m&amp#27;[33m▓&amp#27;[0m&amp#27;[33m▓&amp#27;[0m&amp#27;[33m▓&amp#27;[0m&amp#27;[34m▓&amp#27;[0m&amp#27;[34m▓&amp#27;[0m&amp#27;[34m▓&amp#27;[0m&amp#27;[32m░&amp#27;[0m&amp#27;[33m▓&amp#27;[0m&amp#27;[34m▓&amp#27;[0m&amp#27;[32m░&amp#27;[0m&amp#27;[34m▓&amp#27;[0m&amp#27;[33m▓&amp#27;[0m&amp#27;[33m▓&amp#27;[0m&amp#27;[33m▓&amp#27;[0m&amp#27;[33m▓&amp#27;[0m&amp#27;[33m▓&amp#27;[0m&amp#27;[33m▓&amp#27;[0m&amp#27;[33m▓&amp#27;[0m&amp#27;[34m▓&amp#27;[0m&amp#27;[34m▓&amp#27;[0m&amp#27;[34m▓&amp#27;[0m&amp#27;[34m▓&amp#27;[0m&amp#27;[34m▓&amp#27;[0m&amp#27;[34m▓&amp#27;[0m&amp#27;[32m▓&amp#27;[0m&amp#27;[33m▓&amp#27;[0m&amp#27;[34m▓&amp#27;[0m&amp#27;[32m█&amp#27;[0m&amp#27;[32m█&amp#27;[0m&amp#27;[32m█&amp#27;[0m&amp#27;[33m▓&amp#27;[0m&amp#27;[32m█&amp#27;[0m&amp#27;[32m█&amp#27;[0m&amp#27;[33m▓&amp#27;[0m&amp#27;[32m█&amp#27;[0m&amp#27;[33m▓&amp#27;[0m&amp#27;[33m▓&amp#27;[0m&amp#27;[32m█&amp#27;[0m&amp#27;[32m█&amp#27;[0m&amp#27;[32m█&amp#27;[0m&amp#27;[32m█&amp#27;[0m&amp#27;[33m▓&amp#27;[0m&amp#27;[32m░&amp#27;[0m&amp#27;[34m▓&amp#27;[0m&amp#27;[34m▓&amp#27;[0m&amp#27;[34m▓&amp#27;[0m&amp#27;[32m░&amp#27;[0m&amp#27;[32m▒&amp#27;[0m&amp#27;[32m▒&amp#27;[0m&amp#27;[32m▓&amp#27;[0m&amp#27;[32m▓&amp#27;[0m&amp#27;[32m▓&amp#27;[0m&amp#27;[32m▓&amp#27;[0m&amp#27;[32m▓&amp#27;[0m&amp#27;[32m▓&amp#27;[0m&amp#27;[32m▒&amp#27;[0m&amp#27;[32m▓&amp#27;[0m&amp#27;[32m▒&amp#27;[0m&amp#27;[32m▒&amp#27;[0m&amp#27;[33m▓&amp#27;[0m&amp#27;[32m▓&amp#27;[0m&amp#27;[32m▓&amp#27;[0m&amp#27;[32m▓&amp#27;[0m&amp#27;[32m▒&amp#27;[0m&amp#27;[32m▒&amp#27;[0m&amp#27;[32m▒&amp#27;[0m&amp#27;[32m▓&amp#27;[0m&amp#27;[32m▓&amp#27;[0m&amp#27;[32m▓&amp#27;[0m&amp#27;[32m▓&amp#27;[0m&amp#27;[32m▓&amp#27;[0m&amp#27;[32m▓&amp#27;[0m&amp#27;[32m▓&amp#27;[0m&amp#27;[32m▓&amp#27;[0m&amp#27;[32m▓&amp#27;[0m&amp#27;[32m▒&amp#27;[0m&amp#27;[33m▓&amp#27;[0m&amp#27;[32m▒&amp#27;[0m&amp#27;[32m▓&amp#27;[0m&amp#27;[32m▓&amp#27;[0m&amp#27;[32m▓&amp#27;[0m&amp#27;[32m▓&amp#27;[0m&amp#27;[32m▒&amp#27;[0m&amp#27;[32m▓&amp#27;[0m&amp#27;[32m▒&amp#27;[0m&amp#27;[34m▓&amp#27;[0m&amp#27;[34m▓&amp#27;[0m&amp#27;[34m▓&amp#27;[0m&amp#27;[32m▒&amp#27;[0m&amp#27;[34m▓&amp#27;[0m&amp#27;[32m░&amp#27;[0m&amp#27;[32m▒&amp#27;[0m&amp#27;[34m▓&amp#27;[0m&amp#27;[32m▒&amp#27;[0m&amp#27;[34m▓&amp#27;[0m&amp#27;[32m░&amp#27;[0m&amp#27;[34m▓&amp#27;[0m&amp#27;[32m░&amp#27;[0m&amp#27;[32m░&amp#27;[0m&amp#27;[32m░&amp#27;[0m&amp#27;[32m░&amp#27;[0m&amp#27;[32m░&amp#27;[0m&amp#27;[32m░&amp#27;[0m&amp#27;[32m░&amp#27;[0m&amp#27;[34m▓&amp#27;[0m&amp#27;[34m▓&amp#27;[0m&amp#27;[34m▓&amp#27;[0m&amp#27;[34m▓&amp#27;[0m&amp#27;[34m▓&amp#27;[0m&amp#27;[32m█&amp#27;[0m&amp#27;[32m█&amp#27;[0m&amp#27;[32m█&amp#27;[0m&amp#27;[32m▒&amp#27;[0m&amp#27;[32m█&amp#27;[0m&amp#27;[32m░&amp#27;[0m&amp#27;[32m░&amp#27;[0m&amp#27;[32m▒&amp#27;[0m&amp#27;[33m▓&amp#27;[0m&amp#27;[33m▓&amp#27;[0m&amp#27;[33m▓&amp#27;[0m&amp#27;[32m▒&amp#27;[0m&amp#27;[33m▓&amp#27;[0m&amp#27;[33m▓&amp#27;[0m&amp#27;[33m▓&amp#27;[0m&amp#27;[33m▓&amp#27;[0m&amp#27;[33m▓&amp#27;[0m&amp#27;[33m▓&amp#27;[0m&amp#27;[33m▓&amp#27;[0m&amp#27;[33m▓&amp#27;[0m&amp#27;[33m▓&amp#27;[0m&amp#27;[32m▒&amp#27;[0m&amp#27;[33m▓&amp#27;[0m&amp#27;[33m▓&amp#27;[0m&amp#27;[32m█&amp#27;[0m&amp#27;[32m█&amp#27;[0m&amp#27;[32m█&amp#27;[0m&amp#27;[34m▓&amp#27;[0m&amp#27;[34m▓&amp#27;[0m&amp#27;[32m▒&amp#27;[0m&amp#27;[34m▓&amp#27;[0m&amp#27;[34m▓&amp#27;[0m&amp#27;[34m▓&amp#27;[0m&amp#27;[34m▓&amp#27;[0m&amp#27;[34m▓&amp#27;[0m&amp#27;[34m▓&amp#27;[0m&amp#27;[34m▓&amp#27;[0m&amp#27;[32m▒&amp#27;[0m&amp#27;[34m▓&amp#27;[0m&amp#27;[32m▓&amp#27;[0m&amp#27;[32m▓&amp#27;[0m&amp#27;[32m▓&amp#27;[0m&amp#27;[32m▓&amp#27;[0m&amp#27;[32m▓&amp#27;[0m&amp#27;[32m▒&amp#27;[0m&amp#27;[34m▓&amp#27;[0m&amp#27;[34m▓&amp#27;[0m&amp#27;[32m▒&amp#27;[0m&amp#27;[34m▓&amp#27;[0m&amp#27;[34m▓&amp#27;[0m&amp#27;[34m▓&amp#27;[0m&amp#27;[33m▓&amp#27;[0m&amp#27;[33m▓&amp#27;[0m&amp#27;[33m▓&amp#27;[0m&amp#27;[33m▓&amp#27;[0m&amp#27;[32m▒&amp#27;[0m&amp#27;[34m▓&amp#27;[0m&amp#27;[34m▓&amp#27;[0m&amp#27;[34m▓&amp#27;[0m&amp#27;[34m▓&amp#27;[0m&amp#27;[34m▓&amp#27;[0m&amp#27;[34m▓&amp#27;[0m&amp#27;[32m█&amp#27;[0m&amp#27;[32m█&amp#27;[0m&amp#27;[32m█&amp#27;[0m&amp#27;[33m▓&amp#27;[0m&amp#27;[32m█&amp#27;[0m&amp#27;[32m░&amp#27;[0m&amp#27;[32m░&amp#27;[0m&amp#27;[32m░&amp#27;[0m&amp#27;[32m░&amp#27;[0m&amp#27;[32m░&amp#27;[0m&amp#27;[32m░&amp#27;[0m&amp#27;[32m░&amp#27;[0m&amp#27;[32m▒&amp#27;[0m&amp#27;[32m▒&amp#27;[0m&amp#27;[32m░&amp#27;[0m&amp#27;[32m░&amp#27;[0m&amp#27;[32m▓&amp#27;[0m&amp#27;[33m▓&amp#27;[0m&amp#27;[32m▒&amp#27;[0m&amp#27;[33m▓&amp#27;[0m&amp#27;[33m▓&amp#27;[0m&amp#27;[33m▓&amp#27;[0m&amp#27;[33m▓&amp#27;[0m&amp#27;[32m▒&amp#27;[0m&amp#27;[33m▓&amp#27;[0m&amp#27;[33m▓&amp#27;[0m&amp#27;[33m▓&amp#27;[0m&amp#27;[33m▓&amp#27;[0m&amp#27;[32m▒&amp#27;[0m&amp#27;[32m▒&amp#27;[0m&amp#27;[33m▓&amp#27;[0m&amp#27;[33m▓&amp#27;[0m&amp#27;[33m▓&amp#27;[0m&amp#27;[33m▓&amp#27;[0m&amp#27;[33m▓&amp#27;[0m&amp#27;[32m░&amp#27;[0m&amp#27;[32m░&amp#27;[0m&amp#27;[32m░&amp#27;[0m&amp#27;[32m░&amp#27;[0m&amp#27;[32m░&amp#27;[0m&amp#27;[32m░&amp#27;[0m&amp#27;[32m░&amp#27;[0m&amp#27;[32m░&amp#27;[0m&amp#27;[32m░&amp#27;[0m&amp#27;[32m░&amp#27;[0m&amp#27;[32m░&amp#27;[0m&amp#27;[34m▓&amp#27;[0m&amp#27;[34m▓&amp#27;[0m&amp#27;[34m▓&amp#27;[0m&amp#27;[34m▓&amp#27;[0m&amp#27;[32m▓&amp#27;[0m&amp#27;[33m▓&amp#27;[0m&amp#27;[33m▓&amp#27;[0m&amp#27;[33m▓&amp#27;[0m&amp#27;[32m▓&amp#27;[0m&amp#27;[34m▓&amp#27;[0m&amp#27;[34m▓&amp#27;[0m&amp#27;[34m▓&amp#27;[0m&amp#27;[33m▓&amp#27;[0m&amp#27;[33m▓&amp#27;[0m&amp#27;[33m▓&amp#27;[0m&amp#27;[32m░&amp#27;[0m&amp#27;[33m▓&amp#27;[0m&amp#27;[32m▒&amp#27;[0m&amp#27;[32m░&amp#27;[0m&amp#27;[32m█&amp#27;[0m&amp#27;[32m█&amp#27;[0m&amp#27;[32m█&amp#27;[0m&amp#27;[32m█&amp#27;[0m&amp#27;[32m█&amp#27;[0m&amp#27;[32m█&amp#27;[0m&amp#27;[32m█&amp#27;[0m&amp#27;[34m▓&amp#27;[0m&amp#27;[34m▓&amp#27;[0m&amp#27;[32m▓&amp#27;[0m&amp#27;[32m▓&amp#27;[0m&amp#27;[32m▓&amp#27;[0m&amp#27;[32m▓&amp#27;[0m&amp#27;[32m▓&amp#27;[0m&amp#27;[32m▓&amp#27;[0m&amp#27;[32m▓&amp#27;[0m&amp#27;[32m▓&amp#27;[0m&amp#27;[32m▒&amp#27;[0m&amp#27;[32m▓&amp#27;[0m&amp#27;[32m▓&amp#27;[0m&amp#27;[32m▓&amp#27;[0m&amp#27;[32m▓&amp#27;[0m&amp#27;[32m▓&amp#27;[0m&amp#27;[32m▓&amp#27;[0m&amp#27;[32m▓&amp#27;[0m&amp#27;[32m▓&amp#27;[0m&amp#27;[32m▓&amp#27;[0m&amp#27;[32m▓&amp#27;[0m&amp#27;[32m█&amp#27;[0m&amp#27;[32m█&amp#27;[0m&amp#27;[32m█&amp#27;[0m&amp#27;[32m█&amp#27;[0m&amp#27;[32m█&amp#27;[0m&amp#27;[32m█&amp#27;[0m&amp#27;[32m█&amp#27;[0m&amp#27;[32m█&amp#27;[0m&amp#27;[32m░&amp#27;[0m&amp#27;[32m░&amp#27;[0m&amp#27;[32m░&amp#27;[0m&amp#27;[32m░&amp#27;[0m&amp#27;[32m░&amp#27;[0m&amp#27;[32m░&amp#27;[0m&amp#27;[32m▓&amp#27;[0m&amp#27;[32m▓&amp#27;[0m&amp#27;[32m▓&amp#27;[0m&amp#27;[32m▓&amp#27;[0m&amp#27;[32m▓&amp#27;[0m&amp#27;[32m▓&amp#27;[0m&amp#27;[32m▓&amp#27;[0m&amp#27;[34m▓&amp#27;[0m&amp#27;[34m▓&amp#27;[0m&amp#27;[32m▓&amp#27;[0m&amp#27;[32m▓&amp#27;[0m&amp#27;[32m▓&amp#27;[0m&amp#27;[34m▓&amp#27;[0m&amp#27;[34m▓&amp#27;[0m&amp#27;[34m▓&amp#27;[0m
&amp#27;[34m▓&amp#27;[0m&amp#27;[32m░&amp#27;[0m&amp#27;[34m▓&amp#27;[0m&amp#27;[34m▓&amp#27;[0m&amp#27;[34m▓&amp#27;[0m&amp#27;[34m▓&amp#27;[0m&amp#27;[33m▓&amp#27;[0m&amp#27;[34m▓&amp#27;[0m&amp#27;[33m▓&amp#27;[0m&amp#27;[34m▓&amp#27;[0m&amp#27;[33m▓&amp#27;[0m&amp#27;[33m▓&amp#27;[0m&amp#27;[33m▓&amp#27;[0m&amp#27;[34m▓&amp#27;[0m&amp#27;[33m▓&amp#27;[0m&amp#27;[34m▓&amp#27;[0m&amp#27;[32m█&amp#27;[0m&amp#27;[34m▓&amp#27;[0m&amp#27;[33m▓&amp#27;[0m&amp#27;[33m▓&amp#27;[0m&amp#27;[33m▓&amp#27;[0m&amp#27;[33m▓&amp#27;[0m&amp#27;[33m▓&amp#27;[0m&amp#27;[33m▓&amp#27;[0m&amp#27;[33m▓&amp#27;[0m&amp#27;[33m▓&amp#27;[0m&amp#27;[34m▓&amp#27;[0m&amp#27;[34m▓&amp#27;[0m&amp#27;[34m▓&amp#27;[0m&amp#27;[34m▓&amp#27;[0m&amp#27;[34m▓&amp#27;[0m&amp#27;[33m▓&amp#27;[0m&amp#27;[34m▓&amp#27;[0m&amp#27;[33m▓&amp#27;[0m&amp#27;[33m▓&amp#27;[0m&amp#27;[33m▓&amp#27;[0m&amp#27;[32m█&amp#27;[0m&amp#27;[32m█&amp#27;[0m&amp#27;[33m▓&amp#27;[0m&amp#27;[32m█&amp#27;[0m&amp#27;[33m▓&amp#27;[0m&amp#27;[32m█&amp#27;[0m&amp#27;[32m█&amp#27;[0m&amp#27;[32m█&amp#27;[0m&amp#27;[33m▓&amp#27;[0m&amp#27;[32m█&amp#27;[0m&amp#27;[32m█&amp#27;[0m&amp#27;[33m▓&amp#27;[0m&amp#27;[33m▓&amp#27;[0m&amp#27;[34m▓&amp#27;[0m&amp#27;[32m▓&amp#27;[0m&amp#27;[32m▓&amp#27;[0m&amp#27;[32m▓&amp#27;[0m&amp#27;[32m▒&amp#27;[0m&amp#27;[32m░&amp#27;[0m&amp#27;[32m░&amp#27;[0m&amp#27;[32m▓&amp#27;[0m&amp#27;[32m▓&amp#27;[0m&amp#27;[32m▓&amp#27;[0m&amp#27;[32m▓&amp#27;[0m&amp#27;[32m▓&amp#27;[0m&amp#27;[32m▒&amp#27;[0m&amp#27;[32m▒&amp#27;[0m&amp#27;[32m▓&amp#27;[0m&amp#27;[32m▓&amp#27;[0m&amp#27;[32m▓&amp#27;[0m&amp#27;[32m▒&amp#27;[0m&amp#27;[32m▒&amp#27;[0m&amp#27;[32m▓&amp#27;[0m&amp#27;[32m▓&amp#27;[0m&amp#27;[32m▓&amp#27;[0m&amp#27;[32m▓&amp#27;[0m&amp#27;[32m▒&amp#27;[0m&amp#27;[32m▓&amp#27;[0m&amp#27;[32m▓&amp#27;[0m&amp#27;[32m▓&amp#27;[0m&amp#27;[32m▓&amp#27;[0m&amp#27;[32m▒&amp#27;[0m&amp#27;[32m▒&amp#27;[0m&amp#27;[32m▒&amp#27;[0m&amp#27;[32m▓&amp#27;[0m&amp#27;[32m▓&amp#27;[0m&amp#27;[32m▓&amp#27;[0m&amp#27;[32m▓&amp#27;[0m&amp#27;[32m▒&amp#27;[0m&amp#27;[32m▓&amp#27;[0m&amp#27;[32m▓&amp#27;[0m&amp#27;[32m▓&amp#27;[0m&amp#27;[32m▓&amp#27;[0m&amp#27;[32m█&amp#27;[0m&amp#27;[32m▓&amp#27;[0m&amp#27;[32m▓&amp#27;[0m&amp#27;[34m▓&amp#27;[0m&amp#27;[32m▒&amp#27;[0m&amp#27;[34m▓&amp#27;[0m&amp#27;[32m▒&amp#27;[0m&amp#27;[32m▓&amp#27;[0m&amp#27;[32m█&amp#27;[0m&amp#27;[33m▓&amp#27;[0m&amp#27;[34m▓&amp#27;[0m&amp#27;[32m▒&amp#27;[0m&amp#27;[34m▓&amp#27;[0m&amp#27;[32m▒&amp#27;[0m&amp#27;[33m▓&amp#27;[0m&amp#27;[32m▒&amp#27;[0m&amp#27;[32m░&amp#27;[0m&amp#27;[32m▒&amp#27;[0m&amp#27;[32m░&amp#27;[0m&amp#27;[32m░&amp#27;[0m&amp#27;[32m▒&amp#27;[0m&amp#27;[32m░&amp#27;[0m&amp#27;[32m▒&amp#27;[0m&amp#27;[34m▓&amp#27;[0m&amp#27;[34m▓&amp#27;[0m&amp#27;[34m▓&amp#27;[0m&amp#27;[32m▒&amp#27;[0m&amp#27;[32m█&amp#27;[0m&amp#27;[32m█&amp#27;[0m&amp#27;[32m█&amp#27;[0m&amp#27;[32m█&amp#27;[0m&amp#27;[32m█&amp#27;[0m&amp#27;[32m▓&amp#27;[0m&amp#27;[32m░&amp#27;[0m&amp#27;[32m▒&amp#27;[0m&amp#27;[33m▓&amp#27;[0m&amp#27;[32m▒&amp#27;[0m&amp#27;[33m▓&amp#27;[0m&amp#27;[33m▓&amp#27;[0m&amp#27;[33m▓&amp#27;[0m&amp#27;[33m▓&amp#27;[0m&amp#27;[33m▓&amp#27;[0m&amp#27;[33m▓&amp#27;[0m&amp#27;[33m▓&amp#27;[0m&amp#27;[33m▓&amp#27;[0m&amp#27;[33m▓&amp#27;[0m&amp#27;[33m▓&amp#27;[0m&amp#27;[33m▓&amp#27;[0m&amp#27;[33m▓&amp#27;[0m&amp#27;[32m▒&amp#27;[0m&amp#27;[33m▓&amp#27;[0m&amp#27;[32m█&amp#27;[0m&amp#27;[32m█&amp#27;[0m&amp#27;[32m▒&amp#27;[0m&amp#27;[32m░&amp#27;[0m&amp#27;[34m▓&amp#27;[0m&amp#27;[34m▓&amp#27;[0m&amp#27;[34m▓&amp#27;[0m&amp#27;[34m▓&amp#27;[0m&amp#27;[34m▓&amp#27;[0m&amp#27;[32m▓&amp#27;[0m&amp#27;[34m▓&amp#27;[0m&amp#27;[34m▓&amp#27;[0m&amp#27;[34m▓&amp#27;[0m&amp#27;[34m▓&amp#27;[0m&amp#27;[32m▓&amp#27;[0m&amp#27;[32m▒&amp#27;[0m&amp#27;[32m▓&amp#27;[0m&amp#27;[32m▒&amp#27;[0m&amp#27;[32m▒&amp#27;[0m&amp#27;[32m▓&amp#27;[0m&amp#27;[32m▓&amp#27;[0m&amp#27;[34m▓&amp#27;[0m&amp#27;[34m▓&amp#27;[0m&amp#27;[32m▒&amp#27;[0m&amp#27;[34m▓&amp#27;[0m&amp#27;[34m▓&amp#27;[0m&amp#27;[32m▒&amp#27;[0m&amp#27;[33m▓&amp#27;[0m&amp#27;[33m▓&amp#27;[0m&amp#27;[33m▓&amp#27;[0m&amp#27;[33m▓&amp#27;[0m&amp#27;[34m▓&amp#27;[0m&amp#27;[34m▓&amp#27;[0m&amp#27;[34m▓&amp#27;[0m&amp#27;[34m▓&amp#27;[0m&amp#27;[34m▓&amp#27;[0m&amp#27;[34m▓&amp#27;[0m&amp#27;[34m▓&amp#27;[0m&amp#27;[32m█&amp#27;[0m&amp#27;[32m█&amp#27;[0m&amp#27;[32m█&amp#27;[0m&amp#27;[32m█&amp#27;[0m&amp#27;[32m█&amp#27;[0m&amp#27;[32m░&amp#27;[0m&amp#27;[32m░&amp#27;[0m&amp#27;[32m░&amp#27;[0m&amp#27;[32m░&amp#27;[0m&amp#27;[32m░&amp#27;[0m&amp#27;[32m▒&amp#27;[0m&amp#27;[32m░&amp#27;[0m&amp#27;[32m░&amp#27;[0m&amp#27;[32m▒&amp#27;[0m&amp#27;[32m░&amp#27;[0m&amp#27;[32m░&amp#27;[0m&amp#27;[33m▓&amp#27;[0m&amp#27;[33m▓&amp#27;[0m&amp#27;[33m▓&amp#27;[0m&amp#27;[33m▓&amp#27;[0m&amp#27;[33m▓&amp#27;[0m&amp#27;[32m▒&amp#27;[0m&amp#27;[33m▓&amp#27;[0m&amp#27;[33m▓&amp#27;[0m&amp#27;[33m▓&amp#27;[0m&amp#27;[33m▓&amp#27;[0m&amp#27;[32m▒&amp#27;[0m&amp#27;[33m▓&amp#27;[0m&amp#27;[33m▓&amp#27;[0m&amp#27;[33m▓&amp#27;[0m&amp#27;[33m▓&amp#27;[0m&amp#27;[33m▓&amp#27;[0m&amp#27;[33m▓&amp#27;[0m&amp#27;[33m▓&amp#27;[0m&amp#27;[33m▓&amp#27;[0m&amp#27;[32m░&amp#27;[0m&amp#27;[32m░&amp#27;[0m&amp#27;[32m░&amp#27;[0m&amp#27;[32m░&amp#27;[0m&amp#27;[32m▒&amp#27;[0m&amp#27;[32m░&amp#27;[0m&amp#27;[32m░&amp#27;[0m&amp#27;[34m▓&amp#27;[0m&amp#27;[32m░&amp#27;[0m&amp#27;[34m▓&amp#27;[0m&amp#27;[34m▓&amp#27;[0m&amp#27;[34m▓&amp#27;[0m&amp#27;[32m▒&amp#27;[0m&amp#27;[32m▒&amp#27;[0m&amp#27;[32m░&amp#27;[0m&amp#27;[34m▓&amp#27;[0m&amp#27;[34m▓&amp#27;[0m&amp#27;[33m▓&amp#27;[0m&amp#27;[34m▓&amp#27;[0m&amp#27;[34m▓&amp#27;[0m&amp#27;[34m▓&amp#27;[0m&amp#27;[32m▒&amp#27;[0m&amp#27;[34m▓&amp#27;[0m&amp#27;[33m▓&amp#27;[0m&amp#27;[33m▓&amp#27;[0m&amp#27;[33m▓&amp#27;[0m&amp#27;[34m▓&amp#27;[0m&amp#27;[34m▓&amp#27;[0m&amp#27;[32m░&amp#27;[0m&amp#27;[34m▓&amp#27;[0m&amp#27;[34m▓&amp#27;[0m&amp#27;[32m█&amp#27;[0m&amp#27;[32m▒&amp#27;[0m&amp#27;[32m█&amp#27;[0m&amp#27;[32m█&amp#27;[0m&amp#27;[32m█&amp#27;[0m&amp#27;[32m▒&amp#27;[0m&amp#27;[32m▒&amp#27;[0m&amp#27;[34m▓&amp#27;[0m&amp#27;[34m▓&amp#27;[0m&amp#27;[32m▓&amp#27;[0m&amp#27;[32m▓&amp#27;[0m&amp#27;[32m▓&amp#27;[0m&amp#27;[32m▓&amp#27;[0m&amp#27;[32m▓&amp#27;[0m&amp#27;[32m▓&amp#27;[0m&amp#27;[32m▓&amp#27;[0m&amp#27;[32m▓&amp#27;[0m&amp#27;[32m▓&amp#27;[0m&amp#27;[32m▒&amp#27;[0m&amp#27;[32m▓&amp#27;[0m&amp#27;[32m▒&amp#27;[0m&amp#27;[32m▓&amp#27;[0m&amp#27;[32m▒&amp#27;[0m&amp#27;[32m▓&amp#27;[0m&amp#27;[32m▓&amp#27;[0m&amp#27;[32m▓&amp#27;[0m&amp#27;[32m▓&amp#27;[0m&amp#27;[32m▓&amp#27;[0m&amp#27;[32m█&amp#27;[0m&amp#27;[32m█&amp#27;[0m&amp#27;[32m█&amp#27;[0m&amp#27;[32m█&amp#27;[0m&amp#27;[32m█&amp#27;[0m&amp#27;[32m█&amp#27;[0m&amp#27;[32m▓&amp#27;[0m&amp#27;[32m▓&amp#27;[0m&amp#27;[32m▓&amp#27;[0m&amp#27;[32m░&amp#27;[0m&amp#27;[32m░&amp#27;[0m&amp#27;[32m░&amp#27;[0m&amp#27;[32m░&amp#27;[0m&amp#27;[32m░&amp#27;[0m&amp#27;[32m▓&amp#27;[0m&amp#27;[32m▓&amp#27;[0m&amp#27;[32m▓&amp#27;[0m&amp#27;[32m▓&amp#27;[0m&amp#27;[32m▓&amp#27;[0m&amp#27;[32m▓&amp#27;[0m&amp#27;[34m▓&amp#27;[0m&amp#27;[34m▓&amp#27;[0m&amp#27;[34m▓&amp#27;[0m&amp#27;[33m▓&amp#27;[0m&amp#27;[32m░&amp#27;[0m&amp#27;[34m▓&amp#27;[0m&amp#27;[32m▓&amp#27;[0m&amp#27;[34m▓&amp#27;[0m
&amp#27;[33m▓&amp#27;[0m&amp#27;[33m▓&amp#27;[0m&amp#27;[32m█&amp#27;[0m&amp#27;[32m█&amp#27;[0m&amp#27;[33m▓&amp#27;[0m&amp#27;[34m▓&amp#27;[0m&amp#27;[33m▓&amp#27;[0m&amp#27;[34m▓&amp#27;[0m&amp#27;[34m▓&amp#27;[0m&amp#27;[34m▓&amp#27;[0m&amp#27;[34m▓&amp#27;[0m&amp#27;[34m▓&amp#27;[0m&amp#27;[32m▓&amp#27;[0m&amp#27;[32m▓&amp#27;[0m&amp#27;[33m▓&amp#27;[0m&amp#27;[34m▓&amp#27;[0m&amp#27;[34m▓&amp#27;[0m&amp#27;[34m▓&amp#27;[0m&amp#27;[33m▓&amp#27;[0m&amp#27;[33m▓&amp#27;[0m&amp#27;[33m▓&amp#27;[0m&amp#27;[33m▓&amp#27;[0m&amp#27;[33m▓&amp#27;[0m&amp#27;[33m▓&amp#27;[0m&amp#27;[33m▓&amp#27;[0m&amp#27;[34m▓&amp#27;[0m&amp#27;[33m▓&amp#27;[0m&amp#27;[33m▓&amp#27;[0m&amp#27;[33m▓&amp#27;[0m&amp#27;[33m▓&amp#27;[0m&amp#27;[34m▓&amp#27;[0m&amp#27;[34m▓&amp#27;[0m&amp#27;[34m▓&amp#27;[0m&amp#27;[32m█&amp#27;[0m&amp#27;[32m█&amp#27;[0m&amp#27;[32m█&amp#27;[0m&amp#27;[33m▓&amp#27;[0m&amp#27;[32m█&amp#27;[0m&amp#27;[32m█&amp#27;[0m&amp#27;[32m█&amp#27;[0m&amp#27;[32m█&amp#27;[0m&amp#27;[33m▓&amp#27;[0m&amp#27;[32m█&amp#27;[0m&amp#27;[32m█&amp#27;[0m&amp#27;[32m█&amp#27;[0m&amp#27;[32m█&amp#27;[0m&amp#27;[32m█&amp#27;[0m&amp#27;[32m█&amp#27;[0m&amp#27;[34m▓&amp#27;[0m&amp#27;[33m▓&amp#27;[0m&amp#27;[33m▓&amp#27;[0m&amp#27;[32m▓&amp#27;[0m&amp#27;[32m▓&amp#27;[0m&amp#27;[32m▓&amp#27;[0m&amp#27;[34m▓&amp#27;[0m&amp#27;[34m▓&amp#27;[0m&amp#27;[34m▓&amp#27;[0m&amp#27;[32m▓&amp#27;[0m&amp#27;[32m▒&amp#27;[0m&amp#27;[32m▒&amp#27;[0m&amp#27;[32m▓&amp#27;[0m&amp#27;[32m▓&amp#27;[0m&amp#27;[32m▓&amp#27;[0m&amp#27;[32m▓&amp#27;[0m&amp#27;[32m▒&amp#27;[0m&amp#27;[32m▓&amp#27;[0m&amp#27;[32m▓&amp#27;[0m&amp#27;[32m▒&amp#27;[0m&amp#27;[32m▓&amp#27;[0m&amp#27;[32m▓&amp#27;[0m&amp#27;[32m▓&amp#27;[0m&amp#27;[32m▓&amp#27;[0m&amp#27;[32m▓&amp#27;[0m&amp#27;[32m▒&amp#27;[0m&amp#27;[32m▒&amp#27;[0m&amp#27;[32m▓&amp#27;[0m&amp#27;[32m▓&amp#27;[0m&amp#27;[32m▓&amp#27;[0m&amp#27;[32m▓&amp#27;[0m&amp#27;[32m▒&amp#27;[0m&amp#27;[32m▓&amp#27;[0m&amp#27;[32m▒&amp#27;[0m&amp#27;[32m▓&amp#27;[0m&amp#27;[32m▓&amp#27;[0m&amp#27;[32m▓&amp#27;[0m&amp#27;[32m▓&amp#27;[0m&amp#27;[32m▓&amp#27;[0m&amp#27;[32m▓&amp#27;[0m&amp#27;[32m▒&amp#27;[0m&amp#27;[32m▓&amp#27;[0m&amp#27;[32m▓&amp#27;[0m&amp#27;[32m▓&amp#27;[0m&amp#27;[34m▓&amp#27;[0m&amp#27;[34m▓&amp#27;[0m&amp#27;[34m▓&amp#27;[0m&amp#27;[32m▒&amp#27;[0m&amp#27;[34m▓&amp#27;[0m&amp#27;[33m▓&amp#27;[0m&amp#27;[33m▓&amp#27;[0m&amp#27;[33m▓&amp#27;[0m&amp#27;[32m▒&amp#27;[0m&amp#27;[34m▓&amp#27;[0m&amp#27;[34m▓&amp#27;[0m&amp#27;[34m▓&amp#27;[0m&amp#27;[32m░&amp#27;[0m&amp#27;[32m░&amp#27;[0m&amp#27;[32m░&amp#27;[0m&amp#27;[32m░&amp#27;[0m&amp#27;[32m░&amp#27;[0m&amp#27;[32m░&amp#27;[0m&amp#27;[32m░&amp#27;[0m&amp#27;[32m▒&amp#27;[0m&amp#27;[33m▓&amp#27;[0m&amp#27;[32m▒&amp#27;[0m&amp#27;[33m▓&amp#27;[0m&amp#27;[32m▒&amp#27;[0m&amp#27;[32m▓&amp#27;[0m&amp#27;[32m█&amp#27;[0m&amp#27;[32m█&amp#27;[0m&amp#27;[32m▒&amp#27;[0m&amp#27;[32m▓&amp#27;[0m&amp#27;[32m█&amp#27;[0m&amp#27;[32m▓&amp#27;[0m&amp#27;[32m▒&amp#27;[0m&amp#27;[33m▓&amp#27;[0m&amp#27;[33m▓&amp#27;[0m&amp#27;[32m▒&amp#27;[0m&amp#27;[32m▒&amp#27;[0m&amp#27;[33m▓&amp#27;[0m&amp#27;[33m▓&amp#27;[0m&amp#27;[33m▓&amp#27;[0m&amp#27;[32m▒&amp#27;[0m&amp#27;[32m▒&amp#27;[0m&amp#27;[32m▒&amp#27;[0m&amp#27;[33m▓&amp#27;[0m&amp#27;[33m▓&amp#27;[0m&amp#27;[32m▒&amp#27;[0m&amp#27;[33m▓&amp#27;[0m&amp#27;[33m▓&amp#27;[0m&amp#27;[33m▓&amp#27;[0m&amp#27;[34m▓&amp#27;[0m&amp#27;[32m█&amp#27;[0m&amp#27;[32m▒&amp#27;[0m&amp#27;[32m█&amp#27;[0m&amp#27;[34m▓&amp#27;[0m&amp#27;[34m▓&amp#27;[0m&amp#27;[34m▓&amp#27;[0m&amp#27;[34m▓&amp#27;[0m&amp#27;[34m▓&amp#27;[0m&amp#27;[34m▓&amp#27;[0m&amp#27;[34m▓&amp#27;[0m&amp#27;[34m▓&amp#27;[0m&amp#27;[32m▒&amp#27;[0m&amp#27;[32m▒&amp#27;[0m&amp#27;[32m▓&amp#27;[0m&amp#27;[32m▓&amp#27;[0m&amp#27;[33m▓&amp#27;[0m&amp#27;[32m▓&amp#27;[0m&amp#27;[32m▓&amp#27;[0m&amp#27;[32m▓&amp#27;[0m&amp#27;[32m▒&amp#27;[0m&amp#27;[34m▓&amp#27;[0m&amp#27;[34m▓&amp#27;[0m&amp#27;[32m░&amp#27;[0m&amp#27;[32m░&amp#27;[0m&amp#27;[34m▓&amp#27;[0m&amp#27;[34m▓&amp#27;[0m&amp#27;[33m▓&amp#27;[0m&amp#27;[33m▓&amp#27;[0m&amp#27;[33m▓&amp#27;[0m&amp#27;[33m▓&amp#27;[0m&amp#27;[34m▓&amp#27;[0m&amp#27;[34m▓&amp#27;[0m&amp#27;[34m▓&amp#27;[0m&amp#27;[32m▒&amp#27;[0m&amp#27;[34m▓&amp#27;[0m&amp#27;[34m▓&amp#27;[0m&amp#27;[34m▓&amp#27;[0m&amp#27;[32m█&amp#27;[0m&amp#27;[32m█&amp#27;[0m&amp#27;[32m█&amp#27;[0m&amp#27;[32m▒&amp#27;[0m&amp#27;[32m█&amp#27;[0m&amp#27;[32m░&amp#27;[0m&amp#27;[32m░&amp#27;[0m&amp#27;[32m▒&amp#27;[0m&amp#27;[32m░&amp#27;[0m&amp#27;[32m░&amp#27;[0m&amp#27;[32m░&amp#27;[0m&amp#27;[32m░&amp#27;[0m&amp#27;[32m░&amp#27;[0m&amp#27;[32m░&amp#27;[0m&amp#27;[32m▒&amp#27;[0m&amp#27;[32m▒&amp#27;[0m&amp#27;[33m▓&amp#27;[0m&amp#27;[33m▓&amp#27;[0m&amp#27;[33m▓&amp#27;[0m&amp#27;[33m▓&amp#27;[0m&amp#27;[33m▓&amp#27;[0m&amp#27;[33m▓&amp#27;[0m&amp#27;[33m▓&amp#27;[0m&amp#27;[33m▓&amp#27;[0m&amp#27;[33m▓&amp#27;[0m&amp#27;[33m▓&amp#27;[0m&amp#27;[33m▓&amp#27;[0m&amp#27;[33m▓&amp#27;[0m&amp#27;[33m▓&amp#27;[0m&amp#27;[33m▓&amp#27;[0m&amp#27;[33m▓&amp#27;[0m&amp#27;[33m▓&amp#27;[0m&amp#27;[33m▓&amp#27;[0m&amp#27;[33m▓&amp#27;[0m&amp#27;[33m▓&amp#27;[0m&amp#27;[32m░&amp#27;[0m&amp#27;[32m░&amp#27;[0m&amp#27;[32m▒&amp#27;[0m&amp#27;[32m░&amp#27;[0m&amp#27;[32m▓&amp#27;[0m&amp#27;[32m▒&amp#27;[0m&amp#27;[32m▓&amp#27;[0m&amp#27;[32m▓&amp#27;[0m&amp#27;[32m▒&amp#27;[0m&amp#27;[32m▓&amp#27;[0m&amp#27;[32m▓&amp#27;[0m&amp#27;[32m▓&amp#27;[0m&amp#27;[32m▓&amp#27;[0m&amp#27;[32m▓&amp#27;[0m&amp#27;[32m▓&amp#27;[0m&amp#27;[32m█&amp#27;[0m&amp#27;[32m▒&amp#27;[0m&amp#27;[34m▓&amp#27;[0m&amp#27;[34m▓&amp#27;[0m&amp#27;[34m▓&amp#27;[0m&amp#27;[34m▓&amp#27;[0m&amp#27;[34m▓&amp#27;[0m&amp#27;[32m░&amp#27;[0m&amp#27;[33m▓&amp#27;[0m&amp#27;[33m▓&amp#27;[0m&amp#27;[33m▓&amp#27;[0m&amp#27;[34m▓&amp#27;[0m&amp#27;[34m▓&amp#27;[0m&amp#27;[34m▓&amp#27;[0m&amp#27;[34m▓&amp#27;[0m&amp#27;[34m▓&amp#27;[0m&amp#27;[32m░&amp#27;[0m&amp#27;[32m█&amp#27;[0m&amp#27;[32m█&amp#27;[0m&amp#27;[32m█&amp#27;[0m&amp#27;[34m▓&amp#27;[0m&amp#27;[34m▓&amp#27;[0m&amp#27;[34m▓&amp#27;[0m&amp#27;[34m▓&amp#27;[0m&amp#27;[34m▓&amp#27;[0m&amp#27;[32m▓&amp#27;[0m&amp#27;[32m▓&amp#27;[0m&amp#27;[32m▓&amp#27;[0m&amp#27;[32m▓&amp#27;[0m&amp#27;[32m▓&amp#27;[0m&amp#27;[32m▓&amp#27;[0m&amp#27;[32m▓&amp#27;[0m&amp#27;[32m▓&amp#27;[0m&amp#27;[32m▓&amp#27;[0m&amp#27;[32m▓&amp#27;[0m&amp#27;[32m▓&amp#27;[0m&amp#27;[32m▓&amp#27;[0m&amp#27;[32m▓&amp#27;[0m&amp#27;[32m▓&amp#27;[0m&amp#27;[32m▓&amp#27;[0m&amp#27;[32m▓&amp#27;[0m&amp#27;[32m▓&amp#27;[0m&amp#27;[32m▓&amp#27;[0m&amp#27;[32m▓&amp#27;[0m&amp#27;[32m▓&amp#27;[0m&amp#27;[32m█&amp#27;[0m&amp#27;[32m▓&amp#27;[0m&amp#27;[32m▓&amp#27;[0m&amp#27;[32m▓&amp#27;[0m&amp#27;[32m▓&amp#27;[0m&amp#27;[32m▓&amp#27;[0m&amp#27;[32m▓&amp#27;[0m&amp#27;[32m▓&amp#27;[0m&amp#27;[32m░&amp#27;[0m&amp#27;[32m░&amp#27;[0m&amp#27;[32m░&amp#27;[0m&amp#27;[32m░&amp#27;[0m&amp#27;[32m░&amp#27;[0m&amp#27;[32m▓&amp#27;[0m&amp#27;[32m▓&amp#27;[0m&amp#27;[32m▓&amp#27;[0m&amp#27;[32m▓&amp#27;[0m&amp#27;[32m▓&amp#27;[0m&amp#27;[32m░&amp#27;[0m&amp#27;[32m░&amp#27;[0m&amp#27;[34m▓&amp#27;[0m&amp#27;[34m▓&amp#27;[0m&amp#27;[34m▓&amp#27;[0m&amp#27;[34m▓&amp#27;[0m&amp#27;[34m▓&amp#27;[0m&amp#27;[32m▓&amp#27;[0m&amp#27;[34m▓&amp#27;[0m
&amp#27;[32m█&amp#27;[0m&amp#27;[32m█&amp#27;[0m&amp#27;[32m█&amp#27;[0m&amp#27;[32m░&amp#27;[0m&amp#27;[32m░&amp#27;[0m&amp#27;[32m░&amp#27;[0m&amp#27;[34m▓&amp#27;[0m&amp#27;[33m▓&amp#27;[0m&amp#27;[34m▓&amp#27;[0m&amp#27;[34m▓&amp#27;[0m&amp#27;[34m▓&amp#27;[0m&amp#27;[34m▓&amp#27;[0m&amp#27;[32m▓&amp#27;[0m&amp#27;[32m▓&amp#27;[0m&amp#27;[33m▓&amp#27;[0m&amp#27;[33m▓&amp#27;[0m&amp#27;[33m▓&amp#27;[0m&amp#27;[34m▓&amp#27;[0m&amp#27;[33m▓&amp#27;[0m&amp#27;[33m▓&amp#27;[0m&amp#27;[33m▓&amp#27;[0m&amp#27;[33m▓&amp#27;[0m&amp#27;[33m▓&amp#27;[0m&amp#27;[33m▓&amp#27;[0m&amp#27;[33m▓&amp#27;[0m&amp#27;[32m░&amp#27;[0m&amp#27;[32m░&amp#27;[0m&amp#27;[34m▓&amp#27;[0m&amp#27;[34m▓&amp#27;[0m&amp#27;[32m░&amp#27;[0m&amp#27;[32m░&amp#27;[0m&amp#27;[32m░&amp#27;[0m&amp#27;[34m▓&amp#27;[0m&amp#27;[34m▓&amp#27;[0m&amp#27;[32m█&amp#27;[0m&amp#27;[33m▓&amp#27;[0m&amp#27;[32m█&amp#27;[0m&amp#27;[32m█&amp#27;[0m&amp#27;[32m█&amp#27;[0m&amp#27;[32m█&amp#27;[0m&amp#27;[32m█&amp#27;[0m&amp#27;[32m█&amp#27;[0m&amp#27;[32m█&amp#27;[0m&amp#27;[33m▓&amp#27;[0m&amp#27;[33m▓&amp#27;[0m&amp#27;[32m█&amp#27;[0m&amp#27;[32m█&amp#27;[0m&amp#27;[33m▓&amp#27;[0m&amp#27;[34m▓&amp#27;[0m&amp#27;[32m▓&amp#27;[0m&amp#27;[32m▒&amp#27;[0m&amp#27;[32m▓&amp#27;[0m&amp#27;[32m▓&amp#27;[0m&amp#27;[32m▓&amp#27;[0m&amp#27;[34m▓&amp#27;[0m&amp#27;[32m▒&amp#27;[0m&amp#27;[34m▓&amp#27;[0m&amp#27;[32m▓&amp#27;[0m&amp#27;[32m▒&amp#27;[0m&amp#27;[32m▓&amp#27;[0m&amp#27;[32m▓&amp#27;[0m&amp#27;[32m▓&amp#27;[0m&amp#27;[32m▓&amp#27;[0m&amp#27;[32m▓&amp#27;[0m&amp#27;[32m▓&amp#27;[0m&amp#27;[32m▓&amp#27;[0m&amp#27;[32m▓&amp#27;[0m&amp#27;[32m▓&amp#27;[0m&amp#27;[32m▓&amp#27;[0m&amp#27;[32m▓&amp#27;[0m&amp#27;[32m▓&amp#27;[0m&amp#27;[32m▒&amp#27;[0m&amp#27;[32m▓&amp#27;[0m&amp#27;[32m▓&amp#27;[0m&amp#27;[32m▒&amp#27;[0m&amp#27;[32m▓&amp#27;[0m&amp#27;[32m▓&amp#27;[0m&amp#27;[32m▓&amp#27;[0m&amp#27;[32m▓&amp#27;[0m&amp#27;[32m▓&amp#27;[0m&amp#27;[32m▒&amp#27;[0m&amp#27;[32m▓&amp#27;[0m&amp#27;[32m▓&amp#27;[0m&amp#27;[32m▒&amp#27;[0m&amp#27;[32m▒&amp#27;[0m&amp#27;[32m▓&amp#27;[0m&amp#27;[32m▓&amp#27;[0m&amp#27;[32m▓&amp#27;[0m&amp#27;[32m▓&amp#27;[0m&amp#27;[32m▓&amp#27;[0m&amp#27;[32m▒&amp#27;[0m&amp#27;[32m▓&amp#27;[0m&amp#27;[34m▓&amp#27;[0m&amp#27;[34m▓&amp#27;[0m&amp#27;[34m▓&amp#27;[0m&amp#27;[34m▓&amp#27;[0m&amp#27;[34m▓&amp#27;[0m&amp#27;[34m▓&amp#27;[0m&amp#27;[33m▓&amp#27;[0m&amp#27;[32m▓&amp#27;[0m&amp#27;[34m▓&amp#27;[0m&amp#27;[32m▒&amp#27;[0m&amp#27;[34m▓&amp#27;[0m&amp#27;[32m▒&amp#27;[0m&amp#27;[32m░&amp#27;[0m&amp#27;[32m▒&amp#27;[0m&amp#27;[32m▒&amp#27;[0m&amp#27;[32m░&amp#27;[0m&amp#27;[32m░&amp#27;[0m&amp#27;[32m░&amp#27;[0m&amp#27;[32m░&amp#27;[0m&amp#27;[34m▓&amp#27;[0m&amp#27;[33m▓&amp#27;[0m&amp#27;[34m▓&amp#27;[0m&amp#27;[32m▓&amp#27;[0m&amp#27;[32m▓&amp#27;[0m&amp#27;[32m▓&amp#27;[0m&amp#27;[32m▓&amp#27;[0m&amp#27;[32m▓&amp#27;[0m&amp#27;[32m▓&amp#27;[0m&amp#27;[32m▓&amp#27;[0m&amp#27;[32m▓&amp#27;[0m&amp#27;[32m▓&amp#27;[0m&amp#27;[34m▓&amp#27;[0m&amp#27;[33m▓&amp#27;[0m&amp#27;[33m▓&amp#27;[0m&amp#27;[33m▓&amp#27;[0m&amp#27;[33m▓&amp#27;[0m&amp#27;[33m▓&amp#27;[0m&amp#27;[33m▓&amp#27;[0m&amp#27;[33m▓&amp#27;[0m&amp#27;[33m▓&amp#27;[0m&amp#27;[33m▓&amp#27;[0m&amp#27;[33m▓&amp#27;[0m&amp#27;[33m▓&amp#27;[0m&amp#27;[33m▓&amp#27;[0m&amp#27;[33m▓&amp#27;[0m&amp#27;[33m▓&amp#27;[0m&amp#27;[32m▒&amp#27;[0m&amp#27;[33m▓&amp#27;[0m&amp#27;[34m▓&amp#27;[0m&amp#27;[32m█&amp#27;[0m&amp#27;[32m█&amp#27;[0m&amp#27;[32m▒&amp#27;[0m&amp#27;[34m▓&amp#27;[0m&amp#27;[32m▒&amp#27;[0m&amp#27;[32m▒&amp#27;[0m&amp#27;[34m▓&amp#27;[0m&amp#27;[32m▒&amp#27;[0m&amp#27;[34m▓&amp#27;[0m&amp#27;[34m▓&amp#27;[0m&amp#27;[34m▓&amp#27;[0m&amp#27;[34m▓&amp#27;[0m&amp#27;[34m▓&amp#27;[0m&amp#27;[32m▓&amp#27;[0m&amp#27;[32m▓&amp#27;[0m&amp#27;[32m▓&amp#27;[0m&amp#27;[32m▓&amp#27;[0m&amp#27;[32m▒&amp#27;[0m&amp#27;[32m▓&amp#27;[0m&amp#27;[32m▓&amp#27;[0m&amp#27;[34m▓&amp#27;[0m&amp#27;[32m▒&amp#27;[0m&amp#27;[34m▓&amp#27;[0m&amp#27;[34m▓&amp#27;[0m&amp#27;[34m▓&amp#27;[0m&amp#27;[32m▒&amp#27;[0m&amp#27;[34m▓&amp#27;[0m&amp#27;[33m▓&amp#27;[0m&amp#27;[33m▓&amp#27;[0m&amp#27;[34m▓&amp#27;[0m&amp#27;[34m▓&amp#27;[0m&amp#27;[34m▓&amp#27;[0m&amp#27;[34m▓&amp#27;[0m&amp#27;[33m▓&amp#27;[0m&amp#27;[34m▓&amp#27;[0m&amp#27;[32m▒&amp#27;[0m&amp#27;[34m▓&amp#27;[0m&amp#27;[34m▓&amp#27;[0m&amp#27;[32m█&amp#27;[0m&amp#27;[32m█&amp#27;[0m&amp#27;[32m█&amp#27;[0m&amp#27;[32m▓&amp#27;[0m&amp#27;[32m█&amp#27;[0m&amp#27;[32m░&amp#27;[0m&amp#27;[32m░&amp#27;[0m&amp#27;[32m░&amp#27;[0m&amp#27;[32m░&amp#27;[0m&amp#27;[32m░&amp#27;[0m&amp#27;[32m░&amp#27;[0m&amp#27;[32m▓&amp#27;[0m&amp#27;[32m▓&amp#27;[0m&amp#27;[33m▓&amp#27;[0m&amp#27;[32m░&amp#27;[0m&amp#27;[33m▓&amp#27;[0m&amp#27;[33m▓&amp#27;[0m&amp#27;[33m▓&amp#27;[0m&amp#27;[33m▓&amp#27;[0m&amp#27;[32m▒&amp#27;[0m&amp#27;[32m▒&amp#27;[0m&amp#27;[32m▒&amp#27;[0m&amp#27;[32m▒&amp#27;[0m&amp#27;[33m▓&amp#27;[0m&amp#27;[33m▓&amp#27;[0m&amp#27;[33m▓&amp#27;[0m&amp#27;[33m▓&amp#27;[0m&amp#27;[33m▓&amp#27;[0m&amp#27;[33m▓&amp#27;[0m&amp#27;[33m▓&amp#27;[0m&amp#27;[33m▓&amp#27;[0m&amp#27;[33m▓&amp#27;[0m&amp#27;[33m▓&amp#27;[0m&amp#27;[33m▓&amp#27;[0m&amp#27;[32m░&amp#27;[0m&amp#27;[32m░&amp#27;[0m&amp#27;[32m█&amp#27;[0m&amp#27;[32m▓&amp#27;[0m&amp#27;[32m▓&amp#27;[0m&amp#27;[32m▒&amp#27;[0m&amp#27;[32m▓&amp#27;[0m&amp#27;[32m▓&amp#27;[0m&amp#27;[32m▓&amp#27;[0m&amp#27;[32m▓&amp#27;[0m&amp#27;[32m▓&amp#27;[0m&amp#27;[32m▓&amp#27;[0m&amp#27;[32m▓&amp#27;[0m&amp#27;[32m▓&amp#27;[0m&amp#27;[32m▓&amp#27;[0m&amp#27;[32m▓&amp#27;[0m&amp#27;[32m▓&amp#27;[0m&amp#27;[32m▓&amp#27;[0m&amp#27;[32m░&amp#27;[0m&amp#27;[32m▓&amp#27;[0m&amp#27;[34m▓&amp#27;[0m&amp#27;[34m▓&amp#27;[0m&amp#27;[34m▓&amp#27;[0m&amp#27;[34m▓&amp#27;[0m&amp#27;[34m▓&amp#27;[0m&amp#27;[34m▓&amp#27;[0m&amp#27;[34m▓&amp#27;[0m&amp#27;[34m▓&amp#27;[0m&amp#27;[32m░&amp#27;[0m&amp#27;[34m▓&amp#27;[0m&amp#27;[34m▓&amp#27;[0m&amp#27;[34m▓&amp#27;[0m&amp#27;[34m▓&amp#27;[0m&amp#27;[34m▓&amp#27;[0m&amp#27;[34m▓&amp#27;[0m&amp#27;[34m▓&amp#27;[0m&amp#27;[34m▓&amp#27;[0m&amp#27;[34m▓&amp#27;[0m&amp#27;[32m░&amp#27;[0m&amp#27;[32m░&amp#27;[0m&amp#27;[33m▓&amp#27;[0m&amp#27;[32m▒&amp#27;[0m&amp#27;[32m▓&amp#27;[0m&amp#27;[32m▓&amp#27;[0m&amp#27;[32m▓&amp#27;[0m&amp#27;[32m▓&amp#27;[0m&amp#27;[32m▓&amp#27;[0m&amp#27;[32m▓&amp#27;[0m&amp#27;[32m▓&amp#27;[0m&amp#27;[32m▓&amp#27;[0m&amp#27;[32m▓&amp#27;[0m&amp#27;[32m▓&amp#27;[0m&amp#27;[32m▓&amp#27;[0m&amp#27;[32m▓&amp#27;[0m&amp#27;[32m▓&amp#27;[0m&amp#27;[32m▓&amp#27;[0m&amp#27;[32m▓&amp#27;[0m&amp#27;[32m▓&amp#27;[0m&amp#27;[32m▓&amp#27;[0m&amp#27;[32m▓&amp#27;[0m&amp#27;[32m▓&amp#27;[0m&amp#27;[32m▓&amp#27;[0m&amp#27;[32m▓&amp#27;[0m&amp#27;[32m▓&amp#27;[0m&amp#27;[34m▓&amp#27;[0m&amp#27;[32m▓&amp#27;[0m&amp#27;[32m▓&amp#27;[0m&amp#27;[32m▓&amp#27;[0m&amp#27;[32m▓&amp#27;[0m&amp#27;[32m▒&amp#27;[0m&amp#27;[32m█&amp#27;[0m&amp#27;[32m▒&amp#27;[0m&amp#27;[32m░&amp#27;[0m&amp#27;[32m░&amp#27;[0m&amp#27;[32m▓&amp#27;[0m&amp#27;[32m▓&amp#27;[0m&amp#27;[32m▓&amp#27;[0m&amp#27;[32m░&amp#27;[0m&amp#27;[32m░&amp#27;[0m&amp#27;[32m░&amp#27;[0m&amp#27;[32m░&amp#27;[0m&amp#27;[34m▓&amp#27;[0m&amp#27;[34m▓&amp#27;[0m&amp#27;[34m▓&amp#27;[0m&amp#27;[34m▓&amp#27;[0m&amp#27;[34m▓&amp#27;[0m&amp#27;[32m█&amp#27;[0m
&amp#27;[33m▓&amp#27;[0m&amp#27;[33m▓&amp#27;[0m&amp#27;[32m█&amp#27;[0m&amp#27;[32m░&amp#27;[0m&amp#27;[32m░&amp#27;[0m&amp#27;[32m░&amp#27;[0m&amp#27;[32m█&amp#27;[0m&amp#27;[34m▓&amp#27;[0m&amp#27;[34m▓&amp#27;[0m&amp#27;[33m▓&amp#27;[0m&amp#27;[33m▓&amp#27;[0m&amp#27;[33m▓&amp#27;[0m&amp#27;[33m▓&amp#27;[0m&amp#27;[33m▓&amp#27;[0m&amp#27;[32m▓&amp#27;[0m&amp#27;[34m▓&amp#27;[0m&amp#27;[34m▓&amp#27;[0m&amp#27;[33m▓&amp#27;[0m&amp#27;[33m▓&amp#27;[0m&amp#27;[33m▓&amp#27;[0m&amp#27;[33m▓&amp#27;[0m&amp#27;[33m▓&amp#27;[0m&amp#27;[33m▓&amp#27;[0m&amp#27;[33m▓&amp#27;[0m&amp#27;[33m▓&amp#27;[0m&amp#27;[32m░&amp#27;[0m&amp#27;[32m░&amp#27;[0m&amp#27;[32m░&amp#27;[0m&amp#27;[32m░&amp#27;[0m&amp#27;[32m░&amp#27;[0m&amp#27;[32m░&amp#27;[0m&amp#27;[32m░&amp#27;[0m&amp#27;[34m▓&amp#27;[0m&amp#27;[33m▓&amp#27;[0m&amp#27;[32m█&amp#27;[0m&amp#27;[32m█&amp#27;[0m&amp#27;[33m▓&amp#27;[0m&amp#27;[32m█&amp#27;[0m&amp#27;[33m▓&amp#27;[0m&amp#27;[32m█&amp#27;[0m&amp#27;[33m▓&amp#27;[0m&amp#27;[32m█&amp#27;[0m&amp#27;[32m█&amp#27;[0m&amp#27;[32m█&amp#27;[0m&amp#27;[32m█&amp#27;[0m&amp#27;[32m█&amp#27;[0m&amp#27;[32m█&amp#27;[0m&amp#27;[32m█&amp#27;[0m&amp#27;[34m▓&amp#27;[0m&amp#27;[32m▓&amp#27;[0m&amp#27;[32m▒&amp#27;[0m&amp#27;[32m▒&amp#27;[0m&amp#27;[32m▒&amp#27;[0m&amp#27;[32m▓&amp#27;[0m&amp#27;[34m▓&amp#27;[0m&amp#27;[34m▓&amp#27;[0m&amp#27;[34m▓&amp#27;[0m&amp#27;[32m▓&amp#27;[0m&amp#27;[32m▓&amp#27;[0m&amp#27;[33m▓&amp#27;[0m&amp#27;[32m▒&amp#27;[0m&amp#27;[32m▒&amp#27;[0m&amp#27;[32m▓&amp#27;[0m&amp#27;[32m▓&amp#27;[0m&amp#27;[32m▓&amp#27;[0m&amp#27;[32m▓&amp#27;[0m&amp#27;[32m▒&amp#27;[0m&amp#27;[32m▒&amp#27;[0m&amp#27;[32m▒&amp#27;[0m&amp#27;[32m▓&amp#27;[0m&amp#27;[32m▓&amp#27;[0m&amp#27;[32m▓&amp#27;[0m&amp#27;[32m▓&amp#27;[0m&amp#27;[32m▓&amp#27;[0m&amp#27;[32m▓&amp#27;[0m&amp#27;[32m▓&amp#27;[0m&amp#27;[32m▓&amp#27;[0m&amp#27;[32m▓&amp#27;[0m&amp#27;[32m▒&amp#27;[0m&amp#27;[32m▓&amp#27;[0m&amp#27;[32m▒&amp#27;[0m&amp#27;[32m▓&amp#27;[0m&amp#27;[32m▓&amp#27;[0m&amp#27;[32m▓&amp#27;[0m&amp#27;[32m▒&amp#27;[0m&amp#27;[32m▒&amp#27;[0m&amp#27;[32m▓&amp#27;[0m&amp#27;[33m▓&amp#27;[0m&amp#27;[32m▓&amp#27;[0m&amp#27;[32m▓&amp#27;[0m&amp#27;[32m▓&amp#27;[0m&amp#27;[32m▒&amp#27;[0m&amp#27;[34m▓&amp#27;[0m&amp#27;[33m▓&amp#27;[0m&amp#27;[32m▒&amp#27;[0m&amp#27;[32m▒&amp#27;[0m&amp#27;[32m▒&amp#27;[0m&amp#27;[34m▓&amp#27;[0m&amp#27;[32m▓&amp#27;[0m&amp#27;[34m▓&amp#27;[0m&amp#27;[34m▓&amp#27;[0m&amp#27;[34m▓&amp#27;[0m&amp#27;[34m▓&amp#27;[0m&amp#27;[34m▓&amp#27;[0m&amp#27;[34m▓&amp#27;[0m&amp#27;[32m░&amp#27;[0m&amp#27;[32m░&amp#27;[0m&amp#27;[32m░&amp#27;[0m&amp#27;[32m░&amp#27;[0m&amp#27;[32m░&amp#27;[0m&amp#27;[32m░&amp#27;[0m&amp#27;[32m░&amp#27;[0m&amp#27;[34m▓&amp#27;[0m&amp#27;[34m▓&amp#27;[0m&amp#27;[34m▓&amp#27;[0m&amp#27;[32m▒&amp#27;[0m&amp#27;[32m▓&amp#27;[0m&amp#27;[32m▓&amp#27;[0m&amp#27;[32m▓&amp#27;[0m&amp#27;[32m▓&amp#27;[0m&amp#27;[32m▓&amp#27;[0m&amp#27;[32m▓&amp#27;[0m&amp#27;[32m▓&amp#27;[0m&amp#27;[32m▒&amp#27;[0m&amp#27;[33m▓&amp#27;[0m&amp#27;[33m▓&amp#27;[0m&amp#27;[33m▓&amp#27;[0m&amp#27;[32m▒&amp#27;[0m&amp#27;[33m▓&amp#27;[0m&amp#27;[33m▓&amp#27;[0m&amp#27;[33m▓&amp#27;[0m&amp#27;[33m▓&amp#27;[0m&amp#27;[33m▓&amp#27;[0m&amp#27;[32m▒&amp#27;[0m&amp#27;[33m▓&amp#27;[0m&amp#27;[33m▓&amp#27;[0m&amp#27;[33m▓&amp#27;[0m&amp#27;[33m▓&amp#27;[0m&amp#27;[33m▓&amp#27;[0m&amp#27;[34m▓&amp#27;[0m&amp#27;[32m░&amp#27;[0m&amp#27;[32m▒&amp#27;[0m&amp#27;[32m█&amp#27;[0m&amp#27;[32m█&amp#27;[0m&amp#27;[32m░&amp#27;[0m&amp#27;[32m░&amp#27;[0m&amp#27;[32m░&amp#27;[0m&amp#27;[34m▓&amp#27;[0m&amp#27;[34m▓&amp#27;[0m&amp#27;[32m▒&amp#27;[0m&amp#27;[34m▓&amp#27;[0m&amp#27;[34m▓&amp#27;[0m&amp#27;[34m▓&amp#27;[0m&amp#27;[34m▓&amp#27;[0m&amp#27;[32m▓&amp#27;[0m&amp#27;[32m█&amp#27;[0m&amp#27;[32m▒&amp#27;[0m&amp#27;[32m▓&amp#27;[0m&amp#27;[32m▓&amp#27;[0m&amp#27;[32m▒&amp#27;[0m&amp#27;[34m▓&amp#27;[0m&amp#27;[34m▓&amp#27;[0m&amp#27;[32m░&amp#27;[0m&amp#27;[34m▓&amp#27;[0m&amp#27;[34m▓&amp#27;[0m&amp#27;[32m░&amp#27;[0m&amp#27;[34m▓&amp#27;[0m&amp#27;[32m▒&amp#27;[0m&amp#27;[34m▓&amp#27;[0m&amp#27;[34m▓&amp#27;[0m&amp#27;[34m▓&amp#27;[0m&amp#27;[34m▓&amp#27;[0m&amp#27;[34m▓&amp#27;[0m&amp#27;[34m▓&amp#27;[0m&amp#27;[32m▓&amp#27;[0m&amp#27;[34m▓&amp#27;[0m&amp#27;[34m▓&amp#27;[0m&amp#27;[34m▓&amp#27;[0m&amp#27;[32m░&amp#27;[0m&amp#27;[32m░&amp#27;[0m&amp#27;[32m░&amp#27;[0m&amp#27;[32m░&amp#27;[0m&amp#27;[32m░&amp#27;[0m&amp#27;[32m░&amp#27;[0m&amp#27;[32m░&amp#27;[0m&amp#27;[32m▓&amp#27;[0m&amp#27;[32m▒&amp#27;[0m&amp#27;[32m▒&amp#27;[0m&amp#27;[32m░&amp#27;[0m&amp#27;[32m▓&amp#27;[0m&amp#27;[32m▓&amp#27;[0m&amp#27;[32m▓&amp#27;[0m&amp#27;[32m▒&amp#27;[0m&amp#27;[32m▓&amp#27;[0m&amp#27;[32m░&amp#27;[0m&amp#27;[33m▓&amp#27;[0m&amp#27;[33m▓&amp#27;[0m&amp#27;[32m▒&amp#27;[0m&amp#27;[33m▓&amp#27;[0m&amp#27;[33m▓&amp#27;[0m&amp#27;[33m▓&amp#27;[0m&amp#27;[33m▓&amp#27;[0m&amp#27;[32m▒&amp#27;[0m&amp#27;[32m▒&amp#27;[0m&amp#27;[33m▓&amp#27;[0m&amp#27;[33m▓&amp#27;[0m&amp#27;[33m▓&amp#27;[0m&amp#27;[33m▓&amp#27;[0m&amp#27;[33m▓&amp#27;[0m&amp#27;[33m▓&amp#27;[0m&amp#27;[33m▓&amp#27;[0m&amp#27;[33m▓&amp#27;[0m&amp#27;[33m▓&amp#27;[0m&amp#27;[32m▓&amp#27;[0m&amp#27;[32m█&amp#27;[0m&amp#27;[32m█&amp#27;[0m&amp#27;[32m█&amp#27;[0m&amp#27;[32m▓&amp#27;[0m&amp#27;[32m▓&amp#27;[0m&amp#27;[32m▓&amp#27;[0m&amp#27;[32m▓&amp#27;[0m&amp#27;[32m█&amp#27;[0m&amp#27;[32m▓&amp#27;[0m&amp#27;[32m▓&amp#27;[0m&amp#27;[32m▓&amp#27;[0m&amp#27;[32m▓&amp#27;[0m&amp#27;[32m▓&amp#27;[0m&amp#27;[32m▓&amp#27;[0m&amp#27;[32m▓&amp#27;[0m&amp#27;[32m▓&amp#27;[0m&amp#27;[32m▓&amp#27;[0m&amp#27;[32m▓&amp#27;[0m&amp#27;[34m▓&amp#27;[0m&amp#27;[34m▓&amp#27;[0m&amp#27;[34m▓&amp#27;[0m&amp#27;[34m▓&amp#27;[0m&amp#27;[34m▓&amp#27;[0m&amp#27;[32m▒&amp#27;[0m&amp#27;[34m▓&amp#27;[0m&amp#27;[34m▓&amp#27;[0m&amp#27;[34m▓&amp#27;[0m&amp#27;[34m▓&amp#27;[0m&amp#27;[34m▓&amp#27;[0m&amp#27;[34m▓&amp#27;[0m&amp#27;[34m▓&amp#27;[0m&amp#27;[34m▓&amp#27;[0m&amp#27;[34m▓&amp#27;[0m&amp#27;[34m▓&amp#27;[0m&amp#27;[34m▓&amp#27;[0m&amp#27;[34m▓&amp#27;[0m&amp#27;[32m░&amp#27;[0m&amp#27;[32m░&amp#27;[0m&amp#27;[32m░&amp#27;[0m&amp#27;[32m░&amp#27;[0m&amp#27;[32m▓&amp#27;[0m&amp#27;[32m▓&amp#27;[0m&amp#27;[32m▒&amp#27;[0m&amp#27;[32m▓&amp#27;[0m&amp#27;[32m▓&amp#27;[0m&amp#27;[32m▓&amp#27;[0m&amp#27;[32m▓&amp#27;[0m&amp#27;[32m▓&amp#27;[0m&amp#27;[32m▓&amp#27;[0m&amp#27;[32m▓&amp#27;[0m&amp#27;[32m▓&amp#27;[0m&amp#27;[32m▓&amp#27;[0m&amp#27;[32m▓&amp#27;[0m&amp#27;[32m▓&amp#27;[0m&amp#27;[32m▓&amp#27;[0m&amp#27;[32m▓&amp#27;[0m&amp#27;[32m▓&amp#27;[0m&amp#27;[32m▓&amp#27;[0m&amp#27;[32m▓&amp#27;[0m&amp#27;[32m▓&amp#27;[0m&amp#27;[32m▓&amp#27;[0m&amp#27;[32m▓&amp#27;[0m&amp#27;[32m▓&amp#27;[0m&amp#27;[34m▓&amp#27;[0m&amp#27;[34m▓&amp#27;[0m&amp#27;[32m▓&amp#27;[0m&amp#27;[32m▓&amp#27;[0m&amp#27;[32m▓&amp#27;[0m&amp#27;[32m▓&amp#27;[0m&amp#27;[32m▓&amp#27;[0m&amp#27;[32m░&amp#27;[0m&amp#27;[34m▓&amp#27;[0m&amp#27;[34m▓&amp#27;[0m&amp#27;[34m▓&amp#27;[0m&amp#27;[34m▓&amp#27;[0m&amp#27;[32m░&amp#27;[0m&amp#27;[32m░&amp#27;[0m&amp#27;[32m░&amp#27;[0m&amp#27;[32m░&amp#27;[0m&amp#27;[32m░&amp#27;[0m&amp#27;[34m▓&amp#27;[0m&amp#27;[32m▓&amp#27;[0m&amp#27;[32m▓&amp#27;[0m&amp#27;[34m▓&amp#27;[0m&amp#27;[34m▓&amp#27;[0m&amp#27;[32m▓&amp#27;[0m
&amp#27;[34m▓&amp#27;[0m&amp#27;[32m░&amp#27;[0m&amp#27;[33m▓&amp#27;[0m&amp#27;[32m░&amp#27;[0m&amp#27;[33m▓&amp#27;[0m&amp#27;[32m░&amp#27;[0m&amp#27;[33m▓&amp#27;[0m&amp#27;[33m▓&amp#27;[0m&amp#27;[32m░&amp#27;[0m&amp#27;[34m▓&amp#27;[0m&amp#27;[33m▓&amp#27;[0m&amp#27;[33m▓&amp#27;[0m&amp#27;[33m▓&amp#27;[0m&amp#27;[33m▓&amp#27;[0m&amp#27;[34m▓&amp#27;[0m&amp#27;[34m▓&amp#27;[0m&amp#27;[34m▓&amp#27;[0m&amp#27;[34m▓&amp#27;[0m&amp#27;[33m▓&amp#27;[0m&amp#27;[33m▓&amp#27;[0m&amp#27;[33m▓&amp#27;[0m&amp#27;[33m▓&amp#27;[0m&amp#27;[33m▓&amp#27;[0m&amp#27;[33m▓&amp#27;[0m&amp#27;[33m▓&amp#27;[0m&amp#27;[32m░&amp#27;[0m&amp#27;[32m░&amp#27;[0m&amp#27;[33m▓&amp#27;[0m&amp#27;[33m▓&amp#27;[0m&amp#27;[33m▓&amp#27;[0m&amp#27;[33m▓&amp#27;[0m&amp#27;[33m▓&amp#27;[0m&amp#27;[34m▓&amp#27;[0m&amp#27;[34m▓&amp#27;[0m&amp#27;[33m▓&amp#27;[0m&amp#27;[33m▓&amp#27;[0m&amp#27;[33m▓&amp#27;[0m&amp#27;[33m▓&amp#27;[0m&amp#27;[32m█&amp#27;[0m&amp#27;[32m█&amp#27;[0m&amp#27;[32m█&amp#27;[0m&amp#27;[32m█&amp#27;[0m&amp#27;[32m█&amp#27;[0m&amp#27;[33m▓&amp#27;[0m&amp#27;[33m▓&amp#27;[0m&amp#27;[32m█&amp#27;[0m&amp#27;[32m█&amp#27;[0m&amp#27;[33m▓&amp#27;[0m&amp#27;[34m▓&amp#27;[0m&amp#27;[34m▓&amp#27;[0m&amp#27;[32m▓&amp#27;[0m&amp#27;[32m▓&amp#27;[0m&amp#27;[32m▒&amp#27;[0m&amp#27;[32m▓&amp#27;[0m&amp#27;[32m▓&amp#27;[0m&amp#27;[32m▓&amp#27;[0m&amp#27;[33m▓&amp#27;[0m&amp#27;[32m▓&amp#27;[0m&amp#27;[32m▓&amp#27;[0m&amp#27;[32m▓&amp#27;[0m&amp#27;[32m▓&amp#27;[0m&amp#27;[32m▓&amp#27;[0m&amp#27;[32m▒&amp#27;[0m&amp#27;[32m▒&amp#27;[0m&amp#27;[32m▓&amp#27;[0m&amp#27;[32m▓&amp#27;[0m&amp#27;[32m▓&amp#27;[0m&amp#27;[32m▓&amp#27;[0m&amp#27;[32m▒&amp#27;[0m&amp#27;[32m▓&amp#27;[0m&amp#27;[32m▓&amp#27;[0m&amp#27;[32m▓&amp#27;[0m&amp#27;[32m▓&amp#27;[0m&amp#27;[32m▒&amp#27;[0m&amp#27;[32m▒&amp#27;[0m&amp#27;[32m▒&amp#27;[0m&amp#27;[32m▓&amp#27;[0m&amp#27;[32m▓&amp#27;[0m&amp#27;[32m▓&amp#27;[0m&amp#27;[32m▓&amp#27;[0m&amp#27;[32m▒&amp#27;[0m&amp#27;[32m▓&amp#27;[0m&amp#27;[32m▓&amp#27;[0m&amp#27;[32m▓&amp#27;[0m&amp#27;[32m▓&amp#27;[0m&amp#27;[33m▓&amp#27;[0m&amp#27;[32m▓&amp#27;[0m&amp#27;[32m▓&amp#27;[0m&amp#27;[32m▓&amp#27;[0m&amp#27;[32m▒&amp#27;[0m&amp#27;[32m▓&amp#27;[0m&amp#27;[32m▒&amp#27;[0m&amp#27;[34m▓&amp#27;[0m&amp#27;[34m▓&amp#27;[0m&amp#27;[32m░&amp#27;[0m&amp#27;[34m▓&amp#27;[0m&amp#27;[32m▒&amp#27;[0m&amp#27;[34m▓&amp#27;[0m&amp#27;[32m▒&amp#27;[0m&amp#27;[34m▓&amp#27;[0m&amp#27;[32m▒&amp#27;[0m&amp#27;[34m▓&amp#27;[0m&amp#27;[32m▒&amp#27;[0m&amp#27;[34m▓&amp#27;[0m&amp#27;[34m▓&amp#27;[0m&amp#27;[32m▒&amp#27;[0m&amp#27;[32m░&amp#27;[0m&amp#27;[32m▒&amp#27;[0m&amp#27;[32m░&amp#27;[0m&amp#27;[32m▒&amp#27;[0m&amp#27;[32m░&amp#27;[0m&amp#27;[32m▒&amp#27;[0m&amp#27;[34m▓&amp#27;[0m&amp#27;[34m▓&amp#27;[0m&amp#27;[34m▓&amp#27;[0m&amp#27;[32m▓&amp#27;[0m&amp#27;[32m▓&amp#27;[0m&amp#27;[33m▓&amp#27;[0m&amp#27;[32m▓&amp#27;[0m&amp#27;[32m█&amp#27;[0m&amp#27;[32m█&amp#27;[0m&amp#27;[32m▒&amp#27;[0m&amp#27;[32m█&amp#27;[0m&amp#27;[32m█&amp#27;[0m&amp#27;[34m▓&amp#27;[0m&amp#27;[33m▓&amp#27;[0m&amp#27;[33m▓&amp#27;[0m&amp#27;[33m▓&amp#27;[0m&amp#27;[33m▓&amp#27;[0m&amp#27;[33m▓&amp#27;[0m&amp#27;[33m▓&amp#27;[0m&amp#27;[33m▓&amp#27;[0m&amp#27;[33m▓&amp#27;[0m&amp#27;[33m▓&amp#27;[0m&amp#27;[32m▒&amp#27;[0m&amp#27;[32m▒&amp#27;[0m&amp#27;[33m▓&amp#27;[0m&amp#27;[33m▓&amp#27;[0m&amp#27;[32m▒&amp#27;[0m&amp#27;[34m▓&amp#27;[0m&amp#27;[32m▓&amp#27;[0m&amp#27;[34m▓&amp#27;[0m&amp#27;[32m█&amp#27;[0m&amp#27;[32m░&amp#27;[0m&amp#27;[32m░&amp#27;[0m&amp#27;[32m░&amp#27;[0m&amp#27;[34m▓&amp#27;[0m&amp#27;[34m▓&amp#27;[0m&amp#27;[34m▓&amp#27;[0m&amp#27;[34m▓&amp#27;[0m&amp#27;[34m▓&amp#27;[0m&amp#27;[32m▒&amp#27;[0m&amp#27;[34m▓&amp#27;[0m&amp#27;[32m▒&amp#27;[0m&amp#27;[32m▒&amp#27;[0m&amp#27;[34m▓&amp#27;[0m&amp#27;[32m▓&amp#27;[0m&amp#27;[32m▓&amp#27;[0m&amp#27;[32m▓&amp#27;[0m&amp#27;[34m▓&amp#27;[0m&amp#27;[34m▓&amp#27;[0m&amp#27;[32m▒&amp#27;[0m&amp#27;[32m▒&amp#27;[0m&amp#27;[34m▓&amp#27;[0m&amp#27;[34m▓&amp#27;[0m&amp#27;[34m▓&amp#27;[0m&amp#27;[34m▓&amp#27;[0m&amp#27;[32m█&amp#27;[0m&amp#27;[32m█&amp#27;[0m&amp#27;[34m▓&amp#27;[0m&amp#27;[34m▓&amp#27;[0m&amp#27;[34m▓&amp#27;[0m&amp#27;[34m▓&amp#27;[0m&amp#27;[34m▓&amp#27;[0m&amp#27;[34m▓&amp#27;[0m&amp#27;[34m▓&amp#27;[0m&amp#27;[34m▓&amp#27;[0m&amp#27;[32m░&amp#27;[0m&amp#27;[32m░&amp#27;[0m&amp#27;[32m░&amp#27;[0m&amp#27;[32m░&amp#27;[0m&amp#27;[32m░&amp#27;[0m&amp#27;[32m░&amp#27;[0m&amp#27;[32m░&amp#27;[0m&amp#27;[32m▒&amp#27;[0m&amp#27;[32m▓&amp#27;[0m&amp#27;[32m▓&amp#27;[0m&amp#27;[32m▒&amp#27;[0m&amp#27;[32m░&amp#27;[0m&amp#27;[32m▓&amp#27;[0m&amp#27;[32m▓&amp#27;[0m&amp#27;[32m▓&amp#27;[0m&amp#27;[32m▓&amp#27;[0m&amp#27;[32m▒&amp#27;[0m&amp#27;[32m░&amp#27;[0m&amp#27;[32m▒&amp#27;[0m&amp#27;[33m▓&amp#27;[0m&amp#27;[33m▓&amp#27;[0m&amp#27;[33m▓&amp#27;[0m&amp#27;[33m▓&amp#27;[0m&amp#27;[32m▒&amp#27;[0m&amp#27;[33m▓&amp#27;[0m&amp#27;[33m▓&amp#27;[0m&amp#27;[33m▓&amp#27;[0m&amp#27;[33m▓&amp#27;[0m&amp#27;[33m▓&amp#27;[0m&amp#27;[33m▓&amp#27;[0m&amp#27;[32m▒&amp#27;[0m&amp#27;[33m▓&amp#27;[0m&amp#27;[33m▓&amp#27;[0m&amp#27;[33m▓&amp#27;[0m&amp#27;[33m▓&amp#27;[0m&amp#27;[33m▓&amp#27;[0m&amp#27;[32m▒&amp#27;[0m&amp#27;[32m▓&amp#27;[0m&amp#27;[32m█&amp#27;[0m&amp#27;[32m█&amp#27;[0m&amp#27;[32m▓&amp#27;[0m&amp#27;[32m▓&amp#27;[0m&amp#27;[32m▓&amp#27;[0m&amp#27;[32m▓&amp#27;[0m&amp#27;[32m▓&amp#27;[0m&amp#27;[32m▓&amp#27;[0m&amp#27;[32m▓&amp#27;[0m&amp#27;[32m▓&amp#27;[0m&amp#27;[32m▓&amp#27;[0m&amp#27;[32m▓&amp#27;[0m&amp#27;[32m▓&amp#27;[0m&amp#27;[32m▓&amp#27;[0m&amp#27;[32m▓&amp#27;[0m&amp#27;[32m▒&amp#27;[0m&amp#27;[32m▓&amp#27;[0m&amp#27;[32m▓&amp#27;[0m&amp#27;[32m▓&amp#27;[0m&amp#27;[34m▓&amp#27;[0m&amp#27;[32m▓&amp#27;[0m&amp#27;[34m▓&amp#27;[0m&amp#27;[34m▓&amp#27;[0m&amp#27;[34m▓&amp#27;[0m&amp#27;[34m▓&amp#27;[0m&amp#27;[34m▓&amp#27;[0m&amp#27;[32m▒&amp#27;[0m&amp#27;[34m▓&amp#27;[0m&amp#27;[34m▓&amp#27;[0m&amp#27;[34m▓&amp#27;[0m&amp#27;[32m▒&amp#27;[0m&amp#27;[32m▒&amp#27;[0m&amp#27;[32m░&amp#27;[0m&amp#27;[34m▓&amp#27;[0m&amp#27;[34m▓&amp#27;[0m&amp#27;[32m░&amp#27;[0m&amp#27;[32m░&amp#27;[0m&amp#27;[32m░&amp#27;[0m&amp#27;[32m░&amp#27;[0m&amp#27;[32m▓&amp#27;[0m&amp#27;[32m▓&amp#27;[0m&amp#27;[32m▓&amp#27;[0m&amp#27;[32m▓&amp#27;[0m&amp#27;[32m▒&amp#27;[0m&amp#27;[32m▓&amp#27;[0m&amp#27;[32m▒&amp#27;[0m&amp#27;[32m▓&amp#27;[0m&amp#27;[32m▓&amp#27;[0m&amp#27;[32m▓&amp#27;[0m&amp#27;[32m▓&amp#27;[0m&amp#27;[32m▓&amp#27;[0m&amp#27;[32m▓&amp#27;[0m&amp#27;[32m▓&amp#27;[0m&amp#27;[32m▓&amp#27;[0m&amp#27;[33m▓&amp#27;[0m&amp#27;[32m▓&amp#27;[0m&amp#27;[32m▓&amp#27;[0m&amp#27;[32m▓&amp#27;[0m&amp#27;[32m▓&amp#27;[0m&amp#27;[32m▓&amp#27;[0m&amp#27;[32m▓&amp#27;[0m&amp#27;[34m▓&amp#27;[0m&amp#27;[34m▓&amp#27;[0m&amp#27;[34m▓&amp#27;[0m&amp#27;[32m▓&amp#27;[0m&amp#27;[32m▓&amp#27;[0m&amp#27;[32m▓&amp#27;[0m&amp#27;[32m▓&amp#27;[0m&amp#27;[32m▓&amp#27;[0m&amp#27;[34m▓&amp#27;[0m&amp#27;[34m▓&amp#27;[0m&amp#27;[32m▒&amp#27;[0m&amp#27;[34m▓&amp#27;[0m&amp#27;[34m▓&amp#27;[0m&amp#27;[32m░&amp#27;[0m&amp#27;[32m░&amp#27;[0m&amp#27;[32m█&amp#27;[0m&amp#27;[32m░&amp#27;[0m&amp#27;[32m░&amp#27;[0m&amp#27;[34m▓&amp#27;[0m&amp#27;[34m▓&amp#27;[0m&amp#27;[32m░&amp#27;[0m&amp#27;[34m▓&amp#27;[0m&amp#27;[32m▓&amp#27;[0m&amp#27;[32m▓&amp#27;[0m
&amp#27;[33m▓&amp#27;[0m&amp#27;[32m░&amp#27;[0m&amp#27;[33m▓&amp#27;[0m&amp#27;[33m▓&amp#27;[0m&amp#27;[32m░&amp#27;[0m&amp#27;[34m▓&amp#27;[0m&amp#27;[34m▓&amp#27;[0m&amp#27;[34m▓&amp#27;[0m&amp#27;[34m▓&amp#27;[0m&amp#27;[34m▓&amp#27;[0m&amp#27;[33m▓&amp#27;[0m&amp#27;[33m▓&amp#27;[0m&amp#27;[33m▓&amp#27;[0m&amp#27;[33m▓&amp#27;[0m&amp#27;[34m▓&amp#27;[0m&amp#27;[34m▓&amp#27;[0m&amp#27;[34m▓&amp#27;[0m&amp#27;[32m░&amp#27;[0m&amp#27;[32m░&amp#27;[0m&amp#27;[33m▓&amp#27;[0m&amp#27;[33m▓&amp#27;[0m&amp#27;[33m▓&amp#27;[0m&amp#27;[33m▓&amp#27;[0m&amp#27;[33m▓&amp#27;[0m&amp#27;[33m▓&amp#27;[0m&amp#27;[33m▓&amp#27;[0m&amp#27;[32m░&amp#27;[0m&amp#27;[32m░&amp#27;[0m&amp#27;[33m▓&amp#27;[0m&amp#27;[32m░&amp#27;[0m&amp#27;[32m░&amp#27;[0m&amp#27;[34m▓&amp#27;[0m&amp#27;[33m▓&amp#27;[0m&amp#27;[34m▓&amp#27;[0m&amp#27;[34m▓&amp#27;[0m&amp#27;[33m▓&amp#27;[0m&amp#27;[33m▓&amp#27;[0m&amp#27;[33m▓&amp#27;[0m&amp#27;[32m█&amp#27;[0m&amp#27;[33m▓&amp#27;[0m&amp#27;[32m█&amp#27;[0m&amp#27;[32m█&amp#27;[0m&amp#27;[32m█&amp#27;[0m&amp#27;[32m█&amp#27;[0m&amp#27;[32m█&amp#27;[0m&amp#27;[33m▓&amp#27;[0m&amp#27;[32m█&amp#27;[0m&amp#27;[32m▓&amp#27;[0m&amp#27;[32m▓&amp#27;[0m&amp#27;[32m▓&amp#27;[0m&amp#27;[32m▓&amp#27;[0m&amp#27;[32m▓&amp#27;[0m&amp#27;[32m▓&amp#27;[0m&amp#27;[32m▒&amp#27;[0m&amp#27;[32m▒&amp#27;[0m&amp#27;[33m▓&amp#27;[0m&amp#27;[33m▓&amp#27;[0m&amp#27;[33m▓&amp#27;[0m&amp#27;[32m▓&amp#27;[0m&amp#27;[32m▓&amp#27;[0m&amp#27;[32m▒&amp#27;[0m&amp#27;[32m▓&amp#27;[0m&amp#27;[32m▒&amp#27;[0m&amp#27;[32m▒&amp#27;[0m&amp#27;[33m▓&amp#27;[0m&amp#27;[32m▓&amp#27;[0m&amp#27;[32m▓&amp#27;[0m&amp#27;[32m▓&amp#27;[0m&amp#27;[32m▓&amp#27;[0m&amp#27;[32m▒&amp#27;[0m&amp#27;[32m▒&amp#27;[0m&amp#27;[32m▒&amp#27;[0m&amp#27;[32m▓&amp#27;[0m&amp#27;[32m▓&amp#27;[0m&amp#27;[32m▓&amp#27;[0m&amp#27;[32m▒&amp#27;[0m&amp#27;[32m▓&amp#27;[0m&amp#27;[32m▓&amp#27;[0m&amp#27;[32m▓&amp#27;[0m&amp#27;[32m▓&amp#27;[0m&amp#27;[32m█&amp#27;[0m&amp#27;[32m▓&amp#27;[0m&amp#27;[32m▓&amp#27;[0m&amp#27;[32m█&amp#27;[0m&amp#27;[32m▒&amp#27;[0m&amp#27;[32m▓&amp#27;[0m&amp#27;[32m▓&amp#27;[0m&amp#27;[32m▓&amp#27;[0m&amp#27;[32m▓&amp#27;[0m&amp#27;[32m▓&amp#27;[0m&amp#27;[33m▓&amp#27;[0m&amp#27;[32m▒&amp#27;[0m&amp#27;[34m▓&amp#27;[0m&amp#27;[34m▓&amp#27;[0m&amp#27;[34m▓&amp#27;[0m&amp#27;[34m▓&amp#27;[0m&amp#27;[32m▒&amp#27;[0m&amp#27;[33m▓&amp#27;[0m&amp#27;[34m▓&amp#27;[0m&amp#27;[34m▓&amp#27;[0m&amp#27;[34m▓&amp#27;[0m&amp#27;[34m▓&amp#27;[0m&amp#27;[34m▓&amp#27;[0m&amp#27;[34m▓&amp#27;[0m&amp#27;[34m▓&amp#27;[0m&amp#27;[32m▒&amp#27;[0m&amp#27;[32m░&amp#27;[0m&amp#27;[32m▒&amp#27;[0m&amp#27;[32m░&amp#27;[0m&amp#27;[32m▒&amp#27;[0m&amp#27;[32m░&amp#27;[0m&amp#27;[32m▒&amp#27;[0m&amp#27;[34m▓&amp#27;[0m&amp#27;[34m▓&amp#27;[0m&amp#27;[34m▓&amp#27;[0m&amp#27;[32m▒&amp#27;[0m&amp#27;[32m▓&amp#27;[0m&amp#27;[32m▓&amp#27;[0m&amp#27;[32m█&amp#27;[0m&amp#27;[32m▒&amp#27;[0m&amp#27;[33m▓&amp#27;[0m&amp#27;[33m▓&amp#27;[0m&amp#27;[32m▒&amp#27;[0m&amp#27;[32m▒&amp#27;[0m&amp#27;[32m█&amp#27;[0m&amp#27;[33m▓&amp#27;[0m&amp#27;[33m▓&amp#27;[0m&amp#27;[32m▒&amp#27;[0m&amp#27;[32m▒&amp#27;[0m&amp#27;[32m▒&amp#27;[0m&amp#27;[33m▓&amp#27;[0m&amp#27;[33m▓&amp#27;[0m&amp#27;[32m▒&amp#27;[0m&amp#27;[33m▓&amp#27;[0m&amp#27;[33m▓&amp#27;[0m&amp#27;[33m▓&amp#27;[0m&amp#27;[33m▓&amp#27;[0m&amp#27;[33m▓&amp#27;[0m&amp#27;[34m▓&amp#27;[0m&amp#27;[34m▓&amp#27;[0m&amp#27;[34m▓&amp#27;[0m&amp#27;[34m▓&amp#27;[0m&amp#27;[34m▓&amp#27;[0m&amp#27;[32m░&amp#27;[0m&amp#27;[32m░&amp#27;[0m&amp#27;[32m░&amp#27;[0m&amp#27;[34m▓&amp#27;[0m&amp#27;[34m▓&amp#27;[0m&amp#27;[32m▒&amp#27;[0m&amp#27;[32m▒&amp#27;[0m&amp#27;[34m▓&amp#27;[0m&amp#27;[34m▓&amp#27;[0m&amp#27;[34m▓&amp#27;[0m&amp#27;[34m▓&amp#27;[0m&amp#27;[34m▓&amp#27;[0m&amp#27;[34m▓&amp#27;[0m&amp#27;[32m▒&amp#27;[0m&amp#27;[34m▓&amp#27;[0m&amp#27;[34m▓&amp#27;[0m&amp#27;[34m▓&amp#27;[0m&amp#27;[34m▓&amp#27;[0m&amp#27;[34m▓&amp#27;[0m&amp#27;[32m░&amp#27;[0m&amp#27;[34m▓&amp#27;[0m&amp#27;[34m▓&amp#27;[0m&amp#27;[34m▓&amp#27;[0m&amp#27;[34m▓&amp#27;[0m&amp#27;[34m▓&amp#27;[0m&amp#27;[34m▓&amp#27;[0m&amp#27;[34m▓&amp#27;[0m&amp#27;[32m▒&amp#27;[0m&amp#27;[34m▓&amp#27;[0m&amp#27;[34m▓&amp#27;[0m&amp#27;[32m▓&amp#27;[0m&amp#27;[34m▓&amp#27;[0m&amp#27;[34m▓&amp#27;[0m&amp#27;[32m░&amp#27;[0m&amp#27;[32m▒&amp#27;[0m&amp#27;[32m░&amp#27;[0m&amp#27;[32m░&amp#27;[0m&amp#27;[32m▒&amp#27;[0m&amp#27;[32m▒&amp#27;[0m&amp#27;[32m░&amp#27;[0m&amp#27;[32m░&amp#27;[0m&amp#27;[32m░&amp#27;[0m&amp#27;[32m▓&amp#27;[0m&amp#27;[32m▓&amp#27;[0m&amp#27;[32m░&amp#27;[0m&amp#27;[32m▒&amp#27;[0m&amp#27;[32m▒&amp#27;[0m&amp#27;[32m▓&amp#27;[0m&amp#27;[32m▓&amp#27;[0m&amp#27;[32m▓&amp#27;[0m&amp#27;[32m▓&amp#27;[0m&amp#27;[32m░&amp#27;[0m&amp#27;[33m▓&amp#27;[0m&amp#27;[33m▓&amp#27;[0m&amp#27;[33m▓&amp#27;[0m&amp#27;[33m▓&amp#27;[0m&amp#27;[33m▓&amp#27;[0m&amp#27;[33m▓&amp#27;[0m&amp#27;[33m▓&amp#27;[0m&amp#27;[33m▓&amp#27;[0m&amp#27;[33m▓&amp#27;[0m&amp#27;[33m▓&amp#27;[0m&amp#27;[33m▓&amp#27;[0m&amp#27;[33m▓&amp#27;[0m&amp#27;[33m▓&amp#27;[0m&amp#27;[32m▒&amp#27;[0m&amp#27;[33m▓&amp#27;[0m&amp#27;[33m▓&amp#27;[0m&amp#27;[33m▓&amp#27;[0m&amp#27;[33m▓&amp#27;[0m&amp#27;[32m▓&amp#27;[0m&amp#27;[32m▒&amp#27;[0m&amp#27;[32m▓&amp#27;[0m&amp#27;[32m▓&amp#27;[0m&amp#27;[32m▒&amp#27;[0m&amp#27;[32m▓&amp#27;[0m&amp#27;[32m▓&amp#27;[0m&amp#27;[32m▓&amp#27;[0m&amp#27;[32m▓&amp#27;[0m&amp#27;[32m▓&amp#27;[0m&amp#27;[32m▓&amp#27;[0m&amp#27;[32m▓&amp#27;[0m&amp#27;[32m▒&amp#27;[0m&amp#27;[32m▓&amp#27;[0m&amp#27;[32m▓&amp#27;[0m&amp#27;[32m█&amp#27;[0m&amp#27;[32m▓&amp#27;[0m&amp#27;[32m▓&amp#27;[0m&amp#27;[32m▓&amp#27;[0m&amp#27;[32m▓&amp#27;[0m&amp#27;[32m▓&amp#27;[0m&amp#27;[34m▓&amp#27;[0m&amp#27;[34m▓&amp#27;[0m&amp#27;[34m▓&amp#27;[0m&amp#27;[33m▓&amp#27;[0m&amp#27;[33m▓&amp#27;[0m&amp#27;[33m▓&amp#27;[0m&amp#27;[33m▓&amp#27;[0m&amp#27;[34m▓&amp#27;[0m&amp#27;[34m▓&amp#27;[0m&amp#27;[34m▓&amp#27;[0m&amp#27;[34m▓&amp#27;[0m&amp#27;[34m▓&amp#27;[0m&amp#27;[34m▓&amp#27;[0m&amp#27;[34m▓&amp#27;[0m&amp#27;[34m▓&amp#27;[0m&amp#27;[32m░&amp#27;[0m&amp#27;[32m░&amp#27;[0m&amp#27;[32m█&amp#27;[0m&amp#27;[32m░&amp#27;[0m&amp#27;[32m░&amp#27;[0m&amp#27;[32m░&amp#27;[0m&amp#27;[32m▓&amp#27;[0m&amp#27;[32m▓&amp#27;[0m&amp#27;[32m▓&amp#27;[0m&amp#27;[32m▓&amp#27;[0m&amp#27;[32m▓&amp#27;[0m&amp#27;[32m▓&amp#27;[0m&amp#27;[32m▓&amp#27;[0m&amp#27;[32m▓&amp#27;[0m&amp#27;[32m▓&amp#27;[0m&amp#27;[33m▓&amp#27;[0m&amp#27;[32m▓&amp#27;[0m&amp#27;[32m▓&amp#27;[0m&amp#27;[32m▓&amp#27;[0m&amp#27;[32m▓&amp#27;[0m&amp#27;[32m▓&amp#27;[0m&amp#27;[32m▓&amp#27;[0m&amp#27;[32m▓&amp#27;[0m&amp#27;[32m▓&amp#27;[0m&amp#27;[33m▓&amp#27;[0m&amp#27;[32m▓&amp#27;[0m&amp#27;[32m▓&amp#27;[0m&amp#27;[32m▓&amp#27;[0m&amp#27;[34m▓&amp#27;[0m&amp#27;[34m▓&amp#27;[0m&amp#27;[32m▓&amp#27;[0m&amp#27;[32m▓&amp#27;[0m&amp#27;[32m▓&amp#27;[0m&amp#27;[32m▓&amp#27;[0m&amp#27;[32m▓&amp#27;[0m&amp#27;[34m▓&amp#27;[0m&amp#27;[34m▓&amp#27;[0m&amp#27;[34m▓&amp#27;[0m&amp#27;[34m▓&amp#27;[0m&amp#27;[34m▓&amp#27;[0m&amp#27;[32m░&amp#27;[0m&amp#27;[32m░&amp#27;[0m&amp#27;[32m░&amp#27;[0m&amp#27;[32m░&amp#27;[0m&amp#27;[34m▓&amp#27;[0m&amp#27;[34m▓&amp#27;[0m&amp#27;[34m▓&amp#27;[0m&amp#27;[33m▓&amp#27;[0m&amp#27;[33m▓&amp#27;[0m&amp#27;[33m▓&amp#27;[0m&amp#27;[32m▓&amp#27;[0m
&amp#27;[34m▓&amp#27;[0m&amp#27;[34m▓&amp#27;[0m&amp#27;[34m▓&amp#27;[0m&amp#27;[33m▓&amp#27;[0m&amp#27;[32m█&amp#27;[0m&amp#27;[34m▓&amp#27;[0m&amp#27;[34m▓&amp#27;[0m&amp#27;[34m▓&amp#27;[0m&amp#27;[34m▓&amp#27;[0m&amp#27;[34m▓&amp#27;[0m&amp#27;[33m▓&amp#27;[0m&amp#27;[33m▓&amp#27;[0m&amp#27;[33m▓&amp#27;[0m&amp#27;[33m▓&amp#27;[0m&amp#27;[34m▓&amp#27;[0m&amp#27;[34m▓&amp#27;[0m&amp#27;[32m░&amp#27;[0m&amp#27;[32m░&amp#27;[0m&amp#27;[33m▓&amp#27;[0m&amp#27;[32m░&amp#27;[0m&amp#27;[32m░&amp#27;[0m&amp#27;[32m░&amp#27;[0m&amp#27;[32m░&amp#27;[0m&amp#27;[32m░&amp#27;[0m&amp#27;[32m░&amp#27;[0m&amp#27;[32m░&amp#27;[0m&amp#27;[32m░&amp#27;[0m&amp#27;[32m░&amp#27;[0m&amp#27;[32m░&amp#27;[0m&amp#27;[32m░&amp#27;[0m&amp#27;[32m▓&amp#27;[0m&amp#27;[32m░&amp#27;[0m&amp#27;[34m▓&amp#27;[0m&amp#27;[34m▓&amp#27;[0m&amp#27;[32m▓&amp#27;[0m&amp#27;[33m▓&amp#27;[0m&amp#27;[33m▓&amp#27;[0m&amp#27;[33m▓&amp#27;[0m&amp#27;[32m█&amp#27;[0m&amp#27;[33m▓&amp#27;[0m&amp#27;[33m▓&amp#27;[0m&amp#27;[32m█&amp#27;[0m&amp#27;[32m█&amp#27;[0m&amp#27;[33m▓&amp#27;[0m&amp#27;[32m█&amp#27;[0m&amp#27;[32m█&amp#27;[0m&amp#27;[33m▓&amp#27;[0m&amp#27;[32m▓&amp#27;[0m&amp#27;[32m▓&amp#27;[0m&amp#27;[32m▓&amp#27;[0m&amp#27;[32m▓&amp#27;[0m&amp#27;[32m▒&amp#27;[0m&amp#27;[32m▓&amp#27;[0m&amp#27;[32m▓&amp#27;[0m&amp#27;[32m▒&amp#27;[0m&amp#27;[33m▓&amp#27;[0m&amp#27;[33m▓&amp#27;[0m&amp#27;[33m▓&amp#27;[0m&amp#27;[32m▓&amp#27;[0m&amp#27;[32m▓&amp#27;[0m&amp#27;[32m▓&amp#27;[0m&amp#27;[32m▓&amp#27;[0m&amp#27;[32m█&amp#27;[0m&amp#27;[32m▓&amp#27;[0m&amp#27;[32m▓&amp#27;[0m&amp#27;[32m▓&amp#27;[0m&amp#27;[32m▓&amp#27;[0m&amp#27;[32m▒&amp#27;[0m&amp#27;[32m▓&amp#27;[0m&amp#27;[32m▓&amp#27;[0m&amp#27;[32m▓&amp#27;[0m&amp#27;[32m▓&amp#27;[0m&amp#27;[32m▓&amp#27;[0m&amp#27;[32m▓&amp#27;[0m&amp#27;[32m▓&amp#27;[0m&amp#27;[32m▓&amp#27;[0m&amp#27;[32m▒&amp#27;[0m&amp#27;[32m▒&amp#27;[0m&amp#27;[32m▓&amp#27;[0m&amp#27;[32m▒&amp#27;[0m&amp#27;[32m▒&amp#27;[0m&amp#27;[32m▒&amp#27;[0m&amp#27;[32m▓&amp#27;[0m&amp#27;[32m▓&amp#27;[0m&amp#27;[32m▓&amp#27;[0m&amp#27;[32m▓&amp#27;[0m&amp#27;[32m▒&amp#27;[0m&amp#27;[32m▓&amp#27;[0m&amp#27;[32m▓&amp#27;[0m&amp#27;[32m▓&amp#27;[0m&amp#27;[32m▓&amp#27;[0m&amp#27;[34m▓&amp#27;[0m&amp#27;[34m▓&amp#27;[0m&amp#27;[34m▓&amp#27;[0m&amp#27;[34m▓&amp#27;[0m&amp#27;[34m▓&amp#27;[0m&amp#27;[34m▓&amp#27;[0m&amp#27;[32m▒&amp#27;[0m&amp#27;[34m▓&amp#27;[0m&amp#27;[32m▒&amp#27;[0m&amp#27;[32m░&amp#27;[0m&amp#27;[32m▒&amp#27;[0m&amp#27;[32m▒&amp#27;[0m&amp#27;[34m▓&amp#27;[0m&amp#27;[34m▓&amp#27;[0m&amp#27;[34m▓&amp#27;[0m&amp#27;[32m░&amp#27;[0m&amp#27;[32m░&amp#27;[0m&amp#27;[32m░&amp#27;[0m&amp#27;[32m░&amp#27;[0m&amp#27;[32m░&amp#27;[0m&amp#27;[34m▓&amp#27;[0m&amp#27;[32m░&amp#27;[0m&amp#27;[34m▓&amp#27;[0m&amp#27;[34m▓&amp#27;[0m&amp#27;[34m▓&amp#27;[0m&amp#27;[34m▓&amp#27;[0m&amp#27;[32m█&amp#27;[0m&amp#27;[32m█&amp#27;[0m&amp#27;[33m▓&amp#27;[0m&amp#27;[33m▓&amp#27;[0m&amp#27;[33m▓&amp#27;[0m&amp#27;[32m█&amp#27;[0m&amp#27;[32m█&amp#27;[0m&amp#27;[32m█&amp#27;[0m&amp#27;[32m█&amp#27;[0m&amp#27;[33m▓&amp#27;[0m&amp#27;[33m▓&amp#27;[0m&amp#27;[33m▓&amp#27;[0m&amp#27;[33m▓&amp#27;[0m&amp#27;[33m▓&amp#27;[0m&amp#27;[33m▓&amp#27;[0m&amp#27;[33m▓&amp#27;[0m&amp#27;[33m▓&amp#27;[0m&amp#27;[32m▒&amp#27;[0m&amp#27;[33m▓&amp#27;[0m&amp#27;[33m▓&amp#27;[0m&amp#27;[34m▓&amp#27;[0m&amp#27;[34m▓&amp#27;[0m&amp#27;[32m▒&amp#27;[0m&amp#27;[32m░&amp#27;[0m&amp#27;[32m▒&amp#27;[0m&amp#27;[34m▓&amp#27;[0m&amp#27;[32m▓&amp#27;[0m&amp#27;[32m▒&amp#27;[0m&amp#27;[32m░&amp#27;[0m&amp#27;[34m▓&amp#27;[0m&amp#27;[32m░&amp#27;[0m&amp#27;[34m▓&amp#27;[0m&amp#27;[34m▓&amp#27;[0m&amp#27;[34m▓&amp#27;[0m&amp#27;[34m▓&amp#27;[0m&amp#27;[34m▓&amp#27;[0m&amp#27;[34m▓&amp#27;[0m&amp#27;[32m▒&amp#27;[0m&amp#27;[34m▓&amp#27;[0m&amp#27;[34m▓&amp#27;[0m&amp#27;[34m▓&amp#27;[0m&amp#27;[32m▒&amp#27;[0m&amp#27;[34m▓&amp#27;[0m&amp#27;[34m▓&amp#27;[0m&amp#27;[34m▓&amp#27;[0m&amp#27;[32m▒&amp#27;[0m&amp#27;[32m▓&amp#27;[0m&amp#27;[32m░&amp#27;[0m&amp#27;[34m▓&amp#27;[0m&amp#27;[34m▓&amp#27;[0m&amp#27;[32m▒&amp#27;[0m&amp#27;[34m▓&amp#27;[0m&amp#27;[34m▓&amp#27;[0m&amp#27;[34m▓&amp#27;[0m&amp#27;[34m▓&amp#27;[0m&amp#27;[32m▒&amp#27;[0m&amp#27;[34m▓&amp#27;[0m&amp#27;[34m▓&amp#27;[0m&amp#27;[34m▓&amp#27;[0m&amp#27;[34m▓&amp#27;[0m&amp#27;[32m▒&amp#27;[0m&amp#27;[32m░&amp#27;[0m&amp#27;[32m░&amp#27;[0m&amp#27;[32m░&amp#27;[0m&amp#27;[32m▓&amp#27;[0m&amp#27;[32m▓&amp#27;[0m&amp#27;[32m▓&amp#27;[0m&amp#27;[32m▓&amp#27;[0m&amp#27;[33m▓&amp#27;[0m&amp#27;[32m▒&amp#27;[0m&amp#27;[32m░&amp#27;[0m&amp#27;[32m░&amp#27;[0m&amp#27;[32m░&amp#27;[0m&amp#27;[32m▓&amp#27;[0m&amp#27;[32m▓&amp#27;[0m&amp#27;[32m▓&amp#27;[0m&amp#27;[32m░&amp#27;[0m&amp#27;[32m░&amp#27;[0m&amp#27;[32m▒&amp#27;[0m&amp#27;[32m▒&amp#27;[0m&amp#27;[32m▒&amp#27;[0m&amp#27;[33m▓&amp#27;[0m&amp#27;[33m▓&amp#27;[0m&amp#27;[33m▓&amp#27;[0m&amp#27;[33m▓&amp#27;[0m&amp#27;[33m▓&amp#27;[0m&amp#27;[33m▓&amp#27;[0m&amp#27;[33m▓&amp#27;[0m&amp#27;[33m▓&amp#27;[0m&amp#27;[33m▓&amp#27;[0m&amp#27;[33m▓&amp#27;[0m&amp#27;[33m▓&amp#27;[0m&amp#27;[33m▓&amp#27;[0m&amp#27;[33m▓&amp#27;[0m&amp#27;[33m▓&amp#27;[0m&amp#27;[32m▓&amp#27;[0m&amp#27;[32m▓&amp#27;[0m&amp#27;[32m▒&amp#27;[0m&amp#27;[32m▓&amp#27;[0m&amp#27;[32m█&amp#27;[0m&amp#27;[32m█&amp#27;[0m&amp#27;[32m▒&amp#27;[0m&amp#27;[32m▓&amp#27;[0m&amp#27;[32m▓&amp#27;[0m&amp#27;[32m▓&amp#27;[0m&amp#27;[32m▓&amp#27;[0m&amp#27;[32m▓&amp#27;[0m&amp#27;[32m▓&amp#27;[0m&amp#27;[32m▓&amp#27;[0m&amp#27;[32m▓&amp#27;[0m&amp#27;[32m▓&amp#27;[0m&amp#27;[32m▓&amp#27;[0m&amp#27;[32m▓&amp#27;[0m&amp#27;[32m▓&amp#27;[0m&amp#27;[32m▓&amp#27;[0m&amp#27;[32m▓&amp#27;[0m&amp#27;[32m▓&amp#27;[0m&amp#27;[32m▓&amp#27;[0m&amp#27;[34m▓&amp#27;[0m&amp#27;[33m▓&amp#27;[0m&amp#27;[33m▓&amp#27;[0m&amp#27;[33m▓&amp#27;[0m&amp#27;[33m▓&amp#27;[0m&amp#27;[33m▓&amp#27;[0m&amp#27;[32m▒&amp#27;[0m&amp#27;[32m█&amp#27;[0m&amp#27;[34m▓&amp#27;[0m&amp#27;[34m▓&amp#27;[0m&amp#27;[34m▓&amp#27;[0m&amp#27;[34m▓&amp#27;[0m&amp#27;[34m▓&amp#27;[0m&amp#27;[32m▒&amp#27;[0m&amp#27;[32m░&amp#27;[0m&amp#27;[32m▒&amp#27;[0m&amp#27;[32m░&amp#27;[0m&amp#27;[32m░&amp#27;[0m&amp#27;[32m░&amp#27;[0m&amp#27;[32m░&amp#27;[0m&amp#27;[32m░&amp#27;[0m&amp#27;[32m▓&amp#27;[0m&amp#27;[32m▓&amp#27;[0m&amp#27;[32m▓&amp#27;[0m&amp#27;[32m▓&amp#27;[0m&amp#27;[32m▓&amp#27;[0m&amp#27;[32m▓&amp#27;[0m&amp#27;[33m▓&amp#27;[0m&amp#27;[32m▓&amp#27;[0m&amp#27;[32m▓&amp#27;[0m&amp#27;[32m▓&amp#27;[0m&amp#27;[32m▓&amp#27;[0m&amp#27;[33m▓&amp#27;[0m&amp#27;[32m▓&amp#27;[0m&amp#27;[32m▓&amp#27;[0m&amp#27;[32m▓&amp#27;[0m&amp#27;[32m▓&amp#27;[0m&amp#27;[32m▓&amp#27;[0m&amp#27;[32m▓&amp#27;[0m&amp#27;[32m▓&amp#27;[0m&amp#27;[34m▓&amp#27;[0m&amp#27;[34m▓&amp#27;[0m&amp#27;[32m░&amp#27;[0m&amp#27;[32m▒&amp#27;[0m&amp#27;[32m░&amp#27;[0m&amp#27;[32m▓&amp#27;[0m&amp#27;[32m▓&amp#27;[0m&amp#27;[32m▓&amp#27;[0m&amp#27;[32m▓&amp#27;[0m&amp#27;[34m▓&amp#27;[0m&amp#27;[34m▓&amp#27;[0m&amp#27;[34m▓&amp#27;[0m&amp#27;[34m▓&amp#27;[0m&amp#27;[34m▓&amp#27;[0m&amp#27;[34m▓&amp#27;[0m&amp#27;[34m▓&amp#27;[0m&amp#27;[34m▓&amp#27;[0m&amp#27;[34m▓&amp#27;[0m&amp#27;[34m▓&amp#27;[0m&amp#27;[34m▓&amp#27;[0m&amp#27;[32m▒&amp#27;[0m&amp#27;[33m▓&amp#27;[0m&amp#27;[33m▓&amp#27;[0m&amp#27;[33m▓&amp#27;[0m&amp#27;[34m▓&amp#27;[0m
&amp#27;[34m▓&amp#27;[0m&amp#27;[34m▓&amp#27;[0m&amp#27;[33m▓&amp#27;[0m&amp#27;[34m▓&amp#27;[0m&amp#27;[34m▓&amp#27;[0m&amp#27;[33m▓&amp#27;[0m&amp#27;[33m▓&amp#27;[0m&amp#27;[34m▓&amp#27;[0m&amp#27;[34m▓&amp#27;[0m&amp#27;[34m▓&amp#27;[0m&amp#27;[34m▓&amp#27;[0m&amp#27;[34m▓&amp#27;[0m&amp#27;[34m▓&amp#27;[0m&amp#27;[33m▓&amp#27;[0m&amp#27;[33m▓&amp#27;[0m&amp#27;[33m▓&amp#27;[0m&amp#27;[33m▓&amp#27;[0m&amp#27;[32m░&amp#27;[0m&amp#27;[32m░&amp#27;[0m&amp#27;[32m░&amp#27;[0m&amp#27;[32m░&amp#27;[0m&amp#27;[32m▓&amp#27;[0m&amp#27;[32m░&amp#27;[0m&amp#27;[32m░&amp#27;[0m&amp#27;[32m░&amp#27;[0m&amp#27;[32m░&amp#27;[0m&amp#27;[32m█&amp#27;[0m&amp#27;[32m░&amp#27;[0m&amp#27;[32m░&amp#27;[0m&amp#27;[33m▓&amp#27;[0m&amp#27;[32m░&amp#27;[0m&amp#27;[32m░&amp#27;[0m&amp#27;[33m▓&amp#27;[0m&amp#27;[34m▓&amp#27;[0m&amp#27;[33m▓&amp#27;[0m&amp#27;[34m▓&amp#27;[0m&amp#27;[33m▓&amp#27;[0m&amp#27;[32m█&amp#27;[0m&amp#27;[33m▓&amp#27;[0m&amp#27;[32m█&amp#27;[0m&amp#27;[32m█&amp#27;[0m&amp#27;[32m█&amp#27;[0m&amp#27;[32m█&amp#27;[0m&amp#27;[32m█&amp#27;[0m&amp#27;[32m█&amp#27;[0m&amp#27;[32m▓&amp#27;[0m&amp#27;[32m▓&amp#27;[0m&amp#27;[33m▓&amp#27;[0m&amp#27;[33m▓&amp#27;[0m&amp#27;[33m▓&amp#27;[0m&amp#27;[32m▓&amp#27;[0m&amp#27;[32m▓&amp#27;[0m&amp#27;[32m█&amp#27;[0m&amp#27;[32m▓&amp#27;[0m&amp#27;[32m▓&amp#27;[0m&amp#27;[32m▒&amp#27;[0m&amp#27;[33m▓&amp#27;[0m&amp#27;[32m▒&amp#27;[0m&amp#27;[32m▓&amp#27;[0m&amp#27;[32m▓&amp#27;[0m&amp#27;[32m▓&amp#27;[0m&amp#27;[32m▓&amp#27;[0m&amp#27;[32m▒&amp#27;[0m&amp#27;[32m▒&amp#27;[0m&amp#27;[32m▒&amp#27;[0m&amp#27;[32m▓&amp#27;[0m&amp#27;[32m▓&amp#27;[0m&amp#27;[32m▓&amp#27;[0m&amp#27;[32m▓&amp#27;[0m&amp#27;[32m▓&amp#27;[0m&amp#27;[32m▒&amp#27;[0m&amp#27;[32m▓&amp#27;[0m&amp#27;[32m▓&amp#27;[0m&amp#27;[32m▓&amp#27;[0m&amp#27;[32m▒&amp#27;[0m&amp#27;[32m▓&amp#27;[0m&amp#27;[32m▓&amp#27;[0m&amp#27;[32m▓&amp#27;[0m&amp#27;[33m▓&amp#27;[0m&amp#27;[33m▓&amp#27;[0m&amp#27;[33m▓&amp#27;[0m&amp#27;[32m▒&amp#27;[0m&amp#27;[33m▓&amp#27;[0m&amp#27;[32m▓&amp#27;[0m&amp#27;[32m▓&amp#27;[0m&amp#27;[32m▓&amp#27;[0m&amp#27;[32m▓&amp#27;[0m&amp#27;[32m▒&amp#27;[0m&amp#27;[32m▓&amp#27;[0m&amp#27;[32m▓&amp#27;[0m&amp#27;[32m▒&amp#27;[0m&amp#27;[32m▒&amp#27;[0m&amp#27;[32m▒&amp#27;[0m&amp#27;[34m▓&amp#27;[0m&amp#27;[34m▓&amp#27;[0m&amp#27;[34m▓&amp#27;[0m&amp#27;[34m▓&amp#27;[0m&amp#27;[32m░&amp#27;[0m&amp#27;[34m▓&amp#27;[0m&amp#27;[34m▓&amp#27;[0m&amp#27;[34m▓&amp#27;[0m&amp#27;[34m▓&amp#27;[0m&amp#27;[34m▓&amp#27;[0m&amp#27;[34m▓&amp#27;[0m&amp#27;[34m▓&amp#27;[0m&amp#27;[34m▓&amp#27;[0m&amp#27;[34m▓&amp#27;[0m&amp#27;[32m░&amp#27;[0m&amp#27;[32m░&amp#27;[0m&amp#27;[32m░&amp#27;[0m&amp#27;[32m▓&amp#27;[0m&amp#27;[32m▒&amp#27;[0m&amp#27;[32m▒&amp#27;[0m&amp#27;[34m▓&amp#27;[0m&amp#27;[32m▒&amp#27;[0m&amp#27;[32m▒&amp#27;[0m&amp#27;[34m▓&amp#27;[0m&amp#27;[32m█&amp#27;[0m&amp#27;[32m█&amp#27;[0m&amp#27;[32m▒&amp#27;[0m&amp#27;[33m▓&amp#27;[0m&amp#27;[33m▓&amp#27;[0m&amp#27;[32m█&amp#27;[0m&amp#27;[32m▒&amp#27;[0m&amp#27;[32m█&amp#27;[0m&amp#27;[32m█&amp#27;[0m&amp#27;[34m▓&amp#27;[0m&amp#27;[32m▓&amp#27;[0m&amp#27;[33m▓&amp#27;[0m&amp#27;[32m▒&amp#27;[0m&amp#27;[33m▓&amp#27;[0m&amp#27;[33m▓&amp#27;[0m&amp#27;[33m▓&amp#27;[0m&amp#27;[33m▓&amp#27;[0m&amp#27;[32m▒&amp#27;[0m&amp#27;[33m▓&amp#27;[0m&amp#27;[34m▓&amp#27;[0m&amp#27;[32m▒&amp#27;[0m&amp#27;[34m▓&amp#27;[0m&amp#27;[32m░&amp#27;[0m&amp#27;[32m░&amp#27;[0m&amp#27;[32m░&amp#27;[0m&amp#27;[34m▓&amp#27;[0m&amp#27;[34m▓&amp#27;[0m&amp#27;[34m▓&amp#27;[0m&amp#27;[34m▓&amp#27;[0m&amp#27;[34m▓&amp#27;[0m&amp#27;[34m▓&amp#27;[0m&amp#27;[34m▓&amp#27;[0m&amp#27;[32m█&amp#27;[0m&amp#27;[32m█&amp#27;[0m&amp#27;[32m█&amp#27;[0m&amp#27;[32m█&amp#27;[0m&amp#27;[32m█&amp#27;[0m&amp#27;[34m▓&amp#27;[0m&amp#27;[32m▒&amp#27;[0m&amp#27;[34m▓&amp#27;[0m&amp#27;[34m▓&amp#27;[0m&amp#27;[34m▓&amp#27;[0m&amp#27;[34m▓&amp#27;[0m&amp#27;[34m▓&amp#27;[0m&amp#27;[34m▓&amp#27;[0m&amp#27;[34m▓&amp#27;[0m&amp#27;[32m▒&amp#27;[0m&amp#27;[32m▓&amp#27;[0m&amp#27;[32m▒&amp#27;[0m&amp#27;[32m▓&amp#27;[0m&amp#27;[32m▓&amp#27;[0m&amp#27;[32m▓&amp#27;[0m&amp#27;[32m▓&amp#27;[0m&amp#27;[34m▓&amp#27;[0m&amp#27;[32m▓&amp#27;[0m&amp#27;[34m▓&amp#27;[0m&amp#27;[34m▓&amp#27;[0m&amp#27;[34m▓&amp#27;[0m&amp#27;[34m▓&amp#27;[0m&amp#27;[33m▓&amp#27;[0m&amp#27;[34m▓&amp#27;[0m&amp#27;[32m░&amp#27;[0m&amp#27;[34m▓&amp#27;[0m&amp#27;[32m▓&amp#27;[0m&amp#27;[32m▓&amp#27;[0m&amp#27;[32m▒&amp#27;[0m&amp#27;[32m▒&amp#27;[0m&amp#27;[32m▓&amp#27;[0m&amp#27;[32m▓&amp#27;[0m&amp#27;[32m▓&amp#27;[0m&amp#27;[32m░&amp#27;[0m&amp#27;[32m▒&amp#27;[0m&amp#27;[32m░&amp#27;[0m&amp#27;[32m░&amp#27;[0m&amp#27;[32m░&amp#27;[0m&amp#27;[32m░&amp#27;[0m&amp#27;[32m░&amp#27;[0m&amp#27;[32m░&amp#27;[0m&amp#27;[32m░&amp#27;[0m&amp#27;[32m░&amp#27;[0m&amp#27;[33m▓&amp#27;[0m&amp#27;[32m▒&amp#27;[0m&amp#27;[32m▒&amp#27;[0m&amp#27;[33m▓&amp#27;[0m&amp#27;[33m▓&amp#27;[0m&amp#27;[33m▓&amp#27;[0m&amp#27;[33m▓&amp#27;[0m&amp#27;[33m▓&amp#27;[0m&amp#27;[33m▓&amp#27;[0m&amp#27;[33m▓&amp#27;[0m&amp#27;[33m▓&amp#27;[0m&amp#27;[33m▓&amp#27;[0m&amp#27;[33m▓&amp#27;[0m&amp#27;[33m▓&amp#27;[0m&amp#27;[32m▓&amp#27;[0m&amp#27;[32m▓&amp#27;[0m&amp#27;[32m▓&amp#27;[0m&amp#27;[32m▓&amp#27;[0m&amp#27;[32m▓&amp#27;[0m&amp#27;[32m█&amp#27;[0m&amp#27;[32m█&amp#27;[0m&amp#27;[32m█&amp#27;[0m&amp#27;[32m▓&amp#27;[0m&amp#27;[32m▓&amp#27;[0m&amp#27;[32m▒&amp#27;[0m&amp#27;[32m█&amp#27;[0m&amp#27;[32m▓&amp#27;[0m&amp#27;[32m▓&amp#27;[0m&amp#27;[32m▓&amp#27;[0m&amp#27;[32m▓&amp#27;[0m&amp#27;[32m▓&amp#27;[0m&amp#27;[32m▓&amp#27;[0m&amp#27;[32m▓&amp#27;[0m&amp#27;[32m▒&amp#27;[0m&amp#27;[32m▓&amp#27;[0m&amp#27;[32m▓&amp#27;[0m&amp#27;[32m▒&amp#27;[0m&amp#27;[32m▓&amp#27;[0m&amp#27;[32m▓&amp#27;[0m&amp#27;[33m▓&amp#27;[0m&amp#27;[33m▓&amp#27;[0m&amp#27;[33m▓&amp#27;[0m&amp#27;[33m▓&amp#27;[0m&amp#27;[33m▓&amp#27;[0m&amp#27;[34m▓&amp#27;[0m&amp#27;[32m░&amp#27;[0m&amp#27;[34m▓&amp#27;[0m&amp#27;[32m▓&amp#27;[0m&amp#27;[34m▓&amp#27;[0m&amp#27;[34m▓&amp#27;[0m&amp#27;[34m▓&amp#27;[0m&amp#27;[34m▓&amp#27;[0m&amp#27;[32m░&amp#27;[0m&amp#27;[32m▓&amp#27;[0m&amp#27;[32m▓&amp#27;[0m&amp#27;[32m▒&amp#27;[0m&amp#27;[32m▓&amp#27;[0m&amp#27;[32m▓&amp#27;[0m&amp#27;[32m░&amp#27;[0m&amp#27;[32m░&amp#27;[0m&amp#27;[32m▓&amp#27;[0m&amp#27;[32m▓&amp#27;[0m&amp#27;[32m▓&amp#27;[0m&amp#27;[32m▓&amp#27;[0m&amp#27;[32m▓&amp#27;[0m&amp#27;[32m▓&amp#27;[0m&amp#27;[32m▓&amp#27;[0m&amp#27;[32m▓&amp#27;[0m&amp#27;[32m▓&amp#27;[0m&amp#27;[32m▓&amp#27;[0m&amp#27;[32m▓&amp#27;[0m&amp#27;[32m▓&amp#27;[0m&amp#27;[32m▓&amp#27;[0m&amp#27;[32m▓&amp#27;[0m&amp#27;[32m▓&amp#27;[0m&amp#27;[32m▓&amp#27;[0m&amp#27;[32m▓&amp#27;[0m&amp#27;[32m░&amp#27;[0m&amp#27;[34m▓&amp#27;[0m&amp#27;[34m▓&amp#27;[0m&amp#27;[34m▓&amp#27;[0m&amp#27;[32m░&amp#27;[0m&amp#27;[32m░&amp#27;[0m&amp#27;[32m░&amp#27;[0m&amp#27;[32m░&amp#27;[0m&amp#27;[32m▒&amp#27;[0m&amp#27;[34m▓&amp#27;[0m&amp#27;[34m▓&amp#27;[0m&amp#27;[34m▓&amp#27;[0m&amp#27;[34m▓&amp#27;[0m&amp#27;[34m▓&amp#27;[0m&amp#27;[34m▓&amp#27;[0m&amp#27;[34m▓&amp#27;[0m&amp#27;[34m▓&amp#27;[0m&amp#27;[34m▓&amp#27;[0m&amp#27;[34m▓&amp#27;[0m&amp#27;[34m▓&amp#27;[0m&amp#27;[34m▓&amp#27;[0m&amp#27;[34m▓&amp#27;[0m&amp#27;[33m▓&amp#27;[0m&amp#27;[33m▓&amp#27;[0m&amp#27;[33m▓&amp#27;[0m&amp#27;[34m▓&amp#27;[0m
&amp#27;[33m▓&amp#27;[0m&amp#27;[34m▓&amp#27;[0m&amp#27;[33m▓&amp#27;[0m&amp#27;[33m▓&amp#27;[0m&amp#27;[33m▓&amp#27;[0m&amp#27;[33m▓&amp#27;[0m&amp#27;[33m▓&amp#27;[0m&amp#27;[34m▓&amp#27;[0m&amp#27;[34m▓&amp#27;[0m&amp#27;[34m▓&amp#27;[0m&amp#27;[34m▓&amp#27;[0m&amp#27;[34m▓&amp#27;[0m&amp#27;[32m▓&amp#27;[0m&amp#27;[32m▓&amp#27;[0m&amp#27;[32m▓&amp#27;[0m&amp#27;[34m▓&amp#27;[0m&amp#27;[34m▓&amp#27;[0m&amp#27;[33m▓&amp#27;[0m&amp#27;[33m▓&amp#27;[0m&amp#27;[33m▓&amp#27;[0m&amp#27;[32m░&amp#27;[0m&amp#27;[32m░&amp#27;[0m&amp#27;[32m░&amp#27;[0m&amp#27;[33m▓&amp#27;[0m&amp#27;[33m▓&amp#27;[0m&amp#27;[33m▓&amp#27;[0m&amp#27;[33m▓&amp#27;[0m&amp#27;[33m▓&amp#27;[0m&amp#27;[32m░&amp#27;[0m&amp#27;[32m░&amp#27;[0m&amp#27;[33m▓&amp#27;[0m&amp#27;[33m▓&amp#27;[0m&amp#27;[33m▓&amp#27;[0m&amp#27;[34m▓&amp#27;[0m&amp#27;[34m▓&amp#27;[0m&amp#27;[32m░&amp#27;[0m&amp#27;[34m▓&amp#27;[0m&amp#27;[34m▓&amp#27;[0m&amp#27;[34m▓&amp#27;[0m&amp#27;[33m▓&amp#27;[0m&amp#27;[33m▓&amp#27;[0m&amp#27;[32m█&amp#27;[0m&amp#27;[32m█&amp#27;[0m&amp#27;[33m▓&amp#27;[0m&amp#27;[32m▓&amp#27;[0m&amp#27;[32m▓&amp#27;[0m&amp#27;[32m▓&amp#27;[0m&amp#27;[32m▓&amp#27;[0m&amp#27;[32m▓&amp#27;[0m&amp#27;[32m▓&amp#27;[0m&amp#27;[32m▒&amp#27;[0m&amp#27;[32m▓&amp#27;[0m&amp#27;[32m▓&amp#27;[0m&amp#27;[32m▒&amp#27;[0m&amp#27;[32m▓&amp#27;[0m&amp#27;[32m▓&amp#27;[0m&amp#27;[32m▓&amp#27;[0m&amp#27;[32m▓&amp#27;[0m&amp#27;[32m▒&amp#27;[0m&amp#27;[32m▓&amp#27;[0m&amp#27;[32m▓&amp#27;[0m&amp#27;[32m▓&amp#27;[0m&amp#27;[32m▓&amp#27;[0m&amp#27;[32m▓&amp#27;[0m&amp#27;[32m▒&amp#27;[0m&amp#27;[32m▓&amp#27;[0m&amp#27;[32m▓&amp#27;[0m&amp#27;[32m▓&amp#27;[0m&amp#27;[32m▓&amp#27;[0m&amp#27;[32m▒&amp#27;[0m&amp#27;[32m▒&amp#27;[0m&amp#27;[32m▒&amp#27;[0m&amp#27;[32m▓&amp#27;[0m&amp#27;[32m▓&amp#27;[0m&amp#27;[32m▓&amp#27;[0m&amp#27;[32m▓&amp#27;[0m&amp#27;[32m▒&amp#27;[0m&amp#27;[32m▓&amp#27;[0m&amp#27;[33m▓&amp#27;[0m&amp#27;[33m▓&amp#27;[0m&amp#27;[33m▓&amp#27;[0m&amp#27;[33m▓&amp#27;[0m&amp#27;[32m▒&amp#27;[0m&amp#27;[32m▓&amp#27;[0m&amp#27;[32m▓&amp#27;[0m&amp#27;[32m▒&amp#27;[0m&amp#27;[32m▓&amp#27;[0m&amp#27;[32m▒&amp#27;[0m&amp#27;[32m▓&amp#27;[0m&amp#27;[32m▓&amp#27;[0m&amp#27;[32m░&amp#27;[0m&amp#27;[32m░&amp#27;[0m&amp#27;[32m▒&amp#27;[0m&amp#27;[34m▓&amp#27;[0m&amp#27;[32m▒&amp#27;[0m&amp#27;[34m▓&amp#27;[0m&amp#27;[32m▒&amp#27;[0m&amp#27;[34m▓&amp#27;[0m&amp#27;[32m▒&amp#27;[0m&amp#27;[32m█&amp#27;[0m&amp#27;[34m▓&amp#27;[0m&amp#27;[32m▒&amp#27;[0m&amp#27;[34m▓&amp#27;[0m&amp#27;[32m▒&amp#27;[0m&amp#27;[32m░&amp#27;[0m&amp#27;[32m▒&amp#27;[0m&amp#27;[34m▓&amp#27;[0m&amp#27;[32m▒&amp#27;[0m&amp#27;[34m▓&amp#27;[0m&amp#27;[34m▓&amp#27;[0m&amp#27;[34m▓&amp#27;[0m&amp#27;[34m▓&amp#27;[0m&amp#27;[34m▓&amp#27;[0m&amp#27;[34m▓&amp#27;[0m&amp#27;[34m▓&amp#27;[0m&amp#27;[34m▓&amp#27;[0m&amp#27;[34m▓&amp#27;[0m&amp#27;[32m▒&amp#27;[0m&amp#27;[32m█&amp#27;[0m&amp#27;[32m█&amp#27;[0m&amp#27;[32m█&amp#27;[0m&amp#27;[32m█&amp#27;[0m&amp#27;[32m█&amp#27;[0m&amp#27;[32m█&amp#27;[0m&amp#27;[32m█&amp#27;[0m&amp#27;[32m█&amp#27;[0m&amp#27;[34m▓&amp#27;[0m&amp#27;[32m░&amp#27;[0m&amp#27;[34m▓&amp#27;[0m&amp#27;[34m▓&amp#27;[0m&amp#27;[32m▒&amp#27;[0m&amp#27;[32m▒&amp#27;[0m&amp#27;[33m▓&amp#27;[0m&amp#27;[33m▓&amp#27;[0m&amp#27;[32m▒&amp#27;[0m&amp#27;[33m▓&amp#27;[0m&amp#27;[34m▓&amp#27;[0m&amp#27;[34m▓&amp#27;[0m&amp#27;[32m░&amp#27;[0m&amp#27;[32m░&amp#27;[0m&amp#27;[32m░&amp#27;[0m&amp#27;[32m░&amp#27;[0m&amp#27;[32m▒&amp#27;[0m&amp#27;[33m▓&amp#27;[0m&amp#27;[32m█&amp#27;[0m&amp#27;[32m░&amp#27;[0m&amp#27;[34m▓&amp#27;[0m&amp#27;[32m▒&amp#27;[0m&amp#27;[34m▓&amp#27;[0m&amp#27;[32m▒&amp#27;[0m&amp#27;[32m▒&amp#27;[0m&amp#27;[32m█&amp#27;[0m&amp#27;[32m█&amp#27;[0m&amp#27;[32m█&amp#27;[0m&amp#27;[32m░&amp#27;[0m&amp#27;[34m▓&amp#27;[0m&amp#27;[34m▓&amp#27;[0m&amp#27;[32m▒&amp#27;[0m&amp#27;[32m▒&amp#27;[0m&amp#27;[34m▓&amp#27;[0m&amp#27;[34m▓&amp#27;[0m&amp#27;[32m░&amp#27;[0m&amp#27;[32m▓&amp#27;[0m&amp#27;[32m▓&amp#27;[0m&amp#27;[32m▓&amp#27;[0m&amp#27;[32m▓&amp#27;[0m&amp#27;[32m▓&amp#27;[0m&amp#27;[32m▓&amp#27;[0m&amp#27;[33m▓&amp#27;[0m&amp#27;[32m▓&amp#27;[0m&amp#27;[32m█&amp#27;[0m&amp#27;[32m█&amp#27;[0m&amp#27;[32m█&amp#27;[0m&amp#27;[32m█&amp#27;[0m&amp#27;[32m█&amp#27;[0m&amp#27;[34m▓&amp#27;[0m&amp#27;[34m▓&amp#27;[0m&amp#27;[34m▓&amp#27;[0m&amp#27;[34m▓&amp#27;[0m&amp#27;[32m▓&amp#27;[0m&amp#27;[32m▒&amp#27;[0m&amp#27;[32m▓&amp#27;[0m&amp#27;[32m▓&amp#27;[0m&amp#27;[32m▒&amp#27;[0m&amp#27;[32m▓&amp#27;[0m&amp#27;[32m▓&amp#27;[0m&amp#27;[32m▓&amp#27;[0m&amp#27;[32m▓&amp#27;[0m&amp#27;[32m░&amp#27;[0m&amp#27;[32m▒&amp#27;[0m&amp#27;[32m░&amp#27;[0m&amp#27;[32m▒&amp#27;[0m&amp#27;[32m░&amp#27;[0m&amp#27;[32m░&amp#27;[0m&amp#27;[32m░&amp#27;[0m&amp#27;[32m░&amp#27;[0m&amp#27;[32m▒&amp#27;[0m&amp#27;[33m▓&amp#27;[0m&amp#27;[33m▓&amp#27;[0m&amp#27;[33m▓&amp#27;[0m&amp#27;[33m▓&amp#27;[0m&amp#27;[33m▓&amp#27;[0m&amp#27;[33m▓&amp#27;[0m&amp#27;[32m▒&amp#27;[0m&amp#27;[33m▓&amp#27;[0m&amp#27;[33m▓&amp#27;[0m&amp#27;[33m▓&amp#27;[0m&amp#27;[33m▓&amp#27;[0m&amp#27;[33m▓&amp#27;[0m&amp#27;[33m▓&amp#27;[0m&amp#27;[32m▒&amp#27;[0m&amp#27;[32m▓&amp#27;[0m&amp#27;[32m▓&amp#27;[0m&amp#27;[32m▓&amp#27;[0m&amp#27;[32m▓&amp#27;[0m&amp#27;[32m▓&amp#27;[0m&amp#27;[32m█&amp#27;[0m&amp#27;[32m█&amp#27;[0m&amp#27;[32m▒&amp#27;[0m&amp#27;[32m▓&amp#27;[0m&amp#27;[32m▓&amp#27;[0m&amp#27;[32m▓&amp#27;[0m&amp#27;[32m▓&amp#27;[0m&amp#27;[32m▓&amp#27;[0m&amp#27;[32m▓&amp#27;[0m&amp#27;[32m▓&amp#27;[0m&amp#27;[32m▒&amp#27;[0m&amp#27;[32m▓&amp#27;[0m&amp#27;[32m▓&amp#27;[0m&amp#27;[32m▓&amp#27;[0m&amp#27;[32m▓&amp#27;[0m&amp#27;[32m▓&amp#27;[0m&amp#27;[33m▓&amp#27;[0m&amp#27;[32m▓&amp#27;[0m&amp#27;[32m▓&amp#27;[0m&amp#27;[32m▓&amp#27;[0m&amp#27;[33m▓&amp#27;[0m&amp#27;[32m▒&amp#27;[0m&amp#27;[33m▓&amp#27;[0m&amp#27;[33m▓&amp#27;[0m&amp#27;[33m▓&amp#27;[0m&amp#27;[33m▓&amp#27;[0m&amp#27;[34m▓&amp#27;[0m&amp#27;[34m▓&amp#27;[0m&amp#27;[34m▓&amp#27;[0m&amp#27;[34m▓&amp#27;[0m&amp#27;[34m▓&amp#27;[0m&amp#27;[34m▓&amp#27;[0m&amp#27;[34m▓&amp#27;[0m&amp#27;[32m▓&amp#27;[0m&amp#27;[32m▓&amp#27;[0m&amp#27;[32m▓&amp#27;[0m&amp#27;[32m▒&amp#27;[0m&amp#27;[32m▓&amp#27;[0m&amp#27;[32m▒&amp#27;[0m&amp#27;[32m▓&amp#27;[0m&amp#27;[32m▓&amp#27;[0m&amp#27;[32m░&amp#27;[0m&amp#27;[32m▓&amp#27;[0m&amp#27;[32m▓&amp#27;[0m&amp#27;[32m▓&amp#27;[0m&amp#27;[32m▓&amp#27;[0m&amp#27;[32m▒&amp#27;[0m&amp#27;[32m▓&amp#27;[0m&amp#27;[32m▓&amp#27;[0m&amp#27;[32m▒&amp#27;[0m&amp#27;[32m▓&amp#27;[0m&amp#27;[32m▓&amp#27;[0m&amp#27;[32m▓&amp#27;[0m&amp#27;[32m▓&amp#27;[0m&amp#27;[32m▓&amp#27;[0m&amp#27;[32m▓&amp#27;[0m&amp#27;[32m▓&amp#27;[0m&amp#27;[34m▓&amp#27;[0m&amp#27;[34m▓&amp#27;[0m&amp#27;[34m▓&amp#27;[0m&amp#27;[34m▓&amp#27;[0m&amp#27;[34m▓&amp#27;[0m&amp#27;[32m░&amp#27;[0m&amp#27;[32m░&amp#27;[0m&amp#27;[32m░&amp#27;[0m&amp#27;[32m░&amp#27;[0m&amp#27;[32m▒&amp#27;[0m&amp#27;[32m█&amp#27;[0m&amp#27;[32m▒&amp#27;[0m&amp#27;[32m█&amp#27;[0m&amp#27;[34m▓&amp#27;[0m&amp#27;[34m▓&amp#27;[0m&amp#27;[34m▓&amp#27;[0m&amp#27;[34m▓&amp#27;[0m&amp#27;[32m█&amp#27;[0m&amp#27;[33m▓&amp#27;[0m&amp#27;[34m▓&amp#27;[0m&amp#27;[34m▓&amp#27;[0m&amp#27;[32m▓&amp#27;[0m&amp#27;[34m▓&amp#27;[0m&amp#27;[34m▓&amp#27;[0m&amp#27;[34m▓&amp#27;[0m&amp#27;[34m▓&amp#27;[0m&amp#27;[34m▓&amp#27;[0m
&amp#27;[33m▓&amp#27;[0m&amp#27;[34m▓&amp#27;[0m&amp#27;[34m▓&amp#27;[0m&amp#27;[34m▓&amp#27;[0m&amp#27;[34m▓&amp#27;[0m&amp#27;[34m▓&amp#27;[0m&amp#27;[33m▓&amp#27;[0m&amp#27;[34m▓&amp#27;[0m&amp#27;[34m▓&amp#27;[0m&amp#27;[34m▓&amp#27;[0m&amp#27;[34m▓&amp#27;[0m&amp#27;[34m▓&amp#27;[0m&amp#27;[34m▓&amp#27;[0m&amp#27;[32m▓&amp#27;[0m&amp#27;[34m▓&amp#27;[0m&amp#27;[34m▓&amp#27;[0m&amp#27;[34m▓&amp#27;[0m&amp#27;[32m░&amp#27;[0m&amp#27;[32m░&amp#27;[0m&amp#27;[33m▓&amp#27;[0m&amp#27;[33m▓&amp#27;[0m&amp#27;[33m▓&amp#27;[0m&amp#27;[32m░&amp#27;[0m&amp#27;[32m░&amp#27;[0m&amp#27;[32m▓&amp#27;[0m&amp#27;[32m░&amp#27;[0m&amp#27;[32m░&amp#27;[0m&amp#27;[32m░&amp#27;[0m&amp#27;[33m▓&amp#27;[0m&amp#27;[32m░&amp#27;[0m&amp#27;[32m░&amp#27;[0m&amp#27;[32m░&amp#27;[0m&amp#27;[32m░&amp#27;[0m&amp#27;[33m▓&amp#27;[0m&amp#27;[34m▓&amp#27;[0m&amp#27;[33m▓&amp#27;[0m&amp#27;[34m▓&amp#27;[0m&amp#27;[32m█&amp#27;[0m&amp#27;[32m▓&amp#27;[0m&amp#27;[34m▓&amp#27;[0m&amp#27;[32m░&amp#27;[0m&amp#27;[33m▓&amp#27;[0m&amp#27;[34m▓&amp#27;[0m&amp#27;[34m▓&amp#27;[0m&amp#27;[32m▓&amp#27;[0m&amp#27;[32m▓&amp#27;[0m&amp#27;[32m▓&amp#27;[0m&amp#27;[32m▓&amp#27;[0m&amp#27;[32m▓&amp#27;[0m&amp#27;[32m▓&amp#27;[0m&amp#27;[32m▒&amp#27;[0m&amp#27;[32m▓&amp#27;[0m&amp#27;[32m█&amp#27;[0m&amp#27;[32m▓&amp#27;[0m&amp#27;[32m▓&amp#27;[0m&amp#27;[32m▓&amp#27;[0m&amp#27;[32m▓&amp#27;[0m&amp#27;[32m█&amp#27;[0m&amp#27;[32m▒&amp#27;[0m&amp#27;[32m▒&amp#27;[0m&amp#27;[32m▓&amp#27;[0m&amp#27;[32m▓&amp#27;[0m&amp#27;[32m▓&amp#27;[0m&amp#27;[32m▓&amp#27;[0m&amp#27;[32m▓&amp#27;[0m&amp#27;[32m▒&amp#27;[0m&amp#27;[32m▒&amp#27;[0m&amp#27;[32m▒&amp#27;[0m&amp#27;[32m▓&amp#27;[0m&amp#27;[32m▓&amp#27;[0m&amp#27;[32m▓&amp#27;[0m&amp#27;[32m▒&amp#27;[0m&amp#27;[32m▓&amp#27;[0m&amp#27;[32m▓&amp#27;[0m&amp#27;[32m▓&amp#27;[0m&amp#27;[32m▓&amp#27;[0m&amp#27;[32m▓&amp#27;[0m&amp#27;[32m▓&amp#27;[0m&amp#27;[33m▓&amp#27;[0m&amp#27;[33m▓&amp#27;[0m&amp#27;[32m▒&amp#27;[0m&amp#27;[33m▓&amp#27;[0m&amp#27;[33m▓&amp#27;[0m&amp#27;[32m▓&amp#27;[0m&amp#27;[32m▓&amp#27;[0m&amp#27;[32m▓&amp#27;[0m&amp#27;[32m▓&amp#27;[0m&amp#27;[32m▒&amp#27;[0m&amp#27;[32m▓&amp#27;[0m&amp#27;[32m▓&amp#27;[0m&amp#27;[32m░&amp#27;[0m&amp#27;[32m░&amp#27;[0m&amp#27;[32m▒&amp#27;[0m&amp#27;[32m░&amp#27;[0m&amp#27;[34m▓&amp#27;[0m&amp#27;[34m▓&amp#27;[0m&amp#27;[34m▓&amp#27;[0m&amp#27;[32m▓&amp#27;[0m&amp#27;[34m▓&amp#27;[0m&amp#27;[34m▓&amp#27;[0m&amp#27;[34m▓&amp#27;[0m&amp#27;[32m▒&amp#27;[0m&amp#27;[32m░&amp#27;[0m&amp#27;[32m▒&amp#27;[0m&amp#27;[34m▓&amp#27;[0m&amp#27;[32m▒&amp#27;[0m&amp#27;[34m▓&amp#27;[0m&amp#27;[32m▒&amp#27;[0m&amp#27;[34m▓&amp#27;[0m&amp#27;[34m▓&amp#27;[0m&amp#27;[34m▓&amp#27;[0m&amp#27;[32m▒&amp#27;[0m&amp#27;[34m▓&amp#27;[0m&amp#27;[34m▓&amp#27;[0m&amp#27;[32m▒&amp#27;[0m&amp#27;[32m█&amp#27;[0m&amp#27;[34m▓&amp#27;[0m&amp#27;[32m█&amp#27;[0m&amp#27;[32m▒&amp#27;[0m&amp#27;[32m▒&amp#27;[0m&amp#27;[32m█&amp#27;[0m&amp#27;[32m█&amp#27;[0m&amp#27;[32m█&amp#27;[0m&amp#27;[32m▒&amp#27;[0m&amp#27;[32m▒&amp#27;[0m&amp#27;[32m▒&amp#27;[0m&amp#27;[34m▓&amp#27;[0m&amp#27;[34m▓&amp#27;[0m&amp#27;[32m▒&amp#27;[0m&amp#27;[34m▓&amp#27;[0m&amp#27;[33m▓&amp#27;[0m&amp#27;[34m▓&amp#27;[0m&amp#27;[34m▓&amp#27;[0m&amp#27;[33m▓&amp#27;[0m&amp#27;[33m▓&amp#27;[0m&amp#27;[33m▓&amp#27;[0m&amp#27;[34m▓&amp#27;[0m&amp#27;[32m░&amp#27;[0m&amp#27;[34m▓&amp#27;[0m&amp#27;[32m░&amp#27;[0m&amp#27;[32m░&amp#27;[0m&amp#27;[32m░&amp#27;[0m&amp#27;[32m▒&amp#27;[0m&amp#27;[34m▓&amp#27;[0m&amp#27;[32m▒&amp#27;[0m&amp#27;[34m▓&amp#27;[0m&amp#27;[32m█&amp#27;[0m&amp#27;[34m▓&amp#27;[0m&amp#27;[34m▓&amp#27;[0m&amp#27;[32m█&amp#27;[0m&amp#27;[32m█&amp#27;[0m&amp#27;[32m█&amp#27;[0m&amp#27;[32m█&amp#27;[0m&amp#27;[32m█&amp#27;[0m&amp#27;[34m▓&amp#27;[0m&amp#27;[34m▓&amp#27;[0m&amp#27;[34m▓&amp#27;[0m&amp#27;[34m▓&amp#27;[0m&amp#27;[34m▓&amp#27;[0m&amp#27;[34m▓&amp#27;[0m&amp#27;[34m▓&amp#27;[0m&amp#27;[32m▓&amp#27;[0m&amp#27;[32m▓&amp#27;[0m&amp#27;[32m▓&amp#27;[0m&amp#27;[32m▓&amp#27;[0m&amp#27;[32m▓&amp#27;[0m&amp#27;[32m▒&amp#27;[0m&amp#27;[32m▓&amp#27;[0m&amp#27;[32m▓&amp#27;[0m&amp#27;[32m▓&amp#27;[0m&amp#27;[32m█&amp#27;[0m&amp#27;[32m█&amp#27;[0m&amp#27;[32m█&amp#27;[0m&amp#27;[32m█&amp#27;[0m&amp#27;[32m█&amp#27;[0m&amp#27;[34m▓&amp#27;[0m&amp#27;[32m▒&amp#27;[0m&amp#27;[32m▒&amp#27;[0m&amp#27;[34m▓&amp#27;[0m&amp#27;[32m▓&amp#27;[0m&amp#27;[32m▓&amp#27;[0m&amp#27;[32m▓&amp#27;[0m&amp#27;[32m▓&amp#27;[0m&amp#27;[32m▓&amp#27;[0m&amp#27;[32m▒&amp#27;[0m&amp#27;[32m▒&amp#27;[0m&amp#27;[32m▓&amp#27;[0m&amp#27;[32m▒&amp#27;[0m&amp#27;[32m░&amp#27;[0m&amp#27;[32m░&amp#27;[0m&amp#27;[32m░&amp#27;[0m&amp#27;[32m░&amp#27;[0m&amp#27;[32m░&amp#27;[0m&amp#27;[32m░&amp#27;[0m&amp#27;[32m░&amp#27;[0m&amp#27;[32m░&amp#27;[0m&amp#27;[32m░&amp#27;[0m&amp#27;[32m░&amp#27;[0m&amp#27;[34m▓&amp#27;[0m&amp#27;[33m▓&amp#27;[0m&amp#27;[33m▓&amp#27;[0m&amp#27;[33m▓&amp#27;[0m&amp#27;[33m▓&amp#27;[0m&amp#27;[33m▓&amp#27;[0m&amp#27;[32m▒&amp#27;[0m&amp#27;[32m▒&amp#27;[0m&amp#27;[32m▒&amp#27;[0m&amp#27;[33m▓&amp#27;[0m&amp#27;[33m▓&amp#27;[0m&amp#27;[33m▓&amp#27;[0m&amp#27;[33m▓&amp#27;[0m&amp#27;[32m▓&amp#27;[0m&amp#27;[32m▓&amp#27;[0m&amp#27;[32m▒&amp#27;[0m&amp#27;[32m▓&amp#27;[0m&amp#27;[32m▓&amp#27;[0m&amp#27;[32m▓&amp#27;[0m&amp#27;[32m▓&amp#27;[0m&amp#27;[32m▓&amp#27;[0m&amp#27;[32m▓&amp#27;[0m&amp#27;[32m▓&amp#27;[0m&amp#27;[32m▒&amp#27;[0m&amp#27;[32m▓&amp#27;[0m&amp#27;[32m▓&amp#27;[0m&amp#27;[32m▓&amp#27;[0m&amp#27;[32m▓&amp#27;[0m&amp#27;[32m▓&amp#27;[0m&amp#27;[33m▓&amp#27;[0m&amp#27;[33m▓&amp#27;[0m&amp#27;[32m▓&amp#27;[0m&amp#27;[32m▓&amp#27;[0m&amp#27;[32m▓&amp#27;[0m&amp#27;[32m█&amp#27;[0m&amp#27;[32m▒&amp#27;[0m&amp#27;[32m▓&amp#27;[0m&amp#27;[32m▓&amp#27;[0m&amp#27;[32m▓&amp#27;[0m&amp#27;[33m▓&amp#27;[0m&amp#27;[33m▓&amp#27;[0m&amp#27;[33m▓&amp#27;[0m&amp#27;[33m▓&amp#27;[0m&amp#27;[34m▓&amp#27;[0m&amp#27;[34m▓&amp#27;[0m&amp#27;[34m▓&amp#27;[0m&amp#27;[34m▓&amp#27;[0m&amp#27;[34m▓&amp#27;[0m&amp#27;[34m▓&amp#27;[0m&amp#27;[32m█&amp#27;[0m&amp#27;[32m▒&amp#27;[0m&amp#27;[32m▓&amp#27;[0m&amp#27;[32m▓&amp#27;[0m&amp#27;[32m█&amp#27;[0m&amp#27;[32m▓&amp#27;[0m&amp#27;[32m▓&amp#27;[0m&amp#27;[32m▓&amp#27;[0m&amp#27;[32m▓&amp#27;[0m&amp#27;[32m▓&amp#27;[0m&amp#27;[32m▓&amp#27;[0m&amp#27;[32m░&amp#27;[0m&amp#27;[32m░&amp#27;[0m&amp#27;[32m▓&amp#27;[0m&amp#27;[32m▓&amp#27;[0m&amp#27;[32m▓&amp#27;[0m&amp#27;[32m▓&amp#27;[0m&amp#27;[32m▓&amp#27;[0m&amp#27;[32m▓&amp#27;[0m&amp#27;[32m▓&amp#27;[0m&amp#27;[32m▓&amp#27;[0m&amp#27;[32m▓&amp#27;[0m&amp#27;[33m▓&amp#27;[0m&amp#27;[32m▓&amp#27;[0m&amp#27;[34m▓&amp#27;[0m&amp#27;[32m▒&amp#27;[0m&amp#27;[34m▓&amp#27;[0m&amp#27;[34m▓&amp#27;[0m&amp#27;[34m▓&amp#27;[0m&amp#27;[34m▓&amp#27;[0m&amp#27;[34m▓&amp#27;[0m&amp#27;[34m▓&amp#27;[0m&amp#27;[34m▓&amp#27;[0m&amp#27;[32m░&amp#27;[0m&amp#27;[32m░&amp#27;[0m&amp#27;[32m█&amp#27;[0m&amp#27;[34m▓&amp#27;[0m&amp#27;[34m▓&amp#27;[0m&amp#27;[34m▓&amp#27;[0m&amp#27;[34m▓&amp#27;[0m&amp#27;[32m░&amp#27;[0m&amp#27;[34m▓&amp#27;[0m&amp#27;[34m▓&amp#27;[0m&amp#27;[34m▓&amp#27;[0m&amp#27;[34m▓&amp#27;[0m&amp#27;[34m▓&amp#27;[0m&amp#27;[34m▓&amp#27;[0m&amp#27;[34m▓&amp#27;[0m&amp#27;[34m▓&amp#27;[0m&amp#27;[32m░&amp#27;[0m&amp#27;[32m░&amp#27;[0m&amp#27;[33m▓&amp#27;[0m&amp#27;[32m░&amp#27;[0m
&amp#27;[32m░&amp#27;[0m&amp#27;[32m░&amp#27;[0m&amp#27;[34m▓&amp#27;[0m&amp#27;[34m▓&amp#27;[0m&amp#27;[34m▓&amp#27;[0m&amp#27;[34m▓&amp#27;[0m&amp#27;[34m▓&amp#27;[0m&amp#27;[33m▓&amp#27;[0m&amp#27;[34m▓&amp#27;[0m&amp#27;[33m▓&amp#27;[0m&amp#27;[34m▓&amp#27;[0m&amp#27;[34m▓&amp#27;[0m&amp#27;[34m▓&amp#27;[0m&amp#27;[34m▓&amp#27;[0m&amp#27;[33m▓&amp#27;[0m&amp#27;[32m░&amp#27;[0m&amp#27;[34m▓&amp#27;[0m&amp#27;[32m░&amp#27;[0m&amp#27;[32m░&amp#27;[0m&amp#27;[32m░&amp#27;[0m&amp#27;[32m▓&amp#27;[0m&amp#27;[32m░&amp#27;[0m&amp#27;[32m░&amp#27;[0m&amp#27;[32m░&amp#27;[0m&amp#27;[32m░&amp#27;[0m&amp#27;[32m▓&amp#27;[0m&amp#27;[32m▓&amp#27;[0m&amp#27;[32m▓&amp#27;[0m&amp#27;[32m░&amp#27;[0m&amp#27;[32m░&amp#27;[0m&amp#27;[32m░&amp#27;[0m&amp#27;[32m░&amp#27;[0m&amp#27;[32m░&amp#27;[0m&amp#27;[32m░&amp#27;[0m&amp#27;[32m░&amp#27;[0m&amp#27;[33m▓&amp#27;[0m&amp#27;[33m▓&amp#27;[0m&amp#27;[34m▓&amp#27;[0m&amp#27;[34m▓&amp#27;[0m&amp#27;[33m▓&amp#27;[0m&amp#27;[34m▓&amp#27;[0m&amp#27;[34m▓&amp#27;[0m&amp#27;[33m▓&amp#27;[0m&amp#27;[32m▓&amp#27;[0m&amp#27;[33m▓&amp#27;[0m&amp#27;[32m▓&amp#27;[0m&amp#27;[32m▓&amp#27;[0m&amp#27;[33m▓&amp#27;[0m&amp#27;[32m▓&amp#27;[0m&amp#27;[32m▓&amp#27;[0m&amp#27;[32m▒&amp#27;[0m&amp#27;[32m▓&amp#27;[0m&amp#27;[32m▓&amp#27;[0m&amp#27;[32m▓&amp#27;[0m&amp#27;[32m▓&amp#27;[0m&amp#27;[32m▒&amp#27;[0m&amp#27;[32m▓&amp#27;[0m&amp#27;[32m▓&amp#27;[0m&amp#27;[32m▓&amp#27;[0m&amp#27;[32m▓&amp#27;[0m&amp#27;[32m▓&amp#27;[0m&amp#27;[32m▓&amp#27;[0m&amp#27;[32m▓&amp#27;[0m&amp#27;[32m▒&amp#27;[0m&amp#27;[32m▓&amp#27;[0m&amp#27;[32m▓&amp#27;[0m&amp#27;[32m▓&amp#27;[0m&amp#27;[32m▓&amp#27;[0m&amp#27;[32m▓&amp#27;[0m&amp#27;[32m▓&amp#27;[0m&amp#27;[32m▓&amp#27;[0m&amp#27;[32m▓&amp#27;[0m&amp#27;[32m▓&amp#27;[0m&amp#27;[32m▒&amp#27;[0m&amp#27;[32m▓&amp#27;[0m&amp#27;[32m▒&amp#27;[0m&amp#27;[32m▓&amp#27;[0m&amp#27;[32m▒&amp#27;[0m&amp#27;[32m▓&amp#27;[0m&amp#27;[33m▓&amp#27;[0m&amp#27;[33m▓&amp#27;[0m&amp#27;[33m▓&amp#27;[0m&amp#27;[32m▒&amp#27;[0m&amp#27;[32m▓&amp#27;[0m&amp#27;[32m▓&amp#27;[0m&amp#27;[32m█&amp#27;[0m&amp#27;[32m▓&amp#27;[0m&amp#27;[32m▓&amp#27;[0m&amp#27;[32m▓&amp#27;[0m&amp#27;[32m░&amp#27;[0m&amp#27;[32m░&amp#27;[0m&amp#27;[32m░&amp#27;[0m&amp#27;[32m░&amp#27;[0m&amp#27;[32m▒&amp#27;[0m&amp#27;[34m▓&amp#27;[0m&amp#27;[32m▒&amp#27;[0m&amp#27;[34m▓&amp#27;[0m&amp#27;[32m▒&amp#27;[0m&amp#27;[32m▒&amp#27;[0m&amp#27;[34m▓&amp#27;[0m&amp#27;[34m▓&amp#27;[0m&amp#27;[34m▓&amp#27;[0m&amp#27;[34m▓&amp#27;[0m&amp#27;[34m▓&amp#27;[0m&amp#27;[34m▓&amp#27;[0m&amp#27;[34m▓&amp#27;[0m&amp#27;[34m▓&amp#27;[0m&amp#27;[32m▓&amp#27;[0m&amp#27;[34m▓&amp#27;[0m&amp#27;[34m▓&amp#27;[0m&amp#27;[34m▓&amp#27;[0m&amp#27;[34m▓&amp#27;[0m&amp#27;[34m▓&amp#27;[0m&amp#27;[32m▓&amp#27;[0m&amp#27;[34m▓&amp#27;[0m&amp#27;[34m▓&amp#27;[0m&amp#27;[34m▓&amp#27;[0m&amp#27;[32m█&amp#27;[0m&amp#27;[32m█&amp#27;[0m&amp#27;[32m█&amp#27;[0m&amp#27;[32m█&amp#27;[0m&amp#27;[32m█&amp#27;[0m&amp#27;[32m█&amp#27;[0m&amp#27;[32m█&amp#27;[0m&amp#27;[32m█&amp#27;[0m&amp#27;[32m█&amp#27;[0m&amp#27;[34m▓&amp#27;[0m&amp#27;[34m▓&amp#27;[0m&amp#27;[34m▓&amp#27;[0m&amp#27;[32m░&amp#27;[0m&amp#27;[32m▒&amp#27;[0m&amp#27;[34m▓&amp#27;[0m&amp#27;[32m░&amp#27;[0m&amp#27;[33m▓&amp#27;[0m&amp#27;[33m▓&amp#27;[0m&amp#27;[32m▒&amp#27;[0m&amp#27;[34m▓&amp#27;[0m&amp#27;[32m▒&amp#27;[0m&amp#27;[32m░&amp#27;[0m&amp#27;[34m▓&amp#27;[0m&amp#27;[32m░&amp#27;[0m&amp#27;[32m░&amp#27;[0m&amp#27;[34m▓&amp#27;[0m&amp#27;[34m▓&amp#27;[0m&amp#27;[34m▓&amp#27;[0m&amp#27;[34m▓&amp#27;[0m&amp#27;[34m▓&amp#27;[0m&amp#27;[34m▓&amp#27;[0m&amp#27;[34m▓&amp#27;[0m&amp#27;[32m█&amp#27;[0m&amp#27;[32m▒&amp#27;[0m&amp#27;[32m█&amp#27;[0m&amp#27;[32m█&amp#27;[0m&amp#27;[32m█&amp#27;[0m&amp#27;[32m░&amp#27;[0m&amp#27;[32m░&amp#27;[0m&amp#27;[32m░&amp#27;[0m&amp#27;[32m░&amp#27;[0m&amp#27;[32m▒&amp#27;[0m&amp#27;[34m▓&amp#27;[0m&amp#27;[32m░&amp#27;[0m&amp#27;[32m▓&amp#27;[0m&amp#27;[32m▓&amp#27;[0m&amp#27;[32m▓&amp#27;[0m&amp#27;[32m▓&amp#27;[0m&amp#27;[32m▓&amp#27;[0m&amp#27;[32m▓&amp#27;[0m&amp#27;[32m▓&amp#27;[0m&amp#27;[32m▓&amp#27;[0m&amp#27;[32m▓&amp#27;[0m&amp#27;[32m█&amp#27;[0m&amp#27;[32m█&amp#27;[0m&amp#27;[32m█&amp#27;[0m&amp#27;[32m▒&amp#27;[0m&amp#27;[32m█&amp#27;[0m&amp#27;[34m▓&amp#27;[0m&amp#27;[34m▓&amp#27;[0m&amp#27;[32m▒&amp#27;[0m&amp#27;[34m▓&amp#27;[0m&amp#27;[32m▓&amp#27;[0m&amp#27;[32m▓&amp#27;[0m&amp#27;[32m▓&amp#27;[0m&amp#27;[32m▒&amp#27;[0m&amp#27;[32m▓&amp#27;[0m&amp#27;[32m▓&amp#27;[0m&amp#27;[32m▓&amp#27;[0m&amp#27;[32m▓&amp#27;[0m&amp#27;[32m▓&amp#27;[0m&amp#27;[32m░&amp#27;[0m&amp#27;[33m▓&amp#27;[0m&amp#27;[33m▓&amp#27;[0m&amp#27;[32m▒&amp#27;[0m&amp#27;[32m▒&amp#27;[0m&amp#27;[32m▒&amp#27;[0m&amp#27;[32m░&amp#27;[0m&amp#27;[32m░&amp#27;[0m&amp#27;[32m░&amp#27;[0m&amp#27;[34m▓&amp#27;[0m&amp#27;[32m▒&amp#27;[0m&amp#27;[34m▓&amp#27;[0m&amp#27;[34m▓&amp#27;[0m&amp#27;[33m▓&amp#27;[0m&amp#27;[33m▓&amp#27;[0m&amp#27;[33m▓&amp#27;[0m&amp#27;[33m▓&amp#27;[0m&amp#27;[33m▓&amp#27;[0m&amp#27;[33m▓&amp#27;[0m&amp#27;[33m▓&amp#27;[0m&amp#27;[33m▓&amp#27;[0m&amp#27;[33m▓&amp#27;[0m&amp#27;[32m▒&amp#27;[0m&amp#27;[33m▓&amp#27;[0m&amp#27;[32m▓&amp#27;[0m&amp#27;[32m▒&amp#27;[0m&amp#27;[32m▒&amp#27;[0m&amp#27;[32m▓&amp#27;[0m&amp#27;[32m▓&amp#27;[0m&amp#27;[32m▓&amp#27;[0m&amp#27;[32m▓&amp#27;[0m&amp#27;[32m▓&amp#27;[0m&amp#27;[32m▓&amp#27;[0m&amp#27;[32m▓&amp#27;[0m&amp#27;[32m▓&amp#27;[0m&amp#27;[32m▓&amp#27;[0m&amp#27;[32m▓&amp#27;[0m&amp#27;[32m▓&amp#27;[0m&amp#27;[33m▓&amp#27;[0m&amp#27;[33m▓&amp#27;[0m&amp#27;[33m▓&amp#27;[0m&amp#27;[32m▓&amp#27;[0m&amp#27;[32m▓&amp#27;[0m&amp#27;[32m█&amp#27;[0m&amp#27;[32m█&amp#27;[0m&amp#27;[32m█&amp#27;[0m&amp#27;[32m▓&amp#27;[0m&amp#27;[32m▓&amp#27;[0m&amp#27;[32m▓&amp#27;[0m&amp#27;[32m▒&amp#27;[0m&amp#27;[34m▓&amp#27;[0m&amp#27;[34m▓&amp#27;[0m&amp#27;[34m▓&amp#27;[0m&amp#27;[34m▓&amp#27;[0m&amp#27;[34m▓&amp#27;[0m&amp#27;[34m▓&amp#27;[0m&amp#27;[32m▒&amp#27;[0m&amp#27;[34m▓&amp#27;[0m&amp#27;[32m▒&amp#27;[0m&amp#27;[32m▓&amp#27;[0m&amp#27;[32m▓&amp#27;[0m&amp#27;[32m▓&amp#27;[0m&amp#27;[32m▓&amp#27;[0m&amp#27;[32m▓&amp#27;[0m&amp#27;[32m▓&amp#27;[0m&amp#27;[32m▓&amp#27;[0m&amp#27;[32m▓&amp#27;[0m&amp#27;[32m▓&amp#27;[0m&amp#27;[32m▓&amp#27;[0m&amp#27;[32m▓&amp#27;[0m&amp#27;[32m░&amp#27;[0m&amp#27;[32m░&amp#27;[0m&amp#27;[32m░&amp#27;[0m&amp#27;[32m░&amp#27;[0m&amp#27;[32m░&amp#27;[0m&amp#27;[32m▓&amp#27;[0m&amp#27;[32m▓&amp#27;[0m&amp#27;[32m▓&amp#27;[0m&amp#27;[32m▓&amp#27;[0m&amp#27;[32m▓&amp#27;[0m&amp#27;[32m░&amp#27;[0m&amp#27;[32m░&amp#27;[0m&amp#27;[32m░&amp#27;[0m&amp#27;[34m▓&amp#27;[0m&amp#27;[34m▓&amp#27;[0m&amp#27;[34m▓&amp#27;[0m&amp#27;[34m▓&amp#27;[0m&amp#27;[34m▓&amp#27;[0m&amp#27;[34m▓&amp#27;[0m&amp#27;[34m▓&amp#27;[0m&amp#27;[34m▓&amp#27;[0m&amp#27;[34m▓&amp#27;[0m&amp#27;[34m▓&amp#27;[0m&amp#27;[34m▓&amp#27;[0m&amp#27;[34m▓&amp#27;[0m&amp#27;[34m▓&amp#27;[0m&amp#27;[34m▓&amp#27;[0m&amp#27;[34m▓&amp#27;[0m&amp#27;[34m▓&amp#27;[0m&amp#27;[34m▓&amp#27;[0m&amp#27;[34m▓&amp#27;[0m&amp#27;[34m▓&amp#27;[0m&amp#27;[34m▓&amp#27;[0m&amp#27;[34m▓&amp#27;[0m&amp#27;[34m▓&amp#27;[0m&amp#27;[34m▓&amp#27;[0m&amp#27;[32m█&amp#27;[0m&amp#27;[32m░&amp#27;[0m&amp#27;[32m░&amp#27;[0m&amp#27;[32m░&amp#27;[0m&amp#27;[32m░&amp#27;[0m&amp#27;[32m░&amp#27;[0m
&amp#27;[32m░&amp#27;[0m&amp#27;[33m▓&amp#27;[0m&amp#27;[33m▓&amp#27;[0m&amp#27;[34m▓&amp#27;[0m&amp#27;[34m▓&amp#27;[0m&amp#27;[34m▓&amp#27;[0m&amp#27;[34m▓&amp#27;[0m&amp#27;[34m▓&amp#27;[0m&amp#27;[34m▓&amp#27;[0m&amp#27;[33m▓&amp#27;[0m&amp#27;[33m▓&amp#27;[0m&amp#27;[33m▓&amp#27;[0m&amp#27;[33m▓&amp#27;[0m&amp#27;[34m▓&amp#27;[0m&amp#27;[32m░&amp#27;[0m&amp#27;[34m▓&amp#27;[0m&amp#27;[34m▓&amp#27;[0m&amp#27;[32m░&amp#27;[0m&amp#27;[32m░&amp#27;[0m&amp#27;[32m░&amp#27;[0m&amp#27;[32m░&amp#27;[0m&amp#27;[32m░&amp#27;[0m&amp#27;[32m░&amp#27;[0m&amp#27;[32m░&amp#27;[0m&amp#27;[32m░&amp#27;[0m&amp#27;[33m▓&amp#27;[0m&amp#27;[32m▓&amp#27;[0m&amp#27;[32m▓&amp#27;[0m&amp#27;[33m▓&amp#27;[0m&amp#27;[32m░&amp#27;[0m&amp#27;[33m▓&amp#27;[0m&amp#27;[32m█&amp#27;[0m&amp#27;[33m▓&amp#27;[0m&amp#27;[32m░&amp#27;[0m&amp#27;[33m▓&amp#27;[0m&amp#27;[32m░&amp#27;[0m&amp#27;[34m▓&amp#27;[0m&amp#27;[34m▓&amp#27;[0m&amp#27;[34m▓&amp#27;[0m&amp#27;[34m▓&amp#27;[0m&amp#27;[34m▓&amp#27;[0m&amp#27;[34m▓&amp#27;[0m&amp#27;[34m▓&amp#27;[0m&amp#27;[32m▓&amp#27;[0m&amp#27;[33m▓&amp#27;[0m&amp#27;[33m▓&amp#27;[0m&amp#27;[32m▓&amp#27;[0m&amp#27;[32m▓&amp#27;[0m&amp#27;[32m▓&amp#27;[0m&amp#27;[32m▓&amp#27;[0m&amp#27;[32m▓&amp#27;[0m&amp#27;[32m▒&amp#27;[0m&amp#27;[32m▒&amp#27;[0m&amp#27;[32m▒&amp#27;[0m&amp#27;[32m▓&amp#27;[0m&amp#27;[32m▓&amp#27;[0m&amp#27;[32m▓&amp#27;[0m&amp#27;[32m▓&amp#27;[0m&amp#27;[32m▒&amp#27;[0m&amp#27;[32m▒&amp#27;[0m&amp#27;[32m▒&amp#27;[0m&amp#27;[32m▓&amp#27;[0m&amp#27;[32m▓&amp#27;[0m&amp#27;[32m▓&amp#27;[0m&amp#27;[32m▓&amp#27;[0m&amp#27;[32m▓&amp#27;[0m&amp#27;[32m▓&amp#27;[0m&amp#27;[32m▓&amp#27;[0m&amp#27;[32m▓&amp#27;[0m&amp#27;[32m▓&amp#27;[0m&amp#27;[32m▒&amp#27;[0m&amp#27;[32m▓&amp#27;[0m&amp#27;[32m▓&amp#27;[0m&amp#27;[32m▓&amp#27;[0m&amp#27;[32m▓&amp#27;[0m&amp#27;[32m▒&amp#27;[0m&amp#27;[32m▓&amp#27;[0m&amp#27;[32m▒&amp#27;[0m&amp#27;[32m▓&amp#27;[0m&amp#27;[32m▓&amp#27;[0m&amp#27;[32m▒&amp#27;[0m&amp#27;[32m▓&amp#27;[0m&amp#27;[32m▓&amp#27;[0m&amp#27;[32m▒&amp#27;[0m&amp#27;[32m▓&amp#27;[0m&amp#27;[32m▓&amp#27;[0m&amp#27;[32m▓&amp#27;[0m&amp#27;[32m▒&amp#27;[0m&amp#27;[32m▒&amp#27;[0m&amp#27;[34m▓&amp#27;[0m&amp#27;[34m▓&amp#27;[0m&amp#27;[34m▓&amp#27;[0m&amp#27;[34m▓&amp#27;[0m&amp#27;[34m▓&amp#27;[0m&amp#27;[34m▓&amp#27;[0m&amp#27;[34m▓&amp#27;[0m&amp#27;[34m▓&amp#27;[0m&amp#27;[34m▓&amp#27;[0m&amp#27;[34m▓&amp#27;[0m&amp#27;[32m░&amp#27;[0m&amp#27;[34m▓&amp#27;[0m&amp#27;[34m▓&amp#27;[0m&amp#27;[34m▓&amp#27;[0m&amp#27;[32m░&amp#27;[0m&amp#27;[33m▓&amp#27;[0m&amp#27;[34m▓&amp#27;[0m&amp#27;[34m▓&amp#27;[0m&amp#27;[32m▒&amp#27;[0m&amp#27;[32m▒&amp#27;[0m&amp#27;[32m░&amp#27;[0m&amp#27;[32m▒&amp#27;[0m&amp#27;[32m▒&amp#27;[0m&amp#27;[34m▓&amp#27;[0m&amp#27;[33m▓&amp#27;[0m&amp#27;[34m▓&amp#27;[0m&amp#27;[32m▒&amp#27;[0m&amp#27;[32m█&amp#27;[0m&amp#27;[34m▓&amp#27;[0m&amp#27;[32m▒&amp#27;[0m&amp#27;[32m▒&amp#27;[0m&amp#27;[32m▒&amp#27;[0m&amp#27;[32m█&amp#27;[0m&amp#27;[32m█&amp#27;[0m&amp#27;[32m█&amp#27;[0m&amp#27;[32m█&amp#27;[0m&amp#27;[32m▒&amp#27;[0m&amp#27;[34m▓&amp#27;[0m&amp#27;[34m▓&amp#27;[0m&amp#27;[34m▓&amp#27;[0m&amp#27;[34m▓&amp#27;[0m&amp#27;[32m▒&amp#27;[0m&amp#27;[34m▓&amp#27;[0m&amp#27;[34m▓&amp#27;[0m&amp#27;[32m▒&amp#27;[0m&amp#27;[34m▓&amp#27;[0m&amp#27;[34m▓&amp#27;[0m&amp#27;[34m▓&amp#27;[0m&amp#27;[32m▓&amp#27;[0m&amp#27;[32m░&amp#27;[0m&amp#27;[32m░&amp#27;[0m&amp#27;[32m░&amp#27;[0m&amp#27;[32m░&amp#27;[0m&amp#27;[32m░&amp#27;[0m&amp#27;[34m▓&amp#27;[0m&amp#27;[34m▓&amp#27;[0m&amp#27;[34m▓&amp#27;[0m&amp#27;[34m▓&amp#27;[0m&amp#27;[32m█&amp#27;[0m&amp#27;[32m░&amp#27;[0m&amp#27;[32m█&amp#27;[0m&amp#27;[32m█&amp#27;[0m&amp#27;[32m▒&amp#27;[0m&amp#27;[32m█&amp#27;[0m&amp#27;[32m█&amp#27;[0m&amp#27;[32m░&amp#27;[0m&amp#27;[32m░&amp#27;[0m&amp#27;[32m░&amp#27;[0m&amp#27;[32m░&amp#27;[0m&amp#27;[32m░&amp#27;[0m&amp#27;[32m▒&amp#27;[0m&amp#27;[32m▓&amp#27;[0m&amp#27;[32m▒&amp#27;[0m&amp#27;[32m▓&amp#27;[0m&amp#27;[32m▓&amp#27;[0m&amp#27;[32m▓&amp#27;[0m&amp#27;[32m▒&amp#27;[0m&amp#27;[32m▓&amp#27;[0m&amp#27;[32m▓&amp#27;[0m&amp#27;[32m▓&amp#27;[0m&amp#27;[32m▓&amp#27;[0m&amp#27;[32m█&amp#27;[0m&amp#27;[32m█&amp#27;[0m&amp#27;[32m█&amp#27;[0m&amp#27;[32m█&amp#27;[0m&amp#27;[32m█&amp#27;[0m&amp#27;[34m▓&amp#27;[0m&amp#27;[34m▓&amp#27;[0m&amp#27;[34m▓&amp#27;[0m&amp#27;[32m▒&amp#27;[0m&amp#27;[32m▒&amp#27;[0m&amp#27;[33m▓&amp#27;[0m&amp#27;[33m▓&amp#27;[0m&amp#27;[33m▓&amp#27;[0m&amp#27;[32m█&amp#27;[0m&amp#27;[32m▓&amp#27;[0m&amp#27;[32m▓&amp#27;[0m&amp#27;[32m▓&amp#27;[0m&amp#27;[32m▓&amp#27;[0m&amp#27;[33m▓&amp#27;[0m&amp#27;[33m▓&amp#27;[0m&amp#27;[33m▓&amp#27;[0m&amp#27;[33m▓&amp#27;[0m&amp#27;[33m▓&amp#27;[0m&amp#27;[33m▓&amp#27;[0m&amp#27;[32m▒&amp#27;[0m&amp#27;[34m▓&amp#27;[0m&amp#27;[34m▓&amp#27;[0m&amp#27;[34m▓&amp#27;[0m&amp#27;[34m▓&amp#27;[0m&amp#27;[34m▓&amp#27;[0m&amp#27;[32m▓&amp#27;[0m&amp#27;[34m▓&amp#27;[0m&amp#27;[34m▓&amp#27;[0m&amp#27;[34m▓&amp#27;[0m&amp#27;[34m▓&amp#27;[0m&amp#27;[33m▓&amp#27;[0m&amp#27;[33m▓&amp#27;[0m&amp#27;[33m▓&amp#27;[0m&amp#27;[33m▓&amp#27;[0m&amp#27;[33m▓&amp#27;[0m&amp#27;[33m▓&amp#27;[0m&amp#27;[33m▓&amp#27;[0m&amp#27;[32m▓&amp#27;[0m&amp#27;[32m▓&amp#27;[0m&amp#27;[32m▓&amp#27;[0m&amp#27;[32m▓&amp#27;[0m&amp#27;[32m▓&amp#27;[0m&amp#27;[32m▒&amp#27;[0m&amp#27;[32m▓&amp#27;[0m&amp#27;[32m▓&amp#27;[0m&amp#27;[32m▓&amp#27;[0m&amp#27;[32m▓&amp#27;[0m&amp#27;[32m▓&amp#27;[0m&amp#27;[32m▓&amp#27;[0m&amp#27;[32m▓&amp#27;[0m&amp#27;[32m▓&amp#27;[0m&amp#27;[32m▒&amp#27;[0m&amp#27;[33m▓&amp#27;[0m&amp#27;[32m▓&amp#27;[0m&amp#27;[32m▒&amp#27;[0m&amp#27;[32m▓&amp#27;[0m&amp#27;[32m▓&amp#27;[0m&amp#27;[32m█&amp#27;[0m&amp#27;[32m▓&amp#27;[0m&amp#27;[32m▓&amp#27;[0m&amp#27;[32m▓&amp#27;[0m&amp#27;[32m▓&amp#27;[0m&amp#27;[32m▓&amp#27;[0m&amp#27;[34m▓&amp#27;[0m&amp#27;[34m▓&amp#27;[0m&amp#27;[34m▓&amp#27;[0m&amp#27;[34m▓&amp#27;[0m&amp#27;[34m▓&amp#27;[0m&amp#27;[34m▓&amp#27;[0m&amp#27;[34m▓&amp#27;[0m&amp#27;[34m▓&amp#27;[0m&amp#27;[34m▓&amp#27;[0m&amp#27;[32m▓&amp#27;[0m&amp#27;[32m▒&amp#27;[0m&amp#27;[32m▓&amp#27;[0m&amp#27;[32m▓&amp#27;[0m&amp#27;[32m▓&amp#27;[0m&amp#27;[32m▓&amp#27;[0m&amp#27;[32m▓&amp#27;[0m&amp#27;[32m▓&amp#27;[0m&amp#27;[32m▓&amp#27;[0m&amp#27;[32m▓&amp#27;[0m&amp#27;[32m▓&amp#27;[0m&amp#27;[32m▓&amp#27;[0m&amp#27;[32m░&amp#27;[0m&amp#27;[32m░&amp#27;[0m&amp#27;[32m░&amp#27;[0m&amp#27;[32m░&amp#27;[0m&amp#27;[32m░&amp#27;[0m&amp#27;[32m░&amp#27;[0m&amp#27;[32m░&amp#27;[0m&amp#27;[32m░&amp#27;[0m&amp#27;[34m▓&amp#27;[0m&amp#27;[34m▓&amp#27;[0m&amp#27;[32m░&amp#27;[0m&amp#27;[32m░&amp#27;[0m&amp#27;[32m░&amp#27;[0m&amp#27;[34m▓&amp#27;[0m&amp#27;[34m▓&amp#27;[0m&amp#27;[32m░&amp#27;[0m&amp#27;[32m░&amp#27;[0m&amp#27;[33m▓&amp#27;[0m&amp#27;[34m▓&amp#27;[0m&amp#27;[34m▓&amp#27;[0m&amp#27;[34m▓&amp#27;[0m&amp#27;[34m▓&amp#27;[0m&amp#27;[32m░&amp#27;[0m&amp#27;[34m▓&amp#27;[0m&amp#27;[34m▓&amp#27;[0m&amp#27;[34m▓&amp#27;[0m&amp#27;[34m▓&amp#27;[0m&amp#27;[34m▓&amp#27;[0m&amp#27;[34m▓&amp#27;[0m&amp#27;[34m▓&amp#27;[0m&amp#27;[34m▓&amp#27;[0m&amp#27;[34m▓&amp#27;[0m&amp#27;[34m▓&amp#27;[0m&amp#27;[32m░&amp#27;[0m&amp#27;[32m░&amp#27;[0m&amp#27;[32m░&amp#27;[0m&amp#27;[32m░&amp#27;[0m&amp#27;[32m░&amp#27;[0m&amp#27;[32m░&amp#27;[0m&amp#27;[32m░&amp#27;[0m&amp#27;[32m░&amp#27;[0m
&amp#27;[33m▓&amp#27;[0m&amp#27;[32m█&amp#27;[0m&amp#27;[33m▓&amp#27;[0m&amp#27;[34m▓&amp#27;[0m&amp#27;[33m▓&amp#27;[0m&amp#27;[34m▓&amp#27;[0m&amp#27;[34m▓&amp#27;[0m&amp#27;[34m▓&amp#27;[0m&amp#27;[34m▓&amp#27;[0m&amp#27;[34m▓&amp#27;[0m&amp#27;[34m▓&amp#27;[0m&amp#27;[33m▓&amp#27;[0m&amp#27;[33m▓&amp#27;[0m&amp#27;[33m▓&amp#27;[0m&amp#27;[33m▓&amp#27;[0m&amp#27;[33m▓&amp#27;[0m&amp#27;[34m▓&amp#27;[0m&amp#27;[32m░&amp#27;[0m&amp#27;[32m░&amp#27;[0m&amp#27;[33m▓&amp#27;[0m&amp#27;[33m▓&amp#27;[0m&amp#27;[33m▓&amp#27;[0m&amp#27;[33m▓&amp#27;[0m&amp#27;[32m░&amp#27;[0m&amp#27;[32m░&amp#27;[0m&amp#27;[32m▓&amp#27;[0m&amp#27;[33m▓&amp#27;[0m&amp#27;[32m▓&amp#27;[0m&amp#27;[33m▓&amp#27;[0m&amp#27;[32m░&amp#27;[0m&amp#27;[32m░&amp#27;[0m&amp#27;[32m░&amp#27;[0m&amp#27;[32m░&amp#27;[0m&amp#27;[32m░&amp#27;[0m&amp#27;[32m▓&amp#27;[0m&amp#27;[33m▓&amp#27;[0m&amp#27;[33m▓&amp#27;[0m&amp#27;[34m▓&amp#27;[0m&amp#27;[34m▓&amp#27;[0m&amp#27;[34m▓&amp#27;[0m&amp#27;[34m▓&amp#27;[0m&amp#27;[34m▓&amp#27;[0m&amp#27;[32m▓&amp#27;[0m&amp#27;[32m▓&amp#27;[0m&amp#27;[32m▓&amp#27;[0m&amp#27;[32m▓&amp#27;[0m&amp#27;[33m▓&amp#27;[0m&amp#27;[32m▓&amp#27;[0m&amp#27;[32m▓&amp#27;[0m&amp#27;[32m▓&amp#27;[0m&amp#27;[32m▓&amp#27;[0m&amp#27;[32m▓&amp#27;[0m&amp#27;[32m▓&amp#27;[0m&amp#27;[32m▓&amp#27;[0m&amp#27;[32m▒&amp#27;[0m&amp#27;[32m▒&amp#27;[0m&amp#27;[32m▓&amp#27;[0m&amp#27;[32m▓&amp#27;[0m&amp#27;[32m▓&amp#27;[0m&amp#27;[32m▓&amp#27;[0m&amp#27;[32m▒&amp#27;[0m&amp#27;[32m▓&amp#27;[0m&amp#27;[32m▓&amp#27;[0m&amp#27;[32m▓&amp#27;[0m&amp#27;[32m▓&amp#27;[0m&amp#27;[32m▒&amp#27;[0m&amp#27;[32m▒&amp#27;[0m&amp#27;[32m▒&amp#27;[0m&amp#27;[32m▓&amp#27;[0m&amp#27;[32m▓&amp#27;[0m&amp#27;[32m▓&amp#27;[0m&amp#27;[32m█&amp#27;[0m&amp#27;[32m▒&amp#27;[0m&amp#27;[32m▓&amp#27;[0m&amp#27;[32m▓&amp#27;[0m&amp#27;[32m▓&amp#27;[0m&amp#27;[32m▓&amp#27;[0m&amp#27;[32m▓&amp#27;[0m&amp#27;[32m▒&amp#27;[0m&amp#27;[32m▓&amp#27;[0m&amp#27;[32m▒&amp#27;[0m&amp#27;[32m▒&amp#27;[0m&amp#27;[32m▓&amp#27;[0m&amp#27;[32m▒&amp#27;[0m&amp#27;[32m▓&amp#27;[0m&amp#27;[32m▓&amp#27;[0m&amp#27;[32m▓&amp#27;[0m&amp#27;[34m▓&amp#27;[0m&amp#27;[32m▒&amp#27;[0m&amp#27;[34m▓&amp#27;[0m&amp#27;[32m▒&amp#27;[0m&amp#27;[34m▓&amp#27;[0m&amp#27;[32m▒&amp#27;[0m&amp#27;[32m█&amp#27;[0m&amp#27;[32m▒&amp#27;[0m&amp#27;[34m▓&amp#27;[0m&amp#27;[34m▓&amp#27;[0m&amp#27;[32m▒&amp#27;[0m&amp#27;[34m▓&amp#27;[0m&amp#27;[32m▒&amp#27;[0m&amp#27;[34m▓&amp#27;[0m&amp#27;[32m▒&amp#27;[0m&amp#27;[34m▓&amp#27;[0m&amp#27;[32m▒&amp#27;[0m&amp#27;[34m▓&amp#27;[0m&amp#27;[32m█&amp#27;[0m&amp#27;[34m▓&amp#27;[0m&amp#27;[34m▓&amp#27;[0m&amp#27;[34m▓&amp#27;[0m&amp#27;[34m▓&amp#27;[0m&amp#27;[34m▓&amp#27;[0m&amp#27;[34m▓&amp#27;[0m&amp#27;[34m▓&amp#27;[0m&amp#27;[32m▒&amp#27;[0m&amp#27;[34m▓&amp#27;[0m&amp#27;[34m▓&amp#27;[0m&amp#27;[32m▓&amp#27;[0m&amp#27;[32m▓&amp#27;[0m&amp#27;[32m▓&amp#27;[0m&amp#27;[32m█&amp#27;[0m&amp#27;[32m█&amp#27;[0m&amp#27;[32m█&amp#27;[0m&amp#27;[32m█&amp#27;[0m&amp#27;[32m█&amp#27;[0m&amp#27;[34m▓&amp#27;[0m&amp#27;[34m▓&amp#27;[0m&amp#27;[32m▒&amp#27;[0m&amp#27;[32m▒&amp#27;[0m&amp#27;[34m▓&amp#27;[0m&amp#27;[32m░&amp#27;[0m&amp#27;[32m▒&amp#27;[0m&amp#27;[34m▓&amp#27;[0m&amp#27;[32m▓&amp#27;[0m&amp#27;[34m▓&amp#27;[0m&amp#27;[34m▓&amp#27;[0m&amp#27;[34m▓&amp#27;[0m&amp#27;[32m▓&amp#27;[0m&amp#27;[32m▓&amp#27;[0m&amp#27;[32m▒&amp#27;[0m&amp#27;[34m▓&amp#27;[0m&amp#27;[34m▓&amp#27;[0m&amp#27;[32m░&amp#27;[0m&amp#27;[34m▓&amp#27;[0m&amp#27;[32m▒&amp#27;[0m&amp#27;[34m▓&amp#27;[0m&amp#27;[32m▒&amp#27;[0m&amp#27;[32m▒&amp#27;[0m&amp#27;[32m░&amp#27;[0m&amp#27;[32m░&amp#27;[0m&amp#27;[32m░&amp#27;[0m&amp#27;[32m░&amp#27;[0m&amp#27;[32m░&amp#27;[0m&amp#27;[32m░&amp#27;[0m&amp#27;[32m▒&amp#27;[0m&amp#27;[32m▒&amp#27;[0m&amp#27;[32m▒&amp#27;[0m&amp#27;[32m░&amp#27;[0m&amp#27;[32m░&amp#27;[0m&amp#27;[32m░&amp#27;[0m&amp#27;[32m░&amp#27;[0m&amp#27;[32m█&amp#27;[0m&amp#27;[32m▓&amp#27;[0m&amp#27;[32m▒&amp#27;[0m&amp#27;[32m▓&amp#27;[0m&amp#27;[32m▓&amp#27;[0m&amp#27;[32m▓&amp#27;[0m&amp#27;[32m▓&amp#27;[0m&amp#27;[32m▓&amp#27;[0m&amp#27;[32m▓&amp#27;[0m&amp#27;[32m▓&amp#27;[0m&amp#27;[32m█&amp#27;[0m&amp#27;[32m█&amp#27;[0m&amp#27;[32m█&amp#27;[0m&amp#27;[32m█&amp#27;[0m&amp#27;[32m█&amp#27;[0m&amp#27;[33m▓&amp#27;[0m&amp#27;[32m▒&amp#27;[0m&amp#27;[33m▓&amp#27;[0m&amp#27;[33m▓&amp#27;[0m&amp#27;[33m▓&amp#27;[0m&amp#27;[33m▓&amp#27;[0m&amp#27;[33m▓&amp#27;[0m&amp#27;[33m▓&amp#27;[0m&amp#27;[33m▓&amp#27;[0m&amp#27;[32m▓&amp#27;[0m&amp#27;[32m▓&amp#27;[0m&amp#27;[32m▓&amp#27;[0m&amp#27;[32m▒&amp#27;[0m&amp#27;[33m▓&amp#27;[0m&amp#27;[33m▓&amp#27;[0m&amp#27;[33m▓&amp#27;[0m&amp#27;[33m▓&amp#27;[0m&amp#27;[32m▒&amp#27;[0m&amp#27;[33m▓&amp#27;[0m&amp#27;[33m▓&amp#27;[0m&amp#27;[32m▒&amp#27;[0m&amp#27;[34m▓&amp#27;[0m&amp#27;[34m▓&amp#27;[0m&amp#27;[34m▓&amp#27;[0m&amp#27;[32m▒&amp#27;[0m&amp#27;[32m▓&amp#27;[0m&amp#27;[32m▓&amp#27;[0m&amp#27;[34m▓&amp#27;[0m&amp#27;[34m▓&amp#27;[0m&amp#27;[34m▓&amp#27;[0m&amp#27;[32m▒&amp#27;[0m&amp#27;[32m▒&amp#27;[0m&amp#27;[33m▓&amp#27;[0m&amp#27;[33m▓&amp#27;[0m&amp#27;[33m▓&amp#27;[0m&amp#27;[33m▓&amp#27;[0m&amp#27;[33m▓&amp#27;[0m&amp#27;[32m▓&amp#27;[0m&amp#27;[32m▒&amp#27;[0m&amp#27;[32m▒&amp#27;[0m&amp#27;[32m▓&amp#27;[0m&amp#27;[32m▓&amp#27;[0m&amp#27;[32m▓&amp#27;[0m&amp#27;[32m▓&amp#27;[0m&amp#27;[32m▓&amp#27;[0m&amp#27;[32m▓&amp#27;[0m&amp#27;[32m▓&amp#27;[0m&amp#27;[32m▒&amp#27;[0m&amp#27;[32m▓&amp#27;[0m&amp#27;[32m▓&amp#27;[0m&amp#27;[32m▓&amp#27;[0m&amp#27;[33m▓&amp#27;[0m&amp#27;[32m▓&amp#27;[0m&amp#27;[32m▓&amp#27;[0m&amp#27;[32m▓&amp#27;[0m&amp#27;[32m▓&amp#27;[0m&amp#27;[32m▓&amp#27;[0m&amp#27;[32m▓&amp#27;[0m&amp#27;[32m▓&amp#27;[0m&amp#27;[32m▓&amp#27;[0m&amp#27;[32m▓&amp#27;[0m&amp#27;[32m▓&amp#27;[0m&amp#27;[32m▓&amp#27;[0m&amp#27;[32m▒&amp#27;[0m&amp#27;[34m▓&amp#27;[0m&amp#27;[34m▓&amp#27;[0m&amp#27;[34m▓&amp#27;[0m&amp#27;[34m▓&amp#27;[0m&amp#27;[34m▓&amp#27;[0m&amp#27;[34m▓&amp#27;[0m&amp#27;[34m▓&amp#27;[0m&amp#27;[32m▓&amp#27;[0m&amp#27;[32m▓&amp#27;[0m&amp#27;[32m▒&amp#27;[0m&amp#27;[32m▓&amp#27;[0m&amp#27;[32m▒&amp#27;[0m&amp#27;[32m▓&amp#27;[0m&amp#27;[32m▓&amp#27;[0m&amp#27;[32m▓&amp#27;[0m&amp#27;[32m▓&amp#27;[0m&amp#27;[32m▓&amp#27;[0m&amp#27;[32m▓&amp#27;[0m&amp#27;[32m▓&amp#27;[0m&amp#27;[32m▓&amp#27;[0m&amp#27;[32m░&amp#27;[0m&amp#27;[32m▒&amp#27;[0m&amp#27;[32m▒&amp#27;[0m&amp#27;[32m░&amp#27;[0m&amp#27;[32m░&amp#27;[0m&amp#27;[32m░&amp#27;[0m&amp#27;[32m░&amp#27;[0m&amp#27;[32m░&amp#27;[0m&amp#27;[34m▓&amp#27;[0m&amp#27;[32m░&amp#27;[0m&amp#27;[32m░&amp#27;[0m&amp#27;[32m░&amp#27;[0m&amp#27;[32m░&amp#27;[0m&amp#27;[34m▓&amp#27;[0m&amp#27;[34m▓&amp#27;[0m&amp#27;[32m░&amp#27;[0m&amp#27;[32m░&amp#27;[0m&amp#27;[32m░&amp#27;[0m&amp#27;[34m▓&amp#27;[0m&amp#27;[34m▓&amp#27;[0m&amp#27;[34m▓&amp#27;[0m&amp#27;[32m▒&amp#27;[0m&amp#27;[34m▓&amp#27;[0m&amp#27;[34m▓&amp#27;[0m&amp#27;[34m▓&amp#27;[0m&amp#27;[34m▓&amp#27;[0m&amp#27;[34m▓&amp#27;[0m&amp#27;[34m▓&amp#27;[0m&amp#27;[34m▓&amp#27;[0m&amp#27;[34m▓&amp#27;[0m&amp#27;[32m░&amp#27;[0m&amp#27;[34m▓&amp#27;[0m&amp#27;[32m░&amp#27;[0m&amp#27;[32m░&amp#27;[0m&amp#27;[32m█&amp#27;[0m&amp#27;[32m░&amp#27;[0m&amp#27;[32m▓&amp#27;[0m&amp#27;[32m█&amp#27;[0m&amp#27;[32m█&amp#27;[0m&amp#27;[32m█&amp#27;[0m&amp#27;[32m░&amp#27;[0m
&amp#27;[34m▓&amp#27;[0m&amp#27;[32m█&amp#27;[0m&amp#27;[33m▓&amp#27;[0m&amp#27;[34m▓&amp#27;[0m&amp#27;[32m░&amp#27;[0m&amp#27;[33m▓&amp#27;[0m&amp#27;[34m▓&amp#27;[0m&amp#27;[34m▓&amp#27;[0m&amp#27;[34m▓&amp#27;[0m&amp#27;[34m▓&amp#27;[0m&amp#27;[34m▓&amp#27;[0m&amp#27;[32m▓&amp#27;[0m&amp#27;[33m▓&amp#27;[0m&amp#27;[34m▓&amp#27;[0m&amp#27;[34m▓&amp#27;[0m&amp#27;[34m▓&amp#27;[0m&amp#27;[33m▓&amp#27;[0m&amp#27;[33m▓&amp#27;[0m&amp#27;[32m░&amp#27;[0m&amp#27;[32m░&amp#27;[0m&amp#27;[32m░&amp#27;[0m&amp#27;[32m░&amp#27;[0m&amp#27;[32m░&amp#27;[0m&amp#27;[32m░&amp#27;[0m&amp#27;[33m▓&amp#27;[0m&amp#27;[32m░&amp#27;[0m&amp#27;[32m░&amp#27;[0m&amp#27;[32m░&amp#27;[0m&amp#27;[32m░&amp#27;[0m&amp#27;[33m▓&amp#27;[0m&amp#27;[32m░&amp#27;[0m&amp#27;[33m▓&amp#27;[0m&amp#27;[32m░&amp#27;[0m&amp#27;[32m░&amp#27;[0m&amp#27;[32m░&amp#27;[0m&amp#27;[32m░&amp#27;[0m&amp#27;[32m░&amp#27;[0m&amp#27;[33m▓&amp#27;[0m&amp#27;[34m▓&amp#27;[0m&amp#27;[34m▓&amp#27;[0m&amp#27;[34m▓&amp#27;[0m&amp#27;[34m▓&amp#27;[0m&amp#27;[32m▓&amp#27;[0m&amp#27;[32m▓&amp#27;[0m&amp#27;[32m▓&amp#27;[0m&amp#27;[32m▓&amp#27;[0m&amp#27;[33m▓&amp#27;[0m&amp#27;[33m▓&amp#27;[0m&amp#27;[32m▓&amp#27;[0m&amp#27;[32m▓&amp#27;[0m&amp#27;[32m▓&amp#27;[0m&amp#27;[32m▓&amp#27;[0m&amp#27;[32m▓&amp#27;[0m&amp#27;[32m▓&amp#27;[0m&amp#27;[32m▓&amp#27;[0m&amp#27;[32m▒&amp#27;[0m&amp#27;[32m▓&amp#27;[0m&amp#27;[33m▓&amp#27;[0m&amp#27;[32m▓&amp#27;[0m&amp#27;[32m▓&amp#27;[0m&amp#27;[32m▓&amp#27;[0m&amp#27;[32m▒&amp#27;[0m&amp#27;[32m▒&amp#27;[0m&amp#27;[32m▒&amp#27;[0m&amp#27;[32m▓&amp#27;[0m&amp#27;[32m▓&amp#27;[0m&amp#27;[32m▓&amp#27;[0m&amp#27;[32m▒&amp#27;[0m&amp#27;[32m▓&amp#27;[0m&amp#27;[32m▒&amp#27;[0m&amp#27;[32m▓&amp#27;[0m&amp#27;[32m▓&amp#27;[0m&amp#27;[32m▓&amp#27;[0m&amp#27;[32m▓&amp#27;[0m&amp#27;[32m▓&amp#27;[0m&amp#27;[32m▓&amp#27;[0m&amp#27;[32m▒&amp#27;[0m&amp#27;[32m▓&amp#27;[0m&amp#27;[32m▓&amp#27;[0m&amp#27;[32m▓&amp#27;[0m&amp#27;[32m▓&amp#27;[0m&amp#27;[32m▓&amp#27;[0m&amp#27;[32m▓&amp#27;[0m&amp#27;[32m▒&amp#27;[0m&amp#27;[32m▓&amp#27;[0m&amp#27;[32m▓&amp#27;[0m&amp#27;[32m█&amp#27;[0m&amp#27;[34m▓&amp#27;[0m&amp#27;[32m▒&amp#27;[0m&amp#27;[34m▓&amp#27;[0m&amp#27;[34m▓&amp#27;[0m&amp#27;[34m▓&amp#27;[0m&amp#27;[34m▓&amp#27;[0m&amp#27;[34m▓&amp#27;[0m&amp#27;[34m▓&amp#27;[0m&amp#27;[34m▓&amp#27;[0m&amp#27;[34m▓&amp#27;[0m&amp#27;[34m▓&amp#27;[0m&amp#27;[34m▓&amp#27;[0m&amp#27;[32m▒&amp#27;[0m&amp#27;[34m▓&amp#27;[0m&amp#27;[32m▒&amp#27;[0m&amp#27;[34m▓&amp#27;[0m&amp#27;[32m▒&amp#27;[0m&amp#27;[32m▒&amp#27;[0m&amp#27;[32m█&amp#27;[0m&amp#27;[32m█&amp#27;[0m&amp#27;[32m▒&amp#27;[0m&amp#27;[34m▓&amp#27;[0m&amp#27;[34m▓&amp#27;[0m&amp#27;[32m▒&amp#27;[0m&amp#27;[32m▒&amp#27;[0m&amp#27;[32m░&amp#27;[0m&amp#27;[32m█&amp#27;[0m&amp#27;[32m▒&amp#27;[0m&amp#27;[32m▒&amp#27;[0m&amp#27;[32m▓&amp#27;[0m&amp#27;[32m▓&amp#27;[0m&amp#27;[32m▓&amp#27;[0m&amp#27;[32m▒&amp#27;[0m&amp#27;[32m▒&amp#27;[0m&amp#27;[34m▓&amp#27;[0m&amp#27;[34m▓&amp#27;[0m&amp#27;[34m▓&amp#27;[0m&amp#27;[32m▒&amp#27;[0m&amp#27;[34m▓&amp#27;[0m&amp#27;[34m▓&amp#27;[0m&amp#27;[34m▓&amp#27;[0m&amp#27;[34m▓&amp#27;[0m&amp#27;[34m▓&amp#27;[0m&amp#27;[34m▓&amp#27;[0m&amp#27;[34m▓&amp#27;[0m&amp#27;[34m▓&amp#27;[0m&amp#27;[34m▓&amp#27;[0m&amp#27;[32m▓&amp#27;[0m&amp#27;[34m▓&amp#27;[0m&amp#27;[34m▓&amp#27;[0m&amp#27;[32m▓&amp#27;[0m&amp#27;[34m▓&amp#27;[0m&amp#27;[34m▓&amp#27;[0m&amp#27;[32m▒&amp#27;[0m&amp#27;[32m▓&amp#27;[0m&amp#27;[34m▓&amp#27;[0m&amp#27;[32m▒&amp#27;[0m&amp#27;[32m░&amp#27;[0m&amp#27;[32m░&amp#27;[0m&amp#27;[32m░&amp#27;[0m&amp#27;[32m░&amp#27;[0m&amp#27;[32m▓&amp#27;[0m&amp#27;[32m░&amp#27;[0m&amp#27;[32m░&amp#27;[0m&amp#27;[32m░&amp#27;[0m&amp#27;[32m░&amp#27;[0m&amp#27;[32m░&amp#27;[0m&amp#27;[32m░&amp#27;[0m&amp#27;[32m░&amp#27;[0m&amp#27;[32m░&amp#27;[0m&amp#27;[32m░&amp#27;[0m&amp#27;[32m░&amp#27;[0m&amp#27;[32m░&amp#27;[0m&amp#27;[32m▓&amp#27;[0m&amp#27;[32m▓&amp#27;[0m&amp#27;[32m▒&amp#27;[0m&amp#27;[32m▓&amp#27;[0m&amp#27;[32m▓&amp#27;[0m&amp#27;[32m▓&amp#27;[0m&amp#27;[32m▓&amp#27;[0m&amp#27;[32m▓&amp#27;[0m&amp#27;[32m▓&amp#27;[0m&amp#27;[32m▓&amp#27;[0m&amp#27;[32m▓&amp#27;[0m&amp#27;[32m▓&amp#27;[0m&amp#27;[32m▒&amp#27;[0m&amp#27;[32m▒&amp#27;[0m&amp#27;[32m░&amp#27;[0m&amp#27;[32m░&amp#27;[0m&amp#27;[33m▓&amp#27;[0m&amp#27;[33m▓&amp#27;[0m&amp#27;[33m▓&amp#27;[0m&amp#27;[33m▓&amp#27;[0m&amp#27;[32m▒&amp#27;[0m&amp#27;[33m▓&amp#27;[0m&amp#27;[33m▓&amp#27;[0m&amp#27;[32m▒&amp#27;[0m&amp#27;[33m▓&amp#27;[0m&amp#27;[32m▓&amp#27;[0m&amp#27;[32m▓&amp#27;[0m&amp#27;[34m▓&amp#27;[0m&amp#27;[33m▓&amp#27;[0m&amp#27;[33m▓&amp#27;[0m&amp#27;[33m▓&amp#27;[0m&amp#27;[33m▓&amp#27;[0m&amp#27;[33m▓&amp#27;[0m&amp#27;[33m▓&amp#27;[0m&amp#27;[33m▓&amp#27;[0m&amp#27;[32m█&amp#27;[0m&amp#27;[32m█&amp#27;[0m&amp#27;[32m█&amp#27;[0m&amp#27;[32m█&amp#27;[0m&amp#27;[32m█&amp#27;[0m&amp#27;[32m█&amp#27;[0m&amp#27;[32m▒&amp#27;[0m&amp#27;[32m▒&amp#27;[0m&amp#27;[34m▓&amp#27;[0m&amp#27;[34m▓&amp#27;[0m&amp#27;[34m▓&amp#27;[0m&amp#27;[33m▓&amp#27;[0m&amp#27;[33m▓&amp#27;[0m&amp#27;[33m▓&amp#27;[0m&amp#27;[33m▓&amp#27;[0m&amp#27;[33m▓&amp#27;[0m&amp#27;[32m▓&amp#27;[0m&amp#27;[32m▓&amp#27;[0m&amp#27;[32m▓&amp#27;[0m&amp#27;[32m▒&amp#27;[0m&amp#27;[32m▓&amp#27;[0m&amp#27;[32m▓&amp#27;[0m&amp#27;[32m▒&amp#27;[0m&amp#27;[32m▓&amp#27;[0m&amp#27;[32m▓&amp#27;[0m&amp#27;[32m▓&amp#27;[0m&amp#27;[32m▓&amp#27;[0m&amp#27;[32m▓&amp#27;[0m&amp#27;[32m▓&amp#27;[0m&amp#27;[32m▓&amp#27;[0m&amp#27;[33m▓&amp#27;[0m&amp#27;[33m▓&amp#27;[0m&amp#27;[33m▓&amp#27;[0m&amp#27;[33m▓&amp#27;[0m&amp#27;[32m▓&amp#27;[0m&amp#27;[32m▓&amp#27;[0m&amp#27;[32m▓&amp#27;[0m&amp#27;[32m▓&amp#27;[0m&amp#27;[32m▓&amp#27;[0m&amp#27;[32m▓&amp#27;[0m&amp#27;[32m▓&amp#27;[0m&amp#27;[32m▓&amp#27;[0m&amp#27;[32m▓&amp#27;[0m&amp#27;[34m▓&amp#27;[0m&amp#27;[34m▓&amp#27;[0m&amp#27;[33m▓&amp#27;[0m&amp#27;[33m▓&amp#27;[0m&amp#27;[33m▓&amp#27;[0m&amp#27;[33m▓&amp#27;[0m&amp#27;[32m▒&amp#27;[0m&amp#27;[32m░&amp#27;[0m&amp#27;[32m▓&amp#27;[0m&amp#27;[32m▓&amp#27;[0m&amp#27;[32m▓&amp#27;[0m&amp#27;[32m▓&amp#27;[0m&amp#27;[32m▓&amp#27;[0m&amp#27;[32m▓&amp#27;[0m&amp#27;[32m▓&amp#27;[0m&amp#27;[32m▓&amp#27;[0m&amp#27;[32m▓&amp#27;[0m&amp#27;[32m▓&amp#27;[0m&amp#27;[32m█&amp#27;[0m&amp#27;[32m▓&amp#27;[0m&amp#27;[32m▓&amp#27;[0m&amp#27;[34m▓&amp#27;[0m&amp#27;[34m▓&amp#27;[0m&amp#27;[34m▓&amp#27;[0m&amp#27;[32m░&amp#27;[0m&amp#27;[32m░&amp#27;[0m&amp#27;[32m░&amp#27;[0m&amp#27;[32m▒&amp#27;[0m&amp#27;[32m░&amp#27;[0m&amp#27;[34m▓&amp#27;[0m&amp#27;[32m▒&amp#27;[0m&amp#27;[32m░&amp#27;[0m&amp#27;[32m░&amp#27;[0m&amp#27;[32m░&amp#27;[0m&amp#27;[34m▓&amp#27;[0m&amp#27;[34m▓&amp#27;[0m&amp#27;[32m░&amp#27;[0m&amp#27;[32m░&amp#27;[0m&amp#27;[32m░&amp#27;[0m&amp#27;[34m▓&amp#27;[0m&amp#27;[34m▓&amp#27;[0m&amp#27;[34m▓&amp#27;[0m&amp#27;[32m▓&amp#27;[0m&amp#27;[34m▓&amp#27;[0m&amp#27;[34m▓&amp#27;[0m&amp#27;[34m▓&amp#27;[0m&amp#27;[34m▓&amp#27;[0m&amp#27;[34m▓&amp#27;[0m&amp#27;[34m▓&amp#27;[0m&amp#27;[34m▓&amp#27;[0m&amp#27;[32m░&amp#27;[0m&amp#27;[32m░&amp#27;[0m&amp#27;[32m░&amp#27;[0m&amp#27;[32m░&amp#27;[0m&amp#27;[32m░&amp#27;[0m&amp#27;[32m░&amp#27;[0m&amp#27;[32m░&amp#27;[0m&amp#27;[32m█&amp#27;[0m&amp#27;[32m█&amp#27;[0m&amp#27;[32m█&amp#27;[0m&amp#27;[32m█&amp#27;[0m&amp#27;[32m█&amp#27;[0m
&amp#27;[34m▓&amp#27;[0m&amp#27;[34m▓&amp#27;[0m&amp#27;[34m▓&amp#27;[0m&amp#27;[33m▓&amp#27;[0m&amp#27;[33m▓&amp#27;[0m&amp#27;[33m▓&amp#27;[0m&amp#27;[32m█&amp#27;[0m&amp#27;[34m▓&amp#27;[0m&amp#27;[34m▓&amp#27;[0m&amp#27;[34m▓&amp#27;[0m&amp#27;[33m▓&amp#27;[0m&amp#27;[34m▓&amp#27;[0m&amp#27;[34m▓&amp#27;[0m&amp#27;[32m▓&amp#27;[0m&amp#27;[33m▓&amp#27;[0m&amp#27;[34m▓&amp#27;[0m&amp#27;[32m▓&amp#27;[0m&amp#27;[34m▓&amp#27;[0m&amp#27;[32m░&amp#27;[0m&amp#27;[32m░&amp#27;[0m&amp#27;[32m░&amp#27;[0m&amp#27;[33m▓&amp#27;[0m&amp#27;[32m░&amp#27;[0m&amp#27;[33m▓&amp#27;[0m&amp#27;[32m█&amp#27;[0m&amp#27;[33m▓&amp#27;[0m&amp#27;[32m░&amp#27;[0m&amp#27;[32m░&amp#27;[0m&amp#27;[32m░&amp#27;[0m&amp#27;[32m░&amp#27;[0m&amp#27;[32m░&amp#27;[0m&amp#27;[32m░&amp#27;[0m&amp#27;[33m▓&amp#27;[0m&amp#27;[32m░&amp#27;[0m&amp#27;[32m░&amp#27;[0m&amp#27;[33m▓&amp#27;[0m&amp#27;[32m░&amp#27;[0m&amp#27;[32m░&amp#27;[0m&amp#27;[33m▓&amp#27;[0m&amp#27;[33m▓&amp#27;[0m&amp#27;[33m▓&amp#27;[0m&amp#27;[34m▓&amp#27;[0m&amp#27;[33m▓&amp#27;[0m&amp#27;[33m▓&amp#27;[0m&amp#27;[32m▓&amp#27;[0m&amp#27;[32m█&amp#27;[0m&amp#27;[32m▓&amp#27;[0m&amp#27;[32m▓&amp#27;[0m&amp#27;[32m▓&amp#27;[0m&amp#27;[32m▓&amp#27;[0m&amp#27;[32m▓&amp#27;[0m&amp#27;[32m▒&amp#27;[0m&amp#27;[32m▓&amp#27;[0m&amp#27;[32m▓&amp#27;[0m&amp#27;[32m▓&amp#27;[0m&amp#27;[32m▓&amp#27;[0m&amp#27;[32m▓&amp#27;[0m&amp#27;[32m▓&amp#27;[0m&amp#27;[32m▓&amp#27;[0m&amp#27;[32m▒&amp#27;[0m&amp#27;[32m▓&amp#27;[0m&amp#27;[32m▓&amp#27;[0m&amp#27;[32m▓&amp#27;[0m&amp#27;[32m▓&amp#27;[0m&amp#27;[32m▓&amp#27;[0m&amp#27;[32m▓&amp#27;[0m&amp#27;[32m▓&amp#27;[0m&amp#27;[32m█&amp#27;[0m&amp#27;[32m▓&amp#27;[0m&amp#27;[32m▒&amp#27;[0m&amp#27;[32m▓&amp#27;[0m&amp#27;[32m▒&amp#27;[0m&amp#27;[32m▓&amp#27;[0m&amp#27;[32m▒&amp#27;[0m&amp#27;[32m▓&amp#27;[0m&amp#27;[32m▓&amp#27;[0m&amp#27;[32m▓&amp#27;[0m&amp#27;[32m▓&amp#27;[0m&amp#27;[32m▓&amp#27;[0m&amp#27;[32m▓&amp#27;[0m&amp#27;[32m▓&amp#27;[0m&amp#27;[32m▓&amp#27;[0m&amp#27;[32m▓&amp#27;[0m&amp#27;[32m▓&amp#27;[0m&amp#27;[32m▓&amp#27;[0m&amp#27;[32m█&amp#27;[0m&amp#27;[32m█&amp#27;[0m&amp#27;[32m█&amp#27;[0m&amp#27;[34m▓&amp#27;[0m&amp#27;[32m▒&amp#27;[0m&amp#27;[34m▓&amp#27;[0m&amp#27;[32m▒&amp#27;[0m&amp#27;[32m█&amp#27;[0m&amp#27;[32m▒&amp#27;[0m&amp#27;[32m▒&amp#27;[0m&amp#27;[33m▓&amp#27;[0m&amp#27;[32m█&amp#27;[0m&amp#27;[32m░&amp#27;[0m&amp#27;[34m▓&amp#27;[0m&amp#27;[34m▓&amp#27;[0m&amp#27;[34m▓&amp#27;[0m&amp#27;[34m▓&amp#27;[0m&amp#27;[34m▓&amp#27;[0m&amp#27;[34m▓&amp#27;[0m&amp#27;[33m▓&amp#27;[0m&amp#27;[32m█&amp#27;[0m&amp#27;[34m▓&amp#27;[0m&amp#27;[34m▓&amp#27;[0m&amp#27;[34m▓&amp#27;[0m&amp#27;[34m▓&amp#27;[0m&amp#27;[34m▓&amp#27;[0m&amp#27;[34m▓&amp#27;[0m&amp#27;[32m░&amp#27;[0m&amp#27;[32m░&amp#27;[0m&amp#27;[32m░&amp#27;[0m&amp#27;[34m▓&amp#27;[0m&amp#27;[32m▓&amp#27;[0m&amp#27;[32m▓&amp#27;[0m&amp#27;[32m▓&amp#27;[0m&amp#27;[32m▓&amp#27;[0m&amp#27;[32m▓&amp#27;[0m&amp#27;[32m▓&amp#27;[0m&amp#27;[32m▓&amp#27;[0m&amp#27;[34m▓&amp#27;[0m&amp#27;[34m▓&amp#27;[0m&amp#27;[34m▓&amp#27;[0m&amp#27;[32m▒&amp#27;[0m&amp#27;[32m░&amp#27;[0m&amp#27;[34m▓&amp#27;[0m&amp#27;[34m▓&amp#27;[0m&amp#27;[34m▓&amp#27;[0m&amp#27;[32m▒&amp#27;[0m&amp#27;[34m▓&amp#27;[0m&amp#27;[32m▒&amp#27;[0m&amp#27;[32m░&amp#27;[0m&amp#27;[34m▓&amp#27;[0m&amp#27;[34m▓&amp#27;[0m&amp#27;[34m▓&amp#27;[0m&amp#27;[32m░&amp#27;[0m&amp#27;[34m▓&amp#27;[0m&amp#27;[34m▓&amp#27;[0m&amp#27;[34m▓&amp#27;[0m&amp#27;[32m░&amp#27;[0m&amp#27;[32m░&amp#27;[0m&amp#27;[32m░&amp#27;[0m&amp#27;[32m░&amp#27;[0m&amp#27;[32m▒&amp#27;[0m&amp#27;[32m░&amp#27;[0m&amp#27;[32m░&amp#27;[0m&amp#27;[32m░&amp#27;[0m&amp#27;[32m▓&amp#27;[0m&amp#27;[32m░&amp#27;[0m&amp#27;[32m░&amp#27;[0m&amp#27;[32m░&amp#27;[0m&amp#27;[32m▒&amp#27;[0m&amp#27;[32m░&amp#27;[0m&amp#27;[32m░&amp#27;[0m&amp#27;[32m░&amp#27;[0m&amp#27;[32m▓&amp#27;[0m&amp#27;[32m░&amp#27;[0m&amp#27;[32m▓&amp#27;[0m&amp#27;[32m▓&amp#27;[0m&amp#27;[32m▓&amp#27;[0m&amp#27;[32m▓&amp#27;[0m&amp#27;[32m▓&amp#27;[0m&amp#27;[32m▓&amp#27;[0m&amp#27;[32m▓&amp#27;[0m&amp#27;[32m▓&amp#27;[0m&amp#27;[32m▓&amp#27;[0m&amp#27;[32m▒&amp#27;[0m&amp#27;[32m▓&amp#27;[0m&amp#27;[32m▓&amp#27;[0m&amp#27;[32m▓&amp#27;[0m&amp#27;[32m▒&amp#27;[0m&amp#27;[32m░&amp#27;[0m&amp#27;[32m░&amp#27;[0m&amp#27;[33m▓&amp#27;[0m&amp#27;[33m▓&amp#27;[0m&amp#27;[32m▒&amp#27;[0m&amp#27;[33m▓&amp#27;[0m&amp#27;[33m▓&amp#27;[0m&amp#27;[33m▓&amp#27;[0m&amp#27;[33m▓&amp#27;[0m&amp#27;[33m▓&amp#27;[0m&amp#27;[33m▓&amp#27;[0m&amp#27;[33m▓&amp#27;[0m&amp#27;[34m▓&amp#27;[0m&amp#27;[34m▓&amp#27;[0m&amp#27;[33m▓&amp#27;[0m&amp#27;[32m▒&amp#27;[0m&amp#27;[33m▓&amp#27;[0m&amp#27;[33m▓&amp#27;[0m&amp#27;[33m▓&amp#27;[0m&amp#27;[33m▓&amp#27;[0m&amp#27;[32m▒&amp#27;[0m&amp#27;[32m█&amp#27;[0m&amp#27;[32m█&amp#27;[0m&amp#27;[32m█&amp#27;[0m&amp#27;[32m█&amp#27;[0m&amp#27;[32m█&amp#27;[0m&amp#27;[32m█&amp#27;[0m&amp#27;[32m█&amp#27;[0m&amp#27;[34m▓&amp#27;[0m&amp#27;[32m░&amp#27;[0m&amp#27;[32m▓&amp#27;[0m&amp#27;[34m▓&amp#27;[0m&amp#27;[34m▓&amp#27;[0m&amp#27;[33m▓&amp#27;[0m&amp#27;[33m▓&amp#27;[0m&amp#27;[33m▓&amp#27;[0m&amp#27;[32m▒&amp#27;[0m&amp#27;[32m▓&amp#27;[0m&amp#27;[32m▓&amp#27;[0m&amp#27;[32m▓&amp#27;[0m&amp#27;[32m▓&amp#27;[0m&amp#27;[32m▓&amp#27;[0m&amp#27;[32m▓&amp#27;[0m&amp#27;[32m▓&amp#27;[0m&amp#27;[32m▓&amp#27;[0m&amp#27;[32m▓&amp#27;[0m&amp#27;[32m▓&amp#27;[0m&amp#27;[32m▓&amp#27;[0m&amp#27;[32m▓&amp#27;[0m&amp#27;[32m▓&amp#27;[0m&amp#27;[32m▓&amp#27;[0m&amp#27;[32m▓&amp#27;[0m&amp#27;[33m▓&amp#27;[0m&amp#27;[32m▓&amp#27;[0m&amp#27;[32m▓&amp#27;[0m&amp#27;[32m▓&amp#27;[0m&amp#27;[32m▓&amp#27;[0m&amp#27;[32m▓&amp#27;[0m&amp#27;[32m▓&amp#27;[0m&amp#27;[32m▒&amp#27;[0m&amp#27;[32m▓&amp#27;[0m&amp#27;[32m▓&amp#27;[0m&amp#27;[32m▓&amp#27;[0m&amp#27;[32m▓&amp#27;[0m&amp#27;[33m▓&amp#27;[0m&amp#27;[33m▓&amp#27;[0m&amp#27;[32m▒&amp#27;[0m&amp#27;[33m▓&amp#27;[0m&amp#27;[32m▒&amp#27;[0m&amp#27;[33m▓&amp#27;[0m&amp#27;[33m▓&amp#27;[0m&amp#27;[32m▓&amp#27;[0m&amp#27;[32m▓&amp#27;[0m&amp#27;[32m█&amp#27;[0m&amp#27;[32m▓&amp#27;[0m&amp#27;[32m▓&amp#27;[0m&amp#27;[32m▓&amp#27;[0m&amp#27;[32m▓&amp#27;[0m&amp#27;[32m▓&amp#27;[0m&amp#27;[32m▓&amp#27;[0m&amp#27;[32m▓&amp#27;[0m&amp#27;[32m▓&amp#27;[0m&amp#27;[32m▓&amp#27;[0m&amp#27;[32m▓&amp#27;[0m&amp#27;[32m▓&amp#27;[0m&amp#27;[34m▓&amp#27;[0m&amp#27;[34m▓&amp#27;[0m&amp#27;[34m▓&amp#27;[0m&amp#27;[34m▓&amp#27;[0m&amp#27;[32m░&amp#27;[0m&amp#27;[32m░&amp#27;[0m&amp#27;[32m░&amp#27;[0m&amp#27;[32m█&amp#27;[0m&amp#27;[34m▓&amp#27;[0m&amp#27;[34m▓&amp#27;[0m&amp#27;[34m▓&amp#27;[0m&amp#27;[34m▓&amp#27;[0m&amp#27;[34m▓&amp#27;[0m&amp#27;[34m▓&amp#27;[0m&amp#27;[34m▓&amp#27;[0m&amp#27;[34m▓&amp#27;[0m&amp#27;[34m▓&amp#27;[0m&amp#27;[34m▓&amp#27;[0m&amp#27;[34m▓&amp#27;[0m&amp#27;[34m▓&amp#27;[0m&amp#27;[34m▓&amp#27;[0m&amp#27;[32m░&amp#27;[0m&amp#27;[34m▓&amp#27;[0m&amp#27;[34m▓&amp#27;[0m&amp#27;[34m▓&amp#27;[0m&amp#27;[34m▓&amp#27;[0m&amp#27;[34m▓&amp#27;[0m&amp#27;[34m▓&amp#27;[0m&amp#27;[34m▓&amp#27;[0m&amp#27;[34m▓&amp#27;[0m&amp#27;[32m░&amp#27;[0m&amp#27;[32m█&amp#27;[0m&amp#27;[32m░&amp#27;[0m&amp#27;[32m░&amp#27;[0m&amp#27;[32m░&amp#27;[0m&amp#27;[32m░&amp#27;[0m&amp#27;[32m█&amp#27;[0m&amp#27;[32m█&amp#27;[0m&amp#27;[32m█&amp#27;[0m&amp#27;[32m█&amp#27;[0m&amp#27;[32m█&amp#27;[0m
&amp#27;[34m▓&amp#27;[0m&amp#27;[34m▓&amp#27;[0m&amp#27;[34m▓&amp#27;[0m&amp#27;[34m▓&amp#27;[0m&amp#27;[34m▓&amp#27;[0m&amp#27;[33m▓&amp#27;[0m&amp#27;[33m▓&amp#27;[0m&amp#27;[33m▓&amp#27;[0m&amp#27;[33m▓&amp#27;[0m&amp#27;[34m▓&amp#27;[0m&amp#27;[34m▓&amp#27;[0m&amp#27;[34m▓&amp#27;[0m&amp#27;[34m▓&amp#27;[0m&amp#27;[32m░&amp#27;[0m&amp#27;[34m▓&amp#27;[0m&amp#27;[34m▓&amp#27;[0m&amp#27;[34m▓&amp#27;[0m&amp#27;[34m▓&amp#27;[0m&amp#27;[32m░&amp#27;[0m&amp#27;[32m█&amp#27;[0m&amp#27;[32m░&amp#27;[0m&amp#27;[33m▓&amp#27;[0m&amp#27;[32m▓&amp#27;[0m&amp#27;[32m▓&amp#27;[0m&amp#27;[32m▓&amp#27;[0m&amp#27;[32m▓&amp#27;[0m&amp#27;[33m▓&amp#27;[0m&amp#27;[32m░&amp#27;[0m&amp#27;[33m▓&amp#27;[0m&amp#27;[32m░&amp#27;[0m&amp#27;[33m▓&amp#27;[0m&amp#27;[32m░&amp#27;[0m&amp#27;[32m░&amp#27;[0m&amp#27;[32m░&amp#27;[0m&amp#27;[32m░&amp#27;[0m&amp#27;[32m░&amp#27;[0m&amp#27;[33m▓&amp#27;[0m&amp#27;[32m░&amp#27;[0m&amp#27;[32m░&amp#27;[0m&amp#27;[34m▓&amp#27;[0m&amp#27;[33m▓&amp#27;[0m&amp#27;[33m▓&amp#27;[0m&amp#27;[32m▓&amp#27;[0m&amp#27;[32m▓&amp#27;[0m&amp#27;[32m▓&amp#27;[0m&amp#27;[32m▓&amp#27;[0m&amp#27;[32m▓&amp#27;[0m&amp#27;[33m▓&amp#27;[0m&amp#27;[33m▓&amp#27;[0m&amp#27;[33m▓&amp#27;[0m&amp#27;[32m▓&amp#27;[0m&amp#27;[32m▓&amp#27;[0m&amp#27;[32m▓&amp#27;[0m&amp#27;[32m▓&amp#27;[0m&amp#27;[32m▒&amp#27;[0m&amp#27;[32m▒&amp#27;[0m&amp#27;[32m▓&amp#27;[0m&amp#27;[32m▓&amp#27;[0m&amp#27;[32m▓&amp#27;[0m&amp#27;[32m▓&amp#27;[0m&amp#27;[32m▓&amp#27;[0m&amp#27;[32m▓&amp#27;[0m&amp#27;[32m▓&amp#27;[0m&amp#27;[32m▓&amp#27;[0m&amp#27;[32m▓&amp#27;[0m&amp#27;[32m▓&amp#27;[0m&amp#27;[32m▒&amp#27;[0m&amp#27;[32m▓&amp#27;[0m&amp#27;[32m▓&amp#27;[0m&amp#27;[32m▓&amp#27;[0m&amp#27;[32m▓&amp#27;[0m&amp#27;[32m▒&amp#27;[0m&amp#27;[32m▓&amp#27;[0m&amp#27;[32m▒&amp#27;[0m&amp#27;[32m▓&amp#27;[0m&amp#27;[32m▓&amp#27;[0m&amp#27;[32m▒&amp#27;[0m&amp#27;[32m▓&amp#27;[0m&amp#27;[32m▓&amp#27;[0m&amp#27;[32m▒&amp#27;[0m&amp#27;[32m▓&amp#27;[0m&amp#27;[32m▓&amp#27;[0m&amp#27;[32m▒&amp#27;[0m&amp#27;[32m▒&amp#27;[0m&amp#27;[32m▒&amp#27;[0m&amp#27;[32m░&amp#27;[0m&amp#27;[32m█&amp#27;[0m&amp#27;[32m░&amp#27;[0m&amp#27;[34m▓&amp#27;[0m&amp#27;[34m▓&amp#27;[0m&amp#27;[32m█&amp#27;[0m&amp#27;[32m█&amp#27;[0m&amp#27;[32m█&amp#27;[0m&amp#27;[32m█&amp#27;[0m&amp#27;[32m█&amp#27;[0m&amp#27;[32m█&amp#27;[0m&amp#27;[32m█&amp#27;[0m&amp#27;[32m█&amp#27;[0m&amp#27;[34m▓&amp#27;[0m&amp#27;[34m▓&amp#27;[0m&amp#27;[34m▓&amp#27;[0m&amp#27;[32m░&amp#27;[0m&amp#27;[34m▓&amp#27;[0m&amp#27;[32m▒&amp#27;[0m&amp#27;[32m▒&amp#27;[0m&amp#27;[34m▓&amp#27;[0m&amp#27;[32m▒&amp#27;[0m&amp#27;[32m▒&amp#27;[0m&amp#27;[34m▓&amp#27;[0m&amp#27;[34m▓&amp#27;[0m&amp#27;[34m▓&amp#27;[0m&amp#27;[32m▒&amp#27;[0m&amp#27;[32m░&amp#27;[0m&amp#27;[32m░&amp#27;[0m&amp#27;[32m▒&amp#27;[0m&amp#27;[32m▒&amp#27;[0m&amp#27;[32m▓&amp#27;[0m&amp#27;[32m▓&amp#27;[0m&amp#27;[32m▓&amp#27;[0m&amp#27;[32m▓&amp#27;[0m&amp#27;[32m▓&amp#27;[0m&amp#27;[32m▒&amp#27;[0m&amp#27;[32m▓&amp#27;[0m&amp#27;[32m▓&amp#27;[0m&amp#27;[32m█&amp#27;[0m&amp#27;[32m▓&amp#27;[0m&amp#27;[34m▓&amp#27;[0m&amp#27;[34m▓&amp#27;[0m&amp#27;[34m▓&amp#27;[0m&amp#27;[32m▒&amp#27;[0m&amp#27;[34m▓&amp#27;[0m&amp#27;[34m▓&amp#27;[0m&amp#27;[34m▓&amp#27;[0m&amp#27;[32m▒&amp#27;[0m&amp#27;[34m▓&amp#27;[0m&amp#27;[34m▓&amp#27;[0m&amp#27;[34m▓&amp#27;[0m&amp#27;[32m░&amp#27;[0m&amp#27;[32m░&amp#27;[0m&amp#27;[32m░&amp#27;[0m&amp#27;[34m▓&amp#27;[0m&amp#27;[34m▓&amp#27;[0m&amp#27;[34m▓&amp#27;[0m&amp#27;[32m░&amp#27;[0m&amp#27;[32m░&amp#27;[0m&amp#27;[32m░&amp#27;[0m&amp#27;[32m░&amp#27;[0m&amp#27;[32m▒&amp#27;[0m&amp#27;[32m░&amp#27;[0m&amp#27;[32m░&amp#27;[0m&amp#27;[32m░&amp#27;[0m&amp#27;[32m░&amp#27;[0m&amp#27;[32m░&amp#27;[0m&amp#27;[32m░&amp#27;[0m&amp#27;[32m▒&amp#27;[0m&amp#27;[32m▒&amp#27;[0m&amp#27;[32m░&amp#27;[0m&amp#27;[32m▒&amp#27;[0m&amp#27;[32m▓&amp#27;[0m&amp#27;[32m▓&amp#27;[0m&amp#27;[32m▓&amp#27;[0m&amp#27;[32m▒&amp#27;[0m&amp#27;[32m▓&amp#27;[0m&amp#27;[32m▓&amp#27;[0m&amp#27;[32m█&amp#27;[0m&amp#27;[32m▓&amp#27;[0m&amp#27;[32m▓&amp#27;[0m&amp#27;[32m▓&amp#27;[0m&amp#27;[32m▓&amp#27;[0m&amp#27;[32m▓&amp#27;[0m&amp#27;[32m▓&amp#27;[0m&amp#27;[32m▓&amp#27;[0m&amp#27;[32m▓&amp#27;[0m&amp#27;[34m▓&amp#27;[0m&amp#27;[32m▒&amp#27;[0m&amp#27;[33m▓&amp#27;[0m&amp#27;[33m▓&amp#27;[0m&amp#27;[33m▓&amp#27;[0m&amp#27;[33m▓&amp#27;[0m&amp#27;[33m▓&amp#27;[0m&amp#27;[32m▒&amp#27;[0m&amp#27;[33m▓&amp#27;[0m&amp#27;[33m▓&amp#27;[0m&amp#27;[33m▓&amp#27;[0m&amp#27;[33m▓&amp#27;[0m&amp#27;[33m▓&amp#27;[0m&amp#27;[34m▓&amp#27;[0m&amp#27;[34m▓&amp#27;[0m&amp#27;[33m▓&amp#27;[0m&amp#27;[33m▓&amp#27;[0m&amp#27;[32m▒&amp#27;[0m&amp#27;[32m▒&amp#27;[0m&amp#27;[33m▓&amp#27;[0m&amp#27;[33m▓&amp#27;[0m&amp#27;[33m▓&amp#27;[0m&amp#27;[32m█&amp#27;[0m&amp#27;[32m█&amp#27;[0m&amp#27;[32m█&amp#27;[0m&amp#27;[32m█&amp#27;[0m&amp#27;[32m█&amp#27;[0m&amp#27;[32m█&amp#27;[0m&amp#27;[32m█&amp#27;[0m&amp#27;[32m█&amp#27;[0m&amp#27;[32m▓&amp#27;[0m&amp#27;[32m▓&amp#27;[0m&amp#27;[32m▓&amp#27;[0m&amp#27;[32m▓&amp#27;[0m&amp#27;[32m▓&amp#27;[0m&amp#27;[32m▓&amp#27;[0m&amp#27;[32m▓&amp#27;[0m&amp#27;[32m▓&amp#27;[0m&amp#27;[32m▓&amp#27;[0m&amp#27;[32m▓&amp#27;[0m&amp#27;[32m▒&amp#27;[0m&amp#27;[32m▓&amp#27;[0m&amp#27;[32m▓&amp#27;[0m&amp#27;[32m▓&amp#27;[0m&amp#27;[32m▓&amp#27;[0m&amp#27;[32m▓&amp#27;[0m&amp#27;[32m▓&amp#27;[0m&amp#27;[32m▓&amp#27;[0m&amp#27;[32m▓&amp#27;[0m&amp#27;[32m▒&amp#27;[0m&amp#27;[32m▓&amp#27;[0m&amp#27;[32m▓&amp#27;[0m&amp#27;[32m▒&amp#27;[0m&amp#27;[32m▓&amp#27;[0m&amp#27;[32m▓&amp#27;[0m&amp#27;[32m▓&amp#27;[0m&amp#27;[32m▓&amp#27;[0m&amp#27;[32m▓&amp#27;[0m&amp#27;[32m▓&amp#27;[0m&amp#27;[32m▓&amp#27;[0m&amp#27;[32m▓&amp#27;[0m&amp#27;[32m▓&amp#27;[0m&amp#27;[32m█&amp#27;[0m&amp#27;[32m▓&amp#27;[0m&amp#27;[32m▓&amp#27;[0m&amp#27;[33m▓&amp#27;[0m&amp#27;[33m▓&amp#27;[0m&amp#27;[33m▓&amp#27;[0m&amp#27;[33m▓&amp#27;[0m&amp#27;[33m▓&amp#27;[0m&amp#27;[33m▓&amp#27;[0m&amp#27;[33m▓&amp#27;[0m&amp#27;[33m▓&amp#27;[0m&amp#27;[34m▓&amp#27;[0m&amp#27;[32m▓&amp#27;[0m&amp#27;[32m▓&amp#27;[0m&amp#27;[32m▓&amp#27;[0m&amp#27;[32m▓&amp#27;[0m&amp#27;[32m▓&amp#27;[0m&amp#27;[32m▓&amp#27;[0m&amp#27;[32m▓&amp#27;[0m&amp#27;[32m▓&amp#27;[0m&amp#27;[32m▓&amp#27;[0m&amp#27;[32m▓&amp#27;[0m&amp#27;[32m█&amp#27;[0m&amp#27;[32m▓&amp#27;[0m&amp#27;[34m▓&amp#27;[0m&amp#27;[34m▓&amp#27;[0m&amp#27;[34m▓&amp#27;[0m&amp#27;[34m▓&amp#27;[0m&amp#27;[34m▓&amp#27;[0m&amp#27;[34m▓&amp#27;[0m&amp#27;[34m▓&amp#27;[0m&amp#27;[34m▓&amp#27;[0m&amp#27;[34m▓&amp#27;[0m&amp#27;[34m▓&amp#27;[0m&amp#27;[34m▓&amp#27;[0m&amp#27;[34m▓&amp#27;[0m&amp#27;[34m▓&amp#27;[0m&amp#27;[34m▓&amp#27;[0m&amp#27;[34m▓&amp#27;[0m&amp#27;[34m▓&amp#27;[0m&amp#27;[34m▓&amp#27;[0m&amp#27;[34m▓&amp#27;[0m&amp#27;[34m▓&amp#27;[0m&amp#27;[34m▓&amp#27;[0m&amp#27;[34m▓&amp#27;[0m&amp#27;[34m▓&amp#27;[0m&amp#27;[34m▓&amp#27;[0m&amp#27;[34m▓&amp#27;[0m&amp#27;[34m▓&amp#27;[0m&amp#27;[34m▓&amp#27;[0m&amp#27;[32m▓&amp#27;[0m&amp#27;[34m▓&amp#27;[0m&amp#27;[34m▓&amp#27;[0m&amp#27;[34m▓&amp#27;[0m&amp#27;[32m░&amp#27;[0m&amp#27;[32m░&amp#27;[0m&amp#27;[32m░&amp#27;[0m&amp#27;[32m░&amp#27;[0m&amp#27;[32m░&amp#27;[0m&amp#27;[32m░&amp#27;[0m&amp#27;[32m█&amp#27;[0m&amp#27;[33m▓&amp#27;[0m&amp#27;[32m█&amp#27;[0m&amp#27;[32m█&amp#27;[0m&amp#27;[32m█&amp#27;[0m
&amp#27;[33m▓&amp#27;[0m&amp#27;[34m▓&amp#27;[0m&amp#27;[34m▓&amp#27;[0m&amp#27;[34m▓&amp#27;[0m&amp#27;[34m▓&amp#27;[0m&amp#27;[34m▓&amp#27;[0m&amp#27;[34m▓&amp#27;[0m&amp#27;[34m▓&amp#27;[0m&amp#27;[34m▓&amp#27;[0m&amp#27;[33m▓&amp#27;[0m&amp#27;[33m▓&amp#27;[0m&amp#27;[33m▓&amp#27;[0m&amp#27;[34m▓&amp#27;[0m&amp#27;[32m░&amp#27;[0m&amp#27;[32m░&amp#27;[0m&amp#27;[33m▓&amp#27;[0m&amp#27;[33m▓&amp#27;[0m&amp#27;[33m▓&amp#27;[0m&amp#27;[33m▓&amp#27;[0m&amp#27;[32m░&amp#27;[0m&amp#27;[32m▓&amp#27;[0m&amp#27;[32m▓&amp#27;[0m&amp#27;[33m▓&amp#27;[0m&amp#27;[32m▓&amp#27;[0m&amp#27;[33m▓&amp#27;[0m&amp#27;[32m▓&amp#27;[0m&amp#27;[32m▓&amp#27;[0m&amp#27;[32m░&amp#27;[0m&amp#27;[32m░&amp#27;[0m&amp#27;[32m░&amp#27;[0m&amp#27;[32m░&amp#27;[0m&amp#27;[33m▓&amp#27;[0m&amp#27;[33m▓&amp#27;[0m&amp#27;[32m░&amp#27;[0m&amp#27;[32m░&amp#27;[0m&amp#27;[32m░&amp#27;[0m&amp#27;[32m░&amp#27;[0m&amp#27;[32m░&amp#27;[0m&amp#27;[32m░&amp#27;[0m&amp#27;[34m▓&amp#27;[0m&amp#27;[34m▓&amp#27;[0m&amp#27;[34m▓&amp#27;[0m&amp#27;[33m▓&amp#27;[0m&amp#27;[32m▓&amp#27;[0m&amp#27;[32m▓&amp#27;[0m&amp#27;[32m▓&amp#27;[0m&amp#27;[32m▓&amp#27;[0m&amp#27;[32m▓&amp#27;[0m&amp#27;[32m▓&amp#27;[0m&amp#27;[32m▓&amp#27;[0m&amp#27;[32m▒&amp#27;[0m&amp#27;[32m▒&amp#27;[0m&amp#27;[32m▓&amp#27;[0m&amp#27;[32m▓&amp#27;[0m&amp#27;[32m▒&amp#27;[0m&amp#27;[32m▒&amp#27;[0m&amp#27;[33m▓&amp#27;[0m&amp#27;[32m█&amp#27;[0m&amp#27;[32m▓&amp#27;[0m&amp#27;[32m▓&amp#27;[0m&amp#27;[32m▓&amp#27;[0m&amp#27;[32m▒&amp#27;[0m&amp#27;[32m▒&amp#27;[0m&amp#27;[32m▒&amp#27;[0m&amp#27;[32m▓&amp#27;[0m&amp#27;[32m▓&amp#27;[0m&amp#27;[34m▓&amp#27;[0m&amp#27;[34m▓&amp#27;[0m&amp#27;[34m▓&amp#27;[0m&amp#27;[32m▓&amp#27;[0m&amp#27;[32m▓&amp#27;[0m&amp#27;[32m▓&amp#27;[0m&amp#27;[32m▓&amp#27;[0m&amp#27;[32m▓&amp#27;[0m&amp#27;[32m▒&amp#27;[0m&amp#27;[32m▓&amp#27;[0m&amp#27;[32m▒&amp#27;[0m&amp#27;[32m▒&amp#27;[0m&amp#27;[32m▓&amp#27;[0m&amp#27;[32m▒&amp#27;[0m&amp#27;[34m▓&amp#27;[0m&amp#27;[34m▓&amp#27;[0m&amp#27;[34m▓&amp#27;[0m&amp#27;[34m▓&amp#27;[0m&amp#27;[32m▒&amp#27;[0m&amp#27;[33m▓&amp#27;[0m&amp#27;[32m▒&amp#27;[0m&amp#27;[34m▓&amp#27;[0m&amp#27;[32m▒&amp#27;[0m&amp#27;[32m█&amp#27;[0m&amp#27;[32m▒&amp#27;[0m&amp#27;[32m█&amp#27;[0m&amp#27;[32m█&amp#27;[0m&amp#27;[32m▒&amp#27;[0m&amp#27;[32m█&amp#27;[0m&amp#27;[32m▒&amp#27;[0m&amp#27;[32m█&amp#27;[0m&amp#27;[32m▒&amp#27;[0m&amp#27;[34m▓&amp#27;[0m&amp#27;[32m▒&amp#27;[0m&amp#27;[34m▓&amp#27;[0m&amp#27;[34m▓&amp#27;[0m&amp#27;[34m▓&amp#27;[0m&amp#27;[34m▓&amp#27;[0m&amp#27;[34m▓&amp#27;[0m&amp#27;[34m▓&amp#27;[0m&amp#27;[34m▓&amp#27;[0m&amp#27;[34m▓&amp#27;[0m&amp#27;[34m▓&amp#27;[0m&amp#27;[34m▓&amp#27;[0m&amp#27;[32m▓&amp#27;[0m&amp#27;[32m▓&amp#27;[0m&amp#27;[32m▓&amp#27;[0m&amp#27;[34m▓&amp#27;[0m&amp#27;[34m▓&amp#27;[0m&amp#27;[32m▓&amp#27;[0m&amp#27;[32m▓&amp#27;[0m&amp#27;[32m▓&amp#27;[0m&amp#27;[32m▓&amp#27;[0m&amp#27;[32m▓&amp#27;[0m&amp#27;[32m▓&amp#27;[0m&amp#27;[32m▓&amp#27;[0m&amp#27;[32m▒&amp#27;[0m&amp#27;[32m▒&amp#27;[0m&amp#27;[32m▓&amp#27;[0m&amp#27;[32m▓&amp#27;[0m&amp#27;[32m▒&amp#27;[0m&amp#27;[34m▓&amp#27;[0m&amp#27;[34m▓&amp#27;[0m&amp#27;[33m▓&amp#27;[0m&amp#27;[34m▓&amp#27;[0m&amp#27;[34m▓&amp#27;[0m&amp#27;[34m▓&amp#27;[0m&amp#27;[34m▓&amp#27;[0m&amp#27;[32m▒&amp#27;[0m&amp#27;[32m░&amp#27;[0m&amp#27;[32m░&amp#27;[0m&amp#27;[32m░&amp#27;[0m&amp#27;[32m░&amp#27;[0m&amp#27;[32m▒&amp#27;[0m&amp#27;[34m▓&amp#27;[0m&amp#27;[32m▒&amp#27;[0m&amp#27;[32m▒&amp#27;[0m&amp#27;[32m░&amp#27;[0m&amp#27;[32m░&amp#27;[0m&amp#27;[32m░&amp#27;[0m&amp#27;[32m░&amp#27;[0m&amp#27;[32m░&amp#27;[0m&amp#27;[32m░&amp#27;[0m&amp#27;[32m▒&amp#27;[0m&amp#27;[32m▒&amp#27;[0m&amp#27;[32m░&amp#27;[0m&amp#27;[32m░&amp#27;[0m&amp#27;[32m▓&amp#27;[0m&amp#27;[32m░&amp#27;[0m&amp#27;[32m▒&amp#27;[0m&amp#27;[32m░&amp#27;[0m&amp#27;[32m▒&amp#27;[0m&amp#27;[32m▒&amp#27;[0m&amp#27;[32m░&amp#27;[0m&amp#27;[32m░&amp#27;[0m&amp#27;[32m▓&amp#27;[0m&amp#27;[32m▓&amp#27;[0m&amp#27;[32m▓&amp#27;[0m&amp#27;[32m▓&amp#27;[0m&amp#27;[33m▓&amp#27;[0m&amp#27;[33m▓&amp#27;[0m&amp#27;[33m▓&amp#27;[0m&amp#27;[32m▓&amp#27;[0m&amp#27;[32m▓&amp#27;[0m&amp#27;[32m▓&amp#27;[0m&amp#27;[32m▓&amp#27;[0m&amp#27;[32m▒&amp#27;[0m&amp#27;[34m▓&amp#27;[0m&amp#27;[32m█&amp#27;[0m&amp#27;[32m▒&amp#27;[0m&amp#27;[33m▓&amp#27;[0m&amp#27;[33m▓&amp#27;[0m&amp#27;[33m▓&amp#27;[0m&amp#27;[33m▓&amp#27;[0m&amp#27;[33m▓&amp#27;[0m&amp#27;[33m▓&amp#27;[0m&amp#27;[33m▓&amp#27;[0m&amp#27;[33m▓&amp#27;[0m&amp#27;[33m▓&amp#27;[0m&amp#27;[33m▓&amp#27;[0m&amp#27;[34m▓&amp#27;[0m&amp#27;[34m▓&amp#27;[0m&amp#27;[32m▒&amp#27;[0m&amp#27;[33m▓&amp#27;[0m&amp#27;[33m▓&amp#27;[0m&amp#27;[32m▒&amp#27;[0m&amp#27;[33m▓&amp#27;[0m&amp#27;[33m▓&amp#27;[0m&amp#27;[32m█&amp#27;[0m&amp#27;[32m▒&amp#27;[0m&amp#27;[32m█&amp#27;[0m&amp#27;[32m█&amp#27;[0m&amp#27;[32m█&amp#27;[0m&amp#27;[32m█&amp#27;[0m&amp#27;[32m█&amp#27;[0m&amp#27;[32m▒&amp#27;[0m&amp#27;[32m▒&amp#27;[0m&amp#27;[32m█&amp#27;[0m&amp#27;[32m▓&amp#27;[0m&amp#27;[32m▓&amp#27;[0m&amp#27;[32m▓&amp#27;[0m&amp#27;[32m▓&amp#27;[0m&amp#27;[32m▓&amp#27;[0m&amp#27;[33m▓&amp#27;[0m&amp#27;[32m▒&amp#27;[0m&amp#27;[32m▓&amp#27;[0m&amp#27;[32m▓&amp#27;[0m&amp#27;[32m▓&amp#27;[0m&amp#27;[32m▓&amp#27;[0m&amp#27;[32m▓&amp#27;[0m&amp#27;[32m▓&amp#27;[0m&amp#27;[32m▒&amp#27;[0m&amp#27;[32m▒&amp#27;[0m&amp#27;[32m▓&amp#27;[0m&amp#27;[32m▓&amp#27;[0m&amp#27;[32m▓&amp#27;[0m&amp#27;[32m▓&amp#27;[0m&amp#27;[32m▓&amp#27;[0m&amp#27;[32m▓&amp#27;[0m&amp#27;[32m▓&amp#27;[0m&amp#27;[32m▓&amp#27;[0m&amp#27;[32m▓&amp#27;[0m&amp#27;[32m▓&amp#27;[0m&amp#27;[32m▓&amp#27;[0m&amp#27;[32m▓&amp#27;[0m&amp#27;[32m▓&amp#27;[0m&amp#27;[32m▓&amp#27;[0m&amp#27;[32m▓&amp#27;[0m&amp#27;[32m▒&amp#27;[0m&amp#27;[32m▓&amp#27;[0m&amp#27;[32m▓&amp#27;[0m&amp#27;[33m▓&amp#27;[0m&amp#27;[33m▓&amp#27;[0m&amp#27;[33m▓&amp#27;[0m&amp#27;[33m▓&amp#27;[0m&amp#27;[33m▓&amp#27;[0m&amp#27;[33m▓&amp#27;[0m&amp#27;[33m▓&amp#27;[0m&amp#27;[32m▒&amp#27;[0m&amp#27;[33m▓&amp#27;[0m&amp#27;[34m▓&amp#27;[0m&amp#27;[32m▓&amp#27;[0m&amp#27;[32m▓&amp#27;[0m&amp#27;[32m▓&amp#27;[0m&amp#27;[32m▓&amp#27;[0m&amp#27;[32m▓&amp#27;[0m&amp#27;[32m▓&amp#27;[0m&amp#27;[32m▓&amp#27;[0m&amp#27;[32m▓&amp#27;[0m&amp#27;[32m▓&amp#27;[0m&amp#27;[32m▒&amp#27;[0m&amp#27;[32m▓&amp#27;[0m&amp#27;[33m▓&amp#27;[0m&amp#27;[32m█&amp#27;[0m&amp#27;[34m▓&amp#27;[0m&amp#27;[34m▓&amp#27;[0m&amp#27;[34m▓&amp#27;[0m&amp#27;[34m▓&amp#27;[0m&amp#27;[34m▓&amp#27;[0m&amp#27;[34m▓&amp#27;[0m&amp#27;[34m▓&amp#27;[0m&amp#27;[34m▓&amp#27;[0m&amp#27;[34m▓&amp#27;[0m&amp#27;[33m▓&amp#27;[0m&amp#27;[34m▓&amp#27;[0m&amp#27;[34m▓&amp#27;[0m&amp#27;[34m▓&amp#27;[0m&amp#27;[34m▓&amp#27;[0m&amp#27;[34m▓&amp#27;[0m&amp#27;[34m▓&amp#27;[0m&amp#27;[32m▒&amp#27;[0m&amp#27;[34m▓&amp#27;[0m&amp#27;[34m▓&amp#27;[0m&amp#27;[34m▓&amp#27;[0m&amp#27;[34m▓&amp#27;[0m&amp#27;[34m▓&amp#27;[0m&amp#27;[34m▓&amp#27;[0m&amp#27;[34m▓&amp#27;[0m&amp#27;[34m▓&amp#27;[0m&amp#27;[34m▓&amp#27;[0m&amp#27;[34m▓&amp#27;[0m&amp#27;[34m▓&amp#27;[0m&amp#27;[32m░&amp#27;[0m&amp#27;[32m░&amp#27;[0m&amp#27;[32m░&amp#27;[0m&amp#27;[32m░&amp#27;[0m&amp#27;[32m░&amp#27;[0m&amp#27;[32m░&amp#27;[0m&amp#27;[32m░&amp#27;[0m&amp#27;[32m░&amp#27;[0m&amp#27;[32m█&amp#27;[0m&amp#27;[32m█&amp#27;[0m&amp#27;[32m█&amp#27;[0m&amp#27;[32m░&amp#27;[0m
&amp#27;[34m▓&amp#27;[0m&amp#27;[33m▓&amp#27;[0m&amp#27;[34m▓&amp#27;[0m&amp#27;[34m▓&amp#27;[0m&amp#27;[34m▓&amp#27;[0m&amp#27;[34m▓&amp#27;[0m&amp#27;[34m▓&amp#27;[0m&amp#27;[34m▓&amp#27;[0m&amp#27;[34m▓&amp#27;[0m&amp#27;[34m▓&amp#27;[0m&amp#27;[33m▓&amp#27;[0m&amp#27;[34m▓&amp#27;[0m&amp#27;[33m▓&amp#27;[0m&amp#27;[33m▓&amp#27;[0m&amp#27;[32m░&amp#27;[0m&amp#27;[32m░&amp#27;[0m&amp#27;[32m░&amp#27;[0m&amp#27;[32m░&amp#27;[0m&amp#27;[32m░&amp#27;[0m&amp#27;[34m▓&amp#27;[0m&amp#27;[33m▓&amp#27;[0m&amp#27;[32m▓&amp#27;[0m&amp#27;[32m▓&amp#27;[0m&amp#27;[32m▓&amp#27;[0m&amp#27;[32m▓&amp#27;[0m&amp#27;[33m▓&amp#27;[0m&amp#27;[32m▓&amp#27;[0m&amp#27;[33m▓&amp#27;[0m&amp#27;[32m░&amp#27;[0m&amp#27;[32m░&amp#27;[0m&amp#27;[32m░&amp#27;[0m&amp#27;[32m░&amp#27;[0m&amp#27;[33m▓&amp#27;[0m&amp#27;[33m▓&amp#27;[0m&amp#27;[33m▓&amp#27;[0m&amp#27;[32m░&amp#27;[0m&amp#27;[32m░&amp#27;[0m&amp#27;[32m░&amp#27;[0m&amp#27;[32m░&amp#27;[0m&amp#27;[32m░&amp#27;[0m&amp#27;[34m▓&amp#27;[0m&amp#27;[34m▓&amp#27;[0m&amp#27;[33m▓&amp#27;[0m&amp#27;[33m▓&amp#27;[0m&amp#27;[32m▓&amp#27;[0m&amp#27;[32m▓&amp#27;[0m&amp#27;[32m▓&amp#27;[0m&amp#27;[32m▓&amp#27;[0m&amp#27;[32m▓&amp#27;[0m&amp#27;[32m▓&amp#27;[0m&amp#27;[32m▓&amp#27;[0m&amp#27;[32m▒&amp#27;[0m&amp#27;[32m▓&amp#27;[0m&amp#27;[32m▓&amp#27;[0m&amp#27;[32m▓&amp#27;[0m&amp#27;[32m▓&amp#27;[0m&amp#27;[32m▓&amp#27;[0m&amp#27;[32m▒&amp#27;[0m&amp#27;[32m▒&amp#27;[0m&amp#27;[32m▒&amp#27;[0m&amp#27;[32m▓&amp#27;[0m&amp#27;[32m▓&amp#27;[0m&amp#27;[32m█&amp#27;[0m&amp#27;[32m▒&amp#27;[0m&amp#27;[33m▓&amp#27;[0m&amp#27;[32m▒&amp#27;[0m&amp#27;[34m▓&amp#27;[0m&amp#27;[34m▓&amp#27;[0m&amp#27;[34m▓&amp#27;[0m&amp#27;[34m▓&amp#27;[0m&amp#27;[34m▓&amp#27;[0m&amp#27;[34m▓&amp#27;[0m&amp#27;[32m▒&amp#27;[0m&amp#27;[34m▓&amp#27;[0m&amp#27;[34m▓&amp#27;[0m&amp#27;[34m▓&amp#27;[0m&amp#27;[32m░&amp#27;[0m&amp#27;[32m░&amp#27;[0m&amp#27;[34m▓&amp#27;[0m&amp#27;[32m▒&amp#27;[0m&amp#27;[34m▓&amp#27;[0m&amp#27;[34m▓&amp#27;[0m&amp#27;[34m▓&amp#27;[0m&amp#27;[34m▓&amp#27;[0m&amp#27;[32m▒&amp#27;[0m&amp#27;[34m▓&amp#27;[0m&amp#27;[34m▓&amp#27;[0m&amp#27;[34m▓&amp#27;[0m&amp#27;[34m▓&amp#27;[0m&amp#27;[32m█&amp#27;[0m&amp#27;[32m█&amp#27;[0m&amp#27;[32m█&amp#27;[0m&amp#27;[32m█&amp#27;[0m&amp#27;[32m█&amp#27;[0m&amp#27;[32m█&amp#27;[0m&amp#27;[32m▒&amp#27;[0m&amp#27;[32m█&amp#27;[0m&amp#27;[32m▒&amp#27;[0m&amp#27;[34m▓&amp#27;[0m&amp#27;[32m▒&amp#27;[0m&amp#27;[32m▒&amp#27;[0m&amp#27;[34m▓&amp#27;[0m&amp#27;[34m▓&amp#27;[0m&amp#27;[32m▒&amp#27;[0m&amp#27;[34m▓&amp#27;[0m&amp#27;[34m▓&amp#27;[0m&amp#27;[32m▒&amp#27;[0m&amp#27;[32m▒&amp#27;[0m&amp#27;[32m▒&amp#27;[0m&amp#27;[32m░&amp#27;[0m&amp#27;[32m▒&amp#27;[0m&amp#27;[32m▒&amp#27;[0m&amp#27;[32m░&amp#27;[0m&amp#27;[32m░&amp#27;[0m&amp#27;[32m▓&amp#27;[0m&amp#27;[32m▒&amp#27;[0m&amp#27;[32m▒&amp#27;[0m&amp#27;[32m▓&amp#27;[0m&amp#27;[32m▒&amp#27;[0m&amp#27;[32m▓&amp#27;[0m&amp#27;[32m▒&amp#27;[0m&amp#27;[32m▓&amp#27;[0m&amp#27;[32m▓&amp#27;[0m&amp#27;[32m▓&amp#27;[0m&amp#27;[32m▓&amp#27;[0m&amp#27;[32m▓&amp#27;[0m&amp#27;[32m▒&amp#27;[0m&amp#27;[32m▓&amp#27;[0m&amp#27;[32m▒&amp#27;[0m&amp#27;[33m▓&amp#27;[0m&amp#27;[33m▓&amp#27;[0m&amp#27;[32m░&amp#27;[0m&amp#27;[34m▓&amp#27;[0m&amp#27;[34m▓&amp#27;[0m&amp#27;[34m▓&amp#27;[0m&amp#27;[34m▓&amp#27;[0m&amp#27;[32m▒&amp#27;[0m&amp#27;[32m░&amp#27;[0m&amp#27;[32m░&amp#27;[0m&amp#27;[32m▒&amp#27;[0m&amp#27;[34m▓&amp#27;[0m&amp#27;[34m▓&amp#27;[0m&amp#27;[32m░&amp#27;[0m&amp#27;[32m░&amp#27;[0m&amp#27;[32m░&amp#27;[0m&amp#27;[32m░&amp#27;[0m&amp#27;[32m▒&amp#27;[0m&amp#27;[32m░&amp#27;[0m&amp#27;[32m░&amp#27;[0m&amp#27;[32m░&amp#27;[0m&amp#27;[32m░&amp#27;[0m&amp#27;[32m░&amp#27;[0m&amp#27;[32m▓&amp#27;[0m&amp#27;[32m▓&amp#27;[0m&amp#27;[32m▓&amp#27;[0m&amp#27;[32m░&amp#27;[0m&amp#27;[32m░&amp#27;[0m&amp#27;[32m░&amp#27;[0m&amp#27;[32m▒&amp#27;[0m&amp#27;[32m░&amp#27;[0m&amp#27;[32m▒&amp#27;[0m&amp#27;[32m▓&amp#27;[0m&amp#27;[32m▓&amp#27;[0m&amp#27;[32m▒&amp#27;[0m&amp#27;[33m▓&amp#27;[0m&amp#27;[33m▓&amp#27;[0m&amp#27;[33m▓&amp#27;[0m&amp#27;[33m▓&amp#27;[0m&amp#27;[32m▒&amp#27;[0m&amp#27;[32m▒&amp#27;[0m&amp#27;[32m▓&amp#27;[0m&amp#27;[32m▓&amp#27;[0m&amp#27;[34m▓&amp#27;[0m&amp#27;[34m▓&amp#27;[0m&amp#27;[34m▓&amp#27;[0m&amp#27;[33m▓&amp#27;[0m&amp#27;[32m▒&amp#27;[0m&amp#27;[33m▓&amp#27;[0m&amp#27;[33m▓&amp#27;[0m&amp#27;[33m▓&amp#27;[0m&amp#27;[33m▓&amp#27;[0m&amp#27;[33m▓&amp#27;[0m&amp#27;[33m▓&amp#27;[0m&amp#27;[33m▓&amp#27;[0m&amp#27;[33m▓&amp#27;[0m&amp#27;[33m▓&amp#27;[0m&amp#27;[34m▓&amp#27;[0m&amp#27;[32m▓&amp#27;[0m&amp#27;[34m▓&amp#27;[0m&amp#27;[34m▓&amp#27;[0m&amp#27;[34m▓&amp#27;[0m&amp#27;[32m█&amp#27;[0m&amp#27;[32m▒&amp#27;[0m&amp#27;[32m█&amp#27;[0m&amp#27;[32m█&amp#27;[0m&amp#27;[32m█&amp#27;[0m&amp#27;[32m█&amp#27;[0m&amp#27;[32m▒&amp#27;[0m&amp#27;[32m▒&amp#27;[0m&amp#27;[32m█&amp#27;[0m&amp#27;[32m█&amp#27;[0m&amp#27;[32m█&amp#27;[0m&amp#27;[32m▒&amp#27;[0m&amp#27;[32m█&amp#27;[0m&amp#27;[32m▒&amp#27;[0m&amp#27;[32m▒&amp#27;[0m&amp#27;[32m▓&amp#27;[0m&amp#27;[32m▓&amp#27;[0m&amp#27;[32m▓&amp#27;[0m&amp#27;[32m▓&amp#27;[0m&amp#27;[32m▒&amp#27;[0m&amp#27;[32m▓&amp#27;[0m&amp#27;[32m▓&amp#27;[0m&amp#27;[32m▓&amp#27;[0m&amp#27;[32m▓&amp#27;[0m&amp#27;[32m▓&amp#27;[0m&amp#27;[32m▓&amp#27;[0m&amp#27;[32m▓&amp#27;[0m&amp#27;[32m▓&amp#27;[0m&amp#27;[32m▓&amp#27;[0m&amp#27;[32m▓&amp#27;[0m&amp#27;[32m▓&amp#27;[0m&amp#27;[32m▓&amp#27;[0m&amp#27;[32m▓&amp#27;[0m&amp#27;[32m▓&amp#27;[0m&amp#27;[32m▓&amp#27;[0m&amp#27;[32m▓&amp#27;[0m&amp#27;[32m▓&amp#27;[0m&amp#27;[32m▓&amp#27;[0m&amp#27;[32m▓&amp#27;[0m&amp#27;[32m▓&amp#27;[0m&amp#27;[32m▓&amp#27;[0m&amp#27;[32m▓&amp#27;[0m&amp#27;[32m▓&amp#27;[0m&amp#27;[32m▒&amp#27;[0m&amp#27;[32m▓&amp#27;[0m&amp#27;[33m▓&amp#27;[0m&amp#27;[33m▓&amp#27;[0m&amp#27;[33m▓&amp#27;[0m&amp#27;[33m▓&amp#27;[0m&amp#27;[32m▒&amp#27;[0m&amp#27;[33m▓&amp#27;[0m&amp#27;[33m▓&amp#27;[0m&amp#27;[33m▓&amp#27;[0m&amp#27;[33m▓&amp#27;[0m&amp#27;[33m▓&amp#27;[0m&amp#27;[34m▓&amp#27;[0m&amp#27;[34m▓&amp#27;[0m&amp#27;[32m▒&amp#27;[0m&amp#27;[32m▓&amp#27;[0m&amp#27;[32m▓&amp#27;[0m&amp#27;[32m▓&amp#27;[0m&amp#27;[32m▓&amp#27;[0m&amp#27;[32m▓&amp#27;[0m&amp#27;[32m▓&amp#27;[0m&amp#27;[32m▓&amp#27;[0m&amp#27;[32m█&amp#27;[0m&amp#27;[32m▓&amp#27;[0m&amp#27;[34m▓&amp#27;[0m&amp#27;[34m▓&amp#27;[0m&amp#27;[34m▓&amp#27;[0m&amp#27;[32m▒&amp#27;[0m&amp#27;[34m▓&amp#27;[0m&amp#27;[32m▒&amp#27;[0m&amp#27;[32m▒&amp#27;[0m&amp#27;[34m▓&amp#27;[0m&amp#27;[34m▓&amp#27;[0m&amp#27;[34m▓&amp#27;[0m&amp#27;[34m▓&amp#27;[0m&amp#27;[34m▓&amp#27;[0m&amp#27;[34m▓&amp#27;[0m&amp#27;[34m▓&amp#27;[0m&amp#27;[34m▓&amp#27;[0m&amp#27;[34m▓&amp#27;[0m&amp#27;[34m▓&amp#27;[0m&amp#27;[32m▓&amp#27;[0m&amp#27;[34m▓&amp#27;[0m&amp#27;[34m▓&amp#27;[0m&amp#27;[34m▓&amp#27;[0m&amp#27;[34m▓&amp#27;[0m&amp#27;[34m▓&amp#27;[0m&amp#27;[34m▓&amp#27;[0m&amp#27;[34m▓&amp#27;[0m&amp#27;[34m▓&amp#27;[0m&amp#27;[32m▓&amp#27;[0m&amp#27;[34m▓&amp#27;[0m&amp#27;[34m▓&amp#27;[0m&amp#27;[34m▓&amp#27;[0m&amp#27;[32m░&amp#27;[0m&amp#27;[32m░&amp#27;[0m&amp#27;[32m░&amp#27;[0m&amp#27;[32m░&amp#27;[0m&amp#27;[32m░&amp#27;[0m&amp#27;[32m░&amp#27;[0m&amp#27;[32m░&amp#27;[0m&amp#27;[32m░&amp#27;[0m&amp#27;[32m░&amp#27;[0m&amp#27;[32m▓&amp#27;[0m&amp#27;[32m░&amp#27;[0m&amp#27;[32m░&amp#27;[0m
&amp#27;[33m▓&amp#27;[0m&amp#27;[33m▓&amp#27;[0m&amp#27;[34m▓&amp#27;[0m&amp#27;[34m▓&amp#27;[0m&amp#27;[34m▓&amp#27;[0m&amp#27;[32m▓&amp#27;[0m&amp#27;[33m▓&amp#27;[0m&amp#27;[34m▓&amp#27;[0m&amp#27;[34m▓&amp#27;[0m&amp#27;[34m▓&amp#27;[0m&amp#27;[33m▓&amp#27;[0m&amp#27;[34m▓&amp#27;[0m&amp#27;[32m░&amp#27;[0m&amp#27;[32m░&amp#27;[0m&amp#27;[32m░&amp#27;[0m&amp#27;[32m░&amp#27;[0m&amp#27;[32m░&amp#27;[0m&amp#27;[33m▓&amp#27;[0m&amp#27;[32m▓&amp#27;[0m&amp#27;[34m▓&amp#27;[0m&amp#27;[32m▓&amp#27;[0m&amp#27;[33m▓&amp#27;[0m&amp#27;[32m▓&amp#27;[0m&amp#27;[32m▓&amp#27;[0m&amp#27;[32m█&amp#27;[0m&amp#27;[32m▓&amp#27;[0m&amp#27;[32m▓&amp#27;[0m&amp#27;[32m░&amp#27;[0m&amp#27;[33m▓&amp#27;[0m&amp#27;[32m░&amp#27;[0m&amp#27;[32m░&amp#27;[0m&amp#27;[32m░&amp#27;[0m&amp#27;[32m░&amp#27;[0m&amp#27;[33m▓&amp#27;[0m&amp#27;[33m▓&amp#27;[0m&amp#27;[33m▓&amp#27;[0m&amp#27;[33m▓&amp#27;[0m&amp#27;[32m░&amp#27;[0m&amp#27;[32m░&amp#27;[0m&amp#27;[33m▓&amp#27;[0m&amp#27;[34m▓&amp#27;[0m&amp#27;[34m▓&amp#27;[0m&amp#27;[33m▓&amp#27;[0m&amp#27;[33m▓&amp#27;[0m&amp#27;[32m▓&amp#27;[0m&amp#27;[32m▓&amp#27;[0m&amp#27;[32m▓&amp#27;[0m&amp#27;[33m▓&amp#27;[0m&amp#27;[32m▓&amp#27;[0m&amp#27;[32m▓&amp#27;[0m&amp#27;[32m▓&amp#27;[0m&amp#27;[32m▓&amp#27;[0m&amp#27;[32m▓&amp#27;[0m&amp#27;[32m▓&amp#27;[0m&amp#27;[32m▓&amp#27;[0m&amp#27;[32m▒&amp#27;[0m&amp#27;[32m▓&amp#27;[0m&amp#27;[32m▓&amp#27;[0m&amp#27;[32m▒&amp#27;[0m&amp#27;[32m▓&amp#27;[0m&amp#27;[32m▓&amp#27;[0m&amp#27;[32m▓&amp#27;[0m&amp#27;[32m▓&amp#27;[0m&amp#27;[34m▓&amp#27;[0m&amp#27;[34m▓&amp#27;[0m&amp#27;[32m▒&amp#27;[0m&amp#27;[32m▒&amp#27;[0m&amp#27;[32m▒&amp#27;[0m&amp#27;[34m▓&amp#27;[0m&amp#27;[32m▒&amp#27;[0m&amp#27;[34m▓&amp#27;[0m&amp#27;[34m▓&amp#27;[0m&amp#27;[32m░&amp#27;[0m&amp#27;[32m░&amp#27;[0m&amp#27;[34m▓&amp#27;[0m&amp#27;[34m▓&amp#27;[0m&amp#27;[34m▓&amp#27;[0m&amp#27;[32m█&amp#27;[0m&amp#27;[34m▓&amp#27;[0m&amp#27;[34m▓&amp#27;[0m&amp#27;[32m▒&amp#27;[0m&amp#27;[34m▓&amp#27;[0m&amp#27;[34m▓&amp#27;[0m&amp#27;[34m▓&amp#27;[0m&amp#27;[34m▓&amp#27;[0m&amp#27;[32m▒&amp#27;[0m&amp#27;[34m▓&amp#27;[0m&amp#27;[32m▒&amp#27;[0m&amp#27;[34m▓&amp#27;[0m&amp#27;[32m▒&amp#27;[0m&amp#27;[32m▒&amp#27;[0m&amp#27;[32m█&amp#27;[0m&amp#27;[32m█&amp#27;[0m&amp#27;[32m█&amp#27;[0m&amp#27;[32m█&amp#27;[0m&amp#27;[32m█&amp#27;[0m&amp#27;[32m█&amp#27;[0m&amp#27;[32m█&amp#27;[0m&amp#27;[32m█&amp#27;[0m&amp#27;[32m█&amp#27;[0m&amp#27;[34m▓&amp#27;[0m&amp#27;[32m▓&amp#27;[0m&amp#27;[33m▓&amp#27;[0m&amp#27;[33m▓&amp#27;[0m&amp#27;[33m▓&amp#27;[0m&amp#27;[34m▓&amp#27;[0m&amp#27;[34m▓&amp#27;[0m&amp#27;[32m░&amp#27;[0m&amp#27;[32m░&amp#27;[0m&amp#27;[32m░&amp#27;[0m&amp#27;[32m░&amp#27;[0m&amp#27;[32m░&amp#27;[0m&amp#27;[32m░&amp#27;[0m&amp#27;[32m▓&amp#27;[0m&amp#27;[32m▓&amp#27;[0m&amp#27;[32m▓&amp#27;[0m&amp#27;[32m▒&amp#27;[0m&amp#27;[32m▓&amp#27;[0m&amp#27;[32m▓&amp#27;[0m&amp#27;[32m▓&amp#27;[0m&amp#27;[32m▓&amp#27;[0m&amp#27;[32m▓&amp#27;[0m&amp#27;[32m▒&amp#27;[0m&amp#27;[32m▓&amp#27;[0m&amp#27;[32m▓&amp#27;[0m&amp#27;[32m▓&amp#27;[0m&amp#27;[32m▓&amp#27;[0m&amp#27;[32m▓&amp#27;[0m&amp#27;[32m▓&amp#27;[0m&amp#27;[32m▒&amp#27;[0m&amp#27;[34m▓&amp#27;[0m&amp#27;[32m░&amp#27;[0m&amp#27;[34m▓&amp#27;[0m&amp#27;[32m▓&amp#27;[0m&amp#27;[32m▓&amp#27;[0m&amp#27;[32m▓&amp#27;[0m&amp#27;[32m░&amp#27;[0m&amp#27;[32m░&amp#27;[0m&amp#27;[32m░&amp#27;[0m&amp#27;[34m▓&amp#27;[0m&amp#27;[34m▓&amp#27;[0m&amp#27;[32m░&amp#27;[0m&amp#27;[32m▒&amp#27;[0m&amp#27;[32m░&amp#27;[0m&amp#27;[32m░&amp#27;[0m&amp#27;[32m░&amp#27;[0m&amp#27;[32m░&amp#27;[0m&amp#27;[32m░&amp#27;[0m&amp#27;[32m░&amp#27;[0m&amp#27;[32m░&amp#27;[0m&amp#27;[32m▒&amp#27;[0m&amp#27;[32m░&amp#27;[0m&amp#27;[32m░&amp#27;[0m&amp#27;[32m▓&amp#27;[0m&amp#27;[32m░&amp#27;[0m&amp#27;[32m░&amp#27;[0m&amp#27;[32m░&amp#27;[0m&amp#27;[32m░&amp#27;[0m&amp#27;[32m░&amp#27;[0m&amp#27;[32m░&amp#27;[0m&amp#27;[32m░&amp#27;[0m&amp#27;[32m░&amp#27;[0m&amp#27;[32m▓&amp#27;[0m&amp#27;[33m▓&amp#27;[0m&amp#27;[33m▓&amp#27;[0m&amp#27;[32m▒&amp#27;[0m&amp#27;[33m▓&amp#27;[0m&amp#27;[33m▓&amp#27;[0m&amp#27;[33m▓&amp#27;[0m&amp#27;[32m▒&amp#27;[0m&amp#27;[32m▓&amp#27;[0m&amp#27;[34m▓&amp#27;[0m&amp#27;[34m▓&amp#27;[0m&amp#27;[34m▓&amp#27;[0m&amp#27;[32m▒&amp#27;[0m&amp#27;[33m▓&amp#27;[0m&amp#27;[33m▓&amp#27;[0m&amp#27;[33m▓&amp#27;[0m&amp#27;[33m▓&amp#27;[0m&amp#27;[33m▓&amp#27;[0m&amp#27;[33m▓&amp#27;[0m&amp#27;[33m▓&amp#27;[0m&amp#27;[33m▓&amp#27;[0m&amp#27;[33m▓&amp#27;[0m&amp#27;[33m▓&amp#27;[0m&amp#27;[33m▓&amp#27;[0m&amp#27;[34m▓&amp#27;[0m&amp#27;[34m▓&amp#27;[0m&amp#27;[32m░&amp#27;[0m&amp#27;[34m▓&amp#27;[0m&amp#27;[32m▒&amp#27;[0m&amp#27;[32m█&amp#27;[0m&amp#27;[32m█&amp#27;[0m&amp#27;[32m█&amp#27;[0m&amp#27;[32m▒&amp#27;[0m&amp#27;[32m█&amp#27;[0m&amp#27;[32m█&amp#27;[0m&amp#27;[32m█&amp#27;[0m&amp#27;[32m█&amp#27;[0m&amp#27;[32m█&amp#27;[0m&amp#27;[32m█&amp#27;[0m&amp#27;[32m█&amp#27;[0m&amp#27;[32m█&amp#27;[0m&amp#27;[32m█&amp#27;[0m&amp#27;[32m▓&amp#27;[0m&amp#27;[32m▒&amp#27;[0m&amp#27;[34m▓&amp#27;[0m&amp#27;[32m▓&amp#27;[0m&amp#27;[32m▓&amp#27;[0m&amp#27;[32m▓&amp#27;[0m&amp#27;[32m▓&amp#27;[0m&amp#27;[32m▓&amp#27;[0m&amp#27;[32m▓&amp#27;[0m&amp#27;[32m▓&amp#27;[0m&amp#27;[32m▓&amp#27;[0m&amp#27;[32m▓&amp#27;[0m&amp#27;[32m▓&amp#27;[0m&amp#27;[32m▓&amp#27;[0m&amp#27;[32m▓&amp#27;[0m&amp#27;[32m▓&amp#27;[0m&amp#27;[32m▓&amp#27;[0m&amp#27;[32m▓&amp#27;[0m&amp#27;[32m▓&amp#27;[0m&amp#27;[32m▓&amp#27;[0m&amp#27;[32m▓&amp#27;[0m&amp#27;[32m▓&amp#27;[0m&amp#27;[32m▓&amp#27;[0m&amp#27;[32m▓&amp#27;[0m&amp#27;[32m▓&amp#27;[0m&amp#27;[32m▓&amp#27;[0m&amp#27;[32m▓&amp#27;[0m&amp#27;[32m▓&amp#27;[0m&amp#27;[32m▓&amp#27;[0m&amp#27;[32m▓&amp#27;[0m&amp#27;[32m▓&amp#27;[0m&amp#27;[32m▓&amp#27;[0m&amp#27;[32m▒&amp#27;[0m&amp#27;[33m▓&amp#27;[0m&amp#27;[33m▓&amp#27;[0m&amp#27;[33m▓&amp#27;[0m&amp#27;[33m▓&amp#27;[0m&amp#27;[33m▓&amp#27;[0m&amp#27;[33m▓&amp#27;[0m&amp#27;[33m▓&amp#27;[0m&amp#27;[33m▓&amp#27;[0m&amp#27;[33m▓&amp#27;[0m&amp#27;[34m▓&amp#27;[0m&amp#27;[34m▓&amp#27;[0m&amp#27;[34m▓&amp#27;[0m&amp#27;[32m▓&amp#27;[0m&amp#27;[32m▓&amp#27;[0m&amp#27;[32m▓&amp#27;[0m&amp#27;[32m▓&amp#27;[0m&amp#27;[32m▓&amp#27;[0m&amp#27;[32m▓&amp#27;[0m&amp#27;[32m▓&amp#27;[0m&amp#27;[32m▓&amp#27;[0m&amp#27;[34m▓&amp#27;[0m&amp#27;[34m▓&amp#27;[0m&amp#27;[34m▓&amp#27;[0m&amp#27;[34m▓&amp#27;[0m&amp#27;[34m▓&amp#27;[0m&amp#27;[34m▓&amp#27;[0m&amp#27;[32m▓&amp#27;[0m&amp#27;[34m▓&amp#27;[0m&amp#27;[34m▓&amp#27;[0m&amp#27;[34m▓&amp#27;[0m&amp#27;[34m▓&amp#27;[0m&amp#27;[34m▓&amp#27;[0m&amp#27;[34m▓&amp#27;[0m&amp#27;[34m▓&amp#27;[0m&amp#27;[32m░&amp#27;[0m&amp#27;[34m▓&amp#27;[0m&amp#27;[34m▓&amp#27;[0m&amp#27;[32m▓&amp#27;[0m&amp#27;[32m▓&amp#27;[0m&amp#27;[32m▓&amp#27;[0m&amp#27;[34m▓&amp#27;[0m&amp#27;[34m▓&amp#27;[0m&amp#27;[34m▓&amp#27;[0m&amp#27;[34m▓&amp#27;[0m&amp#27;[34m▓&amp#27;[0m&amp#27;[34m▓&amp#27;[0m&amp#27;[32m░&amp#27;[0m&amp#27;[34m▓&amp#27;[0m&amp#27;[34m▓&amp#27;[0m&amp#27;[34m▓&amp#27;[0m&amp#27;[34m▓&amp#27;[0m&amp#27;[32m░&amp#27;[0m&amp#27;[32m░&amp#27;[0m&amp#27;[32m░&amp#27;[0m&amp#27;[32m░&amp#27;[0m&amp#27;[32m█&amp#27;[0m&amp#27;[32m█&amp#27;[0m&amp#27;[32m█&amp#27;[0m&amp#27;[32m▒&amp#27;[0m&amp#27;[33m▓&amp#27;[0m&amp#27;[32m░&amp#27;[0m&amp#27;[32m░&amp#27;[0m&amp#27;[32m░&amp#27;[0m
&amp#27;[32m░&amp#27;[0m&amp#27;[33m▓&amp#27;[0m&amp#27;[33m▓&amp#27;[0m&amp#27;[33m▓&amp#27;[0m&amp#27;[33m▓&amp#27;[0m&amp#27;[34m▓&amp#27;[0m&amp#27;[34m▓&amp#27;[0m&amp#27;[34m▓&amp#27;[0m&amp#27;[32m░&amp#27;[0m&amp#27;[32m░&amp#27;[0m&amp#27;[32m░&amp#27;[0m&amp#27;[34m▓&amp#27;[0m&amp#27;[32m░&amp#27;[0m&amp#27;[32m░&amp#27;[0m&amp#27;[32m░&amp#27;[0m&amp#27;[32m░&amp#27;[0m&amp#27;[32m░&amp#27;[0m&amp#27;[33m▓&amp#27;[0m&amp#27;[32m░&amp#27;[0m&amp#27;[32m░&amp#27;[0m&amp#27;[33m▓&amp#27;[0m&amp#27;[32m▓&amp#27;[0m&amp#27;[33m▓&amp#27;[0m&amp#27;[32m▓&amp#27;[0m&amp#27;[33m▓&amp#27;[0m&amp#27;[32m▓&amp#27;[0m&amp#27;[33m▓&amp#27;[0m&amp#27;[32m░&amp#27;[0m&amp#27;[33m▓&amp#27;[0m&amp#27;[32m░&amp#27;[0m&amp#27;[32m▓&amp#27;[0m&amp#27;[32m░&amp#27;[0m&amp#27;[32m░&amp#27;[0m&amp#27;[32m░&amp#27;[0m&amp#27;[32m░&amp#27;[0m&amp#27;[32m█&amp#27;[0m&amp#27;[33m▓&amp#27;[0m&amp#27;[33m▓&amp#27;[0m&amp#27;[32m░&amp#27;[0m&amp#27;[32m░&amp#27;[0m&amp#27;[32m█&amp#27;[0m&amp#27;[32m█&amp#27;[0m&amp#27;[32m█&amp#27;[0m&amp#27;[33m▓&amp#27;[0m&amp#27;[33m▓&amp#27;[0m&amp#27;[32m▓&amp#27;[0m&amp#27;[32m▓&amp#27;[0m&amp#27;[32m▓&amp#27;[0m&amp#27;[32m▓&amp#27;[0m&amp#27;[32m▓&amp#27;[0m&amp#27;[32m▒&amp#27;[0m&amp#27;[32m▒&amp#27;[0m&amp#27;[32m▓&amp#27;[0m&amp#27;[32m▓&amp#27;[0m&amp#27;[32m▓&amp#27;[0m&amp#27;[32m▓&amp#27;[0m&amp#27;[32m▓&amp#27;[0m&amp#27;[32m▓&amp#27;[0m&amp#27;[32m▓&amp#27;[0m&amp#27;[32m▓&amp#27;[0m&amp#27;[32m▓&amp#27;[0m&amp#27;[32m▓&amp#27;[0m&amp#27;[32m▒&amp#27;[0m&amp#27;[34m▓&amp#27;[0m&amp#27;[34m▓&amp#27;[0m&amp#27;[34m▓&amp#27;[0m&amp#27;[34m▓&amp#27;[0m&amp#27;[32m▒&amp#27;[0m&amp#27;[34m▓&amp#27;[0m&amp#27;[32m▒&amp#27;[0m&amp#27;[34m▓&amp#27;[0m&amp#27;[34m▓&amp#27;[0m&amp#27;[32m▒&amp#27;[0m&amp#27;[34m▓&amp#27;[0m&amp#27;[34m▓&amp#27;[0m&amp#27;[32m▒&amp#27;[0m&amp#27;[34m▓&amp#27;[0m&amp#27;[32m░&amp#27;[0m&amp#27;[32m▒&amp#27;[0m&amp#27;[32m░&amp#27;[0m&amp#27;[32m▒&amp#27;[0m&amp#27;[34m▓&amp#27;[0m&amp#27;[34m▓&amp#27;[0m&amp#27;[34m▓&amp#27;[0m&amp#27;[34m▓&amp#27;[0m&amp#27;[34m▓&amp#27;[0m&amp#27;[34m▓&amp#27;[0m&amp#27;[34m▓&amp#27;[0m&amp#27;[34m▓&amp#27;[0m&amp#27;[32m█&amp#27;[0m&amp#27;[32m█&amp#27;[0m&amp#27;[32m▒&amp#27;[0m&amp#27;[32m█&amp#27;[0m&amp#27;[32m█&amp#27;[0m&amp#27;[32m█&amp#27;[0m&amp#27;[32m█&amp#27;[0m&amp#27;[32m█&amp#27;[0m&amp#27;[32m█&amp#27;[0m&amp#27;[34m▓&amp#27;[0m&amp#27;[32m▒&amp#27;[0m&amp#27;[32m▒&amp#27;[0m&amp#27;[34m▓&amp#27;[0m&amp#27;[32m▒&amp#27;[0m&amp#27;[32m▒&amp#27;[0m&amp#27;[34m▓&amp#27;[0m&amp#27;[34m▓&amp#27;[0m&amp#27;[32m░&amp#27;[0m&amp#27;[32m▒&amp#27;[0m&amp#27;[32m▓&amp#27;[0m&amp#27;[32m█&amp#27;[0m&amp#27;[32m▒&amp#27;[0m&amp#27;[32m▒&amp#27;[0m&amp#27;[32m▓&amp#27;[0m&amp#27;[32m▓&amp#27;[0m&amp#27;[32m▓&amp#27;[0m&amp#27;[32m▓&amp#27;[0m&amp#27;[32m▓&amp#27;[0m&amp#27;[32m▒&amp#27;[0m&amp#27;[32m▓&amp#27;[0m&amp#27;[32m▓&amp#27;[0m&amp#27;[32m▓&amp#27;[0m&amp#27;[32m▓&amp#27;[0m&amp#27;[32m▓&amp#27;[0m&amp#27;[32m▓&amp#27;[0m&amp#27;[32m▓&amp#27;[0m&amp#27;[32m▒&amp#27;[0m&amp#27;[32m▓&amp#27;[0m&amp#27;[32m▓&amp#27;[0m&amp#27;[32m▓&amp#27;[0m&amp#27;[32m▒&amp#27;[0m&amp#27;[34m▓&amp#27;[0m&amp#27;[34m▓&amp#27;[0m&amp#27;[34m▓&amp#27;[0m&amp#27;[32m▓&amp#27;[0m&amp#27;[32m▓&amp#27;[0m&amp#27;[32m▓&amp#27;[0m&amp#27;[34m▓&amp#27;[0m&amp#27;[34m▓&amp#27;[0m&amp#27;[34m▓&amp#27;[0m&amp#27;[34m▓&amp#27;[0m&amp#27;[34m▓&amp#27;[0m&amp#27;[32m░&amp#27;[0m&amp#27;[32m░&amp#27;[0m&amp#27;[32m░&amp#27;[0m&amp#27;[32m█&amp#27;[0m&amp#27;[32m█&amp#27;[0m&amp#27;[32m░&amp#27;[0m&amp#27;[32m░&amp#27;[0m&amp#27;[32m░&amp#27;[0m&amp#27;[32m░&amp#27;[0m&amp#27;[32m▒&amp#27;[0m&amp#27;[32m▒&amp#27;[0m&amp#27;[32m░&amp#27;[0m&amp#27;[32m░&amp#27;[0m&amp#27;[32m░&amp#27;[0m&amp#27;[32m░&amp#27;[0m&amp#27;[32m░&amp#27;[0m&amp#27;[32m▒&amp#27;[0m&amp#27;[32m█&amp#27;[0m&amp#27;[32m░&amp#27;[0m&amp#27;[32m░&amp#27;[0m&amp#27;[32m░&amp#27;[0m&amp#27;[32m░&amp#27;[0m&amp#27;[33m▓&amp#27;[0m&amp#27;[33m▓&amp#27;[0m&amp#27;[33m▓&amp#27;[0m&amp#27;[33m▓&amp#27;[0m&amp#27;[33m▓&amp#27;[0m&amp#27;[33m▓&amp#27;[0m&amp#27;[33m▓&amp#27;[0m&amp#27;[32m▒&amp#27;[0m&amp#27;[34m▓&amp#27;[0m&amp#27;[34m▓&amp#27;[0m&amp#27;[34m▓&amp#27;[0m&amp#27;[32m░&amp#27;[0m&amp#27;[34m▓&amp#27;[0m&amp#27;[32m▒&amp#27;[0m&amp#27;[33m▓&amp#27;[0m&amp#27;[33m▓&amp#27;[0m&amp#27;[33m▓&amp#27;[0m&amp#27;[33m▓&amp#27;[0m&amp#27;[33m▓&amp#27;[0m&amp#27;[33m▓&amp#27;[0m&amp#27;[33m▓&amp#27;[0m&amp#27;[33m▓&amp#27;[0m&amp#27;[34m▓&amp#27;[0m&amp#27;[32m▒&amp#27;[0m&amp#27;[32m▒&amp#27;[0m&amp#27;[34m▓&amp#27;[0m&amp#27;[34m▓&amp#27;[0m&amp#27;[34m▓&amp#27;[0m&amp#27;[32m█&amp#27;[0m&amp#27;[32m█&amp#27;[0m&amp#27;[32m█&amp#27;[0m&amp#27;[32m█&amp#27;[0m&amp#27;[32m█&amp#27;[0m&amp#27;[32m█&amp#27;[0m&amp#27;[32m█&amp#27;[0m&amp#27;[32m█&amp#27;[0m&amp#27;[32m█&amp#27;[0m&amp#27;[32m█&amp#27;[0m&amp#27;[32m█&amp#27;[0m&amp#27;[32m█&amp#27;[0m&amp#27;[32m█&amp#27;[0m&amp#27;[32m█&amp#27;[0m&amp#27;[34m▓&amp#27;[0m&amp#27;[33m▓&amp#27;[0m&amp#27;[32m▓&amp#27;[0m&amp#27;[32m▓&amp#27;[0m&amp#27;[33m▓&amp#27;[0m&amp#27;[32m▓&amp#27;[0m&amp#27;[32m▓&amp#27;[0m&amp#27;[32m▓&amp#27;[0m&amp#27;[32m▓&amp#27;[0m&amp#27;[32m▓&amp#27;[0m&amp#27;[32m▓&amp#27;[0m&amp#27;[32m▓&amp#27;[0m&amp#27;[32m▓&amp#27;[0m&amp#27;[32m▒&amp#27;[0m&amp#27;[32m▓&amp#27;[0m&amp#27;[32m▓&amp#27;[0m&amp#27;[32m▒&amp#27;[0m&amp#27;[32m▓&amp#27;[0m&amp#27;[32m▓&amp#27;[0m&amp#27;[32m▓&amp#27;[0m&amp#27;[32m▓&amp#27;[0m&amp#27;[32m▓&amp#27;[0m&amp#27;[32m▓&amp#27;[0m&amp#27;[32m█&amp#27;[0m&amp#27;[32m▓&amp#27;[0m&amp#27;[32m▓&amp#27;[0m&amp#27;[32m▓&amp#27;[0m&amp#27;[32m▓&amp#27;[0m&amp#27;[32m▓&amp#27;[0m&amp#27;[32m▓&amp#27;[0m&amp#27;[32m▓&amp#27;[0m&amp#27;[32m▓&amp#27;[0m&amp#27;[32m▓&amp#27;[0m&amp#27;[33m▓&amp#27;[0m&amp#27;[33m▓&amp#27;[0m&amp#27;[32m▒&amp#27;[0m&amp#27;[33m▓&amp#27;[0m&amp#27;[33m▓&amp#27;[0m&amp#27;[33m▓&amp#27;[0m&amp#27;[33m▓&amp#27;[0m&amp#27;[33m▓&amp#27;[0m&amp#27;[34m▓&amp#27;[0m&amp#27;[34m▓&amp#27;[0m&amp#27;[32m▒&amp#27;[0m&amp#27;[34m▓&amp#27;[0m&amp#27;[32m▓&amp#27;[0m&amp#27;[32m▓&amp#27;[0m&amp#27;[32m▓&amp#27;[0m&amp#27;[32m▓&amp#27;[0m&amp#27;[32m▓&amp#27;[0m&amp#27;[32m▓&amp#27;[0m&amp#27;[32m▓&amp#27;[0m&amp#27;[32m▓&amp#27;[0m&amp#27;[32m▓&amp#27;[0m&amp#27;[34m▓&amp#27;[0m&amp#27;[34m▓&amp#27;[0m&amp#27;[34m▓&amp#27;[0m&amp#27;[34m▓&amp#27;[0m&amp#27;[34m▓&amp#27;[0m&amp#27;[34m▓&amp#27;[0m&amp#27;[34m▓&amp#27;[0m&amp#27;[34m▓&amp#27;[0m&amp#27;[34m▓&amp#27;[0m&amp#27;[34m▓&amp#27;[0m&amp#27;[33m▓&amp#27;[0m&amp#27;[34m▓&amp#27;[0m&amp#27;[34m▓&amp#27;[0m&amp#27;[34m▓&amp#27;[0m&amp#27;[34m▓&amp#27;[0m&amp#27;[34m▓&amp#27;[0m&amp#27;[32m▓&amp#27;[0m&amp#27;[32m░&amp#27;[0m&amp#27;[34m▓&amp#27;[0m&amp#27;[33m▓&amp#27;[0m&amp#27;[34m▓&amp#27;[0m&amp#27;[34m▓&amp#27;[0m&amp#27;[34m▓&amp#27;[0m&amp#27;[34m▓&amp#27;[0m&amp#27;[34m▓&amp#27;[0m&amp#27;[34m▓&amp#27;[0m&amp#27;[34m▓&amp#27;[0m&amp#27;[34m▓&amp#27;[0m&amp#27;[32m░&amp#27;[0m&amp#27;[32m░&amp#27;[0m&amp#27;[32m░&amp#27;[0m&amp#27;[32m░&amp#27;[0m&amp#27;[32m░&amp#27;[0m&amp#27;[32m█&amp#27;[0m&amp#27;[32m█&amp#27;[0m&amp#27;[32m█&amp#27;[0m&amp#27;[32m░&amp#27;[0m&amp#27;[32m░&amp#27;[0m&amp#27;[32m░&amp#27;[0m&amp#27;[32m░&amp#27;[0m&amp#27;[32m░&amp#27;[0m
&amp#27;[34m▓&amp#27;[0m&amp#27;[32m▓&amp#27;[0m&amp#27;[33m▓&amp#27;[0m&amp#27;[33m▓&amp#27;[0m&amp#27;[33m▓&amp#27;[0m&amp#27;[33m▓&amp#27;[0m&amp#27;[33m▓&amp#27;[0m&amp#27;[32m░&amp#27;[0m&amp#27;[32m░&amp#27;[0m&amp#27;[32m░&amp#27;[0m&amp#27;[32m░&amp#27;[0m&amp#27;[33m▓&amp#27;[0m&amp#27;[33m▓&amp#27;[0m&amp#27;[33m▓&amp#27;[0m&amp#27;[33m▓&amp#27;[0m&amp#27;[32m░&amp#27;[0m&amp#27;[32m░&amp#27;[0m&amp#27;[32m░&amp#27;[0m&amp#27;[33m▓&amp#27;[0m&amp#27;[34m▓&amp#27;[0m&amp#27;[33m▓&amp#27;[0m&amp#27;[32m▓&amp#27;[0m&amp#27;[32m▓&amp#27;[0m&amp#27;[32m▓&amp#27;[0m&amp#27;[32m▓&amp#27;[0m&amp#27;[32m▓&amp#27;[0m&amp#27;[32m▓&amp#27;[0m&amp#27;[32m░&amp#27;[0m&amp#27;[33m▓&amp#27;[0m&amp#27;[32m░&amp#27;[0m&amp#27;[32m░&amp#27;[0m&amp#27;[32m░&amp#27;[0m&amp#27;[32m░&amp#27;[0m&amp#27;[32m░&amp#27;[0m&amp#27;[32m░&amp#27;[0m&amp#27;[32m░&amp#27;[0m&amp#27;[32m░&amp#27;[0m&amp#27;[32m▓&amp#27;[0m&amp#27;[33m▓&amp#27;[0m&amp#27;[32m░&amp#27;[0m&amp#27;[32m█&amp#27;[0m&amp#27;[32m█&amp#27;[0m&amp#27;[32m█&amp#27;[0m&amp#27;[34m▓&amp#27;[0m&amp#27;[32m▓&amp#27;[0m&amp#27;[32m▓&amp#27;[0m&amp#27;[33m▓&amp#27;[0m&amp#27;[33m▓&amp#27;[0m&amp#27;[32m▓&amp#27;[0m&amp#27;[32m▓&amp#27;[0m&amp#27;[32m▒&amp#27;[0m&amp#27;[32m▒&amp#27;[0m&amp#27;[32m▒&amp#27;[0m&amp#27;[32m▓&amp#27;[0m&amp#27;[32m▓&amp#27;[0m&amp#27;[33m▓&amp#27;[0m&amp#27;[32m▓&amp#27;[0m&amp#27;[32m▒&amp#27;[0m&amp#27;[32m▒&amp#27;[0m&amp#27;[32m▒&amp#27;[0m&amp#27;[32m▓&amp#27;[0m&amp#27;[32m▓&amp#27;[0m&amp#27;[34m▓&amp#27;[0m&amp#27;[34m▓&amp#27;[0m&amp#27;[34m▓&amp#27;[0m&amp#27;[34m▓&amp#27;[0m&amp#27;[34m▓&amp#27;[0m&amp#27;[34m▓&amp#27;[0m&amp#27;[34m▓&amp#27;[0m&amp#27;[34m▓&amp#27;[0m&amp#27;[32m▒&amp#27;[0m&amp#27;[32m▒&amp#27;[0m&amp#27;[32m▒&amp#27;[0m&amp#27;[32m▒&amp#27;[0m&amp#27;[34m▓&amp#27;[0m&amp#27;[32m▒&amp#27;[0m&amp#27;[34m▓&amp#27;[0m&amp#27;[32m░&amp#27;[0m&amp#27;[32m░&amp#27;[0m&amp#27;[32m░&amp#27;[0m&amp#27;[32m▒&amp#27;[0m&amp#27;[34m▓&amp#27;[0m&amp#27;[32m▒&amp#27;[0m&amp#27;[34m▓&amp#27;[0m&amp#27;[32m▒&amp#27;[0m&amp#27;[34m▓&amp#27;[0m&amp#27;[33m▓&amp#27;[0m&amp#27;[32m░&amp#27;[0m&amp#27;[34m▓&amp#27;[0m&amp#27;[32m▒&amp#27;[0m&amp#27;[32m█&amp#27;[0m&amp#27;[32m▒&amp#27;[0m&amp#27;[32m█&amp#27;[0m&amp#27;[32m▒&amp#27;[0m&amp#27;[32m█&amp#27;[0m&amp#27;[32m█&amp#27;[0m&amp#27;[32m█&amp#27;[0m&amp#27;[32m█&amp#27;[0m&amp#27;[34m▓&amp#27;[0m&amp#27;[34m▓&amp#27;[0m&amp#27;[34m▓&amp#27;[0m&amp#27;[34m▓&amp#27;[0m&amp#27;[34m▓&amp#27;[0m&amp#27;[34m▓&amp#27;[0m&amp#27;[34m▓&amp#27;[0m&amp#27;[32m░&amp#27;[0m&amp#27;[32m░&amp#27;[0m&amp#27;[32m░&amp#27;[0m&amp#27;[32m█&amp#27;[0m&amp#27;[32m█&amp#27;[0m&amp#27;[32m█&amp#27;[0m&amp#27;[32m░&amp#27;[0m&amp#27;[32m▓&amp#27;[0m&amp#27;[32m▓&amp#27;[0m&amp#27;[32m▓&amp#27;[0m&amp#27;[32m▓&amp#27;[0m&amp#27;[32m▓&amp#27;[0m&amp#27;[32m▓&amp#27;[0m&amp#27;[32m▒&amp#27;[0m&amp#27;[32m▒&amp#27;[0m&amp#27;[32m▓&amp#27;[0m&amp#27;[32m▓&amp#27;[0m&amp#27;[32m▒&amp#27;[0m&amp#27;[32m▓&amp#27;[0m&amp#27;[32m▓&amp#27;[0m&amp#27;[32m▓&amp#27;[0m&amp#27;[32m█&amp#27;[0m&amp#27;[32m█&amp#27;[0m&amp#27;[32m█&amp#27;[0m&amp#27;[32m▓&amp#27;[0m&amp#27;[32m▒&amp#27;[0m&amp#27;[34m▓&amp#27;[0m&amp#27;[34m▓&amp#27;[0m&amp#27;[32m▓&amp#27;[0m&amp#27;[32m▓&amp#27;[0m&amp#27;[32m▒&amp#27;[0m&amp#27;[34m▓&amp#27;[0m&amp#27;[32m▒&amp#27;[0m&amp#27;[34m▓&amp#27;[0m&amp#27;[32m▒&amp#27;[0m&amp#27;[32m▓&amp#27;[0m&amp#27;[32m░&amp#27;[0m&amp#27;[32m░&amp#27;[0m&amp#27;[32m█&amp#27;[0m&amp#27;[32m█&amp#27;[0m&amp#27;[32m▒&amp#27;[0m&amp#27;[32m▒&amp#27;[0m&amp#27;[32m░&amp#27;[0m&amp#27;[32m░&amp#27;[0m&amp#27;[32m░&amp#27;[0m&amp#27;[32m░&amp#27;[0m&amp#27;[32m░&amp#27;[0m&amp#27;[32m░&amp#27;[0m&amp#27;[32m▒&amp#27;[0m&amp#27;[32m▒&amp#27;[0m&amp#27;[32m░&amp#27;[0m&amp#27;[32m░&amp#27;[0m&amp#27;[32m█&amp#27;[0m&amp#27;[32m█&amp#27;[0m&amp#27;[33m▓&amp#27;[0m&amp#27;[33m▓&amp#27;[0m&amp#27;[33m▓&amp#27;[0m&amp#27;[33m▓&amp#27;[0m&amp#27;[33m▓&amp#27;[0m&amp#27;[33m▓&amp#27;[0m&amp#27;[33m▓&amp#27;[0m&amp#27;[33m▓&amp#27;[0m&amp#27;[33m▓&amp#27;[0m&amp#27;[32m▒&amp#27;[0m&amp#27;[33m▓&amp#27;[0m&amp#27;[32m▓&amp#27;[0m&amp#27;[32m▒&amp#27;[0m&amp#27;[34m▓&amp#27;[0m&amp#27;[34m▓&amp#27;[0m&amp#27;[34m▓&amp#27;[0m&amp#27;[34m▓&amp#27;[0m&amp#27;[34m▓&amp#27;[0m&amp#27;[33m▓&amp#27;[0m&amp#27;[33m▓&amp#27;[0m&amp#27;[33m▓&amp#27;[0m&amp#27;[33m▓&amp#27;[0m&amp#27;[33m▓&amp#27;[0m&amp#27;[33m▓&amp#27;[0m&amp#27;[33m▓&amp#27;[0m&amp#27;[34m▓&amp#27;[0m&amp#27;[34m▓&amp#27;[0m&amp#27;[34m▓&amp#27;[0m&amp#27;[34m▓&amp#27;[0m&amp#27;[34m▓&amp#27;[0m&amp#27;[34m▓&amp#27;[0m&amp#27;[34m▓&amp#27;[0m&amp#27;[32m▒&amp#27;[0m&amp#27;[32m█&amp#27;[0m&amp#27;[32m█&amp#27;[0m&amp#27;[32m█&amp#27;[0m&amp#27;[32m█&amp#27;[0m&amp#27;[32m█&amp#27;[0m&amp#27;[32m▒&amp#27;[0m&amp#27;[32m▒&amp#27;[0m&amp#27;[32m█&amp#27;[0m&amp#27;[32m█&amp#27;[0m&amp#27;[32m█&amp#27;[0m&amp#27;[32m█&amp#27;[0m&amp#27;[32m█&amp#27;[0m&amp#27;[34m▓&amp#27;[0m&amp#27;[32m▒&amp#27;[0m&amp#27;[32m░&amp#27;[0m&amp#27;[32m▓&amp#27;[0m&amp#27;[32m▓&amp#27;[0m&amp#27;[32m▓&amp#27;[0m&amp#27;[32m▓&amp#27;[0m&amp#27;[32m▓&amp#27;[0m&amp#27;[32m▓&amp#27;[0m&amp#27;[32m▒&amp#27;[0m&amp#27;[32m▒&amp#27;[0m&amp#27;[32m▓&amp#27;[0m&amp#27;[32m▓&amp#27;[0m&amp#27;[32m▓&amp#27;[0m&amp#27;[32m▓&amp#27;[0m&amp#27;[32m▓&amp#27;[0m&amp#27;[32m▓&amp#27;[0m&amp#27;[32m▓&amp#27;[0m&amp#27;[32m▓&amp#27;[0m&amp#27;[32m▓&amp#27;[0m&amp#27;[32m▓&amp#27;[0m&amp#27;[32m▓&amp#27;[0m&amp#27;[32m▓&amp#27;[0m&amp#27;[32m▓&amp#27;[0m&amp#27;[32m▓&amp#27;[0m&amp#27;[32m▓&amp#27;[0m&amp#27;[32m▒&amp#27;[0m&amp#27;[32m▓&amp#27;[0m&amp#27;[32m▓&amp#27;[0m&amp#27;[32m▓&amp#27;[0m&amp#27;[32m▓&amp#27;[0m&amp#27;[32m▓&amp#27;[0m&amp#27;[32m▓&amp#27;[0m&amp#27;[32m▓&amp#27;[0m&amp#27;[33m▓&amp#27;[0m&amp#27;[33m▓&amp#27;[0m&amp#27;[32m▒&amp#27;[0m&amp#27;[33m▓&amp#27;[0m&amp#27;[33m▓&amp#27;[0m&amp#27;[33m▓&amp#27;[0m&amp#27;[33m▓&amp#27;[0m&amp#27;[34m▓&amp#27;[0m&amp#27;[32m▓&amp#27;[0m&amp#27;[34m▓&amp#27;[0m&amp#27;[32m▒&amp#27;[0m&amp#27;[34m▓&amp#27;[0m&amp#27;[34m▓&amp#27;[0m&amp#27;[34m▓&amp#27;[0m&amp#27;[32m▒&amp#27;[0m&amp#27;[34m▓&amp#27;[0m&amp#27;[32m▓&amp#27;[0m&amp#27;[32m▓&amp#27;[0m&amp#27;[32m▓&amp#27;[0m&amp#27;[32m▓&amp#27;[0m&amp#27;[32m▓&amp#27;[0m&amp#27;[34m▓&amp#27;[0m&amp#27;[34m▓&amp#27;[0m&amp#27;[34m▓&amp#27;[0m&amp#27;[34m▓&amp#27;[0m&amp#27;[34m▓&amp#27;[0m&amp#27;[32m░&amp#27;[0m&amp#27;[34m▓&amp#27;[0m&amp#27;[34m▓&amp#27;[0m&amp#27;[34m▓&amp#27;[0m&amp#27;[34m▓&amp#27;[0m&amp#27;[34m▓&amp#27;[0m&amp#27;[34m▓&amp#27;[0m&amp#27;[34m▓&amp#27;[0m&amp#27;[34m▓&amp#27;[0m&amp#27;[34m▓&amp#27;[0m&amp#27;[34m▓&amp#27;[0m&amp#27;[34m▓&amp#27;[0m&amp#27;[33m▓&amp#27;[0m&amp#27;[34m▓&amp#27;[0m&amp#27;[34m▓&amp#27;[0m&amp#27;[34m▓&amp#27;[0m&amp#27;[33m▓&amp#27;[0m&amp#27;[34m▓&amp#27;[0m&amp#27;[32m█&amp#27;[0m&amp#27;[32m█&amp#27;[0m&amp#27;[32m█&amp#27;[0m&amp#27;[32m█&amp#27;[0m&amp#27;[32m█&amp#27;[0m&amp#27;[32m░&amp#27;[0m&amp#27;[32m░&amp#27;[0m&amp#27;[32m░&amp#27;[0m&amp#27;[32m░&amp#27;[0m&amp#27;[32m░&amp#27;[0m&amp#27;[32m█&amp#27;[0m&amp#27;[32m█&amp#27;[0m&amp#27;[32m█&amp#27;[0m&amp#27;[32m░&amp#27;[0m&amp#27;[32m░&amp#27;[0m&amp#27;[32m░&amp#27;[0m&amp#27;[32m░&amp#27;[0m&amp#27;[32m░&amp#27;[0m
&amp#27;[32m█&amp#27;[0m&amp#27;[34m▓&amp#27;[0m&amp#27;[33m▓&amp#27;[0m&amp#27;[33m▓&amp#27;[0m&amp#27;[33m▓&amp#27;[0m&amp#27;[34m▓&amp#27;[0m&amp#27;[33m▓&amp#27;[0m&amp#27;[32m░&amp#27;[0m&amp#27;[33m▓&amp#27;[0m&amp#27;[33m▓&amp#27;[0m&amp#27;[33m▓&amp#27;[0m&amp#27;[32m░&amp#27;[0m&amp#27;[32m░&amp#27;[0m&amp#27;[32m░&amp#27;[0m&amp#27;[32m░&amp#27;[0m&amp#27;[32m░&amp#27;[0m&amp#27;[33m▓&amp#27;[0m&amp#27;[32m░&amp#27;[0m&amp#27;[32m▓&amp#27;[0m&amp#27;[34m▓&amp#27;[0m&amp#27;[34m▓&amp#27;[0m&amp#27;[33m▓&amp#27;[0m&amp#27;[32m▓&amp#27;[0m&amp#27;[33m▓&amp#27;[0m&amp#27;[32m▓&amp#27;[0m&amp#27;[32m▓&amp#27;[0m&amp#27;[32m░&amp#27;[0m&amp#27;[32m░&amp#27;[0m&amp#27;[33m▓&amp#27;[0m&amp#27;[33m▓&amp#27;[0m&amp#27;[33m▓&amp#27;[0m&amp#27;[32m░&amp#27;[0m&amp#27;[32m░&amp#27;[0m&amp#27;[32m░&amp#27;[0m&amp#27;[32m░&amp#27;[0m&amp#27;[32m░&amp#27;[0m&amp#27;[32m░&amp#27;[0m&amp#27;[32m░&amp#27;[0m&amp#27;[33m▓&amp#27;[0m&amp#27;[33m▓&amp#27;[0m&amp#27;[32m█&amp#27;[0m&amp#27;[32m█&amp#27;[0m&amp#27;[32m█&amp#27;[0m&amp#27;[34m▓&amp#27;[0m&amp#27;[34m▓&amp#27;[0m&amp#27;[32m▓&amp#27;[0m&amp#27;[32m▓&amp#27;[0m&amp#27;[33m▓&amp#27;[0m&amp#27;[32m▓&amp#27;[0m&amp#27;[32m▓&amp#27;[0m&amp#27;[32m▓&amp#27;[0m&amp#27;[32m▓&amp#27;[0m&amp#27;[32m▓&amp#27;[0m&amp#27;[32m▒&amp#27;[0m&amp#27;[32m▒&amp#27;[0m&amp#27;[32m▓&amp#27;[0m&amp#27;[32m▓&amp#27;[0m&amp#27;[32m▓&amp#27;[0m&amp#27;[32m▓&amp#27;[0m&amp#27;[32m▒&amp#27;[0m&amp#27;[32m▓&amp#27;[0m&amp#27;[32m▒&amp#27;[0m&amp#27;[32m▒&amp#27;[0m&amp#27;[34m▓&amp#27;[0m&amp#27;[34m▓&amp#27;[0m&amp#27;[34m▓&amp#27;[0m&amp#27;[34m▓&amp#27;[0m&amp#27;[34m▓&amp#27;[0m&amp#27;[32m▒&amp#27;[0m&amp#27;[34m▓&amp#27;[0m&amp#27;[34m▓&amp#27;[0m&amp#27;[34m▓&amp#27;[0m&amp#27;[32m▓&amp#27;[0m&amp#27;[32m▓&amp#27;[0m&amp#27;[32m▓&amp#27;[0m&amp#27;[32m▒&amp#27;[0m&amp#27;[32m░&amp#27;[0m&amp#27;[32m░&amp#27;[0m&amp#27;[32m░&amp#27;[0m&amp#27;[32m░&amp#27;[0m&amp#27;[32m▒&amp#27;[0m&amp#27;[32m▓&amp#27;[0m&amp#27;[32m▓&amp#27;[0m&amp#27;[32m▓&amp#27;[0m&amp#27;[34m▓&amp#27;[0m&amp#27;[34m▓&amp#27;[0m&amp#27;[34m▓&amp#27;[0m&amp#27;[34m▓&amp#27;[0m&amp#27;[32m░&amp#27;[0m&amp#27;[34m▓&amp#27;[0m&amp#27;[32m█&amp#27;[0m&amp#27;[32m▒&amp#27;[0m&amp#27;[33m▓&amp#27;[0m&amp#27;[32m▒&amp#27;[0m&amp#27;[32m█&amp#27;[0m&amp#27;[32m▒&amp#27;[0m&amp#27;[32m▒&amp#27;[0m&amp#27;[32m█&amp#27;[0m&amp#27;[34m▓&amp#27;[0m&amp#27;[32m▒&amp#27;[0m&amp#27;[34m▓&amp#27;[0m&amp#27;[32m▓&amp#27;[0m&amp#27;[32m▒&amp#27;[0m&amp#27;[32m▒&amp#27;[0m&amp#27;[32m▒&amp#27;[0m&amp#27;[32m░&amp#27;[0m&amp#27;[32m▒&amp#27;[0m&amp#27;[32m▒&amp#27;[0m&amp#27;[32m█&amp#27;[0m&amp#27;[32m█&amp#27;[0m&amp#27;[32m█&amp#27;[0m&amp#27;[32m▒&amp#27;[0m&amp#27;[32m▒&amp#27;[0m&amp#27;[32m▓&amp#27;[0m&amp#27;[32m▒&amp#27;[0m&amp#27;[32m▓&amp#27;[0m&amp#27;[32m▒&amp#27;[0m&amp#27;[32m▓&amp#27;[0m&amp#27;[32m▓&amp#27;[0m&amp#27;[32m▓&amp#27;[0m&amp#27;[32m▓&amp#27;[0m&amp#27;[32m▓&amp#27;[0m&amp#27;[32m▓&amp#27;[0m&amp#27;[32m▓&amp#27;[0m&amp#27;[32m▒&amp#27;[0m&amp#27;[32m▓&amp#27;[0m&amp#27;[32m█&amp#27;[0m&amp#27;[32m█&amp#27;[0m&amp#27;[32m█&amp#27;[0m&amp#27;[32m▓&amp#27;[0m&amp#27;[34m▓&amp#27;[0m&amp#27;[32m█&amp#27;[0m&amp#27;[32m▒&amp#27;[0m&amp#27;[34m▓&amp#27;[0m&amp#27;[34m▓&amp#27;[0m&amp#27;[32m▒&amp#27;[0m&amp#27;[32m█&amp#27;[0m&amp#27;[32m█&amp#27;[0m&amp#27;[32m█&amp#27;[0m&amp#27;[32m░&amp#27;[0m&amp#27;[32m▒&amp#27;[0m&amp#27;[32m░&amp#27;[0m&amp#27;[32m▒&amp#27;[0m&amp#27;[32m░&amp#27;[0m&amp#27;[32m█&amp#27;[0m&amp#27;[32m░&amp#27;[0m&amp#27;[32m░&amp#27;[0m&amp#27;[32m░&amp#27;[0m&amp#27;[32m░&amp#27;[0m&amp#27;[32m░&amp#27;[0m&amp#27;[32m░&amp#27;[0m&amp#27;[32m░&amp#27;[0m&amp#27;[32m░&amp#27;[0m&amp#27;[32m░&amp#27;[0m&amp#27;[32m▒&amp#27;[0m&amp#27;[32m░&amp#27;[0m&amp#27;[32m░&amp#27;[0m&amp#27;[32m░&amp#27;[0m&amp#27;[33m▓&amp#27;[0m&amp#27;[32m▒&amp#27;[0m&amp#27;[32m▒&amp#27;[0m&amp#27;[33m▓&amp#27;[0m&amp#27;[33m▓&amp#27;[0m&amp#27;[33m▓&amp#27;[0m&amp#27;[32m▒&amp#27;[0m&amp#27;[32m▒&amp#27;[0m&amp#27;[33m▓&amp#27;[0m&amp#27;[33m▓&amp#27;[0m&amp#27;[33m▓&amp#27;[0m&amp#27;[34m▓&amp#27;[0m&amp#27;[34m▓&amp#27;[0m&amp#27;[34m▓&amp#27;[0m&amp#27;[32m▒&amp#27;[0m&amp#27;[32m▒&amp#27;[0m&amp#27;[34m▓&amp#27;[0m&amp#27;[32m▒&amp#27;[0m&amp#27;[34m▓&amp#27;[0m&amp#27;[33m▓&amp#27;[0m&amp#27;[33m▓&amp#27;[0m&amp#27;[33m▓&amp#27;[0m&amp#27;[33m▓&amp#27;[0m&amp#27;[33m▓&amp#27;[0m&amp#27;[33m▓&amp#27;[0m&amp#27;[34m▓&amp#27;[0m&amp#27;[34m▓&amp#27;[0m&amp#27;[34m▓&amp#27;[0m&amp#27;[34m▓&amp#27;[0m&amp#27;[34m▓&amp#27;[0m&amp#27;[32m▒&amp#27;[0m&amp#27;[34m▓&amp#27;[0m&amp#27;[34m▓&amp#27;[0m&amp#27;[32m█&amp#27;[0m&amp#27;[32m█&amp#27;[0m&amp#27;[32m▒&amp#27;[0m&amp#27;[32m▒&amp#27;[0m&amp#27;[32m█&amp#27;[0m&amp#27;[32m█&amp#27;[0m&amp#27;[32m█&amp#27;[0m&amp#27;[32m▒&amp#27;[0m&amp#27;[32m█&amp#27;[0m&amp#27;[32m▒&amp#27;[0m&amp#27;[32m█&amp#27;[0m&amp#27;[32m█&amp#27;[0m&amp#27;[32m█&amp#27;[0m&amp#27;[32m░&amp#27;[0m&amp#27;[32m░&amp#27;[0m&amp#27;[32m▒&amp#27;[0m&amp#27;[32m▓&amp#27;[0m&amp#27;[32m▓&amp#27;[0m&amp#27;[32m▓&amp#27;[0m&amp#27;[32m▓&amp#27;[0m&amp#27;[32m▓&amp#27;[0m&amp#27;[32m▓&amp#27;[0m&amp#27;[32m▓&amp#27;[0m&amp#27;[32m▓&amp#27;[0m&amp#27;[32m▓&amp#27;[0m&amp#27;[32m▓&amp#27;[0m&amp#27;[32m▓&amp#27;[0m&amp#27;[32m▓&amp#27;[0m&amp#27;[32m▓&amp#27;[0m&amp#27;[32m▓&amp#27;[0m&amp#27;[32m▓&amp#27;[0m&amp#27;[32m▓&amp#27;[0m&amp#27;[32m▓&amp#27;[0m&amp#27;[32m▓&amp#27;[0m&amp#27;[32m▓&amp#27;[0m&amp#27;[32m█&amp#27;[0m&amp#27;[32m▓&amp#27;[0m&amp#27;[32m▓&amp#27;[0m&amp#27;[32m▓&amp#27;[0m&amp#27;[32m▒&amp#27;[0m&amp#27;[32m▓&amp#27;[0m&amp#27;[32m▓&amp#27;[0m&amp#27;[32m▓&amp#27;[0m&amp#27;[32m▓&amp#27;[0m&amp#27;[32m▓&amp#27;[0m&amp#27;[32m▒&amp#27;[0m&amp#27;[32m▓&amp#27;[0m&amp#27;[33m▓&amp#27;[0m&amp#27;[34m▓&amp#27;[0m&amp#27;[33m▓&amp#27;[0m&amp#27;[33m▓&amp#27;[0m&amp#27;[33m▓&amp#27;[0m&amp#27;[33m▓&amp#27;[0m&amp#27;[32m▒&amp#27;[0m&amp#27;[34m▓&amp#27;[0m&amp#27;[34m▓&amp#27;[0m&amp#27;[34m▓&amp#27;[0m&amp#27;[34m▓&amp#27;[0m&amp#27;[34m▓&amp#27;[0m&amp#27;[34m▓&amp#27;[0m&amp#27;[34m▓&amp#27;[0m&amp#27;[34m▓&amp#27;[0m&amp#27;[34m▓&amp#27;[0m&amp#27;[32m▓&amp#27;[0m&amp#27;[32m▓&amp#27;[0m&amp#27;[32m▓&amp#27;[0m&amp#27;[32m▓&amp#27;[0m&amp#27;[32m▓&amp#27;[0m&amp#27;[34m▓&amp#27;[0m&amp#27;[32m░&amp#27;[0m&amp#27;[34m▓&amp#27;[0m&amp#27;[34m▓&amp#27;[0m&amp#27;[34m▓&amp#27;[0m&amp#27;[34m▓&amp#27;[0m&amp#27;[32m░&amp#27;[0m&amp#27;[32m▓&amp#27;[0m&amp#27;[32m░&amp#27;[0m&amp#27;[34m▓&amp#27;[0m&amp#27;[34m▓&amp#27;[0m&amp#27;[34m▓&amp#27;[0m&amp#27;[34m▓&amp#27;[0m&amp#27;[34m▓&amp#27;[0m&amp#27;[34m▓&amp#27;[0m&amp#27;[34m▓&amp#27;[0m&amp#27;[32m▒&amp#27;[0m&amp#27;[32m░&amp#27;[0m&amp#27;[34m▓&amp#27;[0m&amp#27;[34m▓&amp#27;[0m&amp#27;[34m▓&amp#27;[0m&amp#27;[34m▓&amp#27;[0m&amp#27;[32m█&amp#27;[0m&amp#27;[32m█&amp#27;[0m&amp#27;[32m█&amp#27;[0m&amp#27;[32m█&amp#27;[0m&amp#27;[32m█&amp#27;[0m&amp#27;[32m█&amp#27;[0m&amp#27;[32m▒&amp#27;[0m&amp#27;[32m█&amp#27;[0m&amp#27;[33m▓&amp#27;[0m&amp#27;[32m░&amp#27;[0m&amp#27;[32m░&amp#27;[0m&amp#27;[32m░&amp#27;[0m&amp#27;[32m░&amp#27;[0m&amp#27;[32m░&amp#27;[0m&amp#27;[32m░&amp#27;[0m&amp#27;[32m░&amp#27;[0m&amp#27;[32m░&amp#27;[0m&amp#27;[32m░&amp#27;[0m&amp#27;[32m░&amp#27;[0m
&amp#27;[34m▓&amp#27;[0m&amp#27;[34m▓&amp#27;[0m&amp#27;[33m▓&amp#27;[0m&amp#27;[33m▓&amp#27;[0m&amp#27;[33m▓&amp#27;[0m&amp#27;[34m▓&amp#27;[0m&amp#27;[33m▓&amp#27;[0m&amp#27;[32m░&amp#27;[0m&amp#27;[32m░&amp#27;[0m&amp#27;[32m░&amp#27;[0m&amp#27;[32m░&amp#27;[0m&amp#27;[32m░&amp#27;[0m&amp#27;[32m░&amp#27;[0m&amp#27;[33m▓&amp#27;[0m&amp#27;[32m█&amp#27;[0m&amp#27;[32m░&amp#27;[0m&amp#27;[32m░&amp#27;[0m&amp#27;[32m░&amp#27;[0m&amp#27;[34m▓&amp#27;[0m&amp#27;[34m▓&amp#27;[0m&amp#27;[34m▓&amp#27;[0m&amp#27;[33m▓&amp#27;[0m&amp#27;[34m▓&amp#27;[0m&amp#27;[32m░&amp#27;[0m&amp#27;[33m▓&amp#27;[0m&amp#27;[32m░&amp#27;[0m&amp#27;[32m░&amp#27;[0m&amp#27;[33m▓&amp#27;[0m&amp#27;[32m░&amp#27;[0m&amp#27;[32m░&amp#27;[0m&amp#27;[33m▓&amp#27;[0m&amp#27;[33m▓&amp#27;[0m&amp#27;[33m▓&amp#27;[0m&amp#27;[32m░&amp#27;[0m&amp#27;[32m░&amp#27;[0m&amp#27;[33m▓&amp#27;[0m&amp#27;[32m░&amp#27;[0m&amp#27;[32m░&amp#27;[0m&amp#27;[32m░&amp#27;[0m&amp#27;[33m▓&amp#27;[0m&amp#27;[33m▓&amp#27;[0m&amp#27;[32m░&amp#27;[0m&amp#27;[32m░&amp#27;[0m&amp#27;[33m▓&amp#27;[0m&amp#27;[34m▓&amp#27;[0m&amp#27;[32m▓&amp#27;[0m&amp#27;[32m▓&amp#27;[0m&amp#27;[32m▓&amp#27;[0m&amp#27;[32m▓&amp#27;[0m&amp#27;[32m▓&amp#27;[0m&amp#27;[32m▓&amp#27;[0m&amp#27;[32m▒&amp#27;[0m&amp#27;[32m▓&amp#27;[0m&amp#27;[32m▓&amp#27;[0m&amp#27;[32m▒&amp#27;[0m&amp#27;[32m▓&amp#27;[0m&amp#27;[32m▓&amp#27;[0m&amp#27;[32m▓&amp#27;[0m&amp#27;[32m█&amp#27;[0m&amp#27;[33m▓&amp#27;[0m&amp#27;[32m█&amp#27;[0m&amp#27;[32m▒&amp#27;[0m&amp#27;[32m▒&amp#27;[0m&amp#27;[32m▒&amp#27;[0m&amp#27;[32m░&amp#27;[0m&amp#27;[34m▓&amp#27;[0m&amp#27;[32m░&amp#27;[0m&amp#27;[34m▓&amp#27;[0m&amp#27;[34m▓&amp#27;[0m&amp#27;[34m▓&amp#27;[0m&amp#27;[34m▓&amp#27;[0m&amp#27;[34m▓&amp#27;[0m&amp#27;[32m▓&amp#27;[0m&amp#27;[32m▓&amp#27;[0m&amp#27;[32m▓&amp#27;[0m&amp#27;[34m▓&amp#27;[0m&amp#27;[32m▒&amp#27;[0m&amp#27;[32m█&amp#27;[0m&amp#27;[34m▓&amp#27;[0m&amp#27;[32m░&amp#27;[0m&amp#27;[34m▓&amp#27;[0m&amp#27;[32m▒&amp#27;[0m&amp#27;[32m▓&amp#27;[0m&amp#27;[32m▒&amp#27;[0m&amp#27;[34m▓&amp#27;[0m&amp#27;[32m▒&amp#27;[0m&amp#27;[33m▓&amp#27;[0m&amp#27;[34m▓&amp#27;[0m&amp#27;[34m▓&amp#27;[0m&amp#27;[34m▓&amp#27;[0m&amp#27;[33m▓&amp#27;[0m&amp#27;[33m▓&amp#27;[0m&amp#27;[33m▓&amp#27;[0m&amp#27;[33m▓&amp#27;[0m&amp#27;[33m▓&amp#27;[0m&amp#27;[32m█&amp#27;[0m&amp#27;[32m█&amp#27;[0m&amp#27;[34m▓&amp#27;[0m&amp#27;[32m░&amp#27;[0m&amp#27;[34m▓&amp#27;[0m&amp#27;[34m▓&amp#27;[0m&amp#27;[34m▓&amp#27;[0m&amp#27;[34m▓&amp#27;[0m&amp#27;[34m▓&amp#27;[0m&amp#27;[32m░&amp#27;[0m&amp#27;[32m░&amp#27;[0m&amp#27;[32m░&amp#27;[0m&amp#27;[32m░&amp#27;[0m&amp#27;[32m█&amp#27;[0m&amp#27;[32m█&amp#27;[0m&amp#27;[32m█&amp#27;[0m&amp#27;[32m░&amp#27;[0m&amp#27;[32m▒&amp#27;[0m&amp#27;[32m▓&amp#27;[0m&amp#27;[32m▓&amp#27;[0m&amp#27;[32m▓&amp#27;[0m&amp#27;[32m▓&amp#27;[0m&amp#27;[32m▓&amp#27;[0m&amp#27;[32m▓&amp#27;[0m&amp#27;[32m▓&amp#27;[0m&amp#27;[32m▓&amp#27;[0m&amp#27;[32m▓&amp#27;[0m&amp#27;[33m▓&amp#27;[0m&amp#27;[32m▓&amp#27;[0m&amp#27;[32m▓&amp#27;[0m&amp#27;[32m▒&amp#27;[0m&amp#27;[32m█&amp#27;[0m&amp#27;[32m█&amp#27;[0m&amp#27;[32m█&amp#27;[0m&amp#27;[32m▒&amp#27;[0m&amp#27;[34m▓&amp#27;[0m&amp#27;[34m▓&amp#27;[0m&amp#27;[34m▓&amp#27;[0m&amp#27;[34m▓&amp#27;[0m&amp#27;[34m▓&amp#27;[0m&amp#27;[34m▓&amp#27;[0m&amp#27;[32m▒&amp#27;[0m&amp#27;[32m█&amp#27;[0m&amp#27;[32m▒&amp#27;[0m&amp#27;[34m▓&amp#27;[0m&amp#27;[34m▓&amp#27;[0m&amp#27;[32m░&amp#27;[0m&amp#27;[32m░&amp#27;[0m&amp#27;[32m░&amp#27;[0m&amp#27;[32m░&amp#27;[0m&amp#27;[32m░&amp#27;[0m&amp#27;[32m▒&amp#27;[0m&amp#27;[32m░&amp#27;[0m&amp#27;[32m░&amp#27;[0m&amp#27;[32m░&amp#27;[0m&amp#27;[32m░&amp#27;[0m&amp#27;[32m░&amp#27;[0m&amp#27;[32m░&amp#27;[0m&amp#27;[32m░&amp#27;[0m&amp#27;[32m░&amp#27;[0m&amp#27;[32m░&amp#27;[0m&amp#27;[32m░&amp#27;[0m&amp#27;[32m▒&amp#27;[0m&amp#27;[33m▓&amp#27;[0m&amp#27;[33m▓&amp#27;[0m&amp#27;[33m▓&amp#27;[0m&amp#27;[32m▒&amp#27;[0m&amp#27;[32m▒&amp#27;[0m&amp#27;[33m▓&amp#27;[0m&amp#27;[33m▓&amp#27;[0m&amp#27;[32m▒&amp#27;[0m&amp#27;[33m▓&amp#27;[0m&amp#27;[33m▓&amp#27;[0m&amp#27;[34m▓&amp#27;[0m&amp#27;[34m▓&amp#27;[0m&amp#27;[32m▒&amp#27;[0m&amp#27;[34m▓&amp#27;[0m&amp#27;[34m▓&amp#27;[0m&amp#27;[34m▓&amp#27;[0m&amp#27;[34m▓&amp#27;[0m&amp#27;[34m▓&amp#27;[0m&amp#27;[34m▓&amp#27;[0m&amp#27;[34m▓&amp#27;[0m&amp#27;[34m▓&amp#27;[0m&amp#27;[34m▓&amp#27;[0m&amp#27;[34m▓&amp#27;[0m&amp#27;[34m▓&amp#27;[0m&amp#27;[34m▓&amp#27;[0m&amp#27;[32m▓&amp#27;[0m&amp#27;[32m▓&amp#27;[0m&amp#27;[32m▓&amp#27;[0m&amp#27;[32m▒&amp#27;[0m&amp#27;[32m░&amp#27;[0m&amp#27;[34m▓&amp#27;[0m&amp#27;[34m▓&amp#27;[0m&amp#27;[32m▒&amp#27;[0m&amp#27;[34m▓&amp#27;[0m&amp#27;[32m█&amp#27;[0m&amp#27;[32m█&amp#27;[0m&amp#27;[32m█&amp#27;[0m&amp#27;[32m█&amp#27;[0m&amp#27;[32m█&amp#27;[0m&amp#27;[32m█&amp#27;[0m&amp#27;[32m█&amp#27;[0m&amp#27;[32m█&amp#27;[0m&amp#27;[32m█&amp#27;[0m&amp#27;[32m█&amp#27;[0m&amp#27;[32m█&amp#27;[0m&amp#27;[32m█&amp#27;[0m&amp#27;[32m░&amp#27;[0m&amp#27;[32m░&amp#27;[0m&amp#27;[32m█&amp#27;[0m&amp#27;[32m░&amp#27;[0m&amp#27;[32m▓&amp#27;[0m&amp#27;[32m▓&amp#27;[0m&amp#27;[32m▓&amp#27;[0m&amp#27;[32m▓&amp#27;[0m&amp#27;[32m▓&amp#27;[0m&amp#27;[32m▓&amp#27;[0m&amp#27;[32m▒&amp#27;[0m&amp#27;[32m▓&amp#27;[0m&amp#27;[32m▓&amp#27;[0m&amp#27;[32m▓&amp#27;[0m&amp#27;[32m▓&amp#27;[0m&amp#27;[32m▓&amp#27;[0m&amp#27;[32m▓&amp#27;[0m&amp#27;[32m▒&amp#27;[0m&amp#27;[32m▓&amp#27;[0m&amp#27;[32m▓&amp#27;[0m&amp#27;[32m▓&amp#27;[0m&amp#27;[32m▒&amp#27;[0m&amp#27;[32m▓&amp#27;[0m&amp#27;[32m▓&amp#27;[0m&amp#27;[32m▓&amp#27;[0m&amp#27;[32m▓&amp#27;[0m&amp#27;[32m▓&amp#27;[0m&amp#27;[32m▓&amp#27;[0m&amp#27;[32m▒&amp#27;[0m&amp#27;[32m▓&amp#27;[0m&amp#27;[32m▓&amp#27;[0m&amp#27;[32m▓&amp#27;[0m&amp#27;[32m▓&amp#27;[0m&amp#27;[34m▓&amp#27;[0m&amp#27;[34m▓&amp#27;[0m&amp#27;[34m▓&amp#27;[0m&amp#27;[34m▓&amp#27;[0m&amp#27;[32m░&amp#27;[0m&amp#27;[34m▓&amp#27;[0m&amp#27;[34m▓&amp#27;[0m&amp#27;[34m▓&amp#27;[0m&amp#27;[34m▓&amp#27;[0m&amp#27;[34m▓&amp#27;[0m&amp#27;[34m▓&amp#27;[0m&amp#27;[34m▓&amp#27;[0m&amp#27;[34m▓&amp#27;[0m&amp#27;[34m▓&amp#27;[0m&amp#27;[34m▓&amp#27;[0m&amp#27;[34m▓&amp#27;[0m&amp#27;[32m▒&amp#27;[0m&amp#27;[32m▓&amp#27;[0m&amp#27;[32m▓&amp#27;[0m&amp#27;[32m▓&amp#27;[0m&amp#27;[32m▓&amp#27;[0m&amp#27;[32m▓&amp#27;[0m&amp#27;[34m▓&amp#27;[0m&amp#27;[34m▓&amp#27;[0m&amp#27;[34m▓&amp#27;[0m&amp#27;[32m▓&amp#27;[0m&amp#27;[34m▓&amp#27;[0m&amp#27;[32m▓&amp#27;[0m&amp#27;[32m░&amp#27;[0m&amp#27;[32m░&amp#27;[0m&amp#27;[32m░&amp#27;[0m&amp#27;[34m▓&amp#27;[0m&amp#27;[34m▓&amp#27;[0m&amp#27;[34m▓&amp#27;[0m&amp#27;[34m▓&amp#27;[0m&amp#27;[34m▓&amp#27;[0m&amp#27;[34m▓&amp#27;[0m&amp#27;[32m▓&amp#27;[0m&amp#27;[34m▓&amp#27;[0m&amp#27;[34m▓&amp#27;[0m&amp#27;[34m▓&amp#27;[0m&amp#27;[32m▒&amp#27;[0m&amp#27;[34m▓&amp#27;[0m&amp#27;[32m█&amp#27;[0m&amp#27;[32m█&amp#27;[0m&amp#27;[32m█&amp#27;[0m&amp#27;[32m█&amp#27;[0m&amp#27;[33m▓&amp#27;[0m&amp#27;[32m█&amp#27;[0m&amp#27;[32m█&amp#27;[0m&amp#27;[32m█&amp#27;[0m&amp#27;[33m▓&amp#27;[0m&amp#27;[33m▓&amp#27;[0m&amp#27;[33m▓&amp#27;[0m&amp#27;[32m░&amp#27;[0m&amp#27;[32m░&amp#27;[0m&amp#27;[32m░&amp#27;[0m&amp#27;[32m▓&amp#27;[0m&amp#27;[32m░&amp#27;[0m&amp#27;[32m░&amp#27;[0m&amp#27;[32m░&amp#27;[0m&amp#27;[32m░&amp#27;[0m&amp#27;[32m░&amp#27;[0m
&amp#27;[34m▓&amp#27;[0m&amp#27;[34m▓&amp#27;[0m&amp#27;[34m▓&amp#27;[0m&amp#27;[34m▓&amp#27;[0m&amp#27;[34m▓&amp#27;[0m&amp#27;[32m░&amp#27;[0m&amp#27;[32m░&amp#27;[0m&amp#27;[32m█&amp#27;[0m&amp#27;[32m░&amp#27;[0m&amp#27;[32m░&amp#27;[0m&amp#27;[32m░&amp#27;[0m&amp#27;[32m░&amp#27;[0m&amp#27;[32m░&amp#27;[0m&amp#27;[33m▓&amp#27;[0m&amp#27;[34m▓&amp#27;[0m&amp#27;[34m▓&amp#27;[0m&amp#27;[33m▓&amp#27;[0m&amp#27;[34m▓&amp#27;[0m&amp#27;[33m▓&amp#27;[0m&amp#27;[32m█&amp#27;[0m&amp#27;[33m▓&amp#27;[0m&amp#27;[34m▓&amp#27;[0m&amp#27;[33m▓&amp#27;[0m&amp#27;[32m░&amp#27;[0m&amp#27;[33m▓&amp#27;[0m&amp#27;[32m░&amp#27;[0m&amp#27;[32m░&amp#27;[0m&amp#27;[32m░&amp#27;[0m&amp#27;[32m░&amp#27;[0m&amp#27;[32m░&amp#27;[0m&amp#27;[32m░&amp#27;[0m&amp#27;[32m░&amp#27;[0m&amp#27;[33m▓&amp#27;[0m&amp#27;[32m░&amp#27;[0m&amp#27;[32m░&amp#27;[0m&amp#27;[32m░&amp#27;[0m&amp#27;[32m░&amp#27;[0m&amp#27;[32m░&amp#27;[0m&amp#27;[32m░&amp#27;[0m&amp#27;[32m░&amp#27;[0m&amp#27;[33m▓&amp#27;[0m&amp#27;[32m░&amp#27;[0m&amp#27;[32m░&amp#27;[0m&amp#27;[32m░&amp#27;[0m&amp#27;[34m▓&amp#27;[0m&amp#27;[34m▓&amp#27;[0m&amp#27;[33m▓&amp#27;[0m&amp#27;[33m▓&amp#27;[0m&amp#27;[32m▓&amp#27;[0m&amp#27;[32m▓&amp#27;[0m&amp#27;[32m▓&amp#27;[0m&amp#27;[32m▓&amp#27;[0m&amp#27;[32m▓&amp#27;[0m&amp#27;[32m▓&amp#27;[0m&amp#27;[32m▓&amp#27;[0m&amp#27;[32m▓&amp#27;[0m&amp#27;[32m▓&amp#27;[0m&amp#27;[32m█&amp#27;[0m&amp#27;[32m▒&amp#27;[0m&amp#27;[32m█&amp#27;[0m&amp#27;[32m█&amp#27;[0m&amp#27;[32m█&amp#27;[0m&amp#27;[33m▓&amp#27;[0m&amp#27;[32m▒&amp#27;[0m&amp#27;[32m▒&amp#27;[0m&amp#27;[32m▒&amp#27;[0m&amp#27;[34m▓&amp#27;[0m&amp#27;[34m▓&amp#27;[0m&amp#27;[32m▒&amp#27;[0m&amp#27;[34m▓&amp#27;[0m&amp#27;[34m▓&amp#27;[0m&amp#27;[32m▒&amp#27;[0m&amp#27;[32m▓&amp#27;[0m&amp#27;[32m▓&amp#27;[0m&amp#27;[32m▒&amp#27;[0m&amp#27;[34m▓&amp#27;[0m&amp#27;[32m▒&amp#27;[0m&amp#27;[34m▓&amp#27;[0m&amp#27;[34m▓&amp#27;[0m&amp#27;[32m░&amp#27;[0m&amp#27;[34m▓&amp#27;[0m&amp#27;[34m▓&amp#27;[0m&amp#27;[34m▓&amp#27;[0m&amp#27;[34m▓&amp#27;[0m&amp#27;[34m▓&amp#27;[0m&amp#27;[32m░&amp#27;[0m&amp#27;[32m░&amp#27;[0m&amp#27;[32m▒&amp#27;[0m&amp#27;[32m░&amp#27;[0m&amp#27;[33m▓&amp#27;[0m&amp#27;[33m▓&amp#27;[0m&amp#27;[33m▓&amp#27;[0m&amp#27;[33m▓&amp#27;[0m&amp#27;[33m▓&amp#27;[0m&amp#27;[33m▓&amp#27;[0m&amp#27;[32m▒&amp#27;[0m&amp#27;[32m▒&amp#27;[0m&amp#27;[34m▓&amp#27;[0m&amp#27;[32m▒&amp#27;[0m&amp#27;[32m▒&amp#27;[0m&amp#27;[34m▓&amp#27;[0m&amp#27;[34m▓&amp#27;[0m&amp#27;[34m▓&amp#27;[0m&amp#27;[32m▒&amp#27;[0m&amp#27;[32m░&amp#27;[0m&amp#27;[32m░&amp#27;[0m&amp#27;[32m▒&amp#27;[0m&amp#27;[32m▒&amp#27;[0m&amp#27;[32m░&amp#27;[0m&amp#27;[32m█&amp#27;[0m&amp#27;[32m░&amp#27;[0m&amp#27;[32m░&amp#27;[0m&amp#27;[33m▓&amp#27;[0m&amp#27;[32m▓&amp#27;[0m&amp#27;[32m▓&amp#27;[0m&amp#27;[32m▓&amp#27;[0m&amp#27;[32m▓&amp#27;[0m&amp#27;[32m▓&amp#27;[0m&amp#27;[32m▓&amp#27;[0m&amp#27;[32m▓&amp#27;[0m&amp#27;[32m▓&amp#27;[0m&amp#27;[32m▒&amp#27;[0m&amp#27;[32m▓&amp#27;[0m&amp#27;[32m▓&amp#27;[0m&amp#27;[33m▓&amp#27;[0m&amp#27;[32m▒&amp#27;[0m&amp#27;[33m▓&amp#27;[0m&amp#27;[32m▓&amp#27;[0m&amp#27;[32m▓&amp#27;[0m&amp#27;[32m▓&amp#27;[0m&amp#27;[34m▓&amp#27;[0m&amp#27;[34m▓&amp#27;[0m&amp#27;[32m█&amp#27;[0m&amp#27;[34m▓&amp#27;[0m&amp#27;[34m▓&amp#27;[0m&amp#27;[34m▓&amp#27;[0m&amp#27;[32m█&amp#27;[0m&amp#27;[32m█&amp#27;[0m&amp#27;[32m█&amp#27;[0m&amp#27;[34m▓&amp#27;[0m&amp#27;[34m▓&amp#27;[0m&amp#27;[32m░&amp#27;[0m&amp#27;[32m░&amp#27;[0m&amp#27;[32m░&amp#27;[0m&amp#27;[32m░&amp#27;[0m&amp#27;[32m░&amp#27;[0m&amp#27;[32m▒&amp#27;[0m&amp#27;[32m▒&amp#27;[0m&amp#27;[32m░&amp#27;[0m&amp#27;[32m░&amp#27;[0m&amp#27;[32m░&amp#27;[0m&amp#27;[32m░&amp#27;[0m&amp#27;[32m░&amp#27;[0m&amp#27;[32m▒&amp#27;[0m&amp#27;[32m░&amp#27;[0m&amp#27;[32m░&amp#27;[0m&amp#27;[32m░&amp#27;[0m&amp#27;[33m▓&amp#27;[0m&amp#27;[33m▓&amp#27;[0m&amp#27;[33m▓&amp#27;[0m&amp#27;[33m▓&amp#27;[0m&amp#27;[33m▓&amp#27;[0m&amp#27;[33m▓&amp#27;[0m&amp#27;[33m▓&amp#27;[0m&amp#27;[33m▓&amp#27;[0m&amp#27;[33m▓&amp#27;[0m&amp#27;[32m▒&amp#27;[0m&amp#27;[32m▒&amp#27;[0m&amp#27;[34m▓&amp#27;[0m&amp#27;[34m▓&amp#27;[0m&amp#27;[34m▓&amp#27;[0m&amp#27;[34m▓&amp#27;[0m&amp#27;[32m▒&amp#27;[0m&amp#27;[34m▓&amp#27;[0m&amp#27;[32m▒&amp#27;[0m&amp#27;[34m▓&amp#27;[0m&amp#27;[34m▓&amp#27;[0m&amp#27;[34m▓&amp#27;[0m&amp#27;[34m▓&amp#27;[0m&amp#27;[34m▓&amp#27;[0m&amp#27;[34m▓&amp#27;[0m&amp#27;[32m█&amp#27;[0m&amp#27;[34m▓&amp#27;[0m&amp#27;[32m▒&amp#27;[0m&amp#27;[32m▓&amp#27;[0m&amp#27;[32m▓&amp#27;[0m&amp#27;[34m▓&amp#27;[0m&amp#27;[34m▓&amp#27;[0m&amp#27;[32m░&amp#27;[0m&amp#27;[34m▓&amp#27;[0m&amp#27;[34m▓&amp#27;[0m&amp#27;[34m▓&amp#27;[0m&amp#27;[32m█&amp#27;[0m&amp#27;[32m▒&amp#27;[0m&amp#27;[33m▓&amp#27;[0m&amp#27;[32m█&amp#27;[0m&amp#27;[32m█&amp#27;[0m&amp#27;[32m█&amp#27;[0m&amp#27;[32m█&amp#27;[0m&amp#27;[32m█&amp#27;[0m&amp#27;[32m█&amp#27;[0m&amp#27;[32m█&amp#27;[0m&amp#27;[32m█&amp#27;[0m&amp#27;[32m░&amp#27;[0m&amp#27;[32m░&amp#27;[0m&amp#27;[32m░&amp#27;[0m&amp#27;[32m░&amp#27;[0m&amp#27;[32m░&amp#27;[0m&amp#27;[32m▓&amp#27;[0m&amp#27;[32m▓&amp#27;[0m&amp#27;[32m▓&amp#27;[0m&amp#27;[33m▓&amp#27;[0m&amp#27;[32m▓&amp#27;[0m&amp#27;[32m▓&amp#27;[0m&amp#27;[32m▓&amp#27;[0m&amp#27;[32m▓&amp#27;[0m&amp#27;[33m▓&amp#27;[0m&amp#27;[32m▒&amp#27;[0m&amp#27;[32m▓&amp#27;[0m&amp#27;[33m▓&amp#27;[0m&amp#27;[32m▓&amp#27;[0m&amp#27;[32m▓&amp#27;[0m&amp#27;[32m▓&amp#27;[0m&amp#27;[32m▓&amp#27;[0m&amp#27;[32m▓&amp#27;[0m&amp#27;[32m▓&amp#27;[0m&amp#27;[32m▓&amp#27;[0m&amp#27;[32m▓&amp#27;[0m&amp#27;[32m▓&amp#27;[0m&amp#27;[32m█&amp#27;[0m&amp#27;[32m▓&amp#27;[0m&amp#27;[32m▓&amp#27;[0m&amp#27;[32m▓&amp#27;[0m&amp#27;[32m▓&amp#27;[0m&amp#27;[32m▓&amp#27;[0m&amp#27;[32m▓&amp#27;[0m&amp#27;[32m▒&amp#27;[0m&amp#27;[34m▓&amp#27;[0m&amp#27;[34m▓&amp#27;[0m&amp#27;[34m▓&amp#27;[0m&amp#27;[32m▒&amp#27;[0m&amp#27;[34m▓&amp#27;[0m&amp#27;[34m▓&amp#27;[0m&amp#27;[34m▓&amp#27;[0m&amp#27;[32m▒&amp#27;[0m&amp#27;[34m▓&amp#27;[0m&amp#27;[34m▓&amp#27;[0m&amp#27;[34m▓&amp#27;[0m&amp#27;[32m▓&amp#27;[0m&amp#27;[32m░&amp#27;[0m&amp#27;[34m▓&amp#27;[0m&amp#27;[34m▓&amp#27;[0m&amp#27;[34m▓&amp#27;[0m&amp#27;[33m▓&amp#27;[0m&amp#27;[32m▓&amp#27;[0m&amp#27;[32m▓&amp#27;[0m&amp#27;[32m▓&amp#27;[0m&amp#27;[32m▓&amp#27;[0m&amp#27;[32m▓&amp#27;[0m&amp#27;[34m▓&amp#27;[0m&amp#27;[34m▓&amp#27;[0m&amp#27;[32m▓&amp#27;[0m&amp#27;[32m▓&amp#27;[0m&amp#27;[32m▓&amp#27;[0m&amp#27;[32m░&amp#27;[0m&amp#27;[32m░&amp#27;[0m&amp#27;[32m░&amp#27;[0m&amp#27;[32m▓&amp#27;[0m&amp#27;[34m▓&amp#27;[0m&amp#27;[34m▓&amp#27;[0m&amp#27;[34m▓&amp#27;[0m&amp#27;[34m▓&amp#27;[0m&amp#27;[34m▓&amp#27;[0m&amp#27;[33m▓&amp#27;[0m&amp#27;[34m▓&amp#27;[0m&amp#27;[34m▓&amp#27;[0m&amp#27;[34m▓&amp#27;[0m&amp#27;[34m▓&amp#27;[0m&amp#27;[34m▓&amp#27;[0m&amp#27;[32m█&amp#27;[0m&amp#27;[32m█&amp#27;[0m&amp#27;[32m█&amp#27;[0m&amp#27;[32m█&amp#27;[0m&amp#27;[33m▓&amp#27;[0m&amp#27;[33m▓&amp#27;[0m&amp#27;[33m▓&amp#27;[0m&amp#27;[32m█&amp#27;[0m&amp#27;[32m█&amp#27;[0m&amp#27;[32m█&amp#27;[0m&amp#27;[33m▓&amp#27;[0m&amp#27;[32m░&amp#27;[0m&amp#27;[32m█&amp#27;[0m&amp#27;[32m░&amp#27;[0m&amp#27;[32m░&amp#27;[0m&amp#27;[32m░&amp#27;[0m&amp#27;[32m░&amp#27;[0m&amp#27;[32m░&amp#27;[0m&amp#27;[32m░&amp#27;[0m&amp#27;[32m░&amp#27;[0m&amp#27;[32m░&amp#27;[0m
&amp#27;[32m█&amp#27;[0m&amp#27;[34m▓&amp#27;[0m&amp#27;[33m▓&amp#27;[0m&amp#27;[34m▓&amp#27;[0m&amp#27;[34m▓&amp#27;[0m&amp#27;[34m▓&amp#27;[0m&amp#27;[34m▓&amp#27;[0m&amp#27;[33m▓&amp#27;[0m&amp#27;[33m▓&amp#27;[0m&amp#27;[33m▓&amp#27;[0m&amp#27;[33m▓&amp#27;[0m&amp#27;[32m░&amp#27;[0m&amp#27;[34m▓&amp#27;[0m&amp#27;[34m▓&amp#27;[0m&amp#27;[33m▓&amp#27;[0m&amp#27;[34m▓&amp#27;[0m&amp#27;[33m▓&amp#27;[0m&amp#27;[34m▓&amp#27;[0m&amp#27;[34m▓&amp#27;[0m&amp#27;[34m▓&amp#27;[0m&amp#27;[34m▓&amp#27;[0m&amp#27;[34m▓&amp#27;[0m&amp#27;[34m▓&amp#27;[0m&amp#27;[32m░&amp#27;[0m&amp#27;[33m▓&amp#27;[0m&amp#27;[32m░&amp#27;[0m&amp#27;[32m░&amp#27;[0m&amp#27;[32m░&amp#27;[0m&amp#27;[32m▓&amp#27;[0m&amp#27;[32m░&amp#27;[0m&amp#27;[32m░&amp#27;[0m&amp#27;[32m▓&amp#27;[0m&amp#27;[33m▓&amp#27;[0m&amp#27;[32m▓&amp#27;[0m&amp#27;[32m░&amp#27;[0m&amp#27;[32m░&amp#27;[0m&amp#27;[32m░&amp#27;[0m&amp#27;[32m░&amp#27;[0m&amp#27;[32m░&amp#27;[0m&amp#27;[32m░&amp#27;[0m&amp#27;[33m▓&amp#27;[0m&amp#27;[32m░&amp#27;[0m&amp#27;[33m▓&amp#27;[0m&amp#27;[33m▓&amp#27;[0m&amp#27;[34m▓&amp#27;[0m&amp#27;[34m▓&amp#27;[0m&amp#27;[34m▓&amp#27;[0m&amp#27;[33m▓&amp#27;[0m&amp#27;[33m▓&amp#27;[0m&amp#27;[32m▓&amp#27;[0m&amp#27;[32m▓&amp#27;[0m&amp#27;[32m▓&amp#27;[0m&amp#27;[32m▓&amp#27;[0m&amp#27;[32m▒&amp#27;[0m&amp#27;[32m▒&amp#27;[0m&amp#27;[32m▒&amp#27;[0m&amp#27;[32m▓&amp#27;[0m&amp#27;[33m▓&amp#27;[0m&amp#27;[33m▓&amp#27;[0m&amp#27;[33m▓&amp#27;[0m&amp#27;[32m█&amp#27;[0m&amp#27;[34m▓&amp#27;[0m&amp#27;[34m▓&amp#27;[0m&amp#27;[32m░&amp#27;[0m&amp#27;[32m░&amp#27;[0m&amp#27;[32m░&amp#27;[0m&amp#27;[32m▒&amp#27;[0m&amp#27;[32m▒&amp#27;[0m&amp#27;[32m▒&amp#27;[0m&amp#27;[32m▒&amp#27;[0m&amp#27;[32m▓&amp#27;[0m&amp#27;[32m▒&amp#27;[0m&amp#27;[34m▓&amp#27;[0m&amp#27;[34m▓&amp#27;[0m&amp#27;[34m▓&amp#27;[0m&amp#27;[34m▓&amp#27;[0m&amp#27;[32m▒&amp#27;[0m&amp#27;[34m▓&amp#27;[0m&amp#27;[32m▒&amp#27;[0m&amp#27;[34m▓&amp#27;[0m&amp#27;[32m▒&amp#27;[0m&amp#27;[34m▓&amp#27;[0m&amp#27;[32m▒&amp#27;[0m&amp#27;[34m▓&amp#27;[0m&amp#27;[32m░&amp#27;[0m&amp#27;[32m▒&amp#27;[0m&amp#27;[32m░&amp#27;[0m&amp#27;[32m▒&amp#27;[0m&amp#27;[32m░&amp#27;[0m&amp#27;[32m▒&amp#27;[0m&amp#27;[33m▓&amp#27;[0m&amp#27;[33m▓&amp#27;[0m&amp#27;[33m▓&amp#27;[0m&amp#27;[33m▓&amp#27;[0m&amp#27;[33m▓&amp#27;[0m&amp#27;[33m▓&amp#27;[0m&amp#27;[34m▓&amp#27;[0m&amp#27;[34m▓&amp#27;[0m&amp#27;[34m▓&amp#27;[0m&amp#27;[34m▓&amp#27;[0m&amp#27;[34m▓&amp#27;[0m&amp#27;[34m▓&amp#27;[0m&amp#27;[34m▓&amp#27;[0m&amp#27;[34m▓&amp#27;[0m&amp#27;[32m░&amp#27;[0m&amp#27;[32m░&amp#27;[0m&amp#27;[32m░&amp#27;[0m&amp#27;[32m░&amp#27;[0m&amp#27;[32m░&amp#27;[0m&amp#27;[32m░&amp#27;[0m&amp#27;[32m░&amp#27;[0m&amp#27;[32m░&amp#27;[0m&amp#27;[32m▓&amp#27;[0m&amp#27;[32m▓&amp#27;[0m&amp#27;[32m▓&amp#27;[0m&amp#27;[32m▒&amp#27;[0m&amp#27;[32m▓&amp#27;[0m&amp#27;[32m▒&amp#27;[0m&amp#27;[32m▒&amp#27;[0m&amp#27;[32m▓&amp#27;[0m&amp#27;[32m▓&amp#27;[0m&amp#27;[32m▓&amp#27;[0m&amp#27;[32m▓&amp#27;[0m&amp#27;[32m▓&amp#27;[0m&amp#27;[32m▓&amp#27;[0m&amp#27;[32m▓&amp#27;[0m&amp#27;[32m▒&amp#27;[0m&amp#27;[32m▓&amp#27;[0m&amp#27;[32m▓&amp#27;[0m&amp#27;[32m▓&amp#27;[0m&amp#27;[34m▓&amp#27;[0m&amp#27;[34m▓&amp#27;[0m&amp#27;[34m▓&amp#27;[0m&amp#27;[32m▒&amp#27;[0m&amp#27;[32m▓&amp#27;[0m&amp#27;[32m▒&amp#27;[0m&amp#27;[34m▓&amp#27;[0m&amp#27;[34m▓&amp#27;[0m&amp#27;[34m▓&amp#27;[0m&amp#27;[34m▓&amp#27;[0m&amp#27;[34m▓&amp#27;[0m&amp#27;[32m▒&amp#27;[0m&amp#27;[32m▒&amp#27;[0m&amp#27;[32m░&amp#27;[0m&amp#27;[32m░&amp#27;[0m&amp#27;[32m░&amp#27;[0m&amp#27;[32m░&amp#27;[0m&amp#27;[32m░&amp#27;[0m&amp#27;[32m▓&amp#27;[0m&amp#27;[32m▓&amp#27;[0m&amp#27;[32m▒&amp#27;[0m&amp#27;[32m░&amp#27;[0m&amp#27;[32m░&amp#27;[0m&amp#27;[32m░&amp#27;[0m&amp#27;[32m░&amp#27;[0m&amp#27;[32m░&amp#27;[0m&amp#27;[32m░&amp#27;[0m&amp#27;[33m▓&amp#27;[0m&amp#27;[33m▓&amp#27;[0m&amp#27;[33m▓&amp#27;[0m&amp#27;[33m▓&amp#27;[0m&amp#27;[33m▓&amp#27;[0m&amp#27;[33m▓&amp#27;[0m&amp#27;[33m▓&amp#27;[0m&amp#27;[32m▒&amp#27;[0m&amp#27;[33m▓&amp#27;[0m&amp#27;[34m▓&amp#27;[0m&amp#27;[32m▒&amp#27;[0m&amp#27;[34m▓&amp#27;[0m&amp#27;[34m▓&amp#27;[0m&amp#27;[34m▓&amp#27;[0m&amp#27;[34m▓&amp#27;[0m&amp#27;[32m░&amp#27;[0m&amp#27;[34m▓&amp#27;[0m&amp#27;[32m▓&amp#27;[0m&amp#27;[32m░&amp#27;[0m&amp#27;[32m░&amp#27;[0m&amp#27;[32m▓&amp#27;[0m&amp#27;[34m▓&amp#27;[0m&amp#27;[34m▓&amp#27;[0m&amp#27;[32m█&amp#27;[0m&amp#27;[34m▓&amp#27;[0m&amp#27;[34m▓&amp#27;[0m&amp#27;[32m▓&amp#27;[0m&amp#27;[32m▓&amp#27;[0m&amp#27;[32m▓&amp#27;[0m&amp#27;[34m▓&amp#27;[0m&amp#27;[32m▒&amp#27;[0m&amp#27;[34m▓&amp#27;[0m&amp#27;[34m▓&amp#27;[0m&amp#27;[34m▓&amp#27;[0m&amp#27;[34m▓&amp#27;[0m&amp#27;[34m▓&amp#27;[0m&amp#27;[32m█&amp#27;[0m&amp#27;[32m▒&amp#27;[0m&amp#27;[32m█&amp#27;[0m&amp#27;[32m█&amp#27;[0m&amp#27;[32m█&amp#27;[0m&amp#27;[32m█&amp#27;[0m&amp#27;[32m█&amp#27;[0m&amp#27;[32m█&amp#27;[0m&amp#27;[32m▒&amp#27;[0m&amp#27;[32m░&amp#27;[0m&amp#27;[33m▓&amp#27;[0m&amp#27;[32m░&amp#27;[0m&amp#27;[32m░&amp#27;[0m&amp#27;[32m░&amp#27;[0m&amp#27;[32m░&amp#27;[0m&amp#27;[32m░&amp#27;[0m&amp#27;[33m▓&amp#27;[0m&amp#27;[32m▒&amp#27;[0m&amp#27;[32m▓&amp#27;[0m&amp#27;[32m▓&amp#27;[0m&amp#27;[32m▓&amp#27;[0m&amp#27;[32m▓&amp#27;[0m&amp#27;[33m▓&amp#27;[0m&amp#27;[33m▓&amp#27;[0m&amp#27;[33m▓&amp#27;[0m&amp#27;[32m▓&amp#27;[0m&amp#27;[32m▓&amp#27;[0m&amp#27;[32m▓&amp#27;[0m&amp#27;[32m▓&amp#27;[0m&amp#27;[32m▓&amp#27;[0m&amp#27;[33m▓&amp#27;[0m&amp#27;[32m▒&amp#27;[0m&amp#27;[33m▓&amp#27;[0m&amp#27;[32m▓&amp#27;[0m&amp#27;[32m▓&amp#27;[0m&amp#27;[32m▓&amp#27;[0m&amp#27;[32m▓&amp#27;[0m&amp#27;[32m▓&amp#27;[0m&amp#27;[32m▓&amp#27;[0m&amp#27;[32m▓&amp#27;[0m&amp#27;[32m▓&amp#27;[0m&amp#27;[32m▓&amp#27;[0m&amp#27;[32m▓&amp#27;[0m&amp#27;[32m▓&amp#27;[0m&amp#27;[34m▓&amp#27;[0m&amp#27;[34m▓&amp#27;[0m&amp#27;[34m▓&amp#27;[0m&amp#27;[32m█&amp#27;[0m&amp#27;[32m░&amp#27;[0m&amp#27;[34m▓&amp#27;[0m&amp#27;[34m▓&amp#27;[0m&amp#27;[32m▒&amp#27;[0m&amp#27;[34m▓&amp#27;[0m&amp#27;[34m▓&amp#27;[0m&amp#27;[34m▓&amp#27;[0m&amp#27;[32m▒&amp#27;[0m&amp#27;[34m▓&amp#27;[0m&amp#27;[34m▓&amp#27;[0m&amp#27;[32m░&amp#27;[0m&amp#27;[32m█&amp#27;[0m&amp#27;[34m▓&amp#27;[0m&amp#27;[34m▓&amp#27;[0m&amp#27;[34m▓&amp#27;[0m&amp#27;[33m▓&amp#27;[0m&amp#27;[32m░&amp#27;[0m&amp#27;[32m░&amp#27;[0m&amp#27;[32m░&amp#27;[0m&amp#27;[32m░&amp#27;[0m&amp#27;[34m▓&amp#27;[0m&amp#27;[32m▓&amp#27;[0m&amp#27;[32m░&amp#27;[0m&amp#27;[32m░&amp#27;[0m&amp#27;[34m▓&amp#27;[0m&amp#27;[34m▓&amp#27;[0m&amp#27;[32m█&amp#27;[0m&amp#27;[34m▓&amp#27;[0m&amp#27;[34m▓&amp#27;[0m&amp#27;[34m▓&amp#27;[0m&amp#27;[32m█&amp#27;[0m&amp#27;[34m▓&amp#27;[0m&amp#27;[34m▓&amp#27;[0m&amp#27;[34m▓&amp#27;[0m&amp#27;[34m▓&amp#27;[0m&amp#27;[34m▓&amp#27;[0m&amp#27;[34m▓&amp#27;[0m&amp#27;[34m▓&amp#27;[0m&amp#27;[32m█&amp#27;[0m&amp#27;[32m█&amp#27;[0m&amp#27;[32m█&amp#27;[0m&amp#27;[32m█&amp#27;[0m&amp#27;[32m█&amp#27;[0m&amp#27;[33m▓&amp#27;[0m&amp#27;[32m█&amp#27;[0m&amp#27;[32m█&amp#27;[0m&amp#27;[32m█&amp#27;[0m&amp#27;[32m█&amp#27;[0m&amp#27;[32m█&amp#27;[0m&amp#27;[32m█&amp#27;[0m&amp#27;[32m░&amp#27;[0m&amp#27;[32m░&amp#27;[0m&amp#27;[32m▓&amp#27;[0m&amp#27;[32m░&amp#27;[0m&amp#27;[32m░&amp#27;[0m&amp#27;[32m▓&amp#27;[0m&amp#27;[32m░&amp#27;[0m&amp#27;[32m░&amp#27;[0m&amp#27;[32m░&amp#27;[0m
&amp#27;[33m▓&amp#27;[0m&amp#27;[34m▓&amp#27;[0m&amp#27;[33m▓&amp#27;[0m&amp#27;[34m▓&amp#27;[0m&amp#27;[33m▓&amp#27;[0m&amp#27;[33m▓&amp#27;[0m&amp#27;[33m▓&amp#27;[0m&amp#27;[34m▓&amp#27;[0m&amp#27;[33m▓&amp#27;[0m&amp#27;[32m░&amp#27;[0m&amp#27;[32m░&amp#27;[0m&amp#27;[34m▓&amp#27;[0m&amp#27;[33m▓&amp#27;[0m&amp#27;[32m█&amp#27;[0m&amp#27;[32m█&amp#27;[0m&amp#27;[32m█&amp#27;[0m&amp#27;[34m▓&amp#27;[0m&amp#27;[33m▓&amp#27;[0m&amp#27;[32m█&amp#27;[0m&amp#27;[33m▓&amp#27;[0m&amp#27;[34m▓&amp#27;[0m&amp#27;[34m▓&amp#27;[0m&amp#27;[34m▓&amp#27;[0m&amp#27;[34m▓&amp#27;[0m&amp#27;[34m▓&amp#27;[0m&amp#27;[33m▓&amp#27;[0m&amp#27;[33m▓&amp#27;[0m&amp#27;[32m░&amp#27;[0m&amp#27;[32m░&amp#27;[0m&amp#27;[32m░&amp#27;[0m&amp#27;[32m▓&amp#27;[0m&amp#27;[32m▓&amp#27;[0m&amp#27;[32m▓&amp#27;[0m&amp#27;[33m▓&amp#27;[0m&amp#27;[33m▓&amp#27;[0m&amp#27;[33m▓&amp#27;[0m&amp#27;[32m░&amp#27;[0m&amp#27;[32m░&amp#27;[0m&amp#27;[32m░&amp#27;[0m&amp#27;[32m░&amp#27;[0m&amp#27;[32m░&amp#27;[0m&amp#27;[32m░&amp#27;[0m&amp#27;[32m░&amp#27;[0m&amp#27;[33m▓&amp#27;[0m&amp#27;[34m▓&amp#27;[0m&amp#27;[34m▓&amp#27;[0m&amp#27;[34m▓&amp#27;[0m&amp#27;[34m▓&amp#27;[0m&amp#27;[34m▓&amp#27;[0m&amp#27;[33m▓&amp#27;[0m&amp#27;[32m▒&amp#27;[0m&amp#27;[32m░&amp#27;[0m&amp#27;[32m░&amp#27;[0m&amp#27;[34m▓&amp#27;[0m&amp#27;[34m▓&amp#27;[0m&amp#27;[32m▒&amp#27;[0m&amp#27;[34m▓&amp#27;[0m&amp#27;[32m▒&amp#27;[0m&amp#27;[33m▓&amp#27;[0m&amp#27;[32m█&amp#27;[0m&amp#27;[32m░&amp#27;[0m&amp#27;[34m▓&amp#27;[0m&amp#27;[34m▓&amp#27;[0m&amp#27;[32m░&amp#27;[0m&amp#27;[32m▒&amp#27;[0m&amp#27;[32m░&amp#27;[0m&amp#27;[34m▓&amp#27;[0m&amp#27;[34m▓&amp#27;[0m&amp#27;[34m▓&amp#27;[0m&amp#27;[34m▓&amp#27;[0m&amp#27;[34m▓&amp#27;[0m&amp#27;[32m▒&amp#27;[0m&amp#27;[34m▓&amp#27;[0m&amp#27;[33m▓&amp#27;[0m&amp#27;[34m▓&amp#27;[0m&amp#27;[34m▓&amp#27;[0m&amp#27;[32m▒&amp#27;[0m&amp#27;[34m▓&amp#27;[0m&amp#27;[34m▓&amp#27;[0m&amp#27;[34m▓&amp#27;[0m&amp#27;[34m▓&amp#27;[0m&amp#27;[34m▓&amp#27;[0m&amp#27;[34m▓&amp#27;[0m&amp#27;[32m▓&amp#27;[0m&amp#27;[32m░&amp#27;[0m&amp#27;[32m░&amp#27;[0m&amp#27;[32m░&amp#27;[0m&amp#27;[32m▒&amp#27;[0m&amp#27;[32m░&amp#27;[0m&amp#27;[32m▒&amp#27;[0m&amp#27;[33m▓&amp#27;[0m&amp#27;[32m▒&amp#27;[0m&amp#27;[32m▒&amp#27;[0m&amp#27;[33m▓&amp#27;[0m&amp#27;[33m▓&amp#27;[0m&amp#27;[32m▒&amp#27;[0m&amp#27;[34m▓&amp#27;[0m&amp#27;[34m▓&amp#27;[0m&amp#27;[32m▒&amp#27;[0m&amp#27;[32m▒&amp#27;[0m&amp#27;[32m▒&amp#27;[0m&amp#27;[34m▓&amp#27;[0m&amp#27;[32m▒&amp#27;[0m&amp#27;[32m▒&amp#27;[0m&amp#27;[32m░&amp#27;[0m&amp#27;[32m░&amp#27;[0m&amp#27;[32m░&amp#27;[0m&amp#27;[32m▒&amp#27;[0m&amp#27;[32m▒&amp#27;[0m&amp#27;[32m░&amp#27;[0m&amp#27;[32m▒&amp#27;[0m&amp#27;[32m░&amp#27;[0m&amp#27;[32m▒&amp#27;[0m&amp#27;[32m▓&amp#27;[0m&amp#27;[32m▓&amp#27;[0m&amp#27;[32m▓&amp#27;[0m&amp#27;[32m▓&amp#27;[0m&amp#27;[32m▓&amp#27;[0m&amp#27;[32m▓&amp#27;[0m&amp#27;[32m▓&amp#27;[0m&amp#27;[32m▒&amp#27;[0m&amp#27;[32m▓&amp#27;[0m&amp#27;[32m▓&amp#27;[0m&amp#27;[32m▓&amp#27;[0m&amp#27;[32m▓&amp#27;[0m&amp#27;[32m▓&amp#27;[0m&amp#27;[32m▓&amp#27;[0m&amp#27;[32m▓&amp#27;[0m&amp#27;[32m▒&amp#27;[0m&amp#27;[32m▒&amp#27;[0m&amp#27;[32m░&amp#27;[0m&amp#27;[32m▒&amp#27;[0m&amp#27;[34m▓&amp#27;[0m&amp#27;[34m▓&amp#27;[0m&amp#27;[34m▓&amp#27;[0m&amp#27;[34m▓&amp#27;[0m&amp#27;[34m▓&amp#27;[0m&amp#27;[34m▓&amp#27;[0m&amp#27;[32m▒&amp#27;[0m&amp#27;[34m▓&amp#27;[0m&amp#27;[34m▓&amp#27;[0m&amp#27;[34m▓&amp#27;[0m&amp#27;[32m░&amp#27;[0m&amp#27;[32m░&amp#27;[0m&amp#27;[32m░&amp#27;[0m&amp#27;[32m░&amp#27;[0m&amp#27;[32m░&amp#27;[0m&amp#27;[32m░&amp#27;[0m&amp#27;[32m▓&amp#27;[0m&amp#27;[32m▓&amp#27;[0m&amp#27;[32m▒&amp#27;[0m&amp#27;[32m░&amp#27;[0m&amp#27;[32m░&amp#27;[0m&amp#27;[32m░&amp#27;[0m&amp#27;[32m░&amp#27;[0m&amp#27;[32m▒&amp#27;[0m&amp#27;[32m▒&amp#27;[0m&amp#27;[32m▒&amp#27;[0m&amp#27;[33m▓&amp#27;[0m&amp#27;[33m▓&amp#27;[0m&amp#27;[32m▒&amp#27;[0m&amp#27;[32m▒&amp#27;[0m&amp#27;[33m▓&amp#27;[0m&amp#27;[33m▓&amp#27;[0m&amp#27;[33m▓&amp#27;[0m&amp#27;[33m▓&amp#27;[0m&amp#27;[34m▓&amp#27;[0m&amp#27;[34m▓&amp#27;[0m&amp#27;[32m▒&amp#27;[0m&amp#27;[32m▒&amp#27;[0m&amp#27;[34m▓&amp#27;[0m&amp#27;[34m▓&amp#27;[0m&amp#27;[34m▓&amp#27;[0m&amp#27;[32m░&amp#27;[0m&amp#27;[32m░&amp#27;[0m&amp#27;[32m░&amp#27;[0m&amp#27;[32m░&amp#27;[0m&amp#27;[32m░&amp#27;[0m&amp#27;[32m█&amp#27;[0m&amp#27;[32m█&amp#27;[0m&amp#27;[32m█&amp#27;[0m&amp#27;[32m█&amp#27;[0m&amp#27;[32m█&amp#27;[0m&amp#27;[34m▓&amp#27;[0m&amp#27;[32m▒&amp#27;[0m&amp#27;[34m▓&amp#27;[0m&amp#27;[34m▓&amp#27;[0m&amp#27;[32m▓&amp#27;[0m&amp#27;[32m▒&amp#27;[0m&amp#27;[32m▒&amp#27;[0m&amp#27;[34m▓&amp#27;[0m&amp#27;[34m▓&amp#27;[0m&amp#27;[32m▓&amp#27;[0m&amp#27;[32m▓&amp#27;[0m&amp#27;[32m▒&amp#27;[0m&amp#27;[32m█&amp#27;[0m&amp#27;[32m▒&amp#27;[0m&amp#27;[32m█&amp#27;[0m&amp#27;[32m█&amp#27;[0m&amp#27;[32m█&amp#27;[0m&amp#27;[32m█&amp#27;[0m&amp#27;[32m░&amp#27;[0m&amp#27;[32m▒&amp#27;[0m&amp#27;[32m░&amp#27;[0m&amp#27;[32m░&amp#27;[0m&amp#27;[32m▒&amp#27;[0m&amp#27;[32m░&amp#27;[0m&amp#27;[32m░&amp#27;[0m&amp#27;[32m░&amp#27;[0m&amp#27;[32m▓&amp#27;[0m&amp#27;[32m▓&amp#27;[0m&amp#27;[32m▓&amp#27;[0m&amp#27;[32m▓&amp#27;[0m&amp#27;[32m▓&amp#27;[0m&amp#27;[32m▓&amp#27;[0m&amp#27;[32m▒&amp#27;[0m&amp#27;[33m▓&amp#27;[0m&amp#27;[32m▓&amp#27;[0m&amp#27;[32m▓&amp#27;[0m&amp#27;[32m▓&amp#27;[0m&amp#27;[32m▓&amp#27;[0m&amp#27;[32m▓&amp#27;[0m&amp#27;[32m▓&amp#27;[0m&amp#27;[32m▓&amp#27;[0m&amp#27;[32m▓&amp#27;[0m&amp#27;[32m▓&amp#27;[0m&amp#27;[32m▓&amp#27;[0m&amp#27;[32m▓&amp#27;[0m&amp#27;[32m▓&amp#27;[0m&amp#27;[32m▓&amp#27;[0m&amp#27;[32m▓&amp#27;[0m&amp#27;[32m▓&amp#27;[0m&amp#27;[32m▓&amp#27;[0m&amp#27;[32m█&amp#27;[0m&amp#27;[32m▓&amp#27;[0m&amp#27;[32m▓&amp#27;[0m&amp#27;[32m░&amp#27;[0m&amp#27;[32m░&amp#27;[0m&amp#27;[32m░&amp#27;[0m&amp#27;[34m▓&amp#27;[0m&amp#27;[32m▒&amp#27;[0m&amp#27;[32m░&amp#27;[0m&amp#27;[32m█&amp#27;[0m&amp#27;[32m░&amp#27;[0m&amp#27;[34m▓&amp#27;[0m&amp#27;[34m▓&amp#27;[0m&amp#27;[34m▓&amp#27;[0m&amp#27;[32m█&amp#27;[0m&amp#27;[34m▓&amp#27;[0m&amp#27;[34m▓&amp#27;[0m&amp#27;[34m▓&amp#27;[0m&amp#27;[34m▓&amp#27;[0m&amp#27;[34m▓&amp#27;[0m&amp#27;[32m▒&amp#27;[0m&amp#27;[34m▓&amp#27;[0m&amp#27;[34m▓&amp#27;[0m&amp#27;[34m▓&amp#27;[0m&amp#27;[32m░&amp#27;[0m&amp#27;[32m░&amp#27;[0m&amp#27;[32m░&amp#27;[0m&amp#27;[32m░&amp#27;[0m&amp#27;[32m░&amp#27;[0m&amp#27;[32m░&amp#27;[0m&amp#27;[32m░&amp#27;[0m&amp#27;[32m░&amp#27;[0m&amp#27;[34m▓&amp#27;[0m&amp#27;[34m▓&amp#27;[0m&amp#27;[34m▓&amp#27;[0m&amp#27;[34m▓&amp#27;[0m&amp#27;[34m▓&amp#27;[0m&amp#27;[34m▓&amp#27;[0m&amp#27;[32m▒&amp#27;[0m&amp#27;[32m░&amp#27;[0m&amp#27;[34m▓&amp#27;[0m&amp#27;[34m▓&amp#27;[0m&amp#27;[34m▓&amp#27;[0m&amp#27;[34m▓&amp#27;[0m&amp#27;[34m▓&amp#27;[0m&amp#27;[32m█&amp#27;[0m&amp#27;[32m█&amp#27;[0m&amp#27;[32m█&amp#27;[0m&amp#27;[32m█&amp#27;[0m&amp#27;[32m█&amp#27;[0m&amp#27;[32m█&amp#27;[0m&amp#27;[32m█&amp#27;[0m&amp#27;[32m█&amp#27;[0m&amp#27;[32m█&amp#27;[0m&amp#27;[32m█&amp#27;[0m&amp#27;[32m█&amp#27;[0m&amp#27;[32m█&amp#27;[0m&amp#27;[32m█&amp#27;[0m&amp#27;[32m░&amp#27;[0m&amp#27;[32m░&amp#27;[0m&amp#27;[32m░&amp#27;[0m&amp#27;[32m░&amp#27;[0m&amp#27;[32m▓&amp#27;[0m&amp#27;[32m▓&amp#27;[0m&amp#27;[32m▓&amp#27;[0m&amp#27;[32m░&amp#27;[0m&amp#27;[32m░&amp#27;[0m
&amp#27;[34m▓&amp#27;[0m&amp#27;[34m▓&amp#27;[0m&amp#27;[33m▓&amp#27;[0m&amp#27;[32m░&amp#27;[0m&amp#27;[34m▓&amp#27;[0m&amp#27;[34m▓&amp#27;[0m&amp#27;[34m▓&amp#27;[0m&amp#27;[34m▓&amp#27;[0m&amp#27;[34m▓&amp#27;[0m&amp#27;[33m▓&amp#27;[0m&amp#27;[32m░&amp#27;[0m&amp#27;[32m█&amp#27;[0m&amp#27;[32m█&amp#27;[0m&amp#27;[32m█&amp#27;[0m&amp#27;[32m█&amp#27;[0m&amp#27;[32m█&amp#27;[0m&amp#27;[32m█&amp#27;[0m&amp#27;[32m█&amp#27;[0m&amp#27;[34m▓&amp#27;[0m&amp#27;[33m▓&amp#27;[0m&amp#27;[33m▓&amp#27;[0m&amp#27;[34m▓&amp#27;[0m&amp#27;[34m▓&amp#27;[0m&amp#27;[33m▓&amp#27;[0m&amp#27;[34m▓&amp#27;[0m&amp#27;[34m▓&amp#27;[0m&amp#27;[33m▓&amp#27;[0m&amp#27;[33m▓&amp#27;[0m&amp#27;[33m▓&amp#27;[0m&amp#27;[32m░&amp#27;[0m&amp#27;[32m░&amp#27;[0m&amp#27;[33m▓&amp#27;[0m&amp#27;[32m▓&amp#27;[0m&amp#27;[32m▓&amp#27;[0m&amp#27;[33m▓&amp#27;[0m&amp#27;[33m▓&amp#27;[0m&amp#27;[33m▓&amp#27;[0m&amp#27;[32m░&amp#27;[0m&amp#27;[32m░&amp#27;[0m&amp#27;[33m▓&amp#27;[0m&amp#27;[32m░&amp#27;[0m&amp#27;[32m░&amp#27;[0m&amp#27;[32m░&amp#27;[0m&amp#27;[32m░&amp#27;[0m&amp#27;[34m▓&amp#27;[0m&amp#27;[34m▓&amp#27;[0m&amp#27;[34m▓&amp#27;[0m&amp#27;[33m▓&amp#27;[0m&amp#27;[34m▓&amp#27;[0m&amp#27;[34m▓&amp#27;[0m&amp#27;[32m▒&amp#27;[0m&amp#27;[32m░&amp#27;[0m&amp#27;[34m▓&amp#27;[0m&amp#27;[34m▓&amp#27;[0m&amp#27;[34m▓&amp#27;[0m&amp#27;[34m▓&amp#27;[0m&amp#27;[33m▓&amp#27;[0m&amp#27;[32m▒&amp#27;[0m&amp#27;[32m▒&amp#27;[0m&amp#27;[32m▒&amp#27;[0m&amp#27;[32m▒&amp#27;[0m&amp#27;[34m▓&amp#27;[0m&amp#27;[34m▓&amp#27;[0m&amp#27;[32m░&amp#27;[0m&amp#27;[34m▓&amp#27;[0m&amp#27;[34m▓&amp#27;[0m&amp#27;[34m▓&amp#27;[0m&amp#27;[34m▓&amp#27;[0m&amp#27;[33m▓&amp#27;[0m&amp#27;[33m▓&amp#27;[0m&amp#27;[34m▓&amp#27;[0m&amp#27;[34m▓&amp#27;[0m&amp#27;[32m▒&amp#27;[0m&amp#27;[34m▓&amp#27;[0m&amp#27;[34m▓&amp#27;[0m&amp#27;[34m▓&amp#27;[0m&amp#27;[34m▓&amp#27;[0m&amp#27;[32m▒&amp#27;[0m&amp#27;[34m▓&amp#27;[0m&amp#27;[32m▒&amp#27;[0m&amp#27;[34m▓&amp#27;[0m&amp#27;[32m▒&amp#27;[0m&amp#27;[32m▒&amp#27;[0m&amp#27;[34m▓&amp#27;[0m&amp#27;[32m░&amp#27;[0m&amp#27;[32m▓&amp#27;[0m&amp#27;[32m░&amp#27;[0m&amp#27;[32m░&amp#27;[0m&amp#27;[32m░&amp#27;[0m&amp#27;[32m░&amp#27;[0m&amp#27;[33m▓&amp#27;[0m&amp#27;[33m▓&amp#27;[0m&amp#27;[33m▓&amp#27;[0m&amp#27;[33m▓&amp#27;[0m&amp#27;[33m▓&amp#27;[0m&amp#27;[34m▓&amp#27;[0m&amp#27;[34m▓&amp#27;[0m&amp#27;[32m▓&amp#27;[0m&amp#27;[34m▓&amp#27;[0m&amp#27;[34m▓&amp#27;[0m&amp#27;[34m▓&amp#27;[0m&amp#27;[34m▓&amp#27;[0m&amp#27;[34m▓&amp#27;[0m&amp#27;[34m▓&amp#27;[0m&amp#27;[32m░&amp#27;[0m&amp#27;[32m░&amp#27;[0m&amp#27;[32m░&amp#27;[0m&amp#27;[32m░&amp#27;[0m&amp#27;[32m▒&amp#27;[0m&amp#27;[32m█&amp#27;[0m&amp#27;[32m░&amp#27;[0m&amp#27;[32m░&amp#27;[0m&amp#27;[32m▓&amp#27;[0m&amp#27;[32m▓&amp#27;[0m&amp#27;[32m▓&amp#27;[0m&amp#27;[32m▓&amp#27;[0m&amp#27;[32m▓&amp#27;[0m&amp#27;[32m▓&amp#27;[0m&amp#27;[32m▓&amp#27;[0m&amp#27;[32m▓&amp#27;[0m&amp#27;[32m▓&amp#27;[0m&amp#27;[32m▒&amp#27;[0m&amp#27;[32m▓&amp#27;[0m&amp#27;[32m▓&amp#27;[0m&amp#27;[32m▓&amp#27;[0m&amp#27;[32m▒&amp#27;[0m&amp#27;[32m▓&amp#27;[0m&amp#27;[32m▓&amp#27;[0m&amp#27;[32m▓&amp#27;[0m&amp#27;[32m▓&amp#27;[0m&amp#27;[33m▓&amp#27;[0m&amp#27;[32m░&amp#27;[0m&amp#27;[32m▒&amp#27;[0m&amp#27;[32m░&amp#27;[0m&amp#27;[32m▒&amp#27;[0m&amp#27;[34m▓&amp#27;[0m&amp#27;[34m▓&amp#27;[0m&amp#27;[32m░&amp#27;[0m&amp#27;[32m▒&amp#27;[0m&amp#27;[34m▓&amp#27;[0m&amp#27;[34m▓&amp#27;[0m&amp#27;[34m▓&amp#27;[0m&amp#27;[32m▒&amp#27;[0m&amp#27;[32m░&amp#27;[0m&amp#27;[32m░&amp#27;[0m&amp#27;[32m░&amp#27;[0m&amp#27;[32m░&amp#27;[0m&amp#27;[32m░&amp#27;[0m&amp#27;[32m▓&amp#27;[0m&amp#27;[32m▓&amp#27;[0m&amp#27;[32m▓&amp#27;[0m&amp#27;[32m░&amp#27;[0m&amp#27;[32m░&amp#27;[0m&amp#27;[32m▒&amp#27;[0m&amp#27;[32m░&amp#27;[0m&amp#27;[32m░&amp#27;[0m&amp#27;[32m░&amp#27;[0m&amp#27;[32m▒&amp#27;[0m&amp#27;[32m▒&amp#27;[0m&amp#27;[33m▓&amp#27;[0m&amp#27;[33m▓&amp#27;[0m&amp#27;[32m▒&amp#27;[0m&amp#27;[33m▓&amp#27;[0m&amp#27;[33m▓&amp#27;[0m&amp#27;[33m▓&amp#27;[0m&amp#27;[33m▓&amp#27;[0m&amp#27;[32m▒&amp#27;[0m&amp#27;[34m▓&amp#27;[0m&amp#27;[34m▓&amp#27;[0m&amp#27;[34m▓&amp#27;[0m&amp#27;[34m▓&amp#27;[0m&amp#27;[34m▓&amp#27;[0m&amp#27;[32m▓&amp#27;[0m&amp#27;[32m░&amp#27;[0m&amp#27;[32m░&amp#27;[0m&amp#27;[32m░&amp#27;[0m&amp#27;[32m░&amp#27;[0m&amp#27;[32m░&amp#27;[0m&amp#27;[32m█&amp#27;[0m&amp#27;[32m█&amp#27;[0m&amp#27;[32m█&amp#27;[0m&amp#27;[32m█&amp#27;[0m&amp#27;[32m█&amp#27;[0m&amp#27;[34m▓&amp#27;[0m&amp#27;[34m▓&amp#27;[0m&amp#27;[34m▓&amp#27;[0m&amp#27;[32m▒&amp#27;[0m&amp#27;[32m▓&amp#27;[0m&amp#27;[32m▓&amp#27;[0m&amp#27;[34m▓&amp#27;[0m&amp#27;[34m▓&amp#27;[0m&amp#27;[32m▓&amp#27;[0m&amp#27;[32m▓&amp#27;[0m&amp#27;[32m▓&amp#27;[0m&amp#27;[32m▓&amp#27;[0m&amp#27;[32m▓&amp#27;[0m&amp#27;[34m▓&amp#27;[0m&amp#27;[32m▒&amp#27;[0m&amp#27;[32m▒&amp#27;[0m&amp#27;[34m▓&amp#27;[0m&amp#27;[34m▓&amp#27;[0m&amp#27;[32m░&amp#27;[0m&amp#27;[32m░&amp#27;[0m&amp#27;[32m░&amp#27;[0m&amp#27;[32m░&amp#27;[0m&amp#27;[33m▓&amp#27;[0m&amp#27;[33m▓&amp#27;[0m&amp#27;[33m▓&amp#27;[0m&amp#27;[32m░&amp#27;[0m&amp#27;[32m░&amp#27;[0m&amp#27;[32m▒&amp#27;[0m&amp#27;[32m▓&amp#27;[0m&amp#27;[32m▓&amp#27;[0m&amp#27;[32m▓&amp#27;[0m&amp#27;[32m▓&amp#27;[0m&amp#27;[32m▓&amp#27;[0m&amp#27;[32m▓&amp#27;[0m&amp#27;[32m▒&amp#27;[0m&amp#27;[32m▓&amp#27;[0m&amp#27;[32m▓&amp#27;[0m&amp#27;[32m▓&amp#27;[0m&amp#27;[32m▒&amp#27;[0m&amp#27;[32m▓&amp#27;[0m&amp#27;[32m█&amp#27;[0m&amp#27;[32m▓&amp#27;[0m&amp#27;[32m▓&amp#27;[0m&amp#27;[32m▓&amp#27;[0m&amp#27;[32m▓&amp#27;[0m&amp#27;[32m▒&amp#27;[0m&amp#27;[32m▓&amp#27;[0m&amp#27;[32m▓&amp#27;[0m&amp#27;[32m▓&amp#27;[0m&amp#27;[32m▓&amp#27;[0m&amp#27;[32m▓&amp#27;[0m&amp#27;[32m▓&amp#27;[0m&amp#27;[32m░&amp#27;[0m&amp#27;[32m░&amp#27;[0m&amp#27;[32m░&amp#27;[0m&amp#27;[32m░&amp#27;[0m&amp#27;[32m░&amp#27;[0m&amp#27;[34m▓&amp#27;[0m&amp#27;[32m░&amp#27;[0m&amp#27;[34m▓&amp#27;[0m&amp#27;[34m▓&amp#27;[0m&amp#27;[34m▓&amp#27;[0m&amp#27;[34m▓&amp#27;[0m&amp#27;[32m▓&amp#27;[0m&amp#27;[34m▓&amp#27;[0m&amp#27;[32m▓&amp#27;[0m&amp#27;[32m▓&amp#27;[0m&amp#27;[32m▓&amp#27;[0m&amp#27;[34m▓&amp#27;[0m&amp#27;[34m▓&amp#27;[0m&amp#27;[34m▓&amp#27;[0m&amp#27;[34m▓&amp#27;[0m&amp#27;[34m▓&amp#27;[0m&amp#27;[34m▓&amp#27;[0m&amp#27;[32m░&amp#27;[0m&amp#27;[32m▓&amp#27;[0m&amp#27;[32m░&amp#27;[0m&amp#27;[32m░&amp#27;[0m&amp#27;[32m░&amp#27;[0m&amp#27;[34m▓&amp#27;[0m&amp#27;[34m▓&amp#27;[0m&amp#27;[34m▓&amp#27;[0m&amp#27;[34m▓&amp#27;[0m&amp#27;[34m▓&amp#27;[0m&amp#27;[34m▓&amp#27;[0m&amp#27;[34m▓&amp#27;[0m&amp#27;[34m▓&amp#27;[0m&amp#27;[33m▓&amp#27;[0m&amp#27;[34m▓&amp#27;[0m&amp#27;[34m▓&amp#27;[0m&amp#27;[34m▓&amp#27;[0m&amp#27;[32m▒&amp#27;[0m&amp#27;[34m▓&amp#27;[0m&amp#27;[34m▓&amp#27;[0m&amp#27;[34m▓&amp#27;[0m&amp#27;[33m▓&amp#27;[0m&amp#27;[32m█&amp#27;[0m&amp#27;[33m▓&amp#27;[0m&amp#27;[32m█&amp#27;[0m&amp#27;[32m█&amp#27;[0m&amp#27;[32m█&amp#27;[0m&amp#27;[32m█&amp#27;[0m&amp#27;[32m█&amp#27;[0m&amp#27;[32m▒&amp#27;[0m&amp#27;[32m█&amp#27;[0m&amp#27;[32m█&amp#27;[0m&amp#27;[32m█&amp#27;[0m&amp#27;[32m█&amp#27;[0m&amp#27;[32m░&amp#27;[0m&amp#27;[32m░&amp#27;[0m&amp#27;[32m░&amp#27;[0m&amp#27;[32m░&amp#27;[0m&amp#27;[32m░&amp#27;[0m&amp#27;[32m▓&amp#27;[0m&amp#27;[32m░&amp#27;[0m&amp#27;[33m▓&amp#27;[0m&amp#27;[32m░&amp#27;[0m
&amp#27;[32m░&amp#27;[0m&amp#27;[34m▓&amp#27;[0m&amp#27;[32m░&amp#27;[0m&amp#27;[32m░&amp#27;[0m&amp#27;[32m░&amp#27;[0m&amp#27;[34m▓&amp#27;[0m&amp#27;[34m▓&amp#27;[0m&amp#27;[34m▓&amp#27;[0m&amp#27;[34m▓&amp#27;[0m&amp#27;[33m▓&amp#27;[0m&amp#27;[34m▓&amp#27;[0m&amp#27;[32m█&amp#27;[0m&amp#27;[33m▓&amp#27;[0m&amp#27;[32m█&amp#27;[0m&amp#27;[33m▓&amp#27;[0m&amp#27;[32m█&amp#27;[0m&amp#27;[33m▓&amp#27;[0m&amp#27;[32m█&amp#27;[0m&amp#27;[33m▓&amp#27;[0m&amp#27;[34m▓&amp#27;[0m&amp#27;[33m▓&amp#27;[0m&amp#27;[34m▓&amp#27;[0m&amp#27;[34m▓&amp#27;[0m&amp#27;[32m░&amp#27;[0m&amp#27;[32m▓&amp#27;[0m&amp#27;[34m▓&amp#27;[0m&amp#27;[34m▓&amp#27;[0m&amp#27;[33m▓&amp#27;[0m&amp#27;[33m▓&amp#27;[0m&amp#27;[34m▓&amp#27;[0m&amp#27;[34m▓&amp#27;[0m&amp#27;[34m▓&amp#27;[0m&amp#27;[32m▓&amp#27;[0m&amp#27;[32m▓&amp#27;[0m&amp#27;[32m▓&amp#27;[0m&amp#27;[32m░&amp#27;[0m&amp#27;[33m▓&amp#27;[0m&amp#27;[32m░&amp#27;[0m&amp#27;[32m░&amp#27;[0m&amp#27;[32m░&amp#27;[0m&amp#27;[32m░&amp#27;[0m&amp#27;[32m░&amp#27;[0m&amp#27;[33m▓&amp#27;[0m&amp#27;[32m░&amp#27;[0m&amp#27;[34m▓&amp#27;[0m&amp#27;[34m▓&amp#27;[0m&amp#27;[34m▓&amp#27;[0m&amp#27;[34m▓&amp#27;[0m&amp#27;[34m▓&amp#27;[0m&amp#27;[34m▓&amp#27;[0m&amp#27;[34m▓&amp#27;[0m&amp#27;[34m▓&amp#27;[0m&amp#27;[34m▓&amp#27;[0m&amp#27;[34m▓&amp#27;[0m&amp#27;[32m▒&amp#27;[0m&amp#27;[32m█&amp#27;[0m&amp#27;[32m░&amp#27;[0m&amp#27;[34m▓&amp#27;[0m&amp#27;[34m▓&amp#27;[0m&amp#27;[32m▒&amp#27;[0m&amp#27;[32m▒&amp#27;[0m&amp#27;[32m▒&amp#27;[0m&amp#27;[32m░&amp#27;[0m&amp#27;[32m░&amp#27;[0m&amp#27;[32m░&amp#27;[0m&amp#27;[34m▓&amp#27;[0m&amp#27;[34m▓&amp#27;[0m&amp#27;[32m▒&amp#27;[0m&amp#27;[34m▓&amp#27;[0m&amp#27;[34m▓&amp#27;[0m&amp#27;[32m▒&amp#27;[0m&amp#27;[34m▓&amp#27;[0m&amp#27;[32m▒&amp#27;[0m&amp#27;[34m▓&amp#27;[0m&amp#27;[34m▓&amp#27;[0m&amp#27;[33m▓&amp#27;[0m&amp#27;[34m▓&amp#27;[0m&amp#27;[34m▓&amp#27;[0m&amp#27;[34m▓&amp#27;[0m&amp#27;[32m▓&amp#27;[0m&amp#27;[34m▓&amp#27;[0m&amp#27;[32m░&amp#27;[0m&amp#27;[34m▓&amp#27;[0m&amp#27;[32m▒&amp#27;[0m&amp#27;[32m░&amp#27;[0m&amp#27;[32m░&amp#27;[0m&amp#27;[32m░&amp#27;[0m&amp#27;[32m░&amp#27;[0m&amp#27;[32m░&amp#27;[0m&amp#27;[32m░&amp#27;[0m&amp#27;[32m░&amp#27;[0m&amp#27;[32m▒&amp#27;[0m&amp#27;[32m▒&amp#27;[0m&amp#27;[33m▓&amp#27;[0m&amp#27;[32m▒&amp#27;[0m&amp#27;[32m▒&amp#27;[0m&amp#27;[32m▓&amp#27;[0m&amp#27;[32m▓&amp#27;[0m&amp#27;[32m▓&amp#27;[0m&amp#27;[32m▒&amp#27;[0m&amp#27;[32m▒&amp#27;[0m&amp#27;[34m▓&amp#27;[0m&amp#27;[32m▒&amp#27;[0m&amp#27;[32m▒&amp#27;[0m&amp#27;[34m▓&amp#27;[0m&amp#27;[32m░&amp#27;[0m&amp#27;[32m░&amp#27;[0m&amp#27;[32m░&amp#27;[0m&amp#27;[32m░&amp#27;[0m&amp#27;[32m░&amp#27;[0m&amp#27;[32m░&amp#27;[0m&amp#27;[32m░&amp#27;[0m&amp#27;[32m▓&amp#27;[0m&amp#27;[32m▒&amp#27;[0m&amp#27;[32m▓&amp#27;[0m&amp#27;[32m▓&amp#27;[0m&amp#27;[32m▓&amp#27;[0m&amp#27;[32m▒&amp#27;[0m&amp#27;[32m▓&amp#27;[0m&amp#27;[32m▓&amp#27;[0m&amp#27;[32m▓&amp#27;[0m&amp#27;[32m▒&amp#27;[0m&amp#27;[32m▓&amp#27;[0m&amp#27;[32m▓&amp#27;[0m&amp#27;[32m▓&amp#27;[0m&amp#27;[32m▓&amp#27;[0m&amp#27;[32m▓&amp#27;[0m&amp#27;[32m▓&amp#27;[0m&amp#27;[32m▓&amp#27;[0m&amp#27;[32m░&amp#27;[0m&amp#27;[32m░&amp#27;[0m&amp#27;[32m░&amp#27;[0m&amp#27;[32m░&amp#27;[0m&amp#27;[32m░&amp#27;[0m&amp#27;[32m▒&amp#27;[0m&amp#27;[32m░&amp#27;[0m&amp#27;[32m░&amp#27;[0m&amp#27;[32m▓&amp#27;[0m&amp#27;[34m▓&amp#27;[0m&amp#27;[34m▓&amp#27;[0m&amp#27;[34m▓&amp#27;[0m&amp#27;[34m▓&amp#27;[0m&amp#27;[32m▒&amp#27;[0m&amp#27;[32m▒&amp#27;[0m&amp#27;[32m░&amp#27;[0m&amp#27;[32m▒&amp#27;[0m&amp#27;[32m░&amp#27;[0m&amp#27;[32m░&amp#27;[0m&amp#27;[32m░&amp#27;[0m&amp#27;[32m░&amp#27;[0m&amp#27;[32m░&amp#27;[0m&amp#27;[32m░&amp#27;[0m&amp#27;[32m░&amp#27;[0m&amp#27;[32m░&amp#27;[0m&amp#27;[32m░&amp#27;[0m&amp#27;[32m░&amp#27;[0m&amp#27;[32m░&amp#27;[0m&amp#27;[32m░&amp#27;[0m&amp#27;[33m▓&amp#27;[0m&amp#27;[33m▓&amp#27;[0m&amp#27;[33m▓&amp#27;[0m&amp#27;[33m▓&amp#27;[0m&amp#27;[33m▓&amp#27;[0m&amp#27;[32m▒&amp#27;[0m&amp#27;[33m▓&amp#27;[0m&amp#27;[34m▓&amp#27;[0m&amp#27;[34m▓&amp#27;[0m&amp#27;[34m▓&amp#27;[0m&amp#27;[32m▒&amp#27;[0m&amp#27;[32m█&amp#27;[0m&amp#27;[32m▒&amp#27;[0m&amp#27;[34m▓&amp#27;[0m&amp#27;[32m░&amp#27;[0m&amp#27;[32m░&amp#27;[0m&amp#27;[32m░&amp#27;[0m&amp#27;[32m░&amp#27;[0m&amp#27;[32m░&amp#27;[0m&amp#27;[32m█&amp#27;[0m&amp#27;[32m█&amp#27;[0m&amp#27;[33m▓&amp#27;[0m&amp#27;[32m█&amp#27;[0m&amp#27;[32m█&amp#27;[0m&amp#27;[32m█&amp#27;[0m&amp#27;[32m█&amp#27;[0m&amp#27;[34m▓&amp#27;[0m&amp#27;[34m▓&amp#27;[0m&amp#27;[34m▓&amp#27;[0m&amp#27;[32m▓&amp#27;[0m&amp#27;[32m█&amp#27;[0m&amp#27;[32m▒&amp#27;[0m&amp#27;[32m█&amp#27;[0m&amp#27;[32m▓&amp#27;[0m&amp#27;[32m▓&amp#27;[0m&amp#27;[32m▓&amp#27;[0m&amp#27;[32m▓&amp#27;[0m&amp#27;[32m▓&amp#27;[0m&amp#27;[32m▓&amp#27;[0m&amp#27;[34m▓&amp#27;[0m&amp#27;[33m▓&amp#27;[0m&amp#27;[34m▓&amp#27;[0m&amp#27;[32m░&amp#27;[0m&amp#27;[32m▒&amp#27;[0m&amp#27;[32m░&amp#27;[0m&amp#27;[32m░&amp#27;[0m&amp#27;[32m░&amp#27;[0m&amp#27;[33m▓&amp#27;[0m&amp#27;[33m▓&amp#27;[0m&amp#27;[33m▓&amp#27;[0m&amp#27;[32m░&amp#27;[0m&amp#27;[32m░&amp#27;[0m&amp#27;[32m▒&amp#27;[0m&amp#27;[32m▒&amp#27;[0m&amp#27;[32m▓&amp#27;[0m&amp#27;[32m▓&amp#27;[0m&amp#27;[32m▓&amp#27;[0m&amp#27;[32m▓&amp#27;[0m&amp#27;[32m▓&amp#27;[0m&amp#27;[32m▓&amp#27;[0m&amp#27;[32m▓&amp#27;[0m&amp#27;[33m▓&amp#27;[0m&amp#27;[32m▓&amp#27;[0m&amp#27;[32m▓&amp#27;[0m&amp#27;[32m▓&amp#27;[0m&amp#27;[32m▓&amp#27;[0m&amp#27;[32m▓&amp#27;[0m&amp#27;[32m▓&amp#27;[0m&amp#27;[32m▓&amp#27;[0m&amp#27;[32m▓&amp#27;[0m&amp#27;[32m▒&amp#27;[0m&amp#27;[32m▓&amp#27;[0m&amp#27;[32m▓&amp#27;[0m&amp#27;[32m▓&amp#27;[0m&amp#27;[32m▒&amp#27;[0m&amp#27;[32m▓&amp#27;[0m&amp#27;[32m░&amp#27;[0m&amp#27;[32m░&amp#27;[0m&amp#27;[32m▒&amp#27;[0m&amp#27;[32m░&amp#27;[0m&amp#27;[32m░&amp#27;[0m&amp#27;[32m░&amp#27;[0m&amp#27;[32m▒&amp#27;[0m&amp#27;[34m▓&amp#27;[0m&amp#27;[34m▓&amp#27;[0m&amp#27;[34m▓&amp#27;[0m&amp#27;[32m░&amp#27;[0m&amp#27;[34m▓&amp#27;[0m&amp#27;[34m▓&amp#27;[0m&amp#27;[34m▓&amp#27;[0m&amp#27;[32m▓&amp#27;[0m&amp#27;[32m▓&amp#27;[0m&amp#27;[32m▓&amp#27;[0m&amp#27;[34m▓&amp#27;[0m&amp#27;[34m▓&amp#27;[0m&amp#27;[32m░&amp#27;[0m&amp#27;[34m▓&amp#27;[0m&amp#27;[34m▓&amp#27;[0m&amp#27;[34m▓&amp#27;[0m&amp#27;[34m▓&amp#27;[0m&amp#27;[32m░&amp#27;[0m&amp#27;[32m░&amp#27;[0m&amp#27;[32m░&amp#27;[0m&amp#27;[32m░&amp#27;[0m&amp#27;[34m▓&amp#27;[0m&amp#27;[32m░&amp#27;[0m&amp#27;[34m▓&amp#27;[0m&amp#27;[34m▓&amp#27;[0m&amp#27;[34m▓&amp#27;[0m&amp#27;[34m▓&amp#27;[0m&amp#27;[34m▓&amp#27;[0m&amp#27;[33m▓&amp#27;[0m&amp#27;[33m▓&amp#27;[0m&amp#27;[33m▓&amp#27;[0m&amp#27;[34m▓&amp#27;[0m&amp#27;[34m▓&amp#27;[0m&amp#27;[34m▓&amp#27;[0m&amp#27;[34m▓&amp#27;[0m&amp#27;[34m▓&amp#27;[0m&amp#27;[34m▓&amp#27;[0m&amp#27;[32m█&amp#27;[0m&amp#27;[32m█&amp#27;[0m&amp#27;[32m█&amp#27;[0m&amp#27;[32m█&amp#27;[0m&amp#27;[32m█&amp#27;[0m&amp#27;[32m█&amp#27;[0m&amp#27;[32m█&amp#27;[0m&amp#27;[32m█&amp#27;[0m&amp#27;[32m█&amp#27;[0m&amp#27;[32m█&amp#27;[0m&amp#27;[32m█&amp#27;[0m&amp#27;[32m█&amp#27;[0m&amp#27;[32m█&amp#27;[0m&amp#27;[32m░&amp#27;[0m&amp#27;[32m░&amp#27;[0m&amp#27;[32m░&amp#27;[0m&amp#27;[32m░&amp#27;[0m&amp#27;[33m▓&amp#27;[0m&amp#27;[32m░&amp#27;[0m&amp#27;[32m▒&amp#27;[0m&amp#27;[32m░&amp#27;[0m&amp#27;[32m░&amp#27;[0m
&amp#27;[34m▓&amp#27;[0m&amp#27;[34m▓&amp#27;[0m&amp#27;[34m▓&amp#27;[0m&amp#27;[33m▓&amp#27;[0m&amp#27;[33m▓&amp#27;[0m&amp#27;[34m▓&amp#27;[0m&amp#27;[33m▓&amp#27;[0m&amp#27;[34m▓&amp#27;[0m&amp#27;[34m▓&amp#27;[0m&amp#27;[34m▓&amp#27;[0m&amp#27;[33m▓&amp#27;[0m&amp#27;[32m█&amp#27;[0m&amp#27;[33m▓&amp#27;[0m&amp#27;[32m█&amp#27;[0m&amp#27;[32m█&amp#27;[0m&amp#27;[32m█&amp#27;[0m&amp#27;[32m█&amp#27;[0m&amp#27;[32m█&amp#27;[0m&amp#27;[32m█&amp#27;[0m&amp#27;[34m▓&amp#27;[0m&amp#27;[33m▓&amp#27;[0m&amp#27;[34m▓&amp#27;[0m&amp#27;[34m▓&amp#27;[0m&amp#27;[32m▓&amp#27;[0m&amp#27;[32m▓&amp#27;[0m&amp#27;[32m▓&amp#27;[0m&amp#27;[34m▓&amp#27;[0m&amp#27;[32m▓&amp#27;[0m&amp#27;[33m▓&amp#27;[0m&amp#27;[34m▓&amp#27;[0m&amp#27;[34m▓&amp#27;[0m&amp#27;[34m▓&amp#27;[0m&amp#27;[33m▓&amp#27;[0m&amp#27;[32m▓&amp#27;[0m&amp#27;[32m░&amp#27;[0m&amp#27;[32m░&amp#27;[0m&amp#27;[33m▓&amp#27;[0m&amp#27;[32m░&amp#27;[0m&amp#27;[33m▓&amp#27;[0m&amp#27;[32m░&amp#27;[0m&amp#27;[32m░&amp#27;[0m&amp#27;[32m░&amp#27;[0m&amp#27;[32m░&amp#27;[0m&amp#27;[33m▓&amp#27;[0m&amp#27;[33m▓&amp#27;[0m&amp#27;[34m▓&amp#27;[0m&amp#27;[34m▓&amp#27;[0m&amp#27;[34m▓&amp#27;[0m&amp#27;[34m▓&amp#27;[0m&amp#27;[33m▓&amp#27;[0m&amp#27;[32m▒&amp#27;[0m&amp#27;[32m▒&amp#27;[0m&amp#27;[34m▓&amp#27;[0m&amp#27;[34m▓&amp#27;[0m&amp#27;[32m█&amp#27;[0m&amp#27;[34m▓&amp#27;[0m&amp#27;[34m▓&amp#27;[0m&amp#27;[32m▒&amp#27;[0m&amp#27;[34m▓&amp#27;[0m&amp#27;[34m▓&amp#27;[0m&amp#27;[32m▓&amp#27;[0m&amp#27;[34m▓&amp#27;[0m&amp#27;[32m▒&amp#27;[0m&amp#27;[32m▒&amp#27;[0m&amp#27;[32m▒&amp#27;[0m&amp#27;[32m▒&amp#27;[0m&amp#27;[34m▓&amp#27;[0m&amp#27;[32m▒&amp#27;[0m&amp#27;[34m▓&amp#27;[0m&amp#27;[34m▓&amp#27;[0m&amp#27;[34m▓&amp#27;[0m&amp#27;[34m▓&amp#27;[0m&amp#27;[32m▒&amp#27;[0m&amp#27;[34m▓&amp#27;[0m&amp#27;[32m▒&amp#27;[0m&amp#27;[32m░&amp#27;[0m&amp#27;[32m▒&amp#27;[0m&amp#27;[34m▓&amp#27;[0m&amp#27;[32m▒&amp#27;[0m&amp#27;[34m▓&amp#27;[0m&amp#27;[34m▓&amp#27;[0m&amp#27;[32m▒&amp#27;[0m&amp#27;[34m▓&amp#27;[0m&amp#27;[32m▒&amp#27;[0m&amp#27;[32m░&amp#27;[0m&amp#27;[32m▒&amp#27;[0m&amp#27;[32m░&amp#27;[0m&amp#27;[32m░&amp#27;[0m&amp#27;[32m░&amp#27;[0m&amp#27;[32m░&amp#27;[0m&amp#27;[32m░&amp#27;[0m&amp#27;[34m▓&amp#27;[0m&amp#27;[34m▓&amp#27;[0m&amp#27;[32m█&amp#27;[0m&amp#27;[34m▓&amp#27;[0m&amp#27;[32m▓&amp#27;[0m&amp#27;[32m▓&amp#27;[0m&amp#27;[32m▓&amp#27;[0m&amp#27;[32m▓&amp#27;[0m&amp#27;[32m▓&amp#27;[0m&amp#27;[34m▓&amp#27;[0m&amp#27;[34m▓&amp#27;[0m&amp#27;[32m▓&amp#27;[0m&amp#27;[34m▓&amp#27;[0m&amp#27;[34m▓&amp#27;[0m&amp#27;[32m░&amp#27;[0m&amp#27;[32m░&amp#27;[0m&amp#27;[32m░&amp#27;[0m&amp#27;[32m░&amp#27;[0m&amp#27;[32m█&amp#27;[0m&amp#27;[32m░&amp#27;[0m&amp#27;[32m▒&amp#27;[0m&amp#27;[32m░&amp#27;[0m&amp#27;[32m▒&amp#27;[0m&amp#27;[32m▒&amp#27;[0m&amp#27;[32m▓&amp#27;[0m&amp#27;[32m▓&amp#27;[0m&amp#27;[32m▓&amp#27;[0m&amp#27;[32m▓&amp#27;[0m&amp#27;[32m▓&amp#27;[0m&amp#27;[32m▓&amp#27;[0m&amp#27;[32m▓&amp#27;[0m&amp#27;[32m▒&amp#27;[0m&amp#27;[32m▓&amp#27;[0m&amp#27;[32m▓&amp#27;[0m&amp#27;[32m▓&amp#27;[0m&amp#27;[32m▓&amp#27;[0m&amp#27;[32m▓&amp#27;[0m&amp#27;[32m▓&amp#27;[0m&amp#27;[32m▒&amp#27;[0m&amp#27;[32m░&amp#27;[0m&amp#27;[32m░&amp#27;[0m&amp#27;[32m░&amp#27;[0m&amp#27;[32m▓&amp#27;[0m&amp#27;[32m░&amp#27;[0m&amp#27;[32m░&amp#27;[0m&amp#27;[32m░&amp#27;[0m&amp#27;[32m▒&amp#27;[0m&amp#27;[32m▒&amp#27;[0m&amp#27;[34m▓&amp#27;[0m&amp#27;[34m▓&amp#27;[0m&amp#27;[34m▓&amp#27;[0m&amp#27;[34m▓&amp#27;[0m&amp#27;[32m░&amp#27;[0m&amp#27;[32m░&amp#27;[0m&amp#27;[32m░&amp#27;[0m&amp#27;[32m▒&amp#27;[0m&amp#27;[32m░&amp#27;[0m&amp#27;[32m░&amp#27;[0m&amp#27;[32m░&amp#27;[0m&amp#27;[32m░&amp#27;[0m&amp#27;[32m░&amp#27;[0m&amp#27;[32m░&amp#27;[0m&amp#27;[32m░&amp#27;[0m&amp#27;[32m░&amp#27;[0m&amp#27;[32m░&amp#27;[0m&amp#27;[32m░&amp#27;[0m&amp#27;[32m░&amp#27;[0m&amp#27;[32m░&amp#27;[0m&amp#27;[33m▓&amp#27;[0m&amp#27;[32m▒&amp#27;[0m&amp#27;[33m▓&amp#27;[0m&amp#27;[33m▓&amp#27;[0m&amp#27;[32m▒&amp#27;[0m&amp#27;[34m▓&amp#27;[0m&amp#27;[34m▓&amp#27;[0m&amp#27;[34m▓&amp#27;[0m&amp#27;[34m▓&amp#27;[0m&amp#27;[32m░&amp#27;[0m&amp#27;[32m░&amp#27;[0m&amp#27;[32m░&amp#27;[0m&amp#27;[34m▓&amp#27;[0m&amp#27;[32m█&amp#27;[0m&amp#27;[32m░&amp#27;[0m&amp#27;[32m░&amp#27;[0m&amp#27;[32m░&amp#27;[0m&amp#27;[32m░&amp#27;[0m&amp#27;[32m░&amp#27;[0m&amp#27;[32m█&amp#27;[0m&amp#27;[32m█&amp#27;[0m&amp#27;[32m█&amp#27;[0m&amp#27;[32m█&amp#27;[0m&amp#27;[32m█&amp#27;[0m&amp#27;[32m▒&amp#27;[0m&amp#27;[34m▓&amp#27;[0m&amp#27;[34m▓&amp#27;[0m&amp#27;[34m▓&amp#27;[0m&amp#27;[32m█&amp#27;[0m&amp#27;[32m█&amp#27;[0m&amp#27;[32m█&amp#27;[0m&amp#27;[32m▒&amp#27;[0m&amp#27;[32m█&amp#27;[0m&amp#27;[32m▓&amp#27;[0m&amp#27;[32m▓&amp#27;[0m&amp#27;[32m▓&amp#27;[0m&amp#27;[32m▓&amp#27;[0m&amp#27;[34m▓&amp#27;[0m&amp#27;[34m▓&amp#27;[0m&amp#27;[34m▓&amp#27;[0m&amp#27;[34m▓&amp#27;[0m&amp#27;[32m░&amp#27;[0m&amp#27;[32m░&amp#27;[0m&amp#27;[32m▓&amp#27;[0m&amp#27;[32m░&amp#27;[0m&amp#27;[32m░&amp#27;[0m&amp#27;[32m▒&amp#27;[0m&amp#27;[32m▒&amp#27;[0m&amp#27;[33m▓&amp#27;[0m&amp#27;[32m░&amp#27;[0m&amp#27;[32m░&amp#27;[0m&amp#27;[32m░&amp#27;[0m&amp#27;[32m░&amp#27;[0m&amp#27;[32m▓&amp#27;[0m&amp#27;[32m▓&amp#27;[0m&amp#27;[32m▓&amp#27;[0m&amp#27;[32m▓&amp#27;[0m&amp#27;[32m▓&amp#27;[0m&amp#27;[32m▓&amp#27;[0m&amp#27;[32m▓&amp#27;[0m&amp#27;[32m▓&amp#27;[0m&amp#27;[32m▒&amp#27;[0m&amp#27;[32m▓&amp#27;[0m&amp#27;[32m▓&amp#27;[0m&amp#27;[32m▓&amp#27;[0m&amp#27;[32m▓&amp#27;[0m&amp#27;[32m▓&amp#27;[0m&amp#27;[32m▓&amp#27;[0m&amp#27;[32m▓&amp#27;[0m&amp#27;[32m▓&amp#27;[0m&amp#27;[32m▓&amp#27;[0m&amp#27;[32m▓&amp#27;[0m&amp#27;[32m▓&amp#27;[0m&amp#27;[32m▓&amp#27;[0m&amp#27;[32m░&amp#27;[0m&amp#27;[32m░&amp#27;[0m&amp#27;[32m░&amp#27;[0m&amp#27;[32m░&amp#27;[0m&amp#27;[32m░&amp#27;[0m&amp#27;[32m░&amp#27;[0m&amp#27;[32m░&amp#27;[0m&amp#27;[32m▒&amp#27;[0m&amp#27;[34m▓&amp#27;[0m&amp#27;[32m▒&amp#27;[0m&amp#27;[34m▓&amp#27;[0m&amp#27;[34m▓&amp#27;[0m&amp#27;[34m▓&amp#27;[0m&amp#27;[32m▒&amp#27;[0m&amp#27;[34m▓&amp#27;[0m&amp#27;[32m▓&amp#27;[0m&amp#27;[32m▓&amp#27;[0m&amp#27;[32m▓&amp#27;[0m&amp#27;[33m▓&amp#27;[0m&amp#27;[34m▓&amp#27;[0m&amp#27;[34m▓&amp#27;[0m&amp#27;[34m▓&amp#27;[0m&amp#27;[34m▓&amp#27;[0m&amp#27;[34m▓&amp#27;[0m&amp#27;[34m▓&amp#27;[0m&amp#27;[32m░&amp#27;[0m&amp#27;[32m░&amp#27;[0m&amp#27;[32m░&amp#27;[0m&amp#27;[32m█&amp#27;[0m&amp#27;[34m▓&amp#27;[0m&amp#27;[34m▓&amp#27;[0m&amp#27;[34m▓&amp#27;[0m&amp#27;[34m▓&amp#27;[0m&amp#27;[34m▓&amp#27;[0m&amp#27;[34m▓&amp#27;[0m&amp#27;[34m▓&amp#27;[0m&amp#27;[34m▓&amp#27;[0m&amp#27;[33m▓&amp#27;[0m&amp#27;[32m░&amp#27;[0m&amp#27;[34m▓&amp#27;[0m&amp#27;[32m░&amp#27;[0m&amp#27;[34m▓&amp#27;[0m&amp#27;[34m▓&amp#27;[0m&amp#27;[34m▓&amp#27;[0m&amp#27;[32m░&amp#27;[0m&amp#27;[34m▓&amp#27;[0m&amp#27;[32m█&amp#27;[0m&amp#27;[32m█&amp#27;[0m&amp#27;[32m█&amp#27;[0m&amp#27;[32m█&amp#27;[0m&amp#27;[32m█&amp#27;[0m&amp#27;[32m█&amp#27;[0m&amp#27;[32m█&amp#27;[0m&amp#27;[32m█&amp#27;[0m&amp#27;[32m█&amp#27;[0m&amp#27;[32m█&amp#27;[0m&amp#27;[32m█&amp#27;[0m&amp#27;[32m█&amp#27;[0m&amp#27;[32m░&amp#27;[0m&amp#27;[32m░&amp#27;[0m&amp#27;[32m░&amp#27;[0m&amp#27;[32m░&amp#27;[0m&amp#27;[32m█&amp#27;[0m&amp#27;[32m░&amp#27;[0m&amp#27;[32m░&amp#27;[0m&amp#27;[32m░&amp#27;[0m&amp#27;[32m░&amp#27;[0m
&amp#27;[33m▓&amp#27;[0m&amp#27;[33m▓&amp#27;[0m&amp#27;[34m▓&amp#27;[0m&amp#27;[34m▓&amp#27;[0m&amp#27;[33m▓&amp#27;[0m&amp#27;[34m▓&amp#27;[0m&amp#27;[34m▓&amp#27;[0m&amp#27;[34m▓&amp#27;[0m&amp#27;[33m▓&amp#27;[0m&amp#27;[34m▓&amp#27;[0m&amp#27;[32m█&amp#27;[0m&amp#27;[32m█&amp#27;[0m&amp#27;[32m█&amp#27;[0m&amp#27;[33m▓&amp#27;[0m&amp#27;[32m█&amp#27;[0m&amp#27;[33m▓&amp#27;[0m&amp#27;[32m█&amp#27;[0m&amp#27;[32m█&amp#27;[0m&amp#27;[32m█&amp#27;[0m&amp#27;[34m▓&amp#27;[0m&amp#27;[34m▓&amp#27;[0m&amp#27;[33m▓&amp#27;[0m&amp#27;[33m▓&amp#27;[0m&amp#27;[34m▓&amp#27;[0m&amp#27;[32m▓&amp#27;[0m&amp#27;[34m▓&amp#27;[0m&amp#27;[34m▓&amp#27;[0m&amp#27;[34m▓&amp#27;[0m&amp#27;[34m▓&amp#27;[0m&amp#27;[33m▓&amp#27;[0m&amp#27;[33m▓&amp#27;[0m&amp#27;[34m▓&amp#27;[0m&amp#27;[34m▓&amp#27;[0m&amp#27;[32m░&amp#27;[0m&amp#27;[32m░&amp#27;[0m&amp#27;[32m░&amp#27;[0m&amp#27;[32m░&amp#27;[0m&amp#27;[32m░&amp#27;[0m&amp#27;[33m▓&amp#27;[0m&amp#27;[33m▓&amp#27;[0m&amp#27;[32m░&amp#27;[0m&amp#27;[32m░&amp#27;[0m&amp#27;[32m░&amp#27;[0m&amp#27;[34m▓&amp#27;[0m&amp#27;[32m░&amp#27;[0m&amp#27;[33m▓&amp#27;[0m&amp#27;[33m▓&amp#27;[0m&amp#27;[34m▓&amp#27;[0m&amp#27;[34m▓&amp#27;[0m&amp#27;[34m▓&amp#27;[0m&amp#27;[34m▓&amp#27;[0m&amp#27;[32m▒&amp#27;[0m&amp#27;[34m▓&amp#27;[0m&amp#27;[34m▓&amp#27;[0m&amp#27;[34m▓&amp#27;[0m&amp#27;[34m▓&amp#27;[0m&amp#27;[34m▓&amp#27;[0m&amp#27;[34m▓&amp#27;[0m&amp#27;[34m▓&amp#27;[0m&amp#27;[34m▓&amp#27;[0m&amp#27;[32m▒&amp#27;[0m&amp#27;[34m▓&amp#27;[0m&amp#27;[34m▓&amp#27;[0m&amp#27;[34m▓&amp#27;[0m&amp#27;[34m▓&amp#27;[0m&amp#27;[34m▓&amp#27;[0m&amp#27;[34m▓&amp#27;[0m&amp#27;[32m▒&amp#27;[0m&amp#27;[34m▓&amp#27;[0m&amp#27;[34m▓&amp#27;[0m&amp#27;[34m▓&amp#27;[0m&amp#27;[34m▓&amp#27;[0m&amp#27;[32m▒&amp#27;[0m&amp#27;[34m▓&amp#27;[0m&amp#27;[34m▓&amp#27;[0m&amp#27;[34m▓&amp#27;[0m&amp#27;[34m▓&amp#27;[0m&amp#27;[34m▓&amp#27;[0m&amp#27;[34m▓&amp#27;[0m&amp#27;[34m▓&amp#27;[0m&amp#27;[34m▓&amp#27;[0m&amp#27;[34m▓&amp#27;[0m&amp#27;[34m▓&amp#27;[0m&amp#27;[32m▒&amp#27;[0m&amp#27;[34m▓&amp#27;[0m&amp#27;[32m▒&amp#27;[0m&amp#27;[32m░&amp#27;[0m&amp#27;[32m▒&amp#27;[0m&amp#27;[32m▒&amp#27;[0m&amp#27;[32m░&amp#27;[0m&amp#27;[34m▓&amp#27;[0m&amp#27;[32m▒&amp#27;[0m&amp#27;[32m█&amp#27;[0m&amp#27;[32m█&amp#27;[0m&amp#27;[32m▒&amp#27;[0m&amp#27;[32m▓&amp#27;[0m&amp#27;[32m▒&amp#27;[0m&amp#27;[32m▓&amp#27;[0m&amp#27;[32m▓&amp#27;[0m&amp#27;[32m▒&amp#27;[0m&amp#27;[32m▓&amp#27;[0m&amp#27;[34m▓&amp#27;[0m&amp#27;[34m▓&amp#27;[0m&amp#27;[32m▒&amp#27;[0m&amp#27;[32m▒&amp#27;[0m&amp#27;[34m▓&amp#27;[0m&amp#27;[32m▒&amp#27;[0m&amp#27;[32m░&amp#27;[0m&amp#27;[32m▒&amp#27;[0m&amp#27;[32m█&amp#27;[0m&amp#27;[32m█&amp#27;[0m&amp#27;[32m░&amp#27;[0m&amp#27;[32m░&amp#27;[0m&amp#27;[32m▓&amp#27;[0m&amp#27;[32m▓&amp#27;[0m&amp#27;[32m▓&amp#27;[0m&amp#27;[32m▒&amp#27;[0m&amp#27;[32m▒&amp#27;[0m&amp#27;[32m▓&amp#27;[0m&amp#27;[32m▓&amp#27;[0m&amp#27;[32m▓&amp#27;[0m&amp#27;[32m▓&amp#27;[0m&amp#27;[32m▓&amp#27;[0m&amp#27;[32m▓&amp#27;[0m&amp#27;[32m▒&amp#27;[0m&amp#27;[32m▒&amp#27;[0m&amp#27;[32m▓&amp#27;[0m&amp#27;[32m▒&amp#27;[0m&amp#27;[32m░&amp#27;[0m&amp#27;[32m░&amp#27;[0m&amp#27;[32m░&amp#27;[0m&amp#27;[32m░&amp#27;[0m&amp#27;[32m░&amp#27;[0m&amp#27;[32m░&amp#27;[0m&amp#27;[32m░&amp#27;[0m&amp#27;[32m░&amp#27;[0m&amp#27;[32m░&amp#27;[0m&amp#27;[34m▓&amp#27;[0m&amp#27;[34m▓&amp#27;[0m&amp#27;[34m▓&amp#27;[0m&amp#27;[34m▓&amp#27;[0m&amp#27;[32m░&amp#27;[0m&amp#27;[34m▓&amp#27;[0m&amp#27;[34m▓&amp#27;[0m&amp#27;[32m░&amp#27;[0m&amp#27;[32m░&amp#27;[0m&amp#27;[32m▒&amp#27;[0m&amp#27;[32m░&amp#27;[0m&amp#27;[32m░&amp#27;[0m&amp#27;[32m░&amp#27;[0m&amp#27;[32m░&amp#27;[0m&amp#27;[32m░&amp#27;[0m&amp#27;[32m░&amp#27;[0m&amp#27;[32m▒&amp#27;[0m&amp#27;[32m▓&amp#27;[0m&amp#27;[32m░&amp#27;[0m&amp#27;[32m▒&amp#27;[0m&amp#27;[32m░&amp#27;[0m&amp#27;[32m░&amp#27;[0m&amp#27;[32m░&amp#27;[0m&amp#27;[32m░&amp#27;[0m&amp#27;[32m░&amp#27;[0m&amp#27;[34m▓&amp#27;[0m&amp#27;[32m░&amp#27;[0m&amp#27;[32m▒&amp#27;[0m&amp#27;[32m▒&amp#27;[0m&amp#27;[34m▓&amp#27;[0m&amp#27;[34m▓&amp#27;[0m&amp#27;[32m░&amp#27;[0m&amp#27;[32m░&amp#27;[0m&amp#27;[32m░&amp#27;[0m&amp#27;[34m▓&amp#27;[0m&amp#27;[34m▓&amp#27;[0m&amp#27;[32m░&amp#27;[0m&amp#27;[32m█&amp#27;[0m&amp#27;[32m░&amp#27;[0m&amp#27;[32m░&amp#27;[0m&amp#27;[32m▒&amp#27;[0m&amp#27;[32m█&amp#27;[0m&amp#27;[32m█&amp#27;[0m&amp#27;[32m▒&amp#27;[0m&amp#27;[32m▒&amp#27;[0m&amp#27;[32m█&amp#27;[0m&amp#27;[34m▓&amp#27;[0m&amp#27;[32m▒&amp#27;[0m&amp#27;[32m▒&amp#27;[0m&amp#27;[34m▓&amp#27;[0m&amp#27;[32m█&amp#27;[0m&amp#27;[32m█&amp#27;[0m&amp#27;[32m█&amp#27;[0m&amp#27;[32m▒&amp#27;[0m&amp#27;[32m█&amp#27;[0m&amp#27;[32m▒&amp#27;[0m&amp#27;[32m▓&amp#27;[0m&amp#27;[32m▓&amp#27;[0m&amp#27;[32m▓&amp#27;[0m&amp#27;[34m▓&amp#27;[0m&amp#27;[34m▓&amp#27;[0m&amp#27;[32m▒&amp#27;[0m&amp#27;[34m▓&amp#27;[0m&amp#27;[32m░&amp#27;[0m&amp#27;[32m▒&amp#27;[0m&amp#27;[32m░&amp#27;[0m&amp#27;[32m░&amp#27;[0m&amp#27;[32m░&amp#27;[0m&amp#27;[32m░&amp#27;[0m&amp#27;[32m░&amp#27;[0m&amp#27;[32m░&amp#27;[0m&amp#27;[32m░&amp#27;[0m&amp#27;[32m░&amp#27;[0m&amp#27;[32m█&amp#27;[0m&amp#27;[32m▒&amp#27;[0m&amp#27;[32m░&amp#27;[0m&amp#27;[32m▒&amp#27;[0m&amp#27;[32m▓&amp#27;[0m&amp#27;[32m▓&amp#27;[0m&amp#27;[32m▓&amp#27;[0m&amp#27;[32m▓&amp#27;[0m&amp#27;[32m▓&amp#27;[0m&amp#27;[32m▓&amp#27;[0m&amp#27;[32m▓&amp#27;[0m&amp#27;[32m▓&amp#27;[0m&amp#27;[32m▓&amp#27;[0m&amp#27;[32m▓&amp#27;[0m&amp#27;[32m▓&amp#27;[0m&amp#27;[32m▓&amp#27;[0m&amp#27;[32m▓&amp#27;[0m&amp#27;[33m▓&amp#27;[0m&amp#27;[32m▒&amp#27;[0m&amp#27;[32m▓&amp#27;[0m&amp#27;[32m▓&amp#27;[0m&amp#27;[32m▓&amp#27;[0m&amp#27;[32m░&amp#27;[0m&amp#27;[33m▓&amp#27;[0m&amp#27;[32m░&amp#27;[0m&amp#27;[32m░&amp#27;[0m&amp#27;[32m▓&amp#27;[0m&amp#27;[32m░&amp#27;[0m&amp#27;[32m░&amp#27;[0m&amp#27;[32m░&amp#27;[0m&amp#27;[32m░&amp#27;[0m&amp#27;[34m▓&amp#27;[0m&amp#27;[34m▓&amp#27;[0m&amp#27;[34m▓&amp#27;[0m&amp#27;[34m▓&amp#27;[0m&amp#27;[34m▓&amp#27;[0m&amp#27;[34m▓&amp#27;[0m&amp#27;[34m▓&amp#27;[0m&amp#27;[34m▓&amp#27;[0m&amp#27;[32m▒&amp#27;[0m&amp#27;[34m▓&amp#27;[0m&amp#27;[34m▓&amp#27;[0m&amp#27;[34m▓&amp#27;[0m&amp#27;[32m▓&amp#27;[0m&amp#27;[32m░&amp#27;[0m&amp#27;[34m▓&amp#27;[0m&amp#27;[34m▓&amp#27;[0m&amp#27;[33m▓&amp#27;[0m&amp#27;[34m▓&amp#27;[0m&amp#27;[32m░&amp#27;[0m&amp#27;[32m█&amp#27;[0m&amp#27;[32m█&amp#27;[0m&amp#27;[32m█&amp#27;[0m&amp#27;[34m▓&amp#27;[0m&amp#27;[32m░&amp#27;[0m&amp#27;[34m▓&amp#27;[0m&amp#27;[34m▓&amp#27;[0m&amp#27;[34m▓&amp#27;[0m&amp#27;[34m▓&amp#27;[0m&amp#27;[34m▓&amp#27;[0m&amp#27;[34m▓&amp#27;[0m&amp#27;[34m▓&amp#27;[0m&amp#27;[34m▓&amp#27;[0m&amp#27;[34m▓&amp#27;[0m&amp#27;[34m▓&amp#27;[0m&amp#27;[34m▓&amp#27;[0m&amp#27;[32m░&amp#27;[0m&amp#27;[34m▓&amp#27;[0m&amp#27;[34m▓&amp#27;[0m&amp#27;[32m█&amp#27;[0m&amp#27;[32m█&amp#27;[0m&amp#27;[32m█&amp#27;[0m&amp#27;[32m█&amp#27;[0m&amp#27;[32m█&amp#27;[0m&amp#27;[32m█&amp#27;[0m&amp#27;[32m█&amp#27;[0m&amp#27;[32m█&amp#27;[0m&amp#27;[32m█&amp#27;[0m&amp#27;[32m█&amp#27;[0m&amp#27;[32m█&amp#27;[0m&amp#27;[32m░&amp#27;[0m&amp#27;[32m░&amp#27;[0m&amp#27;[32m░&amp#27;[0m&amp#27;[32m░&amp#27;[0m&amp#27;[32m░&amp#27;[0m&amp#27;[32m░&amp#27;[0m&amp#27;[32m░&amp#27;[0m&amp#27;[32m░&amp#27;[0m&amp#27;[32m░&amp#27;[0m&amp#27;[32m░&amp#27;[0m

]]></system-out>
  </testcase>
</testsuite>